[2023-11-30 13:33:17,015] {taskinstance.py:1037} INFO - Dependencies all met for <TaskInstance: our_first_dag_v3.second_task scheduled__2023-09-14T00:00:00+00:00 [queued]>
[2023-11-30 13:33:17,037] {taskinstance.py:1037} INFO - Dependencies all met for <TaskInstance: our_first_dag_v3.second_task scheduled__2023-09-14T00:00:00+00:00 [queued]>
[2023-11-30 13:33:17,038] {taskinstance.py:1243} INFO - 
--------------------------------------------------------------------------------
[2023-11-30 13:33:17,038] {taskinstance.py:1244} INFO - Starting attempt 1 of 6
[2023-11-30 13:33:17,039] {taskinstance.py:1245} INFO - 
--------------------------------------------------------------------------------
[2023-11-30 13:33:17,114] {taskinstance.py:1264} INFO - Executing <Task(BashOperator): second_task> on 2023-09-14 00:00:00+00:00
[2023-11-30 13:33:17,123] {standard_task_runner.py:52} INFO - Started process 5485 to run task
[2023-11-30 13:33:17,149] {standard_task_runner.py:76} INFO - Running: ['***', 'tasks', 'run', 'our_first_dag_v3', 'second_task', 'scheduled__2023-09-14T00:00:00+00:00', '--job-id', '395', '--raw', '--subdir', 'DAGS_FOLDER/our_first_dag.py', '--cfg-path', '/tmp/tmp5jomms1a', '--error-file', '/tmp/tmp0mc7eqjo']
[2023-11-30 13:33:17,151] {standard_task_runner.py:77} INFO - Job 395: Subtask second_task
[2023-11-30 13:33:17,337] {logging_mixin.py:109} INFO - Running <TaskInstance: our_first_dag_v3.second_task scheduled__2023-09-14T00:00:00+00:00 [running]> on host 08735726aeda
[2023-11-30 13:33:17,517] {taskinstance.py:1431} INFO - Exporting the following env vars:
AIRFLOW_CTX_DAG_OWNER=Ali
AIRFLOW_CTX_DAG_ID=our_first_dag_v3
AIRFLOW_CTX_TASK_ID=second_task
AIRFLOW_CTX_EXECUTION_DATE=2023-09-14T00:00:00+00:00
AIRFLOW_CTX_DAG_RUN_ID=scheduled__2023-09-14T00:00:00+00:00
[2023-11-30 13:33:17,519] {subprocess.py:62} INFO - Tmp dir root location: 
 /tmp
[2023-11-30 13:33:17,519] {subprocess.py:74} INFO - Running command: ['bash', '-c', 'echo hello world, this is the second task!']
[2023-11-30 13:33:17,535] {subprocess.py:85} INFO - Output:
[2023-11-30 13:33:17,541] {subprocess.py:89} INFO - hello world, this is the second task!
[2023-11-30 13:33:17,555] {subprocess.py:93} INFO - Command exited with return code 0
[2023-11-30 13:33:17,678] {taskinstance.py:1282} INFO - Marking task as SUCCESS. dag_id=our_first_dag_v3, task_id=second_task, execution_date=20230914T000000, start_date=20231130T133317, end_date=20231130T133317
[2023-11-30 13:33:17,749] {local_task_job.py:154} INFO - Task exited with return code 0
[2023-11-30 13:33:17,820] {local_task_job.py:264} INFO - 0 downstream tasks scheduled from follow-on schedule check
