[2023-12-04 13:57:45,923] {taskinstance.py:1037} INFO - Dependencies all met for <TaskInstance: dag_with_catchup_backfill_v01.task1 scheduled__2023-10-19T00:00:00+00:00 [queued]>
[2023-12-04 13:57:45,933] {taskinstance.py:1037} INFO - Dependencies all met for <TaskInstance: dag_with_catchup_backfill_v01.task1 scheduled__2023-10-19T00:00:00+00:00 [queued]>
[2023-12-04 13:57:45,933] {taskinstance.py:1243} INFO - 
--------------------------------------------------------------------------------
[2023-12-04 13:57:45,933] {taskinstance.py:1244} INFO - Starting attempt 1 of 6
[2023-12-04 13:57:45,933] {taskinstance.py:1245} INFO - 
--------------------------------------------------------------------------------
[2023-12-04 13:57:45,945] {taskinstance.py:1264} INFO - Executing <Task(BashOperator): task1> on 2023-10-19 00:00:00+00:00
[2023-12-04 13:57:45,948] {standard_task_runner.py:52} INFO - Started process 13605 to run task
[2023-12-04 13:57:45,950] {standard_task_runner.py:76} INFO - Running: ['***', 'tasks', 'run', 'dag_with_catchup_backfill_v01', 'task1', 'scheduled__2023-10-19T00:00:00+00:00', '--job-id', '2317', '--raw', '--subdir', 'DAGS_FOLDER/dag_with_catchup_and_backfill.py', '--cfg-path', '/tmp/tmpespk47ps', '--error-file', '/tmp/tmpoaihcl9_']
[2023-12-04 13:57:45,951] {standard_task_runner.py:77} INFO - Job 2317: Subtask task1
[2023-12-04 13:57:45,993] {logging_mixin.py:109} INFO - Running <TaskInstance: dag_with_catchup_backfill_v01.task1 scheduled__2023-10-19T00:00:00+00:00 [running]> on host 9953e82db65e
[2023-12-04 13:57:46,040] {taskinstance.py:1431} INFO - Exporting the following env vars:
AIRFLOW_CTX_DAG_OWNER=Ali
AIRFLOW_CTX_DAG_ID=dag_with_catchup_backfill_v01
AIRFLOW_CTX_TASK_ID=task1
AIRFLOW_CTX_EXECUTION_DATE=2023-10-19T00:00:00+00:00
AIRFLOW_CTX_DAG_RUN_ID=scheduled__2023-10-19T00:00:00+00:00
[2023-12-04 13:57:46,041] {subprocess.py:62} INFO - Tmp dir root location: 
 /tmp
[2023-12-04 13:57:46,042] {subprocess.py:74} INFO - Running command: ['bash', '-c', 'echo this is simple bash command']
[2023-12-04 13:57:46,048] {subprocess.py:85} INFO - Output:
[2023-12-04 13:57:46,049] {subprocess.py:89} INFO - this is simple bash command
[2023-12-04 13:57:46,050] {subprocess.py:93} INFO - Command exited with return code 0
[2023-12-04 13:57:46,069] {taskinstance.py:1282} INFO - Marking task as SUCCESS. dag_id=dag_with_catchup_backfill_v01, task_id=task1, execution_date=20231019T000000, start_date=20231204T135745, end_date=20231204T135746
[2023-12-04 13:57:46,122] {local_task_job.py:154} INFO - Task exited with return code 0
[2023-12-04 13:57:46,142] {local_task_job.py:264} INFO - 0 downstream tasks scheduled from follow-on schedule check
