[2023-11-30 14:51:50,736] {taskinstance.py:1037} INFO - Dependencies all met for <TaskInstance: our_dag_with_python_operator_v01.greet scheduled__2023-11-29T00:00:00+00:00 [queued]>
[2023-11-30 14:51:50,742] {taskinstance.py:1037} INFO - Dependencies all met for <TaskInstance: our_dag_with_python_operator_v01.greet scheduled__2023-11-29T00:00:00+00:00 [queued]>
[2023-11-30 14:51:50,743] {taskinstance.py:1243} INFO - 
--------------------------------------------------------------------------------
[2023-11-30 14:51:50,743] {taskinstance.py:1244} INFO - Starting attempt 1 of 6
[2023-11-30 14:51:50,743] {taskinstance.py:1245} INFO - 
--------------------------------------------------------------------------------
[2023-11-30 14:51:50,753] {taskinstance.py:1264} INFO - Executing <Task(PythonOperator): greet> on 2023-11-29 00:00:00+00:00
[2023-11-30 14:51:50,756] {standard_task_runner.py:52} INFO - Started process 15588 to run task
[2023-11-30 14:51:50,758] {standard_task_runner.py:76} INFO - Running: ['***', 'tasks', 'run', 'our_dag_with_python_operator_v01', 'greet', 'scheduled__2023-11-29T00:00:00+00:00', '--job-id', '621', '--raw', '--subdir', 'DAGS_FOLDER/create_dag_with_python_operator.py', '--cfg-path', '/tmp/tmpqsbo6i8o', '--error-file', '/tmp/tmpvyw_int9']
[2023-11-30 14:51:50,759] {standard_task_runner.py:77} INFO - Job 621: Subtask greet
[2023-11-30 14:51:50,799] {logging_mixin.py:109} INFO - Running <TaskInstance: our_dag_with_python_operator_v01.greet scheduled__2023-11-29T00:00:00+00:00 [running]> on host 08735726aeda
[2023-11-30 14:51:50,838] {taskinstance.py:1431} INFO - Exporting the following env vars:
AIRFLOW_CTX_DAG_OWNER=Ali
AIRFLOW_CTX_DAG_ID=our_dag_with_python_operator_v01
AIRFLOW_CTX_TASK_ID=greet
AIRFLOW_CTX_EXECUTION_DATE=2023-11-29T00:00:00+00:00
AIRFLOW_CTX_DAG_RUN_ID=scheduled__2023-11-29T00:00:00+00:00
[2023-11-30 14:51:50,839] {logging_mixin.py:109} INFO - Hello world
[2023-11-30 14:51:50,839] {python.py:175} INFO - Done. Returned value was: None
[2023-11-30 14:51:50,848] {taskinstance.py:1282} INFO - Marking task as SUCCESS. dag_id=our_dag_with_python_operator_v01, task_id=greet, execution_date=20231129T000000, start_date=20231130T145150, end_date=20231130T145150
[2023-11-30 14:51:50,893] {local_task_job.py:154} INFO - Task exited with return code 0
[2023-11-30 14:51:50,915] {local_task_job.py:264} INFO - 0 downstream tasks scheduled from follow-on schedule check
