[2023-12-04 13:40:23,717] {taskinstance.py:1037} INFO - Dependencies all met for <TaskInstance: dag_with_taskflow_api_v02.get_name scheduled__2022-08-17T00:00:00+00:00 [queued]>
[2023-12-04 13:40:23,741] {taskinstance.py:1037} INFO - Dependencies all met for <TaskInstance: dag_with_taskflow_api_v02.get_name scheduled__2022-08-17T00:00:00+00:00 [queued]>
[2023-12-04 13:40:23,742] {taskinstance.py:1243} INFO - 
--------------------------------------------------------------------------------
[2023-12-04 13:40:23,742] {taskinstance.py:1244} INFO - Starting attempt 1 of 6
[2023-12-04 13:40:23,742] {taskinstance.py:1245} INFO - 
--------------------------------------------------------------------------------
[2023-12-04 13:40:23,788] {taskinstance.py:1264} INFO - Executing <Task(_PythonDecoratedOperator): get_name> on 2022-08-17 00:00:00+00:00
[2023-12-04 13:40:23,793] {standard_task_runner.py:52} INFO - Started process 10339 to run task
[2023-12-04 13:40:23,801] {standard_task_runner.py:76} INFO - Running: ['***', 'tasks', 'run', 'dag_with_taskflow_api_v02', 'get_name', 'scheduled__2022-08-17T00:00:00+00:00', '--job-id', '1432', '--raw', '--subdir', 'DAGS_FOLDER/dag_with_taskflow_api.py', '--cfg-path', '/tmp/tmp9xtg7b6n', '--error-file', '/tmp/tmpfcerpejy']
[2023-12-04 13:40:23,803] {standard_task_runner.py:77} INFO - Job 1432: Subtask get_name
[2023-12-04 13:40:23,919] {logging_mixin.py:109} INFO - Running <TaskInstance: dag_with_taskflow_api_v02.get_name scheduled__2022-08-17T00:00:00+00:00 [running]> on host 9953e82db65e
[2023-12-04 13:40:24,030] {taskinstance.py:1431} INFO - Exporting the following env vars:
AIRFLOW_CTX_DAG_OWNER=Ali
AIRFLOW_CTX_DAG_ID=dag_with_taskflow_api_v02
AIRFLOW_CTX_TASK_ID=get_name
AIRFLOW_CTX_EXECUTION_DATE=2022-08-17T00:00:00+00:00
AIRFLOW_CTX_DAG_RUN_ID=scheduled__2022-08-17T00:00:00+00:00
[2023-12-04 13:40:24,031] {python.py:175} INFO - Done. Returned value was: {'first_name': 'Ali', 'last_name': 'Mokh'}
[2023-12-04 13:40:24,094] {taskinstance.py:1282} INFO - Marking task as SUCCESS. dag_id=dag_with_taskflow_api_v02, task_id=get_name, execution_date=20220817T000000, start_date=20231204T134023, end_date=20231204T134024
[2023-12-04 13:40:24,137] {local_task_job.py:154} INFO - Task exited with return code 0
[2023-12-04 13:40:24,248] {local_task_job.py:264} INFO - 1 downstream tasks scheduled from follow-on schedule check
