[2023-12-04 13:36:09,585] {taskinstance.py:1037} INFO - Dependencies all met for <TaskInstance: dag_with_taskflow_api.get_age scheduled__2022-05-05T00:00:00+00:00 [queued]>
[2023-12-04 13:36:09,600] {taskinstance.py:1037} INFO - Dependencies all met for <TaskInstance: dag_with_taskflow_api.get_age scheduled__2022-05-05T00:00:00+00:00 [queued]>
[2023-12-04 13:36:09,600] {taskinstance.py:1243} INFO - 
--------------------------------------------------------------------------------
[2023-12-04 13:36:09,600] {taskinstance.py:1244} INFO - Starting attempt 1 of 6
[2023-12-04 13:36:09,600] {taskinstance.py:1245} INFO - 
--------------------------------------------------------------------------------
[2023-12-04 13:36:09,640] {taskinstance.py:1264} INFO - Executing <Task(_PythonDecoratedOperator): get_age> on 2022-05-05 00:00:00+00:00
[2023-12-04 13:36:09,643] {standard_task_runner.py:52} INFO - Started process 8042 to run task
[2023-12-04 13:36:09,649] {standard_task_runner.py:76} INFO - Running: ['***', 'tasks', 'run', 'dag_with_taskflow_api', 'get_age', 'scheduled__2022-05-05T00:00:00+00:00', '--job-id', '439', '--raw', '--subdir', 'DAGS_FOLDER/dag_with_taskflow_api.py', '--cfg-path', '/tmp/tmp1looc4za', '--error-file', '/tmp/tmpe1d4syt1']
[2023-12-04 13:36:09,658] {standard_task_runner.py:77} INFO - Job 439: Subtask get_age
[2023-12-04 13:36:09,805] {logging_mixin.py:109} INFO - Running <TaskInstance: dag_with_taskflow_api.get_age scheduled__2022-05-05T00:00:00+00:00 [running]> on host 9953e82db65e
[2023-12-04 13:36:09,934] {taskinstance.py:1431} INFO - Exporting the following env vars:
AIRFLOW_CTX_DAG_OWNER=Ali
AIRFLOW_CTX_DAG_ID=dag_with_taskflow_api
AIRFLOW_CTX_TASK_ID=get_age
AIRFLOW_CTX_EXECUTION_DATE=2022-05-05T00:00:00+00:00
AIRFLOW_CTX_DAG_RUN_ID=scheduled__2022-05-05T00:00:00+00:00
[2023-12-04 13:36:09,935] {python.py:175} INFO - Done. Returned value was: 30
[2023-12-04 13:36:09,990] {taskinstance.py:1282} INFO - Marking task as SUCCESS. dag_id=dag_with_taskflow_api, task_id=get_age, execution_date=20220505T000000, start_date=20231204T133609, end_date=20231204T133609
[2023-12-04 13:36:10,038] {local_task_job.py:154} INFO - Task exited with return code 0
[2023-12-04 13:36:10,093] {local_task_job.py:264} INFO - 1 downstream tasks scheduled from follow-on schedule check
