[2023-11-30 12:36:36,182] {taskinstance.py:1037} INFO - Dependencies all met for <TaskInstance: our_first_dag.first_task scheduled__2023-11-13T00:00:00+00:00 [queued]>
[2023-11-30 12:36:36,208] {taskinstance.py:1037} INFO - Dependencies all met for <TaskInstance: our_first_dag.first_task scheduled__2023-11-13T00:00:00+00:00 [queued]>
[2023-11-30 12:36:36,210] {taskinstance.py:1243} INFO - 
--------------------------------------------------------------------------------
[2023-11-30 12:36:36,210] {taskinstance.py:1244} INFO - Starting attempt 1 of 6
[2023-11-30 12:36:36,210] {taskinstance.py:1245} INFO - 
--------------------------------------------------------------------------------
[2023-11-30 12:36:36,261] {taskinstance.py:1264} INFO - Executing <Task(BashOperator): first_task> on 2023-11-13 00:00:00+00:00
[2023-11-30 12:36:36,274] {standard_task_runner.py:52} INFO - Started process 84883 to run task
[2023-11-30 12:36:36,272] {standard_task_runner.py:76} INFO - Running: ['***', 'tasks', 'run', 'our_first_dag', 'first_task', 'scheduled__2023-11-13T00:00:00+00:00', '--job-id', '125', '--raw', '--subdir', 'DAGS_FOLDER/our_first_dag.py', '--cfg-path', '/tmp/tmp779whufq', '--error-file', '/tmp/tmpw42ehcgk']
[2023-11-30 12:36:36,276] {standard_task_runner.py:77} INFO - Job 125: Subtask first_task
[2023-11-30 12:36:36,439] {logging_mixin.py:109} INFO - Running <TaskInstance: our_first_dag.first_task scheduled__2023-11-13T00:00:00+00:00 [running]> on host 6a46d673723a
[2023-11-30 12:36:36,630] {taskinstance.py:1431} INFO - Exporting the following env vars:
AIRFLOW_CTX_DAG_OWNER=Ali
AIRFLOW_CTX_DAG_ID=our_first_dag
AIRFLOW_CTX_TASK_ID=first_task
AIRFLOW_CTX_EXECUTION_DATE=2023-11-13T00:00:00+00:00
AIRFLOW_CTX_DAG_RUN_ID=scheduled__2023-11-13T00:00:00+00:00
[2023-11-30 12:36:36,632] {subprocess.py:62} INFO - Tmp dir root location: 
 /tmp
[2023-11-30 12:36:36,633] {subprocess.py:74} INFO - Running command: ['bash', '-c', 'echo hello world, this is the first task!']
[2023-11-30 12:36:36,655] {subprocess.py:85} INFO - Output:
[2023-11-30 12:36:36,671] {subprocess.py:89} INFO - hello world, this is the first task!
[2023-11-30 12:36:36,673] {subprocess.py:93} INFO - Command exited with return code 0
[2023-11-30 12:36:36,781] {taskinstance.py:1282} INFO - Marking task as SUCCESS. dag_id=our_first_dag, task_id=first_task, execution_date=20231113T000000, start_date=20231130T123636, end_date=20231130T123636
[2023-11-30 12:36:36,872] {local_task_job.py:154} INFO - Task exited with return code 0
[2023-11-30 12:36:37,119] {local_task_job.py:264} INFO - 0 downstream tasks scheduled from follow-on schedule check
