[2023-11-30 13:29:52,167] {taskinstance.py:1037} INFO - Dependencies all met for <TaskInstance: our_first_dag_v2.first_task scheduled__2023-11-22T00:00:00+00:00 [queued]>
[2023-11-30 13:29:52,207] {taskinstance.py:1037} INFO - Dependencies all met for <TaskInstance: our_first_dag_v2.first_task scheduled__2023-11-22T00:00:00+00:00 [queued]>
[2023-11-30 13:29:52,208] {taskinstance.py:1243} INFO - 
--------------------------------------------------------------------------------
[2023-11-30 13:29:52,208] {taskinstance.py:1244} INFO - Starting attempt 1 of 6
[2023-11-30 13:29:52,208] {taskinstance.py:1245} INFO - 
--------------------------------------------------------------------------------
[2023-11-30 13:29:52,280] {taskinstance.py:1264} INFO - Executing <Task(BashOperator): first_task> on 2023-11-22 00:00:00+00:00
[2023-11-30 13:29:52,287] {standard_task_runner.py:52} INFO - Started process 3750 to run task
[2023-11-30 13:29:52,297] {standard_task_runner.py:76} INFO - Running: ['***', 'tasks', 'run', 'our_first_dag_v2', 'first_task', 'scheduled__2023-11-22T00:00:00+00:00', '--job-id', '228', '--raw', '--subdir', 'DAGS_FOLDER/our_first_dag.py', '--cfg-path', '/tmp/tmpe9rimelx', '--error-file', '/tmp/tmpnzr6da69']
[2023-11-30 13:29:52,301] {standard_task_runner.py:77} INFO - Job 228: Subtask first_task
[2023-11-30 13:29:52,452] {logging_mixin.py:109} INFO - Running <TaskInstance: our_first_dag_v2.first_task scheduled__2023-11-22T00:00:00+00:00 [running]> on host 08735726aeda
[2023-11-30 13:29:52,651] {taskinstance.py:1431} INFO - Exporting the following env vars:
AIRFLOW_CTX_DAG_OWNER=Ali
AIRFLOW_CTX_DAG_ID=our_first_dag_v2
AIRFLOW_CTX_TASK_ID=first_task
AIRFLOW_CTX_EXECUTION_DATE=2023-11-22T00:00:00+00:00
AIRFLOW_CTX_DAG_RUN_ID=scheduled__2023-11-22T00:00:00+00:00
[2023-11-30 13:29:52,652] {subprocess.py:62} INFO - Tmp dir root location: 
 /tmp
[2023-11-30 13:29:52,653] {subprocess.py:74} INFO - Running command: ['bash', '-c', 'echo hello world, this is the first task!']
[2023-11-30 13:29:52,676] {subprocess.py:85} INFO - Output:
[2023-11-30 13:29:52,677] {subprocess.py:89} INFO - hello world, this is the first task!
[2023-11-30 13:29:52,677] {subprocess.py:93} INFO - Command exited with return code 0
[2023-11-30 13:29:52,731] {taskinstance.py:1282} INFO - Marking task as SUCCESS. dag_id=our_first_dag_v2, task_id=first_task, execution_date=20231122T000000, start_date=20231130T132952, end_date=20231130T132952
[2023-11-30 13:29:52,809] {local_task_job.py:154} INFO - Task exited with return code 0
[2023-11-30 13:29:52,883] {local_task_job.py:264} INFO - 1 downstream tasks scheduled from follow-on schedule check
