[2023-11-30 12:35:26,870] {taskinstance.py:1037} INFO - Dependencies all met for <TaskInstance: our_first_dag.first_task manual__2023-11-30T12:35:24.931867+00:00 [queued]>
[2023-11-30 12:35:26,903] {taskinstance.py:1037} INFO - Dependencies all met for <TaskInstance: our_first_dag.first_task manual__2023-11-30T12:35:24.931867+00:00 [queued]>
[2023-11-30 12:35:26,903] {taskinstance.py:1243} INFO - 
--------------------------------------------------------------------------------
[2023-11-30 12:35:26,903] {taskinstance.py:1244} INFO - Starting attempt 1 of 6
[2023-11-30 12:35:26,903] {taskinstance.py:1245} INFO - 
--------------------------------------------------------------------------------
[2023-11-30 12:35:26,960] {taskinstance.py:1264} INFO - Executing <Task(BashOperator): first_task> on 2023-11-30 12:35:24.931867+00:00
[2023-11-30 12:35:26,976] {standard_task_runner.py:52} INFO - Started process 84148 to run task
[2023-11-30 12:35:26,981] {standard_task_runner.py:76} INFO - Running: ['***', 'tasks', 'run', 'our_first_dag', 'first_task', 'manual__2023-11-30T12:35:24.931867+00:00', '--job-id', '32', '--raw', '--subdir', 'DAGS_FOLDER/our_first_dag.py', '--cfg-path', '/tmp/tmp6jfgwlyb', '--error-file', '/tmp/tmpkwya5cz9']
[2023-11-30 12:35:26,983] {standard_task_runner.py:77} INFO - Job 32: Subtask first_task
[2023-11-30 12:35:27,470] {logging_mixin.py:109} INFO - Running <TaskInstance: our_first_dag.first_task manual__2023-11-30T12:35:24.931867+00:00 [running]> on host 6a46d673723a
[2023-11-30 12:35:27,702] {taskinstance.py:1431} INFO - Exporting the following env vars:
AIRFLOW_CTX_DAG_OWNER=Ali
AIRFLOW_CTX_DAG_ID=our_first_dag
AIRFLOW_CTX_TASK_ID=first_task
AIRFLOW_CTX_EXECUTION_DATE=2023-11-30T12:35:24.931867+00:00
AIRFLOW_CTX_DAG_RUN_ID=manual__2023-11-30T12:35:24.931867+00:00
[2023-11-30 12:35:27,703] {subprocess.py:62} INFO - Tmp dir root location: 
 /tmp
[2023-11-30 12:35:27,704] {subprocess.py:74} INFO - Running command: ['bash', '-c', 'echo hello world, this is the first task!']
[2023-11-30 12:35:27,727] {subprocess.py:85} INFO - Output:
[2023-11-30 12:35:27,732] {subprocess.py:89} INFO - hello world, this is the first task!
[2023-11-30 12:35:27,733] {subprocess.py:93} INFO - Command exited with return code 0
[2023-11-30 12:35:27,874] {taskinstance.py:1282} INFO - Marking task as SUCCESS. dag_id=our_first_dag, task_id=first_task, execution_date=20231130T123524, start_date=20231130T123526, end_date=20231130T123527
[2023-11-30 12:35:27,955] {local_task_job.py:154} INFO - Task exited with return code 0
[2023-11-30 12:35:28,016] {local_task_job.py:264} INFO - 0 downstream tasks scheduled from follow-on schedule check
