[2023-11-30 13:33:06,608] {taskinstance.py:1037} INFO - Dependencies all met for <TaskInstance: our_first_dag_v3.first_task scheduled__2023-08-31T00:00:00+00:00 [queued]>
[2023-11-30 13:33:06,620] {taskinstance.py:1037} INFO - Dependencies all met for <TaskInstance: our_first_dag_v3.first_task scheduled__2023-08-31T00:00:00+00:00 [queued]>
[2023-11-30 13:33:06,620] {taskinstance.py:1243} INFO - 
--------------------------------------------------------------------------------
[2023-11-30 13:33:06,620] {taskinstance.py:1244} INFO - Starting attempt 1 of 6
[2023-11-30 13:33:06,620] {taskinstance.py:1245} INFO - 
--------------------------------------------------------------------------------
[2023-11-30 13:33:06,635] {taskinstance.py:1264} INFO - Executing <Task(BashOperator): first_task> on 2023-08-31 00:00:00+00:00
[2023-11-30 13:33:06,640] {standard_task_runner.py:52} INFO - Started process 5282 to run task
[2023-11-30 13:33:06,645] {standard_task_runner.py:76} INFO - Running: ['***', 'tasks', 'run', 'our_first_dag_v3', 'first_task', 'scheduled__2023-08-31T00:00:00+00:00', '--job-id', '346', '--raw', '--subdir', 'DAGS_FOLDER/our_first_dag.py', '--cfg-path', '/tmp/tmpf4kvbe56', '--error-file', '/tmp/tmpoya1msfc']
[2023-11-30 13:33:06,646] {standard_task_runner.py:77} INFO - Job 346: Subtask first_task
[2023-11-30 13:33:06,719] {logging_mixin.py:109} INFO - Running <TaskInstance: our_first_dag_v3.first_task scheduled__2023-08-31T00:00:00+00:00 [running]> on host 08735726aeda
[2023-11-30 13:33:06,799] {taskinstance.py:1431} INFO - Exporting the following env vars:
AIRFLOW_CTX_DAG_OWNER=Ali
AIRFLOW_CTX_DAG_ID=our_first_dag_v3
AIRFLOW_CTX_TASK_ID=first_task
AIRFLOW_CTX_EXECUTION_DATE=2023-08-31T00:00:00+00:00
AIRFLOW_CTX_DAG_RUN_ID=scheduled__2023-08-31T00:00:00+00:00
[2023-11-30 13:33:06,800] {subprocess.py:62} INFO - Tmp dir root location: 
 /tmp
[2023-11-30 13:33:06,801] {subprocess.py:74} INFO - Running command: ['bash', '-c', 'echo hello world, this is the first task!']
[2023-11-30 13:33:06,812] {subprocess.py:85} INFO - Output:
[2023-11-30 13:33:06,814] {subprocess.py:89} INFO - hello world, this is the first task!
[2023-11-30 13:33:06,814] {subprocess.py:93} INFO - Command exited with return code 0
[2023-11-30 13:33:06,913] {taskinstance.py:1282} INFO - Marking task as SUCCESS. dag_id=our_first_dag_v3, task_id=first_task, execution_date=20230831T000000, start_date=20231130T133306, end_date=20231130T133306
[2023-11-30 13:33:06,944] {local_task_job.py:154} INFO - Task exited with return code 0
[2023-11-30 13:33:06,991] {local_task_job.py:264} INFO - 2 downstream tasks scheduled from follow-on schedule check
