[2023-12-04 13:36:25,557] {taskinstance.py:1037} INFO - Dependencies all met for <TaskInstance: dag_with_taskflow_api.get_name scheduled__2022-05-30T00:00:00+00:00 [queued]>
[2023-12-04 13:36:25,575] {taskinstance.py:1037} INFO - Dependencies all met for <TaskInstance: dag_with_taskflow_api.get_name scheduled__2022-05-30T00:00:00+00:00 [queued]>
[2023-12-04 13:36:25,575] {taskinstance.py:1243} INFO - 
--------------------------------------------------------------------------------
[2023-12-04 13:36:25,575] {taskinstance.py:1244} INFO - Starting attempt 1 of 6
[2023-12-04 13:36:25,575] {taskinstance.py:1245} INFO - 
--------------------------------------------------------------------------------
[2023-12-04 13:36:25,605] {taskinstance.py:1264} INFO - Executing <Task(_PythonDecoratedOperator): get_name> on 2022-05-30 00:00:00+00:00
[2023-12-04 13:36:25,609] {standard_task_runner.py:52} INFO - Started process 8213 to run task
[2023-12-04 13:36:25,619] {standard_task_runner.py:76} INFO - Running: ['***', 'tasks', 'run', 'dag_with_taskflow_api', 'get_name', 'scheduled__2022-05-30T00:00:00+00:00', '--job-id', '514', '--raw', '--subdir', 'DAGS_FOLDER/dag_with_taskflow_api.py', '--cfg-path', '/tmp/tmpyruzev7e', '--error-file', '/tmp/tmputj1qnbz']
[2023-12-04 13:36:25,620] {standard_task_runner.py:77} INFO - Job 514: Subtask get_name
[2023-12-04 13:36:25,717] {logging_mixin.py:109} INFO - Running <TaskInstance: dag_with_taskflow_api.get_name scheduled__2022-05-30T00:00:00+00:00 [running]> on host 9953e82db65e
[2023-12-04 13:36:25,846] {taskinstance.py:1431} INFO - Exporting the following env vars:
AIRFLOW_CTX_DAG_OWNER=Ali
AIRFLOW_CTX_DAG_ID=dag_with_taskflow_api
AIRFLOW_CTX_TASK_ID=get_name
AIRFLOW_CTX_EXECUTION_DATE=2022-05-30T00:00:00+00:00
AIRFLOW_CTX_DAG_RUN_ID=scheduled__2022-05-30T00:00:00+00:00
[2023-12-04 13:36:25,847] {python.py:175} INFO - Done. Returned value was: Ali
[2023-12-04 13:36:25,883] {taskinstance.py:1282} INFO - Marking task as SUCCESS. dag_id=dag_with_taskflow_api, task_id=get_name, execution_date=20220530T000000, start_date=20231204T133625, end_date=20231204T133625
[2023-12-04 13:36:25,953] {local_task_job.py:154} INFO - Task exited with return code 0
[2023-12-04 13:36:25,996] {local_task_job.py:264} INFO - 1 downstream tasks scheduled from follow-on schedule check
