[2023-11-30 12:35:24,623] {taskinstance.py:1037} INFO - Dependencies all met for <TaskInstance: our_first_dag.first_task scheduled__2023-08-07T00:00:00+00:00 [queued]>
[2023-11-30 12:35:24,648] {taskinstance.py:1037} INFO - Dependencies all met for <TaskInstance: our_first_dag.first_task scheduled__2023-08-07T00:00:00+00:00 [queued]>
[2023-11-30 12:35:24,649] {taskinstance.py:1243} INFO - 
--------------------------------------------------------------------------------
[2023-11-30 12:35:24,649] {taskinstance.py:1244} INFO - Starting attempt 1 of 6
[2023-11-30 12:35:24,649] {taskinstance.py:1245} INFO - 
--------------------------------------------------------------------------------
[2023-11-30 12:35:24,686] {taskinstance.py:1264} INFO - Executing <Task(BashOperator): first_task> on 2023-08-07 00:00:00+00:00
[2023-11-30 12:35:24,692] {standard_task_runner.py:52} INFO - Started process 84134 to run task
[2023-11-30 12:35:24,699] {standard_task_runner.py:76} INFO - Running: ['***', 'tasks', 'run', 'our_first_dag', 'first_task', 'scheduled__2023-08-07T00:00:00+00:00', '--job-id', '26', '--raw', '--subdir', 'DAGS_FOLDER/our_first_dag.py', '--cfg-path', '/tmp/tmpb0edl69l', '--error-file', '/tmp/tmp5vt0vg3j']
[2023-11-30 12:35:24,702] {standard_task_runner.py:77} INFO - Job 26: Subtask first_task
[2023-11-30 12:35:24,882] {logging_mixin.py:109} INFO - Running <TaskInstance: our_first_dag.first_task scheduled__2023-08-07T00:00:00+00:00 [running]> on host 6a46d673723a
[2023-11-30 12:35:25,224] {taskinstance.py:1431} INFO - Exporting the following env vars:
AIRFLOW_CTX_DAG_OWNER=Ali
AIRFLOW_CTX_DAG_ID=our_first_dag
AIRFLOW_CTX_TASK_ID=first_task
AIRFLOW_CTX_EXECUTION_DATE=2023-08-07T00:00:00+00:00
AIRFLOW_CTX_DAG_RUN_ID=scheduled__2023-08-07T00:00:00+00:00
[2023-11-30 12:35:25,226] {subprocess.py:62} INFO - Tmp dir root location: 
 /tmp
[2023-11-30 12:35:25,228] {subprocess.py:74} INFO - Running command: ['bash', '-c', 'echo hello world, this is the first task!']
[2023-11-30 12:35:25,272] {subprocess.py:85} INFO - Output:
[2023-11-30 12:35:25,273] {subprocess.py:89} INFO - hello world, this is the first task!
[2023-11-30 12:35:25,281] {subprocess.py:93} INFO - Command exited with return code 0
[2023-11-30 12:35:25,674] {taskinstance.py:1282} INFO - Marking task as SUCCESS. dag_id=our_first_dag, task_id=first_task, execution_date=20230807T000000, start_date=20231130T123524, end_date=20231130T123525
[2023-11-30 12:35:25,731] {local_task_job.py:154} INFO - Task exited with return code 0
[2023-11-30 12:35:25,852] {local_task_job.py:264} INFO - 0 downstream tasks scheduled from follow-on schedule check
