[2023-11-30 13:33:39,849] {taskinstance.py:1037} INFO - Dependencies all met for <TaskInstance: our_first_dag_v3.first_task scheduled__2023-10-16T00:00:00+00:00 [queued]>
[2023-11-30 13:33:39,857] {taskinstance.py:1037} INFO - Dependencies all met for <TaskInstance: our_first_dag_v3.first_task scheduled__2023-10-16T00:00:00+00:00 [queued]>
[2023-11-30 13:33:39,857] {taskinstance.py:1243} INFO - 
--------------------------------------------------------------------------------
[2023-11-30 13:33:39,857] {taskinstance.py:1244} INFO - Starting attempt 1 of 6
[2023-11-30 13:33:39,857] {taskinstance.py:1245} INFO - 
--------------------------------------------------------------------------------
[2023-11-30 13:33:39,870] {taskinstance.py:1264} INFO - Executing <Task(BashOperator): first_task> on 2023-10-16 00:00:00+00:00
[2023-11-30 13:33:39,874] {standard_task_runner.py:52} INFO - Started process 5887 to run task
[2023-11-30 13:33:39,877] {standard_task_runner.py:76} INFO - Running: ['***', 'tasks', 'run', 'our_first_dag_v3', 'first_task', 'scheduled__2023-10-16T00:00:00+00:00', '--job-id', '484', '--raw', '--subdir', 'DAGS_FOLDER/our_first_dag.py', '--cfg-path', '/tmp/tmpt4z4t6vn', '--error-file', '/tmp/tmpbari2oft']
[2023-11-30 13:33:39,877] {standard_task_runner.py:77} INFO - Job 484: Subtask first_task
[2023-11-30 13:33:39,921] {logging_mixin.py:109} INFO - Running <TaskInstance: our_first_dag_v3.first_task scheduled__2023-10-16T00:00:00+00:00 [running]> on host 08735726aeda
[2023-11-30 13:33:39,966] {taskinstance.py:1431} INFO - Exporting the following env vars:
AIRFLOW_CTX_DAG_OWNER=Ali
AIRFLOW_CTX_DAG_ID=our_first_dag_v3
AIRFLOW_CTX_TASK_ID=first_task
AIRFLOW_CTX_EXECUTION_DATE=2023-10-16T00:00:00+00:00
AIRFLOW_CTX_DAG_RUN_ID=scheduled__2023-10-16T00:00:00+00:00
[2023-11-30 13:33:39,967] {subprocess.py:62} INFO - Tmp dir root location: 
 /tmp
[2023-11-30 13:33:39,968] {subprocess.py:74} INFO - Running command: ['bash', '-c', 'echo hello world, this is the first task!']
[2023-11-30 13:33:39,976] {subprocess.py:85} INFO - Output:
[2023-11-30 13:33:39,977] {subprocess.py:89} INFO - hello world, this is the first task!
[2023-11-30 13:33:39,978] {subprocess.py:93} INFO - Command exited with return code 0
[2023-11-30 13:33:39,999] {taskinstance.py:1282} INFO - Marking task as SUCCESS. dag_id=our_first_dag_v3, task_id=first_task, execution_date=20231016T000000, start_date=20231130T133339, end_date=20231130T133339
[2023-11-30 13:33:40,050] {local_task_job.py:154} INFO - Task exited with return code 0
[2023-11-30 13:33:40,113] {local_task_job.py:264} INFO - 0 downstream tasks scheduled from follow-on schedule check
