[2023-11-30 13:28:32,571] {taskinstance.py:1037} INFO - Dependencies all met for <TaskInstance: our_first_dag_v2.first_task scheduled__2023-08-03T00:00:00+00:00 [queued]>
[2023-11-30 13:28:32,590] {taskinstance.py:1037} INFO - Dependencies all met for <TaskInstance: our_first_dag_v2.first_task scheduled__2023-08-03T00:00:00+00:00 [queued]>
[2023-11-30 13:28:32,590] {taskinstance.py:1243} INFO - 
--------------------------------------------------------------------------------
[2023-11-30 13:28:32,590] {taskinstance.py:1244} INFO - Starting attempt 1 of 6
[2023-11-30 13:28:32,590] {taskinstance.py:1245} INFO - 
--------------------------------------------------------------------------------
[2023-11-30 13:28:32,643] {taskinstance.py:1264} INFO - Executing <Task(BashOperator): first_task> on 2023-08-03 00:00:00+00:00
[2023-11-30 13:28:32,649] {standard_task_runner.py:52} INFO - Started process 2579 to run task
[2023-11-30 13:28:32,658] {standard_task_runner.py:76} INFO - Running: ['***', 'tasks', 'run', 'our_first_dag_v2', 'first_task', 'scheduled__2023-08-03T00:00:00+00:00', '--job-id', '7', '--raw', '--subdir', 'DAGS_FOLDER/our_first_dag.py', '--cfg-path', '/tmp/tmphtvux2b0', '--error-file', '/tmp/tmpu_penzi5']
[2023-11-30 13:28:32,660] {standard_task_runner.py:77} INFO - Job 7: Subtask first_task
[2023-11-30 13:28:32,772] {logging_mixin.py:109} INFO - Running <TaskInstance: our_first_dag_v2.first_task scheduled__2023-08-03T00:00:00+00:00 [running]> on host 08735726aeda
[2023-11-30 13:28:32,866] {taskinstance.py:1431} INFO - Exporting the following env vars:
AIRFLOW_CTX_DAG_OWNER=Ali
AIRFLOW_CTX_DAG_ID=our_first_dag_v2
AIRFLOW_CTX_TASK_ID=first_task
AIRFLOW_CTX_EXECUTION_DATE=2023-08-03T00:00:00+00:00
AIRFLOW_CTX_DAG_RUN_ID=scheduled__2023-08-03T00:00:00+00:00
[2023-11-30 13:28:32,867] {subprocess.py:62} INFO - Tmp dir root location: 
 /tmp
[2023-11-30 13:28:32,868] {subprocess.py:74} INFO - Running command: ['bash', '-c', 'echo hello world, this is the first task!']
[2023-11-30 13:28:32,881] {subprocess.py:85} INFO - Output:
[2023-11-30 13:28:32,883] {subprocess.py:89} INFO - hello world, this is the first task!
[2023-11-30 13:28:32,884] {subprocess.py:93} INFO - Command exited with return code 0
[2023-11-30 13:28:32,932] {taskinstance.py:1282} INFO - Marking task as SUCCESS. dag_id=our_first_dag_v2, task_id=first_task, execution_date=20230803T000000, start_date=20231130T132832, end_date=20231130T132832
[2023-11-30 13:28:33,001] {local_task_job.py:154} INFO - Task exited with return code 0
[2023-11-30 13:28:33,098] {local_task_job.py:264} INFO - 1 downstream tasks scheduled from follow-on schedule check
