[2023-12-04 13:40:18,211] {taskinstance.py:1037} INFO - Dependencies all met for <TaskInstance: dag_with_taskflow_api_v02.get_name scheduled__2022-08-09T00:00:00+00:00 [queued]>
[2023-12-04 13:40:18,229] {taskinstance.py:1037} INFO - Dependencies all met for <TaskInstance: dag_with_taskflow_api_v02.get_name scheduled__2022-08-09T00:00:00+00:00 [queued]>
[2023-12-04 13:40:18,229] {taskinstance.py:1243} INFO - 
--------------------------------------------------------------------------------
[2023-12-04 13:40:18,229] {taskinstance.py:1244} INFO - Starting attempt 1 of 6
[2023-12-04 13:40:18,230] {taskinstance.py:1245} INFO - 
--------------------------------------------------------------------------------
[2023-12-04 13:40:18,257] {taskinstance.py:1264} INFO - Executing <Task(_PythonDecoratedOperator): get_name> on 2022-08-09 00:00:00+00:00
[2023-12-04 13:40:18,260] {standard_task_runner.py:52} INFO - Started process 10292 to run task
[2023-12-04 13:40:18,264] {standard_task_runner.py:76} INFO - Running: ['***', 'tasks', 'run', 'dag_with_taskflow_api_v02', 'get_name', 'scheduled__2022-08-09T00:00:00+00:00', '--job-id', '1411', '--raw', '--subdir', 'DAGS_FOLDER/dag_with_taskflow_api.py', '--cfg-path', '/tmp/tmp7x6hcw8o', '--error-file', '/tmp/tmpq98z46s9']
[2023-12-04 13:40:18,265] {standard_task_runner.py:77} INFO - Job 1411: Subtask get_name
[2023-12-04 13:40:18,362] {logging_mixin.py:109} INFO - Running <TaskInstance: dag_with_taskflow_api_v02.get_name scheduled__2022-08-09T00:00:00+00:00 [running]> on host 9953e82db65e
[2023-12-04 13:40:18,470] {taskinstance.py:1431} INFO - Exporting the following env vars:
AIRFLOW_CTX_DAG_OWNER=Ali
AIRFLOW_CTX_DAG_ID=dag_with_taskflow_api_v02
AIRFLOW_CTX_TASK_ID=get_name
AIRFLOW_CTX_EXECUTION_DATE=2022-08-09T00:00:00+00:00
AIRFLOW_CTX_DAG_RUN_ID=scheduled__2022-08-09T00:00:00+00:00
[2023-12-04 13:40:18,471] {python.py:175} INFO - Done. Returned value was: {'first_name': 'Ali', 'last_name': 'Mokh'}
[2023-12-04 13:40:18,579] {taskinstance.py:1282} INFO - Marking task as SUCCESS. dag_id=dag_with_taskflow_api_v02, task_id=get_name, execution_date=20220809T000000, start_date=20231204T134018, end_date=20231204T134018
[2023-12-04 13:40:18,643] {local_task_job.py:154} INFO - Task exited with return code 0
[2023-12-04 13:40:18,707] {local_task_job.py:264} INFO - 1 downstream tasks scheduled from follow-on schedule check
