[2023-11-30 13:28:48,901] {taskinstance.py:1037} INFO - Dependencies all met for <TaskInstance: our_first_dag_v2.first_task scheduled__2023-08-25T00:00:00+00:00 [queued]>
[2023-11-30 13:28:48,916] {taskinstance.py:1037} INFO - Dependencies all met for <TaskInstance: our_first_dag_v2.first_task scheduled__2023-08-25T00:00:00+00:00 [queued]>
[2023-11-30 13:28:48,917] {taskinstance.py:1243} INFO - 
--------------------------------------------------------------------------------
[2023-11-30 13:28:48,917] {taskinstance.py:1244} INFO - Starting attempt 1 of 6
[2023-11-30 13:28:48,917] {taskinstance.py:1245} INFO - 
--------------------------------------------------------------------------------
[2023-11-30 13:28:48,936] {taskinstance.py:1264} INFO - Executing <Task(BashOperator): first_task> on 2023-08-25 00:00:00+00:00
[2023-11-30 13:28:48,943] {standard_task_runner.py:52} INFO - Started process 2828 to run task
[2023-11-30 13:28:48,946] {standard_task_runner.py:76} INFO - Running: ['***', 'tasks', 'run', 'our_first_dag_v2', 'first_task', 'scheduled__2023-08-25T00:00:00+00:00', '--job-id', '55', '--raw', '--subdir', 'DAGS_FOLDER/our_first_dag.py', '--cfg-path', '/tmp/tmp5dlkno04', '--error-file', '/tmp/tmp9o10g3oz']
[2023-11-30 13:28:48,947] {standard_task_runner.py:77} INFO - Job 55: Subtask first_task
[2023-11-30 13:28:49,020] {logging_mixin.py:109} INFO - Running <TaskInstance: our_first_dag_v2.first_task scheduled__2023-08-25T00:00:00+00:00 [running]> on host 08735726aeda
[2023-11-30 13:28:49,094] {taskinstance.py:1431} INFO - Exporting the following env vars:
AIRFLOW_CTX_DAG_OWNER=Ali
AIRFLOW_CTX_DAG_ID=our_first_dag_v2
AIRFLOW_CTX_TASK_ID=first_task
AIRFLOW_CTX_EXECUTION_DATE=2023-08-25T00:00:00+00:00
AIRFLOW_CTX_DAG_RUN_ID=scheduled__2023-08-25T00:00:00+00:00
[2023-11-30 13:28:49,095] {subprocess.py:62} INFO - Tmp dir root location: 
 /tmp
[2023-11-30 13:28:49,096] {subprocess.py:74} INFO - Running command: ['bash', '-c', 'echo hello world, this is the first task!']
[2023-11-30 13:28:49,105] {subprocess.py:85} INFO - Output:
[2023-11-30 13:28:49,108] {subprocess.py:89} INFO - hello world, this is the first task!
[2023-11-30 13:28:49,109] {subprocess.py:93} INFO - Command exited with return code 0
[2023-11-30 13:28:49,142] {taskinstance.py:1282} INFO - Marking task as SUCCESS. dag_id=our_first_dag_v2, task_id=first_task, execution_date=20230825T000000, start_date=20231130T132848, end_date=20231130T132849
[2023-11-30 13:28:49,200] {local_task_job.py:154} INFO - Task exited with return code 0
[2023-11-30 13:28:49,237] {local_task_job.py:264} INFO - 1 downstream tasks scheduled from follow-on schedule check
