[2023-11-29 14:04:21,243] {processor.py:163} INFO - Started process (PID=538) to work on /home/airflow/.local/lib/python3.7/site-packages/airflow/example_dags/example_xcom.py
[2023-11-29 14:04:21,244] {processor.py:642} INFO - Processing file /home/airflow/.local/lib/python3.7/site-packages/airflow/example_dags/example_xcom.py for tasks to queue
[2023-11-29 14:04:21,244] {logging_mixin.py:109} INFO - [2023-11-29 14:04:21,244] {dagbag.py:500} INFO - Filling up the DagBag from /home/airflow/.local/lib/python3.7/site-packages/airflow/example_dags/example_xcom.py
[2023-11-29 14:04:21,279] {processor.py:654} INFO - DAG(s) dict_keys(['example_xcom']) retrieved from /home/airflow/.local/lib/python3.7/site-packages/airflow/example_dags/example_xcom.py
[2023-11-29 14:04:22,909] {logging_mixin.py:109} INFO - [2023-11-29 14:04:22,909] {manager.py:496} INFO - Created Permission View: can edit on DAG:example_xcom
[2023-11-29 14:04:22,918] {logging_mixin.py:109} INFO - [2023-11-29 14:04:22,917] {manager.py:496} INFO - Created Permission View: can read on DAG:example_xcom
[2023-11-29 14:04:22,918] {logging_mixin.py:109} INFO - [2023-11-29 14:04:22,918] {dag.py:2398} INFO - Sync 1 DAGs
[2023-11-29 14:04:22,923] {logging_mixin.py:109} INFO - [2023-11-29 14:04:22,923] {dag.py:2417} INFO - Creating ORM DAG for example_xcom
[2023-11-29 14:04:22,929] {logging_mixin.py:109} INFO - [2023-11-29 14:04:22,929] {dag.py:2937} INFO - Setting next_dagrun for example_xcom to 2021-01-01T00:00:00+00:00
[2023-11-29 14:04:22,978] {processor.py:171} INFO - Processing /home/airflow/.local/lib/python3.7/site-packages/airflow/example_dags/example_xcom.py took 1.737 seconds
[2023-11-29 14:09:33,811] {processor.py:163} INFO - Started process (PID=296) to work on /home/airflow/.local/lib/python3.7/site-packages/airflow/example_dags/example_xcom.py
[2023-11-29 14:09:33,812] {processor.py:642} INFO - Processing file /home/airflow/.local/lib/python3.7/site-packages/airflow/example_dags/example_xcom.py for tasks to queue
[2023-11-29 14:09:33,813] {logging_mixin.py:109} INFO - [2023-11-29 14:09:33,813] {dagbag.py:500} INFO - Filling up the DagBag from /home/airflow/.local/lib/python3.7/site-packages/airflow/example_dags/example_xcom.py
[2023-11-29 14:09:33,844] {processor.py:654} INFO - DAG(s) dict_keys(['example_xcom']) retrieved from /home/airflow/.local/lib/python3.7/site-packages/airflow/example_dags/example_xcom.py
[2023-11-29 14:09:34,089] {logging_mixin.py:109} INFO - [2023-11-29 14:09:34,089] {dag.py:2398} INFO - Sync 1 DAGs
[2023-11-29 14:09:34,102] {logging_mixin.py:109} INFO - [2023-11-29 14:09:34,102] {dag.py:2937} INFO - Setting next_dagrun for example_xcom to 2021-01-01T00:00:00+00:00
[2023-11-29 14:09:34,113] {processor.py:171} INFO - Processing /home/airflow/.local/lib/python3.7/site-packages/airflow/example_dags/example_xcom.py took 0.304 seconds
[2023-11-29 14:10:04,474] {processor.py:163} INFO - Started process (PID=484) to work on /home/airflow/.local/lib/python3.7/site-packages/airflow/example_dags/example_xcom.py
[2023-11-29 14:10:04,475] {processor.py:642} INFO - Processing file /home/airflow/.local/lib/python3.7/site-packages/airflow/example_dags/example_xcom.py for tasks to queue
[2023-11-29 14:10:04,475] {logging_mixin.py:109} INFO - [2023-11-29 14:10:04,475] {dagbag.py:500} INFO - Filling up the DagBag from /home/airflow/.local/lib/python3.7/site-packages/airflow/example_dags/example_xcom.py
[2023-11-29 14:10:04,497] {processor.py:654} INFO - DAG(s) dict_keys(['example_xcom']) retrieved from /home/airflow/.local/lib/python3.7/site-packages/airflow/example_dags/example_xcom.py
[2023-11-29 14:10:04,661] {logging_mixin.py:109} INFO - [2023-11-29 14:10:04,661] {dag.py:2398} INFO - Sync 1 DAGs
[2023-11-29 14:10:04,669] {logging_mixin.py:109} INFO - [2023-11-29 14:10:04,669] {dag.py:2937} INFO - Setting next_dagrun for example_xcom to 2021-01-01T00:00:00+00:00
[2023-11-29 14:10:04,678] {processor.py:171} INFO - Processing /home/airflow/.local/lib/python3.7/site-packages/airflow/example_dags/example_xcom.py took 0.206 seconds
[2023-11-29 14:10:35,017] {processor.py:163} INFO - Started process (PID=671) to work on /home/airflow/.local/lib/python3.7/site-packages/airflow/example_dags/example_xcom.py
[2023-11-29 14:10:35,018] {processor.py:642} INFO - Processing file /home/airflow/.local/lib/python3.7/site-packages/airflow/example_dags/example_xcom.py for tasks to queue
[2023-11-29 14:10:35,019] {logging_mixin.py:109} INFO - [2023-11-29 14:10:35,019] {dagbag.py:500} INFO - Filling up the DagBag from /home/airflow/.local/lib/python3.7/site-packages/airflow/example_dags/example_xcom.py
[2023-11-29 14:10:35,044] {processor.py:654} INFO - DAG(s) dict_keys(['example_xcom']) retrieved from /home/airflow/.local/lib/python3.7/site-packages/airflow/example_dags/example_xcom.py
[2023-11-29 14:10:35,268] {logging_mixin.py:109} INFO - [2023-11-29 14:10:35,268] {dag.py:2398} INFO - Sync 1 DAGs
[2023-11-29 14:10:35,280] {logging_mixin.py:109} INFO - [2023-11-29 14:10:35,280] {dag.py:2937} INFO - Setting next_dagrun for example_xcom to 2021-01-01T00:00:00+00:00
[2023-11-29 14:10:35,290] {processor.py:171} INFO - Processing /home/airflow/.local/lib/python3.7/site-packages/airflow/example_dags/example_xcom.py took 0.275 seconds
[2023-11-29 14:11:05,584] {processor.py:163} INFO - Started process (PID=849) to work on /home/airflow/.local/lib/python3.7/site-packages/airflow/example_dags/example_xcom.py
[2023-11-29 14:11:05,585] {processor.py:642} INFO - Processing file /home/airflow/.local/lib/python3.7/site-packages/airflow/example_dags/example_xcom.py for tasks to queue
[2023-11-29 14:11:05,585] {logging_mixin.py:109} INFO - [2023-11-29 14:11:05,585] {dagbag.py:500} INFO - Filling up the DagBag from /home/airflow/.local/lib/python3.7/site-packages/airflow/example_dags/example_xcom.py
[2023-11-29 14:11:05,607] {processor.py:654} INFO - DAG(s) dict_keys(['example_xcom']) retrieved from /home/airflow/.local/lib/python3.7/site-packages/airflow/example_dags/example_xcom.py
[2023-11-29 14:11:05,765] {logging_mixin.py:109} INFO - [2023-11-29 14:11:05,765] {dag.py:2398} INFO - Sync 1 DAGs
[2023-11-29 14:11:05,773] {logging_mixin.py:109} INFO - [2023-11-29 14:11:05,773] {dag.py:2937} INFO - Setting next_dagrun for example_xcom to 2021-01-01T00:00:00+00:00
[2023-11-29 14:11:05,782] {processor.py:171} INFO - Processing /home/airflow/.local/lib/python3.7/site-packages/airflow/example_dags/example_xcom.py took 0.200 seconds
[2023-11-29 14:11:36,506] {processor.py:163} INFO - Started process (PID=1036) to work on /home/airflow/.local/lib/python3.7/site-packages/airflow/example_dags/example_xcom.py
[2023-11-29 14:11:36,507] {processor.py:642} INFO - Processing file /home/airflow/.local/lib/python3.7/site-packages/airflow/example_dags/example_xcom.py for tasks to queue
[2023-11-29 14:11:36,508] {logging_mixin.py:109} INFO - [2023-11-29 14:11:36,508] {dagbag.py:500} INFO - Filling up the DagBag from /home/airflow/.local/lib/python3.7/site-packages/airflow/example_dags/example_xcom.py
[2023-11-29 14:11:36,530] {processor.py:654} INFO - DAG(s) dict_keys(['example_xcom']) retrieved from /home/airflow/.local/lib/python3.7/site-packages/airflow/example_dags/example_xcom.py
[2023-11-29 14:11:36,708] {logging_mixin.py:109} INFO - [2023-11-29 14:11:36,708] {dag.py:2398} INFO - Sync 1 DAGs
[2023-11-29 14:11:36,716] {logging_mixin.py:109} INFO - [2023-11-29 14:11:36,716] {dag.py:2937} INFO - Setting next_dagrun for example_xcom to 2021-01-01T00:00:00+00:00
[2023-11-29 14:11:36,724] {processor.py:171} INFO - Processing /home/airflow/.local/lib/python3.7/site-packages/airflow/example_dags/example_xcom.py took 0.220 seconds
[2023-11-29 14:12:07,103] {processor.py:163} INFO - Started process (PID=1214) to work on /home/airflow/.local/lib/python3.7/site-packages/airflow/example_dags/example_xcom.py
[2023-11-29 14:12:07,104] {processor.py:642} INFO - Processing file /home/airflow/.local/lib/python3.7/site-packages/airflow/example_dags/example_xcom.py for tasks to queue
[2023-11-29 14:12:07,105] {logging_mixin.py:109} INFO - [2023-11-29 14:12:07,105] {dagbag.py:500} INFO - Filling up the DagBag from /home/airflow/.local/lib/python3.7/site-packages/airflow/example_dags/example_xcom.py
[2023-11-29 14:12:07,129] {processor.py:654} INFO - DAG(s) dict_keys(['example_xcom']) retrieved from /home/airflow/.local/lib/python3.7/site-packages/airflow/example_dags/example_xcom.py
[2023-11-29 14:12:07,308] {logging_mixin.py:109} INFO - [2023-11-29 14:12:07,308] {dag.py:2398} INFO - Sync 1 DAGs
[2023-11-29 14:12:07,316] {logging_mixin.py:109} INFO - [2023-11-29 14:12:07,316] {dag.py:2937} INFO - Setting next_dagrun for example_xcom to 2021-01-01T00:00:00+00:00
[2023-11-29 14:12:07,326] {processor.py:171} INFO - Processing /home/airflow/.local/lib/python3.7/site-packages/airflow/example_dags/example_xcom.py took 0.225 seconds
[2023-11-29 14:12:37,961] {processor.py:163} INFO - Started process (PID=1401) to work on /home/airflow/.local/lib/python3.7/site-packages/airflow/example_dags/example_xcom.py
[2023-11-29 14:12:37,962] {processor.py:642} INFO - Processing file /home/airflow/.local/lib/python3.7/site-packages/airflow/example_dags/example_xcom.py for tasks to queue
[2023-11-29 14:12:37,963] {logging_mixin.py:109} INFO - [2023-11-29 14:12:37,963] {dagbag.py:500} INFO - Filling up the DagBag from /home/airflow/.local/lib/python3.7/site-packages/airflow/example_dags/example_xcom.py
[2023-11-29 14:12:37,993] {processor.py:654} INFO - DAG(s) dict_keys(['example_xcom']) retrieved from /home/airflow/.local/lib/python3.7/site-packages/airflow/example_dags/example_xcom.py
[2023-11-29 14:12:38,253] {logging_mixin.py:109} INFO - [2023-11-29 14:12:38,253] {dag.py:2398} INFO - Sync 1 DAGs
[2023-11-29 14:12:38,268] {logging_mixin.py:109} INFO - [2023-11-29 14:12:38,268] {dag.py:2937} INFO - Setting next_dagrun for example_xcom to 2021-01-01T00:00:00+00:00
[2023-11-29 14:12:38,280] {processor.py:171} INFO - Processing /home/airflow/.local/lib/python3.7/site-packages/airflow/example_dags/example_xcom.py took 0.322 seconds
[2023-11-29 14:13:08,868] {processor.py:163} INFO - Started process (PID=1579) to work on /home/airflow/.local/lib/python3.7/site-packages/airflow/example_dags/example_xcom.py
[2023-11-29 14:13:08,869] {processor.py:642} INFO - Processing file /home/airflow/.local/lib/python3.7/site-packages/airflow/example_dags/example_xcom.py for tasks to queue
[2023-11-29 14:13:08,869] {logging_mixin.py:109} INFO - [2023-11-29 14:13:08,869] {dagbag.py:500} INFO - Filling up the DagBag from /home/airflow/.local/lib/python3.7/site-packages/airflow/example_dags/example_xcom.py
[2023-11-29 14:13:08,894] {processor.py:654} INFO - DAG(s) dict_keys(['example_xcom']) retrieved from /home/airflow/.local/lib/python3.7/site-packages/airflow/example_dags/example_xcom.py
[2023-11-29 14:13:09,073] {logging_mixin.py:109} INFO - [2023-11-29 14:13:09,072] {dag.py:2398} INFO - Sync 1 DAGs
[2023-11-29 14:13:09,083] {logging_mixin.py:109} INFO - [2023-11-29 14:13:09,083] {dag.py:2937} INFO - Setting next_dagrun for example_xcom to 2021-01-01T00:00:00+00:00
[2023-11-29 14:13:09,095] {processor.py:171} INFO - Processing /home/airflow/.local/lib/python3.7/site-packages/airflow/example_dags/example_xcom.py took 0.228 seconds
[2023-11-29 14:13:39,455] {processor.py:163} INFO - Started process (PID=1766) to work on /home/airflow/.local/lib/python3.7/site-packages/airflow/example_dags/example_xcom.py
[2023-11-29 14:13:39,456] {processor.py:642} INFO - Processing file /home/airflow/.local/lib/python3.7/site-packages/airflow/example_dags/example_xcom.py for tasks to queue
[2023-11-29 14:13:39,457] {logging_mixin.py:109} INFO - [2023-11-29 14:13:39,457] {dagbag.py:500} INFO - Filling up the DagBag from /home/airflow/.local/lib/python3.7/site-packages/airflow/example_dags/example_xcom.py
[2023-11-29 14:13:39,480] {processor.py:654} INFO - DAG(s) dict_keys(['example_xcom']) retrieved from /home/airflow/.local/lib/python3.7/site-packages/airflow/example_dags/example_xcom.py
[2023-11-29 14:13:39,670] {logging_mixin.py:109} INFO - [2023-11-29 14:13:39,670] {dag.py:2398} INFO - Sync 1 DAGs
[2023-11-29 14:13:39,681] {logging_mixin.py:109} INFO - [2023-11-29 14:13:39,681] {dag.py:2937} INFO - Setting next_dagrun for example_xcom to 2021-01-01T00:00:00+00:00
[2023-11-29 14:13:39,690] {processor.py:171} INFO - Processing /home/airflow/.local/lib/python3.7/site-packages/airflow/example_dags/example_xcom.py took 0.238 seconds
[2023-11-29 14:14:10,125] {processor.py:163} INFO - Started process (PID=1954) to work on /home/airflow/.local/lib/python3.7/site-packages/airflow/example_dags/example_xcom.py
[2023-11-29 14:14:10,126] {processor.py:642} INFO - Processing file /home/airflow/.local/lib/python3.7/site-packages/airflow/example_dags/example_xcom.py for tasks to queue
[2023-11-29 14:14:10,127] {logging_mixin.py:109} INFO - [2023-11-29 14:14:10,127] {dagbag.py:500} INFO - Filling up the DagBag from /home/airflow/.local/lib/python3.7/site-packages/airflow/example_dags/example_xcom.py
[2023-11-29 14:14:10,161] {processor.py:654} INFO - DAG(s) dict_keys(['example_xcom']) retrieved from /home/airflow/.local/lib/python3.7/site-packages/airflow/example_dags/example_xcom.py
[2023-11-29 14:14:10,411] {logging_mixin.py:109} INFO - [2023-11-29 14:14:10,411] {dag.py:2398} INFO - Sync 1 DAGs
[2023-11-29 14:14:10,424] {logging_mixin.py:109} INFO - [2023-11-29 14:14:10,424] {dag.py:2937} INFO - Setting next_dagrun for example_xcom to 2021-01-01T00:00:00+00:00
[2023-11-29 14:14:10,433] {processor.py:171} INFO - Processing /home/airflow/.local/lib/python3.7/site-packages/airflow/example_dags/example_xcom.py took 0.310 seconds
[2023-11-29 14:14:41,376] {processor.py:163} INFO - Started process (PID=2137) to work on /home/airflow/.local/lib/python3.7/site-packages/airflow/example_dags/example_xcom.py
[2023-11-29 14:14:41,377] {processor.py:642} INFO - Processing file /home/airflow/.local/lib/python3.7/site-packages/airflow/example_dags/example_xcom.py for tasks to queue
[2023-11-29 14:14:41,378] {logging_mixin.py:109} INFO - [2023-11-29 14:14:41,378] {dagbag.py:500} INFO - Filling up the DagBag from /home/airflow/.local/lib/python3.7/site-packages/airflow/example_dags/example_xcom.py
[2023-11-29 14:14:41,401] {processor.py:654} INFO - DAG(s) dict_keys(['example_xcom']) retrieved from /home/airflow/.local/lib/python3.7/site-packages/airflow/example_dags/example_xcom.py
[2023-11-29 14:14:41,593] {logging_mixin.py:109} INFO - [2023-11-29 14:14:41,593] {dag.py:2398} INFO - Sync 1 DAGs
[2023-11-29 14:14:41,604] {logging_mixin.py:109} INFO - [2023-11-29 14:14:41,603] {dag.py:2937} INFO - Setting next_dagrun for example_xcom to 2021-01-01T00:00:00+00:00
[2023-11-29 14:14:41,612] {processor.py:171} INFO - Processing /home/airflow/.local/lib/python3.7/site-packages/airflow/example_dags/example_xcom.py took 0.238 seconds
[2023-11-29 14:15:11,817] {processor.py:163} INFO - Started process (PID=2324) to work on /home/airflow/.local/lib/python3.7/site-packages/airflow/example_dags/example_xcom.py
[2023-11-29 14:15:11,818] {processor.py:642} INFO - Processing file /home/airflow/.local/lib/python3.7/site-packages/airflow/example_dags/example_xcom.py for tasks to queue
[2023-11-29 14:15:11,818] {logging_mixin.py:109} INFO - [2023-11-29 14:15:11,818] {dagbag.py:500} INFO - Filling up the DagBag from /home/airflow/.local/lib/python3.7/site-packages/airflow/example_dags/example_xcom.py
[2023-11-29 14:15:11,841] {processor.py:654} INFO - DAG(s) dict_keys(['example_xcom']) retrieved from /home/airflow/.local/lib/python3.7/site-packages/airflow/example_dags/example_xcom.py
[2023-11-29 14:15:12,018] {logging_mixin.py:109} INFO - [2023-11-29 14:15:12,018] {dag.py:2398} INFO - Sync 1 DAGs
[2023-11-29 14:15:12,028] {logging_mixin.py:109} INFO - [2023-11-29 14:15:12,028] {dag.py:2937} INFO - Setting next_dagrun for example_xcom to 2021-01-01T00:00:00+00:00
[2023-11-29 14:15:12,037] {processor.py:171} INFO - Processing /home/airflow/.local/lib/python3.7/site-packages/airflow/example_dags/example_xcom.py took 0.222 seconds
[2023-11-29 14:15:42,199] {processor.py:163} INFO - Started process (PID=2502) to work on /home/airflow/.local/lib/python3.7/site-packages/airflow/example_dags/example_xcom.py
[2023-11-29 14:15:42,200] {processor.py:642} INFO - Processing file /home/airflow/.local/lib/python3.7/site-packages/airflow/example_dags/example_xcom.py for tasks to queue
[2023-11-29 14:15:42,200] {logging_mixin.py:109} INFO - [2023-11-29 14:15:42,200] {dagbag.py:500} INFO - Filling up the DagBag from /home/airflow/.local/lib/python3.7/site-packages/airflow/example_dags/example_xcom.py
[2023-11-29 14:15:42,223] {processor.py:654} INFO - DAG(s) dict_keys(['example_xcom']) retrieved from /home/airflow/.local/lib/python3.7/site-packages/airflow/example_dags/example_xcom.py
[2023-11-29 14:15:42,402] {logging_mixin.py:109} INFO - [2023-11-29 14:15:42,402] {dag.py:2398} INFO - Sync 1 DAGs
[2023-11-29 14:15:42,412] {logging_mixin.py:109} INFO - [2023-11-29 14:15:42,412] {dag.py:2937} INFO - Setting next_dagrun for example_xcom to 2021-01-01T00:00:00+00:00
[2023-11-29 14:15:42,421] {processor.py:171} INFO - Processing /home/airflow/.local/lib/python3.7/site-packages/airflow/example_dags/example_xcom.py took 0.224 seconds
[2023-11-29 14:16:12,576] {processor.py:163} INFO - Started process (PID=2684) to work on /home/airflow/.local/lib/python3.7/site-packages/airflow/example_dags/example_xcom.py
[2023-11-29 14:16:12,576] {processor.py:642} INFO - Processing file /home/airflow/.local/lib/python3.7/site-packages/airflow/example_dags/example_xcom.py for tasks to queue
[2023-11-29 14:16:12,577] {logging_mixin.py:109} INFO - [2023-11-29 14:16:12,577] {dagbag.py:500} INFO - Filling up the DagBag from /home/airflow/.local/lib/python3.7/site-packages/airflow/example_dags/example_xcom.py
[2023-11-29 14:16:12,600] {processor.py:654} INFO - DAG(s) dict_keys(['example_xcom']) retrieved from /home/airflow/.local/lib/python3.7/site-packages/airflow/example_dags/example_xcom.py
[2023-11-29 14:16:12,794] {logging_mixin.py:109} INFO - [2023-11-29 14:16:12,793] {dag.py:2398} INFO - Sync 1 DAGs
[2023-11-29 14:16:12,804] {logging_mixin.py:109} INFO - [2023-11-29 14:16:12,804] {dag.py:2937} INFO - Setting next_dagrun for example_xcom to 2021-01-01T00:00:00+00:00
[2023-11-29 14:16:12,815] {processor.py:171} INFO - Processing /home/airflow/.local/lib/python3.7/site-packages/airflow/example_dags/example_xcom.py took 0.241 seconds
[2023-11-29 14:16:43,050] {processor.py:163} INFO - Started process (PID=2862) to work on /home/airflow/.local/lib/python3.7/site-packages/airflow/example_dags/example_xcom.py
[2023-11-29 14:16:43,051] {processor.py:642} INFO - Processing file /home/airflow/.local/lib/python3.7/site-packages/airflow/example_dags/example_xcom.py for tasks to queue
[2023-11-29 14:16:43,051] {logging_mixin.py:109} INFO - [2023-11-29 14:16:43,051] {dagbag.py:500} INFO - Filling up the DagBag from /home/airflow/.local/lib/python3.7/site-packages/airflow/example_dags/example_xcom.py
[2023-11-29 14:16:43,076] {processor.py:654} INFO - DAG(s) dict_keys(['example_xcom']) retrieved from /home/airflow/.local/lib/python3.7/site-packages/airflow/example_dags/example_xcom.py
[2023-11-29 14:16:43,317] {logging_mixin.py:109} INFO - [2023-11-29 14:16:43,317] {dag.py:2398} INFO - Sync 1 DAGs
[2023-11-29 14:16:43,329] {logging_mixin.py:109} INFO - [2023-11-29 14:16:43,329] {dag.py:2937} INFO - Setting next_dagrun for example_xcom to 2021-01-01T00:00:00+00:00
[2023-11-29 14:16:43,338] {processor.py:171} INFO - Processing /home/airflow/.local/lib/python3.7/site-packages/airflow/example_dags/example_xcom.py took 0.290 seconds
[2023-11-29 14:17:13,811] {processor.py:163} INFO - Started process (PID=3049) to work on /home/airflow/.local/lib/python3.7/site-packages/airflow/example_dags/example_xcom.py
[2023-11-29 14:17:13,812] {processor.py:642} INFO - Processing file /home/airflow/.local/lib/python3.7/site-packages/airflow/example_dags/example_xcom.py for tasks to queue
[2023-11-29 14:17:13,813] {logging_mixin.py:109} INFO - [2023-11-29 14:17:13,812] {dagbag.py:500} INFO - Filling up the DagBag from /home/airflow/.local/lib/python3.7/site-packages/airflow/example_dags/example_xcom.py
[2023-11-29 14:17:13,914] {processor.py:654} INFO - DAG(s) dict_keys(['example_xcom']) retrieved from /home/airflow/.local/lib/python3.7/site-packages/airflow/example_dags/example_xcom.py
[2023-11-29 14:17:14,055] {logging_mixin.py:109} INFO - [2023-11-29 14:17:14,055] {dag.py:2398} INFO - Sync 1 DAGs
[2023-11-29 14:17:14,067] {logging_mixin.py:109} INFO - [2023-11-29 14:17:14,067] {dag.py:2937} INFO - Setting next_dagrun for example_xcom to 2021-01-01T00:00:00+00:00
[2023-11-29 14:17:14,079] {processor.py:171} INFO - Processing /home/airflow/.local/lib/python3.7/site-packages/airflow/example_dags/example_xcom.py took 0.269 seconds
[2023-11-29 14:17:45,076] {processor.py:163} INFO - Started process (PID=3229) to work on /home/airflow/.local/lib/python3.7/site-packages/airflow/example_dags/example_xcom.py
[2023-11-29 14:17:45,077] {processor.py:642} INFO - Processing file /home/airflow/.local/lib/python3.7/site-packages/airflow/example_dags/example_xcom.py for tasks to queue
[2023-11-29 14:17:45,078] {logging_mixin.py:109} INFO - [2023-11-29 14:17:45,078] {dagbag.py:500} INFO - Filling up the DagBag from /home/airflow/.local/lib/python3.7/site-packages/airflow/example_dags/example_xcom.py
[2023-11-29 14:17:45,283] {processor.py:654} INFO - DAG(s) dict_keys(['example_xcom']) retrieved from /home/airflow/.local/lib/python3.7/site-packages/airflow/example_dags/example_xcom.py
[2023-11-29 14:17:45,553] {logging_mixin.py:109} INFO - [2023-11-29 14:17:45,553] {dag.py:2398} INFO - Sync 1 DAGs
[2023-11-29 14:17:45,576] {logging_mixin.py:109} INFO - [2023-11-29 14:17:45,576] {dag.py:2937} INFO - Setting next_dagrun for example_xcom to 2021-01-01T00:00:00+00:00
[2023-11-29 14:17:45,598] {processor.py:171} INFO - Processing /home/airflow/.local/lib/python3.7/site-packages/airflow/example_dags/example_xcom.py took 0.526 seconds
[2023-11-29 14:18:15,937] {processor.py:163} INFO - Started process (PID=3429) to work on /home/airflow/.local/lib/python3.7/site-packages/airflow/example_dags/example_xcom.py
[2023-11-29 14:18:15,938] {processor.py:642} INFO - Processing file /home/airflow/.local/lib/python3.7/site-packages/airflow/example_dags/example_xcom.py for tasks to queue
[2023-11-29 14:18:15,938] {logging_mixin.py:109} INFO - [2023-11-29 14:18:15,938] {dagbag.py:500} INFO - Filling up the DagBag from /home/airflow/.local/lib/python3.7/site-packages/airflow/example_dags/example_xcom.py
[2023-11-29 14:18:16,020] {processor.py:654} INFO - DAG(s) dict_keys(['example_xcom']) retrieved from /home/airflow/.local/lib/python3.7/site-packages/airflow/example_dags/example_xcom.py
[2023-11-29 14:18:16,131] {logging_mixin.py:109} INFO - [2023-11-29 14:18:16,131] {dag.py:2398} INFO - Sync 1 DAGs
[2023-11-29 14:18:16,139] {logging_mixin.py:109} INFO - [2023-11-29 14:18:16,139] {dag.py:2937} INFO - Setting next_dagrun for example_xcom to 2021-01-01T00:00:00+00:00
[2023-11-29 14:18:16,148] {processor.py:171} INFO - Processing /home/airflow/.local/lib/python3.7/site-packages/airflow/example_dags/example_xcom.py took 0.213 seconds
[2023-11-29 14:18:46,167] {processor.py:163} INFO - Started process (PID=3609) to work on /home/airflow/.local/lib/python3.7/site-packages/airflow/example_dags/example_xcom.py
[2023-11-29 14:18:46,168] {processor.py:642} INFO - Processing file /home/airflow/.local/lib/python3.7/site-packages/airflow/example_dags/example_xcom.py for tasks to queue
[2023-11-29 14:18:46,168] {logging_mixin.py:109} INFO - [2023-11-29 14:18:46,168] {dagbag.py:500} INFO - Filling up the DagBag from /home/airflow/.local/lib/python3.7/site-packages/airflow/example_dags/example_xcom.py
[2023-11-29 14:18:46,239] {processor.py:654} INFO - DAG(s) dict_keys(['example_xcom']) retrieved from /home/airflow/.local/lib/python3.7/site-packages/airflow/example_dags/example_xcom.py
[2023-11-29 14:18:46,342] {logging_mixin.py:109} INFO - [2023-11-29 14:18:46,341] {dag.py:2398} INFO - Sync 1 DAGs
[2023-11-29 14:18:46,350] {logging_mixin.py:109} INFO - [2023-11-29 14:18:46,350] {dag.py:2937} INFO - Setting next_dagrun for example_xcom to 2021-01-01T00:00:00+00:00
[2023-11-29 14:18:46,360] {processor.py:171} INFO - Processing /home/airflow/.local/lib/python3.7/site-packages/airflow/example_dags/example_xcom.py took 0.195 seconds
[2023-11-29 14:19:16,535] {processor.py:163} INFO - Started process (PID=3794) to work on /home/airflow/.local/lib/python3.7/site-packages/airflow/example_dags/example_xcom.py
[2023-11-29 14:19:16,536] {processor.py:642} INFO - Processing file /home/airflow/.local/lib/python3.7/site-packages/airflow/example_dags/example_xcom.py for tasks to queue
[2023-11-29 14:19:16,537] {logging_mixin.py:109} INFO - [2023-11-29 14:19:16,537] {dagbag.py:500} INFO - Filling up the DagBag from /home/airflow/.local/lib/python3.7/site-packages/airflow/example_dags/example_xcom.py
[2023-11-29 14:19:16,610] {processor.py:654} INFO - DAG(s) dict_keys(['example_xcom']) retrieved from /home/airflow/.local/lib/python3.7/site-packages/airflow/example_dags/example_xcom.py
[2023-11-29 14:19:16,712] {logging_mixin.py:109} INFO - [2023-11-29 14:19:16,712] {dag.py:2398} INFO - Sync 1 DAGs
[2023-11-29 14:19:16,720] {logging_mixin.py:109} INFO - [2023-11-29 14:19:16,720] {dag.py:2937} INFO - Setting next_dagrun for example_xcom to 2021-01-01T00:00:00+00:00
[2023-11-29 14:19:16,729] {processor.py:171} INFO - Processing /home/airflow/.local/lib/python3.7/site-packages/airflow/example_dags/example_xcom.py took 0.196 seconds
[2023-11-29 14:19:46,779] {processor.py:163} INFO - Started process (PID=3973) to work on /home/airflow/.local/lib/python3.7/site-packages/airflow/example_dags/example_xcom.py
[2023-11-29 14:19:46,780] {processor.py:642} INFO - Processing file /home/airflow/.local/lib/python3.7/site-packages/airflow/example_dags/example_xcom.py for tasks to queue
[2023-11-29 14:19:46,780] {logging_mixin.py:109} INFO - [2023-11-29 14:19:46,780] {dagbag.py:500} INFO - Filling up the DagBag from /home/airflow/.local/lib/python3.7/site-packages/airflow/example_dags/example_xcom.py
[2023-11-29 14:19:46,857] {processor.py:654} INFO - DAG(s) dict_keys(['example_xcom']) retrieved from /home/airflow/.local/lib/python3.7/site-packages/airflow/example_dags/example_xcom.py
[2023-11-29 14:19:46,965] {logging_mixin.py:109} INFO - [2023-11-29 14:19:46,965] {dag.py:2398} INFO - Sync 1 DAGs
[2023-11-29 14:19:46,973] {logging_mixin.py:109} INFO - [2023-11-29 14:19:46,973] {dag.py:2937} INFO - Setting next_dagrun for example_xcom to 2021-01-01T00:00:00+00:00
[2023-11-29 14:19:46,981] {processor.py:171} INFO - Processing /home/airflow/.local/lib/python3.7/site-packages/airflow/example_dags/example_xcom.py took 0.205 seconds
[2023-11-29 14:20:17,017] {processor.py:163} INFO - Started process (PID=4152) to work on /home/airflow/.local/lib/python3.7/site-packages/airflow/example_dags/example_xcom.py
[2023-11-29 14:20:17,018] {processor.py:642} INFO - Processing file /home/airflow/.local/lib/python3.7/site-packages/airflow/example_dags/example_xcom.py for tasks to queue
[2023-11-29 14:20:17,019] {logging_mixin.py:109} INFO - [2023-11-29 14:20:17,019] {dagbag.py:500} INFO - Filling up the DagBag from /home/airflow/.local/lib/python3.7/site-packages/airflow/example_dags/example_xcom.py
[2023-11-29 14:20:17,098] {processor.py:654} INFO - DAG(s) dict_keys(['example_xcom']) retrieved from /home/airflow/.local/lib/python3.7/site-packages/airflow/example_dags/example_xcom.py
[2023-11-29 14:20:17,203] {logging_mixin.py:109} INFO - [2023-11-29 14:20:17,203] {dag.py:2398} INFO - Sync 1 DAGs
[2023-11-29 14:20:17,210] {logging_mixin.py:109} INFO - [2023-11-29 14:20:17,210] {dag.py:2937} INFO - Setting next_dagrun for example_xcom to 2021-01-01T00:00:00+00:00
[2023-11-29 14:20:17,219] {processor.py:171} INFO - Processing /home/airflow/.local/lib/python3.7/site-packages/airflow/example_dags/example_xcom.py took 0.203 seconds
[2023-11-29 14:20:47,675] {processor.py:163} INFO - Started process (PID=4332) to work on /home/airflow/.local/lib/python3.7/site-packages/airflow/example_dags/example_xcom.py
[2023-11-29 14:20:47,676] {processor.py:642} INFO - Processing file /home/airflow/.local/lib/python3.7/site-packages/airflow/example_dags/example_xcom.py for tasks to queue
[2023-11-29 14:20:47,677] {logging_mixin.py:109} INFO - [2023-11-29 14:20:47,677] {dagbag.py:500} INFO - Filling up the DagBag from /home/airflow/.local/lib/python3.7/site-packages/airflow/example_dags/example_xcom.py
[2023-11-29 14:20:47,781] {processor.py:654} INFO - DAG(s) dict_keys(['example_xcom']) retrieved from /home/airflow/.local/lib/python3.7/site-packages/airflow/example_dags/example_xcom.py
[2023-11-29 14:20:47,916] {logging_mixin.py:109} INFO - [2023-11-29 14:20:47,916] {dag.py:2398} INFO - Sync 1 DAGs
[2023-11-29 14:20:47,927] {logging_mixin.py:109} INFO - [2023-11-29 14:20:47,927] {dag.py:2937} INFO - Setting next_dagrun for example_xcom to 2021-01-01T00:00:00+00:00
[2023-11-29 14:20:47,936] {processor.py:171} INFO - Processing /home/airflow/.local/lib/python3.7/site-packages/airflow/example_dags/example_xcom.py took 0.263 seconds
[2023-11-29 14:21:18,022] {processor.py:163} INFO - Started process (PID=4510) to work on /home/airflow/.local/lib/python3.7/site-packages/airflow/example_dags/example_xcom.py
[2023-11-29 14:21:18,023] {processor.py:642} INFO - Processing file /home/airflow/.local/lib/python3.7/site-packages/airflow/example_dags/example_xcom.py for tasks to queue
[2023-11-29 14:21:18,024] {logging_mixin.py:109} INFO - [2023-11-29 14:21:18,024] {dagbag.py:500} INFO - Filling up the DagBag from /home/airflow/.local/lib/python3.7/site-packages/airflow/example_dags/example_xcom.py
[2023-11-29 14:21:18,110] {processor.py:654} INFO - DAG(s) dict_keys(['example_xcom']) retrieved from /home/airflow/.local/lib/python3.7/site-packages/airflow/example_dags/example_xcom.py
[2023-11-29 14:21:18,217] {logging_mixin.py:109} INFO - [2023-11-29 14:21:18,217] {dag.py:2398} INFO - Sync 1 DAGs
[2023-11-29 14:21:18,228] {logging_mixin.py:109} INFO - [2023-11-29 14:21:18,228] {dag.py:2937} INFO - Setting next_dagrun for example_xcom to 2021-01-01T00:00:00+00:00
[2023-11-29 14:21:18,237] {processor.py:171} INFO - Processing /home/airflow/.local/lib/python3.7/site-packages/airflow/example_dags/example_xcom.py took 0.216 seconds
[2023-11-29 14:21:48,562] {processor.py:163} INFO - Started process (PID=4697) to work on /home/airflow/.local/lib/python3.7/site-packages/airflow/example_dags/example_xcom.py
[2023-11-29 14:21:48,563] {processor.py:642} INFO - Processing file /home/airflow/.local/lib/python3.7/site-packages/airflow/example_dags/example_xcom.py for tasks to queue
[2023-11-29 14:21:48,563] {logging_mixin.py:109} INFO - [2023-11-29 14:21:48,563] {dagbag.py:500} INFO - Filling up the DagBag from /home/airflow/.local/lib/python3.7/site-packages/airflow/example_dags/example_xcom.py
[2023-11-29 14:21:48,646] {processor.py:654} INFO - DAG(s) dict_keys(['example_xcom']) retrieved from /home/airflow/.local/lib/python3.7/site-packages/airflow/example_dags/example_xcom.py
[2023-11-29 14:21:48,762] {logging_mixin.py:109} INFO - [2023-11-29 14:21:48,762] {dag.py:2398} INFO - Sync 1 DAGs
[2023-11-29 14:21:48,771] {logging_mixin.py:109} INFO - [2023-11-29 14:21:48,771] {dag.py:2937} INFO - Setting next_dagrun for example_xcom to 2021-01-01T00:00:00+00:00
[2023-11-29 14:21:48,780] {processor.py:171} INFO - Processing /home/airflow/.local/lib/python3.7/site-packages/airflow/example_dags/example_xcom.py took 0.220 seconds
[2023-11-29 14:22:19,128] {processor.py:163} INFO - Started process (PID=4875) to work on /home/airflow/.local/lib/python3.7/site-packages/airflow/example_dags/example_xcom.py
[2023-11-29 14:22:19,129] {processor.py:642} INFO - Processing file /home/airflow/.local/lib/python3.7/site-packages/airflow/example_dags/example_xcom.py for tasks to queue
[2023-11-29 14:22:19,129] {logging_mixin.py:109} INFO - [2023-11-29 14:22:19,129] {dagbag.py:500} INFO - Filling up the DagBag from /home/airflow/.local/lib/python3.7/site-packages/airflow/example_dags/example_xcom.py
[2023-11-29 14:22:19,152] {processor.py:654} INFO - DAG(s) dict_keys(['example_xcom']) retrieved from /home/airflow/.local/lib/python3.7/site-packages/airflow/example_dags/example_xcom.py
[2023-11-29 14:22:19,269] {logging_mixin.py:109} INFO - [2023-11-29 14:22:19,269] {dag.py:2398} INFO - Sync 1 DAGs
[2023-11-29 14:22:19,277] {logging_mixin.py:109} INFO - [2023-11-29 14:22:19,277] {dag.py:2937} INFO - Setting next_dagrun for example_xcom to 2021-01-01T00:00:00+00:00
[2023-11-29 14:22:19,286] {processor.py:171} INFO - Processing /home/airflow/.local/lib/python3.7/site-packages/airflow/example_dags/example_xcom.py took 0.160 seconds
[2023-11-29 14:22:49,557] {processor.py:163} INFO - Started process (PID=5062) to work on /home/airflow/.local/lib/python3.7/site-packages/airflow/example_dags/example_xcom.py
[2023-11-29 14:22:49,558] {processor.py:642} INFO - Processing file /home/airflow/.local/lib/python3.7/site-packages/airflow/example_dags/example_xcom.py for tasks to queue
[2023-11-29 14:22:49,559] {logging_mixin.py:109} INFO - [2023-11-29 14:22:49,559] {dagbag.py:500} INFO - Filling up the DagBag from /home/airflow/.local/lib/python3.7/site-packages/airflow/example_dags/example_xcom.py
[2023-11-29 14:22:49,581] {processor.py:654} INFO - DAG(s) dict_keys(['example_xcom']) retrieved from /home/airflow/.local/lib/python3.7/site-packages/airflow/example_dags/example_xcom.py
[2023-11-29 14:22:49,710] {logging_mixin.py:109} INFO - [2023-11-29 14:22:49,710] {dag.py:2398} INFO - Sync 1 DAGs
[2023-11-29 14:22:49,722] {logging_mixin.py:109} INFO - [2023-11-29 14:22:49,722] {dag.py:2937} INFO - Setting next_dagrun for example_xcom to 2021-01-01T00:00:00+00:00
[2023-11-29 14:22:49,734] {processor.py:171} INFO - Processing /home/airflow/.local/lib/python3.7/site-packages/airflow/example_dags/example_xcom.py took 0.178 seconds
[2023-11-29 14:23:19,951] {processor.py:163} INFO - Started process (PID=5240) to work on /home/airflow/.local/lib/python3.7/site-packages/airflow/example_dags/example_xcom.py
[2023-11-29 14:23:19,952] {processor.py:642} INFO - Processing file /home/airflow/.local/lib/python3.7/site-packages/airflow/example_dags/example_xcom.py for tasks to queue
[2023-11-29 14:23:19,952] {logging_mixin.py:109} INFO - [2023-11-29 14:23:19,952] {dagbag.py:500} INFO - Filling up the DagBag from /home/airflow/.local/lib/python3.7/site-packages/airflow/example_dags/example_xcom.py
[2023-11-29 14:23:19,976] {processor.py:654} INFO - DAG(s) dict_keys(['example_xcom']) retrieved from /home/airflow/.local/lib/python3.7/site-packages/airflow/example_dags/example_xcom.py
[2023-11-29 14:23:20,131] {logging_mixin.py:109} INFO - [2023-11-29 14:23:20,131] {dag.py:2398} INFO - Sync 1 DAGs
[2023-11-29 14:23:20,143] {logging_mixin.py:109} INFO - [2023-11-29 14:23:20,143] {dag.py:2937} INFO - Setting next_dagrun for example_xcom to 2021-01-01T00:00:00+00:00
[2023-11-29 14:23:20,150] {processor.py:171} INFO - Processing /home/airflow/.local/lib/python3.7/site-packages/airflow/example_dags/example_xcom.py took 0.201 seconds
[2023-11-29 14:23:50,398] {processor.py:163} INFO - Started process (PID=5427) to work on /home/airflow/.local/lib/python3.7/site-packages/airflow/example_dags/example_xcom.py
[2023-11-29 14:23:50,399] {processor.py:642} INFO - Processing file /home/airflow/.local/lib/python3.7/site-packages/airflow/example_dags/example_xcom.py for tasks to queue
[2023-11-29 14:23:50,400] {logging_mixin.py:109} INFO - [2023-11-29 14:23:50,400] {dagbag.py:500} INFO - Filling up the DagBag from /home/airflow/.local/lib/python3.7/site-packages/airflow/example_dags/example_xcom.py
[2023-11-29 14:23:50,425] {processor.py:654} INFO - DAG(s) dict_keys(['example_xcom']) retrieved from /home/airflow/.local/lib/python3.7/site-packages/airflow/example_dags/example_xcom.py
[2023-11-29 14:23:50,553] {logging_mixin.py:109} INFO - [2023-11-29 14:23:50,553] {dag.py:2398} INFO - Sync 1 DAGs
[2023-11-29 14:23:50,565] {logging_mixin.py:109} INFO - [2023-11-29 14:23:50,565] {dag.py:2937} INFO - Setting next_dagrun for example_xcom to 2021-01-01T00:00:00+00:00
[2023-11-29 14:23:50,576] {processor.py:171} INFO - Processing /home/airflow/.local/lib/python3.7/site-packages/airflow/example_dags/example_xcom.py took 0.180 seconds
[2023-11-29 14:24:20,954] {processor.py:163} INFO - Started process (PID=5614) to work on /home/airflow/.local/lib/python3.7/site-packages/airflow/example_dags/example_xcom.py
[2023-11-29 14:24:20,955] {processor.py:642} INFO - Processing file /home/airflow/.local/lib/python3.7/site-packages/airflow/example_dags/example_xcom.py for tasks to queue
[2023-11-29 14:24:20,956] {logging_mixin.py:109} INFO - [2023-11-29 14:24:20,956] {dagbag.py:500} INFO - Filling up the DagBag from /home/airflow/.local/lib/python3.7/site-packages/airflow/example_dags/example_xcom.py
[2023-11-29 14:24:20,978] {processor.py:654} INFO - DAG(s) dict_keys(['example_xcom']) retrieved from /home/airflow/.local/lib/python3.7/site-packages/airflow/example_dags/example_xcom.py
[2023-11-29 14:24:21,147] {logging_mixin.py:109} INFO - [2023-11-29 14:24:21,147] {dag.py:2398} INFO - Sync 1 DAGs
[2023-11-29 14:24:21,159] {logging_mixin.py:109} INFO - [2023-11-29 14:24:21,159] {dag.py:2937} INFO - Setting next_dagrun for example_xcom to 2021-01-01T00:00:00+00:00
[2023-11-29 14:24:21,170] {processor.py:171} INFO - Processing /home/airflow/.local/lib/python3.7/site-packages/airflow/example_dags/example_xcom.py took 0.217 seconds
[2023-11-29 14:24:51,503] {processor.py:163} INFO - Started process (PID=5792) to work on /home/airflow/.local/lib/python3.7/site-packages/airflow/example_dags/example_xcom.py
[2023-11-29 14:24:51,504] {processor.py:642} INFO - Processing file /home/airflow/.local/lib/python3.7/site-packages/airflow/example_dags/example_xcom.py for tasks to queue
[2023-11-29 14:24:51,504] {logging_mixin.py:109} INFO - [2023-11-29 14:24:51,504] {dagbag.py:500} INFO - Filling up the DagBag from /home/airflow/.local/lib/python3.7/site-packages/airflow/example_dags/example_xcom.py
[2023-11-29 14:24:51,527] {processor.py:654} INFO - DAG(s) dict_keys(['example_xcom']) retrieved from /home/airflow/.local/lib/python3.7/site-packages/airflow/example_dags/example_xcom.py
[2023-11-29 14:24:51,654] {logging_mixin.py:109} INFO - [2023-11-29 14:24:51,654] {dag.py:2398} INFO - Sync 1 DAGs
[2023-11-29 14:24:51,666] {logging_mixin.py:109} INFO - [2023-11-29 14:24:51,666] {dag.py:2937} INFO - Setting next_dagrun for example_xcom to 2021-01-01T00:00:00+00:00
[2023-11-29 14:24:51,678] {processor.py:171} INFO - Processing /home/airflow/.local/lib/python3.7/site-packages/airflow/example_dags/example_xcom.py took 0.177 seconds
[2023-11-29 14:25:21,955] {processor.py:163} INFO - Started process (PID=5979) to work on /home/airflow/.local/lib/python3.7/site-packages/airflow/example_dags/example_xcom.py
[2023-11-29 14:25:21,957] {processor.py:642} INFO - Processing file /home/airflow/.local/lib/python3.7/site-packages/airflow/example_dags/example_xcom.py for tasks to queue
[2023-11-29 14:25:21,958] {logging_mixin.py:109} INFO - [2023-11-29 14:25:21,957] {dagbag.py:500} INFO - Filling up the DagBag from /home/airflow/.local/lib/python3.7/site-packages/airflow/example_dags/example_xcom.py
[2023-11-29 14:25:21,979] {processor.py:654} INFO - DAG(s) dict_keys(['example_xcom']) retrieved from /home/airflow/.local/lib/python3.7/site-packages/airflow/example_dags/example_xcom.py
[2023-11-29 14:25:22,094] {logging_mixin.py:109} INFO - [2023-11-29 14:25:22,094] {dag.py:2398} INFO - Sync 1 DAGs
[2023-11-29 14:25:22,103] {logging_mixin.py:109} INFO - [2023-11-29 14:25:22,103] {dag.py:2937} INFO - Setting next_dagrun for example_xcom to 2021-01-01T00:00:00+00:00
[2023-11-29 14:25:22,112] {processor.py:171} INFO - Processing /home/airflow/.local/lib/python3.7/site-packages/airflow/example_dags/example_xcom.py took 0.158 seconds
[2023-11-29 14:25:52,407] {processor.py:163} INFO - Started process (PID=6157) to work on /home/airflow/.local/lib/python3.7/site-packages/airflow/example_dags/example_xcom.py
[2023-11-29 14:25:52,408] {processor.py:642} INFO - Processing file /home/airflow/.local/lib/python3.7/site-packages/airflow/example_dags/example_xcom.py for tasks to queue
[2023-11-29 14:25:52,408] {logging_mixin.py:109} INFO - [2023-11-29 14:25:52,408] {dagbag.py:500} INFO - Filling up the DagBag from /home/airflow/.local/lib/python3.7/site-packages/airflow/example_dags/example_xcom.py
[2023-11-29 14:25:52,430] {processor.py:654} INFO - DAG(s) dict_keys(['example_xcom']) retrieved from /home/airflow/.local/lib/python3.7/site-packages/airflow/example_dags/example_xcom.py
[2023-11-29 14:25:52,543] {logging_mixin.py:109} INFO - [2023-11-29 14:25:52,543] {dag.py:2398} INFO - Sync 1 DAGs
[2023-11-29 14:25:52,551] {logging_mixin.py:109} INFO - [2023-11-29 14:25:52,551] {dag.py:2937} INFO - Setting next_dagrun for example_xcom to 2021-01-01T00:00:00+00:00
[2023-11-29 14:25:52,562] {processor.py:171} INFO - Processing /home/airflow/.local/lib/python3.7/site-packages/airflow/example_dags/example_xcom.py took 0.157 seconds
[2023-11-29 14:26:22,814] {processor.py:163} INFO - Started process (PID=6344) to work on /home/airflow/.local/lib/python3.7/site-packages/airflow/example_dags/example_xcom.py
[2023-11-29 14:26:22,815] {processor.py:642} INFO - Processing file /home/airflow/.local/lib/python3.7/site-packages/airflow/example_dags/example_xcom.py for tasks to queue
[2023-11-29 14:26:22,815] {logging_mixin.py:109} INFO - [2023-11-29 14:26:22,815] {dagbag.py:500} INFO - Filling up the DagBag from /home/airflow/.local/lib/python3.7/site-packages/airflow/example_dags/example_xcom.py
[2023-11-29 14:26:22,838] {processor.py:654} INFO - DAG(s) dict_keys(['example_xcom']) retrieved from /home/airflow/.local/lib/python3.7/site-packages/airflow/example_dags/example_xcom.py
[2023-11-29 14:26:22,953] {logging_mixin.py:109} INFO - [2023-11-29 14:26:22,953] {dag.py:2398} INFO - Sync 1 DAGs
[2023-11-29 14:26:22,962] {logging_mixin.py:109} INFO - [2023-11-29 14:26:22,962] {dag.py:2937} INFO - Setting next_dagrun for example_xcom to 2021-01-01T00:00:00+00:00
[2023-11-29 14:26:22,971] {processor.py:171} INFO - Processing /home/airflow/.local/lib/python3.7/site-packages/airflow/example_dags/example_xcom.py took 0.159 seconds
[2023-11-29 14:26:53,288] {processor.py:163} INFO - Started process (PID=6522) to work on /home/airflow/.local/lib/python3.7/site-packages/airflow/example_dags/example_xcom.py
[2023-11-29 14:26:53,289] {processor.py:642} INFO - Processing file /home/airflow/.local/lib/python3.7/site-packages/airflow/example_dags/example_xcom.py for tasks to queue
[2023-11-29 14:26:53,290] {logging_mixin.py:109} INFO - [2023-11-29 14:26:53,290] {dagbag.py:500} INFO - Filling up the DagBag from /home/airflow/.local/lib/python3.7/site-packages/airflow/example_dags/example_xcom.py
[2023-11-29 14:26:53,312] {processor.py:654} INFO - DAG(s) dict_keys(['example_xcom']) retrieved from /home/airflow/.local/lib/python3.7/site-packages/airflow/example_dags/example_xcom.py
[2023-11-29 14:26:53,433] {logging_mixin.py:109} INFO - [2023-11-29 14:26:53,432] {dag.py:2398} INFO - Sync 1 DAGs
[2023-11-29 14:26:53,443] {logging_mixin.py:109} INFO - [2023-11-29 14:26:53,443] {dag.py:2937} INFO - Setting next_dagrun for example_xcom to 2021-01-01T00:00:00+00:00
[2023-11-29 14:26:53,452] {processor.py:171} INFO - Processing /home/airflow/.local/lib/python3.7/site-packages/airflow/example_dags/example_xcom.py took 0.166 seconds
[2023-11-29 14:27:23,723] {processor.py:163} INFO - Started process (PID=6709) to work on /home/airflow/.local/lib/python3.7/site-packages/airflow/example_dags/example_xcom.py
[2023-11-29 14:27:23,724] {processor.py:642} INFO - Processing file /home/airflow/.local/lib/python3.7/site-packages/airflow/example_dags/example_xcom.py for tasks to queue
[2023-11-29 14:27:23,725] {logging_mixin.py:109} INFO - [2023-11-29 14:27:23,725] {dagbag.py:500} INFO - Filling up the DagBag from /home/airflow/.local/lib/python3.7/site-packages/airflow/example_dags/example_xcom.py
[2023-11-29 14:27:23,747] {processor.py:654} INFO - DAG(s) dict_keys(['example_xcom']) retrieved from /home/airflow/.local/lib/python3.7/site-packages/airflow/example_dags/example_xcom.py
[2023-11-29 14:27:23,857] {logging_mixin.py:109} INFO - [2023-11-29 14:27:23,857] {dag.py:2398} INFO - Sync 1 DAGs
[2023-11-29 14:27:23,866] {logging_mixin.py:109} INFO - [2023-11-29 14:27:23,866] {dag.py:2937} INFO - Setting next_dagrun for example_xcom to 2021-01-01T00:00:00+00:00
[2023-11-29 14:27:23,875] {processor.py:171} INFO - Processing /home/airflow/.local/lib/python3.7/site-packages/airflow/example_dags/example_xcom.py took 0.154 seconds
[2023-11-29 14:27:54,250] {processor.py:163} INFO - Started process (PID=6896) to work on /home/airflow/.local/lib/python3.7/site-packages/airflow/example_dags/example_xcom.py
[2023-11-29 14:27:54,251] {processor.py:642} INFO - Processing file /home/airflow/.local/lib/python3.7/site-packages/airflow/example_dags/example_xcom.py for tasks to queue
[2023-11-29 14:27:54,252] {logging_mixin.py:109} INFO - [2023-11-29 14:27:54,251] {dagbag.py:500} INFO - Filling up the DagBag from /home/airflow/.local/lib/python3.7/site-packages/airflow/example_dags/example_xcom.py
[2023-11-29 14:27:54,281] {processor.py:654} INFO - DAG(s) dict_keys(['example_xcom']) retrieved from /home/airflow/.local/lib/python3.7/site-packages/airflow/example_dags/example_xcom.py
[2023-11-29 14:27:54,413] {logging_mixin.py:109} INFO - [2023-11-29 14:27:54,413] {dag.py:2398} INFO - Sync 1 DAGs
[2023-11-29 14:27:54,423] {logging_mixin.py:109} INFO - [2023-11-29 14:27:54,423] {dag.py:2937} INFO - Setting next_dagrun for example_xcom to 2021-01-01T00:00:00+00:00
[2023-11-29 14:27:54,432] {processor.py:171} INFO - Processing /home/airflow/.local/lib/python3.7/site-packages/airflow/example_dags/example_xcom.py took 0.184 seconds
[2023-11-29 14:28:24,824] {processor.py:163} INFO - Started process (PID=7074) to work on /home/airflow/.local/lib/python3.7/site-packages/airflow/example_dags/example_xcom.py
[2023-11-29 14:28:24,825] {processor.py:642} INFO - Processing file /home/airflow/.local/lib/python3.7/site-packages/airflow/example_dags/example_xcom.py for tasks to queue
[2023-11-29 14:28:24,825] {logging_mixin.py:109} INFO - [2023-11-29 14:28:24,825] {dagbag.py:500} INFO - Filling up the DagBag from /home/airflow/.local/lib/python3.7/site-packages/airflow/example_dags/example_xcom.py
[2023-11-29 14:28:24,847] {processor.py:654} INFO - DAG(s) dict_keys(['example_xcom']) retrieved from /home/airflow/.local/lib/python3.7/site-packages/airflow/example_dags/example_xcom.py
[2023-11-29 14:28:24,966] {logging_mixin.py:109} INFO - [2023-11-29 14:28:24,966] {dag.py:2398} INFO - Sync 1 DAGs
[2023-11-29 14:28:24,975] {logging_mixin.py:109} INFO - [2023-11-29 14:28:24,975] {dag.py:2937} INFO - Setting next_dagrun for example_xcom to 2021-01-01T00:00:00+00:00
[2023-11-29 14:28:24,983] {processor.py:171} INFO - Processing /home/airflow/.local/lib/python3.7/site-packages/airflow/example_dags/example_xcom.py took 0.161 seconds
[2023-11-29 14:28:55,313] {processor.py:163} INFO - Started process (PID=7261) to work on /home/airflow/.local/lib/python3.7/site-packages/airflow/example_dags/example_xcom.py
[2023-11-29 14:28:55,314] {processor.py:642} INFO - Processing file /home/airflow/.local/lib/python3.7/site-packages/airflow/example_dags/example_xcom.py for tasks to queue
[2023-11-29 14:28:55,315] {logging_mixin.py:109} INFO - [2023-11-29 14:28:55,315] {dagbag.py:500} INFO - Filling up the DagBag from /home/airflow/.local/lib/python3.7/site-packages/airflow/example_dags/example_xcom.py
[2023-11-29 14:28:55,339] {processor.py:654} INFO - DAG(s) dict_keys(['example_xcom']) retrieved from /home/airflow/.local/lib/python3.7/site-packages/airflow/example_dags/example_xcom.py
[2023-11-29 14:28:55,462] {logging_mixin.py:109} INFO - [2023-11-29 14:28:55,462] {dag.py:2398} INFO - Sync 1 DAGs
[2023-11-29 14:28:55,472] {logging_mixin.py:109} INFO - [2023-11-29 14:28:55,472] {dag.py:2937} INFO - Setting next_dagrun for example_xcom to 2021-01-01T00:00:00+00:00
[2023-11-29 14:28:55,481] {processor.py:171} INFO - Processing /home/airflow/.local/lib/python3.7/site-packages/airflow/example_dags/example_xcom.py took 0.170 seconds
[2023-11-29 14:29:25,838] {processor.py:163} INFO - Started process (PID=7439) to work on /home/airflow/.local/lib/python3.7/site-packages/airflow/example_dags/example_xcom.py
[2023-11-29 14:29:25,839] {processor.py:642} INFO - Processing file /home/airflow/.local/lib/python3.7/site-packages/airflow/example_dags/example_xcom.py for tasks to queue
[2023-11-29 14:29:25,839] {logging_mixin.py:109} INFO - [2023-11-29 14:29:25,839] {dagbag.py:500} INFO - Filling up the DagBag from /home/airflow/.local/lib/python3.7/site-packages/airflow/example_dags/example_xcom.py
[2023-11-29 14:29:25,862] {processor.py:654} INFO - DAG(s) dict_keys(['example_xcom']) retrieved from /home/airflow/.local/lib/python3.7/site-packages/airflow/example_dags/example_xcom.py
[2023-11-29 14:29:25,981] {logging_mixin.py:109} INFO - [2023-11-29 14:29:25,981] {dag.py:2398} INFO - Sync 1 DAGs
[2023-11-29 14:29:25,991] {logging_mixin.py:109} INFO - [2023-11-29 14:29:25,991] {dag.py:2937} INFO - Setting next_dagrun for example_xcom to 2021-01-01T00:00:00+00:00
[2023-11-29 14:29:26,000] {processor.py:171} INFO - Processing /home/airflow/.local/lib/python3.7/site-packages/airflow/example_dags/example_xcom.py took 0.164 seconds
[2023-11-29 14:29:56,314] {processor.py:163} INFO - Started process (PID=7627) to work on /home/airflow/.local/lib/python3.7/site-packages/airflow/example_dags/example_xcom.py
[2023-11-29 14:29:56,316] {processor.py:642} INFO - Processing file /home/airflow/.local/lib/python3.7/site-packages/airflow/example_dags/example_xcom.py for tasks to queue
[2023-11-29 14:29:56,316] {logging_mixin.py:109} INFO - [2023-11-29 14:29:56,316] {dagbag.py:500} INFO - Filling up the DagBag from /home/airflow/.local/lib/python3.7/site-packages/airflow/example_dags/example_xcom.py
[2023-11-29 14:29:56,338] {processor.py:654} INFO - DAG(s) dict_keys(['example_xcom']) retrieved from /home/airflow/.local/lib/python3.7/site-packages/airflow/example_dags/example_xcom.py
[2023-11-29 14:29:56,472] {logging_mixin.py:109} INFO - [2023-11-29 14:29:56,472] {dag.py:2398} INFO - Sync 1 DAGs
[2023-11-29 14:29:56,481] {logging_mixin.py:109} INFO - [2023-11-29 14:29:56,480] {dag.py:2937} INFO - Setting next_dagrun for example_xcom to 2021-01-01T00:00:00+00:00
[2023-11-29 14:29:56,488] {processor.py:171} INFO - Processing /home/airflow/.local/lib/python3.7/site-packages/airflow/example_dags/example_xcom.py took 0.175 seconds
[2023-11-29 14:30:26,713] {processor.py:163} INFO - Started process (PID=7805) to work on /home/airflow/.local/lib/python3.7/site-packages/airflow/example_dags/example_xcom.py
[2023-11-29 14:30:26,713] {processor.py:642} INFO - Processing file /home/airflow/.local/lib/python3.7/site-packages/airflow/example_dags/example_xcom.py for tasks to queue
[2023-11-29 14:30:26,714] {logging_mixin.py:109} INFO - [2023-11-29 14:30:26,714] {dagbag.py:500} INFO - Filling up the DagBag from /home/airflow/.local/lib/python3.7/site-packages/airflow/example_dags/example_xcom.py
[2023-11-29 14:30:26,736] {processor.py:654} INFO - DAG(s) dict_keys(['example_xcom']) retrieved from /home/airflow/.local/lib/python3.7/site-packages/airflow/example_dags/example_xcom.py
[2023-11-29 14:30:26,849] {logging_mixin.py:109} INFO - [2023-11-29 14:30:26,849] {dag.py:2398} INFO - Sync 1 DAGs
[2023-11-29 14:30:26,858] {logging_mixin.py:109} INFO - [2023-11-29 14:30:26,858] {dag.py:2937} INFO - Setting next_dagrun for example_xcom to 2021-01-01T00:00:00+00:00
[2023-11-29 14:30:26,867] {processor.py:171} INFO - Processing /home/airflow/.local/lib/python3.7/site-packages/airflow/example_dags/example_xcom.py took 0.156 seconds
[2023-11-29 14:30:57,052] {processor.py:163} INFO - Started process (PID=7992) to work on /home/airflow/.local/lib/python3.7/site-packages/airflow/example_dags/example_xcom.py
[2023-11-29 14:30:57,053] {processor.py:642} INFO - Processing file /home/airflow/.local/lib/python3.7/site-packages/airflow/example_dags/example_xcom.py for tasks to queue
[2023-11-29 14:30:57,053] {logging_mixin.py:109} INFO - [2023-11-29 14:30:57,053] {dagbag.py:500} INFO - Filling up the DagBag from /home/airflow/.local/lib/python3.7/site-packages/airflow/example_dags/example_xcom.py
[2023-11-29 14:30:57,076] {processor.py:654} INFO - DAG(s) dict_keys(['example_xcom']) retrieved from /home/airflow/.local/lib/python3.7/site-packages/airflow/example_dags/example_xcom.py
[2023-11-29 14:30:57,189] {logging_mixin.py:109} INFO - [2023-11-29 14:30:57,189] {dag.py:2398} INFO - Sync 1 DAGs
[2023-11-29 14:30:57,198] {logging_mixin.py:109} INFO - [2023-11-29 14:30:57,198] {dag.py:2937} INFO - Setting next_dagrun for example_xcom to 2021-01-01T00:00:00+00:00
[2023-11-29 14:30:57,207] {processor.py:171} INFO - Processing /home/airflow/.local/lib/python3.7/site-packages/airflow/example_dags/example_xcom.py took 0.157 seconds
[2023-11-29 14:31:27,416] {processor.py:163} INFO - Started process (PID=8179) to work on /home/airflow/.local/lib/python3.7/site-packages/airflow/example_dags/example_xcom.py
[2023-11-29 14:31:27,417] {processor.py:642} INFO - Processing file /home/airflow/.local/lib/python3.7/site-packages/airflow/example_dags/example_xcom.py for tasks to queue
[2023-11-29 14:31:27,417] {logging_mixin.py:109} INFO - [2023-11-29 14:31:27,417] {dagbag.py:500} INFO - Filling up the DagBag from /home/airflow/.local/lib/python3.7/site-packages/airflow/example_dags/example_xcom.py
[2023-11-29 14:31:27,446] {processor.py:654} INFO - DAG(s) dict_keys(['example_xcom']) retrieved from /home/airflow/.local/lib/python3.7/site-packages/airflow/example_dags/example_xcom.py
[2023-11-29 14:31:27,597] {logging_mixin.py:109} INFO - [2023-11-29 14:31:27,597] {dag.py:2398} INFO - Sync 1 DAGs
[2023-11-29 14:31:27,607] {logging_mixin.py:109} INFO - [2023-11-29 14:31:27,607] {dag.py:2937} INFO - Setting next_dagrun for example_xcom to 2021-01-01T00:00:00+00:00
[2023-11-29 14:31:27,615] {processor.py:171} INFO - Processing /home/airflow/.local/lib/python3.7/site-packages/airflow/example_dags/example_xcom.py took 0.201 seconds
[2023-11-29 14:31:57,861] {processor.py:163} INFO - Started process (PID=8357) to work on /home/airflow/.local/lib/python3.7/site-packages/airflow/example_dags/example_xcom.py
[2023-11-29 14:31:57,862] {processor.py:642} INFO - Processing file /home/airflow/.local/lib/python3.7/site-packages/airflow/example_dags/example_xcom.py for tasks to queue
[2023-11-29 14:31:57,863] {logging_mixin.py:109} INFO - [2023-11-29 14:31:57,863] {dagbag.py:500} INFO - Filling up the DagBag from /home/airflow/.local/lib/python3.7/site-packages/airflow/example_dags/example_xcom.py
[2023-11-29 14:31:57,884] {processor.py:654} INFO - DAG(s) dict_keys(['example_xcom']) retrieved from /home/airflow/.local/lib/python3.7/site-packages/airflow/example_dags/example_xcom.py
[2023-11-29 14:31:57,995] {logging_mixin.py:109} INFO - [2023-11-29 14:31:57,995] {dag.py:2398} INFO - Sync 1 DAGs
[2023-11-29 14:31:58,004] {logging_mixin.py:109} INFO - [2023-11-29 14:31:58,004] {dag.py:2937} INFO - Setting next_dagrun for example_xcom to 2021-01-01T00:00:00+00:00
[2023-11-29 14:31:58,012] {processor.py:171} INFO - Processing /home/airflow/.local/lib/python3.7/site-packages/airflow/example_dags/example_xcom.py took 0.153 seconds
[2023-11-29 14:32:28,255] {processor.py:163} INFO - Started process (PID=8544) to work on /home/airflow/.local/lib/python3.7/site-packages/airflow/example_dags/example_xcom.py
[2023-11-29 14:32:28,256] {processor.py:642} INFO - Processing file /home/airflow/.local/lib/python3.7/site-packages/airflow/example_dags/example_xcom.py for tasks to queue
[2023-11-29 14:32:28,257] {logging_mixin.py:109} INFO - [2023-11-29 14:32:28,257] {dagbag.py:500} INFO - Filling up the DagBag from /home/airflow/.local/lib/python3.7/site-packages/airflow/example_dags/example_xcom.py
[2023-11-29 14:32:28,279] {processor.py:654} INFO - DAG(s) dict_keys(['example_xcom']) retrieved from /home/airflow/.local/lib/python3.7/site-packages/airflow/example_dags/example_xcom.py
[2023-11-29 14:32:28,400] {logging_mixin.py:109} INFO - [2023-11-29 14:32:28,400] {dag.py:2398} INFO - Sync 1 DAGs
[2023-11-29 14:32:28,410] {logging_mixin.py:109} INFO - [2023-11-29 14:32:28,410] {dag.py:2937} INFO - Setting next_dagrun for example_xcom to 2021-01-01T00:00:00+00:00
[2023-11-29 14:32:28,418] {processor.py:171} INFO - Processing /home/airflow/.local/lib/python3.7/site-packages/airflow/example_dags/example_xcom.py took 0.165 seconds
[2023-11-29 14:32:58,665] {processor.py:163} INFO - Started process (PID=8722) to work on /home/airflow/.local/lib/python3.7/site-packages/airflow/example_dags/example_xcom.py
[2023-11-29 14:32:58,666] {processor.py:642} INFO - Processing file /home/airflow/.local/lib/python3.7/site-packages/airflow/example_dags/example_xcom.py for tasks to queue
[2023-11-29 14:32:58,667] {logging_mixin.py:109} INFO - [2023-11-29 14:32:58,667] {dagbag.py:500} INFO - Filling up the DagBag from /home/airflow/.local/lib/python3.7/site-packages/airflow/example_dags/example_xcom.py
[2023-11-29 14:32:58,689] {processor.py:654} INFO - DAG(s) dict_keys(['example_xcom']) retrieved from /home/airflow/.local/lib/python3.7/site-packages/airflow/example_dags/example_xcom.py
[2023-11-29 14:32:58,806] {logging_mixin.py:109} INFO - [2023-11-29 14:32:58,806] {dag.py:2398} INFO - Sync 1 DAGs
[2023-11-29 14:32:58,815] {logging_mixin.py:109} INFO - [2023-11-29 14:32:58,815] {dag.py:2937} INFO - Setting next_dagrun for example_xcom to 2021-01-01T00:00:00+00:00
[2023-11-29 14:32:58,823] {processor.py:171} INFO - Processing /home/airflow/.local/lib/python3.7/site-packages/airflow/example_dags/example_xcom.py took 0.160 seconds
[2023-11-29 14:33:29,105] {processor.py:163} INFO - Started process (PID=8909) to work on /home/airflow/.local/lib/python3.7/site-packages/airflow/example_dags/example_xcom.py
[2023-11-29 14:33:29,106] {processor.py:642} INFO - Processing file /home/airflow/.local/lib/python3.7/site-packages/airflow/example_dags/example_xcom.py for tasks to queue
[2023-11-29 14:33:29,106] {logging_mixin.py:109} INFO - [2023-11-29 14:33:29,106] {dagbag.py:500} INFO - Filling up the DagBag from /home/airflow/.local/lib/python3.7/site-packages/airflow/example_dags/example_xcom.py
[2023-11-29 14:33:29,128] {processor.py:654} INFO - DAG(s) dict_keys(['example_xcom']) retrieved from /home/airflow/.local/lib/python3.7/site-packages/airflow/example_dags/example_xcom.py
[2023-11-29 14:33:29,241] {logging_mixin.py:109} INFO - [2023-11-29 14:33:29,241] {dag.py:2398} INFO - Sync 1 DAGs
[2023-11-29 14:33:29,251] {logging_mixin.py:109} INFO - [2023-11-29 14:33:29,250] {dag.py:2937} INFO - Setting next_dagrun for example_xcom to 2021-01-01T00:00:00+00:00
[2023-11-29 14:33:29,259] {processor.py:171} INFO - Processing /home/airflow/.local/lib/python3.7/site-packages/airflow/example_dags/example_xcom.py took 0.156 seconds
[2023-11-29 14:33:59,530] {processor.py:163} INFO - Started process (PID=9086) to work on /home/airflow/.local/lib/python3.7/site-packages/airflow/example_dags/example_xcom.py
[2023-11-29 14:33:59,531] {processor.py:642} INFO - Processing file /home/airflow/.local/lib/python3.7/site-packages/airflow/example_dags/example_xcom.py for tasks to queue
[2023-11-29 14:33:59,531] {logging_mixin.py:109} INFO - [2023-11-29 14:33:59,531] {dagbag.py:500} INFO - Filling up the DagBag from /home/airflow/.local/lib/python3.7/site-packages/airflow/example_dags/example_xcom.py
[2023-11-29 14:33:59,552] {processor.py:654} INFO - DAG(s) dict_keys(['example_xcom']) retrieved from /home/airflow/.local/lib/python3.7/site-packages/airflow/example_dags/example_xcom.py
[2023-11-29 14:33:59,665] {logging_mixin.py:109} INFO - [2023-11-29 14:33:59,665] {dag.py:2398} INFO - Sync 1 DAGs
[2023-11-29 14:33:59,674] {logging_mixin.py:109} INFO - [2023-11-29 14:33:59,674] {dag.py:2937} INFO - Setting next_dagrun for example_xcom to 2021-01-01T00:00:00+00:00
[2023-11-29 14:33:59,683] {processor.py:171} INFO - Processing /home/airflow/.local/lib/python3.7/site-packages/airflow/example_dags/example_xcom.py took 0.155 seconds
[2023-11-29 14:34:29,977] {processor.py:163} INFO - Started process (PID=9273) to work on /home/airflow/.local/lib/python3.7/site-packages/airflow/example_dags/example_xcom.py
[2023-11-29 14:34:29,978] {processor.py:642} INFO - Processing file /home/airflow/.local/lib/python3.7/site-packages/airflow/example_dags/example_xcom.py for tasks to queue
[2023-11-29 14:34:29,979] {logging_mixin.py:109} INFO - [2023-11-29 14:34:29,979] {dagbag.py:500} INFO - Filling up the DagBag from /home/airflow/.local/lib/python3.7/site-packages/airflow/example_dags/example_xcom.py
[2023-11-29 14:34:30,003] {processor.py:654} INFO - DAG(s) dict_keys(['example_xcom']) retrieved from /home/airflow/.local/lib/python3.7/site-packages/airflow/example_dags/example_xcom.py
[2023-11-29 14:34:30,119] {logging_mixin.py:109} INFO - [2023-11-29 14:34:30,119] {dag.py:2398} INFO - Sync 1 DAGs
[2023-11-29 14:34:30,128] {logging_mixin.py:109} INFO - [2023-11-29 14:34:30,127] {dag.py:2937} INFO - Setting next_dagrun for example_xcom to 2021-01-01T00:00:00+00:00
[2023-11-29 14:34:30,136] {processor.py:171} INFO - Processing /home/airflow/.local/lib/python3.7/site-packages/airflow/example_dags/example_xcom.py took 0.161 seconds
[2023-11-29 14:35:00,481] {processor.py:163} INFO - Started process (PID=9460) to work on /home/airflow/.local/lib/python3.7/site-packages/airflow/example_dags/example_xcom.py
[2023-11-29 14:35:00,482] {processor.py:642} INFO - Processing file /home/airflow/.local/lib/python3.7/site-packages/airflow/example_dags/example_xcom.py for tasks to queue
[2023-11-29 14:35:00,482] {logging_mixin.py:109} INFO - [2023-11-29 14:35:00,482] {dagbag.py:500} INFO - Filling up the DagBag from /home/airflow/.local/lib/python3.7/site-packages/airflow/example_dags/example_xcom.py
[2023-11-29 14:35:00,503] {processor.py:654} INFO - DAG(s) dict_keys(['example_xcom']) retrieved from /home/airflow/.local/lib/python3.7/site-packages/airflow/example_dags/example_xcom.py
[2023-11-29 14:35:00,619] {logging_mixin.py:109} INFO - [2023-11-29 14:35:00,619] {dag.py:2398} INFO - Sync 1 DAGs
[2023-11-29 14:35:00,627] {logging_mixin.py:109} INFO - [2023-11-29 14:35:00,627] {dag.py:2937} INFO - Setting next_dagrun for example_xcom to 2021-01-01T00:00:00+00:00
[2023-11-29 14:35:00,636] {processor.py:171} INFO - Processing /home/airflow/.local/lib/python3.7/site-packages/airflow/example_dags/example_xcom.py took 0.157 seconds
[2023-11-29 14:35:30,875] {processor.py:163} INFO - Started process (PID=9638) to work on /home/airflow/.local/lib/python3.7/site-packages/airflow/example_dags/example_xcom.py
[2023-11-29 14:35:30,876] {processor.py:642} INFO - Processing file /home/airflow/.local/lib/python3.7/site-packages/airflow/example_dags/example_xcom.py for tasks to queue
[2023-11-29 14:35:30,876] {logging_mixin.py:109} INFO - [2023-11-29 14:35:30,876] {dagbag.py:500} INFO - Filling up the DagBag from /home/airflow/.local/lib/python3.7/site-packages/airflow/example_dags/example_xcom.py
[2023-11-29 14:35:30,901] {processor.py:654} INFO - DAG(s) dict_keys(['example_xcom']) retrieved from /home/airflow/.local/lib/python3.7/site-packages/airflow/example_dags/example_xcom.py
[2023-11-29 14:35:31,014] {logging_mixin.py:109} INFO - [2023-11-29 14:35:31,013] {dag.py:2398} INFO - Sync 1 DAGs
[2023-11-29 14:35:31,023] {logging_mixin.py:109} INFO - [2023-11-29 14:35:31,023] {dag.py:2937} INFO - Setting next_dagrun for example_xcom to 2021-01-01T00:00:00+00:00
[2023-11-29 14:35:31,032] {processor.py:171} INFO - Processing /home/airflow/.local/lib/python3.7/site-packages/airflow/example_dags/example_xcom.py took 0.158 seconds
[2023-11-29 14:36:01,290] {processor.py:163} INFO - Started process (PID=9825) to work on /home/airflow/.local/lib/python3.7/site-packages/airflow/example_dags/example_xcom.py
[2023-11-29 14:36:01,291] {processor.py:642} INFO - Processing file /home/airflow/.local/lib/python3.7/site-packages/airflow/example_dags/example_xcom.py for tasks to queue
[2023-11-29 14:36:01,292] {logging_mixin.py:109} INFO - [2023-11-29 14:36:01,292] {dagbag.py:500} INFO - Filling up the DagBag from /home/airflow/.local/lib/python3.7/site-packages/airflow/example_dags/example_xcom.py
[2023-11-29 14:36:01,315] {processor.py:654} INFO - DAG(s) dict_keys(['example_xcom']) retrieved from /home/airflow/.local/lib/python3.7/site-packages/airflow/example_dags/example_xcom.py
[2023-11-29 14:36:01,426] {logging_mixin.py:109} INFO - [2023-11-29 14:36:01,426] {dag.py:2398} INFO - Sync 1 DAGs
[2023-11-29 14:36:01,436] {logging_mixin.py:109} INFO - [2023-11-29 14:36:01,435] {dag.py:2937} INFO - Setting next_dagrun for example_xcom to 2021-01-01T00:00:00+00:00
[2023-11-29 14:36:01,445] {processor.py:171} INFO - Processing /home/airflow/.local/lib/python3.7/site-packages/airflow/example_dags/example_xcom.py took 0.157 seconds
[2023-11-29 14:36:31,686] {processor.py:163} INFO - Started process (PID=10018) to work on /home/airflow/.local/lib/python3.7/site-packages/airflow/example_dags/example_xcom.py
[2023-11-29 14:36:31,687] {processor.py:642} INFO - Processing file /home/airflow/.local/lib/python3.7/site-packages/airflow/example_dags/example_xcom.py for tasks to queue
[2023-11-29 14:36:31,687] {logging_mixin.py:109} INFO - [2023-11-29 14:36:31,687] {dagbag.py:500} INFO - Filling up the DagBag from /home/airflow/.local/lib/python3.7/site-packages/airflow/example_dags/example_xcom.py
[2023-11-29 14:36:31,709] {processor.py:654} INFO - DAG(s) dict_keys(['example_xcom']) retrieved from /home/airflow/.local/lib/python3.7/site-packages/airflow/example_dags/example_xcom.py
[2023-11-29 14:36:31,813] {logging_mixin.py:109} INFO - [2023-11-29 14:36:31,813] {dag.py:2398} INFO - Sync 1 DAGs
[2023-11-29 14:36:31,823] {logging_mixin.py:109} INFO - [2023-11-29 14:36:31,823] {dag.py:2937} INFO - Setting next_dagrun for example_xcom to 2021-01-01T00:00:00+00:00
[2023-11-29 14:36:31,832] {processor.py:171} INFO - Processing /home/airflow/.local/lib/python3.7/site-packages/airflow/example_dags/example_xcom.py took 0.148 seconds
[2023-11-29 14:37:02,173] {processor.py:163} INFO - Started process (PID=10190) to work on /home/airflow/.local/lib/python3.7/site-packages/airflow/example_dags/example_xcom.py
[2023-11-29 14:37:02,174] {processor.py:642} INFO - Processing file /home/airflow/.local/lib/python3.7/site-packages/airflow/example_dags/example_xcom.py for tasks to queue
[2023-11-29 14:37:02,174] {logging_mixin.py:109} INFO - [2023-11-29 14:37:02,174] {dagbag.py:500} INFO - Filling up the DagBag from /home/airflow/.local/lib/python3.7/site-packages/airflow/example_dags/example_xcom.py
[2023-11-29 14:37:02,201] {processor.py:654} INFO - DAG(s) dict_keys(['example_xcom']) retrieved from /home/airflow/.local/lib/python3.7/site-packages/airflow/example_dags/example_xcom.py
[2023-11-29 14:37:02,369] {logging_mixin.py:109} INFO - [2023-11-29 14:37:02,369] {dag.py:2398} INFO - Sync 1 DAGs
[2023-11-29 14:37:02,379] {logging_mixin.py:109} INFO - [2023-11-29 14:37:02,378] {dag.py:2937} INFO - Setting next_dagrun for example_xcom to 2021-01-01T00:00:00+00:00
[2023-11-29 14:37:02,386] {processor.py:171} INFO - Processing /home/airflow/.local/lib/python3.7/site-packages/airflow/example_dags/example_xcom.py took 0.216 seconds
[2023-11-29 14:37:32,803] {processor.py:163} INFO - Started process (PID=10377) to work on /home/airflow/.local/lib/python3.7/site-packages/airflow/example_dags/example_xcom.py
[2023-11-29 14:37:32,804] {processor.py:642} INFO - Processing file /home/airflow/.local/lib/python3.7/site-packages/airflow/example_dags/example_xcom.py for tasks to queue
[2023-11-29 14:37:32,804] {logging_mixin.py:109} INFO - [2023-11-29 14:37:32,804] {dagbag.py:500} INFO - Filling up the DagBag from /home/airflow/.local/lib/python3.7/site-packages/airflow/example_dags/example_xcom.py
[2023-11-29 14:37:32,827] {processor.py:654} INFO - DAG(s) dict_keys(['example_xcom']) retrieved from /home/airflow/.local/lib/python3.7/site-packages/airflow/example_dags/example_xcom.py
[2023-11-29 14:37:32,966] {logging_mixin.py:109} INFO - [2023-11-29 14:37:32,966] {dag.py:2398} INFO - Sync 1 DAGs
[2023-11-29 14:37:32,976] {logging_mixin.py:109} INFO - [2023-11-29 14:37:32,976] {dag.py:2937} INFO - Setting next_dagrun for example_xcom to 2021-01-01T00:00:00+00:00
[2023-11-29 14:37:32,985] {processor.py:171} INFO - Processing /home/airflow/.local/lib/python3.7/site-packages/airflow/example_dags/example_xcom.py took 0.185 seconds
[2023-11-29 14:38:03,338] {processor.py:163} INFO - Started process (PID=10556) to work on /home/airflow/.local/lib/python3.7/site-packages/airflow/example_dags/example_xcom.py
[2023-11-29 14:38:03,340] {processor.py:642} INFO - Processing file /home/airflow/.local/lib/python3.7/site-packages/airflow/example_dags/example_xcom.py for tasks to queue
[2023-11-29 14:38:03,340] {logging_mixin.py:109} INFO - [2023-11-29 14:38:03,340] {dagbag.py:500} INFO - Filling up the DagBag from /home/airflow/.local/lib/python3.7/site-packages/airflow/example_dags/example_xcom.py
[2023-11-29 14:38:03,375] {processor.py:654} INFO - DAG(s) dict_keys(['example_xcom']) retrieved from /home/airflow/.local/lib/python3.7/site-packages/airflow/example_dags/example_xcom.py
[2023-11-29 14:38:03,496] {logging_mixin.py:109} INFO - [2023-11-29 14:38:03,496] {dag.py:2398} INFO - Sync 1 DAGs
[2023-11-29 14:38:03,504] {logging_mixin.py:109} INFO - [2023-11-29 14:38:03,504] {dag.py:2937} INFO - Setting next_dagrun for example_xcom to 2021-01-01T00:00:00+00:00
[2023-11-29 14:38:03,511] {processor.py:171} INFO - Processing /home/airflow/.local/lib/python3.7/site-packages/airflow/example_dags/example_xcom.py took 0.176 seconds
[2023-11-29 14:38:33,751] {processor.py:163} INFO - Started process (PID=10743) to work on /home/airflow/.local/lib/python3.7/site-packages/airflow/example_dags/example_xcom.py
[2023-11-29 14:38:33,752] {processor.py:642} INFO - Processing file /home/airflow/.local/lib/python3.7/site-packages/airflow/example_dags/example_xcom.py for tasks to queue
[2023-11-29 14:38:33,752] {logging_mixin.py:109} INFO - [2023-11-29 14:38:33,752] {dagbag.py:500} INFO - Filling up the DagBag from /home/airflow/.local/lib/python3.7/site-packages/airflow/example_dags/example_xcom.py
[2023-11-29 14:38:33,773] {processor.py:654} INFO - DAG(s) dict_keys(['example_xcom']) retrieved from /home/airflow/.local/lib/python3.7/site-packages/airflow/example_dags/example_xcom.py
[2023-11-29 14:38:33,923] {logging_mixin.py:109} INFO - [2023-11-29 14:38:33,923] {dag.py:2398} INFO - Sync 1 DAGs
[2023-11-29 14:38:33,935] {logging_mixin.py:109} INFO - [2023-11-29 14:38:33,934] {dag.py:2937} INFO - Setting next_dagrun for example_xcom to 2021-01-01T00:00:00+00:00
[2023-11-29 14:38:33,943] {processor.py:171} INFO - Processing /home/airflow/.local/lib/python3.7/site-packages/airflow/example_dags/example_xcom.py took 0.195 seconds
[2023-11-29 14:39:04,113] {processor.py:163} INFO - Started process (PID=10922) to work on /home/airflow/.local/lib/python3.7/site-packages/airflow/example_dags/example_xcom.py
[2023-11-29 14:39:04,114] {processor.py:642} INFO - Processing file /home/airflow/.local/lib/python3.7/site-packages/airflow/example_dags/example_xcom.py for tasks to queue
[2023-11-29 14:39:04,115] {logging_mixin.py:109} INFO - [2023-11-29 14:39:04,115] {dagbag.py:500} INFO - Filling up the DagBag from /home/airflow/.local/lib/python3.7/site-packages/airflow/example_dags/example_xcom.py
[2023-11-29 14:39:04,137] {processor.py:654} INFO - DAG(s) dict_keys(['example_xcom']) retrieved from /home/airflow/.local/lib/python3.7/site-packages/airflow/example_dags/example_xcom.py
[2023-11-29 14:39:04,253] {logging_mixin.py:109} INFO - [2023-11-29 14:39:04,253] {dag.py:2398} INFO - Sync 1 DAGs
[2023-11-29 14:39:04,262] {logging_mixin.py:109} INFO - [2023-11-29 14:39:04,262] {dag.py:2937} INFO - Setting next_dagrun for example_xcom to 2021-01-01T00:00:00+00:00
[2023-11-29 14:39:04,271] {processor.py:171} INFO - Processing /home/airflow/.local/lib/python3.7/site-packages/airflow/example_dags/example_xcom.py took 0.159 seconds
[2023-11-29 14:39:34,562] {processor.py:163} INFO - Started process (PID=11110) to work on /home/airflow/.local/lib/python3.7/site-packages/airflow/example_dags/example_xcom.py
[2023-11-29 14:39:34,563] {processor.py:642} INFO - Processing file /home/airflow/.local/lib/python3.7/site-packages/airflow/example_dags/example_xcom.py for tasks to queue
[2023-11-29 14:39:34,564] {logging_mixin.py:109} INFO - [2023-11-29 14:39:34,564] {dagbag.py:500} INFO - Filling up the DagBag from /home/airflow/.local/lib/python3.7/site-packages/airflow/example_dags/example_xcom.py
[2023-11-29 14:39:34,587] {processor.py:654} INFO - DAG(s) dict_keys(['example_xcom']) retrieved from /home/airflow/.local/lib/python3.7/site-packages/airflow/example_dags/example_xcom.py
[2023-11-29 14:39:34,703] {logging_mixin.py:109} INFO - [2023-11-29 14:39:34,703] {dag.py:2398} INFO - Sync 1 DAGs
[2023-11-29 14:39:34,713] {logging_mixin.py:109} INFO - [2023-11-29 14:39:34,712] {dag.py:2937} INFO - Setting next_dagrun for example_xcom to 2021-01-01T00:00:00+00:00
[2023-11-29 14:39:34,722] {processor.py:171} INFO - Processing /home/airflow/.local/lib/python3.7/site-packages/airflow/example_dags/example_xcom.py took 0.162 seconds
[2023-11-29 14:40:04,957] {processor.py:163} INFO - Started process (PID=11288) to work on /home/airflow/.local/lib/python3.7/site-packages/airflow/example_dags/example_xcom.py
[2023-11-29 14:40:04,958] {processor.py:642} INFO - Processing file /home/airflow/.local/lib/python3.7/site-packages/airflow/example_dags/example_xcom.py for tasks to queue
[2023-11-29 14:40:04,958] {logging_mixin.py:109} INFO - [2023-11-29 14:40:04,958] {dagbag.py:500} INFO - Filling up the DagBag from /home/airflow/.local/lib/python3.7/site-packages/airflow/example_dags/example_xcom.py
[2023-11-29 14:40:04,980] {processor.py:654} INFO - DAG(s) dict_keys(['example_xcom']) retrieved from /home/airflow/.local/lib/python3.7/site-packages/airflow/example_dags/example_xcom.py
[2023-11-29 14:40:05,089] {logging_mixin.py:109} INFO - [2023-11-29 14:40:05,089] {dag.py:2398} INFO - Sync 1 DAGs
[2023-11-29 14:40:05,099] {logging_mixin.py:109} INFO - [2023-11-29 14:40:05,099] {dag.py:2937} INFO - Setting next_dagrun for example_xcom to 2021-01-01T00:00:00+00:00
[2023-11-29 14:40:05,107] {processor.py:171} INFO - Processing /home/airflow/.local/lib/python3.7/site-packages/airflow/example_dags/example_xcom.py took 0.152 seconds
[2023-11-29 14:40:35,339] {processor.py:163} INFO - Started process (PID=11475) to work on /home/airflow/.local/lib/python3.7/site-packages/airflow/example_dags/example_xcom.py
[2023-11-29 14:40:35,341] {processor.py:642} INFO - Processing file /home/airflow/.local/lib/python3.7/site-packages/airflow/example_dags/example_xcom.py for tasks to queue
[2023-11-29 14:40:35,341] {logging_mixin.py:109} INFO - [2023-11-29 14:40:35,341] {dagbag.py:500} INFO - Filling up the DagBag from /home/airflow/.local/lib/python3.7/site-packages/airflow/example_dags/example_xcom.py
[2023-11-29 14:40:35,363] {processor.py:654} INFO - DAG(s) dict_keys(['example_xcom']) retrieved from /home/airflow/.local/lib/python3.7/site-packages/airflow/example_dags/example_xcom.py
[2023-11-29 14:40:35,482] {logging_mixin.py:109} INFO - [2023-11-29 14:40:35,482] {dag.py:2398} INFO - Sync 1 DAGs
[2023-11-29 14:40:35,491] {logging_mixin.py:109} INFO - [2023-11-29 14:40:35,490] {dag.py:2937} INFO - Setting next_dagrun for example_xcom to 2021-01-01T00:00:00+00:00
[2023-11-29 14:40:35,500] {processor.py:171} INFO - Processing /home/airflow/.local/lib/python3.7/site-packages/airflow/example_dags/example_xcom.py took 0.162 seconds
[2023-11-29 14:41:05,664] {processor.py:163} INFO - Started process (PID=11653) to work on /home/airflow/.local/lib/python3.7/site-packages/airflow/example_dags/example_xcom.py
[2023-11-29 14:41:05,664] {processor.py:642} INFO - Processing file /home/airflow/.local/lib/python3.7/site-packages/airflow/example_dags/example_xcom.py for tasks to queue
[2023-11-29 14:41:05,665] {logging_mixin.py:109} INFO - [2023-11-29 14:41:05,665] {dagbag.py:500} INFO - Filling up the DagBag from /home/airflow/.local/lib/python3.7/site-packages/airflow/example_dags/example_xcom.py
[2023-11-29 14:41:05,687] {processor.py:654} INFO - DAG(s) dict_keys(['example_xcom']) retrieved from /home/airflow/.local/lib/python3.7/site-packages/airflow/example_dags/example_xcom.py
[2023-11-29 14:41:05,799] {logging_mixin.py:109} INFO - [2023-11-29 14:41:05,798] {dag.py:2398} INFO - Sync 1 DAGs
[2023-11-29 14:41:05,809] {logging_mixin.py:109} INFO - [2023-11-29 14:41:05,809] {dag.py:2937} INFO - Setting next_dagrun for example_xcom to 2021-01-01T00:00:00+00:00
[2023-11-29 14:41:05,820] {processor.py:171} INFO - Processing /home/airflow/.local/lib/python3.7/site-packages/airflow/example_dags/example_xcom.py took 0.158 seconds
[2023-11-29 14:41:36,097] {processor.py:163} INFO - Started process (PID=11840) to work on /home/airflow/.local/lib/python3.7/site-packages/airflow/example_dags/example_xcom.py
[2023-11-29 14:41:36,098] {processor.py:642} INFO - Processing file /home/airflow/.local/lib/python3.7/site-packages/airflow/example_dags/example_xcom.py for tasks to queue
[2023-11-29 14:41:36,098] {logging_mixin.py:109} INFO - [2023-11-29 14:41:36,098] {dagbag.py:500} INFO - Filling up the DagBag from /home/airflow/.local/lib/python3.7/site-packages/airflow/example_dags/example_xcom.py
[2023-11-29 14:41:36,124] {processor.py:654} INFO - DAG(s) dict_keys(['example_xcom']) retrieved from /home/airflow/.local/lib/python3.7/site-packages/airflow/example_dags/example_xcom.py
[2023-11-29 14:41:36,242] {logging_mixin.py:109} INFO - [2023-11-29 14:41:36,242] {dag.py:2398} INFO - Sync 1 DAGs
[2023-11-29 14:41:36,252] {logging_mixin.py:109} INFO - [2023-11-29 14:41:36,252] {dag.py:2937} INFO - Setting next_dagrun for example_xcom to 2021-01-01T00:00:00+00:00
[2023-11-29 14:41:36,261] {processor.py:171} INFO - Processing /home/airflow/.local/lib/python3.7/site-packages/airflow/example_dags/example_xcom.py took 0.166 seconds
[2023-11-29 14:42:06,524] {processor.py:163} INFO - Started process (PID=12027) to work on /home/airflow/.local/lib/python3.7/site-packages/airflow/example_dags/example_xcom.py
[2023-11-29 14:42:06,525] {processor.py:642} INFO - Processing file /home/airflow/.local/lib/python3.7/site-packages/airflow/example_dags/example_xcom.py for tasks to queue
[2023-11-29 14:42:06,525] {logging_mixin.py:109} INFO - [2023-11-29 14:42:06,525] {dagbag.py:500} INFO - Filling up the DagBag from /home/airflow/.local/lib/python3.7/site-packages/airflow/example_dags/example_xcom.py
[2023-11-29 14:42:06,548] {processor.py:654} INFO - DAG(s) dict_keys(['example_xcom']) retrieved from /home/airflow/.local/lib/python3.7/site-packages/airflow/example_dags/example_xcom.py
[2023-11-29 14:42:06,699] {logging_mixin.py:109} INFO - [2023-11-29 14:42:06,699] {dag.py:2398} INFO - Sync 1 DAGs
[2023-11-29 14:42:06,711] {logging_mixin.py:109} INFO - [2023-11-29 14:42:06,711] {dag.py:2937} INFO - Setting next_dagrun for example_xcom to 2021-01-01T00:00:00+00:00
[2023-11-29 14:42:06,723] {processor.py:171} INFO - Processing /home/airflow/.local/lib/python3.7/site-packages/airflow/example_dags/example_xcom.py took 0.201 seconds
[2023-11-29 14:42:36,932] {processor.py:163} INFO - Started process (PID=12220) to work on /home/airflow/.local/lib/python3.7/site-packages/airflow/example_dags/example_xcom.py
[2023-11-29 14:42:36,933] {processor.py:642} INFO - Processing file /home/airflow/.local/lib/python3.7/site-packages/airflow/example_dags/example_xcom.py for tasks to queue
[2023-11-29 14:42:36,934] {logging_mixin.py:109} INFO - [2023-11-29 14:42:36,934] {dagbag.py:500} INFO - Filling up the DagBag from /home/airflow/.local/lib/python3.7/site-packages/airflow/example_dags/example_xcom.py
[2023-11-29 14:42:36,957] {processor.py:654} INFO - DAG(s) dict_keys(['example_xcom']) retrieved from /home/airflow/.local/lib/python3.7/site-packages/airflow/example_dags/example_xcom.py
[2023-11-29 14:42:37,073] {logging_mixin.py:109} INFO - [2023-11-29 14:42:37,073] {dag.py:2398} INFO - Sync 1 DAGs
[2023-11-29 14:42:37,083] {logging_mixin.py:109} INFO - [2023-11-29 14:42:37,082] {dag.py:2937} INFO - Setting next_dagrun for example_xcom to 2021-01-01T00:00:00+00:00
[2023-11-29 14:42:37,092] {processor.py:171} INFO - Processing /home/airflow/.local/lib/python3.7/site-packages/airflow/example_dags/example_xcom.py took 0.161 seconds
[2023-11-29 14:43:07,358] {processor.py:163} INFO - Started process (PID=12392) to work on /home/airflow/.local/lib/python3.7/site-packages/airflow/example_dags/example_xcom.py
[2023-11-29 14:43:07,359] {processor.py:642} INFO - Processing file /home/airflow/.local/lib/python3.7/site-packages/airflow/example_dags/example_xcom.py for tasks to queue
[2023-11-29 14:43:07,359] {logging_mixin.py:109} INFO - [2023-11-29 14:43:07,359] {dagbag.py:500} INFO - Filling up the DagBag from /home/airflow/.local/lib/python3.7/site-packages/airflow/example_dags/example_xcom.py
[2023-11-29 14:43:07,382] {processor.py:654} INFO - DAG(s) dict_keys(['example_xcom']) retrieved from /home/airflow/.local/lib/python3.7/site-packages/airflow/example_dags/example_xcom.py
[2023-11-29 14:43:07,503] {logging_mixin.py:109} INFO - [2023-11-29 14:43:07,503] {dag.py:2398} INFO - Sync 1 DAGs
[2023-11-29 14:43:07,513] {logging_mixin.py:109} INFO - [2023-11-29 14:43:07,513] {dag.py:2937} INFO - Setting next_dagrun for example_xcom to 2021-01-01T00:00:00+00:00
[2023-11-29 14:43:07,522] {processor.py:171} INFO - Processing /home/airflow/.local/lib/python3.7/site-packages/airflow/example_dags/example_xcom.py took 0.166 seconds
[2023-11-29 14:43:37,669] {processor.py:163} INFO - Started process (PID=12570) to work on /home/airflow/.local/lib/python3.7/site-packages/airflow/example_dags/example_xcom.py
[2023-11-29 14:43:37,670] {processor.py:642} INFO - Processing file /home/airflow/.local/lib/python3.7/site-packages/airflow/example_dags/example_xcom.py for tasks to queue
[2023-11-29 14:43:37,670] {logging_mixin.py:109} INFO - [2023-11-29 14:43:37,670] {dagbag.py:500} INFO - Filling up the DagBag from /home/airflow/.local/lib/python3.7/site-packages/airflow/example_dags/example_xcom.py
[2023-11-29 14:43:37,694] {processor.py:654} INFO - DAG(s) dict_keys(['example_xcom']) retrieved from /home/airflow/.local/lib/python3.7/site-packages/airflow/example_dags/example_xcom.py
[2023-11-29 14:43:37,815] {logging_mixin.py:109} INFO - [2023-11-29 14:43:37,815] {dag.py:2398} INFO - Sync 1 DAGs
[2023-11-29 14:43:37,826] {logging_mixin.py:109} INFO - [2023-11-29 14:43:37,826] {dag.py:2937} INFO - Setting next_dagrun for example_xcom to 2021-01-01T00:00:00+00:00
[2023-11-29 14:43:37,836] {processor.py:171} INFO - Processing /home/airflow/.local/lib/python3.7/site-packages/airflow/example_dags/example_xcom.py took 0.170 seconds
[2023-11-29 14:44:08,059] {processor.py:163} INFO - Started process (PID=12757) to work on /home/airflow/.local/lib/python3.7/site-packages/airflow/example_dags/example_xcom.py
[2023-11-29 14:44:08,060] {processor.py:642} INFO - Processing file /home/airflow/.local/lib/python3.7/site-packages/airflow/example_dags/example_xcom.py for tasks to queue
[2023-11-29 14:44:08,060] {logging_mixin.py:109} INFO - [2023-11-29 14:44:08,060] {dagbag.py:500} INFO - Filling up the DagBag from /home/airflow/.local/lib/python3.7/site-packages/airflow/example_dags/example_xcom.py
[2023-11-29 14:44:08,087] {processor.py:654} INFO - DAG(s) dict_keys(['example_xcom']) retrieved from /home/airflow/.local/lib/python3.7/site-packages/airflow/example_dags/example_xcom.py
[2023-11-29 14:44:08,211] {logging_mixin.py:109} INFO - [2023-11-29 14:44:08,211] {dag.py:2398} INFO - Sync 1 DAGs
[2023-11-29 14:44:08,221] {logging_mixin.py:109} INFO - [2023-11-29 14:44:08,221] {dag.py:2937} INFO - Setting next_dagrun for example_xcom to 2021-01-01T00:00:00+00:00
[2023-11-29 14:44:08,231] {processor.py:171} INFO - Processing /home/airflow/.local/lib/python3.7/site-packages/airflow/example_dags/example_xcom.py took 0.174 seconds
[2023-11-29 14:44:38,655] {processor.py:163} INFO - Started process (PID=12935) to work on /home/airflow/.local/lib/python3.7/site-packages/airflow/example_dags/example_xcom.py
[2023-11-29 14:44:38,657] {processor.py:642} INFO - Processing file /home/airflow/.local/lib/python3.7/site-packages/airflow/example_dags/example_xcom.py for tasks to queue
[2023-11-29 14:44:38,658] {logging_mixin.py:109} INFO - [2023-11-29 14:44:38,658] {dagbag.py:500} INFO - Filling up the DagBag from /home/airflow/.local/lib/python3.7/site-packages/airflow/example_dags/example_xcom.py
[2023-11-29 14:44:38,685] {processor.py:654} INFO - DAG(s) dict_keys(['example_xcom']) retrieved from /home/airflow/.local/lib/python3.7/site-packages/airflow/example_dags/example_xcom.py
[2023-11-29 14:44:38,836] {logging_mixin.py:109} INFO - [2023-11-29 14:44:38,836] {dag.py:2398} INFO - Sync 1 DAGs
[2023-11-29 14:44:38,849] {logging_mixin.py:109} INFO - [2023-11-29 14:44:38,849] {dag.py:2937} INFO - Setting next_dagrun for example_xcom to 2021-01-01T00:00:00+00:00
[2023-11-29 14:44:38,860] {processor.py:171} INFO - Processing /home/airflow/.local/lib/python3.7/site-packages/airflow/example_dags/example_xcom.py took 0.207 seconds
[2023-11-29 14:45:09,458] {processor.py:163} INFO - Started process (PID=13122) to work on /home/airflow/.local/lib/python3.7/site-packages/airflow/example_dags/example_xcom.py
[2023-11-29 14:45:09,459] {processor.py:642} INFO - Processing file /home/airflow/.local/lib/python3.7/site-packages/airflow/example_dags/example_xcom.py for tasks to queue
[2023-11-29 14:45:09,460] {logging_mixin.py:109} INFO - [2023-11-29 14:45:09,460] {dagbag.py:500} INFO - Filling up the DagBag from /home/airflow/.local/lib/python3.7/site-packages/airflow/example_dags/example_xcom.py
[2023-11-29 14:45:09,488] {processor.py:654} INFO - DAG(s) dict_keys(['example_xcom']) retrieved from /home/airflow/.local/lib/python3.7/site-packages/airflow/example_dags/example_xcom.py
[2023-11-29 14:45:09,641] {logging_mixin.py:109} INFO - [2023-11-29 14:45:09,641] {dag.py:2398} INFO - Sync 1 DAGs
[2023-11-29 14:45:09,651] {logging_mixin.py:109} INFO - [2023-11-29 14:45:09,651] {dag.py:2937} INFO - Setting next_dagrun for example_xcom to 2021-01-01T00:00:00+00:00
[2023-11-29 14:45:09,663] {processor.py:171} INFO - Processing /home/airflow/.local/lib/python3.7/site-packages/airflow/example_dags/example_xcom.py took 0.207 seconds
[2023-11-29 14:45:40,144] {processor.py:163} INFO - Started process (PID=13300) to work on /home/airflow/.local/lib/python3.7/site-packages/airflow/example_dags/example_xcom.py
[2023-11-29 14:45:40,145] {processor.py:642} INFO - Processing file /home/airflow/.local/lib/python3.7/site-packages/airflow/example_dags/example_xcom.py for tasks to queue
[2023-11-29 14:45:40,145] {logging_mixin.py:109} INFO - [2023-11-29 14:45:40,145] {dagbag.py:500} INFO - Filling up the DagBag from /home/airflow/.local/lib/python3.7/site-packages/airflow/example_dags/example_xcom.py
[2023-11-29 14:45:40,170] {processor.py:654} INFO - DAG(s) dict_keys(['example_xcom']) retrieved from /home/airflow/.local/lib/python3.7/site-packages/airflow/example_dags/example_xcom.py
[2023-11-29 14:45:40,336] {logging_mixin.py:109} INFO - [2023-11-29 14:45:40,336] {dag.py:2398} INFO - Sync 1 DAGs
[2023-11-29 14:45:40,350] {logging_mixin.py:109} INFO - [2023-11-29 14:45:40,350] {dag.py:2937} INFO - Setting next_dagrun for example_xcom to 2021-01-01T00:00:00+00:00
[2023-11-29 14:45:40,361] {processor.py:171} INFO - Processing /home/airflow/.local/lib/python3.7/site-packages/airflow/example_dags/example_xcom.py took 0.219 seconds
[2023-11-29 14:46:11,102] {processor.py:163} INFO - Started process (PID=13487) to work on /home/airflow/.local/lib/python3.7/site-packages/airflow/example_dags/example_xcom.py
[2023-11-29 14:46:11,103] {processor.py:642} INFO - Processing file /home/airflow/.local/lib/python3.7/site-packages/airflow/example_dags/example_xcom.py for tasks to queue
[2023-11-29 14:46:11,103] {logging_mixin.py:109} INFO - [2023-11-29 14:46:11,103] {dagbag.py:500} INFO - Filling up the DagBag from /home/airflow/.local/lib/python3.7/site-packages/airflow/example_dags/example_xcom.py
[2023-11-29 14:46:11,136] {processor.py:654} INFO - DAG(s) dict_keys(['example_xcom']) retrieved from /home/airflow/.local/lib/python3.7/site-packages/airflow/example_dags/example_xcom.py
[2023-11-29 14:46:11,316] {logging_mixin.py:109} INFO - [2023-11-29 14:46:11,316] {dag.py:2398} INFO - Sync 1 DAGs
[2023-11-29 14:46:11,329] {logging_mixin.py:109} INFO - [2023-11-29 14:46:11,328] {dag.py:2937} INFO - Setting next_dagrun for example_xcom to 2021-01-01T00:00:00+00:00
[2023-11-29 14:46:11,343] {processor.py:171} INFO - Processing /home/airflow/.local/lib/python3.7/site-packages/airflow/example_dags/example_xcom.py took 0.243 seconds
[2023-11-29 14:46:41,843] {processor.py:163} INFO - Started process (PID=13672) to work on /home/airflow/.local/lib/python3.7/site-packages/airflow/example_dags/example_xcom.py
[2023-11-29 14:46:41,844] {processor.py:642} INFO - Processing file /home/airflow/.local/lib/python3.7/site-packages/airflow/example_dags/example_xcom.py for tasks to queue
[2023-11-29 14:46:41,845] {logging_mixin.py:109} INFO - [2023-11-29 14:46:41,845] {dagbag.py:500} INFO - Filling up the DagBag from /home/airflow/.local/lib/python3.7/site-packages/airflow/example_dags/example_xcom.py
[2023-11-29 14:46:41,870] {processor.py:654} INFO - DAG(s) dict_keys(['example_xcom']) retrieved from /home/airflow/.local/lib/python3.7/site-packages/airflow/example_dags/example_xcom.py
[2023-11-29 14:46:42,032] {logging_mixin.py:109} INFO - [2023-11-29 14:46:42,032] {dag.py:2398} INFO - Sync 1 DAGs
[2023-11-29 14:46:42,044] {logging_mixin.py:109} INFO - [2023-11-29 14:46:42,043] {dag.py:2937} INFO - Setting next_dagrun for example_xcom to 2021-01-01T00:00:00+00:00
[2023-11-29 14:46:42,053] {processor.py:171} INFO - Processing /home/airflow/.local/lib/python3.7/site-packages/airflow/example_dags/example_xcom.py took 0.211 seconds
[2023-11-29 14:47:12,413] {processor.py:163} INFO - Started process (PID=13852) to work on /home/airflow/.local/lib/python3.7/site-packages/airflow/example_dags/example_xcom.py
[2023-11-29 14:47:12,414] {processor.py:642} INFO - Processing file /home/airflow/.local/lib/python3.7/site-packages/airflow/example_dags/example_xcom.py for tasks to queue
[2023-11-29 14:47:12,414] {logging_mixin.py:109} INFO - [2023-11-29 14:47:12,414] {dagbag.py:500} INFO - Filling up the DagBag from /home/airflow/.local/lib/python3.7/site-packages/airflow/example_dags/example_xcom.py
[2023-11-29 14:47:12,438] {processor.py:654} INFO - DAG(s) dict_keys(['example_xcom']) retrieved from /home/airflow/.local/lib/python3.7/site-packages/airflow/example_dags/example_xcom.py
[2023-11-29 14:47:12,551] {logging_mixin.py:109} INFO - [2023-11-29 14:47:12,551] {dag.py:2398} INFO - Sync 1 DAGs
[2023-11-29 14:47:12,560] {logging_mixin.py:109} INFO - [2023-11-29 14:47:12,560] {dag.py:2937} INFO - Setting next_dagrun for example_xcom to 2021-01-01T00:00:00+00:00
[2023-11-29 14:47:12,569] {processor.py:171} INFO - Processing /home/airflow/.local/lib/python3.7/site-packages/airflow/example_dags/example_xcom.py took 0.158 seconds
[2023-11-29 14:47:42,952] {processor.py:163} INFO - Started process (PID=14039) to work on /home/airflow/.local/lib/python3.7/site-packages/airflow/example_dags/example_xcom.py
[2023-11-29 14:47:42,954] {processor.py:642} INFO - Processing file /home/airflow/.local/lib/python3.7/site-packages/airflow/example_dags/example_xcom.py for tasks to queue
[2023-11-29 14:47:42,954] {logging_mixin.py:109} INFO - [2023-11-29 14:47:42,954] {dagbag.py:500} INFO - Filling up the DagBag from /home/airflow/.local/lib/python3.7/site-packages/airflow/example_dags/example_xcom.py
[2023-11-29 14:47:42,983] {processor.py:654} INFO - DAG(s) dict_keys(['example_xcom']) retrieved from /home/airflow/.local/lib/python3.7/site-packages/airflow/example_dags/example_xcom.py
[2023-11-29 14:47:43,121] {logging_mixin.py:109} INFO - [2023-11-29 14:47:43,121] {dag.py:2398} INFO - Sync 1 DAGs
[2023-11-29 14:47:43,132] {logging_mixin.py:109} INFO - [2023-11-29 14:47:43,132] {dag.py:2937} INFO - Setting next_dagrun for example_xcom to 2021-01-01T00:00:00+00:00
[2023-11-29 14:47:43,144] {processor.py:171} INFO - Processing /home/airflow/.local/lib/python3.7/site-packages/airflow/example_dags/example_xcom.py took 0.194 seconds
[2023-11-29 14:48:13,568] {processor.py:163} INFO - Started process (PID=14217) to work on /home/airflow/.local/lib/python3.7/site-packages/airflow/example_dags/example_xcom.py
[2023-11-29 14:48:13,569] {processor.py:642} INFO - Processing file /home/airflow/.local/lib/python3.7/site-packages/airflow/example_dags/example_xcom.py for tasks to queue
[2023-11-29 14:48:13,570] {logging_mixin.py:109} INFO - [2023-11-29 14:48:13,570] {dagbag.py:500} INFO - Filling up the DagBag from /home/airflow/.local/lib/python3.7/site-packages/airflow/example_dags/example_xcom.py
[2023-11-29 14:48:13,599] {processor.py:654} INFO - DAG(s) dict_keys(['example_xcom']) retrieved from /home/airflow/.local/lib/python3.7/site-packages/airflow/example_dags/example_xcom.py
[2023-11-29 14:48:13,736] {logging_mixin.py:109} INFO - [2023-11-29 14:48:13,736] {dag.py:2398} INFO - Sync 1 DAGs
[2023-11-29 14:48:13,749] {logging_mixin.py:109} INFO - [2023-11-29 14:48:13,749] {dag.py:2937} INFO - Setting next_dagrun for example_xcom to 2021-01-01T00:00:00+00:00
[2023-11-29 14:48:13,761] {processor.py:171} INFO - Processing /home/airflow/.local/lib/python3.7/site-packages/airflow/example_dags/example_xcom.py took 0.194 seconds
[2023-11-29 14:48:44,190] {processor.py:163} INFO - Started process (PID=14405) to work on /home/airflow/.local/lib/python3.7/site-packages/airflow/example_dags/example_xcom.py
[2023-11-29 14:48:44,191] {processor.py:642} INFO - Processing file /home/airflow/.local/lib/python3.7/site-packages/airflow/example_dags/example_xcom.py for tasks to queue
[2023-11-29 14:48:44,191] {logging_mixin.py:109} INFO - [2023-11-29 14:48:44,191] {dagbag.py:500} INFO - Filling up the DagBag from /home/airflow/.local/lib/python3.7/site-packages/airflow/example_dags/example_xcom.py
[2023-11-29 14:48:44,216] {processor.py:654} INFO - DAG(s) dict_keys(['example_xcom']) retrieved from /home/airflow/.local/lib/python3.7/site-packages/airflow/example_dags/example_xcom.py
[2023-11-29 14:48:44,341] {logging_mixin.py:109} INFO - [2023-11-29 14:48:44,341] {dag.py:2398} INFO - Sync 1 DAGs
[2023-11-29 14:48:44,351] {logging_mixin.py:109} INFO - [2023-11-29 14:48:44,351] {dag.py:2937} INFO - Setting next_dagrun for example_xcom to 2021-01-01T00:00:00+00:00
[2023-11-29 14:48:44,362] {processor.py:171} INFO - Processing /home/airflow/.local/lib/python3.7/site-packages/airflow/example_dags/example_xcom.py took 0.174 seconds
[2023-11-29 14:49:14,731] {processor.py:163} INFO - Started process (PID=14583) to work on /home/airflow/.local/lib/python3.7/site-packages/airflow/example_dags/example_xcom.py
[2023-11-29 14:49:14,732] {processor.py:642} INFO - Processing file /home/airflow/.local/lib/python3.7/site-packages/airflow/example_dags/example_xcom.py for tasks to queue
[2023-11-29 14:49:14,732] {logging_mixin.py:109} INFO - [2023-11-29 14:49:14,732] {dagbag.py:500} INFO - Filling up the DagBag from /home/airflow/.local/lib/python3.7/site-packages/airflow/example_dags/example_xcom.py
[2023-11-29 14:49:14,756] {processor.py:654} INFO - DAG(s) dict_keys(['example_xcom']) retrieved from /home/airflow/.local/lib/python3.7/site-packages/airflow/example_dags/example_xcom.py
[2023-11-29 14:49:14,880] {logging_mixin.py:109} INFO - [2023-11-29 14:49:14,880] {dag.py:2398} INFO - Sync 1 DAGs
[2023-11-29 14:49:14,888] {logging_mixin.py:109} INFO - [2023-11-29 14:49:14,888] {dag.py:2937} INFO - Setting next_dagrun for example_xcom to 2021-01-01T00:00:00+00:00
[2023-11-29 14:49:14,897] {processor.py:171} INFO - Processing /home/airflow/.local/lib/python3.7/site-packages/airflow/example_dags/example_xcom.py took 0.168 seconds
[2023-11-29 14:49:45,236] {processor.py:163} INFO - Started process (PID=14776) to work on /home/airflow/.local/lib/python3.7/site-packages/airflow/example_dags/example_xcom.py
[2023-11-29 14:49:45,237] {processor.py:642} INFO - Processing file /home/airflow/.local/lib/python3.7/site-packages/airflow/example_dags/example_xcom.py for tasks to queue
[2023-11-29 14:49:45,238] {logging_mixin.py:109} INFO - [2023-11-29 14:49:45,238] {dagbag.py:500} INFO - Filling up the DagBag from /home/airflow/.local/lib/python3.7/site-packages/airflow/example_dags/example_xcom.py
[2023-11-29 14:49:45,261] {processor.py:654} INFO - DAG(s) dict_keys(['example_xcom']) retrieved from /home/airflow/.local/lib/python3.7/site-packages/airflow/example_dags/example_xcom.py
[2023-11-29 14:49:45,375] {logging_mixin.py:109} INFO - [2023-11-29 14:49:45,375] {dag.py:2398} INFO - Sync 1 DAGs
[2023-11-29 14:49:45,384] {logging_mixin.py:109} INFO - [2023-11-29 14:49:45,384] {dag.py:2937} INFO - Setting next_dagrun for example_xcom to 2021-01-01T00:00:00+00:00
[2023-11-29 14:49:45,393] {processor.py:171} INFO - Processing /home/airflow/.local/lib/python3.7/site-packages/airflow/example_dags/example_xcom.py took 0.158 seconds
[2023-11-29 19:01:11,480] {processor.py:163} INFO - Started process (PID=14962) to work on /home/airflow/.local/lib/python3.7/site-packages/airflow/example_dags/example_xcom.py
[2023-11-29 19:01:11,491] {processor.py:642} INFO - Processing file /home/airflow/.local/lib/python3.7/site-packages/airflow/example_dags/example_xcom.py for tasks to queue
[2023-11-29 19:01:11,492] {logging_mixin.py:109} INFO - [2023-11-29 19:01:11,492] {dagbag.py:500} INFO - Filling up the DagBag from /home/airflow/.local/lib/python3.7/site-packages/airflow/example_dags/example_xcom.py
[2023-11-29 19:01:11,564] {processor.py:654} INFO - DAG(s) dict_keys(['example_xcom']) retrieved from /home/airflow/.local/lib/python3.7/site-packages/airflow/example_dags/example_xcom.py
[2023-11-29 19:01:12,280] {logging_mixin.py:109} INFO - [2023-11-29 19:01:12,280] {dag.py:2398} INFO - Sync 1 DAGs
[2023-11-29 19:01:12,311] {logging_mixin.py:109} INFO - [2023-11-29 19:01:12,311] {dag.py:2937} INFO - Setting next_dagrun for example_xcom to 2021-01-01T00:00:00+00:00
[2023-11-29 19:01:12,360] {processor.py:171} INFO - Processing /home/airflow/.local/lib/python3.7/site-packages/airflow/example_dags/example_xcom.py took 0.882 seconds
