[2023-11-29 14:04:14,537] {processor.py:163} INFO - Started process (PID=448) to work on /home/airflow/.local/lib/python3.7/site-packages/airflow/example_dags/example_complex.py
[2023-11-29 14:04:14,538] {processor.py:642} INFO - Processing file /home/airflow/.local/lib/python3.7/site-packages/airflow/example_dags/example_complex.py for tasks to queue
[2023-11-29 14:04:14,539] {logging_mixin.py:109} INFO - [2023-11-29 14:04:14,539] {dagbag.py:500} INFO - Filling up the DagBag from /home/airflow/.local/lib/python3.7/site-packages/airflow/example_dags/example_complex.py
[2023-11-29 14:04:14,586] {processor.py:654} INFO - DAG(s) dict_keys(['example_complex']) retrieved from /home/airflow/.local/lib/python3.7/site-packages/airflow/example_dags/example_complex.py
[2023-11-29 14:04:16,959] {logging_mixin.py:109} INFO - [2023-11-29 14:04:16,959] {manager.py:496} INFO - Created Permission View: can edit on DAG:example_complex
[2023-11-29 14:04:16,970] {logging_mixin.py:109} INFO - [2023-11-29 14:04:16,970] {manager.py:496} INFO - Created Permission View: can read on DAG:example_complex
[2023-11-29 14:04:16,971] {logging_mixin.py:109} INFO - [2023-11-29 14:04:16,970] {dag.py:2398} INFO - Sync 1 DAGs
[2023-11-29 14:04:16,979] {logging_mixin.py:109} INFO - [2023-11-29 14:04:16,979] {dag.py:2417} INFO - Creating ORM DAG for example_complex
[2023-11-29 14:04:16,988] {logging_mixin.py:109} INFO - [2023-11-29 14:04:16,988] {dag.py:2937} INFO - Setting next_dagrun for example_complex to None
[2023-11-29 14:04:17,002] {processor.py:171} INFO - Processing /home/airflow/.local/lib/python3.7/site-packages/airflow/example_dags/example_complex.py took 2.468 seconds
[2023-11-29 14:09:33,451] {processor.py:163} INFO - Started process (PID=261) to work on /home/airflow/.local/lib/python3.7/site-packages/airflow/example_dags/example_complex.py
[2023-11-29 14:09:33,452] {processor.py:642} INFO - Processing file /home/airflow/.local/lib/python3.7/site-packages/airflow/example_dags/example_complex.py for tasks to queue
[2023-11-29 14:09:33,453] {logging_mixin.py:109} INFO - [2023-11-29 14:09:33,453] {dagbag.py:500} INFO - Filling up the DagBag from /home/airflow/.local/lib/python3.7/site-packages/airflow/example_dags/example_complex.py
[2023-11-29 14:09:33,485] {processor.py:654} INFO - DAG(s) dict_keys(['example_complex']) retrieved from /home/airflow/.local/lib/python3.7/site-packages/airflow/example_dags/example_complex.py
[2023-11-29 14:09:33,499] {logging_mixin.py:109} INFO - [2023-11-29 14:09:33,498] {dag.py:2398} INFO - Sync 1 DAGs
[2023-11-29 14:09:33,511] {logging_mixin.py:109} INFO - [2023-11-29 14:09:33,511] {dag.py:2937} INFO - Setting next_dagrun for example_complex to None
[2023-11-29 14:09:33,521] {processor.py:171} INFO - Processing /home/airflow/.local/lib/python3.7/site-packages/airflow/example_dags/example_complex.py took 0.072 seconds
[2023-11-29 14:10:04,211] {processor.py:163} INFO - Started process (PID=451) to work on /home/airflow/.local/lib/python3.7/site-packages/airflow/example_dags/example_complex.py
[2023-11-29 14:10:04,211] {processor.py:642} INFO - Processing file /home/airflow/.local/lib/python3.7/site-packages/airflow/example_dags/example_complex.py for tasks to queue
[2023-11-29 14:10:04,212] {logging_mixin.py:109} INFO - [2023-11-29 14:10:04,212] {dagbag.py:500} INFO - Filling up the DagBag from /home/airflow/.local/lib/python3.7/site-packages/airflow/example_dags/example_complex.py
[2023-11-29 14:10:04,234] {processor.py:654} INFO - DAG(s) dict_keys(['example_complex']) retrieved from /home/airflow/.local/lib/python3.7/site-packages/airflow/example_dags/example_complex.py
[2023-11-29 14:10:04,244] {logging_mixin.py:109} INFO - [2023-11-29 14:10:04,243] {dag.py:2398} INFO - Sync 1 DAGs
[2023-11-29 14:10:04,254] {logging_mixin.py:109} INFO - [2023-11-29 14:10:04,254] {dag.py:2937} INFO - Setting next_dagrun for example_complex to None
[2023-11-29 14:10:04,262] {processor.py:171} INFO - Processing /home/airflow/.local/lib/python3.7/site-packages/airflow/example_dags/example_complex.py took 0.053 seconds
[2023-11-29 14:10:34,736] {processor.py:163} INFO - Started process (PID=636) to work on /home/airflow/.local/lib/python3.7/site-packages/airflow/example_dags/example_complex.py
[2023-11-29 14:10:34,737] {processor.py:642} INFO - Processing file /home/airflow/.local/lib/python3.7/site-packages/airflow/example_dags/example_complex.py for tasks to queue
[2023-11-29 14:10:34,738] {logging_mixin.py:109} INFO - [2023-11-29 14:10:34,738] {dagbag.py:500} INFO - Filling up the DagBag from /home/airflow/.local/lib/python3.7/site-packages/airflow/example_dags/example_complex.py
[2023-11-29 14:10:34,764] {processor.py:654} INFO - DAG(s) dict_keys(['example_complex']) retrieved from /home/airflow/.local/lib/python3.7/site-packages/airflow/example_dags/example_complex.py
[2023-11-29 14:10:34,777] {logging_mixin.py:109} INFO - [2023-11-29 14:10:34,777] {dag.py:2398} INFO - Sync 1 DAGs
[2023-11-29 14:10:34,786] {logging_mixin.py:109} INFO - [2023-11-29 14:10:34,786] {dag.py:2937} INFO - Setting next_dagrun for example_complex to None
[2023-11-29 14:10:34,793] {processor.py:171} INFO - Processing /home/airflow/.local/lib/python3.7/site-packages/airflow/example_dags/example_complex.py took 0.059 seconds
[2023-11-29 14:11:05,348] {processor.py:163} INFO - Started process (PID=813) to work on /home/airflow/.local/lib/python3.7/site-packages/airflow/example_dags/example_complex.py
[2023-11-29 14:11:05,349] {processor.py:642} INFO - Processing file /home/airflow/.local/lib/python3.7/site-packages/airflow/example_dags/example_complex.py for tasks to queue
[2023-11-29 14:11:05,349] {logging_mixin.py:109} INFO - [2023-11-29 14:11:05,349] {dagbag.py:500} INFO - Filling up the DagBag from /home/airflow/.local/lib/python3.7/site-packages/airflow/example_dags/example_complex.py
[2023-11-29 14:11:05,370] {processor.py:654} INFO - DAG(s) dict_keys(['example_complex']) retrieved from /home/airflow/.local/lib/python3.7/site-packages/airflow/example_dags/example_complex.py
[2023-11-29 14:11:05,380] {logging_mixin.py:109} INFO - [2023-11-29 14:11:05,380] {dag.py:2398} INFO - Sync 1 DAGs
[2023-11-29 14:11:05,388] {logging_mixin.py:109} INFO - [2023-11-29 14:11:05,388] {dag.py:2937} INFO - Setting next_dagrun for example_complex to None
[2023-11-29 14:11:05,399] {processor.py:171} INFO - Processing /home/airflow/.local/lib/python3.7/site-packages/airflow/example_dags/example_complex.py took 0.053 seconds
[2023-11-29 14:11:36,167] {processor.py:163} INFO - Started process (PID=1001) to work on /home/airflow/.local/lib/python3.7/site-packages/airflow/example_dags/example_complex.py
[2023-11-29 14:11:36,168] {processor.py:642} INFO - Processing file /home/airflow/.local/lib/python3.7/site-packages/airflow/example_dags/example_complex.py for tasks to queue
[2023-11-29 14:11:36,169] {logging_mixin.py:109} INFO - [2023-11-29 14:11:36,168] {dagbag.py:500} INFO - Filling up the DagBag from /home/airflow/.local/lib/python3.7/site-packages/airflow/example_dags/example_complex.py
[2023-11-29 14:11:36,195] {processor.py:654} INFO - DAG(s) dict_keys(['example_complex']) retrieved from /home/airflow/.local/lib/python3.7/site-packages/airflow/example_dags/example_complex.py
[2023-11-29 14:11:36,205] {logging_mixin.py:109} INFO - [2023-11-29 14:11:36,205] {dag.py:2398} INFO - Sync 1 DAGs
[2023-11-29 14:11:36,216] {logging_mixin.py:109} INFO - [2023-11-29 14:11:36,216] {dag.py:2937} INFO - Setting next_dagrun for example_complex to None
[2023-11-29 14:11:36,225] {processor.py:171} INFO - Processing /home/airflow/.local/lib/python3.7/site-packages/airflow/example_dags/example_complex.py took 0.060 seconds
[2023-11-29 14:12:06,846] {processor.py:163} INFO - Started process (PID=1178) to work on /home/airflow/.local/lib/python3.7/site-packages/airflow/example_dags/example_complex.py
[2023-11-29 14:12:06,847] {processor.py:642} INFO - Processing file /home/airflow/.local/lib/python3.7/site-packages/airflow/example_dags/example_complex.py for tasks to queue
[2023-11-29 14:12:06,847] {logging_mixin.py:109} INFO - [2023-11-29 14:12:06,847] {dagbag.py:500} INFO - Filling up the DagBag from /home/airflow/.local/lib/python3.7/site-packages/airflow/example_dags/example_complex.py
[2023-11-29 14:12:06,872] {processor.py:654} INFO - DAG(s) dict_keys(['example_complex']) retrieved from /home/airflow/.local/lib/python3.7/site-packages/airflow/example_dags/example_complex.py
[2023-11-29 14:12:06,881] {logging_mixin.py:109} INFO - [2023-11-29 14:12:06,881] {dag.py:2398} INFO - Sync 1 DAGs
[2023-11-29 14:12:06,892] {logging_mixin.py:109} INFO - [2023-11-29 14:12:06,891] {dag.py:2937} INFO - Setting next_dagrun for example_complex to None
[2023-11-29 14:12:06,899] {processor.py:171} INFO - Processing /home/airflow/.local/lib/python3.7/site-packages/airflow/example_dags/example_complex.py took 0.055 seconds
[2023-11-29 14:12:37,629] {processor.py:163} INFO - Started process (PID=1365) to work on /home/airflow/.local/lib/python3.7/site-packages/airflow/example_dags/example_complex.py
[2023-11-29 14:12:37,630] {processor.py:642} INFO - Processing file /home/airflow/.local/lib/python3.7/site-packages/airflow/example_dags/example_complex.py for tasks to queue
[2023-11-29 14:12:37,631] {logging_mixin.py:109} INFO - [2023-11-29 14:12:37,631] {dagbag.py:500} INFO - Filling up the DagBag from /home/airflow/.local/lib/python3.7/site-packages/airflow/example_dags/example_complex.py
[2023-11-29 14:12:37,659] {processor.py:654} INFO - DAG(s) dict_keys(['example_complex']) retrieved from /home/airflow/.local/lib/python3.7/site-packages/airflow/example_dags/example_complex.py
[2023-11-29 14:12:37,671] {logging_mixin.py:109} INFO - [2023-11-29 14:12:37,671] {dag.py:2398} INFO - Sync 1 DAGs
[2023-11-29 14:12:37,683] {logging_mixin.py:109} INFO - [2023-11-29 14:12:37,683] {dag.py:2937} INFO - Setting next_dagrun for example_complex to None
[2023-11-29 14:12:37,693] {processor.py:171} INFO - Processing /home/airflow/.local/lib/python3.7/site-packages/airflow/example_dags/example_complex.py took 0.066 seconds
[2023-11-29 14:13:08,585] {processor.py:163} INFO - Started process (PID=1544) to work on /home/airflow/.local/lib/python3.7/site-packages/airflow/example_dags/example_complex.py
[2023-11-29 14:13:08,586] {processor.py:642} INFO - Processing file /home/airflow/.local/lib/python3.7/site-packages/airflow/example_dags/example_complex.py for tasks to queue
[2023-11-29 14:13:08,587] {logging_mixin.py:109} INFO - [2023-11-29 14:13:08,587] {dagbag.py:500} INFO - Filling up the DagBag from /home/airflow/.local/lib/python3.7/site-packages/airflow/example_dags/example_complex.py
[2023-11-29 14:13:08,612] {processor.py:654} INFO - DAG(s) dict_keys(['example_complex']) retrieved from /home/airflow/.local/lib/python3.7/site-packages/airflow/example_dags/example_complex.py
[2023-11-29 14:13:08,622] {logging_mixin.py:109} INFO - [2023-11-29 14:13:08,622] {dag.py:2398} INFO - Sync 1 DAGs
[2023-11-29 14:13:08,632] {logging_mixin.py:109} INFO - [2023-11-29 14:13:08,632] {dag.py:2937} INFO - Setting next_dagrun for example_complex to None
[2023-11-29 14:13:08,641] {processor.py:171} INFO - Processing /home/airflow/.local/lib/python3.7/site-packages/airflow/example_dags/example_complex.py took 0.058 seconds
[2023-11-29 14:13:39,167] {processor.py:163} INFO - Started process (PID=1730) to work on /home/airflow/.local/lib/python3.7/site-packages/airflow/example_dags/example_complex.py
[2023-11-29 14:13:39,168] {processor.py:642} INFO - Processing file /home/airflow/.local/lib/python3.7/site-packages/airflow/example_dags/example_complex.py for tasks to queue
[2023-11-29 14:13:39,169] {logging_mixin.py:109} INFO - [2023-11-29 14:13:39,169] {dagbag.py:500} INFO - Filling up the DagBag from /home/airflow/.local/lib/python3.7/site-packages/airflow/example_dags/example_complex.py
[2023-11-29 14:13:39,197] {processor.py:654} INFO - DAG(s) dict_keys(['example_complex']) retrieved from /home/airflow/.local/lib/python3.7/site-packages/airflow/example_dags/example_complex.py
[2023-11-29 14:13:39,207] {logging_mixin.py:109} INFO - [2023-11-29 14:13:39,207] {dag.py:2398} INFO - Sync 1 DAGs
[2023-11-29 14:13:39,217] {logging_mixin.py:109} INFO - [2023-11-29 14:13:39,217] {dag.py:2937} INFO - Setting next_dagrun for example_complex to None
[2023-11-29 14:13:39,227] {processor.py:171} INFO - Processing /home/airflow/.local/lib/python3.7/site-packages/airflow/example_dags/example_complex.py took 0.061 seconds
[2023-11-29 14:14:09,792] {processor.py:163} INFO - Started process (PID=1921) to work on /home/airflow/.local/lib/python3.7/site-packages/airflow/example_dags/example_complex.py
[2023-11-29 14:14:09,793] {processor.py:642} INFO - Processing file /home/airflow/.local/lib/python3.7/site-packages/airflow/example_dags/example_complex.py for tasks to queue
[2023-11-29 14:14:09,794] {logging_mixin.py:109} INFO - [2023-11-29 14:14:09,793] {dagbag.py:500} INFO - Filling up the DagBag from /home/airflow/.local/lib/python3.7/site-packages/airflow/example_dags/example_complex.py
[2023-11-29 14:14:09,823] {processor.py:654} INFO - DAG(s) dict_keys(['example_complex']) retrieved from /home/airflow/.local/lib/python3.7/site-packages/airflow/example_dags/example_complex.py
[2023-11-29 14:14:09,834] {logging_mixin.py:109} INFO - [2023-11-29 14:14:09,834] {dag.py:2398} INFO - Sync 1 DAGs
[2023-11-29 14:14:09,845] {logging_mixin.py:109} INFO - [2023-11-29 14:14:09,845] {dag.py:2937} INFO - Setting next_dagrun for example_complex to None
[2023-11-29 14:14:09,854] {processor.py:171} INFO - Processing /home/airflow/.local/lib/python3.7/site-packages/airflow/example_dags/example_complex.py took 0.064 seconds
[2023-11-29 14:14:40,789] {processor.py:163} INFO - Started process (PID=2096) to work on /home/airflow/.local/lib/python3.7/site-packages/airflow/example_dags/example_complex.py
[2023-11-29 14:14:40,790] {processor.py:642} INFO - Processing file /home/airflow/.local/lib/python3.7/site-packages/airflow/example_dags/example_complex.py for tasks to queue
[2023-11-29 14:14:40,791] {logging_mixin.py:109} INFO - [2023-11-29 14:14:40,791] {dagbag.py:500} INFO - Filling up the DagBag from /home/airflow/.local/lib/python3.7/site-packages/airflow/example_dags/example_complex.py
[2023-11-29 14:14:40,815] {processor.py:654} INFO - DAG(s) dict_keys(['example_complex']) retrieved from /home/airflow/.local/lib/python3.7/site-packages/airflow/example_dags/example_complex.py
[2023-11-29 14:14:40,826] {logging_mixin.py:109} INFO - [2023-11-29 14:14:40,826] {dag.py:2398} INFO - Sync 1 DAGs
[2023-11-29 14:14:40,907] {logging_mixin.py:109} INFO - [2023-11-29 14:14:40,907] {dag.py:2937} INFO - Setting next_dagrun for example_complex to None
[2023-11-29 14:14:40,914] {processor.py:171} INFO - Processing /home/airflow/.local/lib/python3.7/site-packages/airflow/example_dags/example_complex.py took 0.127 seconds
[2023-11-29 14:15:11,202] {processor.py:163} INFO - Started process (PID=2286) to work on /home/airflow/.local/lib/python3.7/site-packages/airflow/example_dags/example_complex.py
[2023-11-29 14:15:11,203] {processor.py:642} INFO - Processing file /home/airflow/.local/lib/python3.7/site-packages/airflow/example_dags/example_complex.py for tasks to queue
[2023-11-29 14:15:11,203] {logging_mixin.py:109} INFO - [2023-11-29 14:15:11,203] {dagbag.py:500} INFO - Filling up the DagBag from /home/airflow/.local/lib/python3.7/site-packages/airflow/example_dags/example_complex.py
[2023-11-29 14:15:11,232] {processor.py:654} INFO - DAG(s) dict_keys(['example_complex']) retrieved from /home/airflow/.local/lib/python3.7/site-packages/airflow/example_dags/example_complex.py
[2023-11-29 14:15:11,246] {logging_mixin.py:109} INFO - [2023-11-29 14:15:11,246] {dag.py:2398} INFO - Sync 1 DAGs
[2023-11-29 14:15:11,342] {logging_mixin.py:109} INFO - [2023-11-29 14:15:11,342] {dag.py:2937} INFO - Setting next_dagrun for example_complex to None
[2023-11-29 14:15:11,353] {processor.py:171} INFO - Processing /home/airflow/.local/lib/python3.7/site-packages/airflow/example_dags/example_complex.py took 0.153 seconds
[2023-11-29 14:15:41,606] {processor.py:163} INFO - Started process (PID=2462) to work on /home/airflow/.local/lib/python3.7/site-packages/airflow/example_dags/example_complex.py
[2023-11-29 14:15:41,607] {processor.py:642} INFO - Processing file /home/airflow/.local/lib/python3.7/site-packages/airflow/example_dags/example_complex.py for tasks to queue
[2023-11-29 14:15:41,608] {logging_mixin.py:109} INFO - [2023-11-29 14:15:41,607] {dagbag.py:500} INFO - Filling up the DagBag from /home/airflow/.local/lib/python3.7/site-packages/airflow/example_dags/example_complex.py
[2023-11-29 14:15:41,633] {processor.py:654} INFO - DAG(s) dict_keys(['example_complex']) retrieved from /home/airflow/.local/lib/python3.7/site-packages/airflow/example_dags/example_complex.py
[2023-11-29 14:15:41,702] {logging_mixin.py:109} INFO - [2023-11-29 14:15:41,702] {dag.py:2398} INFO - Sync 1 DAGs
[2023-11-29 14:15:41,711] {logging_mixin.py:109} INFO - [2023-11-29 14:15:41,710] {dag.py:2937} INFO - Setting next_dagrun for example_complex to None
[2023-11-29 14:15:41,718] {processor.py:171} INFO - Processing /home/airflow/.local/lib/python3.7/site-packages/airflow/example_dags/example_complex.py took 0.114 seconds
[2023-11-29 14:16:12,113] {processor.py:163} INFO - Started process (PID=2649) to work on /home/airflow/.local/lib/python3.7/site-packages/airflow/example_dags/example_complex.py
[2023-11-29 14:16:12,114] {processor.py:642} INFO - Processing file /home/airflow/.local/lib/python3.7/site-packages/airflow/example_dags/example_complex.py for tasks to queue
[2023-11-29 14:16:12,115] {logging_mixin.py:109} INFO - [2023-11-29 14:16:12,115] {dagbag.py:500} INFO - Filling up the DagBag from /home/airflow/.local/lib/python3.7/site-packages/airflow/example_dags/example_complex.py
[2023-11-29 14:16:12,141] {processor.py:654} INFO - DAG(s) dict_keys(['example_complex']) retrieved from /home/airflow/.local/lib/python3.7/site-packages/airflow/example_dags/example_complex.py
[2023-11-29 14:16:12,215] {logging_mixin.py:109} INFO - [2023-11-29 14:16:12,214] {dag.py:2398} INFO - Sync 1 DAGs
[2023-11-29 14:16:12,224] {logging_mixin.py:109} INFO - [2023-11-29 14:16:12,224] {dag.py:2937} INFO - Setting next_dagrun for example_complex to None
[2023-11-29 14:16:12,232] {processor.py:171} INFO - Processing /home/airflow/.local/lib/python3.7/site-packages/airflow/example_dags/example_complex.py took 0.121 seconds
[2023-11-29 14:16:42,600] {processor.py:163} INFO - Started process (PID=2827) to work on /home/airflow/.local/lib/python3.7/site-packages/airflow/example_dags/example_complex.py
[2023-11-29 14:16:42,601] {processor.py:642} INFO - Processing file /home/airflow/.local/lib/python3.7/site-packages/airflow/example_dags/example_complex.py for tasks to queue
[2023-11-29 14:16:42,601] {logging_mixin.py:109} INFO - [2023-11-29 14:16:42,601] {dagbag.py:500} INFO - Filling up the DagBag from /home/airflow/.local/lib/python3.7/site-packages/airflow/example_dags/example_complex.py
[2023-11-29 14:16:42,629] {processor.py:654} INFO - DAG(s) dict_keys(['example_complex']) retrieved from /home/airflow/.local/lib/python3.7/site-packages/airflow/example_dags/example_complex.py
[2023-11-29 14:16:42,718] {logging_mixin.py:109} INFO - [2023-11-29 14:16:42,717] {dag.py:2398} INFO - Sync 1 DAGs
[2023-11-29 14:16:42,729] {logging_mixin.py:109} INFO - [2023-11-29 14:16:42,729] {dag.py:2937} INFO - Setting next_dagrun for example_complex to None
[2023-11-29 14:16:42,737] {processor.py:171} INFO - Processing /home/airflow/.local/lib/python3.7/site-packages/airflow/example_dags/example_complex.py took 0.139 seconds
[2023-11-29 14:17:13,171] {processor.py:163} INFO - Started process (PID=3016) to work on /home/airflow/.local/lib/python3.7/site-packages/airflow/example_dags/example_complex.py
[2023-11-29 14:17:13,173] {processor.py:642} INFO - Processing file /home/airflow/.local/lib/python3.7/site-packages/airflow/example_dags/example_complex.py for tasks to queue
[2023-11-29 14:17:13,174] {logging_mixin.py:109} INFO - [2023-11-29 14:17:13,174] {dagbag.py:500} INFO - Filling up the DagBag from /home/airflow/.local/lib/python3.7/site-packages/airflow/example_dags/example_complex.py
[2023-11-29 14:17:13,277] {processor.py:654} INFO - DAG(s) dict_keys(['example_complex']) retrieved from /home/airflow/.local/lib/python3.7/site-packages/airflow/example_dags/example_complex.py
[2023-11-29 14:17:13,290] {logging_mixin.py:109} INFO - [2023-11-29 14:17:13,289] {dag.py:2398} INFO - Sync 1 DAGs
[2023-11-29 14:17:13,298] {logging_mixin.py:109} INFO - [2023-11-29 14:17:13,298] {dag.py:2937} INFO - Setting next_dagrun for example_complex to None
[2023-11-29 14:17:13,309] {processor.py:171} INFO - Processing /home/airflow/.local/lib/python3.7/site-packages/airflow/example_dags/example_complex.py took 0.141 seconds
[2023-11-29 14:17:43,869] {processor.py:163} INFO - Started process (PID=3192) to work on /home/airflow/.local/lib/python3.7/site-packages/airflow/example_dags/example_complex.py
[2023-11-29 14:17:43,870] {processor.py:642} INFO - Processing file /home/airflow/.local/lib/python3.7/site-packages/airflow/example_dags/example_complex.py for tasks to queue
[2023-11-29 14:17:43,871] {logging_mixin.py:109} INFO - [2023-11-29 14:17:43,871] {dagbag.py:500} INFO - Filling up the DagBag from /home/airflow/.local/lib/python3.7/site-packages/airflow/example_dags/example_complex.py
[2023-11-29 14:17:43,986] {processor.py:654} INFO - DAG(s) dict_keys(['example_complex']) retrieved from /home/airflow/.local/lib/python3.7/site-packages/airflow/example_dags/example_complex.py
[2023-11-29 14:17:43,999] {logging_mixin.py:109} INFO - [2023-11-29 14:17:43,999] {dag.py:2398} INFO - Sync 1 DAGs
[2023-11-29 14:17:44,011] {logging_mixin.py:109} INFO - [2023-11-29 14:17:44,011] {dag.py:2937} INFO - Setting next_dagrun for example_complex to None
[2023-11-29 14:17:44,020] {processor.py:171} INFO - Processing /home/airflow/.local/lib/python3.7/site-packages/airflow/example_dags/example_complex.py took 0.153 seconds
[2023-11-29 14:18:14,288] {processor.py:163} INFO - Started process (PID=3381) to work on /home/airflow/.local/lib/python3.7/site-packages/airflow/example_dags/example_complex.py
[2023-11-29 14:18:14,289] {processor.py:642} INFO - Processing file /home/airflow/.local/lib/python3.7/site-packages/airflow/example_dags/example_complex.py for tasks to queue
[2023-11-29 14:18:14,290] {logging_mixin.py:109} INFO - [2023-11-29 14:18:14,290] {dagbag.py:500} INFO - Filling up the DagBag from /home/airflow/.local/lib/python3.7/site-packages/airflow/example_dags/example_complex.py
[2023-11-29 14:18:14,376] {processor.py:654} INFO - DAG(s) dict_keys(['example_complex']) retrieved from /home/airflow/.local/lib/python3.7/site-packages/airflow/example_dags/example_complex.py
[2023-11-29 14:18:14,384] {logging_mixin.py:109} INFO - [2023-11-29 14:18:14,384] {dag.py:2398} INFO - Sync 1 DAGs
[2023-11-29 14:18:14,394] {logging_mixin.py:109} INFO - [2023-11-29 14:18:14,394] {dag.py:2937} INFO - Setting next_dagrun for example_complex to None
[2023-11-29 14:18:14,403] {processor.py:171} INFO - Processing /home/airflow/.local/lib/python3.7/site-packages/airflow/example_dags/example_complex.py took 0.116 seconds
[2023-11-29 14:18:44,550] {processor.py:163} INFO - Started process (PID=3559) to work on /home/airflow/.local/lib/python3.7/site-packages/airflow/example_dags/example_complex.py
[2023-11-29 14:18:44,551] {processor.py:642} INFO - Processing file /home/airflow/.local/lib/python3.7/site-packages/airflow/example_dags/example_complex.py for tasks to queue
[2023-11-29 14:18:44,551] {logging_mixin.py:109} INFO - [2023-11-29 14:18:44,551] {dagbag.py:500} INFO - Filling up the DagBag from /home/airflow/.local/lib/python3.7/site-packages/airflow/example_dags/example_complex.py
[2023-11-29 14:18:44,623] {processor.py:654} INFO - DAG(s) dict_keys(['example_complex']) retrieved from /home/airflow/.local/lib/python3.7/site-packages/airflow/example_dags/example_complex.py
[2023-11-29 14:18:44,631] {logging_mixin.py:109} INFO - [2023-11-29 14:18:44,631] {dag.py:2398} INFO - Sync 1 DAGs
[2023-11-29 14:18:44,638] {logging_mixin.py:109} INFO - [2023-11-29 14:18:44,638] {dag.py:2937} INFO - Setting next_dagrun for example_complex to None
[2023-11-29 14:18:44,645] {processor.py:171} INFO - Processing /home/airflow/.local/lib/python3.7/site-packages/airflow/example_dags/example_complex.py took 0.097 seconds
[2023-11-29 14:19:14,946] {processor.py:163} INFO - Started process (PID=3746) to work on /home/airflow/.local/lib/python3.7/site-packages/airflow/example_dags/example_complex.py
[2023-11-29 14:19:14,947] {processor.py:642} INFO - Processing file /home/airflow/.local/lib/python3.7/site-packages/airflow/example_dags/example_complex.py for tasks to queue
[2023-11-29 14:19:14,947] {logging_mixin.py:109} INFO - [2023-11-29 14:19:14,947] {dagbag.py:500} INFO - Filling up the DagBag from /home/airflow/.local/lib/python3.7/site-packages/airflow/example_dags/example_complex.py
[2023-11-29 14:19:15,032] {processor.py:654} INFO - DAG(s) dict_keys(['example_complex']) retrieved from /home/airflow/.local/lib/python3.7/site-packages/airflow/example_dags/example_complex.py
[2023-11-29 14:19:15,055] {logging_mixin.py:109} INFO - [2023-11-29 14:19:15,055] {dag.py:2398} INFO - Sync 1 DAGs
[2023-11-29 14:19:15,067] {logging_mixin.py:109} INFO - [2023-11-29 14:19:15,067] {dag.py:2937} INFO - Setting next_dagrun for example_complex to None
[2023-11-29 14:19:15,075] {processor.py:171} INFO - Processing /home/airflow/.local/lib/python3.7/site-packages/airflow/example_dags/example_complex.py took 0.131 seconds
[2023-11-29 14:19:45,206] {processor.py:163} INFO - Started process (PID=3925) to work on /home/airflow/.local/lib/python3.7/site-packages/airflow/example_dags/example_complex.py
[2023-11-29 14:19:45,207] {processor.py:642} INFO - Processing file /home/airflow/.local/lib/python3.7/site-packages/airflow/example_dags/example_complex.py for tasks to queue
[2023-11-29 14:19:45,208] {logging_mixin.py:109} INFO - [2023-11-29 14:19:45,208] {dagbag.py:500} INFO - Filling up the DagBag from /home/airflow/.local/lib/python3.7/site-packages/airflow/example_dags/example_complex.py
[2023-11-29 14:19:45,300] {processor.py:654} INFO - DAG(s) dict_keys(['example_complex']) retrieved from /home/airflow/.local/lib/python3.7/site-packages/airflow/example_dags/example_complex.py
[2023-11-29 14:19:45,309] {logging_mixin.py:109} INFO - [2023-11-29 14:19:45,309] {dag.py:2398} INFO - Sync 1 DAGs
[2023-11-29 14:19:45,317] {logging_mixin.py:109} INFO - [2023-11-29 14:19:45,317] {dag.py:2937} INFO - Setting next_dagrun for example_complex to None
[2023-11-29 14:19:45,325] {processor.py:171} INFO - Processing /home/airflow/.local/lib/python3.7/site-packages/airflow/example_dags/example_complex.py took 0.121 seconds
[2023-11-29 14:20:15,537] {processor.py:163} INFO - Started process (PID=4112) to work on /home/airflow/.local/lib/python3.7/site-packages/airflow/example_dags/example_complex.py
[2023-11-29 14:20:15,539] {processor.py:642} INFO - Processing file /home/airflow/.local/lib/python3.7/site-packages/airflow/example_dags/example_complex.py for tasks to queue
[2023-11-29 14:20:15,539] {logging_mixin.py:109} INFO - [2023-11-29 14:20:15,539] {dagbag.py:500} INFO - Filling up the DagBag from /home/airflow/.local/lib/python3.7/site-packages/airflow/example_dags/example_complex.py
[2023-11-29 14:20:15,610] {processor.py:654} INFO - DAG(s) dict_keys(['example_complex']) retrieved from /home/airflow/.local/lib/python3.7/site-packages/airflow/example_dags/example_complex.py
[2023-11-29 14:20:15,618] {logging_mixin.py:109} INFO - [2023-11-29 14:20:15,618] {dag.py:2398} INFO - Sync 1 DAGs
[2023-11-29 14:20:15,625] {logging_mixin.py:109} INFO - [2023-11-29 14:20:15,625] {dag.py:2937} INFO - Setting next_dagrun for example_complex to None
[2023-11-29 14:20:15,632] {processor.py:171} INFO - Processing /home/airflow/.local/lib/python3.7/site-packages/airflow/example_dags/example_complex.py took 0.096 seconds
[2023-11-29 14:20:46,141] {processor.py:163} INFO - Started process (PID=4290) to work on /home/airflow/.local/lib/python3.7/site-packages/airflow/example_dags/example_complex.py
[2023-11-29 14:20:46,142] {processor.py:642} INFO - Processing file /home/airflow/.local/lib/python3.7/site-packages/airflow/example_dags/example_complex.py for tasks to queue
[2023-11-29 14:20:46,142] {logging_mixin.py:109} INFO - [2023-11-29 14:20:46,142] {dagbag.py:500} INFO - Filling up the DagBag from /home/airflow/.local/lib/python3.7/site-packages/airflow/example_dags/example_complex.py
[2023-11-29 14:20:46,235] {processor.py:654} INFO - DAG(s) dict_keys(['example_complex']) retrieved from /home/airflow/.local/lib/python3.7/site-packages/airflow/example_dags/example_complex.py
[2023-11-29 14:20:46,244] {logging_mixin.py:109} INFO - [2023-11-29 14:20:46,244] {dag.py:2398} INFO - Sync 1 DAGs
[2023-11-29 14:20:46,252] {logging_mixin.py:109} INFO - [2023-11-29 14:20:46,252] {dag.py:2937} INFO - Setting next_dagrun for example_complex to None
[2023-11-29 14:20:46,260] {processor.py:171} INFO - Processing /home/airflow/.local/lib/python3.7/site-packages/airflow/example_dags/example_complex.py took 0.121 seconds
[2023-11-29 14:21:16,513] {processor.py:163} INFO - Started process (PID=4475) to work on /home/airflow/.local/lib/python3.7/site-packages/airflow/example_dags/example_complex.py
[2023-11-29 14:21:16,514] {processor.py:642} INFO - Processing file /home/airflow/.local/lib/python3.7/site-packages/airflow/example_dags/example_complex.py for tasks to queue
[2023-11-29 14:21:16,514] {logging_mixin.py:109} INFO - [2023-11-29 14:21:16,514] {dagbag.py:500} INFO - Filling up the DagBag from /home/airflow/.local/lib/python3.7/site-packages/airflow/example_dags/example_complex.py
[2023-11-29 14:21:16,606] {processor.py:654} INFO - DAG(s) dict_keys(['example_complex']) retrieved from /home/airflow/.local/lib/python3.7/site-packages/airflow/example_dags/example_complex.py
[2023-11-29 14:21:16,616] {logging_mixin.py:109} INFO - [2023-11-29 14:21:16,616] {dag.py:2398} INFO - Sync 1 DAGs
[2023-11-29 14:21:16,626] {logging_mixin.py:109} INFO - [2023-11-29 14:21:16,626] {dag.py:2937} INFO - Setting next_dagrun for example_complex to None
[2023-11-29 14:21:16,636] {processor.py:171} INFO - Processing /home/airflow/.local/lib/python3.7/site-packages/airflow/example_dags/example_complex.py took 0.125 seconds
[2023-11-29 14:21:46,960] {processor.py:163} INFO - Started process (PID=4662) to work on /home/airflow/.local/lib/python3.7/site-packages/airflow/example_dags/example_complex.py
[2023-11-29 14:21:46,961] {processor.py:642} INFO - Processing file /home/airflow/.local/lib/python3.7/site-packages/airflow/example_dags/example_complex.py for tasks to queue
[2023-11-29 14:21:46,961] {logging_mixin.py:109} INFO - [2023-11-29 14:21:46,961] {dagbag.py:500} INFO - Filling up the DagBag from /home/airflow/.local/lib/python3.7/site-packages/airflow/example_dags/example_complex.py
[2023-11-29 14:21:47,129] {processor.py:654} INFO - DAG(s) dict_keys(['example_complex']) retrieved from /home/airflow/.local/lib/python3.7/site-packages/airflow/example_dags/example_complex.py
[2023-11-29 14:21:47,142] {logging_mixin.py:109} INFO - [2023-11-29 14:21:47,142] {dag.py:2398} INFO - Sync 1 DAGs
[2023-11-29 14:21:47,156] {logging_mixin.py:109} INFO - [2023-11-29 14:21:47,156] {dag.py:2937} INFO - Setting next_dagrun for example_complex to None
[2023-11-29 14:21:47,163] {processor.py:171} INFO - Processing /home/airflow/.local/lib/python3.7/site-packages/airflow/example_dags/example_complex.py took 0.205 seconds
[2023-11-29 14:22:17,859] {processor.py:163} INFO - Started process (PID=4840) to work on /home/airflow/.local/lib/python3.7/site-packages/airflow/example_dags/example_complex.py
[2023-11-29 14:22:17,860] {processor.py:642} INFO - Processing file /home/airflow/.local/lib/python3.7/site-packages/airflow/example_dags/example_complex.py for tasks to queue
[2023-11-29 14:22:17,860] {logging_mixin.py:109} INFO - [2023-11-29 14:22:17,860] {dagbag.py:500} INFO - Filling up the DagBag from /home/airflow/.local/lib/python3.7/site-packages/airflow/example_dags/example_complex.py
[2023-11-29 14:22:17,882] {processor.py:654} INFO - DAG(s) dict_keys(['example_complex']) retrieved from /home/airflow/.local/lib/python3.7/site-packages/airflow/example_dags/example_complex.py
[2023-11-29 14:22:17,891] {logging_mixin.py:109} INFO - [2023-11-29 14:22:17,891] {dag.py:2398} INFO - Sync 1 DAGs
[2023-11-29 14:22:17,899] {logging_mixin.py:109} INFO - [2023-11-29 14:22:17,899] {dag.py:2937} INFO - Setting next_dagrun for example_complex to None
[2023-11-29 14:22:17,907] {processor.py:171} INFO - Processing /home/airflow/.local/lib/python3.7/site-packages/airflow/example_dags/example_complex.py took 0.050 seconds
[2023-11-29 14:22:48,265] {processor.py:163} INFO - Started process (PID=5027) to work on /home/airflow/.local/lib/python3.7/site-packages/airflow/example_dags/example_complex.py
[2023-11-29 14:22:48,267] {processor.py:642} INFO - Processing file /home/airflow/.local/lib/python3.7/site-packages/airflow/example_dags/example_complex.py for tasks to queue
[2023-11-29 14:22:48,267] {logging_mixin.py:109} INFO - [2023-11-29 14:22:48,267] {dagbag.py:500} INFO - Filling up the DagBag from /home/airflow/.local/lib/python3.7/site-packages/airflow/example_dags/example_complex.py
[2023-11-29 14:22:48,291] {processor.py:654} INFO - DAG(s) dict_keys(['example_complex']) retrieved from /home/airflow/.local/lib/python3.7/site-packages/airflow/example_dags/example_complex.py
[2023-11-29 14:22:48,301] {logging_mixin.py:109} INFO - [2023-11-29 14:22:48,301] {dag.py:2398} INFO - Sync 1 DAGs
[2023-11-29 14:22:48,311] {logging_mixin.py:109} INFO - [2023-11-29 14:22:48,311] {dag.py:2937} INFO - Setting next_dagrun for example_complex to None
[2023-11-29 14:22:48,321] {processor.py:171} INFO - Processing /home/airflow/.local/lib/python3.7/site-packages/airflow/example_dags/example_complex.py took 0.057 seconds
[2023-11-29 14:23:18,679] {processor.py:163} INFO - Started process (PID=5207) to work on /home/airflow/.local/lib/python3.7/site-packages/airflow/example_dags/example_complex.py
[2023-11-29 14:23:18,680] {processor.py:642} INFO - Processing file /home/airflow/.local/lib/python3.7/site-packages/airflow/example_dags/example_complex.py for tasks to queue
[2023-11-29 14:23:18,680] {logging_mixin.py:109} INFO - [2023-11-29 14:23:18,680] {dagbag.py:500} INFO - Filling up the DagBag from /home/airflow/.local/lib/python3.7/site-packages/airflow/example_dags/example_complex.py
[2023-11-29 14:23:18,701] {processor.py:654} INFO - DAG(s) dict_keys(['example_complex']) retrieved from /home/airflow/.local/lib/python3.7/site-packages/airflow/example_dags/example_complex.py
[2023-11-29 14:23:18,710] {logging_mixin.py:109} INFO - [2023-11-29 14:23:18,710] {dag.py:2398} INFO - Sync 1 DAGs
[2023-11-29 14:23:18,718] {logging_mixin.py:109} INFO - [2023-11-29 14:23:18,718] {dag.py:2937} INFO - Setting next_dagrun for example_complex to None
[2023-11-29 14:23:18,726] {processor.py:171} INFO - Processing /home/airflow/.local/lib/python3.7/site-packages/airflow/example_dags/example_complex.py took 0.049 seconds
[2023-11-29 14:23:49,105] {processor.py:163} INFO - Started process (PID=5392) to work on /home/airflow/.local/lib/python3.7/site-packages/airflow/example_dags/example_complex.py
[2023-11-29 14:23:49,106] {processor.py:642} INFO - Processing file /home/airflow/.local/lib/python3.7/site-packages/airflow/example_dags/example_complex.py for tasks to queue
[2023-11-29 14:23:49,107] {logging_mixin.py:109} INFO - [2023-11-29 14:23:49,107] {dagbag.py:500} INFO - Filling up the DagBag from /home/airflow/.local/lib/python3.7/site-packages/airflow/example_dags/example_complex.py
[2023-11-29 14:23:49,131] {processor.py:654} INFO - DAG(s) dict_keys(['example_complex']) retrieved from /home/airflow/.local/lib/python3.7/site-packages/airflow/example_dags/example_complex.py
[2023-11-29 14:23:49,141] {logging_mixin.py:109} INFO - [2023-11-29 14:23:49,141] {dag.py:2398} INFO - Sync 1 DAGs
[2023-11-29 14:23:49,151] {logging_mixin.py:109} INFO - [2023-11-29 14:23:49,151] {dag.py:2937} INFO - Setting next_dagrun for example_complex to None
[2023-11-29 14:23:49,159] {processor.py:171} INFO - Processing /home/airflow/.local/lib/python3.7/site-packages/airflow/example_dags/example_complex.py took 0.055 seconds
[2023-11-29 14:24:19,615] {processor.py:163} INFO - Started process (PID=5581) to work on /home/airflow/.local/lib/python3.7/site-packages/airflow/example_dags/example_complex.py
[2023-11-29 14:24:19,616] {processor.py:642} INFO - Processing file /home/airflow/.local/lib/python3.7/site-packages/airflow/example_dags/example_complex.py for tasks to queue
[2023-11-29 14:24:19,617] {logging_mixin.py:109} INFO - [2023-11-29 14:24:19,617] {dagbag.py:500} INFO - Filling up the DagBag from /home/airflow/.local/lib/python3.7/site-packages/airflow/example_dags/example_complex.py
[2023-11-29 14:24:19,646] {processor.py:654} INFO - DAG(s) dict_keys(['example_complex']) retrieved from /home/airflow/.local/lib/python3.7/site-packages/airflow/example_dags/example_complex.py
[2023-11-29 14:24:19,660] {logging_mixin.py:109} INFO - [2023-11-29 14:24:19,659] {dag.py:2398} INFO - Sync 1 DAGs
[2023-11-29 14:24:19,669] {logging_mixin.py:109} INFO - [2023-11-29 14:24:19,669] {dag.py:2937} INFO - Setting next_dagrun for example_complex to None
[2023-11-29 14:24:19,678] {processor.py:171} INFO - Processing /home/airflow/.local/lib/python3.7/site-packages/airflow/example_dags/example_complex.py took 0.065 seconds
[2023-11-29 14:24:50,210] {processor.py:163} INFO - Started process (PID=5759) to work on /home/airflow/.local/lib/python3.7/site-packages/airflow/example_dags/example_complex.py
[2023-11-29 14:24:50,211] {processor.py:642} INFO - Processing file /home/airflow/.local/lib/python3.7/site-packages/airflow/example_dags/example_complex.py for tasks to queue
[2023-11-29 14:24:50,212] {logging_mixin.py:109} INFO - [2023-11-29 14:24:50,212] {dagbag.py:500} INFO - Filling up the DagBag from /home/airflow/.local/lib/python3.7/site-packages/airflow/example_dags/example_complex.py
[2023-11-29 14:24:50,234] {processor.py:654} INFO - DAG(s) dict_keys(['example_complex']) retrieved from /home/airflow/.local/lib/python3.7/site-packages/airflow/example_dags/example_complex.py
[2023-11-29 14:24:50,244] {logging_mixin.py:109} INFO - [2023-11-29 14:24:50,244] {dag.py:2398} INFO - Sync 1 DAGs
[2023-11-29 14:24:50,253] {logging_mixin.py:109} INFO - [2023-11-29 14:24:50,253] {dag.py:2937} INFO - Setting next_dagrun for example_complex to None
[2023-11-29 14:24:50,261] {processor.py:171} INFO - Processing /home/airflow/.local/lib/python3.7/site-packages/airflow/example_dags/example_complex.py took 0.052 seconds
[2023-11-29 14:25:20,676] {processor.py:163} INFO - Started process (PID=5946) to work on /home/airflow/.local/lib/python3.7/site-packages/airflow/example_dags/example_complex.py
[2023-11-29 14:25:20,678] {processor.py:642} INFO - Processing file /home/airflow/.local/lib/python3.7/site-packages/airflow/example_dags/example_complex.py for tasks to queue
[2023-11-29 14:25:20,678] {logging_mixin.py:109} INFO - [2023-11-29 14:25:20,678] {dagbag.py:500} INFO - Filling up the DagBag from /home/airflow/.local/lib/python3.7/site-packages/airflow/example_dags/example_complex.py
[2023-11-29 14:25:20,701] {processor.py:654} INFO - DAG(s) dict_keys(['example_complex']) retrieved from /home/airflow/.local/lib/python3.7/site-packages/airflow/example_dags/example_complex.py
[2023-11-29 14:25:20,711] {logging_mixin.py:109} INFO - [2023-11-29 14:25:20,711] {dag.py:2398} INFO - Sync 1 DAGs
[2023-11-29 14:25:20,719] {logging_mixin.py:109} INFO - [2023-11-29 14:25:20,719] {dag.py:2937} INFO - Setting next_dagrun for example_complex to None
[2023-11-29 14:25:20,726] {processor.py:171} INFO - Processing /home/airflow/.local/lib/python3.7/site-packages/airflow/example_dags/example_complex.py took 0.052 seconds
[2023-11-29 14:25:51,133] {processor.py:163} INFO - Started process (PID=6124) to work on /home/airflow/.local/lib/python3.7/site-packages/airflow/example_dags/example_complex.py
[2023-11-29 14:25:51,134] {processor.py:642} INFO - Processing file /home/airflow/.local/lib/python3.7/site-packages/airflow/example_dags/example_complex.py for tasks to queue
[2023-11-29 14:25:51,134] {logging_mixin.py:109} INFO - [2023-11-29 14:25:51,134] {dagbag.py:500} INFO - Filling up the DagBag from /home/airflow/.local/lib/python3.7/site-packages/airflow/example_dags/example_complex.py
[2023-11-29 14:25:51,156] {processor.py:654} INFO - DAG(s) dict_keys(['example_complex']) retrieved from /home/airflow/.local/lib/python3.7/site-packages/airflow/example_dags/example_complex.py
[2023-11-29 14:25:51,165] {logging_mixin.py:109} INFO - [2023-11-29 14:25:51,165] {dag.py:2398} INFO - Sync 1 DAGs
[2023-11-29 14:25:51,174] {logging_mixin.py:109} INFO - [2023-11-29 14:25:51,174] {dag.py:2937} INFO - Setting next_dagrun for example_complex to None
[2023-11-29 14:25:51,182] {processor.py:171} INFO - Processing /home/airflow/.local/lib/python3.7/site-packages/airflow/example_dags/example_complex.py took 0.051 seconds
[2023-11-29 14:26:21,543] {processor.py:163} INFO - Started process (PID=6308) to work on /home/airflow/.local/lib/python3.7/site-packages/airflow/example_dags/example_complex.py
[2023-11-29 14:26:21,544] {processor.py:642} INFO - Processing file /home/airflow/.local/lib/python3.7/site-packages/airflow/example_dags/example_complex.py for tasks to queue
[2023-11-29 14:26:21,544] {logging_mixin.py:109} INFO - [2023-11-29 14:26:21,544] {dagbag.py:500} INFO - Filling up the DagBag from /home/airflow/.local/lib/python3.7/site-packages/airflow/example_dags/example_complex.py
[2023-11-29 14:26:21,567] {processor.py:654} INFO - DAG(s) dict_keys(['example_complex']) retrieved from /home/airflow/.local/lib/python3.7/site-packages/airflow/example_dags/example_complex.py
[2023-11-29 14:26:21,576] {logging_mixin.py:109} INFO - [2023-11-29 14:26:21,576] {dag.py:2398} INFO - Sync 1 DAGs
[2023-11-29 14:26:21,586] {logging_mixin.py:109} INFO - [2023-11-29 14:26:21,586] {dag.py:2937} INFO - Setting next_dagrun for example_complex to None
[2023-11-29 14:26:21,594] {processor.py:171} INFO - Processing /home/airflow/.local/lib/python3.7/site-packages/airflow/example_dags/example_complex.py took 0.053 seconds
[2023-11-29 14:26:52,003] {processor.py:163} INFO - Started process (PID=6486) to work on /home/airflow/.local/lib/python3.7/site-packages/airflow/example_dags/example_complex.py
[2023-11-29 14:26:52,004] {processor.py:642} INFO - Processing file /home/airflow/.local/lib/python3.7/site-packages/airflow/example_dags/example_complex.py for tasks to queue
[2023-11-29 14:26:52,004] {logging_mixin.py:109} INFO - [2023-11-29 14:26:52,004] {dagbag.py:500} INFO - Filling up the DagBag from /home/airflow/.local/lib/python3.7/site-packages/airflow/example_dags/example_complex.py
[2023-11-29 14:26:52,027] {processor.py:654} INFO - DAG(s) dict_keys(['example_complex']) retrieved from /home/airflow/.local/lib/python3.7/site-packages/airflow/example_dags/example_complex.py
[2023-11-29 14:26:52,037] {logging_mixin.py:109} INFO - [2023-11-29 14:26:52,037] {dag.py:2398} INFO - Sync 1 DAGs
[2023-11-29 14:26:52,046] {logging_mixin.py:109} INFO - [2023-11-29 14:26:52,046] {dag.py:2937} INFO - Setting next_dagrun for example_complex to None
[2023-11-29 14:26:52,055] {processor.py:171} INFO - Processing /home/airflow/.local/lib/python3.7/site-packages/airflow/example_dags/example_complex.py took 0.054 seconds
[2023-11-29 14:27:22,449] {processor.py:163} INFO - Started process (PID=6673) to work on /home/airflow/.local/lib/python3.7/site-packages/airflow/example_dags/example_complex.py
[2023-11-29 14:27:22,450] {processor.py:642} INFO - Processing file /home/airflow/.local/lib/python3.7/site-packages/airflow/example_dags/example_complex.py for tasks to queue
[2023-11-29 14:27:22,450] {logging_mixin.py:109} INFO - [2023-11-29 14:27:22,450] {dagbag.py:500} INFO - Filling up the DagBag from /home/airflow/.local/lib/python3.7/site-packages/airflow/example_dags/example_complex.py
[2023-11-29 14:27:22,472] {processor.py:654} INFO - DAG(s) dict_keys(['example_complex']) retrieved from /home/airflow/.local/lib/python3.7/site-packages/airflow/example_dags/example_complex.py
[2023-11-29 14:27:22,481] {logging_mixin.py:109} INFO - [2023-11-29 14:27:22,481] {dag.py:2398} INFO - Sync 1 DAGs
[2023-11-29 14:27:22,490] {logging_mixin.py:109} INFO - [2023-11-29 14:27:22,490] {dag.py:2937} INFO - Setting next_dagrun for example_complex to None
[2023-11-29 14:27:22,498] {processor.py:171} INFO - Processing /home/airflow/.local/lib/python3.7/site-packages/airflow/example_dags/example_complex.py took 0.051 seconds
[2023-11-29 14:27:52,946] {processor.py:163} INFO - Started process (PID=6859) to work on /home/airflow/.local/lib/python3.7/site-packages/airflow/example_dags/example_complex.py
[2023-11-29 14:27:52,946] {processor.py:642} INFO - Processing file /home/airflow/.local/lib/python3.7/site-packages/airflow/example_dags/example_complex.py for tasks to queue
[2023-11-29 14:27:52,947] {logging_mixin.py:109} INFO - [2023-11-29 14:27:52,947] {dagbag.py:500} INFO - Filling up the DagBag from /home/airflow/.local/lib/python3.7/site-packages/airflow/example_dags/example_complex.py
[2023-11-29 14:27:52,970] {processor.py:654} INFO - DAG(s) dict_keys(['example_complex']) retrieved from /home/airflow/.local/lib/python3.7/site-packages/airflow/example_dags/example_complex.py
[2023-11-29 14:27:52,981] {logging_mixin.py:109} INFO - [2023-11-29 14:27:52,981] {dag.py:2398} INFO - Sync 1 DAGs
[2023-11-29 14:27:52,993] {logging_mixin.py:109} INFO - [2023-11-29 14:27:52,993] {dag.py:2937} INFO - Setting next_dagrun for example_complex to None
[2023-11-29 14:27:53,003] {processor.py:171} INFO - Processing /home/airflow/.local/lib/python3.7/site-packages/airflow/example_dags/example_complex.py took 0.059 seconds
[2023-11-29 14:28:23,556] {processor.py:163} INFO - Started process (PID=7038) to work on /home/airflow/.local/lib/python3.7/site-packages/airflow/example_dags/example_complex.py
[2023-11-29 14:28:23,557] {processor.py:642} INFO - Processing file /home/airflow/.local/lib/python3.7/site-packages/airflow/example_dags/example_complex.py for tasks to queue
[2023-11-29 14:28:23,557] {logging_mixin.py:109} INFO - [2023-11-29 14:28:23,557] {dagbag.py:500} INFO - Filling up the DagBag from /home/airflow/.local/lib/python3.7/site-packages/airflow/example_dags/example_complex.py
[2023-11-29 14:28:23,579] {processor.py:654} INFO - DAG(s) dict_keys(['example_complex']) retrieved from /home/airflow/.local/lib/python3.7/site-packages/airflow/example_dags/example_complex.py
[2023-11-29 14:28:23,588] {logging_mixin.py:109} INFO - [2023-11-29 14:28:23,588] {dag.py:2398} INFO - Sync 1 DAGs
[2023-11-29 14:28:23,597] {logging_mixin.py:109} INFO - [2023-11-29 14:28:23,597] {dag.py:2937} INFO - Setting next_dagrun for example_complex to None
[2023-11-29 14:28:23,605] {processor.py:171} INFO - Processing /home/airflow/.local/lib/python3.7/site-packages/airflow/example_dags/example_complex.py took 0.050 seconds
[2023-11-29 14:28:54,025] {processor.py:163} INFO - Started process (PID=7226) to work on /home/airflow/.local/lib/python3.7/site-packages/airflow/example_dags/example_complex.py
[2023-11-29 14:28:54,026] {processor.py:642} INFO - Processing file /home/airflow/.local/lib/python3.7/site-packages/airflow/example_dags/example_complex.py for tasks to queue
[2023-11-29 14:28:54,027] {logging_mixin.py:109} INFO - [2023-11-29 14:28:54,027] {dagbag.py:500} INFO - Filling up the DagBag from /home/airflow/.local/lib/python3.7/site-packages/airflow/example_dags/example_complex.py
[2023-11-29 14:28:54,052] {processor.py:654} INFO - DAG(s) dict_keys(['example_complex']) retrieved from /home/airflow/.local/lib/python3.7/site-packages/airflow/example_dags/example_complex.py
[2023-11-29 14:28:54,063] {logging_mixin.py:109} INFO - [2023-11-29 14:28:54,063] {dag.py:2398} INFO - Sync 1 DAGs
[2023-11-29 14:28:54,074] {logging_mixin.py:109} INFO - [2023-11-29 14:28:54,074] {dag.py:2937} INFO - Setting next_dagrun for example_complex to None
[2023-11-29 14:28:54,082] {processor.py:171} INFO - Processing /home/airflow/.local/lib/python3.7/site-packages/airflow/example_dags/example_complex.py took 0.059 seconds
[2023-11-29 14:29:24,549] {processor.py:163} INFO - Started process (PID=7406) to work on /home/airflow/.local/lib/python3.7/site-packages/airflow/example_dags/example_complex.py
[2023-11-29 14:29:24,550] {processor.py:642} INFO - Processing file /home/airflow/.local/lib/python3.7/site-packages/airflow/example_dags/example_complex.py for tasks to queue
[2023-11-29 14:29:24,551] {logging_mixin.py:109} INFO - [2023-11-29 14:29:24,551] {dagbag.py:500} INFO - Filling up the DagBag from /home/airflow/.local/lib/python3.7/site-packages/airflow/example_dags/example_complex.py
[2023-11-29 14:29:24,573] {processor.py:654} INFO - DAG(s) dict_keys(['example_complex']) retrieved from /home/airflow/.local/lib/python3.7/site-packages/airflow/example_dags/example_complex.py
[2023-11-29 14:29:24,583] {logging_mixin.py:109} INFO - [2023-11-29 14:29:24,583] {dag.py:2398} INFO - Sync 1 DAGs
[2023-11-29 14:29:24,591] {logging_mixin.py:109} INFO - [2023-11-29 14:29:24,591] {dag.py:2937} INFO - Setting next_dagrun for example_complex to None
[2023-11-29 14:29:24,599] {processor.py:171} INFO - Processing /home/airflow/.local/lib/python3.7/site-packages/airflow/example_dags/example_complex.py took 0.052 seconds
[2023-11-29 14:29:55,027] {processor.py:163} INFO - Started process (PID=7591) to work on /home/airflow/.local/lib/python3.7/site-packages/airflow/example_dags/example_complex.py
[2023-11-29 14:29:55,028] {processor.py:642} INFO - Processing file /home/airflow/.local/lib/python3.7/site-packages/airflow/example_dags/example_complex.py for tasks to queue
[2023-11-29 14:29:55,028] {logging_mixin.py:109} INFO - [2023-11-29 14:29:55,028] {dagbag.py:500} INFO - Filling up the DagBag from /home/airflow/.local/lib/python3.7/site-packages/airflow/example_dags/example_complex.py
[2023-11-29 14:29:55,054] {processor.py:654} INFO - DAG(s) dict_keys(['example_complex']) retrieved from /home/airflow/.local/lib/python3.7/site-packages/airflow/example_dags/example_complex.py
[2023-11-29 14:29:55,064] {logging_mixin.py:109} INFO - [2023-11-29 14:29:55,064] {dag.py:2398} INFO - Sync 1 DAGs
[2023-11-29 14:29:55,073] {logging_mixin.py:109} INFO - [2023-11-29 14:29:55,073] {dag.py:2937} INFO - Setting next_dagrun for example_complex to None
[2023-11-29 14:29:55,080] {processor.py:171} INFO - Processing /home/airflow/.local/lib/python3.7/site-packages/airflow/example_dags/example_complex.py took 0.055 seconds
[2023-11-29 14:30:25,442] {processor.py:163} INFO - Started process (PID=7772) to work on /home/airflow/.local/lib/python3.7/site-packages/airflow/example_dags/example_complex.py
[2023-11-29 14:30:25,443] {processor.py:642} INFO - Processing file /home/airflow/.local/lib/python3.7/site-packages/airflow/example_dags/example_complex.py for tasks to queue
[2023-11-29 14:30:25,444] {logging_mixin.py:109} INFO - [2023-11-29 14:30:25,444] {dagbag.py:500} INFO - Filling up the DagBag from /home/airflow/.local/lib/python3.7/site-packages/airflow/example_dags/example_complex.py
[2023-11-29 14:30:25,466] {processor.py:654} INFO - DAG(s) dict_keys(['example_complex']) retrieved from /home/airflow/.local/lib/python3.7/site-packages/airflow/example_dags/example_complex.py
[2023-11-29 14:30:25,475] {logging_mixin.py:109} INFO - [2023-11-29 14:30:25,474] {dag.py:2398} INFO - Sync 1 DAGs
[2023-11-29 14:30:25,483] {logging_mixin.py:109} INFO - [2023-11-29 14:30:25,483] {dag.py:2937} INFO - Setting next_dagrun for example_complex to None
[2023-11-29 14:30:25,491] {processor.py:171} INFO - Processing /home/airflow/.local/lib/python3.7/site-packages/airflow/example_dags/example_complex.py took 0.050 seconds
[2023-11-29 14:30:55,784] {processor.py:163} INFO - Started process (PID=7956) to work on /home/airflow/.local/lib/python3.7/site-packages/airflow/example_dags/example_complex.py
[2023-11-29 14:30:55,785] {processor.py:642} INFO - Processing file /home/airflow/.local/lib/python3.7/site-packages/airflow/example_dags/example_complex.py for tasks to queue
[2023-11-29 14:30:55,786] {logging_mixin.py:109} INFO - [2023-11-29 14:30:55,786] {dagbag.py:500} INFO - Filling up the DagBag from /home/airflow/.local/lib/python3.7/site-packages/airflow/example_dags/example_complex.py
[2023-11-29 14:30:55,809] {processor.py:654} INFO - DAG(s) dict_keys(['example_complex']) retrieved from /home/airflow/.local/lib/python3.7/site-packages/airflow/example_dags/example_complex.py
[2023-11-29 14:30:55,819] {logging_mixin.py:109} INFO - [2023-11-29 14:30:55,819] {dag.py:2398} INFO - Sync 1 DAGs
[2023-11-29 14:30:55,828] {logging_mixin.py:109} INFO - [2023-11-29 14:30:55,827] {dag.py:2937} INFO - Setting next_dagrun for example_complex to None
[2023-11-29 14:30:55,836] {processor.py:171} INFO - Processing /home/airflow/.local/lib/python3.7/site-packages/airflow/example_dags/example_complex.py took 0.053 seconds
[2023-11-29 14:31:26,133] {processor.py:163} INFO - Started process (PID=8137) to work on /home/airflow/.local/lib/python3.7/site-packages/airflow/example_dags/example_complex.py
[2023-11-29 14:31:26,134] {processor.py:642} INFO - Processing file /home/airflow/.local/lib/python3.7/site-packages/airflow/example_dags/example_complex.py for tasks to queue
[2023-11-29 14:31:26,134] {logging_mixin.py:109} INFO - [2023-11-29 14:31:26,134] {dagbag.py:500} INFO - Filling up the DagBag from /home/airflow/.local/lib/python3.7/site-packages/airflow/example_dags/example_complex.py
[2023-11-29 14:31:26,156] {processor.py:654} INFO - DAG(s) dict_keys(['example_complex']) retrieved from /home/airflow/.local/lib/python3.7/site-packages/airflow/example_dags/example_complex.py
[2023-11-29 14:31:26,165] {logging_mixin.py:109} INFO - [2023-11-29 14:31:26,165] {dag.py:2398} INFO - Sync 1 DAGs
[2023-11-29 14:31:26,173] {logging_mixin.py:109} INFO - [2023-11-29 14:31:26,173] {dag.py:2937} INFO - Setting next_dagrun for example_complex to None
[2023-11-29 14:31:26,181] {processor.py:171} INFO - Processing /home/airflow/.local/lib/python3.7/site-packages/airflow/example_dags/example_complex.py took 0.050 seconds
[2023-11-29 14:31:56,588] {processor.py:163} INFO - Started process (PID=8322) to work on /home/airflow/.local/lib/python3.7/site-packages/airflow/example_dags/example_complex.py
[2023-11-29 14:31:56,589] {processor.py:642} INFO - Processing file /home/airflow/.local/lib/python3.7/site-packages/airflow/example_dags/example_complex.py for tasks to queue
[2023-11-29 14:31:56,590] {logging_mixin.py:109} INFO - [2023-11-29 14:31:56,590] {dagbag.py:500} INFO - Filling up the DagBag from /home/airflow/.local/lib/python3.7/site-packages/airflow/example_dags/example_complex.py
[2023-11-29 14:31:56,617] {processor.py:654} INFO - DAG(s) dict_keys(['example_complex']) retrieved from /home/airflow/.local/lib/python3.7/site-packages/airflow/example_dags/example_complex.py
[2023-11-29 14:31:56,626] {logging_mixin.py:109} INFO - [2023-11-29 14:31:56,626] {dag.py:2398} INFO - Sync 1 DAGs
[2023-11-29 14:31:56,635] {logging_mixin.py:109} INFO - [2023-11-29 14:31:56,635] {dag.py:2937} INFO - Setting next_dagrun for example_complex to None
[2023-11-29 14:31:56,643] {processor.py:171} INFO - Processing /home/airflow/.local/lib/python3.7/site-packages/airflow/example_dags/example_complex.py took 0.057 seconds
[2023-11-29 14:32:26,963] {processor.py:163} INFO - Started process (PID=8509) to work on /home/airflow/.local/lib/python3.7/site-packages/airflow/example_dags/example_complex.py
[2023-11-29 14:32:26,965] {processor.py:642} INFO - Processing file /home/airflow/.local/lib/python3.7/site-packages/airflow/example_dags/example_complex.py for tasks to queue
[2023-11-29 14:32:26,965] {logging_mixin.py:109} INFO - [2023-11-29 14:32:26,965] {dagbag.py:500} INFO - Filling up the DagBag from /home/airflow/.local/lib/python3.7/site-packages/airflow/example_dags/example_complex.py
[2023-11-29 14:32:26,995] {processor.py:654} INFO - DAG(s) dict_keys(['example_complex']) retrieved from /home/airflow/.local/lib/python3.7/site-packages/airflow/example_dags/example_complex.py
[2023-11-29 14:32:27,006] {logging_mixin.py:109} INFO - [2023-11-29 14:32:27,006] {dag.py:2398} INFO - Sync 1 DAGs
[2023-11-29 14:32:27,017] {logging_mixin.py:109} INFO - [2023-11-29 14:32:27,016] {dag.py:2937} INFO - Setting next_dagrun for example_complex to None
[2023-11-29 14:32:27,026] {processor.py:171} INFO - Processing /home/airflow/.local/lib/python3.7/site-packages/airflow/example_dags/example_complex.py took 0.066 seconds
[2023-11-29 14:32:57,383] {processor.py:163} INFO - Started process (PID=8686) to work on /home/airflow/.local/lib/python3.7/site-packages/airflow/example_dags/example_complex.py
[2023-11-29 14:32:57,384] {processor.py:642} INFO - Processing file /home/airflow/.local/lib/python3.7/site-packages/airflow/example_dags/example_complex.py for tasks to queue
[2023-11-29 14:32:57,385] {logging_mixin.py:109} INFO - [2023-11-29 14:32:57,385] {dagbag.py:500} INFO - Filling up the DagBag from /home/airflow/.local/lib/python3.7/site-packages/airflow/example_dags/example_complex.py
[2023-11-29 14:32:57,407] {processor.py:654} INFO - DAG(s) dict_keys(['example_complex']) retrieved from /home/airflow/.local/lib/python3.7/site-packages/airflow/example_dags/example_complex.py
[2023-11-29 14:32:57,417] {logging_mixin.py:109} INFO - [2023-11-29 14:32:57,417] {dag.py:2398} INFO - Sync 1 DAGs
[2023-11-29 14:32:57,428] {logging_mixin.py:109} INFO - [2023-11-29 14:32:57,428] {dag.py:2937} INFO - Setting next_dagrun for example_complex to None
[2023-11-29 14:32:57,437] {processor.py:171} INFO - Processing /home/airflow/.local/lib/python3.7/site-packages/airflow/example_dags/example_complex.py took 0.056 seconds
[2023-11-29 14:33:27,832] {processor.py:163} INFO - Started process (PID=8873) to work on /home/airflow/.local/lib/python3.7/site-packages/airflow/example_dags/example_complex.py
[2023-11-29 14:33:27,833] {processor.py:642} INFO - Processing file /home/airflow/.local/lib/python3.7/site-packages/airflow/example_dags/example_complex.py for tasks to queue
[2023-11-29 14:33:27,833] {logging_mixin.py:109} INFO - [2023-11-29 14:33:27,833] {dagbag.py:500} INFO - Filling up the DagBag from /home/airflow/.local/lib/python3.7/site-packages/airflow/example_dags/example_complex.py
[2023-11-29 14:33:27,855] {processor.py:654} INFO - DAG(s) dict_keys(['example_complex']) retrieved from /home/airflow/.local/lib/python3.7/site-packages/airflow/example_dags/example_complex.py
[2023-11-29 14:33:27,865] {logging_mixin.py:109} INFO - [2023-11-29 14:33:27,864] {dag.py:2398} INFO - Sync 1 DAGs
[2023-11-29 14:33:27,874] {logging_mixin.py:109} INFO - [2023-11-29 14:33:27,874] {dag.py:2937} INFO - Setting next_dagrun for example_complex to None
[2023-11-29 14:33:27,882] {processor.py:171} INFO - Processing /home/airflow/.local/lib/python3.7/site-packages/airflow/example_dags/example_complex.py took 0.052 seconds
[2023-11-29 14:33:58,210] {processor.py:163} INFO - Started process (PID=9050) to work on /home/airflow/.local/lib/python3.7/site-packages/airflow/example_dags/example_complex.py
[2023-11-29 14:33:58,211] {processor.py:642} INFO - Processing file /home/airflow/.local/lib/python3.7/site-packages/airflow/example_dags/example_complex.py for tasks to queue
[2023-11-29 14:33:58,211] {logging_mixin.py:109} INFO - [2023-11-29 14:33:58,211] {dagbag.py:500} INFO - Filling up the DagBag from /home/airflow/.local/lib/python3.7/site-packages/airflow/example_dags/example_complex.py
[2023-11-29 14:33:58,233] {processor.py:654} INFO - DAG(s) dict_keys(['example_complex']) retrieved from /home/airflow/.local/lib/python3.7/site-packages/airflow/example_dags/example_complex.py
[2023-11-29 14:33:58,242] {logging_mixin.py:109} INFO - [2023-11-29 14:33:58,242] {dag.py:2398} INFO - Sync 1 DAGs
[2023-11-29 14:33:58,252] {logging_mixin.py:109} INFO - [2023-11-29 14:33:58,252] {dag.py:2937} INFO - Setting next_dagrun for example_complex to None
[2023-11-29 14:33:58,259] {processor.py:171} INFO - Processing /home/airflow/.local/lib/python3.7/site-packages/airflow/example_dags/example_complex.py took 0.051 seconds
[2023-11-29 14:34:28,708] {processor.py:163} INFO - Started process (PID=9237) to work on /home/airflow/.local/lib/python3.7/site-packages/airflow/example_dags/example_complex.py
[2023-11-29 14:34:28,709] {processor.py:642} INFO - Processing file /home/airflow/.local/lib/python3.7/site-packages/airflow/example_dags/example_complex.py for tasks to queue
[2023-11-29 14:34:28,710] {logging_mixin.py:109} INFO - [2023-11-29 14:34:28,710] {dagbag.py:500} INFO - Filling up the DagBag from /home/airflow/.local/lib/python3.7/site-packages/airflow/example_dags/example_complex.py
[2023-11-29 14:34:28,733] {processor.py:654} INFO - DAG(s) dict_keys(['example_complex']) retrieved from /home/airflow/.local/lib/python3.7/site-packages/airflow/example_dags/example_complex.py
[2023-11-29 14:34:28,742] {logging_mixin.py:109} INFO - [2023-11-29 14:34:28,742] {dag.py:2398} INFO - Sync 1 DAGs
[2023-11-29 14:34:28,751] {logging_mixin.py:109} INFO - [2023-11-29 14:34:28,751] {dag.py:2937} INFO - Setting next_dagrun for example_complex to None
[2023-11-29 14:34:28,759] {processor.py:171} INFO - Processing /home/airflow/.local/lib/python3.7/site-packages/airflow/example_dags/example_complex.py took 0.053 seconds
[2023-11-29 14:34:59,184] {processor.py:163} INFO - Started process (PID=9425) to work on /home/airflow/.local/lib/python3.7/site-packages/airflow/example_dags/example_complex.py
[2023-11-29 14:34:59,185] {processor.py:642} INFO - Processing file /home/airflow/.local/lib/python3.7/site-packages/airflow/example_dags/example_complex.py for tasks to queue
[2023-11-29 14:34:59,186] {logging_mixin.py:109} INFO - [2023-11-29 14:34:59,186] {dagbag.py:500} INFO - Filling up the DagBag from /home/airflow/.local/lib/python3.7/site-packages/airflow/example_dags/example_complex.py
[2023-11-29 14:34:59,209] {processor.py:654} INFO - DAG(s) dict_keys(['example_complex']) retrieved from /home/airflow/.local/lib/python3.7/site-packages/airflow/example_dags/example_complex.py
[2023-11-29 14:34:59,220] {logging_mixin.py:109} INFO - [2023-11-29 14:34:59,219] {dag.py:2398} INFO - Sync 1 DAGs
[2023-11-29 14:34:59,229] {logging_mixin.py:109} INFO - [2023-11-29 14:34:59,229] {dag.py:2937} INFO - Setting next_dagrun for example_complex to None
[2023-11-29 14:34:59,237] {processor.py:171} INFO - Processing /home/airflow/.local/lib/python3.7/site-packages/airflow/example_dags/example_complex.py took 0.054 seconds
[2023-11-29 14:35:29,608] {processor.py:163} INFO - Started process (PID=9603) to work on /home/airflow/.local/lib/python3.7/site-packages/airflow/example_dags/example_complex.py
[2023-11-29 14:35:29,609] {processor.py:642} INFO - Processing file /home/airflow/.local/lib/python3.7/site-packages/airflow/example_dags/example_complex.py for tasks to queue
[2023-11-29 14:35:29,609] {logging_mixin.py:109} INFO - [2023-11-29 14:35:29,609] {dagbag.py:500} INFO - Filling up the DagBag from /home/airflow/.local/lib/python3.7/site-packages/airflow/example_dags/example_complex.py
[2023-11-29 14:35:29,631] {processor.py:654} INFO - DAG(s) dict_keys(['example_complex']) retrieved from /home/airflow/.local/lib/python3.7/site-packages/airflow/example_dags/example_complex.py
[2023-11-29 14:35:29,640] {logging_mixin.py:109} INFO - [2023-11-29 14:35:29,640] {dag.py:2398} INFO - Sync 1 DAGs
[2023-11-29 14:35:29,649] {logging_mixin.py:109} INFO - [2023-11-29 14:35:29,649] {dag.py:2937} INFO - Setting next_dagrun for example_complex to None
[2023-11-29 14:35:29,657] {processor.py:171} INFO - Processing /home/airflow/.local/lib/python3.7/site-packages/airflow/example_dags/example_complex.py took 0.051 seconds
[2023-11-29 14:35:59,999] {processor.py:163} INFO - Started process (PID=9790) to work on /home/airflow/.local/lib/python3.7/site-packages/airflow/example_dags/example_complex.py
[2023-11-29 14:36:00,000] {processor.py:642} INFO - Processing file /home/airflow/.local/lib/python3.7/site-packages/airflow/example_dags/example_complex.py for tasks to queue
[2023-11-29 14:36:00,001] {logging_mixin.py:109} INFO - [2023-11-29 14:36:00,001] {dagbag.py:500} INFO - Filling up the DagBag from /home/airflow/.local/lib/python3.7/site-packages/airflow/example_dags/example_complex.py
[2023-11-29 14:36:00,025] {processor.py:654} INFO - DAG(s) dict_keys(['example_complex']) retrieved from /home/airflow/.local/lib/python3.7/site-packages/airflow/example_dags/example_complex.py
[2023-11-29 14:36:00,037] {logging_mixin.py:109} INFO - [2023-11-29 14:36:00,037] {dag.py:2398} INFO - Sync 1 DAGs
[2023-11-29 14:36:00,048] {logging_mixin.py:109} INFO - [2023-11-29 14:36:00,048] {dag.py:2937} INFO - Setting next_dagrun for example_complex to None
[2023-11-29 14:36:00,057] {processor.py:171} INFO - Processing /home/airflow/.local/lib/python3.7/site-packages/airflow/example_dags/example_complex.py took 0.059 seconds
[2023-11-29 14:36:30,322] {processor.py:163} INFO - Started process (PID=9967) to work on /home/airflow/.local/lib/python3.7/site-packages/airflow/example_dags/example_complex.py
[2023-11-29 14:36:30,323] {processor.py:642} INFO - Processing file /home/airflow/.local/lib/python3.7/site-packages/airflow/example_dags/example_complex.py for tasks to queue
[2023-11-29 14:36:30,324] {logging_mixin.py:109} INFO - [2023-11-29 14:36:30,324] {dagbag.py:500} INFO - Filling up the DagBag from /home/airflow/.local/lib/python3.7/site-packages/airflow/example_dags/example_complex.py
[2023-11-29 14:36:30,346] {processor.py:654} INFO - DAG(s) dict_keys(['example_complex']) retrieved from /home/airflow/.local/lib/python3.7/site-packages/airflow/example_dags/example_complex.py
[2023-11-29 14:36:30,355] {logging_mixin.py:109} INFO - [2023-11-29 14:36:30,355] {dag.py:2398} INFO - Sync 1 DAGs
[2023-11-29 14:36:30,364] {logging_mixin.py:109} INFO - [2023-11-29 14:36:30,364] {dag.py:2937} INFO - Setting next_dagrun for example_complex to None
[2023-11-29 14:36:30,372] {processor.py:171} INFO - Processing /home/airflow/.local/lib/python3.7/site-packages/airflow/example_dags/example_complex.py took 0.051 seconds
[2023-11-29 14:37:00,874] {processor.py:163} INFO - Started process (PID=10157) to work on /home/airflow/.local/lib/python3.7/site-packages/airflow/example_dags/example_complex.py
[2023-11-29 14:37:00,875] {processor.py:642} INFO - Processing file /home/airflow/.local/lib/python3.7/site-packages/airflow/example_dags/example_complex.py for tasks to queue
[2023-11-29 14:37:00,875] {logging_mixin.py:109} INFO - [2023-11-29 14:37:00,875] {dagbag.py:500} INFO - Filling up the DagBag from /home/airflow/.local/lib/python3.7/site-packages/airflow/example_dags/example_complex.py
[2023-11-29 14:37:00,899] {processor.py:654} INFO - DAG(s) dict_keys(['example_complex']) retrieved from /home/airflow/.local/lib/python3.7/site-packages/airflow/example_dags/example_complex.py
[2023-11-29 14:37:00,911] {logging_mixin.py:109} INFO - [2023-11-29 14:37:00,911] {dag.py:2398} INFO - Sync 1 DAGs
[2023-11-29 14:37:00,922] {logging_mixin.py:109} INFO - [2023-11-29 14:37:00,922] {dag.py:2937} INFO - Setting next_dagrun for example_complex to None
[2023-11-29 14:37:00,932] {processor.py:171} INFO - Processing /home/airflow/.local/lib/python3.7/site-packages/airflow/example_dags/example_complex.py took 0.060 seconds
[2023-11-29 14:37:31,500] {processor.py:163} INFO - Started process (PID=10333) to work on /home/airflow/.local/lib/python3.7/site-packages/airflow/example_dags/example_complex.py
[2023-11-29 14:37:31,501] {processor.py:642} INFO - Processing file /home/airflow/.local/lib/python3.7/site-packages/airflow/example_dags/example_complex.py for tasks to queue
[2023-11-29 14:37:31,501] {logging_mixin.py:109} INFO - [2023-11-29 14:37:31,501] {dagbag.py:500} INFO - Filling up the DagBag from /home/airflow/.local/lib/python3.7/site-packages/airflow/example_dags/example_complex.py
[2023-11-29 14:37:31,525] {processor.py:654} INFO - DAG(s) dict_keys(['example_complex']) retrieved from /home/airflow/.local/lib/python3.7/site-packages/airflow/example_dags/example_complex.py
[2023-11-29 14:37:31,536] {logging_mixin.py:109} INFO - [2023-11-29 14:37:31,536] {dag.py:2398} INFO - Sync 1 DAGs
[2023-11-29 14:37:31,545] {logging_mixin.py:109} INFO - [2023-11-29 14:37:31,545] {dag.py:2937} INFO - Setting next_dagrun for example_complex to None
[2023-11-29 14:37:31,554] {processor.py:171} INFO - Processing /home/airflow/.local/lib/python3.7/site-packages/airflow/example_dags/example_complex.py took 0.056 seconds
[2023-11-29 14:38:01,993] {processor.py:163} INFO - Started process (PID=10520) to work on /home/airflow/.local/lib/python3.7/site-packages/airflow/example_dags/example_complex.py
[2023-11-29 14:38:01,994] {processor.py:642} INFO - Processing file /home/airflow/.local/lib/python3.7/site-packages/airflow/example_dags/example_complex.py for tasks to queue
[2023-11-29 14:38:01,995] {logging_mixin.py:109} INFO - [2023-11-29 14:38:01,995] {dagbag.py:500} INFO - Filling up the DagBag from /home/airflow/.local/lib/python3.7/site-packages/airflow/example_dags/example_complex.py
[2023-11-29 14:38:02,017] {processor.py:654} INFO - DAG(s) dict_keys(['example_complex']) retrieved from /home/airflow/.local/lib/python3.7/site-packages/airflow/example_dags/example_complex.py
[2023-11-29 14:38:02,026] {logging_mixin.py:109} INFO - [2023-11-29 14:38:02,025] {dag.py:2398} INFO - Sync 1 DAGs
[2023-11-29 14:38:02,034] {logging_mixin.py:109} INFO - [2023-11-29 14:38:02,034] {dag.py:2937} INFO - Setting next_dagrun for example_complex to None
[2023-11-29 14:38:02,041] {processor.py:171} INFO - Processing /home/airflow/.local/lib/python3.7/site-packages/airflow/example_dags/example_complex.py took 0.050 seconds
[2023-11-29 14:38:32,463] {processor.py:163} INFO - Started process (PID=10698) to work on /home/airflow/.local/lib/python3.7/site-packages/airflow/example_dags/example_complex.py
[2023-11-29 14:38:32,464] {processor.py:642} INFO - Processing file /home/airflow/.local/lib/python3.7/site-packages/airflow/example_dags/example_complex.py for tasks to queue
[2023-11-29 14:38:32,464] {logging_mixin.py:109} INFO - [2023-11-29 14:38:32,464] {dagbag.py:500} INFO - Filling up the DagBag from /home/airflow/.local/lib/python3.7/site-packages/airflow/example_dags/example_complex.py
[2023-11-29 14:38:32,488] {processor.py:654} INFO - DAG(s) dict_keys(['example_complex']) retrieved from /home/airflow/.local/lib/python3.7/site-packages/airflow/example_dags/example_complex.py
[2023-11-29 14:38:32,499] {logging_mixin.py:109} INFO - [2023-11-29 14:38:32,499] {dag.py:2398} INFO - Sync 1 DAGs
[2023-11-29 14:38:32,509] {logging_mixin.py:109} INFO - [2023-11-29 14:38:32,509] {dag.py:2937} INFO - Setting next_dagrun for example_complex to None
[2023-11-29 14:38:32,516] {processor.py:171} INFO - Processing /home/airflow/.local/lib/python3.7/site-packages/airflow/example_dags/example_complex.py took 0.055 seconds
[2023-11-29 14:39:02,841] {processor.py:163} INFO - Started process (PID=10886) to work on /home/airflow/.local/lib/python3.7/site-packages/airflow/example_dags/example_complex.py
[2023-11-29 14:39:02,842] {processor.py:642} INFO - Processing file /home/airflow/.local/lib/python3.7/site-packages/airflow/example_dags/example_complex.py for tasks to queue
[2023-11-29 14:39:02,842] {logging_mixin.py:109} INFO - [2023-11-29 14:39:02,842] {dagbag.py:500} INFO - Filling up the DagBag from /home/airflow/.local/lib/python3.7/site-packages/airflow/example_dags/example_complex.py
[2023-11-29 14:39:02,864] {processor.py:654} INFO - DAG(s) dict_keys(['example_complex']) retrieved from /home/airflow/.local/lib/python3.7/site-packages/airflow/example_dags/example_complex.py
[2023-11-29 14:39:02,873] {logging_mixin.py:109} INFO - [2023-11-29 14:39:02,873] {dag.py:2398} INFO - Sync 1 DAGs
[2023-11-29 14:39:02,885] {logging_mixin.py:109} INFO - [2023-11-29 14:39:02,885] {dag.py:2937} INFO - Setting next_dagrun for example_complex to None
[2023-11-29 14:39:02,896] {processor.py:171} INFO - Processing /home/airflow/.local/lib/python3.7/site-packages/airflow/example_dags/example_complex.py took 0.056 seconds
[2023-11-29 14:39:33,253] {processor.py:163} INFO - Started process (PID=11075) to work on /home/airflow/.local/lib/python3.7/site-packages/airflow/example_dags/example_complex.py
[2023-11-29 14:39:33,253] {processor.py:642} INFO - Processing file /home/airflow/.local/lib/python3.7/site-packages/airflow/example_dags/example_complex.py for tasks to queue
[2023-11-29 14:39:33,254] {logging_mixin.py:109} INFO - [2023-11-29 14:39:33,254] {dagbag.py:500} INFO - Filling up the DagBag from /home/airflow/.local/lib/python3.7/site-packages/airflow/example_dags/example_complex.py
[2023-11-29 14:39:33,276] {processor.py:654} INFO - DAG(s) dict_keys(['example_complex']) retrieved from /home/airflow/.local/lib/python3.7/site-packages/airflow/example_dags/example_complex.py
[2023-11-29 14:39:33,287] {logging_mixin.py:109} INFO - [2023-11-29 14:39:33,287] {dag.py:2398} INFO - Sync 1 DAGs
[2023-11-29 14:39:33,301] {logging_mixin.py:109} INFO - [2023-11-29 14:39:33,301] {dag.py:2937} INFO - Setting next_dagrun for example_complex to None
[2023-11-29 14:39:33,309] {processor.py:171} INFO - Processing /home/airflow/.local/lib/python3.7/site-packages/airflow/example_dags/example_complex.py took 0.058 seconds
[2023-11-29 14:40:03,682] {processor.py:163} INFO - Started process (PID=11255) to work on /home/airflow/.local/lib/python3.7/site-packages/airflow/example_dags/example_complex.py
[2023-11-29 14:40:03,683] {processor.py:642} INFO - Processing file /home/airflow/.local/lib/python3.7/site-packages/airflow/example_dags/example_complex.py for tasks to queue
[2023-11-29 14:40:03,683] {logging_mixin.py:109} INFO - [2023-11-29 14:40:03,683] {dagbag.py:500} INFO - Filling up the DagBag from /home/airflow/.local/lib/python3.7/site-packages/airflow/example_dags/example_complex.py
[2023-11-29 14:40:03,706] {processor.py:654} INFO - DAG(s) dict_keys(['example_complex']) retrieved from /home/airflow/.local/lib/python3.7/site-packages/airflow/example_dags/example_complex.py
[2023-11-29 14:40:03,716] {logging_mixin.py:109} INFO - [2023-11-29 14:40:03,716] {dag.py:2398} INFO - Sync 1 DAGs
[2023-11-29 14:40:03,726] {logging_mixin.py:109} INFO - [2023-11-29 14:40:03,726] {dag.py:2937} INFO - Setting next_dagrun for example_complex to None
[2023-11-29 14:40:03,734] {processor.py:171} INFO - Processing /home/airflow/.local/lib/python3.7/site-packages/airflow/example_dags/example_complex.py took 0.055 seconds
[2023-11-29 14:40:34,068] {processor.py:163} INFO - Started process (PID=11440) to work on /home/airflow/.local/lib/python3.7/site-packages/airflow/example_dags/example_complex.py
[2023-11-29 14:40:34,069] {processor.py:642} INFO - Processing file /home/airflow/.local/lib/python3.7/site-packages/airflow/example_dags/example_complex.py for tasks to queue
[2023-11-29 14:40:34,070] {logging_mixin.py:109} INFO - [2023-11-29 14:40:34,070] {dagbag.py:500} INFO - Filling up the DagBag from /home/airflow/.local/lib/python3.7/site-packages/airflow/example_dags/example_complex.py
[2023-11-29 14:40:34,092] {processor.py:654} INFO - DAG(s) dict_keys(['example_complex']) retrieved from /home/airflow/.local/lib/python3.7/site-packages/airflow/example_dags/example_complex.py
[2023-11-29 14:40:34,103] {logging_mixin.py:109} INFO - [2023-11-29 14:40:34,102] {dag.py:2398} INFO - Sync 1 DAGs
[2023-11-29 14:40:34,111] {logging_mixin.py:109} INFO - [2023-11-29 14:40:34,111] {dag.py:2937} INFO - Setting next_dagrun for example_complex to None
[2023-11-29 14:40:34,120] {processor.py:171} INFO - Processing /home/airflow/.local/lib/python3.7/site-packages/airflow/example_dags/example_complex.py took 0.054 seconds
[2023-11-29 14:41:04,401] {processor.py:163} INFO - Started process (PID=11617) to work on /home/airflow/.local/lib/python3.7/site-packages/airflow/example_dags/example_complex.py
[2023-11-29 14:41:04,402] {processor.py:642} INFO - Processing file /home/airflow/.local/lib/python3.7/site-packages/airflow/example_dags/example_complex.py for tasks to queue
[2023-11-29 14:41:04,402] {logging_mixin.py:109} INFO - [2023-11-29 14:41:04,402] {dagbag.py:500} INFO - Filling up the DagBag from /home/airflow/.local/lib/python3.7/site-packages/airflow/example_dags/example_complex.py
[2023-11-29 14:41:04,424] {processor.py:654} INFO - DAG(s) dict_keys(['example_complex']) retrieved from /home/airflow/.local/lib/python3.7/site-packages/airflow/example_dags/example_complex.py
[2023-11-29 14:41:04,434] {logging_mixin.py:109} INFO - [2023-11-29 14:41:04,434] {dag.py:2398} INFO - Sync 1 DAGs
[2023-11-29 14:41:04,442] {logging_mixin.py:109} INFO - [2023-11-29 14:41:04,442] {dag.py:2937} INFO - Setting next_dagrun for example_complex to None
[2023-11-29 14:41:04,449] {processor.py:171} INFO - Processing /home/airflow/.local/lib/python3.7/site-packages/airflow/example_dags/example_complex.py took 0.050 seconds
[2023-11-29 14:41:34,818] {processor.py:163} INFO - Started process (PID=11807) to work on /home/airflow/.local/lib/python3.7/site-packages/airflow/example_dags/example_complex.py
[2023-11-29 14:41:34,819] {processor.py:642} INFO - Processing file /home/airflow/.local/lib/python3.7/site-packages/airflow/example_dags/example_complex.py for tasks to queue
[2023-11-29 14:41:34,819] {logging_mixin.py:109} INFO - [2023-11-29 14:41:34,819] {dagbag.py:500} INFO - Filling up the DagBag from /home/airflow/.local/lib/python3.7/site-packages/airflow/example_dags/example_complex.py
[2023-11-29 14:41:34,845] {processor.py:654} INFO - DAG(s) dict_keys(['example_complex']) retrieved from /home/airflow/.local/lib/python3.7/site-packages/airflow/example_dags/example_complex.py
[2023-11-29 14:41:34,855] {logging_mixin.py:109} INFO - [2023-11-29 14:41:34,855] {dag.py:2398} INFO - Sync 1 DAGs
[2023-11-29 14:41:34,863] {logging_mixin.py:109} INFO - [2023-11-29 14:41:34,863] {dag.py:2937} INFO - Setting next_dagrun for example_complex to None
[2023-11-29 14:41:34,871] {processor.py:171} INFO - Processing /home/airflow/.local/lib/python3.7/site-packages/airflow/example_dags/example_complex.py took 0.055 seconds
[2023-11-29 14:42:05,182] {processor.py:163} INFO - Started process (PID=11992) to work on /home/airflow/.local/lib/python3.7/site-packages/airflow/example_dags/example_complex.py
[2023-11-29 14:42:05,183] {processor.py:642} INFO - Processing file /home/airflow/.local/lib/python3.7/site-packages/airflow/example_dags/example_complex.py for tasks to queue
[2023-11-29 14:42:05,183] {logging_mixin.py:109} INFO - [2023-11-29 14:42:05,183] {dagbag.py:500} INFO - Filling up the DagBag from /home/airflow/.local/lib/python3.7/site-packages/airflow/example_dags/example_complex.py
[2023-11-29 14:42:05,206] {processor.py:654} INFO - DAG(s) dict_keys(['example_complex']) retrieved from /home/airflow/.local/lib/python3.7/site-packages/airflow/example_dags/example_complex.py
[2023-11-29 14:42:05,216] {logging_mixin.py:109} INFO - [2023-11-29 14:42:05,216] {dag.py:2398} INFO - Sync 1 DAGs
[2023-11-29 14:42:05,225] {logging_mixin.py:109} INFO - [2023-11-29 14:42:05,224] {dag.py:2937} INFO - Setting next_dagrun for example_complex to None
[2023-11-29 14:42:05,231] {processor.py:171} INFO - Processing /home/airflow/.local/lib/python3.7/site-packages/airflow/example_dags/example_complex.py took 0.051 seconds
[2023-11-29 14:42:35,606] {processor.py:163} INFO - Started process (PID=12172) to work on /home/airflow/.local/lib/python3.7/site-packages/airflow/example_dags/example_complex.py
[2023-11-29 14:42:35,607] {processor.py:642} INFO - Processing file /home/airflow/.local/lib/python3.7/site-packages/airflow/example_dags/example_complex.py for tasks to queue
[2023-11-29 14:42:35,607] {logging_mixin.py:109} INFO - [2023-11-29 14:42:35,607] {dagbag.py:500} INFO - Filling up the DagBag from /home/airflow/.local/lib/python3.7/site-packages/airflow/example_dags/example_complex.py
[2023-11-29 14:42:35,630] {processor.py:654} INFO - DAG(s) dict_keys(['example_complex']) retrieved from /home/airflow/.local/lib/python3.7/site-packages/airflow/example_dags/example_complex.py
[2023-11-29 14:42:35,639] {logging_mixin.py:109} INFO - [2023-11-29 14:42:35,639] {dag.py:2398} INFO - Sync 1 DAGs
[2023-11-29 14:42:35,648] {logging_mixin.py:109} INFO - [2023-11-29 14:42:35,648] {dag.py:2937} INFO - Setting next_dagrun for example_complex to None
[2023-11-29 14:42:35,657] {processor.py:171} INFO - Processing /home/airflow/.local/lib/python3.7/site-packages/airflow/example_dags/example_complex.py took 0.052 seconds
[2023-11-29 14:43:06,084] {processor.py:163} INFO - Started process (PID=12356) to work on /home/airflow/.local/lib/python3.7/site-packages/airflow/example_dags/example_complex.py
[2023-11-29 14:43:06,085] {processor.py:642} INFO - Processing file /home/airflow/.local/lib/python3.7/site-packages/airflow/example_dags/example_complex.py for tasks to queue
[2023-11-29 14:43:06,085] {logging_mixin.py:109} INFO - [2023-11-29 14:43:06,085] {dagbag.py:500} INFO - Filling up the DagBag from /home/airflow/.local/lib/python3.7/site-packages/airflow/example_dags/example_complex.py
[2023-11-29 14:43:06,108] {processor.py:654} INFO - DAG(s) dict_keys(['example_complex']) retrieved from /home/airflow/.local/lib/python3.7/site-packages/airflow/example_dags/example_complex.py
[2023-11-29 14:43:06,117] {logging_mixin.py:109} INFO - [2023-11-29 14:43:06,117] {dag.py:2398} INFO - Sync 1 DAGs
[2023-11-29 14:43:06,127] {logging_mixin.py:109} INFO - [2023-11-29 14:43:06,127] {dag.py:2937} INFO - Setting next_dagrun for example_complex to None
[2023-11-29 14:43:06,135] {processor.py:171} INFO - Processing /home/airflow/.local/lib/python3.7/site-packages/airflow/example_dags/example_complex.py took 0.053 seconds
[2023-11-29 14:43:36,448] {processor.py:163} INFO - Started process (PID=12535) to work on /home/airflow/.local/lib/python3.7/site-packages/airflow/example_dags/example_complex.py
[2023-11-29 14:43:36,449] {processor.py:642} INFO - Processing file /home/airflow/.local/lib/python3.7/site-packages/airflow/example_dags/example_complex.py for tasks to queue
[2023-11-29 14:43:36,449] {logging_mixin.py:109} INFO - [2023-11-29 14:43:36,449] {dagbag.py:500} INFO - Filling up the DagBag from /home/airflow/.local/lib/python3.7/site-packages/airflow/example_dags/example_complex.py
[2023-11-29 14:43:36,474] {processor.py:654} INFO - DAG(s) dict_keys(['example_complex']) retrieved from /home/airflow/.local/lib/python3.7/site-packages/airflow/example_dags/example_complex.py
[2023-11-29 14:43:36,485] {logging_mixin.py:109} INFO - [2023-11-29 14:43:36,485] {dag.py:2398} INFO - Sync 1 DAGs
[2023-11-29 14:43:36,498] {logging_mixin.py:109} INFO - [2023-11-29 14:43:36,498] {dag.py:2937} INFO - Setting next_dagrun for example_complex to None
[2023-11-29 14:43:36,506] {processor.py:171} INFO - Processing /home/airflow/.local/lib/python3.7/site-packages/airflow/example_dags/example_complex.py took 0.059 seconds
[2023-11-29 14:44:06,766] {processor.py:163} INFO - Started process (PID=12722) to work on /home/airflow/.local/lib/python3.7/site-packages/airflow/example_dags/example_complex.py
[2023-11-29 14:44:06,767] {processor.py:642} INFO - Processing file /home/airflow/.local/lib/python3.7/site-packages/airflow/example_dags/example_complex.py for tasks to queue
[2023-11-29 14:44:06,768] {logging_mixin.py:109} INFO - [2023-11-29 14:44:06,768] {dagbag.py:500} INFO - Filling up the DagBag from /home/airflow/.local/lib/python3.7/site-packages/airflow/example_dags/example_complex.py
[2023-11-29 14:44:06,793] {processor.py:654} INFO - DAG(s) dict_keys(['example_complex']) retrieved from /home/airflow/.local/lib/python3.7/site-packages/airflow/example_dags/example_complex.py
[2023-11-29 14:44:06,804] {logging_mixin.py:109} INFO - [2023-11-29 14:44:06,804] {dag.py:2398} INFO - Sync 1 DAGs
[2023-11-29 14:44:06,813] {logging_mixin.py:109} INFO - [2023-11-29 14:44:06,813] {dag.py:2937} INFO - Setting next_dagrun for example_complex to None
[2023-11-29 14:44:06,822] {processor.py:171} INFO - Processing /home/airflow/.local/lib/python3.7/site-packages/airflow/example_dags/example_complex.py took 0.058 seconds
[2023-11-29 14:44:37,319] {processor.py:163} INFO - Started process (PID=12900) to work on /home/airflow/.local/lib/python3.7/site-packages/airflow/example_dags/example_complex.py
[2023-11-29 14:44:37,320] {processor.py:642} INFO - Processing file /home/airflow/.local/lib/python3.7/site-packages/airflow/example_dags/example_complex.py for tasks to queue
[2023-11-29 14:44:37,321] {logging_mixin.py:109} INFO - [2023-11-29 14:44:37,321] {dagbag.py:500} INFO - Filling up the DagBag from /home/airflow/.local/lib/python3.7/site-packages/airflow/example_dags/example_complex.py
[2023-11-29 14:44:37,348] {processor.py:654} INFO - DAG(s) dict_keys(['example_complex']) retrieved from /home/airflow/.local/lib/python3.7/site-packages/airflow/example_dags/example_complex.py
[2023-11-29 14:44:37,360] {logging_mixin.py:109} INFO - [2023-11-29 14:44:37,360] {dag.py:2398} INFO - Sync 1 DAGs
[2023-11-29 14:44:37,371] {logging_mixin.py:109} INFO - [2023-11-29 14:44:37,371] {dag.py:2937} INFO - Setting next_dagrun for example_complex to None
[2023-11-29 14:44:37,381] {processor.py:171} INFO - Processing /home/airflow/.local/lib/python3.7/site-packages/airflow/example_dags/example_complex.py took 0.065 seconds
[2023-11-29 14:45:08,079] {processor.py:163} INFO - Started process (PID=13089) to work on /home/airflow/.local/lib/python3.7/site-packages/airflow/example_dags/example_complex.py
[2023-11-29 14:45:08,082] {processor.py:642} INFO - Processing file /home/airflow/.local/lib/python3.7/site-packages/airflow/example_dags/example_complex.py for tasks to queue
[2023-11-29 14:45:08,084] {logging_mixin.py:109} INFO - [2023-11-29 14:45:08,083] {dagbag.py:500} INFO - Filling up the DagBag from /home/airflow/.local/lib/python3.7/site-packages/airflow/example_dags/example_complex.py
[2023-11-29 14:45:08,124] {processor.py:654} INFO - DAG(s) dict_keys(['example_complex']) retrieved from /home/airflow/.local/lib/python3.7/site-packages/airflow/example_dags/example_complex.py
[2023-11-29 14:45:08,140] {logging_mixin.py:109} INFO - [2023-11-29 14:45:08,140] {dag.py:2398} INFO - Sync 1 DAGs
[2023-11-29 14:45:08,159] {logging_mixin.py:109} INFO - [2023-11-29 14:45:08,158] {dag.py:2937} INFO - Setting next_dagrun for example_complex to None
[2023-11-29 14:45:08,169] {processor.py:171} INFO - Processing /home/airflow/.local/lib/python3.7/site-packages/airflow/example_dags/example_complex.py took 0.092 seconds
[2023-11-29 14:45:38,803] {processor.py:163} INFO - Started process (PID=13265) to work on /home/airflow/.local/lib/python3.7/site-packages/airflow/example_dags/example_complex.py
[2023-11-29 14:45:38,804] {processor.py:642} INFO - Processing file /home/airflow/.local/lib/python3.7/site-packages/airflow/example_dags/example_complex.py for tasks to queue
[2023-11-29 14:45:38,805] {logging_mixin.py:109} INFO - [2023-11-29 14:45:38,805] {dagbag.py:500} INFO - Filling up the DagBag from /home/airflow/.local/lib/python3.7/site-packages/airflow/example_dags/example_complex.py
[2023-11-29 14:45:38,833] {processor.py:654} INFO - DAG(s) dict_keys(['example_complex']) retrieved from /home/airflow/.local/lib/python3.7/site-packages/airflow/example_dags/example_complex.py
[2023-11-29 14:45:38,846] {logging_mixin.py:109} INFO - [2023-11-29 14:45:38,846] {dag.py:2398} INFO - Sync 1 DAGs
[2023-11-29 14:45:38,856] {logging_mixin.py:109} INFO - [2023-11-29 14:45:38,856] {dag.py:2937} INFO - Setting next_dagrun for example_complex to None
[2023-11-29 14:45:38,866] {processor.py:171} INFO - Processing /home/airflow/.local/lib/python3.7/site-packages/airflow/example_dags/example_complex.py took 0.065 seconds
[2023-11-29 14:46:09,685] {processor.py:163} INFO - Started process (PID=13454) to work on /home/airflow/.local/lib/python3.7/site-packages/airflow/example_dags/example_complex.py
[2023-11-29 14:46:09,686] {processor.py:642} INFO - Processing file /home/airflow/.local/lib/python3.7/site-packages/airflow/example_dags/example_complex.py for tasks to queue
[2023-11-29 14:46:09,687] {logging_mixin.py:109} INFO - [2023-11-29 14:46:09,687] {dagbag.py:500} INFO - Filling up the DagBag from /home/airflow/.local/lib/python3.7/site-packages/airflow/example_dags/example_complex.py
[2023-11-29 14:46:09,725] {processor.py:654} INFO - DAG(s) dict_keys(['example_complex']) retrieved from /home/airflow/.local/lib/python3.7/site-packages/airflow/example_dags/example_complex.py
[2023-11-29 14:46:09,740] {logging_mixin.py:109} INFO - [2023-11-29 14:46:09,739] {dag.py:2398} INFO - Sync 1 DAGs
[2023-11-29 14:46:09,761] {logging_mixin.py:109} INFO - [2023-11-29 14:46:09,761] {dag.py:2937} INFO - Setting next_dagrun for example_complex to None
[2023-11-29 14:46:09,783] {processor.py:171} INFO - Processing /home/airflow/.local/lib/python3.7/site-packages/airflow/example_dags/example_complex.py took 0.101 seconds
[2023-11-29 14:46:40,423] {processor.py:163} INFO - Started process (PID=13629) to work on /home/airflow/.local/lib/python3.7/site-packages/airflow/example_dags/example_complex.py
[2023-11-29 14:46:40,424] {processor.py:642} INFO - Processing file /home/airflow/.local/lib/python3.7/site-packages/airflow/example_dags/example_complex.py for tasks to queue
[2023-11-29 14:46:40,425] {logging_mixin.py:109} INFO - [2023-11-29 14:46:40,425] {dagbag.py:500} INFO - Filling up the DagBag from /home/airflow/.local/lib/python3.7/site-packages/airflow/example_dags/example_complex.py
[2023-11-29 14:46:40,454] {processor.py:654} INFO - DAG(s) dict_keys(['example_complex']) retrieved from /home/airflow/.local/lib/python3.7/site-packages/airflow/example_dags/example_complex.py
[2023-11-29 14:46:40,465] {logging_mixin.py:109} INFO - [2023-11-29 14:46:40,465] {dag.py:2398} INFO - Sync 1 DAGs
[2023-11-29 14:46:40,477] {logging_mixin.py:109} INFO - [2023-11-29 14:46:40,477] {dag.py:2937} INFO - Setting next_dagrun for example_complex to None
[2023-11-29 14:46:40,487] {processor.py:171} INFO - Processing /home/airflow/.local/lib/python3.7/site-packages/airflow/example_dags/example_complex.py took 0.066 seconds
[2023-11-29 14:47:11,126] {processor.py:163} INFO - Started process (PID=13816) to work on /home/airflow/.local/lib/python3.7/site-packages/airflow/example_dags/example_complex.py
[2023-11-29 14:47:11,127] {processor.py:642} INFO - Processing file /home/airflow/.local/lib/python3.7/site-packages/airflow/example_dags/example_complex.py for tasks to queue
[2023-11-29 14:47:11,127] {logging_mixin.py:109} INFO - [2023-11-29 14:47:11,127] {dagbag.py:500} INFO - Filling up the DagBag from /home/airflow/.local/lib/python3.7/site-packages/airflow/example_dags/example_complex.py
[2023-11-29 14:47:11,151] {processor.py:654} INFO - DAG(s) dict_keys(['example_complex']) retrieved from /home/airflow/.local/lib/python3.7/site-packages/airflow/example_dags/example_complex.py
[2023-11-29 14:47:11,160] {logging_mixin.py:109} INFO - [2023-11-29 14:47:11,160] {dag.py:2398} INFO - Sync 1 DAGs
[2023-11-29 14:47:11,170] {logging_mixin.py:109} INFO - [2023-11-29 14:47:11,170] {dag.py:2937} INFO - Setting next_dagrun for example_complex to None
[2023-11-29 14:47:11,178] {processor.py:171} INFO - Processing /home/airflow/.local/lib/python3.7/site-packages/airflow/example_dags/example_complex.py took 0.054 seconds
[2023-11-29 14:47:41,655] {processor.py:163} INFO - Started process (PID=14006) to work on /home/airflow/.local/lib/python3.7/site-packages/airflow/example_dags/example_complex.py
[2023-11-29 14:47:41,656] {processor.py:642} INFO - Processing file /home/airflow/.local/lib/python3.7/site-packages/airflow/example_dags/example_complex.py for tasks to queue
[2023-11-29 14:47:41,656] {logging_mixin.py:109} INFO - [2023-11-29 14:47:41,656] {dagbag.py:500} INFO - Filling up the DagBag from /home/airflow/.local/lib/python3.7/site-packages/airflow/example_dags/example_complex.py
[2023-11-29 14:47:41,680] {processor.py:654} INFO - DAG(s) dict_keys(['example_complex']) retrieved from /home/airflow/.local/lib/python3.7/site-packages/airflow/example_dags/example_complex.py
[2023-11-29 14:47:41,690] {logging_mixin.py:109} INFO - [2023-11-29 14:47:41,690] {dag.py:2398} INFO - Sync 1 DAGs
[2023-11-29 14:47:41,700] {logging_mixin.py:109} INFO - [2023-11-29 14:47:41,699] {dag.py:2937} INFO - Setting next_dagrun for example_complex to None
[2023-11-29 14:47:41,707] {processor.py:171} INFO - Processing /home/airflow/.local/lib/python3.7/site-packages/airflow/example_dags/example_complex.py took 0.054 seconds
[2023-11-29 14:48:12,256] {processor.py:163} INFO - Started process (PID=14184) to work on /home/airflow/.local/lib/python3.7/site-packages/airflow/example_dags/example_complex.py
[2023-11-29 14:48:12,257] {processor.py:642} INFO - Processing file /home/airflow/.local/lib/python3.7/site-packages/airflow/example_dags/example_complex.py for tasks to queue
[2023-11-29 14:48:12,258] {logging_mixin.py:109} INFO - [2023-11-29 14:48:12,257] {dagbag.py:500} INFO - Filling up the DagBag from /home/airflow/.local/lib/python3.7/site-packages/airflow/example_dags/example_complex.py
[2023-11-29 14:48:12,285] {processor.py:654} INFO - DAG(s) dict_keys(['example_complex']) retrieved from /home/airflow/.local/lib/python3.7/site-packages/airflow/example_dags/example_complex.py
[2023-11-29 14:48:12,295] {logging_mixin.py:109} INFO - [2023-11-29 14:48:12,295] {dag.py:2398} INFO - Sync 1 DAGs
[2023-11-29 14:48:12,305] {logging_mixin.py:109} INFO - [2023-11-29 14:48:12,305] {dag.py:2937} INFO - Setting next_dagrun for example_complex to None
[2023-11-29 14:48:12,315] {processor.py:171} INFO - Processing /home/airflow/.local/lib/python3.7/site-packages/airflow/example_dags/example_complex.py took 0.060 seconds
[2023-11-29 14:48:42,886] {processor.py:163} INFO - Started process (PID=14372) to work on /home/airflow/.local/lib/python3.7/site-packages/airflow/example_dags/example_complex.py
[2023-11-29 14:48:42,887] {processor.py:642} INFO - Processing file /home/airflow/.local/lib/python3.7/site-packages/airflow/example_dags/example_complex.py for tasks to queue
[2023-11-29 14:48:42,888] {logging_mixin.py:109} INFO - [2023-11-29 14:48:42,888] {dagbag.py:500} INFO - Filling up the DagBag from /home/airflow/.local/lib/python3.7/site-packages/airflow/example_dags/example_complex.py
[2023-11-29 14:48:42,914] {processor.py:654} INFO - DAG(s) dict_keys(['example_complex']) retrieved from /home/airflow/.local/lib/python3.7/site-packages/airflow/example_dags/example_complex.py
[2023-11-29 14:48:42,924] {logging_mixin.py:109} INFO - [2023-11-29 14:48:42,924] {dag.py:2398} INFO - Sync 1 DAGs
[2023-11-29 14:48:42,934] {logging_mixin.py:109} INFO - [2023-11-29 14:48:42,934] {dag.py:2937} INFO - Setting next_dagrun for example_complex to None
[2023-11-29 14:48:42,941] {processor.py:171} INFO - Processing /home/airflow/.local/lib/python3.7/site-packages/airflow/example_dags/example_complex.py took 0.056 seconds
[2023-11-29 14:49:13,449] {processor.py:163} INFO - Started process (PID=14550) to work on /home/airflow/.local/lib/python3.7/site-packages/airflow/example_dags/example_complex.py
[2023-11-29 14:49:13,450] {processor.py:642} INFO - Processing file /home/airflow/.local/lib/python3.7/site-packages/airflow/example_dags/example_complex.py for tasks to queue
[2023-11-29 14:49:13,450] {logging_mixin.py:109} INFO - [2023-11-29 14:49:13,450] {dagbag.py:500} INFO - Filling up the DagBag from /home/airflow/.local/lib/python3.7/site-packages/airflow/example_dags/example_complex.py
[2023-11-29 14:49:13,473] {processor.py:654} INFO - DAG(s) dict_keys(['example_complex']) retrieved from /home/airflow/.local/lib/python3.7/site-packages/airflow/example_dags/example_complex.py
[2023-11-29 14:49:13,482] {logging_mixin.py:109} INFO - [2023-11-29 14:49:13,482] {dag.py:2398} INFO - Sync 1 DAGs
[2023-11-29 14:49:13,492] {logging_mixin.py:109} INFO - [2023-11-29 14:49:13,491] {dag.py:2937} INFO - Setting next_dagrun for example_complex to None
[2023-11-29 14:49:13,498] {processor.py:171} INFO - Processing /home/airflow/.local/lib/python3.7/site-packages/airflow/example_dags/example_complex.py took 0.051 seconds
[2023-11-29 14:49:43,964] {processor.py:163} INFO - Started process (PID=14743) to work on /home/airflow/.local/lib/python3.7/site-packages/airflow/example_dags/example_complex.py
[2023-11-29 14:49:43,965] {processor.py:642} INFO - Processing file /home/airflow/.local/lib/python3.7/site-packages/airflow/example_dags/example_complex.py for tasks to queue
[2023-11-29 14:49:43,965] {logging_mixin.py:109} INFO - [2023-11-29 14:49:43,965] {dagbag.py:500} INFO - Filling up the DagBag from /home/airflow/.local/lib/python3.7/site-packages/airflow/example_dags/example_complex.py
[2023-11-29 14:49:43,986] {processor.py:654} INFO - DAG(s) dict_keys(['example_complex']) retrieved from /home/airflow/.local/lib/python3.7/site-packages/airflow/example_dags/example_complex.py
[2023-11-29 14:49:43,996] {logging_mixin.py:109} INFO - [2023-11-29 14:49:43,996] {dag.py:2398} INFO - Sync 1 DAGs
[2023-11-29 14:49:44,004] {logging_mixin.py:109} INFO - [2023-11-29 14:49:44,004] {dag.py:2937} INFO - Setting next_dagrun for example_complex to None
[2023-11-29 14:49:44,013] {processor.py:171} INFO - Processing /home/airflow/.local/lib/python3.7/site-packages/airflow/example_dags/example_complex.py took 0.051 seconds
[2023-11-29 19:01:10,441] {processor.py:163} INFO - Started process (PID=14927) to work on /home/airflow/.local/lib/python3.7/site-packages/airflow/example_dags/example_complex.py
[2023-11-29 19:01:10,471] {processor.py:642} INFO - Processing file /home/airflow/.local/lib/python3.7/site-packages/airflow/example_dags/example_complex.py for tasks to queue
[2023-11-29 19:01:10,472] {logging_mixin.py:109} INFO - [2023-11-29 19:01:10,472] {dagbag.py:500} INFO - Filling up the DagBag from /home/airflow/.local/lib/python3.7/site-packages/airflow/example_dags/example_complex.py
[2023-11-29 19:01:10,521] {processor.py:654} INFO - DAG(s) dict_keys(['example_complex']) retrieved from /home/airflow/.local/lib/python3.7/site-packages/airflow/example_dags/example_complex.py
[2023-11-29 19:01:10,568] {logging_mixin.py:109} INFO - [2023-11-29 19:01:10,567] {dag.py:2398} INFO - Sync 1 DAGs
[2023-11-29 19:01:10,626] {logging_mixin.py:109} INFO - [2023-11-29 19:01:10,626] {dag.py:2937} INFO - Setting next_dagrun for example_complex to None
[2023-11-29 19:01:10,654] {processor.py:171} INFO - Processing /home/airflow/.local/lib/python3.7/site-packages/airflow/example_dags/example_complex.py took 0.218 seconds
