[2023-11-30 13:33:32,891] {taskinstance.py:1037} INFO - Dependencies all met for <TaskInstance: our_first_dag_v3.third_task scheduled__2023-10-07T00:00:00+00:00 [queued]>
[2023-11-30 13:33:32,902] {taskinstance.py:1037} INFO - Dependencies all met for <TaskInstance: our_first_dag_v3.third_task scheduled__2023-10-07T00:00:00+00:00 [queued]>
[2023-11-30 13:33:32,902] {taskinstance.py:1243} INFO - 
--------------------------------------------------------------------------------
[2023-11-30 13:33:32,902] {taskinstance.py:1244} INFO - Starting attempt 1 of 6
[2023-11-30 13:33:32,902] {taskinstance.py:1245} INFO - 
--------------------------------------------------------------------------------
[2023-11-30 13:33:32,917] {taskinstance.py:1264} INFO - Executing <Task(BashOperator): third_task> on 2023-10-07 00:00:00+00:00
[2023-11-30 13:33:32,922] {standard_task_runner.py:52} INFO - Started process 5790 to run task
[2023-11-30 13:33:32,925] {standard_task_runner.py:76} INFO - Running: ['***', 'tasks', 'run', 'our_first_dag_v3', 'third_task', 'scheduled__2023-10-07T00:00:00+00:00', '--job-id', '460', '--raw', '--subdir', 'DAGS_FOLDER/our_first_dag.py', '--cfg-path', '/tmp/tmp53m79zy2', '--error-file', '/tmp/tmpwaqh1qud']
[2023-11-30 13:33:32,927] {standard_task_runner.py:77} INFO - Job 460: Subtask third_task
[2023-11-30 13:33:32,994] {logging_mixin.py:109} INFO - Running <TaskInstance: our_first_dag_v3.third_task scheduled__2023-10-07T00:00:00+00:00 [running]> on host 08735726aeda
[2023-11-30 13:33:33,057] {taskinstance.py:1431} INFO - Exporting the following env vars:
AIRFLOW_CTX_DAG_OWNER=Ali
AIRFLOW_CTX_DAG_ID=our_first_dag_v3
AIRFLOW_CTX_TASK_ID=third_task
AIRFLOW_CTX_EXECUTION_DATE=2023-10-07T00:00:00+00:00
AIRFLOW_CTX_DAG_RUN_ID=scheduled__2023-10-07T00:00:00+00:00
[2023-11-30 13:33:33,058] {subprocess.py:62} INFO - Tmp dir root location: 
 /tmp
[2023-11-30 13:33:33,059] {subprocess.py:74} INFO - Running command: ['bash', '-c', 'echo hello world, this is the third task!']
[2023-11-30 13:33:33,068] {subprocess.py:85} INFO - Output:
[2023-11-30 13:33:33,070] {subprocess.py:89} INFO - hello world, this is the third task!
[2023-11-30 13:33:33,070] {subprocess.py:93} INFO - Command exited with return code 0
[2023-11-30 13:33:33,099] {taskinstance.py:1282} INFO - Marking task as SUCCESS. dag_id=our_first_dag_v3, task_id=third_task, execution_date=20231007T000000, start_date=20231130T133332, end_date=20231130T133333
[2023-11-30 13:33:33,140] {local_task_job.py:154} INFO - Task exited with return code 0
[2023-11-30 13:33:33,174] {local_task_job.py:264} INFO - 0 downstream tasks scheduled from follow-on schedule check
