[2023-12-04 12:24:55,156] {taskinstance.py:1037} INFO - Dependencies all met for <TaskInstance: our_dag_with_python_operator_v05.get_age scheduled__2023-12-03T00:00:00+00:00 [queued]>
[2023-12-04 12:24:55,170] {taskinstance.py:1037} INFO - Dependencies all met for <TaskInstance: our_dag_with_python_operator_v05.get_age scheduled__2023-12-03T00:00:00+00:00 [queued]>
[2023-12-04 12:24:55,170] {taskinstance.py:1243} INFO - 
--------------------------------------------------------------------------------
[2023-12-04 12:24:55,170] {taskinstance.py:1244} INFO - Starting attempt 1 of 6
[2023-12-04 12:24:55,170] {taskinstance.py:1245} INFO - 
--------------------------------------------------------------------------------
[2023-12-04 12:24:55,192] {taskinstance.py:1264} INFO - Executing <Task(PythonOperator): get_age> on 2023-12-03 00:00:00+00:00
[2023-12-04 12:24:55,196] {standard_task_runner.py:52} INFO - Started process 2832 to run task
[2023-12-04 12:24:55,201] {standard_task_runner.py:76} INFO - Running: ['***', 'tasks', 'run', 'our_dag_with_python_operator_v05', 'get_age', 'scheduled__2023-12-03T00:00:00+00:00', '--job-id', '37', '--raw', '--subdir', 'DAGS_FOLDER/create_dag_with_python_operator.py', '--cfg-path', '/tmp/tmpxbwdjmo9', '--error-file', '/tmp/tmperwmllgx']
[2023-12-04 12:24:55,202] {standard_task_runner.py:77} INFO - Job 37: Subtask get_age
[2023-12-04 12:24:55,280] {logging_mixin.py:109} INFO - Running <TaskInstance: our_dag_with_python_operator_v05.get_age scheduled__2023-12-03T00:00:00+00:00 [running]> on host 9953e82db65e
[2023-12-04 12:24:55,368] {taskinstance.py:1431} INFO - Exporting the following env vars:
AIRFLOW_CTX_DAG_OWNER=Ali
AIRFLOW_CTX_DAG_ID=our_dag_with_python_operator_v05
AIRFLOW_CTX_TASK_ID=get_age
AIRFLOW_CTX_EXECUTION_DATE=2023-12-03T00:00:00+00:00
AIRFLOW_CTX_DAG_RUN_ID=scheduled__2023-12-03T00:00:00+00:00
[2023-12-04 12:24:55,383] {python.py:175} INFO - Done. Returned value was: 20
[2023-12-04 12:24:55,410] {taskinstance.py:1282} INFO - Marking task as SUCCESS. dag_id=our_dag_with_python_operator_v05, task_id=get_age, execution_date=20231203T000000, start_date=20231204T122455, end_date=20231204T122455
[2023-12-04 12:24:55,457] {local_task_job.py:154} INFO - Task exited with return code 0
[2023-12-04 12:24:55,499] {local_task_job.py:264} INFO - 0 downstream tasks scheduled from follow-on schedule check
