[2023-11-30 13:29:37,644] {taskinstance.py:1037} INFO - Dependencies all met for <TaskInstance: our_first_dag_v2.first_task scheduled__2023-11-01T00:00:00+00:00 [queued]>
[2023-11-30 13:29:37,677] {taskinstance.py:1037} INFO - Dependencies all met for <TaskInstance: our_first_dag_v2.first_task scheduled__2023-11-01T00:00:00+00:00 [queued]>
[2023-11-30 13:29:37,678] {taskinstance.py:1243} INFO - 
--------------------------------------------------------------------------------
[2023-11-30 13:29:37,678] {taskinstance.py:1244} INFO - Starting attempt 1 of 6
[2023-11-30 13:29:37,678] {taskinstance.py:1245} INFO - 
--------------------------------------------------------------------------------
[2023-11-30 13:29:37,718] {taskinstance.py:1264} INFO - Executing <Task(BashOperator): first_task> on 2023-11-01 00:00:00+00:00
[2023-11-30 13:29:37,730] {standard_task_runner.py:52} INFO - Started process 3512 to run task
[2023-11-30 13:29:37,736] {standard_task_runner.py:76} INFO - Running: ['***', 'tasks', 'run', 'our_first_dag_v2', 'first_task', 'scheduled__2023-11-01T00:00:00+00:00', '--job-id', '188', '--raw', '--subdir', 'DAGS_FOLDER/our_first_dag.py', '--cfg-path', '/tmp/tmp052wrtyx', '--error-file', '/tmp/tmp8m9sllrp']
[2023-11-30 13:29:37,737] {standard_task_runner.py:77} INFO - Job 188: Subtask first_task
[2023-11-30 13:29:37,878] {logging_mixin.py:109} INFO - Running <TaskInstance: our_first_dag_v2.first_task scheduled__2023-11-01T00:00:00+00:00 [running]> on host 08735726aeda
[2023-11-30 13:29:37,987] {taskinstance.py:1431} INFO - Exporting the following env vars:
AIRFLOW_CTX_DAG_OWNER=Ali
AIRFLOW_CTX_DAG_ID=our_first_dag_v2
AIRFLOW_CTX_TASK_ID=first_task
AIRFLOW_CTX_EXECUTION_DATE=2023-11-01T00:00:00+00:00
AIRFLOW_CTX_DAG_RUN_ID=scheduled__2023-11-01T00:00:00+00:00
[2023-11-30 13:29:37,988] {subprocess.py:62} INFO - Tmp dir root location: 
 /tmp
[2023-11-30 13:29:37,989] {subprocess.py:74} INFO - Running command: ['bash', '-c', 'echo hello world, this is the first task!']
[2023-11-30 13:29:38,002] {subprocess.py:85} INFO - Output:
[2023-11-30 13:29:38,006] {subprocess.py:89} INFO - hello world, this is the first task!
[2023-11-30 13:29:38,006] {subprocess.py:93} INFO - Command exited with return code 0
[2023-11-30 13:29:38,055] {taskinstance.py:1282} INFO - Marking task as SUCCESS. dag_id=our_first_dag_v2, task_id=first_task, execution_date=20231101T000000, start_date=20231130T132937, end_date=20231130T132938
[2023-11-30 13:29:38,121] {local_task_job.py:154} INFO - Task exited with return code 0
[2023-11-30 13:29:38,181] {local_task_job.py:264} INFO - 1 downstream tasks scheduled from follow-on schedule check
