[2023-12-04 13:40:40,687] {taskinstance.py:1037} INFO - Dependencies all met for <TaskInstance: dag_with_taskflow_api_v02.get_name scheduled__2022-09-08T00:00:00+00:00 [queued]>
[2023-12-04 13:40:40,702] {taskinstance.py:1037} INFO - Dependencies all met for <TaskInstance: dag_with_taskflow_api_v02.get_name scheduled__2022-09-08T00:00:00+00:00 [queued]>
[2023-12-04 13:40:40,702] {taskinstance.py:1243} INFO - 
--------------------------------------------------------------------------------
[2023-12-04 13:40:40,702] {taskinstance.py:1244} INFO - Starting attempt 1 of 6
[2023-12-04 13:40:40,702] {taskinstance.py:1245} INFO - 
--------------------------------------------------------------------------------
[2023-12-04 13:40:40,731] {taskinstance.py:1264} INFO - Executing <Task(_PythonDecoratedOperator): get_name> on 2022-09-08 00:00:00+00:00
[2023-12-04 13:40:40,749] {standard_task_runner.py:52} INFO - Started process 10485 to run task
[2023-12-04 13:40:40,755] {standard_task_runner.py:76} INFO - Running: ['***', 'tasks', 'run', 'dag_with_taskflow_api_v02', 'get_name', 'scheduled__2022-09-08T00:00:00+00:00', '--job-id', '1497', '--raw', '--subdir', 'DAGS_FOLDER/dag_with_taskflow_api.py', '--cfg-path', '/tmp/tmpxd3ud4hp', '--error-file', '/tmp/tmpy8clmqcn']
[2023-12-04 13:40:40,757] {standard_task_runner.py:77} INFO - Job 1497: Subtask get_name
[2023-12-04 13:40:40,894] {logging_mixin.py:109} INFO - Running <TaskInstance: dag_with_taskflow_api_v02.get_name scheduled__2022-09-08T00:00:00+00:00 [running]> on host 9953e82db65e
[2023-12-04 13:40:41,002] {taskinstance.py:1431} INFO - Exporting the following env vars:
AIRFLOW_CTX_DAG_OWNER=Ali
AIRFLOW_CTX_DAG_ID=dag_with_taskflow_api_v02
AIRFLOW_CTX_TASK_ID=get_name
AIRFLOW_CTX_EXECUTION_DATE=2022-09-08T00:00:00+00:00
AIRFLOW_CTX_DAG_RUN_ID=scheduled__2022-09-08T00:00:00+00:00
[2023-12-04 13:40:41,003] {python.py:175} INFO - Done. Returned value was: {'first_name': 'Ali', 'last_name': 'Mokh'}
[2023-12-04 13:40:41,174] {taskinstance.py:1282} INFO - Marking task as SUCCESS. dag_id=dag_with_taskflow_api_v02, task_id=get_name, execution_date=20220908T000000, start_date=20231204T134040, end_date=20231204T134041
[2023-12-04 13:40:41,267] {local_task_job.py:154} INFO - Task exited with return code 0
[2023-12-04 13:40:41,391] {local_task_job.py:264} INFO - 1 downstream tasks scheduled from follow-on schedule check
