[2023-12-04 13:38:37,386] {taskinstance.py:1037} INFO - Dependencies all met for <TaskInstance: dag_with_taskflow_api_v02.get_name scheduled__2022-03-26T00:00:00+00:00 [queued]>
[2023-12-04 13:38:37,405] {taskinstance.py:1037} INFO - Dependencies all met for <TaskInstance: dag_with_taskflow_api_v02.get_name scheduled__2022-03-26T00:00:00+00:00 [queued]>
[2023-12-04 13:38:37,405] {taskinstance.py:1243} INFO - 
--------------------------------------------------------------------------------
[2023-12-04 13:38:37,405] {taskinstance.py:1244} INFO - Starting attempt 1 of 6
[2023-12-04 13:38:37,405] {taskinstance.py:1245} INFO - 
--------------------------------------------------------------------------------
[2023-12-04 13:38:37,424] {taskinstance.py:1264} INFO - Executing <Task(_PythonDecoratedOperator): get_name> on 2022-03-26 00:00:00+00:00
[2023-12-04 13:38:37,427] {standard_task_runner.py:52} INFO - Started process 9347 to run task
[2023-12-04 13:38:37,432] {standard_task_runner.py:76} INFO - Running: ['***', 'tasks', 'run', 'dag_with_taskflow_api_v02', 'get_name', 'scheduled__2022-03-26T00:00:00+00:00', '--job-id', '1001', '--raw', '--subdir', 'DAGS_FOLDER/dag_with_taskflow_api.py', '--cfg-path', '/tmp/tmp57q5xiu_', '--error-file', '/tmp/tmpghxyo3os']
[2023-12-04 13:38:37,433] {standard_task_runner.py:77} INFO - Job 1001: Subtask get_name
[2023-12-04 13:38:37,554] {logging_mixin.py:109} INFO - Running <TaskInstance: dag_with_taskflow_api_v02.get_name scheduled__2022-03-26T00:00:00+00:00 [running]> on host 9953e82db65e
[2023-12-04 13:38:37,640] {taskinstance.py:1431} INFO - Exporting the following env vars:
AIRFLOW_CTX_DAG_OWNER=Ali
AIRFLOW_CTX_DAG_ID=dag_with_taskflow_api_v02
AIRFLOW_CTX_TASK_ID=get_name
AIRFLOW_CTX_EXECUTION_DATE=2022-03-26T00:00:00+00:00
AIRFLOW_CTX_DAG_RUN_ID=scheduled__2022-03-26T00:00:00+00:00
[2023-12-04 13:38:37,641] {python.py:175} INFO - Done. Returned value was: {'first_name': 'Ali', 'last_name': 'Mokh'}
[2023-12-04 13:38:37,732] {taskinstance.py:1282} INFO - Marking task as SUCCESS. dag_id=dag_with_taskflow_api_v02, task_id=get_name, execution_date=20220326T000000, start_date=20231204T133837, end_date=20231204T133837
[2023-12-04 13:38:37,823] {local_task_job.py:154} INFO - Task exited with return code 0
[2023-12-04 13:38:37,917] {local_task_job.py:264} INFO - 0 downstream tasks scheduled from follow-on schedule check
