[2023-11-30 13:29:46,908] {taskinstance.py:1037} INFO - Dependencies all met for <TaskInstance: our_first_dag_v2.first_task scheduled__2023-11-14T00:00:00+00:00 [queued]>
[2023-11-30 13:29:46,928] {taskinstance.py:1037} INFO - Dependencies all met for <TaskInstance: our_first_dag_v2.first_task scheduled__2023-11-14T00:00:00+00:00 [queued]>
[2023-11-30 13:29:46,928] {taskinstance.py:1243} INFO - 
--------------------------------------------------------------------------------
[2023-11-30 13:29:46,929] {taskinstance.py:1244} INFO - Starting attempt 1 of 6
[2023-11-30 13:29:46,929] {taskinstance.py:1245} INFO - 
--------------------------------------------------------------------------------
[2023-11-30 13:29:46,950] {taskinstance.py:1264} INFO - Executing <Task(BashOperator): first_task> on 2023-11-14 00:00:00+00:00
[2023-11-30 13:29:46,959] {standard_task_runner.py:52} INFO - Started process 3648 to run task
[2023-11-30 13:29:46,963] {standard_task_runner.py:76} INFO - Running: ['***', 'tasks', 'run', 'our_first_dag_v2', 'first_task', 'scheduled__2023-11-14T00:00:00+00:00', '--job-id', '214', '--raw', '--subdir', 'DAGS_FOLDER/our_first_dag.py', '--cfg-path', '/tmp/tmp919hbxh_', '--error-file', '/tmp/tmpqi7twv7g']
[2023-11-30 13:29:46,965] {standard_task_runner.py:77} INFO - Job 214: Subtask first_task
[2023-11-30 13:29:47,062] {logging_mixin.py:109} INFO - Running <TaskInstance: our_first_dag_v2.first_task scheduled__2023-11-14T00:00:00+00:00 [running]> on host 08735726aeda
[2023-11-30 13:29:47,162] {taskinstance.py:1431} INFO - Exporting the following env vars:
AIRFLOW_CTX_DAG_OWNER=Ali
AIRFLOW_CTX_DAG_ID=our_first_dag_v2
AIRFLOW_CTX_TASK_ID=first_task
AIRFLOW_CTX_EXECUTION_DATE=2023-11-14T00:00:00+00:00
AIRFLOW_CTX_DAG_RUN_ID=scheduled__2023-11-14T00:00:00+00:00
[2023-11-30 13:29:47,163] {subprocess.py:62} INFO - Tmp dir root location: 
 /tmp
[2023-11-30 13:29:47,164] {subprocess.py:74} INFO - Running command: ['bash', '-c', 'echo hello world, this is the first task!']
[2023-11-30 13:29:47,177] {subprocess.py:85} INFO - Output:
[2023-11-30 13:29:47,180] {subprocess.py:89} INFO - hello world, this is the first task!
[2023-11-30 13:29:47,180] {subprocess.py:93} INFO - Command exited with return code 0
[2023-11-30 13:29:47,223] {taskinstance.py:1282} INFO - Marking task as SUCCESS. dag_id=our_first_dag_v2, task_id=first_task, execution_date=20231114T000000, start_date=20231130T132946, end_date=20231130T132947
[2023-11-30 13:29:47,260] {local_task_job.py:154} INFO - Task exited with return code 0
[2023-11-30 13:29:47,304] {local_task_job.py:264} INFO - 1 downstream tasks scheduled from follow-on schedule check
