[2023-11-30 13:29:12,803] {taskinstance.py:1037} INFO - Dependencies all met for <TaskInstance: our_first_dag_v2.first_task scheduled__2023-09-30T00:00:00+00:00 [queued]>
[2023-11-30 13:29:12,825] {taskinstance.py:1037} INFO - Dependencies all met for <TaskInstance: our_first_dag_v2.first_task scheduled__2023-09-30T00:00:00+00:00 [queued]>
[2023-11-30 13:29:12,825] {taskinstance.py:1243} INFO - 
--------------------------------------------------------------------------------
[2023-11-30 13:29:12,825] {taskinstance.py:1244} INFO - Starting attempt 1 of 6
[2023-11-30 13:29:12,826] {taskinstance.py:1245} INFO - 
--------------------------------------------------------------------------------
[2023-11-30 13:29:12,859] {taskinstance.py:1264} INFO - Executing <Task(BashOperator): first_task> on 2023-09-30 00:00:00+00:00
[2023-11-30 13:29:12,864] {standard_task_runner.py:52} INFO - Started process 3164 to run task
[2023-11-30 13:29:12,868] {standard_task_runner.py:76} INFO - Running: ['***', 'tasks', 'run', 'our_first_dag_v2', 'first_task', 'scheduled__2023-09-30T00:00:00+00:00', '--job-id', '123', '--raw', '--subdir', 'DAGS_FOLDER/our_first_dag.py', '--cfg-path', '/tmp/tmpel0jh6bo', '--error-file', '/tmp/tmpx4vkmr2i']
[2023-11-30 13:29:12,870] {standard_task_runner.py:77} INFO - Job 123: Subtask first_task
[2023-11-30 13:29:13,052] {logging_mixin.py:109} INFO - Running <TaskInstance: our_first_dag_v2.first_task scheduled__2023-09-30T00:00:00+00:00 [running]> on host 08735726aeda
[2023-11-30 13:29:13,139] {taskinstance.py:1431} INFO - Exporting the following env vars:
AIRFLOW_CTX_DAG_OWNER=Ali
AIRFLOW_CTX_DAG_ID=our_first_dag_v2
AIRFLOW_CTX_TASK_ID=first_task
AIRFLOW_CTX_EXECUTION_DATE=2023-09-30T00:00:00+00:00
AIRFLOW_CTX_DAG_RUN_ID=scheduled__2023-09-30T00:00:00+00:00
[2023-11-30 13:29:13,140] {subprocess.py:62} INFO - Tmp dir root location: 
 /tmp
[2023-11-30 13:29:13,141] {subprocess.py:74} INFO - Running command: ['bash', '-c', 'echo hello world, this is the first task!']
[2023-11-30 13:29:13,153] {subprocess.py:85} INFO - Output:
[2023-11-30 13:29:13,155] {subprocess.py:89} INFO - hello world, this is the first task!
[2023-11-30 13:29:13,156] {subprocess.py:93} INFO - Command exited with return code 0
[2023-11-30 13:29:13,196] {taskinstance.py:1282} INFO - Marking task as SUCCESS. dag_id=our_first_dag_v2, task_id=first_task, execution_date=20230930T000000, start_date=20231130T132912, end_date=20231130T132913
[2023-11-30 13:29:13,256] {local_task_job.py:154} INFO - Task exited with return code 0
[2023-11-30 13:29:13,359] {local_task_job.py:264} INFO - 1 downstream tasks scheduled from follow-on schedule check
