[2023-12-04 13:38:52,059] {taskinstance.py:1037} INFO - Dependencies all met for <TaskInstance: dag_with_taskflow_api_v02.get_name scheduled__2022-04-14T00:00:00+00:00 [queued]>
[2023-12-04 13:38:52,068] {taskinstance.py:1037} INFO - Dependencies all met for <TaskInstance: dag_with_taskflow_api_v02.get_name scheduled__2022-04-14T00:00:00+00:00 [queued]>
[2023-12-04 13:38:52,068] {taskinstance.py:1243} INFO - 
--------------------------------------------------------------------------------
[2023-12-04 13:38:52,068] {taskinstance.py:1244} INFO - Starting attempt 1 of 6
[2023-12-04 13:38:52,068] {taskinstance.py:1245} INFO - 
--------------------------------------------------------------------------------
[2023-12-04 13:38:52,079] {taskinstance.py:1264} INFO - Executing <Task(_PythonDecoratedOperator): get_name> on 2022-04-14 00:00:00+00:00
[2023-12-04 13:38:52,084] {standard_task_runner.py:52} INFO - Started process 9477 to run task
[2023-12-04 13:38:52,085] {standard_task_runner.py:76} INFO - Running: ['***', 'tasks', 'run', 'dag_with_taskflow_api_v02', 'get_name', 'scheduled__2022-04-14T00:00:00+00:00', '--job-id', '1060', '--raw', '--subdir', 'DAGS_FOLDER/dag_with_taskflow_api.py', '--cfg-path', '/tmp/tmpzzy0qd_2', '--error-file', '/tmp/tmpfm8cbhff']
[2023-12-04 13:38:52,086] {standard_task_runner.py:77} INFO - Job 1060: Subtask get_name
[2023-12-04 13:38:52,150] {logging_mixin.py:109} INFO - Running <TaskInstance: dag_with_taskflow_api_v02.get_name scheduled__2022-04-14T00:00:00+00:00 [running]> on host 9953e82db65e
[2023-12-04 13:38:52,208] {taskinstance.py:1431} INFO - Exporting the following env vars:
AIRFLOW_CTX_DAG_OWNER=Ali
AIRFLOW_CTX_DAG_ID=dag_with_taskflow_api_v02
AIRFLOW_CTX_TASK_ID=get_name
AIRFLOW_CTX_EXECUTION_DATE=2022-04-14T00:00:00+00:00
AIRFLOW_CTX_DAG_RUN_ID=scheduled__2022-04-14T00:00:00+00:00
[2023-12-04 13:38:52,208] {python.py:175} INFO - Done. Returned value was: {'first_name': 'Ali', 'last_name': 'Mokh'}
[2023-12-04 13:38:52,264] {taskinstance.py:1282} INFO - Marking task as SUCCESS. dag_id=dag_with_taskflow_api_v02, task_id=get_name, execution_date=20220414T000000, start_date=20231204T133852, end_date=20231204T133852
[2023-12-04 13:38:52,298] {local_task_job.py:154} INFO - Task exited with return code 0
[2023-12-04 13:38:52,334] {local_task_job.py:264} INFO - 1 downstream tasks scheduled from follow-on schedule check
