[2023-11-30 13:29:11,944] {taskinstance.py:1037} INFO - Dependencies all met for <TaskInstance: our_first_dag_v2.first_task scheduled__2023-09-26T00:00:00+00:00 [queued]>
[2023-11-30 13:29:11,958] {taskinstance.py:1037} INFO - Dependencies all met for <TaskInstance: our_first_dag_v2.first_task scheduled__2023-09-26T00:00:00+00:00 [queued]>
[2023-11-30 13:29:11,958] {taskinstance.py:1243} INFO - 
--------------------------------------------------------------------------------
[2023-11-30 13:29:11,958] {taskinstance.py:1244} INFO - Starting attempt 1 of 6
[2023-11-30 13:29:11,959] {taskinstance.py:1245} INFO - 
--------------------------------------------------------------------------------
[2023-11-30 13:29:11,984] {taskinstance.py:1264} INFO - Executing <Task(BashOperator): first_task> on 2023-09-26 00:00:00+00:00
[2023-11-30 13:29:11,990] {standard_task_runner.py:52} INFO - Started process 3150 to run task
[2023-11-30 13:29:11,995] {standard_task_runner.py:76} INFO - Running: ['***', 'tasks', 'run', 'our_first_dag_v2', 'first_task', 'scheduled__2023-09-26T00:00:00+00:00', '--job-id', '119', '--raw', '--subdir', 'DAGS_FOLDER/our_first_dag.py', '--cfg-path', '/tmp/tmp02omlw7c', '--error-file', '/tmp/tmp7n3dzc9o']
[2023-11-30 13:29:11,997] {standard_task_runner.py:77} INFO - Job 119: Subtask first_task
[2023-11-30 13:29:12,091] {logging_mixin.py:109} INFO - Running <TaskInstance: our_first_dag_v2.first_task scheduled__2023-09-26T00:00:00+00:00 [running]> on host 08735726aeda
[2023-11-30 13:29:12,176] {taskinstance.py:1431} INFO - Exporting the following env vars:
AIRFLOW_CTX_DAG_OWNER=Ali
AIRFLOW_CTX_DAG_ID=our_first_dag_v2
AIRFLOW_CTX_TASK_ID=first_task
AIRFLOW_CTX_EXECUTION_DATE=2023-09-26T00:00:00+00:00
AIRFLOW_CTX_DAG_RUN_ID=scheduled__2023-09-26T00:00:00+00:00
[2023-11-30 13:29:12,177] {subprocess.py:62} INFO - Tmp dir root location: 
 /tmp
[2023-11-30 13:29:12,178] {subprocess.py:74} INFO - Running command: ['bash', '-c', 'echo hello world, this is the first task!']
[2023-11-30 13:29:12,190] {subprocess.py:85} INFO - Output:
[2023-11-30 13:29:12,193] {subprocess.py:89} INFO - hello world, this is the first task!
[2023-11-30 13:29:12,193] {subprocess.py:93} INFO - Command exited with return code 0
[2023-11-30 13:29:12,243] {taskinstance.py:1282} INFO - Marking task as SUCCESS. dag_id=our_first_dag_v2, task_id=first_task, execution_date=20230926T000000, start_date=20231130T132911, end_date=20231130T132912
[2023-11-30 13:29:12,290] {local_task_job.py:154} INFO - Task exited with return code 0
[2023-11-30 13:29:12,347] {local_task_job.py:264} INFO - 1 downstream tasks scheduled from follow-on schedule check
