[2023-11-30 13:28:39,443] {taskinstance.py:1037} INFO - Dependencies all met for <TaskInstance: our_first_dag_v2.first_task scheduled__2023-08-11T00:00:00+00:00 [queued]>
[2023-11-30 13:28:39,481] {taskinstance.py:1037} INFO - Dependencies all met for <TaskInstance: our_first_dag_v2.first_task scheduled__2023-08-11T00:00:00+00:00 [queued]>
[2023-11-30 13:28:39,482] {taskinstance.py:1243} INFO - 
--------------------------------------------------------------------------------
[2023-11-30 13:28:39,483] {taskinstance.py:1244} INFO - Starting attempt 1 of 6
[2023-11-30 13:28:39,483] {taskinstance.py:1245} INFO - 
--------------------------------------------------------------------------------
[2023-11-30 13:28:39,553] {taskinstance.py:1264} INFO - Executing <Task(BashOperator): first_task> on 2023-08-11 00:00:00+00:00
[2023-11-30 13:28:39,559] {standard_task_runner.py:52} INFO - Started process 2669 to run task
[2023-11-30 13:28:39,572] {standard_task_runner.py:76} INFO - Running: ['***', 'tasks', 'run', 'our_first_dag_v2', 'first_task', 'scheduled__2023-08-11T00:00:00+00:00', '--job-id', '25', '--raw', '--subdir', 'DAGS_FOLDER/our_first_dag.py', '--cfg-path', '/tmp/tmpltxys_ti', '--error-file', '/tmp/tmpjw3v_pp8']
[2023-11-30 13:28:39,574] {standard_task_runner.py:77} INFO - Job 25: Subtask first_task
[2023-11-30 13:28:39,734] {logging_mixin.py:109} INFO - Running <TaskInstance: our_first_dag_v2.first_task scheduled__2023-08-11T00:00:00+00:00 [running]> on host 08735726aeda
[2023-11-30 13:28:39,871] {taskinstance.py:1431} INFO - Exporting the following env vars:
AIRFLOW_CTX_DAG_OWNER=Ali
AIRFLOW_CTX_DAG_ID=our_first_dag_v2
AIRFLOW_CTX_TASK_ID=first_task
AIRFLOW_CTX_EXECUTION_DATE=2023-08-11T00:00:00+00:00
AIRFLOW_CTX_DAG_RUN_ID=scheduled__2023-08-11T00:00:00+00:00
[2023-11-30 13:28:39,872] {subprocess.py:62} INFO - Tmp dir root location: 
 /tmp
[2023-11-30 13:28:39,873] {subprocess.py:74} INFO - Running command: ['bash', '-c', 'echo hello world, this is the first task!']
[2023-11-30 13:28:39,900] {subprocess.py:85} INFO - Output:
[2023-11-30 13:28:39,903] {subprocess.py:89} INFO - hello world, this is the first task!
[2023-11-30 13:28:39,907] {subprocess.py:93} INFO - Command exited with return code 0
[2023-11-30 13:28:40,305] {taskinstance.py:1282} INFO - Marking task as SUCCESS. dag_id=our_first_dag_v2, task_id=first_task, execution_date=20230811T000000, start_date=20231130T132839, end_date=20231130T132840
[2023-11-30 13:28:40,409] {local_task_job.py:154} INFO - Task exited with return code 0
[2023-11-30 13:28:40,547] {local_task_job.py:264} INFO - 1 downstream tasks scheduled from follow-on schedule check
