[2023-11-30 09:58:58,872] {taskinstance.py:1037} INFO - Dependencies all met for <TaskInstance: our_first_dag.first_task scheduled__2021-08-03T00:00:00+00:00 [queued]>
[2023-11-30 09:58:58,879] {taskinstance.py:1037} INFO - Dependencies all met for <TaskInstance: our_first_dag.first_task scheduled__2021-08-03T00:00:00+00:00 [queued]>
[2023-11-30 09:58:58,879] {taskinstance.py:1243} INFO - 
--------------------------------------------------------------------------------
[2023-11-30 09:58:58,879] {taskinstance.py:1244} INFO - Starting attempt 1 of 6
[2023-11-30 09:58:58,879] {taskinstance.py:1245} INFO - 
--------------------------------------------------------------------------------
[2023-11-30 09:58:58,890] {taskinstance.py:1264} INFO - Executing <Task(BashOperator): first_task> on 2021-08-03 00:00:00+00:00
[2023-11-30 09:58:58,893] {standard_task_runner.py:52} INFO - Started process 52889 to run task
[2023-11-30 09:58:58,895] {standard_task_runner.py:76} INFO - Running: ['***', 'tasks', 'run', 'our_first_dag', 'first_task', 'scheduled__2021-08-03T00:00:00+00:00', '--job-id', '9', '--raw', '--subdir', 'DAGS_FOLDER/our_first_dag.py', '--cfg-path', '/tmp/tmp7_krebq1', '--error-file', '/tmp/tmpd6lay1uw']
[2023-11-30 09:58:58,896] {standard_task_runner.py:77} INFO - Job 9: Subtask first_task
[2023-11-30 09:58:58,940] {logging_mixin.py:109} INFO - Running <TaskInstance: our_first_dag.first_task scheduled__2021-08-03T00:00:00+00:00 [running]> on host 6a46d673723a
[2023-11-30 09:58:58,982] {taskinstance.py:1431} INFO - Exporting the following env vars:
AIRFLOW_CTX_DAG_OWNER=Ali
AIRFLOW_CTX_DAG_ID=our_first_dag
AIRFLOW_CTX_TASK_ID=first_task
AIRFLOW_CTX_EXECUTION_DATE=2021-08-03T00:00:00+00:00
AIRFLOW_CTX_DAG_RUN_ID=scheduled__2021-08-03T00:00:00+00:00
[2023-11-30 09:58:58,983] {subprocess.py:62} INFO - Tmp dir root location: 
 /tmp
[2023-11-30 09:58:58,983] {subprocess.py:74} INFO - Running command: ['bash', '-c', 'echo hello world, this is the first task!']
[2023-11-30 09:58:58,989] {subprocess.py:85} INFO - Output:
[2023-11-30 09:58:58,990] {subprocess.py:89} INFO - hello world, this is the first task!
[2023-11-30 09:58:58,991] {subprocess.py:93} INFO - Command exited with return code 0
[2023-11-30 09:58:59,008] {taskinstance.py:1282} INFO - Marking task as SUCCESS. dag_id=our_first_dag, task_id=first_task, execution_date=20210803T000000, start_date=20231130T095858, end_date=20231130T095859
[2023-11-30 09:58:59,027] {local_task_job.py:154} INFO - Task exited with return code 0
[2023-11-30 09:58:59,047] {local_task_job.py:264} INFO - 0 downstream tasks scheduled from follow-on schedule check
