[2023-12-04 13:43:21,219] {taskinstance.py:1037} INFO - Dependencies all met for <TaskInstance: dag_with_taskflow_api_v02.greet scheduled__2023-04-20T00:00:00+00:00 [queued]>
[2023-12-04 13:43:21,230] {taskinstance.py:1037} INFO - Dependencies all met for <TaskInstance: dag_with_taskflow_api_v02.greet scheduled__2023-04-20T00:00:00+00:00 [queued]>
[2023-12-04 13:43:21,230] {taskinstance.py:1243} INFO - 
--------------------------------------------------------------------------------
[2023-12-04 13:43:21,230] {taskinstance.py:1244} INFO - Starting attempt 1 of 6
[2023-12-04 13:43:21,230] {taskinstance.py:1245} INFO - 
--------------------------------------------------------------------------------
[2023-12-04 13:43:21,242] {taskinstance.py:1264} INFO - Executing <Task(_PythonDecoratedOperator): greet> on 2023-04-20 00:00:00+00:00
[2023-12-04 13:43:21,246] {standard_task_runner.py:52} INFO - Started process 12034 to run task
[2023-12-04 13:43:21,248] {standard_task_runner.py:76} INFO - Running: ['***', 'tasks', 'run', 'dag_with_taskflow_api_v02', 'greet', 'scheduled__2023-04-20T00:00:00+00:00', '--job-id', '2174', '--raw', '--subdir', 'DAGS_FOLDER/dag_with_taskflow_api.py', '--cfg-path', '/tmp/tmpjbaqlsk8', '--error-file', '/tmp/tmp5_23vdxw']
[2023-12-04 13:43:21,249] {standard_task_runner.py:77} INFO - Job 2174: Subtask greet
[2023-12-04 13:43:21,305] {logging_mixin.py:109} INFO - Running <TaskInstance: dag_with_taskflow_api_v02.greet scheduled__2023-04-20T00:00:00+00:00 [running]> on host 9953e82db65e
[2023-12-04 13:43:21,382] {taskinstance.py:1431} INFO - Exporting the following env vars:
AIRFLOW_CTX_DAG_OWNER=Ali
AIRFLOW_CTX_DAG_ID=dag_with_taskflow_api_v02
AIRFLOW_CTX_TASK_ID=greet
AIRFLOW_CTX_EXECUTION_DATE=2023-04-20T00:00:00+00:00
AIRFLOW_CTX_DAG_RUN_ID=scheduled__2023-04-20T00:00:00+00:00
[2023-12-04 13:43:21,383] {logging_mixin.py:109} INFO - Hello World! My name is Ali Mokh and I am 30 years old
[2023-12-04 13:43:21,383] {python.py:175} INFO - Done. Returned value was: None
[2023-12-04 13:43:21,396] {taskinstance.py:1282} INFO - Marking task as SUCCESS. dag_id=dag_with_taskflow_api_v02, task_id=greet, execution_date=20230420T000000, start_date=20231204T134321, end_date=20231204T134321
[2023-12-04 13:43:21,420] {local_task_job.py:154} INFO - Task exited with return code 0
[2023-12-04 13:43:21,451] {local_task_job.py:264} INFO - 0 downstream tasks scheduled from follow-on schedule check
