[2023-12-04 13:37:36,342] {taskinstance.py:1037} INFO - Dependencies all met for <TaskInstance: dag_with_taskflow_api_v02.greet scheduled__2022-01-12T00:00:00+00:00 [queued]>
[2023-12-04 13:37:36,375] {taskinstance.py:1037} INFO - Dependencies all met for <TaskInstance: dag_with_taskflow_api_v02.greet scheduled__2022-01-12T00:00:00+00:00 [queued]>
[2023-12-04 13:37:36,375] {taskinstance.py:1243} INFO - 
--------------------------------------------------------------------------------
[2023-12-04 13:37:36,375] {taskinstance.py:1244} INFO - Starting attempt 1 of 6
[2023-12-04 13:37:36,375] {taskinstance.py:1245} INFO - 
--------------------------------------------------------------------------------
[2023-12-04 13:37:36,461] {taskinstance.py:1264} INFO - Executing <Task(_PythonDecoratedOperator): greet> on 2022-01-12 00:00:00+00:00
[2023-12-04 13:37:36,468] {standard_task_runner.py:52} INFO - Started process 8849 to run task
[2023-12-04 13:37:36,497] {standard_task_runner.py:76} INFO - Running: ['***', 'tasks', 'run', 'dag_with_taskflow_api_v02', 'greet', 'scheduled__2022-01-12T00:00:00+00:00', '--job-id', '788', '--raw', '--subdir', 'DAGS_FOLDER/dag_with_taskflow_api.py', '--cfg-path', '/tmp/tmpqfiwus9c', '--error-file', '/tmp/tmpybmroxb2']
[2023-12-04 13:37:36,499] {standard_task_runner.py:77} INFO - Job 788: Subtask greet
[2023-12-04 13:37:36,738] {logging_mixin.py:109} INFO - Running <TaskInstance: dag_with_taskflow_api_v02.greet scheduled__2022-01-12T00:00:00+00:00 [running]> on host 9953e82db65e
[2023-12-04 13:37:36,924] {taskinstance.py:1431} INFO - Exporting the following env vars:
AIRFLOW_CTX_DAG_OWNER=Ali
AIRFLOW_CTX_DAG_ID=dag_with_taskflow_api_v02
AIRFLOW_CTX_TASK_ID=greet
AIRFLOW_CTX_EXECUTION_DATE=2022-01-12T00:00:00+00:00
AIRFLOW_CTX_DAG_RUN_ID=scheduled__2022-01-12T00:00:00+00:00
[2023-12-04 13:37:36,925] {logging_mixin.py:109} INFO - Hello World! My name is Ali Mokh and I am 30 years old
[2023-12-04 13:37:36,925] {python.py:175} INFO - Done. Returned value was: None
[2023-12-04 13:37:36,959] {taskinstance.py:1282} INFO - Marking task as SUCCESS. dag_id=dag_with_taskflow_api_v02, task_id=greet, execution_date=20220112T000000, start_date=20231204T133736, end_date=20231204T133736
[2023-12-04 13:37:37,052] {local_task_job.py:154} INFO - Task exited with return code 0
[2023-12-04 13:37:37,140] {local_task_job.py:264} INFO - 0 downstream tasks scheduled from follow-on schedule check
