[2023-12-04 17:02:58,592] {taskinstance.py:1037} INFO - Dependencies all met for <TaskInstance: dag_with_catchup_backfill_v02.task1 manual__2023-12-04T17:02:57.897226+00:00 [queued]>
[2023-12-04 17:02:58,599] {taskinstance.py:1037} INFO - Dependencies all met for <TaskInstance: dag_with_catchup_backfill_v02.task1 manual__2023-12-04T17:02:57.897226+00:00 [queued]>
[2023-12-04 17:02:58,599] {taskinstance.py:1243} INFO - 
--------------------------------------------------------------------------------
[2023-12-04 17:02:58,599] {taskinstance.py:1244} INFO - Starting attempt 1 of 6
[2023-12-04 17:02:58,599] {taskinstance.py:1245} INFO - 
--------------------------------------------------------------------------------
[2023-12-04 17:02:58,609] {taskinstance.py:1264} INFO - Executing <Task(BashOperator): task1> on 2023-12-04 17:02:57.897226+00:00
[2023-12-04 17:02:58,612] {standard_task_runner.py:52} INFO - Started process 24280 to run task
[2023-12-04 17:02:58,614] {standard_task_runner.py:76} INFO - Running: ['***', 'tasks', 'run', 'dag_with_catchup_backfill_v02', 'task1', 'manual__2023-12-04T17:02:57.897226+00:00', '--job-id', '2367', '--raw', '--subdir', 'DAGS_FOLDER/dag_with_catchup_and_backfill.py', '--cfg-path', '/tmp/tmpc10hhywb', '--error-file', '/tmp/tmpk59k8e3f']
[2023-12-04 17:02:58,614] {standard_task_runner.py:77} INFO - Job 2367: Subtask task1
[2023-12-04 17:02:58,654] {logging_mixin.py:109} INFO - Running <TaskInstance: dag_with_catchup_backfill_v02.task1 manual__2023-12-04T17:02:57.897226+00:00 [running]> on host 9953e82db65e
[2023-12-04 17:02:58,697] {taskinstance.py:1431} INFO - Exporting the following env vars:
AIRFLOW_CTX_DAG_OWNER=Ali
AIRFLOW_CTX_DAG_ID=dag_with_catchup_backfill_v02
AIRFLOW_CTX_TASK_ID=task1
AIRFLOW_CTX_EXECUTION_DATE=2023-12-04T17:02:57.897226+00:00
AIRFLOW_CTX_DAG_RUN_ID=manual__2023-12-04T17:02:57.897226+00:00
[2023-12-04 17:02:58,697] {subprocess.py:62} INFO - Tmp dir root location: 
 /tmp
[2023-12-04 17:02:58,698] {subprocess.py:74} INFO - Running command: ['bash', '-c', 'echo this is simple bash command']
[2023-12-04 17:02:58,703] {subprocess.py:85} INFO - Output:
[2023-12-04 17:02:58,704] {subprocess.py:89} INFO - this is simple bash command
[2023-12-04 17:02:58,705] {subprocess.py:93} INFO - Command exited with return code 0
[2023-12-04 17:02:58,723] {taskinstance.py:1282} INFO - Marking task as SUCCESS. dag_id=dag_with_catchup_backfill_v02, task_id=task1, execution_date=20231204T170257, start_date=20231204T170258, end_date=20231204T170258
[2023-12-04 17:02:58,747] {local_task_job.py:154} INFO - Task exited with return code 0
[2023-12-04 17:02:58,768] {local_task_job.py:264} INFO - 0 downstream tasks scheduled from follow-on schedule check
