[2023-11-30 13:33:55,584] {taskinstance.py:1037} INFO - Dependencies all met for <TaskInstance: our_first_dag_v3.second_task scheduled__2023-11-08T00:00:00+00:00 [queued]>
[2023-11-30 13:33:55,610] {taskinstance.py:1037} INFO - Dependencies all met for <TaskInstance: our_first_dag_v3.second_task scheduled__2023-11-08T00:00:00+00:00 [queued]>
[2023-11-30 13:33:55,611] {taskinstance.py:1243} INFO - 
--------------------------------------------------------------------------------
[2023-11-30 13:33:55,611] {taskinstance.py:1244} INFO - Starting attempt 1 of 6
[2023-11-30 13:33:55,611] {taskinstance.py:1245} INFO - 
--------------------------------------------------------------------------------
[2023-11-30 13:33:55,667] {taskinstance.py:1264} INFO - Executing <Task(BashOperator): second_task> on 2023-11-08 00:00:00+00:00
[2023-11-30 13:33:55,672] {standard_task_runner.py:52} INFO - Started process 6193 to run task
[2023-11-30 13:33:55,679] {standard_task_runner.py:76} INFO - Running: ['***', 'tasks', 'run', 'our_first_dag_v3', 'second_task', 'scheduled__2023-11-08T00:00:00+00:00', '--job-id', '557', '--raw', '--subdir', 'DAGS_FOLDER/our_first_dag.py', '--cfg-path', '/tmp/tmpiiyx5drv', '--error-file', '/tmp/tmpap_enyhx']
[2023-11-30 13:33:55,680] {standard_task_runner.py:77} INFO - Job 557: Subtask second_task
[2023-11-30 13:33:55,849] {logging_mixin.py:109} INFO - Running <TaskInstance: our_first_dag_v3.second_task scheduled__2023-11-08T00:00:00+00:00 [running]> on host 08735726aeda
[2023-11-30 13:33:56,023] {taskinstance.py:1431} INFO - Exporting the following env vars:
AIRFLOW_CTX_DAG_OWNER=Ali
AIRFLOW_CTX_DAG_ID=our_first_dag_v3
AIRFLOW_CTX_TASK_ID=second_task
AIRFLOW_CTX_EXECUTION_DATE=2023-11-08T00:00:00+00:00
AIRFLOW_CTX_DAG_RUN_ID=scheduled__2023-11-08T00:00:00+00:00
[2023-11-30 13:33:56,024] {subprocess.py:62} INFO - Tmp dir root location: 
 /tmp
[2023-11-30 13:33:56,025] {subprocess.py:74} INFO - Running command: ['bash', '-c', 'echo hello world, this is the second task!']
[2023-11-30 13:33:56,037] {subprocess.py:85} INFO - Output:
[2023-11-30 13:33:56,042] {subprocess.py:89} INFO - hello world, this is the second task!
[2023-11-30 13:33:56,043] {subprocess.py:93} INFO - Command exited with return code 0
[2023-11-30 13:33:56,142] {taskinstance.py:1282} INFO - Marking task as SUCCESS. dag_id=our_first_dag_v3, task_id=second_task, execution_date=20231108T000000, start_date=20231130T133355, end_date=20231130T133356
[2023-11-30 13:33:56,230] {local_task_job.py:154} INFO - Task exited with return code 0
[2023-11-30 13:33:56,342] {local_task_job.py:264} INFO - 0 downstream tasks scheduled from follow-on schedule check
