[2023-12-04 13:41:33,766] {taskinstance.py:1037} INFO - Dependencies all met for <TaskInstance: dag_with_taskflow_api_v02.get_age scheduled__2022-11-20T00:00:00+00:00 [queued]>
[2023-12-04 13:41:33,779] {taskinstance.py:1037} INFO - Dependencies all met for <TaskInstance: dag_with_taskflow_api_v02.get_age scheduled__2022-11-20T00:00:00+00:00 [queued]>
[2023-12-04 13:41:33,779] {taskinstance.py:1243} INFO - 
--------------------------------------------------------------------------------
[2023-12-04 13:41:33,779] {taskinstance.py:1244} INFO - Starting attempt 1 of 6
[2023-12-04 13:41:33,779] {taskinstance.py:1245} INFO - 
--------------------------------------------------------------------------------
[2023-12-04 13:41:33,794] {taskinstance.py:1264} INFO - Executing <Task(_PythonDecoratedOperator): get_age> on 2022-11-20 00:00:00+00:00
[2023-12-04 13:41:33,802] {standard_task_runner.py:52} INFO - Started process 10990 to run task
[2023-12-04 13:41:33,809] {standard_task_runner.py:76} INFO - Running: ['***', 'tasks', 'run', 'dag_with_taskflow_api_v02', 'get_age', 'scheduled__2022-11-20T00:00:00+00:00', '--job-id', '1719', '--raw', '--subdir', 'DAGS_FOLDER/dag_with_taskflow_api.py', '--cfg-path', '/tmp/tmp51rgkl1j', '--error-file', '/tmp/tmpj322q_zq']
[2023-12-04 13:41:33,811] {standard_task_runner.py:77} INFO - Job 1719: Subtask get_age
[2023-12-04 13:41:33,879] {logging_mixin.py:109} INFO - Running <TaskInstance: dag_with_taskflow_api_v02.get_age scheduled__2022-11-20T00:00:00+00:00 [running]> on host 9953e82db65e
[2023-12-04 13:41:33,954] {taskinstance.py:1431} INFO - Exporting the following env vars:
AIRFLOW_CTX_DAG_OWNER=Ali
AIRFLOW_CTX_DAG_ID=dag_with_taskflow_api_v02
AIRFLOW_CTX_TASK_ID=get_age
AIRFLOW_CTX_EXECUTION_DATE=2022-11-20T00:00:00+00:00
AIRFLOW_CTX_DAG_RUN_ID=scheduled__2022-11-20T00:00:00+00:00
[2023-12-04 13:41:33,955] {python.py:175} INFO - Done. Returned value was: 30
[2023-12-04 13:41:33,993] {taskinstance.py:1282} INFO - Marking task as SUCCESS. dag_id=dag_with_taskflow_api_v02, task_id=get_age, execution_date=20221120T000000, start_date=20231204T134133, end_date=20231204T134133
[2023-12-04 13:41:34,067] {local_task_job.py:154} INFO - Task exited with return code 0
[2023-12-04 13:41:34,370] {local_task_job.py:264} INFO - 0 downstream tasks scheduled from follow-on schedule check
