[2023-12-04 13:39:56,630] {taskinstance.py:1037} INFO - Dependencies all met for <TaskInstance: dag_with_taskflow_api_v02.get_age scheduled__2022-07-15T00:00:00+00:00 [queued]>
[2023-12-04 13:39:56,653] {taskinstance.py:1037} INFO - Dependencies all met for <TaskInstance: dag_with_taskflow_api_v02.get_age scheduled__2022-07-15T00:00:00+00:00 [queued]>
[2023-12-04 13:39:56,654] {taskinstance.py:1243} INFO - 
--------------------------------------------------------------------------------
[2023-12-04 13:39:56,654] {taskinstance.py:1244} INFO - Starting attempt 1 of 6
[2023-12-04 13:39:56,654] {taskinstance.py:1245} INFO - 
--------------------------------------------------------------------------------
[2023-12-04 13:39:56,688] {taskinstance.py:1264} INFO - Executing <Task(_PythonDecoratedOperator): get_age> on 2022-07-15 00:00:00+00:00
[2023-12-04 13:39:56,694] {standard_task_runner.py:52} INFO - Started process 10112 to run task
[2023-12-04 13:39:56,701] {standard_task_runner.py:76} INFO - Running: ['***', 'tasks', 'run', 'dag_with_taskflow_api_v02', 'get_age', 'scheduled__2022-07-15T00:00:00+00:00', '--job-id', '1334', '--raw', '--subdir', 'DAGS_FOLDER/dag_with_taskflow_api.py', '--cfg-path', '/tmp/tmpgr4lhth_', '--error-file', '/tmp/tmpwodsc2jg']
[2023-12-04 13:39:56,703] {standard_task_runner.py:77} INFO - Job 1334: Subtask get_age
[2023-12-04 13:39:56,863] {logging_mixin.py:109} INFO - Running <TaskInstance: dag_with_taskflow_api_v02.get_age scheduled__2022-07-15T00:00:00+00:00 [running]> on host 9953e82db65e
[2023-12-04 13:39:56,996] {taskinstance.py:1431} INFO - Exporting the following env vars:
AIRFLOW_CTX_DAG_OWNER=Ali
AIRFLOW_CTX_DAG_ID=dag_with_taskflow_api_v02
AIRFLOW_CTX_TASK_ID=get_age
AIRFLOW_CTX_EXECUTION_DATE=2022-07-15T00:00:00+00:00
AIRFLOW_CTX_DAG_RUN_ID=scheduled__2022-07-15T00:00:00+00:00
[2023-12-04 13:39:56,996] {python.py:175} INFO - Done. Returned value was: 30
[2023-12-04 13:39:57,036] {taskinstance.py:1282} INFO - Marking task as SUCCESS. dag_id=dag_with_taskflow_api_v02, task_id=get_age, execution_date=20220715T000000, start_date=20231204T133956, end_date=20231204T133957
[2023-12-04 13:39:57,091] {local_task_job.py:154} INFO - Task exited with return code 0
[2023-12-04 13:39:57,146] {local_task_job.py:264} INFO - 0 downstream tasks scheduled from follow-on schedule check
