[2023-11-30 13:29:21,900] {taskinstance.py:1037} INFO - Dependencies all met for <TaskInstance: our_first_dag_v2.second_task scheduled__2023-10-09T00:00:00+00:00 [queued]>
[2023-11-30 13:29:21,926] {taskinstance.py:1037} INFO - Dependencies all met for <TaskInstance: our_first_dag_v2.second_task scheduled__2023-10-09T00:00:00+00:00 [queued]>
[2023-11-30 13:29:21,927] {taskinstance.py:1243} INFO - 
--------------------------------------------------------------------------------
[2023-11-30 13:29:21,927] {taskinstance.py:1244} INFO - Starting attempt 1 of 6
[2023-11-30 13:29:21,928] {taskinstance.py:1245} INFO - 
--------------------------------------------------------------------------------
[2023-11-30 13:29:21,951] {taskinstance.py:1264} INFO - Executing <Task(BashOperator): second_task> on 2023-10-09 00:00:00+00:00
[2023-11-30 13:29:21,960] {standard_task_runner.py:52} INFO - Started process 3321 to run task
[2023-11-30 13:29:21,969] {standard_task_runner.py:76} INFO - Running: ['***', 'tasks', 'run', 'our_first_dag_v2', 'second_task', 'scheduled__2023-10-09T00:00:00+00:00', '--job-id', '150', '--raw', '--subdir', 'DAGS_FOLDER/our_first_dag.py', '--cfg-path', '/tmp/tmp92172qu9', '--error-file', '/tmp/tmpoh149f9s']
[2023-11-30 13:29:21,971] {standard_task_runner.py:77} INFO - Job 150: Subtask second_task
[2023-11-30 13:29:22,082] {logging_mixin.py:109} INFO - Running <TaskInstance: our_first_dag_v2.second_task scheduled__2023-10-09T00:00:00+00:00 [running]> on host 08735726aeda
[2023-11-30 13:29:22,177] {taskinstance.py:1431} INFO - Exporting the following env vars:
AIRFLOW_CTX_DAG_OWNER=Ali
AIRFLOW_CTX_DAG_ID=our_first_dag_v2
AIRFLOW_CTX_TASK_ID=second_task
AIRFLOW_CTX_EXECUTION_DATE=2023-10-09T00:00:00+00:00
AIRFLOW_CTX_DAG_RUN_ID=scheduled__2023-10-09T00:00:00+00:00
[2023-11-30 13:29:22,178] {subprocess.py:62} INFO - Tmp dir root location: 
 /tmp
[2023-11-30 13:29:22,179] {subprocess.py:74} INFO - Running command: ['bash', '-c', 'echo hello world, this is the second task!']
[2023-11-30 13:29:22,190] {subprocess.py:85} INFO - Output:
[2023-11-30 13:29:22,192] {subprocess.py:89} INFO - hello world, this is the second task!
[2023-11-30 13:29:22,193] {subprocess.py:93} INFO - Command exited with return code 0
[2023-11-30 13:29:22,227] {taskinstance.py:1282} INFO - Marking task as SUCCESS. dag_id=our_first_dag_v2, task_id=second_task, execution_date=20231009T000000, start_date=20231130T132921, end_date=20231130T132922
[2023-11-30 13:29:22,263] {local_task_job.py:154} INFO - Task exited with return code 0
[2023-11-30 13:29:22,302] {local_task_job.py:264} INFO - 0 downstream tasks scheduled from follow-on schedule check
