[2023-12-04 13:36:04,744] {taskinstance.py:1037} INFO - Dependencies all met for <TaskInstance: dag_with_taskflow_api.get_name scheduled__2022-04-24T00:00:00+00:00 [queued]>
[2023-12-04 13:36:04,753] {taskinstance.py:1037} INFO - Dependencies all met for <TaskInstance: dag_with_taskflow_api.get_name scheduled__2022-04-24T00:00:00+00:00 [queued]>
[2023-12-04 13:36:04,753] {taskinstance.py:1243} INFO - 
--------------------------------------------------------------------------------
[2023-12-04 13:36:04,753] {taskinstance.py:1244} INFO - Starting attempt 1 of 6
[2023-12-04 13:36:04,753] {taskinstance.py:1245} INFO - 
--------------------------------------------------------------------------------
[2023-12-04 13:36:04,765] {taskinstance.py:1264} INFO - Executing <Task(_PythonDecoratedOperator): get_name> on 2022-04-24 00:00:00+00:00
[2023-12-04 13:36:04,768] {standard_task_runner.py:52} INFO - Started process 7972 to run task
[2023-12-04 13:36:04,771] {standard_task_runner.py:76} INFO - Running: ['***', 'tasks', 'run', 'dag_with_taskflow_api', 'get_name', 'scheduled__2022-04-24T00:00:00+00:00', '--job-id', '409', '--raw', '--subdir', 'DAGS_FOLDER/dag_with_taskflow_api.py', '--cfg-path', '/tmp/tmpxrosfsp8', '--error-file', '/tmp/tmp75mymhu9']
[2023-12-04 13:36:04,772] {standard_task_runner.py:77} INFO - Job 409: Subtask get_name
[2023-12-04 13:36:04,825] {logging_mixin.py:109} INFO - Running <TaskInstance: dag_with_taskflow_api.get_name scheduled__2022-04-24T00:00:00+00:00 [running]> on host 9953e82db65e
[2023-12-04 13:36:04,885] {taskinstance.py:1431} INFO - Exporting the following env vars:
AIRFLOW_CTX_DAG_OWNER=Ali
AIRFLOW_CTX_DAG_ID=dag_with_taskflow_api
AIRFLOW_CTX_TASK_ID=get_name
AIRFLOW_CTX_EXECUTION_DATE=2022-04-24T00:00:00+00:00
AIRFLOW_CTX_DAG_RUN_ID=scheduled__2022-04-24T00:00:00+00:00
[2023-12-04 13:36:04,885] {python.py:175} INFO - Done. Returned value was: Ali
[2023-12-04 13:36:04,955] {taskinstance.py:1282} INFO - Marking task as SUCCESS. dag_id=dag_with_taskflow_api, task_id=get_name, execution_date=20220424T000000, start_date=20231204T133604, end_date=20231204T133604
[2023-12-04 13:36:04,983] {local_task_job.py:154} INFO - Task exited with return code 0
[2023-12-04 13:36:05,033] {local_task_job.py:264} INFO - 1 downstream tasks scheduled from follow-on schedule check
