[2023-12-04 12:20:31,938] {taskinstance.py:1037} INFO - Dependencies all met for <TaskInstance: our_dag_with_python_operator_v04.greet manual__2023-12-04T12:20:29.718342+00:00 [queued]>
[2023-12-04 12:20:31,945] {taskinstance.py:1037} INFO - Dependencies all met for <TaskInstance: our_dag_with_python_operator_v04.greet manual__2023-12-04T12:20:29.718342+00:00 [queued]>
[2023-12-04 12:20:31,945] {taskinstance.py:1243} INFO - 
--------------------------------------------------------------------------------
[2023-12-04 12:20:31,945] {taskinstance.py:1244} INFO - Starting attempt 1 of 6
[2023-12-04 12:20:31,945] {taskinstance.py:1245} INFO - 
--------------------------------------------------------------------------------
[2023-12-04 12:20:31,953] {taskinstance.py:1264} INFO - Executing <Task(PythonOperator): greet> on 2023-12-04 12:20:29.718342+00:00
[2023-12-04 12:20:31,955] {standard_task_runner.py:52} INFO - Started process 2500 to run task
[2023-12-04 12:20:31,957] {standard_task_runner.py:76} INFO - Running: ['***', 'tasks', 'run', 'our_dag_with_python_operator_v04', 'greet', 'manual__2023-12-04T12:20:29.718342+00:00', '--job-id', '26', '--raw', '--subdir', 'DAGS_FOLDER/create_dag_with_python_operator.py', '--cfg-path', '/tmp/tmpw81tx29k', '--error-file', '/tmp/tmp7drxrx22']
[2023-12-04 12:20:31,957] {standard_task_runner.py:77} INFO - Job 26: Subtask greet
[2023-12-04 12:20:31,993] {logging_mixin.py:109} INFO - Running <TaskInstance: our_dag_with_python_operator_v04.greet manual__2023-12-04T12:20:29.718342+00:00 [running]> on host 9953e82db65e
[2023-12-04 12:20:32,032] {taskinstance.py:1431} INFO - Exporting the following env vars:
AIRFLOW_CTX_DAG_OWNER=Ali
AIRFLOW_CTX_DAG_ID=our_dag_with_python_operator_v04
AIRFLOW_CTX_TASK_ID=greet
AIRFLOW_CTX_EXECUTION_DATE=2023-12-04T12:20:29.718342+00:00
AIRFLOW_CTX_DAG_RUN_ID=manual__2023-12-04T12:20:29.718342+00:00
[2023-12-04 12:20:32,042] {logging_mixin.py:109} INFO - Hello world! my name is Ali Mokh, and I am 20 years old.
[2023-12-04 12:20:32,042] {python.py:175} INFO - Done. Returned value was: None
[2023-12-04 12:20:32,049] {taskinstance.py:1282} INFO - Marking task as SUCCESS. dag_id=our_dag_with_python_operator_v04, task_id=greet, execution_date=20231204T122029, start_date=20231204T122031, end_date=20231204T122032
[2023-12-04 12:20:32,089] {local_task_job.py:154} INFO - Task exited with return code 0
[2023-12-04 12:20:32,113] {local_task_job.py:264} INFO - 0 downstream tasks scheduled from follow-on schedule check
