[2023-12-04 13:40:57,926] {taskinstance.py:1037} INFO - Dependencies all met for <TaskInstance: dag_with_taskflow_api_v02.greet scheduled__2022-09-26T00:00:00+00:00 [queued]>
[2023-12-04 13:40:57,943] {taskinstance.py:1037} INFO - Dependencies all met for <TaskInstance: dag_with_taskflow_api_v02.greet scheduled__2022-09-26T00:00:00+00:00 [queued]>
[2023-12-04 13:40:57,944] {taskinstance.py:1243} INFO - 
--------------------------------------------------------------------------------
[2023-12-04 13:40:57,944] {taskinstance.py:1244} INFO - Starting attempt 1 of 6
[2023-12-04 13:40:57,944] {taskinstance.py:1245} INFO - 
--------------------------------------------------------------------------------
[2023-12-04 13:40:57,975] {taskinstance.py:1264} INFO - Executing <Task(_PythonDecoratedOperator): greet> on 2022-09-26 00:00:00+00:00
[2023-12-04 13:40:57,982] {standard_task_runner.py:52} INFO - Started process 10648 to run task
[2023-12-04 13:40:57,987] {standard_task_runner.py:76} INFO - Running: ['***', 'tasks', 'run', 'dag_with_taskflow_api_v02', 'greet', 'scheduled__2022-09-26T00:00:00+00:00', '--job-id', '1564', '--raw', '--subdir', 'DAGS_FOLDER/dag_with_taskflow_api.py', '--cfg-path', '/tmp/tmpb1hglyff', '--error-file', '/tmp/tmpfsq33_ac']
[2023-12-04 13:40:57,988] {standard_task_runner.py:77} INFO - Job 1564: Subtask greet
[2023-12-04 13:40:58,121] {logging_mixin.py:109} INFO - Running <TaskInstance: dag_with_taskflow_api_v02.greet scheduled__2022-09-26T00:00:00+00:00 [running]> on host 9953e82db65e
[2023-12-04 13:40:58,292] {taskinstance.py:1431} INFO - Exporting the following env vars:
AIRFLOW_CTX_DAG_OWNER=Ali
AIRFLOW_CTX_DAG_ID=dag_with_taskflow_api_v02
AIRFLOW_CTX_TASK_ID=greet
AIRFLOW_CTX_EXECUTION_DATE=2022-09-26T00:00:00+00:00
AIRFLOW_CTX_DAG_RUN_ID=scheduled__2022-09-26T00:00:00+00:00
[2023-12-04 13:40:58,294] {logging_mixin.py:109} INFO - Hello World! My name is Ali Mokh and I am 30 years old
[2023-12-04 13:40:58,294] {python.py:175} INFO - Done. Returned value was: None
[2023-12-04 13:40:58,314] {taskinstance.py:1282} INFO - Marking task as SUCCESS. dag_id=dag_with_taskflow_api_v02, task_id=greet, execution_date=20220926T000000, start_date=20231204T134057, end_date=20231204T134058
[2023-12-04 13:40:58,370] {local_task_job.py:154} INFO - Task exited with return code 0
[2023-12-04 13:40:58,417] {local_task_job.py:264} INFO - 0 downstream tasks scheduled from follow-on schedule check
