[2023-11-30 13:33:21,624] {taskinstance.py:1037} INFO - Dependencies all met for <TaskInstance: our_first_dag_v3.second_task scheduled__2023-09-20T00:00:00+00:00 [queued]>
[2023-11-30 13:33:21,635] {taskinstance.py:1037} INFO - Dependencies all met for <TaskInstance: our_first_dag_v3.second_task scheduled__2023-09-20T00:00:00+00:00 [queued]>
[2023-11-30 13:33:21,636] {taskinstance.py:1243} INFO - 
--------------------------------------------------------------------------------
[2023-11-30 13:33:21,636] {taskinstance.py:1244} INFO - Starting attempt 1 of 6
[2023-11-30 13:33:21,636] {taskinstance.py:1245} INFO - 
--------------------------------------------------------------------------------
[2023-11-30 13:33:21,651] {taskinstance.py:1264} INFO - Executing <Task(BashOperator): second_task> on 2023-09-20 00:00:00+00:00
[2023-11-30 13:33:21,655] {standard_task_runner.py:52} INFO - Started process 5555 to run task
[2023-11-30 13:33:21,659] {standard_task_runner.py:76} INFO - Running: ['***', 'tasks', 'run', 'our_first_dag_v3', 'second_task', 'scheduled__2023-09-20T00:00:00+00:00', '--job-id', '409', '--raw', '--subdir', 'DAGS_FOLDER/our_first_dag.py', '--cfg-path', '/tmp/tmpgcqjbcbi', '--error-file', '/tmp/tmp69yk_hwk']
[2023-11-30 13:33:21,661] {standard_task_runner.py:77} INFO - Job 409: Subtask second_task
[2023-11-30 13:33:21,726] {logging_mixin.py:109} INFO - Running <TaskInstance: our_first_dag_v3.second_task scheduled__2023-09-20T00:00:00+00:00 [running]> on host 08735726aeda
[2023-11-30 13:33:21,829] {taskinstance.py:1431} INFO - Exporting the following env vars:
AIRFLOW_CTX_DAG_OWNER=Ali
AIRFLOW_CTX_DAG_ID=our_first_dag_v3
AIRFLOW_CTX_TASK_ID=second_task
AIRFLOW_CTX_EXECUTION_DATE=2023-09-20T00:00:00+00:00
AIRFLOW_CTX_DAG_RUN_ID=scheduled__2023-09-20T00:00:00+00:00
[2023-11-30 13:33:21,830] {subprocess.py:62} INFO - Tmp dir root location: 
 /tmp
[2023-11-30 13:33:21,831] {subprocess.py:74} INFO - Running command: ['bash', '-c', 'echo hello world, this is the second task!']
[2023-11-30 13:33:21,845] {subprocess.py:85} INFO - Output:
[2023-11-30 13:33:21,846] {subprocess.py:89} INFO - hello world, this is the second task!
[2023-11-30 13:33:21,846] {subprocess.py:93} INFO - Command exited with return code 0
[2023-11-30 13:33:21,983] {taskinstance.py:1282} INFO - Marking task as SUCCESS. dag_id=our_first_dag_v3, task_id=second_task, execution_date=20230920T000000, start_date=20231130T133321, end_date=20231130T133321
[2023-11-30 13:33:22,034] {local_task_job.py:154} INFO - Task exited with return code 0
[2023-11-30 13:33:22,109] {local_task_job.py:264} INFO - 0 downstream tasks scheduled from follow-on schedule check
