[2023-11-30 13:33:49,699] {taskinstance.py:1037} INFO - Dependencies all met for <TaskInstance: our_first_dag_v3.third_task scheduled__2023-10-29T00:00:00+00:00 [queued]>
[2023-11-30 13:33:49,715] {taskinstance.py:1037} INFO - Dependencies all met for <TaskInstance: our_first_dag_v3.third_task scheduled__2023-10-29T00:00:00+00:00 [queued]>
[2023-11-30 13:33:49,715] {taskinstance.py:1243} INFO - 
--------------------------------------------------------------------------------
[2023-11-30 13:33:49,715] {taskinstance.py:1244} INFO - Starting attempt 1 of 6
[2023-11-30 13:33:49,715] {taskinstance.py:1245} INFO - 
--------------------------------------------------------------------------------
[2023-11-30 13:33:49,745] {taskinstance.py:1264} INFO - Executing <Task(BashOperator): third_task> on 2023-10-29 00:00:00+00:00
[2023-11-30 13:33:49,754] {standard_task_runner.py:52} INFO - Started process 6082 to run task
[2023-11-30 13:33:49,762] {standard_task_runner.py:76} INFO - Running: ['***', 'tasks', 'run', 'our_first_dag_v3', 'third_task', 'scheduled__2023-10-29T00:00:00+00:00', '--job-id', '531', '--raw', '--subdir', 'DAGS_FOLDER/our_first_dag.py', '--cfg-path', '/tmp/tmp4zuemcx2', '--error-file', '/tmp/tmp2iw15idv']
[2023-11-30 13:33:49,763] {standard_task_runner.py:77} INFO - Job 531: Subtask third_task
[2023-11-30 13:33:49,886] {logging_mixin.py:109} INFO - Running <TaskInstance: our_first_dag_v3.third_task scheduled__2023-10-29T00:00:00+00:00 [running]> on host 08735726aeda
[2023-11-30 13:33:50,002] {taskinstance.py:1431} INFO - Exporting the following env vars:
AIRFLOW_CTX_DAG_OWNER=Ali
AIRFLOW_CTX_DAG_ID=our_first_dag_v3
AIRFLOW_CTX_TASK_ID=third_task
AIRFLOW_CTX_EXECUTION_DATE=2023-10-29T00:00:00+00:00
AIRFLOW_CTX_DAG_RUN_ID=scheduled__2023-10-29T00:00:00+00:00
[2023-11-30 13:33:50,003] {subprocess.py:62} INFO - Tmp dir root location: 
 /tmp
[2023-11-30 13:33:50,004] {subprocess.py:74} INFO - Running command: ['bash', '-c', 'echo hello world, this is the third task!']
[2023-11-30 13:33:50,027] {subprocess.py:85} INFO - Output:
[2023-11-30 13:33:50,028] {subprocess.py:89} INFO - hello world, this is the third task!
[2023-11-30 13:33:50,028] {subprocess.py:93} INFO - Command exited with return code 0
[2023-11-30 13:33:50,090] {taskinstance.py:1282} INFO - Marking task as SUCCESS. dag_id=our_first_dag_v3, task_id=third_task, execution_date=20231029T000000, start_date=20231130T133349, end_date=20231130T133350
[2023-11-30 13:33:50,183] {local_task_job.py:154} INFO - Task exited with return code 0
[2023-11-30 13:33:50,255] {local_task_job.py:264} INFO - 0 downstream tasks scheduled from follow-on schedule check
