[2023-11-30 13:29:20,981] {taskinstance.py:1037} INFO - Dependencies all met for <TaskInstance: our_first_dag_v2.first_task scheduled__2023-10-11T00:00:00+00:00 [queued]>
[2023-11-30 13:29:20,995] {taskinstance.py:1037} INFO - Dependencies all met for <TaskInstance: our_first_dag_v2.first_task scheduled__2023-10-11T00:00:00+00:00 [queued]>
[2023-11-30 13:29:20,995] {taskinstance.py:1243} INFO - 
--------------------------------------------------------------------------------
[2023-11-30 13:29:20,996] {taskinstance.py:1244} INFO - Starting attempt 1 of 6
[2023-11-30 13:29:20,996] {taskinstance.py:1245} INFO - 
--------------------------------------------------------------------------------
[2023-11-30 13:29:21,019] {taskinstance.py:1264} INFO - Executing <Task(BashOperator): first_task> on 2023-10-11 00:00:00+00:00
[2023-11-30 13:29:21,025] {standard_task_runner.py:52} INFO - Started process 3300 to run task
[2023-11-30 13:29:21,033] {standard_task_runner.py:76} INFO - Running: ['***', 'tasks', 'run', 'our_first_dag_v2', 'first_task', 'scheduled__2023-10-11T00:00:00+00:00', '--job-id', '146', '--raw', '--subdir', 'DAGS_FOLDER/our_first_dag.py', '--cfg-path', '/tmp/tmpth9cb0n0', '--error-file', '/tmp/tmptxw56by3']
[2023-11-30 13:29:21,034] {standard_task_runner.py:77} INFO - Job 146: Subtask first_task
[2023-11-30 13:29:21,128] {logging_mixin.py:109} INFO - Running <TaskInstance: our_first_dag_v2.first_task scheduled__2023-10-11T00:00:00+00:00 [running]> on host 08735726aeda
[2023-11-30 13:29:21,232] {taskinstance.py:1431} INFO - Exporting the following env vars:
AIRFLOW_CTX_DAG_OWNER=Ali
AIRFLOW_CTX_DAG_ID=our_first_dag_v2
AIRFLOW_CTX_TASK_ID=first_task
AIRFLOW_CTX_EXECUTION_DATE=2023-10-11T00:00:00+00:00
AIRFLOW_CTX_DAG_RUN_ID=scheduled__2023-10-11T00:00:00+00:00
[2023-11-30 13:29:21,233] {subprocess.py:62} INFO - Tmp dir root location: 
 /tmp
[2023-11-30 13:29:21,234] {subprocess.py:74} INFO - Running command: ['bash', '-c', 'echo hello world, this is the first task!']
[2023-11-30 13:29:21,246] {subprocess.py:85} INFO - Output:
[2023-11-30 13:29:21,249] {subprocess.py:89} INFO - hello world, this is the first task!
[2023-11-30 13:29:21,249] {subprocess.py:93} INFO - Command exited with return code 0
[2023-11-30 13:29:21,302] {taskinstance.py:1282} INFO - Marking task as SUCCESS. dag_id=our_first_dag_v2, task_id=first_task, execution_date=20231011T000000, start_date=20231130T132920, end_date=20231130T132921
[2023-11-30 13:29:21,368] {local_task_job.py:154} INFO - Task exited with return code 0
[2023-11-30 13:29:21,584] {local_task_job.py:264} INFO - 0 downstream tasks scheduled from follow-on schedule check
