[2023-12-04 13:41:39,849] {taskinstance.py:1037} INFO - Dependencies all met for <TaskInstance: dag_with_taskflow_api_v02.greet scheduled__2022-11-26T00:00:00+00:00 [queued]>
[2023-12-04 13:41:39,871] {taskinstance.py:1037} INFO - Dependencies all met for <TaskInstance: dag_with_taskflow_api_v02.greet scheduled__2022-11-26T00:00:00+00:00 [queued]>
[2023-12-04 13:41:39,871] {taskinstance.py:1243} INFO - 
--------------------------------------------------------------------------------
[2023-12-04 13:41:39,871] {taskinstance.py:1244} INFO - Starting attempt 1 of 6
[2023-12-04 13:41:39,871] {taskinstance.py:1245} INFO - 
--------------------------------------------------------------------------------
[2023-12-04 13:41:39,904] {taskinstance.py:1264} INFO - Executing <Task(_PythonDecoratedOperator): greet> on 2022-11-26 00:00:00+00:00
[2023-12-04 13:41:39,909] {standard_task_runner.py:52} INFO - Started process 11053 to run task
[2023-12-04 13:41:39,929] {standard_task_runner.py:76} INFO - Running: ['***', 'tasks', 'run', 'dag_with_taskflow_api_v02', 'greet', 'scheduled__2022-11-26T00:00:00+00:00', '--job-id', '1746', '--raw', '--subdir', 'DAGS_FOLDER/dag_with_taskflow_api.py', '--cfg-path', '/tmp/tmpa97mnlrf', '--error-file', '/tmp/tmpfczlizw_']
[2023-12-04 13:41:39,931] {standard_task_runner.py:77} INFO - Job 1746: Subtask greet
[2023-12-04 13:41:40,109] {logging_mixin.py:109} INFO - Running <TaskInstance: dag_with_taskflow_api_v02.greet scheduled__2022-11-26T00:00:00+00:00 [running]> on host 9953e82db65e
[2023-12-04 13:41:40,256] {taskinstance.py:1431} INFO - Exporting the following env vars:
AIRFLOW_CTX_DAG_OWNER=Ali
AIRFLOW_CTX_DAG_ID=dag_with_taskflow_api_v02
AIRFLOW_CTX_TASK_ID=greet
AIRFLOW_CTX_EXECUTION_DATE=2022-11-26T00:00:00+00:00
AIRFLOW_CTX_DAG_RUN_ID=scheduled__2022-11-26T00:00:00+00:00
[2023-12-04 13:41:40,257] {logging_mixin.py:109} INFO - Hello World! My name is Ali Mokh and I am 30 years old
[2023-12-04 13:41:40,257] {python.py:175} INFO - Done. Returned value was: None
[2023-12-04 13:41:40,275] {taskinstance.py:1282} INFO - Marking task as SUCCESS. dag_id=dag_with_taskflow_api_v02, task_id=greet, execution_date=20221126T000000, start_date=20231204T134139, end_date=20231204T134140
[2023-12-04 13:41:40,342] {local_task_job.py:154} INFO - Task exited with return code 0
[2023-12-04 13:41:40,438] {local_task_job.py:264} INFO - 0 downstream tasks scheduled from follow-on schedule check
