[2023-12-04 13:37:06,218] {taskinstance.py:1037} INFO - Dependencies all met for <TaskInstance: dag_with_taskflow_api.get_age scheduled__2022-07-25T00:00:00+00:00 [queued]>
[2023-12-04 13:37:06,230] {taskinstance.py:1037} INFO - Dependencies all met for <TaskInstance: dag_with_taskflow_api.get_age scheduled__2022-07-25T00:00:00+00:00 [queued]>
[2023-12-04 13:37:06,230] {taskinstance.py:1243} INFO - 
--------------------------------------------------------------------------------
[2023-12-04 13:37:06,230] {taskinstance.py:1244} INFO - Starting attempt 1 of 6
[2023-12-04 13:37:06,230] {taskinstance.py:1245} INFO - 
--------------------------------------------------------------------------------
[2023-12-04 13:37:06,245] {taskinstance.py:1264} INFO - Executing <Task(_PythonDecoratedOperator): get_age> on 2022-07-25 00:00:00+00:00
[2023-12-04 13:37:06,249] {standard_task_runner.py:52} INFO - Started process 8594 to run task
[2023-12-04 13:37:06,251] {standard_task_runner.py:76} INFO - Running: ['***', 'tasks', 'run', 'dag_with_taskflow_api', 'get_age', 'scheduled__2022-07-25T00:00:00+00:00', '--job-id', '682', '--raw', '--subdir', 'DAGS_FOLDER/dag_with_taskflow_api.py', '--cfg-path', '/tmp/tmpwxilgz3a', '--error-file', '/tmp/tmpf0r0femy']
[2023-12-04 13:37:06,252] {standard_task_runner.py:77} INFO - Job 682: Subtask get_age
[2023-12-04 13:37:06,331] {logging_mixin.py:109} INFO - Running <TaskInstance: dag_with_taskflow_api.get_age scheduled__2022-07-25T00:00:00+00:00 [running]> on host 9953e82db65e
[2023-12-04 13:37:06,401] {taskinstance.py:1431} INFO - Exporting the following env vars:
AIRFLOW_CTX_DAG_OWNER=Ali
AIRFLOW_CTX_DAG_ID=dag_with_taskflow_api
AIRFLOW_CTX_TASK_ID=get_age
AIRFLOW_CTX_EXECUTION_DATE=2022-07-25T00:00:00+00:00
AIRFLOW_CTX_DAG_RUN_ID=scheduled__2022-07-25T00:00:00+00:00
[2023-12-04 13:37:06,402] {python.py:175} INFO - Done. Returned value was: 30
[2023-12-04 13:37:06,428] {taskinstance.py:1282} INFO - Marking task as SUCCESS. dag_id=dag_with_taskflow_api, task_id=get_age, execution_date=20220725T000000, start_date=20231204T133706, end_date=20231204T133706
[2023-12-04 13:37:06,469] {local_task_job.py:154} INFO - Task exited with return code 0
[2023-12-04 13:37:06,532] {local_task_job.py:264} INFO - 1 downstream tasks scheduled from follow-on schedule check
