[2023-11-30 13:28:42,709] {taskinstance.py:1037} INFO - Dependencies all met for <TaskInstance: our_first_dag_v2.first_task scheduled__2023-08-18T00:00:00+00:00 [queued]>
[2023-11-30 13:28:42,748] {taskinstance.py:1037} INFO - Dependencies all met for <TaskInstance: our_first_dag_v2.first_task scheduled__2023-08-18T00:00:00+00:00 [queued]>
[2023-11-30 13:28:42,748] {taskinstance.py:1243} INFO - 
--------------------------------------------------------------------------------
[2023-11-30 13:28:42,748] {taskinstance.py:1244} INFO - Starting attempt 1 of 6
[2023-11-30 13:28:42,749] {taskinstance.py:1245} INFO - 
--------------------------------------------------------------------------------
[2023-11-30 13:28:42,834] {taskinstance.py:1264} INFO - Executing <Task(BashOperator): first_task> on 2023-08-18 00:00:00+00:00
[2023-11-30 13:28:42,856] {standard_task_runner.py:52} INFO - Started process 2723 to run task
[2023-11-30 13:28:42,875] {standard_task_runner.py:76} INFO - Running: ['***', 'tasks', 'run', 'our_first_dag_v2', 'first_task', 'scheduled__2023-08-18T00:00:00+00:00', '--job-id', '38', '--raw', '--subdir', 'DAGS_FOLDER/our_first_dag.py', '--cfg-path', '/tmp/tmpghnzskx1', '--error-file', '/tmp/tmphd1q2336']
[2023-11-30 13:28:42,877] {standard_task_runner.py:77} INFO - Job 38: Subtask first_task
[2023-11-30 13:28:43,067] {logging_mixin.py:109} INFO - Running <TaskInstance: our_first_dag_v2.first_task scheduled__2023-08-18T00:00:00+00:00 [running]> on host 08735726aeda
[2023-11-30 13:28:43,217] {taskinstance.py:1431} INFO - Exporting the following env vars:
AIRFLOW_CTX_DAG_OWNER=Ali
AIRFLOW_CTX_DAG_ID=our_first_dag_v2
AIRFLOW_CTX_TASK_ID=first_task
AIRFLOW_CTX_EXECUTION_DATE=2023-08-18T00:00:00+00:00
AIRFLOW_CTX_DAG_RUN_ID=scheduled__2023-08-18T00:00:00+00:00
[2023-11-30 13:28:43,219] {subprocess.py:62} INFO - Tmp dir root location: 
 /tmp
[2023-11-30 13:28:43,221] {subprocess.py:74} INFO - Running command: ['bash', '-c', 'echo hello world, this is the first task!']
[2023-11-30 13:28:43,242] {subprocess.py:85} INFO - Output:
[2023-11-30 13:28:43,243] {subprocess.py:89} INFO - hello world, this is the first task!
[2023-11-30 13:28:43,243] {subprocess.py:93} INFO - Command exited with return code 0
[2023-11-30 13:28:43,311] {taskinstance.py:1282} INFO - Marking task as SUCCESS. dag_id=our_first_dag_v2, task_id=first_task, execution_date=20230818T000000, start_date=20231130T132842, end_date=20231130T132843
[2023-11-30 13:28:43,387] {local_task_job.py:154} INFO - Task exited with return code 0
[2023-11-30 13:28:43,448] {local_task_job.py:264} INFO - 1 downstream tasks scheduled from follow-on schedule check
