[2023-12-04 13:42:34,042] {taskinstance.py:1037} INFO - Dependencies all met for <TaskInstance: dag_with_taskflow_api_v02.get_age scheduled__2023-02-15T00:00:00+00:00 [queued]>
[2023-12-04 13:42:34,087] {taskinstance.py:1037} INFO - Dependencies all met for <TaskInstance: dag_with_taskflow_api_v02.get_age scheduled__2023-02-15T00:00:00+00:00 [queued]>
[2023-12-04 13:42:34,088] {taskinstance.py:1243} INFO - 
--------------------------------------------------------------------------------
[2023-12-04 13:42:34,091] {taskinstance.py:1244} INFO - Starting attempt 1 of 6
[2023-12-04 13:42:34,092] {taskinstance.py:1245} INFO - 
--------------------------------------------------------------------------------
[2023-12-04 13:42:34,163] {taskinstance.py:1264} INFO - Executing <Task(_PythonDecoratedOperator): get_age> on 2023-02-15 00:00:00+00:00
[2023-12-04 13:42:34,170] {standard_task_runner.py:52} INFO - Started process 11588 to run task
[2023-12-04 13:42:34,179] {standard_task_runner.py:76} INFO - Running: ['***', 'tasks', 'run', 'dag_with_taskflow_api_v02', 'get_age', 'scheduled__2023-02-15T00:00:00+00:00', '--job-id', '1977', '--raw', '--subdir', 'DAGS_FOLDER/dag_with_taskflow_api.py', '--cfg-path', '/tmp/tmpmiv7lp6d', '--error-file', '/tmp/tmp6y2hvk0f']
[2023-12-04 13:42:34,182] {standard_task_runner.py:77} INFO - Job 1977: Subtask get_age
[2023-12-04 13:42:34,351] {logging_mixin.py:109} INFO - Running <TaskInstance: dag_with_taskflow_api_v02.get_age scheduled__2023-02-15T00:00:00+00:00 [running]> on host 9953e82db65e
[2023-12-04 13:42:34,439] {taskinstance.py:1431} INFO - Exporting the following env vars:
AIRFLOW_CTX_DAG_OWNER=Ali
AIRFLOW_CTX_DAG_ID=dag_with_taskflow_api_v02
AIRFLOW_CTX_TASK_ID=get_age
AIRFLOW_CTX_EXECUTION_DATE=2023-02-15T00:00:00+00:00
AIRFLOW_CTX_DAG_RUN_ID=scheduled__2023-02-15T00:00:00+00:00
[2023-12-04 13:42:34,439] {python.py:175} INFO - Done. Returned value was: 30
[2023-12-04 13:42:34,472] {taskinstance.py:1282} INFO - Marking task as SUCCESS. dag_id=dag_with_taskflow_api_v02, task_id=get_age, execution_date=20230215T000000, start_date=20231204T134234, end_date=20231204T134234
[2023-12-04 13:42:34,529] {local_task_job.py:154} INFO - Task exited with return code 0
[2023-12-04 13:42:34,756] {local_task_job.py:264} INFO - 0 downstream tasks scheduled from follow-on schedule check
