[2023-11-30 13:32:21,673] {taskinstance.py:1037} INFO - Dependencies all met for <TaskInstance: our_first_dag_v3.first_task manual__2023-11-30T13:32:20.583349+00:00 [queued]>
[2023-11-30 13:32:21,691] {taskinstance.py:1037} INFO - Dependencies all met for <TaskInstance: our_first_dag_v3.first_task manual__2023-11-30T13:32:20.583349+00:00 [queued]>
[2023-11-30 13:32:21,692] {taskinstance.py:1243} INFO - 
--------------------------------------------------------------------------------
[2023-11-30 13:32:21,692] {taskinstance.py:1244} INFO - Starting attempt 1 of 6
[2023-11-30 13:32:21,692] {taskinstance.py:1245} INFO - 
--------------------------------------------------------------------------------
[2023-11-30 13:32:21,709] {taskinstance.py:1264} INFO - Executing <Task(BashOperator): first_task> on 2023-11-30 13:32:20.583349+00:00
[2023-11-30 13:32:21,715] {standard_task_runner.py:52} INFO - Started process 4798 to run task
[2023-11-30 13:32:21,719] {standard_task_runner.py:76} INFO - Running: ['***', 'tasks', 'run', 'our_first_dag_v3', 'first_task', 'manual__2023-11-30T13:32:20.583349+00:00', '--job-id', '280', '--raw', '--subdir', 'DAGS_FOLDER/our_first_dag.py', '--cfg-path', '/tmp/tmp6el8ij2p', '--error-file', '/tmp/tmpqak6im_b']
[2023-11-30 13:32:21,720] {standard_task_runner.py:77} INFO - Job 280: Subtask first_task
[2023-11-30 13:32:21,796] {logging_mixin.py:109} INFO - Running <TaskInstance: our_first_dag_v3.first_task manual__2023-11-30T13:32:20.583349+00:00 [running]> on host 08735726aeda
[2023-11-30 13:32:21,877] {taskinstance.py:1431} INFO - Exporting the following env vars:
AIRFLOW_CTX_DAG_OWNER=Ali
AIRFLOW_CTX_DAG_ID=our_first_dag_v3
AIRFLOW_CTX_TASK_ID=first_task
AIRFLOW_CTX_EXECUTION_DATE=2023-11-30T13:32:20.583349+00:00
AIRFLOW_CTX_DAG_RUN_ID=manual__2023-11-30T13:32:20.583349+00:00
[2023-11-30 13:32:21,878] {subprocess.py:62} INFO - Tmp dir root location: 
 /tmp
[2023-11-30 13:32:21,879] {subprocess.py:74} INFO - Running command: ['bash', '-c', 'echo hello world, this is the first task!']
[2023-11-30 13:32:21,889] {subprocess.py:85} INFO - Output:
[2023-11-30 13:32:21,891] {subprocess.py:89} INFO - hello world, this is the first task!
[2023-11-30 13:32:21,892] {subprocess.py:93} INFO - Command exited with return code 0
[2023-11-30 13:32:21,925] {taskinstance.py:1282} INFO - Marking task as SUCCESS. dag_id=our_first_dag_v3, task_id=first_task, execution_date=20231130T133220, start_date=20231130T133221, end_date=20231130T133221
[2023-11-30 13:32:21,974] {local_task_job.py:154} INFO - Task exited with return code 0
[2023-11-30 13:32:22,016] {local_task_job.py:264} INFO - 2 downstream tasks scheduled from follow-on schedule check
