[2023-12-04 13:40:06,851] {taskinstance.py:1037} INFO - Dependencies all met for <TaskInstance: dag_with_taskflow_api_v02.get_age scheduled__2022-07-27T00:00:00+00:00 [queued]>
[2023-12-04 13:40:06,887] {taskinstance.py:1037} INFO - Dependencies all met for <TaskInstance: dag_with_taskflow_api_v02.get_age scheduled__2022-07-27T00:00:00+00:00 [queued]>
[2023-12-04 13:40:06,887] {taskinstance.py:1243} INFO - 
--------------------------------------------------------------------------------
[2023-12-04 13:40:06,888] {taskinstance.py:1244} INFO - Starting attempt 1 of 6
[2023-12-04 13:40:06,888] {taskinstance.py:1245} INFO - 
--------------------------------------------------------------------------------
[2023-12-04 13:40:06,929] {taskinstance.py:1264} INFO - Executing <Task(_PythonDecoratedOperator): get_age> on 2022-07-27 00:00:00+00:00
[2023-12-04 13:40:06,936] {standard_task_runner.py:52} INFO - Started process 10196 to run task
[2023-12-04 13:40:06,942] {standard_task_runner.py:76} INFO - Running: ['***', 'tasks', 'run', 'dag_with_taskflow_api_v02', 'get_age', 'scheduled__2022-07-27T00:00:00+00:00', '--job-id', '1371', '--raw', '--subdir', 'DAGS_FOLDER/dag_with_taskflow_api.py', '--cfg-path', '/tmp/tmp6xh1xt04', '--error-file', '/tmp/tmp4vp9aevj']
[2023-12-04 13:40:06,944] {standard_task_runner.py:77} INFO - Job 1371: Subtask get_age
[2023-12-04 13:40:07,110] {logging_mixin.py:109} INFO - Running <TaskInstance: dag_with_taskflow_api_v02.get_age scheduled__2022-07-27T00:00:00+00:00 [running]> on host 9953e82db65e
[2023-12-04 13:40:07,316] {taskinstance.py:1431} INFO - Exporting the following env vars:
AIRFLOW_CTX_DAG_OWNER=Ali
AIRFLOW_CTX_DAG_ID=dag_with_taskflow_api_v02
AIRFLOW_CTX_TASK_ID=get_age
AIRFLOW_CTX_EXECUTION_DATE=2022-07-27T00:00:00+00:00
AIRFLOW_CTX_DAG_RUN_ID=scheduled__2022-07-27T00:00:00+00:00
[2023-12-04 13:40:07,317] {python.py:175} INFO - Done. Returned value was: 30
[2023-12-04 13:40:07,432] {taskinstance.py:1282} INFO - Marking task as SUCCESS. dag_id=dag_with_taskflow_api_v02, task_id=get_age, execution_date=20220727T000000, start_date=20231204T134006, end_date=20231204T134007
[2023-12-04 13:40:07,504] {local_task_job.py:154} INFO - Task exited with return code 0
[2023-12-04 13:40:07,623] {local_task_job.py:264} INFO - 0 downstream tasks scheduled from follow-on schedule check
