[2023-12-04 13:41:02,447] {taskinstance.py:1037} INFO - Dependencies all met for <TaskInstance: dag_with_taskflow_api_v02.greet scheduled__2022-10-02T00:00:00+00:00 [queued]>
[2023-12-04 13:41:02,460] {taskinstance.py:1037} INFO - Dependencies all met for <TaskInstance: dag_with_taskflow_api_v02.greet scheduled__2022-10-02T00:00:00+00:00 [queued]>
[2023-12-04 13:41:02,460] {taskinstance.py:1243} INFO - 
--------------------------------------------------------------------------------
[2023-12-04 13:41:02,460] {taskinstance.py:1244} INFO - Starting attempt 1 of 6
[2023-12-04 13:41:02,460] {taskinstance.py:1245} INFO - 
--------------------------------------------------------------------------------
[2023-12-04 13:41:02,490] {taskinstance.py:1264} INFO - Executing <Task(_PythonDecoratedOperator): greet> on 2022-10-02 00:00:00+00:00
[2023-12-04 13:41:02,495] {standard_task_runner.py:52} INFO - Started process 10686 to run task
[2023-12-04 13:41:02,499] {standard_task_runner.py:76} INFO - Running: ['***', 'tasks', 'run', 'dag_with_taskflow_api_v02', 'greet', 'scheduled__2022-10-02T00:00:00+00:00', '--job-id', '1583', '--raw', '--subdir', 'DAGS_FOLDER/dag_with_taskflow_api.py', '--cfg-path', '/tmp/tmpwhzw908l', '--error-file', '/tmp/tmp7a361hil']
[2023-12-04 13:41:02,500] {standard_task_runner.py:77} INFO - Job 1583: Subtask greet
[2023-12-04 13:41:02,613] {logging_mixin.py:109} INFO - Running <TaskInstance: dag_with_taskflow_api_v02.greet scheduled__2022-10-02T00:00:00+00:00 [running]> on host 9953e82db65e
[2023-12-04 13:41:02,785] {taskinstance.py:1431} INFO - Exporting the following env vars:
AIRFLOW_CTX_DAG_OWNER=Ali
AIRFLOW_CTX_DAG_ID=dag_with_taskflow_api_v02
AIRFLOW_CTX_TASK_ID=greet
AIRFLOW_CTX_EXECUTION_DATE=2022-10-02T00:00:00+00:00
AIRFLOW_CTX_DAG_RUN_ID=scheduled__2022-10-02T00:00:00+00:00
[2023-12-04 13:41:02,786] {logging_mixin.py:109} INFO - Hello World! My name is Ali Mokh and I am 30 years old
[2023-12-04 13:41:02,786] {python.py:175} INFO - Done. Returned value was: None
[2023-12-04 13:41:02,805] {taskinstance.py:1282} INFO - Marking task as SUCCESS. dag_id=dag_with_taskflow_api_v02, task_id=greet, execution_date=20221002T000000, start_date=20231204T134102, end_date=20231204T134102
[2023-12-04 13:41:02,836] {local_task_job.py:154} INFO - Task exited with return code 0
[2023-12-04 13:41:02,894] {local_task_job.py:264} INFO - 0 downstream tasks scheduled from follow-on schedule check
