[2023-11-30 13:32:59,209] {taskinstance.py:1037} INFO - Dependencies all met for <TaskInstance: our_first_dag_v3.first_task scheduled__2023-08-25T00:00:00+00:00 [queued]>
[2023-11-30 13:32:59,275] {taskinstance.py:1037} INFO - Dependencies all met for <TaskInstance: our_first_dag_v3.first_task scheduled__2023-08-25T00:00:00+00:00 [queued]>
[2023-11-30 13:32:59,276] {taskinstance.py:1243} INFO - 
--------------------------------------------------------------------------------
[2023-11-30 13:32:59,276] {taskinstance.py:1244} INFO - Starting attempt 1 of 6
[2023-11-30 13:32:59,277] {taskinstance.py:1245} INFO - 
--------------------------------------------------------------------------------
[2023-11-30 13:32:59,340] {taskinstance.py:1264} INFO - Executing <Task(BashOperator): first_task> on 2023-08-25 00:00:00+00:00
[2023-11-30 13:32:59,344] {standard_task_runner.py:52} INFO - Started process 5181 to run task
[2023-11-30 13:32:59,361] {standard_task_runner.py:76} INFO - Running: ['***', 'tasks', 'run', 'our_first_dag_v3', 'first_task', 'scheduled__2023-08-25T00:00:00+00:00', '--job-id', '321', '--raw', '--subdir', 'DAGS_FOLDER/our_first_dag.py', '--cfg-path', '/tmp/tmpcndm1g04', '--error-file', '/tmp/tmplctwaovd']
[2023-11-30 13:32:59,363] {standard_task_runner.py:77} INFO - Job 321: Subtask first_task
[2023-11-30 13:32:59,596] {logging_mixin.py:109} INFO - Running <TaskInstance: our_first_dag_v3.first_task scheduled__2023-08-25T00:00:00+00:00 [running]> on host 08735726aeda
[2023-11-30 13:32:59,752] {taskinstance.py:1431} INFO - Exporting the following env vars:
AIRFLOW_CTX_DAG_OWNER=Ali
AIRFLOW_CTX_DAG_ID=our_first_dag_v3
AIRFLOW_CTX_TASK_ID=first_task
AIRFLOW_CTX_EXECUTION_DATE=2023-08-25T00:00:00+00:00
AIRFLOW_CTX_DAG_RUN_ID=scheduled__2023-08-25T00:00:00+00:00
[2023-11-30 13:32:59,753] {subprocess.py:62} INFO - Tmp dir root location: 
 /tmp
[2023-11-30 13:32:59,754] {subprocess.py:74} INFO - Running command: ['bash', '-c', 'echo hello world, this is the first task!']
[2023-11-30 13:32:59,771] {subprocess.py:85} INFO - Output:
[2023-11-30 13:32:59,775] {subprocess.py:89} INFO - hello world, this is the first task!
[2023-11-30 13:32:59,776] {subprocess.py:93} INFO - Command exited with return code 0
[2023-11-30 13:32:59,894] {taskinstance.py:1282} INFO - Marking task as SUCCESS. dag_id=our_first_dag_v3, task_id=first_task, execution_date=20230825T000000, start_date=20231130T133259, end_date=20231130T133259
[2023-11-30 13:33:00,010] {local_task_job.py:154} INFO - Task exited with return code 0
[2023-11-30 13:33:00,310] {local_task_job.py:264} INFO - 2 downstream tasks scheduled from follow-on schedule check
