[2023-12-03 17:33:02,744] {processor.py:163} INFO - Started process (PID=154106) to work on /home/airflow/.local/lib/python3.7/site-packages/airflow/example_dags/subdags/subdag.py
[2023-12-03 17:33:02,746] {processor.py:642} INFO - Processing file /home/airflow/.local/lib/python3.7/site-packages/airflow/example_dags/subdags/subdag.py for tasks to queue
[2023-12-03 17:33:02,747] {logging_mixin.py:109} INFO - [2023-12-03 17:33:02,747] {dagbag.py:500} INFO - Filling up the DagBag from /home/airflow/.local/lib/python3.7/site-packages/airflow/example_dags/subdags/subdag.py
[2023-12-03 17:33:02,986] {processor.py:656} WARNING - No viable dags retrieved from /home/airflow/.local/lib/python3.7/site-packages/airflow/example_dags/subdags/subdag.py
[2023-12-03 17:33:03,018] {processor.py:171} INFO - Processing /home/airflow/.local/lib/python3.7/site-packages/airflow/example_dags/subdags/subdag.py took 0.292 seconds
[2023-12-03 17:33:33,683] {processor.py:163} INFO - Started process (PID=154289) to work on /home/airflow/.local/lib/python3.7/site-packages/airflow/example_dags/subdags/subdag.py
[2023-12-03 17:33:33,685] {processor.py:642} INFO - Processing file /home/airflow/.local/lib/python3.7/site-packages/airflow/example_dags/subdags/subdag.py for tasks to queue
[2023-12-03 17:33:33,697] {logging_mixin.py:109} INFO - [2023-12-03 17:33:33,686] {dagbag.py:500} INFO - Filling up the DagBag from /home/airflow/.local/lib/python3.7/site-packages/airflow/example_dags/subdags/subdag.py
[2023-12-03 17:33:33,765] {processor.py:656} WARNING - No viable dags retrieved from /home/airflow/.local/lib/python3.7/site-packages/airflow/example_dags/subdags/subdag.py
[2023-12-03 17:33:33,807] {processor.py:171} INFO - Processing /home/airflow/.local/lib/python3.7/site-packages/airflow/example_dags/subdags/subdag.py took 0.149 seconds
[2023-12-03 17:34:04,535] {processor.py:163} INFO - Started process (PID=154463) to work on /home/airflow/.local/lib/python3.7/site-packages/airflow/example_dags/subdags/subdag.py
[2023-12-03 17:34:04,553] {processor.py:642} INFO - Processing file /home/airflow/.local/lib/python3.7/site-packages/airflow/example_dags/subdags/subdag.py for tasks to queue
[2023-12-03 17:34:04,554] {logging_mixin.py:109} INFO - [2023-12-03 17:34:04,554] {dagbag.py:500} INFO - Filling up the DagBag from /home/airflow/.local/lib/python3.7/site-packages/airflow/example_dags/subdags/subdag.py
[2023-12-03 17:34:04,670] {processor.py:656} WARNING - No viable dags retrieved from /home/airflow/.local/lib/python3.7/site-packages/airflow/example_dags/subdags/subdag.py
[2023-12-03 17:34:04,679] {processor.py:171} INFO - Processing /home/airflow/.local/lib/python3.7/site-packages/airflow/example_dags/subdags/subdag.py took 0.162 seconds
[2023-12-03 17:34:36,459] {processor.py:163} INFO - Started process (PID=154651) to work on /home/airflow/.local/lib/python3.7/site-packages/airflow/example_dags/subdags/subdag.py
[2023-12-03 17:34:36,479] {processor.py:642} INFO - Processing file /home/airflow/.local/lib/python3.7/site-packages/airflow/example_dags/subdags/subdag.py for tasks to queue
[2023-12-03 17:34:36,481] {logging_mixin.py:109} INFO - [2023-12-03 17:34:36,481] {dagbag.py:500} INFO - Filling up the DagBag from /home/airflow/.local/lib/python3.7/site-packages/airflow/example_dags/subdags/subdag.py
[2023-12-03 17:34:36,573] {processor.py:656} WARNING - No viable dags retrieved from /home/airflow/.local/lib/python3.7/site-packages/airflow/example_dags/subdags/subdag.py
[2023-12-03 17:34:36,590] {processor.py:171} INFO - Processing /home/airflow/.local/lib/python3.7/site-packages/airflow/example_dags/subdags/subdag.py took 0.160 seconds
[2023-12-03 17:35:07,552] {processor.py:163} INFO - Started process (PID=154827) to work on /home/airflow/.local/lib/python3.7/site-packages/airflow/example_dags/subdags/subdag.py
[2023-12-03 17:35:07,556] {processor.py:642} INFO - Processing file /home/airflow/.local/lib/python3.7/site-packages/airflow/example_dags/subdags/subdag.py for tasks to queue
[2023-12-03 17:35:07,567] {logging_mixin.py:109} INFO - [2023-12-03 17:35:07,567] {dagbag.py:500} INFO - Filling up the DagBag from /home/airflow/.local/lib/python3.7/site-packages/airflow/example_dags/subdags/subdag.py
[2023-12-03 17:35:07,647] {processor.py:656} WARNING - No viable dags retrieved from /home/airflow/.local/lib/python3.7/site-packages/airflow/example_dags/subdags/subdag.py
[2023-12-03 17:35:07,666] {processor.py:171} INFO - Processing /home/airflow/.local/lib/python3.7/site-packages/airflow/example_dags/subdags/subdag.py took 0.144 seconds
[2023-12-03 17:35:40,454] {processor.py:163} INFO - Started process (PID=155013) to work on /home/airflow/.local/lib/python3.7/site-packages/airflow/example_dags/subdags/subdag.py
[2023-12-03 17:35:40,467] {processor.py:642} INFO - Processing file /home/airflow/.local/lib/python3.7/site-packages/airflow/example_dags/subdags/subdag.py for tasks to queue
[2023-12-03 17:35:40,469] {logging_mixin.py:109} INFO - [2023-12-03 17:35:40,469] {dagbag.py:500} INFO - Filling up the DagBag from /home/airflow/.local/lib/python3.7/site-packages/airflow/example_dags/subdags/subdag.py
[2023-12-03 17:35:40,596] {processor.py:656} WARNING - No viable dags retrieved from /home/airflow/.local/lib/python3.7/site-packages/airflow/example_dags/subdags/subdag.py
[2023-12-03 17:35:40,604] {processor.py:171} INFO - Processing /home/airflow/.local/lib/python3.7/site-packages/airflow/example_dags/subdags/subdag.py took 0.167 seconds
[2023-12-03 17:36:13,308] {processor.py:163} INFO - Started process (PID=155206) to work on /home/airflow/.local/lib/python3.7/site-packages/airflow/example_dags/subdags/subdag.py
[2023-12-03 17:36:13,313] {processor.py:642} INFO - Processing file /home/airflow/.local/lib/python3.7/site-packages/airflow/example_dags/subdags/subdag.py for tasks to queue
[2023-12-03 17:36:13,322] {logging_mixin.py:109} INFO - [2023-12-03 17:36:13,322] {dagbag.py:500} INFO - Filling up the DagBag from /home/airflow/.local/lib/python3.7/site-packages/airflow/example_dags/subdags/subdag.py
[2023-12-03 17:36:13,418] {processor.py:656} WARNING - No viable dags retrieved from /home/airflow/.local/lib/python3.7/site-packages/airflow/example_dags/subdags/subdag.py
[2023-12-03 17:36:13,437] {processor.py:171} INFO - Processing /home/airflow/.local/lib/python3.7/site-packages/airflow/example_dags/subdags/subdag.py took 0.147 seconds
[2023-12-03 17:36:44,437] {processor.py:163} INFO - Started process (PID=155385) to work on /home/airflow/.local/lib/python3.7/site-packages/airflow/example_dags/subdags/subdag.py
[2023-12-03 17:36:44,442] {processor.py:642} INFO - Processing file /home/airflow/.local/lib/python3.7/site-packages/airflow/example_dags/subdags/subdag.py for tasks to queue
[2023-12-03 17:36:44,444] {logging_mixin.py:109} INFO - [2023-12-03 17:36:44,444] {dagbag.py:500} INFO - Filling up the DagBag from /home/airflow/.local/lib/python3.7/site-packages/airflow/example_dags/subdags/subdag.py
[2023-12-03 17:36:44,503] {processor.py:656} WARNING - No viable dags retrieved from /home/airflow/.local/lib/python3.7/site-packages/airflow/example_dags/subdags/subdag.py
[2023-12-03 17:36:44,520] {processor.py:171} INFO - Processing /home/airflow/.local/lib/python3.7/site-packages/airflow/example_dags/subdags/subdag.py took 0.095 seconds
[2023-12-03 17:37:15,332] {processor.py:163} INFO - Started process (PID=155573) to work on /home/airflow/.local/lib/python3.7/site-packages/airflow/example_dags/subdags/subdag.py
[2023-12-03 17:37:15,333] {processor.py:642} INFO - Processing file /home/airflow/.local/lib/python3.7/site-packages/airflow/example_dags/subdags/subdag.py for tasks to queue
[2023-12-03 17:37:15,334] {logging_mixin.py:109} INFO - [2023-12-03 17:37:15,334] {dagbag.py:500} INFO - Filling up the DagBag from /home/airflow/.local/lib/python3.7/site-packages/airflow/example_dags/subdags/subdag.py
[2023-12-03 17:37:15,361] {processor.py:656} WARNING - No viable dags retrieved from /home/airflow/.local/lib/python3.7/site-packages/airflow/example_dags/subdags/subdag.py
[2023-12-03 17:37:15,367] {processor.py:171} INFO - Processing /home/airflow/.local/lib/python3.7/site-packages/airflow/example_dags/subdags/subdag.py took 0.041 seconds
[2023-12-03 17:37:45,712] {processor.py:163} INFO - Started process (PID=155769) to work on /home/airflow/.local/lib/python3.7/site-packages/airflow/example_dags/subdags/subdag.py
[2023-12-03 17:37:45,715] {processor.py:642} INFO - Processing file /home/airflow/.local/lib/python3.7/site-packages/airflow/example_dags/subdags/subdag.py for tasks to queue
[2023-12-03 17:37:45,717] {logging_mixin.py:109} INFO - [2023-12-03 17:37:45,717] {dagbag.py:500} INFO - Filling up the DagBag from /home/airflow/.local/lib/python3.7/site-packages/airflow/example_dags/subdags/subdag.py
[2023-12-03 17:37:45,752] {processor.py:656} WARNING - No viable dags retrieved from /home/airflow/.local/lib/python3.7/site-packages/airflow/example_dags/subdags/subdag.py
[2023-12-03 17:37:45,758] {processor.py:171} INFO - Processing /home/airflow/.local/lib/python3.7/site-packages/airflow/example_dags/subdags/subdag.py took 0.056 seconds
[2023-12-03 17:38:16,115] {processor.py:163} INFO - Started process (PID=155952) to work on /home/airflow/.local/lib/python3.7/site-packages/airflow/example_dags/subdags/subdag.py
[2023-12-03 17:38:16,117] {processor.py:642} INFO - Processing file /home/airflow/.local/lib/python3.7/site-packages/airflow/example_dags/subdags/subdag.py for tasks to queue
[2023-12-03 17:38:16,118] {logging_mixin.py:109} INFO - [2023-12-03 17:38:16,118] {dagbag.py:500} INFO - Filling up the DagBag from /home/airflow/.local/lib/python3.7/site-packages/airflow/example_dags/subdags/subdag.py
[2023-12-03 17:38:16,154] {processor.py:656} WARNING - No viable dags retrieved from /home/airflow/.local/lib/python3.7/site-packages/airflow/example_dags/subdags/subdag.py
[2023-12-03 17:38:16,159] {processor.py:171} INFO - Processing /home/airflow/.local/lib/python3.7/site-packages/airflow/example_dags/subdags/subdag.py took 0.050 seconds
[2023-12-03 17:38:46,280] {processor.py:163} INFO - Started process (PID=156135) to work on /home/airflow/.local/lib/python3.7/site-packages/airflow/example_dags/subdags/subdag.py
[2023-12-03 17:38:46,291] {processor.py:642} INFO - Processing file /home/airflow/.local/lib/python3.7/site-packages/airflow/example_dags/subdags/subdag.py for tasks to queue
[2023-12-03 17:38:46,293] {logging_mixin.py:109} INFO - [2023-12-03 17:38:46,292] {dagbag.py:500} INFO - Filling up the DagBag from /home/airflow/.local/lib/python3.7/site-packages/airflow/example_dags/subdags/subdag.py
[2023-12-03 17:38:46,330] {processor.py:656} WARNING - No viable dags retrieved from /home/airflow/.local/lib/python3.7/site-packages/airflow/example_dags/subdags/subdag.py
[2023-12-03 17:38:46,337] {processor.py:171} INFO - Processing /home/airflow/.local/lib/python3.7/site-packages/airflow/example_dags/subdags/subdag.py took 0.071 seconds
[2023-12-03 17:39:16,755] {processor.py:163} INFO - Started process (PID=156328) to work on /home/airflow/.local/lib/python3.7/site-packages/airflow/example_dags/subdags/subdag.py
[2023-12-03 17:39:16,758] {processor.py:642} INFO - Processing file /home/airflow/.local/lib/python3.7/site-packages/airflow/example_dags/subdags/subdag.py for tasks to queue
[2023-12-03 17:39:16,758] {logging_mixin.py:109} INFO - [2023-12-03 17:39:16,758] {dagbag.py:500} INFO - Filling up the DagBag from /home/airflow/.local/lib/python3.7/site-packages/airflow/example_dags/subdags/subdag.py
[2023-12-03 17:39:16,787] {processor.py:656} WARNING - No viable dags retrieved from /home/airflow/.local/lib/python3.7/site-packages/airflow/example_dags/subdags/subdag.py
[2023-12-03 17:39:16,793] {processor.py:171} INFO - Processing /home/airflow/.local/lib/python3.7/site-packages/airflow/example_dags/subdags/subdag.py took 0.044 seconds
[2023-12-03 17:39:47,398] {processor.py:163} INFO - Started process (PID=156516) to work on /home/airflow/.local/lib/python3.7/site-packages/airflow/example_dags/subdags/subdag.py
[2023-12-03 17:39:47,400] {processor.py:642} INFO - Processing file /home/airflow/.local/lib/python3.7/site-packages/airflow/example_dags/subdags/subdag.py for tasks to queue
[2023-12-03 17:39:47,401] {logging_mixin.py:109} INFO - [2023-12-03 17:39:47,401] {dagbag.py:500} INFO - Filling up the DagBag from /home/airflow/.local/lib/python3.7/site-packages/airflow/example_dags/subdags/subdag.py
[2023-12-03 17:39:47,431] {processor.py:656} WARNING - No viable dags retrieved from /home/airflow/.local/lib/python3.7/site-packages/airflow/example_dags/subdags/subdag.py
[2023-12-03 17:39:47,438] {processor.py:171} INFO - Processing /home/airflow/.local/lib/python3.7/site-packages/airflow/example_dags/subdags/subdag.py took 0.045 seconds
[2023-12-03 17:40:17,648] {processor.py:163} INFO - Started process (PID=156700) to work on /home/airflow/.local/lib/python3.7/site-packages/airflow/example_dags/subdags/subdag.py
[2023-12-03 17:40:17,651] {processor.py:642} INFO - Processing file /home/airflow/.local/lib/python3.7/site-packages/airflow/example_dags/subdags/subdag.py for tasks to queue
[2023-12-03 17:40:17,652] {logging_mixin.py:109} INFO - [2023-12-03 17:40:17,652] {dagbag.py:500} INFO - Filling up the DagBag from /home/airflow/.local/lib/python3.7/site-packages/airflow/example_dags/subdags/subdag.py
[2023-12-03 17:40:17,688] {processor.py:656} WARNING - No viable dags retrieved from /home/airflow/.local/lib/python3.7/site-packages/airflow/example_dags/subdags/subdag.py
[2023-12-03 17:40:17,693] {processor.py:171} INFO - Processing /home/airflow/.local/lib/python3.7/site-packages/airflow/example_dags/subdags/subdag.py took 0.053 seconds
[2023-12-03 17:40:48,070] {processor.py:163} INFO - Started process (PID=156896) to work on /home/airflow/.local/lib/python3.7/site-packages/airflow/example_dags/subdags/subdag.py
[2023-12-03 17:40:48,073] {processor.py:642} INFO - Processing file /home/airflow/.local/lib/python3.7/site-packages/airflow/example_dags/subdags/subdag.py for tasks to queue
[2023-12-03 17:40:48,074] {logging_mixin.py:109} INFO - [2023-12-03 17:40:48,074] {dagbag.py:500} INFO - Filling up the DagBag from /home/airflow/.local/lib/python3.7/site-packages/airflow/example_dags/subdags/subdag.py
[2023-12-03 17:40:48,108] {processor.py:656} WARNING - No viable dags retrieved from /home/airflow/.local/lib/python3.7/site-packages/airflow/example_dags/subdags/subdag.py
[2023-12-03 17:40:48,113] {processor.py:171} INFO - Processing /home/airflow/.local/lib/python3.7/site-packages/airflow/example_dags/subdags/subdag.py took 0.050 seconds
[2023-12-03 17:41:18,314] {processor.py:163} INFO - Started process (PID=157078) to work on /home/airflow/.local/lib/python3.7/site-packages/airflow/example_dags/subdags/subdag.py
[2023-12-03 17:41:18,316] {processor.py:642} INFO - Processing file /home/airflow/.local/lib/python3.7/site-packages/airflow/example_dags/subdags/subdag.py for tasks to queue
[2023-12-03 17:41:18,317] {logging_mixin.py:109} INFO - [2023-12-03 17:41:18,317] {dagbag.py:500} INFO - Filling up the DagBag from /home/airflow/.local/lib/python3.7/site-packages/airflow/example_dags/subdags/subdag.py
[2023-12-03 17:41:18,346] {processor.py:656} WARNING - No viable dags retrieved from /home/airflow/.local/lib/python3.7/site-packages/airflow/example_dags/subdags/subdag.py
[2023-12-03 17:41:18,351] {processor.py:171} INFO - Processing /home/airflow/.local/lib/python3.7/site-packages/airflow/example_dags/subdags/subdag.py took 0.043 seconds
[2023-12-03 17:41:48,674] {processor.py:163} INFO - Started process (PID=157271) to work on /home/airflow/.local/lib/python3.7/site-packages/airflow/example_dags/subdags/subdag.py
[2023-12-03 17:41:48,676] {processor.py:642} INFO - Processing file /home/airflow/.local/lib/python3.7/site-packages/airflow/example_dags/subdags/subdag.py for tasks to queue
[2023-12-03 17:41:48,677] {logging_mixin.py:109} INFO - [2023-12-03 17:41:48,677] {dagbag.py:500} INFO - Filling up the DagBag from /home/airflow/.local/lib/python3.7/site-packages/airflow/example_dags/subdags/subdag.py
[2023-12-03 17:41:48,710] {processor.py:656} WARNING - No viable dags retrieved from /home/airflow/.local/lib/python3.7/site-packages/airflow/example_dags/subdags/subdag.py
[2023-12-03 17:41:48,716] {processor.py:171} INFO - Processing /home/airflow/.local/lib/python3.7/site-packages/airflow/example_dags/subdags/subdag.py took 0.049 seconds
[2023-12-03 17:42:18,996] {processor.py:163} INFO - Started process (PID=157459) to work on /home/airflow/.local/lib/python3.7/site-packages/airflow/example_dags/subdags/subdag.py
[2023-12-03 17:42:19,001] {processor.py:642} INFO - Processing file /home/airflow/.local/lib/python3.7/site-packages/airflow/example_dags/subdags/subdag.py for tasks to queue
[2023-12-03 17:42:19,002] {logging_mixin.py:109} INFO - [2023-12-03 17:42:19,002] {dagbag.py:500} INFO - Filling up the DagBag from /home/airflow/.local/lib/python3.7/site-packages/airflow/example_dags/subdags/subdag.py
[2023-12-03 17:42:19,035] {processor.py:656} WARNING - No viable dags retrieved from /home/airflow/.local/lib/python3.7/site-packages/airflow/example_dags/subdags/subdag.py
[2023-12-03 17:42:19,039] {processor.py:171} INFO - Processing /home/airflow/.local/lib/python3.7/site-packages/airflow/example_dags/subdags/subdag.py took 0.047 seconds
[2023-12-03 17:42:49,226] {processor.py:163} INFO - Started process (PID=157648) to work on /home/airflow/.local/lib/python3.7/site-packages/airflow/example_dags/subdags/subdag.py
[2023-12-03 17:42:49,229] {processor.py:642} INFO - Processing file /home/airflow/.local/lib/python3.7/site-packages/airflow/example_dags/subdags/subdag.py for tasks to queue
[2023-12-03 17:42:49,230] {logging_mixin.py:109} INFO - [2023-12-03 17:42:49,229] {dagbag.py:500} INFO - Filling up the DagBag from /home/airflow/.local/lib/python3.7/site-packages/airflow/example_dags/subdags/subdag.py
[2023-12-03 17:42:49,262] {processor.py:656} WARNING - No viable dags retrieved from /home/airflow/.local/lib/python3.7/site-packages/airflow/example_dags/subdags/subdag.py
[2023-12-03 17:42:49,267] {processor.py:171} INFO - Processing /home/airflow/.local/lib/python3.7/site-packages/airflow/example_dags/subdags/subdag.py took 0.047 seconds
[2023-12-03 17:43:19,737] {processor.py:163} INFO - Started process (PID=157844) to work on /home/airflow/.local/lib/python3.7/site-packages/airflow/example_dags/subdags/subdag.py
[2023-12-03 17:43:19,740] {processor.py:642} INFO - Processing file /home/airflow/.local/lib/python3.7/site-packages/airflow/example_dags/subdags/subdag.py for tasks to queue
[2023-12-03 17:43:19,741] {logging_mixin.py:109} INFO - [2023-12-03 17:43:19,741] {dagbag.py:500} INFO - Filling up the DagBag from /home/airflow/.local/lib/python3.7/site-packages/airflow/example_dags/subdags/subdag.py
[2023-12-03 17:43:19,772] {processor.py:656} WARNING - No viable dags retrieved from /home/airflow/.local/lib/python3.7/site-packages/airflow/example_dags/subdags/subdag.py
[2023-12-03 17:43:19,777] {processor.py:171} INFO - Processing /home/airflow/.local/lib/python3.7/site-packages/airflow/example_dags/subdags/subdag.py took 0.047 seconds
[2023-12-03 17:46:59,666] {processor.py:163} INFO - Started process (PID=158139) to work on /home/airflow/.local/lib/python3.7/site-packages/airflow/example_dags/subdags/subdag.py
[2023-12-03 17:46:59,693] {processor.py:642} INFO - Processing file /home/airflow/.local/lib/python3.7/site-packages/airflow/example_dags/subdags/subdag.py for tasks to queue
[2023-12-03 17:46:59,694] {logging_mixin.py:109} INFO - [2023-12-03 17:46:59,694] {dagbag.py:500} INFO - Filling up the DagBag from /home/airflow/.local/lib/python3.7/site-packages/airflow/example_dags/subdags/subdag.py
[2023-12-03 17:46:59,752] {processor.py:656} WARNING - No viable dags retrieved from /home/airflow/.local/lib/python3.7/site-packages/airflow/example_dags/subdags/subdag.py
[2023-12-03 17:46:59,759] {processor.py:171} INFO - Processing /home/airflow/.local/lib/python3.7/site-packages/airflow/example_dags/subdags/subdag.py took 0.102 seconds
[2023-12-03 17:47:30,166] {processor.py:163} INFO - Started process (PID=158322) to work on /home/airflow/.local/lib/python3.7/site-packages/airflow/example_dags/subdags/subdag.py
[2023-12-03 17:47:30,168] {processor.py:642} INFO - Processing file /home/airflow/.local/lib/python3.7/site-packages/airflow/example_dags/subdags/subdag.py for tasks to queue
[2023-12-03 17:47:30,170] {logging_mixin.py:109} INFO - [2023-12-03 17:47:30,169] {dagbag.py:500} INFO - Filling up the DagBag from /home/airflow/.local/lib/python3.7/site-packages/airflow/example_dags/subdags/subdag.py
[2023-12-03 17:47:30,207] {processor.py:656} WARNING - No viable dags retrieved from /home/airflow/.local/lib/python3.7/site-packages/airflow/example_dags/subdags/subdag.py
[2023-12-03 17:47:30,213] {processor.py:171} INFO - Processing /home/airflow/.local/lib/python3.7/site-packages/airflow/example_dags/subdags/subdag.py took 0.053 seconds
[2023-12-03 17:48:00,438] {processor.py:163} INFO - Started process (PID=158507) to work on /home/airflow/.local/lib/python3.7/site-packages/airflow/example_dags/subdags/subdag.py
[2023-12-03 17:48:00,441] {processor.py:642} INFO - Processing file /home/airflow/.local/lib/python3.7/site-packages/airflow/example_dags/subdags/subdag.py for tasks to queue
[2023-12-03 17:48:00,442] {logging_mixin.py:109} INFO - [2023-12-03 17:48:00,441] {dagbag.py:500} INFO - Filling up the DagBag from /home/airflow/.local/lib/python3.7/site-packages/airflow/example_dags/subdags/subdag.py
[2023-12-03 17:48:00,474] {processor.py:656} WARNING - No viable dags retrieved from /home/airflow/.local/lib/python3.7/site-packages/airflow/example_dags/subdags/subdag.py
[2023-12-03 17:48:00,480] {processor.py:171} INFO - Processing /home/airflow/.local/lib/python3.7/site-packages/airflow/example_dags/subdags/subdag.py took 0.048 seconds
[2023-12-03 17:48:30,768] {processor.py:163} INFO - Started process (PID=158693) to work on /home/airflow/.local/lib/python3.7/site-packages/airflow/example_dags/subdags/subdag.py
[2023-12-03 17:48:30,770] {processor.py:642} INFO - Processing file /home/airflow/.local/lib/python3.7/site-packages/airflow/example_dags/subdags/subdag.py for tasks to queue
[2023-12-03 17:48:30,771] {logging_mixin.py:109} INFO - [2023-12-03 17:48:30,771] {dagbag.py:500} INFO - Filling up the DagBag from /home/airflow/.local/lib/python3.7/site-packages/airflow/example_dags/subdags/subdag.py
[2023-12-03 17:48:30,843] {processor.py:656} WARNING - No viable dags retrieved from /home/airflow/.local/lib/python3.7/site-packages/airflow/example_dags/subdags/subdag.py
[2023-12-03 17:48:30,851] {processor.py:171} INFO - Processing /home/airflow/.local/lib/python3.7/site-packages/airflow/example_dags/subdags/subdag.py took 0.088 seconds
[2023-12-03 17:49:01,503] {processor.py:163} INFO - Started process (PID=158881) to work on /home/airflow/.local/lib/python3.7/site-packages/airflow/example_dags/subdags/subdag.py
[2023-12-03 17:49:01,506] {processor.py:642} INFO - Processing file /home/airflow/.local/lib/python3.7/site-packages/airflow/example_dags/subdags/subdag.py for tasks to queue
[2023-12-03 17:49:01,506] {logging_mixin.py:109} INFO - [2023-12-03 17:49:01,506] {dagbag.py:500} INFO - Filling up the DagBag from /home/airflow/.local/lib/python3.7/site-packages/airflow/example_dags/subdags/subdag.py
[2023-12-03 17:49:01,536] {processor.py:656} WARNING - No viable dags retrieved from /home/airflow/.local/lib/python3.7/site-packages/airflow/example_dags/subdags/subdag.py
[2023-12-03 17:49:01,542] {processor.py:171} INFO - Processing /home/airflow/.local/lib/python3.7/site-packages/airflow/example_dags/subdags/subdag.py took 0.044 seconds
[2023-12-03 17:49:31,938] {processor.py:163} INFO - Started process (PID=159072) to work on /home/airflow/.local/lib/python3.7/site-packages/airflow/example_dags/subdags/subdag.py
[2023-12-03 17:49:31,945] {processor.py:642} INFO - Processing file /home/airflow/.local/lib/python3.7/site-packages/airflow/example_dags/subdags/subdag.py for tasks to queue
[2023-12-03 17:49:31,946] {logging_mixin.py:109} INFO - [2023-12-03 17:49:31,945] {dagbag.py:500} INFO - Filling up the DagBag from /home/airflow/.local/lib/python3.7/site-packages/airflow/example_dags/subdags/subdag.py
[2023-12-03 17:49:31,976] {processor.py:656} WARNING - No viable dags retrieved from /home/airflow/.local/lib/python3.7/site-packages/airflow/example_dags/subdags/subdag.py
[2023-12-03 17:49:31,981] {processor.py:171} INFO - Processing /home/airflow/.local/lib/python3.7/site-packages/airflow/example_dags/subdags/subdag.py took 0.047 seconds
[2023-12-03 17:50:02,658] {processor.py:163} INFO - Started process (PID=159261) to work on /home/airflow/.local/lib/python3.7/site-packages/airflow/example_dags/subdags/subdag.py
[2023-12-03 17:50:02,660] {processor.py:642} INFO - Processing file /home/airflow/.local/lib/python3.7/site-packages/airflow/example_dags/subdags/subdag.py for tasks to queue
[2023-12-03 17:50:02,660] {logging_mixin.py:109} INFO - [2023-12-03 17:50:02,660] {dagbag.py:500} INFO - Filling up the DagBag from /home/airflow/.local/lib/python3.7/site-packages/airflow/example_dags/subdags/subdag.py
[2023-12-03 17:50:02,690] {processor.py:656} WARNING - No viable dags retrieved from /home/airflow/.local/lib/python3.7/site-packages/airflow/example_dags/subdags/subdag.py
[2023-12-03 17:50:02,694] {processor.py:171} INFO - Processing /home/airflow/.local/lib/python3.7/site-packages/airflow/example_dags/subdags/subdag.py took 0.043 seconds
[2023-12-03 17:50:33,450] {processor.py:163} INFO - Started process (PID=159454) to work on /home/airflow/.local/lib/python3.7/site-packages/airflow/example_dags/subdags/subdag.py
[2023-12-03 17:50:33,452] {processor.py:642} INFO - Processing file /home/airflow/.local/lib/python3.7/site-packages/airflow/example_dags/subdags/subdag.py for tasks to queue
[2023-12-03 17:50:33,453] {logging_mixin.py:109} INFO - [2023-12-03 17:50:33,453] {dagbag.py:500} INFO - Filling up the DagBag from /home/airflow/.local/lib/python3.7/site-packages/airflow/example_dags/subdags/subdag.py
[2023-12-03 17:50:33,478] {processor.py:656} WARNING - No viable dags retrieved from /home/airflow/.local/lib/python3.7/site-packages/airflow/example_dags/subdags/subdag.py
[2023-12-03 17:50:33,483] {processor.py:171} INFO - Processing /home/airflow/.local/lib/python3.7/site-packages/airflow/example_dags/subdags/subdag.py took 0.038 seconds
[2023-12-03 17:51:04,201] {processor.py:163} INFO - Started process (PID=159642) to work on /home/airflow/.local/lib/python3.7/site-packages/airflow/example_dags/subdags/subdag.py
[2023-12-03 17:51:04,204] {processor.py:642} INFO - Processing file /home/airflow/.local/lib/python3.7/site-packages/airflow/example_dags/subdags/subdag.py for tasks to queue
[2023-12-03 17:51:04,206] {logging_mixin.py:109} INFO - [2023-12-03 17:51:04,205] {dagbag.py:500} INFO - Filling up the DagBag from /home/airflow/.local/lib/python3.7/site-packages/airflow/example_dags/subdags/subdag.py
[2023-12-03 17:51:04,270] {processor.py:656} WARNING - No viable dags retrieved from /home/airflow/.local/lib/python3.7/site-packages/airflow/example_dags/subdags/subdag.py
[2023-12-03 17:51:04,276] {processor.py:171} INFO - Processing /home/airflow/.local/lib/python3.7/site-packages/airflow/example_dags/subdags/subdag.py took 0.082 seconds
[2023-12-03 22:17:09,253] {processor.py:163} INFO - Started process (PID=159894) to work on /home/airflow/.local/lib/python3.7/site-packages/airflow/example_dags/subdags/subdag.py
[2023-12-03 22:17:09,282] {processor.py:642} INFO - Processing file /home/airflow/.local/lib/python3.7/site-packages/airflow/example_dags/subdags/subdag.py for tasks to queue
[2023-12-03 22:17:09,284] {logging_mixin.py:109} INFO - [2023-12-03 22:17:09,283] {dagbag.py:500} INFO - Filling up the DagBag from /home/airflow/.local/lib/python3.7/site-packages/airflow/example_dags/subdags/subdag.py
[2023-12-03 22:17:09,459] {processor.py:656} WARNING - No viable dags retrieved from /home/airflow/.local/lib/python3.7/site-packages/airflow/example_dags/subdags/subdag.py
[2023-12-03 22:17:09,491] {processor.py:171} INFO - Processing /home/airflow/.local/lib/python3.7/site-packages/airflow/example_dags/subdags/subdag.py took 0.288 seconds
