[2023-11-30 12:35:58,137] {taskinstance.py:1037} INFO - Dependencies all met for <TaskInstance: our_first_dag.first_task scheduled__2023-09-23T00:00:00+00:00 [queued]>
[2023-11-30 12:35:58,155] {taskinstance.py:1037} INFO - Dependencies all met for <TaskInstance: our_first_dag.first_task scheduled__2023-09-23T00:00:00+00:00 [queued]>
[2023-11-30 12:35:58,155] {taskinstance.py:1243} INFO - 
--------------------------------------------------------------------------------
[2023-11-30 12:35:58,155] {taskinstance.py:1244} INFO - Starting attempt 1 of 6
[2023-11-30 12:35:58,155] {taskinstance.py:1245} INFO - 
--------------------------------------------------------------------------------
[2023-11-30 12:35:58,198] {taskinstance.py:1264} INFO - Executing <Task(BashOperator): first_task> on 2023-09-23 00:00:00+00:00
[2023-11-30 12:35:58,206] {standard_task_runner.py:52} INFO - Started process 84465 to run task
[2023-11-30 12:35:58,211] {standard_task_runner.py:76} INFO - Running: ['***', 'tasks', 'run', 'our_first_dag', 'first_task', 'scheduled__2023-09-23T00:00:00+00:00', '--job-id', '74', '--raw', '--subdir', 'DAGS_FOLDER/our_first_dag.py', '--cfg-path', '/tmp/tmpum3xvran', '--error-file', '/tmp/tmpvlt7w_mv']
[2023-11-30 12:35:58,213] {standard_task_runner.py:77} INFO - Job 74: Subtask first_task
[2023-11-30 12:35:58,335] {logging_mixin.py:109} INFO - Running <TaskInstance: our_first_dag.first_task scheduled__2023-09-23T00:00:00+00:00 [running]> on host 6a46d673723a
[2023-11-30 12:35:58,457] {taskinstance.py:1431} INFO - Exporting the following env vars:
AIRFLOW_CTX_DAG_OWNER=Ali
AIRFLOW_CTX_DAG_ID=our_first_dag
AIRFLOW_CTX_TASK_ID=first_task
AIRFLOW_CTX_EXECUTION_DATE=2023-09-23T00:00:00+00:00
AIRFLOW_CTX_DAG_RUN_ID=scheduled__2023-09-23T00:00:00+00:00
[2023-11-30 12:35:58,458] {subprocess.py:62} INFO - Tmp dir root location: 
 /tmp
[2023-11-30 12:35:58,459] {subprocess.py:74} INFO - Running command: ['bash', '-c', 'echo hello world, this is the first task!']
[2023-11-30 12:35:58,473] {subprocess.py:85} INFO - Output:
[2023-11-30 12:35:58,476] {subprocess.py:89} INFO - hello world, this is the first task!
[2023-11-30 12:35:58,477] {subprocess.py:93} INFO - Command exited with return code 0
[2023-11-30 12:35:58,534] {taskinstance.py:1282} INFO - Marking task as SUCCESS. dag_id=our_first_dag, task_id=first_task, execution_date=20230923T000000, start_date=20231130T123558, end_date=20231130T123558
[2023-11-30 12:35:58,602] {local_task_job.py:154} INFO - Task exited with return code 0
[2023-11-30 12:35:58,673] {local_task_job.py:264} INFO - 0 downstream tasks scheduled from follow-on schedule check
