[2023-11-30 13:32:59,705] {taskinstance.py:1037} INFO - Dependencies all met for <TaskInstance: our_first_dag_v3.second_task scheduled__2023-08-21T00:00:00+00:00 [queued]>
[2023-11-30 13:32:59,722] {taskinstance.py:1037} INFO - Dependencies all met for <TaskInstance: our_first_dag_v3.second_task scheduled__2023-08-21T00:00:00+00:00 [queued]>
[2023-11-30 13:32:59,723] {taskinstance.py:1243} INFO - 
--------------------------------------------------------------------------------
[2023-11-30 13:32:59,724] {taskinstance.py:1244} INFO - Starting attempt 1 of 6
[2023-11-30 13:32:59,724] {taskinstance.py:1245} INFO - 
--------------------------------------------------------------------------------
[2023-11-30 13:32:59,752] {taskinstance.py:1264} INFO - Executing <Task(BashOperator): second_task> on 2023-08-21 00:00:00+00:00
[2023-11-30 13:32:59,758] {standard_task_runner.py:52} INFO - Started process 5191 to run task
[2023-11-30 13:32:59,770] {standard_task_runner.py:76} INFO - Running: ['***', 'tasks', 'run', 'our_first_dag_v3', 'second_task', 'scheduled__2023-08-21T00:00:00+00:00', '--job-id', '326', '--raw', '--subdir', 'DAGS_FOLDER/our_first_dag.py', '--cfg-path', '/tmp/tmp0y69f2sj', '--error-file', '/tmp/tmpu60v7ovs']
[2023-11-30 13:32:59,772] {standard_task_runner.py:77} INFO - Job 326: Subtask second_task
[2023-11-30 13:32:59,958] {logging_mixin.py:109} INFO - Running <TaskInstance: our_first_dag_v3.second_task scheduled__2023-08-21T00:00:00+00:00 [running]> on host 08735726aeda
[2023-11-30 13:33:00,311] {taskinstance.py:1431} INFO - Exporting the following env vars:
AIRFLOW_CTX_DAG_OWNER=Ali
AIRFLOW_CTX_DAG_ID=our_first_dag_v3
AIRFLOW_CTX_TASK_ID=second_task
AIRFLOW_CTX_EXECUTION_DATE=2023-08-21T00:00:00+00:00
AIRFLOW_CTX_DAG_RUN_ID=scheduled__2023-08-21T00:00:00+00:00
[2023-11-30 13:33:00,321] {subprocess.py:62} INFO - Tmp dir root location: 
 /tmp
[2023-11-30 13:33:00,323] {subprocess.py:74} INFO - Running command: ['bash', '-c', 'echo hello world, this is the second task!']
[2023-11-30 13:33:00,390] {subprocess.py:85} INFO - Output:
[2023-11-30 13:33:00,395] {subprocess.py:89} INFO - hello world, this is the second task!
[2023-11-30 13:33:00,406] {subprocess.py:93} INFO - Command exited with return code 0
[2023-11-30 13:33:00,771] {taskinstance.py:1282} INFO - Marking task as SUCCESS. dag_id=our_first_dag_v3, task_id=second_task, execution_date=20230821T000000, start_date=20231130T133259, end_date=20231130T133300
[2023-11-30 13:33:00,890] {local_task_job.py:154} INFO - Task exited with return code 0
[2023-11-30 13:33:01,086] {local_task_job.py:264} INFO - 0 downstream tasks scheduled from follow-on schedule check
