[2023-11-30 13:33:44,678] {taskinstance.py:1037} INFO - Dependencies all met for <TaskInstance: our_first_dag_v3.second_task scheduled__2023-10-24T00:00:00+00:00 [queued]>
[2023-11-30 13:33:44,693] {taskinstance.py:1037} INFO - Dependencies all met for <TaskInstance: our_first_dag_v3.second_task scheduled__2023-10-24T00:00:00+00:00 [queued]>
[2023-11-30 13:33:44,694] {taskinstance.py:1243} INFO - 
--------------------------------------------------------------------------------
[2023-11-30 13:33:44,694] {taskinstance.py:1244} INFO - Starting attempt 1 of 6
[2023-11-30 13:33:44,695] {taskinstance.py:1245} INFO - 
--------------------------------------------------------------------------------
[2023-11-30 13:33:44,722] {taskinstance.py:1264} INFO - Executing <Task(BashOperator): second_task> on 2023-10-24 00:00:00+00:00
[2023-11-30 13:33:44,727] {standard_task_runner.py:52} INFO - Started process 5996 to run task
[2023-11-30 13:33:44,734] {standard_task_runner.py:76} INFO - Running: ['***', 'tasks', 'run', 'our_first_dag_v3', 'second_task', 'scheduled__2023-10-24T00:00:00+00:00', '--job-id', '513', '--raw', '--subdir', 'DAGS_FOLDER/our_first_dag.py', '--cfg-path', '/tmp/tmpfvo8r92d', '--error-file', '/tmp/tmpm_i93lyb']
[2023-11-30 13:33:44,738] {standard_task_runner.py:77} INFO - Job 513: Subtask second_task
[2023-11-30 13:33:44,862] {logging_mixin.py:109} INFO - Running <TaskInstance: our_first_dag_v3.second_task scheduled__2023-10-24T00:00:00+00:00 [running]> on host 08735726aeda
[2023-11-30 13:33:45,026] {taskinstance.py:1431} INFO - Exporting the following env vars:
AIRFLOW_CTX_DAG_OWNER=Ali
AIRFLOW_CTX_DAG_ID=our_first_dag_v3
AIRFLOW_CTX_TASK_ID=second_task
AIRFLOW_CTX_EXECUTION_DATE=2023-10-24T00:00:00+00:00
AIRFLOW_CTX_DAG_RUN_ID=scheduled__2023-10-24T00:00:00+00:00
[2023-11-30 13:33:45,028] {subprocess.py:62} INFO - Tmp dir root location: 
 /tmp
[2023-11-30 13:33:45,045] {subprocess.py:74} INFO - Running command: ['bash', '-c', 'echo hello world, this is the second task!']
[2023-11-30 13:33:45,059] {subprocess.py:85} INFO - Output:
[2023-11-30 13:33:45,061] {subprocess.py:89} INFO - hello world, this is the second task!
[2023-11-30 13:33:45,062] {subprocess.py:93} INFO - Command exited with return code 0
[2023-11-30 13:33:45,146] {taskinstance.py:1282} INFO - Marking task as SUCCESS. dag_id=our_first_dag_v3, task_id=second_task, execution_date=20231024T000000, start_date=20231130T133344, end_date=20231130T133345
[2023-11-30 13:33:45,190] {local_task_job.py:154} INFO - Task exited with return code 0
[2023-11-30 13:33:45,252] {local_task_job.py:264} INFO - 0 downstream tasks scheduled from follow-on schedule check
