[2023-11-30 13:29:20,540] {taskinstance.py:1037} INFO - Dependencies all met for <TaskInstance: our_first_dag_v2.first_task scheduled__2023-10-09T00:00:00+00:00 [queued]>
[2023-11-30 13:29:20,555] {taskinstance.py:1037} INFO - Dependencies all met for <TaskInstance: our_first_dag_v2.first_task scheduled__2023-10-09T00:00:00+00:00 [queued]>
[2023-11-30 13:29:20,556] {taskinstance.py:1243} INFO - 
--------------------------------------------------------------------------------
[2023-11-30 13:29:20,556] {taskinstance.py:1244} INFO - Starting attempt 1 of 6
[2023-11-30 13:29:20,556] {taskinstance.py:1245} INFO - 
--------------------------------------------------------------------------------
[2023-11-30 13:29:20,575] {taskinstance.py:1264} INFO - Executing <Task(BashOperator): first_task> on 2023-10-09 00:00:00+00:00
[2023-11-30 13:29:20,580] {standard_task_runner.py:52} INFO - Started process 3293 to run task
[2023-11-30 13:29:20,584] {standard_task_runner.py:76} INFO - Running: ['***', 'tasks', 'run', 'our_first_dag_v2', 'first_task', 'scheduled__2023-10-09T00:00:00+00:00', '--job-id', '144', '--raw', '--subdir', 'DAGS_FOLDER/our_first_dag.py', '--cfg-path', '/tmp/tmp169887n3', '--error-file', '/tmp/tmpn0kl5rnl']
[2023-11-30 13:29:20,585] {standard_task_runner.py:77} INFO - Job 144: Subtask first_task
[2023-11-30 13:29:20,656] {logging_mixin.py:109} INFO - Running <TaskInstance: our_first_dag_v2.first_task scheduled__2023-10-09T00:00:00+00:00 [running]> on host 08735726aeda
[2023-11-30 13:29:20,751] {taskinstance.py:1431} INFO - Exporting the following env vars:
AIRFLOW_CTX_DAG_OWNER=Ali
AIRFLOW_CTX_DAG_ID=our_first_dag_v2
AIRFLOW_CTX_TASK_ID=first_task
AIRFLOW_CTX_EXECUTION_DATE=2023-10-09T00:00:00+00:00
AIRFLOW_CTX_DAG_RUN_ID=scheduled__2023-10-09T00:00:00+00:00
[2023-11-30 13:29:20,755] {subprocess.py:62} INFO - Tmp dir root location: 
 /tmp
[2023-11-30 13:29:20,756] {subprocess.py:74} INFO - Running command: ['bash', '-c', 'echo hello world, this is the first task!']
[2023-11-30 13:29:20,777] {subprocess.py:85} INFO - Output:
[2023-11-30 13:29:20,779] {subprocess.py:89} INFO - hello world, this is the first task!
[2023-11-30 13:29:20,780] {subprocess.py:93} INFO - Command exited with return code 0
[2023-11-30 13:29:20,975] {taskinstance.py:1282} INFO - Marking task as SUCCESS. dag_id=our_first_dag_v2, task_id=first_task, execution_date=20231009T000000, start_date=20231130T132920, end_date=20231130T132920
[2023-11-30 13:29:21,005] {local_task_job.py:154} INFO - Task exited with return code 0
[2023-11-30 13:29:21,065] {local_task_job.py:264} INFO - 1 downstream tasks scheduled from follow-on schedule check
