[2023-11-30 13:33:02,575] {taskinstance.py:1037} INFO - Dependencies all met for <TaskInstance: our_first_dag_v3.third_task scheduled__2023-08-25T00:00:00+00:00 [queued]>
[2023-11-30 13:33:02,619] {taskinstance.py:1037} INFO - Dependencies all met for <TaskInstance: our_first_dag_v3.third_task scheduled__2023-08-25T00:00:00+00:00 [queued]>
[2023-11-30 13:33:02,620] {taskinstance.py:1243} INFO - 
--------------------------------------------------------------------------------
[2023-11-30 13:33:02,620] {taskinstance.py:1244} INFO - Starting attempt 1 of 6
[2023-11-30 13:33:02,620] {taskinstance.py:1245} INFO - 
--------------------------------------------------------------------------------
[2023-11-30 13:33:02,696] {taskinstance.py:1264} INFO - Executing <Task(BashOperator): third_task> on 2023-08-25 00:00:00+00:00
[2023-11-30 13:33:02,714] {standard_task_runner.py:52} INFO - Started process 5234 to run task
[2023-11-30 13:33:02,740] {standard_task_runner.py:76} INFO - Running: ['***', 'tasks', 'run', 'our_first_dag_v3', 'third_task', 'scheduled__2023-08-25T00:00:00+00:00', '--job-id', '335', '--raw', '--subdir', 'DAGS_FOLDER/our_first_dag.py', '--cfg-path', '/tmp/tmpn3g1wqs3', '--error-file', '/tmp/tmpzxulnh70']
[2023-11-30 13:33:02,741] {standard_task_runner.py:77} INFO - Job 335: Subtask third_task
[2023-11-30 13:33:03,032] {logging_mixin.py:109} INFO - Running <TaskInstance: our_first_dag_v3.third_task scheduled__2023-08-25T00:00:00+00:00 [running]> on host 08735726aeda
[2023-11-30 13:33:03,294] {taskinstance.py:1431} INFO - Exporting the following env vars:
AIRFLOW_CTX_DAG_OWNER=Ali
AIRFLOW_CTX_DAG_ID=our_first_dag_v3
AIRFLOW_CTX_TASK_ID=third_task
AIRFLOW_CTX_EXECUTION_DATE=2023-08-25T00:00:00+00:00
AIRFLOW_CTX_DAG_RUN_ID=scheduled__2023-08-25T00:00:00+00:00
[2023-11-30 13:33:03,295] {subprocess.py:62} INFO - Tmp dir root location: 
 /tmp
[2023-11-30 13:33:03,296] {subprocess.py:74} INFO - Running command: ['bash', '-c', 'echo hello world, this is the third task!']
[2023-11-30 13:33:03,316] {subprocess.py:85} INFO - Output:
[2023-11-30 13:33:03,320] {subprocess.py:89} INFO - hello world, this is the third task!
[2023-11-30 13:33:03,328] {subprocess.py:93} INFO - Command exited with return code 0
[2023-11-30 13:33:03,440] {taskinstance.py:1282} INFO - Marking task as SUCCESS. dag_id=our_first_dag_v3, task_id=third_task, execution_date=20230825T000000, start_date=20231130T133302, end_date=20231130T133303
[2023-11-30 13:33:03,505] {local_task_job.py:154} INFO - Task exited with return code 0
[2023-11-30 13:33:03,645] {local_task_job.py:264} INFO - 0 downstream tasks scheduled from follow-on schedule check
