[2023-11-30 13:32:19,586] {taskinstance.py:1037} INFO - Dependencies all met for <TaskInstance: our_first_dag_v3.third_task scheduled__2023-08-05T00:00:00+00:00 [queued]>
[2023-11-30 13:32:19,620] {taskinstance.py:1037} INFO - Dependencies all met for <TaskInstance: our_first_dag_v3.third_task scheduled__2023-08-05T00:00:00+00:00 [queued]>
[2023-11-30 13:32:19,621] {taskinstance.py:1243} INFO - 
--------------------------------------------------------------------------------
[2023-11-30 13:32:19,621] {taskinstance.py:1244} INFO - Starting attempt 1 of 6
[2023-11-30 13:32:19,621] {taskinstance.py:1245} INFO - 
--------------------------------------------------------------------------------
[2023-11-30 13:32:19,671] {taskinstance.py:1264} INFO - Executing <Task(BashOperator): third_task> on 2023-08-05 00:00:00+00:00
[2023-11-30 13:32:19,677] {standard_task_runner.py:52} INFO - Started process 4757 to run task
[2023-11-30 13:32:19,686] {standard_task_runner.py:76} INFO - Running: ['***', 'tasks', 'run', 'our_first_dag_v3', 'third_task', 'scheduled__2023-08-05T00:00:00+00:00', '--job-id', '271', '--raw', '--subdir', 'DAGS_FOLDER/our_first_dag.py', '--cfg-path', '/tmp/tmpgn7zrat6', '--error-file', '/tmp/tmpf1fm658w']
[2023-11-30 13:32:19,689] {standard_task_runner.py:77} INFO - Job 271: Subtask third_task
[2023-11-30 13:32:19,980] {logging_mixin.py:109} INFO - Running <TaskInstance: our_first_dag_v3.third_task scheduled__2023-08-05T00:00:00+00:00 [running]> on host 08735726aeda
[2023-11-30 13:32:20,214] {taskinstance.py:1431} INFO - Exporting the following env vars:
AIRFLOW_CTX_DAG_OWNER=Ali
AIRFLOW_CTX_DAG_ID=our_first_dag_v3
AIRFLOW_CTX_TASK_ID=third_task
AIRFLOW_CTX_EXECUTION_DATE=2023-08-05T00:00:00+00:00
AIRFLOW_CTX_DAG_RUN_ID=scheduled__2023-08-05T00:00:00+00:00
[2023-11-30 13:32:20,218] {subprocess.py:62} INFO - Tmp dir root location: 
 /tmp
[2023-11-30 13:32:20,219] {subprocess.py:74} INFO - Running command: ['bash', '-c', 'echo hello world, this is the third task!']
[2023-11-30 13:32:20,241] {subprocess.py:85} INFO - Output:
[2023-11-30 13:32:20,244] {subprocess.py:89} INFO - hello world, this is the third task!
[2023-11-30 13:32:20,245] {subprocess.py:93} INFO - Command exited with return code 0
[2023-11-30 13:32:20,458] {taskinstance.py:1282} INFO - Marking task as SUCCESS. dag_id=our_first_dag_v3, task_id=third_task, execution_date=20230805T000000, start_date=20231130T133219, end_date=20231130T133220
[2023-11-30 13:32:20,539] {local_task_job.py:154} INFO - Task exited with return code 0
[2023-11-30 13:32:20,676] {local_task_job.py:264} INFO - 0 downstream tasks scheduled from follow-on schedule check
