[2023-12-04 13:36:35,334] {taskinstance.py:1037} INFO - Dependencies all met for <TaskInstance: dag_with_taskflow_api.greet scheduled__2022-06-08T00:00:00+00:00 [queued]>
[2023-12-04 13:36:35,357] {taskinstance.py:1037} INFO - Dependencies all met for <TaskInstance: dag_with_taskflow_api.greet scheduled__2022-06-08T00:00:00+00:00 [queued]>
[2023-12-04 13:36:35,358] {taskinstance.py:1243} INFO - 
--------------------------------------------------------------------------------
[2023-12-04 13:36:35,359] {taskinstance.py:1244} INFO - Starting attempt 1 of 6
[2023-12-04 13:36:35,359] {taskinstance.py:1245} INFO - 
--------------------------------------------------------------------------------
[2023-12-04 13:36:35,406] {taskinstance.py:1264} INFO - Executing <Task(_PythonDecoratedOperator): greet> on 2022-06-08 00:00:00+00:00
[2023-12-04 13:36:35,410] {standard_task_runner.py:52} INFO - Started process 8303 to run task
[2023-12-04 13:36:35,420] {standard_task_runner.py:76} INFO - Running: ['***', 'tasks', 'run', 'dag_with_taskflow_api', 'greet', 'scheduled__2022-06-08T00:00:00+00:00', '--job-id', '554', '--raw', '--subdir', 'DAGS_FOLDER/dag_with_taskflow_api.py', '--cfg-path', '/tmp/tmp0y1u9d2g', '--error-file', '/tmp/tmp_3rlt6p1']
[2023-12-04 13:36:35,421] {standard_task_runner.py:77} INFO - Job 554: Subtask greet
[2023-12-04 13:36:35,679] {logging_mixin.py:109} INFO - Running <TaskInstance: dag_with_taskflow_api.greet scheduled__2022-06-08T00:00:00+00:00 [running]> on host 9953e82db65e
[2023-12-04 13:36:35,916] {taskinstance.py:1431} INFO - Exporting the following env vars:
AIRFLOW_CTX_DAG_OWNER=Ali
AIRFLOW_CTX_DAG_ID=dag_with_taskflow_api
AIRFLOW_CTX_TASK_ID=greet
AIRFLOW_CTX_EXECUTION_DATE=2022-06-08T00:00:00+00:00
AIRFLOW_CTX_DAG_RUN_ID=scheduled__2022-06-08T00:00:00+00:00
[2023-12-04 13:36:35,917] {logging_mixin.py:109} INFO - Hello World! My name is Ali and I am 30 years old
[2023-12-04 13:36:35,920] {python.py:175} INFO - Done. Returned value was: None
[2023-12-04 13:36:35,980] {taskinstance.py:1282} INFO - Marking task as SUCCESS. dag_id=dag_with_taskflow_api, task_id=greet, execution_date=20220608T000000, start_date=20231204T133635, end_date=20231204T133635
[2023-12-04 13:36:36,032] {local_task_job.py:154} INFO - Task exited with return code 0
[2023-12-04 13:36:36,112] {local_task_job.py:264} INFO - 0 downstream tasks scheduled from follow-on schedule check
