[2023-11-30 13:29:15,044] {taskinstance.py:1037} INFO - Dependencies all met for <TaskInstance: our_first_dag_v2.second_task scheduled__2023-09-30T00:00:00+00:00 [queued]>
[2023-11-30 13:29:15,080] {taskinstance.py:1037} INFO - Dependencies all met for <TaskInstance: our_first_dag_v2.second_task scheduled__2023-09-30T00:00:00+00:00 [queued]>
[2023-11-30 13:29:15,080] {taskinstance.py:1243} INFO - 
--------------------------------------------------------------------------------
[2023-11-30 13:29:15,080] {taskinstance.py:1244} INFO - Starting attempt 1 of 6
[2023-11-30 13:29:15,080] {taskinstance.py:1245} INFO - 
--------------------------------------------------------------------------------
[2023-11-30 13:29:15,130] {taskinstance.py:1264} INFO - Executing <Task(BashOperator): second_task> on 2023-09-30 00:00:00+00:00
[2023-11-30 13:29:15,144] {standard_task_runner.py:52} INFO - Started process 3210 to run task
[2023-11-30 13:29:15,159] {standard_task_runner.py:76} INFO - Running: ['***', 'tasks', 'run', 'our_first_dag_v2', 'second_task', 'scheduled__2023-09-30T00:00:00+00:00', '--job-id', '131', '--raw', '--subdir', 'DAGS_FOLDER/our_first_dag.py', '--cfg-path', '/tmp/tmpgcz3ikpg', '--error-file', '/tmp/tmpld_xashz']
[2023-11-30 13:29:15,160] {standard_task_runner.py:77} INFO - Job 131: Subtask second_task
[2023-11-30 13:29:15,327] {logging_mixin.py:109} INFO - Running <TaskInstance: our_first_dag_v2.second_task scheduled__2023-09-30T00:00:00+00:00 [running]> on host 08735726aeda
[2023-11-30 13:29:15,449] {taskinstance.py:1431} INFO - Exporting the following env vars:
AIRFLOW_CTX_DAG_OWNER=Ali
AIRFLOW_CTX_DAG_ID=our_first_dag_v2
AIRFLOW_CTX_TASK_ID=second_task
AIRFLOW_CTX_EXECUTION_DATE=2023-09-30T00:00:00+00:00
AIRFLOW_CTX_DAG_RUN_ID=scheduled__2023-09-30T00:00:00+00:00
[2023-11-30 13:29:15,450] {subprocess.py:62} INFO - Tmp dir root location: 
 /tmp
[2023-11-30 13:29:15,451] {subprocess.py:74} INFO - Running command: ['bash', '-c', 'echo hello world, this is the second task!']
[2023-11-30 13:29:15,465] {subprocess.py:85} INFO - Output:
[2023-11-30 13:29:15,467] {subprocess.py:89} INFO - hello world, this is the second task!
[2023-11-30 13:29:15,468] {subprocess.py:93} INFO - Command exited with return code 0
[2023-11-30 13:29:15,528] {taskinstance.py:1282} INFO - Marking task as SUCCESS. dag_id=our_first_dag_v2, task_id=second_task, execution_date=20230930T000000, start_date=20231130T132915, end_date=20231130T132915
[2023-11-30 13:29:15,579] {local_task_job.py:154} INFO - Task exited with return code 0
[2023-11-30 13:29:15,644] {local_task_job.py:264} INFO - 0 downstream tasks scheduled from follow-on schedule check
