[2023-12-04 13:36:41,869] {taskinstance.py:1037} INFO - Dependencies all met for <TaskInstance: dag_with_taskflow_api.get_name scheduled__2022-06-22T00:00:00+00:00 [queued]>
[2023-12-04 13:36:41,883] {taskinstance.py:1037} INFO - Dependencies all met for <TaskInstance: dag_with_taskflow_api.get_name scheduled__2022-06-22T00:00:00+00:00 [queued]>
[2023-12-04 13:36:41,884] {taskinstance.py:1243} INFO - 
--------------------------------------------------------------------------------
[2023-12-04 13:36:41,884] {taskinstance.py:1244} INFO - Starting attempt 1 of 6
[2023-12-04 13:36:41,884] {taskinstance.py:1245} INFO - 
--------------------------------------------------------------------------------
[2023-12-04 13:36:41,898] {taskinstance.py:1264} INFO - Executing <Task(_PythonDecoratedOperator): get_name> on 2022-06-22 00:00:00+00:00
[2023-12-04 13:36:41,903] {standard_task_runner.py:52} INFO - Started process 8363 to run task
[2023-12-04 13:36:41,935] {standard_task_runner.py:76} INFO - Running: ['***', 'tasks', 'run', 'dag_with_taskflow_api', 'get_name', 'scheduled__2022-06-22T00:00:00+00:00', '--job-id', '583', '--raw', '--subdir', 'DAGS_FOLDER/dag_with_taskflow_api.py', '--cfg-path', '/tmp/tmpnahmlvwc', '--error-file', '/tmp/tmpaf9b_8qx']
[2023-12-04 13:36:41,937] {standard_task_runner.py:77} INFO - Job 583: Subtask get_name
[2023-12-04 13:36:42,058] {logging_mixin.py:109} INFO - Running <TaskInstance: dag_with_taskflow_api.get_name scheduled__2022-06-22T00:00:00+00:00 [running]> on host 9953e82db65e
[2023-12-04 13:36:42,168] {taskinstance.py:1431} INFO - Exporting the following env vars:
AIRFLOW_CTX_DAG_OWNER=Ali
AIRFLOW_CTX_DAG_ID=dag_with_taskflow_api
AIRFLOW_CTX_TASK_ID=get_name
AIRFLOW_CTX_EXECUTION_DATE=2022-06-22T00:00:00+00:00
AIRFLOW_CTX_DAG_RUN_ID=scheduled__2022-06-22T00:00:00+00:00
[2023-12-04 13:36:42,169] {python.py:175} INFO - Done. Returned value was: Ali
[2023-12-04 13:36:42,199] {taskinstance.py:1282} INFO - Marking task as SUCCESS. dag_id=dag_with_taskflow_api, task_id=get_name, execution_date=20220622T000000, start_date=20231204T133641, end_date=20231204T133642
[2023-12-04 13:36:42,261] {local_task_job.py:154} INFO - Task exited with return code 0
[2023-12-04 13:36:42,329] {local_task_job.py:264} INFO - 1 downstream tasks scheduled from follow-on schedule check
