[2023-11-30 13:33:22,902] {taskinstance.py:1037} INFO - Dependencies all met for <TaskInstance: our_first_dag_v3.first_task scheduled__2023-09-26T00:00:00+00:00 [queued]>
[2023-11-30 13:33:22,918] {taskinstance.py:1037} INFO - Dependencies all met for <TaskInstance: our_first_dag_v3.first_task scheduled__2023-09-26T00:00:00+00:00 [queued]>
[2023-11-30 13:33:22,919] {taskinstance.py:1243} INFO - 
--------------------------------------------------------------------------------
[2023-11-30 13:33:22,919] {taskinstance.py:1244} INFO - Starting attempt 1 of 6
[2023-11-30 13:33:22,919] {taskinstance.py:1245} INFO - 
--------------------------------------------------------------------------------
[2023-11-30 13:33:22,958] {taskinstance.py:1264} INFO - Executing <Task(BashOperator): first_task> on 2023-09-26 00:00:00+00:00
[2023-11-30 13:33:22,963] {standard_task_runner.py:52} INFO - Started process 5581 to run task
[2023-11-30 13:33:22,968] {standard_task_runner.py:76} INFO - Running: ['***', 'tasks', 'run', 'our_first_dag_v3', 'first_task', 'scheduled__2023-09-26T00:00:00+00:00', '--job-id', '417', '--raw', '--subdir', 'DAGS_FOLDER/our_first_dag.py', '--cfg-path', '/tmp/tmp9cu_iz_8', '--error-file', '/tmp/tmpvz3ggv0d']
[2023-11-30 13:33:22,970] {standard_task_runner.py:77} INFO - Job 417: Subtask first_task
[2023-11-30 13:33:23,119] {logging_mixin.py:109} INFO - Running <TaskInstance: our_first_dag_v3.first_task scheduled__2023-09-26T00:00:00+00:00 [running]> on host 08735726aeda
[2023-11-30 13:33:23,251] {taskinstance.py:1431} INFO - Exporting the following env vars:
AIRFLOW_CTX_DAG_OWNER=Ali
AIRFLOW_CTX_DAG_ID=our_first_dag_v3
AIRFLOW_CTX_TASK_ID=first_task
AIRFLOW_CTX_EXECUTION_DATE=2023-09-26T00:00:00+00:00
AIRFLOW_CTX_DAG_RUN_ID=scheduled__2023-09-26T00:00:00+00:00
[2023-11-30 13:33:23,252] {subprocess.py:62} INFO - Tmp dir root location: 
 /tmp
[2023-11-30 13:33:23,253] {subprocess.py:74} INFO - Running command: ['bash', '-c', 'echo hello world, this is the first task!']
[2023-11-30 13:33:23,273] {subprocess.py:85} INFO - Output:
[2023-11-30 13:33:23,275] {subprocess.py:89} INFO - hello world, this is the first task!
[2023-11-30 13:33:23,276] {subprocess.py:93} INFO - Command exited with return code 0
[2023-11-30 13:33:23,355] {taskinstance.py:1282} INFO - Marking task as SUCCESS. dag_id=our_first_dag_v3, task_id=first_task, execution_date=20230926T000000, start_date=20231130T133322, end_date=20231130T133323
[2023-11-30 13:33:23,478] {local_task_job.py:154} INFO - Task exited with return code 0
[2023-11-30 13:33:23,614] {local_task_job.py:264} INFO - 2 downstream tasks scheduled from follow-on schedule check
