[2023-12-04 13:35:42,625] {taskinstance.py:1037} INFO - Dependencies all met for <TaskInstance: dag_with_taskflow_api.get_name scheduled__2022-03-25T00:00:00+00:00 [queued]>
[2023-12-04 13:35:42,642] {taskinstance.py:1037} INFO - Dependencies all met for <TaskInstance: dag_with_taskflow_api.get_name scheduled__2022-03-25T00:00:00+00:00 [queued]>
[2023-12-04 13:35:42,643] {taskinstance.py:1243} INFO - 
--------------------------------------------------------------------------------
[2023-12-04 13:35:42,643] {taskinstance.py:1244} INFO - Starting attempt 1 of 6
[2023-12-04 13:35:42,643] {taskinstance.py:1245} INFO - 
--------------------------------------------------------------------------------
[2023-12-04 13:35:42,664] {taskinstance.py:1264} INFO - Executing <Task(_PythonDecoratedOperator): get_name> on 2022-03-25 00:00:00+00:00
[2023-12-04 13:35:42,669] {standard_task_runner.py:52} INFO - Started process 7767 to run task
[2023-12-04 13:35:42,673] {standard_task_runner.py:76} INFO - Running: ['***', 'tasks', 'run', 'dag_with_taskflow_api', 'get_name', 'scheduled__2022-03-25T00:00:00+00:00', '--job-id', '319', '--raw', '--subdir', 'DAGS_FOLDER/dag_with_taskflow_api.py', '--cfg-path', '/tmp/tmp8k9pv59_', '--error-file', '/tmp/tmpaqwfrg0d']
[2023-12-04 13:35:42,675] {standard_task_runner.py:77} INFO - Job 319: Subtask get_name
[2023-12-04 13:35:42,756] {logging_mixin.py:109} INFO - Running <TaskInstance: dag_with_taskflow_api.get_name scheduled__2022-03-25T00:00:00+00:00 [running]> on host 9953e82db65e
[2023-12-04 13:35:42,851] {taskinstance.py:1431} INFO - Exporting the following env vars:
AIRFLOW_CTX_DAG_OWNER=Ali
AIRFLOW_CTX_DAG_ID=dag_with_taskflow_api
AIRFLOW_CTX_TASK_ID=get_name
AIRFLOW_CTX_EXECUTION_DATE=2022-03-25T00:00:00+00:00
AIRFLOW_CTX_DAG_RUN_ID=scheduled__2022-03-25T00:00:00+00:00
[2023-12-04 13:35:42,855] {python.py:175} INFO - Done. Returned value was: Ali
[2023-12-04 13:35:42,897] {taskinstance.py:1282} INFO - Marking task as SUCCESS. dag_id=dag_with_taskflow_api, task_id=get_name, execution_date=20220325T000000, start_date=20231204T133542, end_date=20231204T133542
[2023-12-04 13:35:42,968] {local_task_job.py:154} INFO - Task exited with return code 0
[2023-12-04 13:35:43,108] {local_task_job.py:264} INFO - 0 downstream tasks scheduled from follow-on schedule check
