[2023-11-30 13:28:54,407] {taskinstance.py:1037} INFO - Dependencies all met for <TaskInstance: our_first_dag_v2.first_task scheduled__2023-08-31T00:00:00+00:00 [queued]>
[2023-11-30 13:28:54,421] {taskinstance.py:1037} INFO - Dependencies all met for <TaskInstance: our_first_dag_v2.first_task scheduled__2023-08-31T00:00:00+00:00 [queued]>
[2023-11-30 13:28:54,422] {taskinstance.py:1243} INFO - 
--------------------------------------------------------------------------------
[2023-11-30 13:28:54,422] {taskinstance.py:1244} INFO - Starting attempt 1 of 6
[2023-11-30 13:28:54,422] {taskinstance.py:1245} INFO - 
--------------------------------------------------------------------------------
[2023-11-30 13:28:54,452] {taskinstance.py:1264} INFO - Executing <Task(BashOperator): first_task> on 2023-08-31 00:00:00+00:00
[2023-11-30 13:28:54,464] {standard_task_runner.py:52} INFO - Started process 2892 to run task
[2023-11-30 13:28:54,470] {standard_task_runner.py:76} INFO - Running: ['***', 'tasks', 'run', 'our_first_dag_v2', 'first_task', 'scheduled__2023-08-31T00:00:00+00:00', '--job-id', '63', '--raw', '--subdir', 'DAGS_FOLDER/our_first_dag.py', '--cfg-path', '/tmp/tmpgxxzd4og', '--error-file', '/tmp/tmp562s7631']
[2023-11-30 13:28:54,471] {standard_task_runner.py:77} INFO - Job 63: Subtask first_task
[2023-11-30 13:28:54,600] {logging_mixin.py:109} INFO - Running <TaskInstance: our_first_dag_v2.first_task scheduled__2023-08-31T00:00:00+00:00 [running]> on host 08735726aeda
[2023-11-30 13:28:54,711] {taskinstance.py:1431} INFO - Exporting the following env vars:
AIRFLOW_CTX_DAG_OWNER=Ali
AIRFLOW_CTX_DAG_ID=our_first_dag_v2
AIRFLOW_CTX_TASK_ID=first_task
AIRFLOW_CTX_EXECUTION_DATE=2023-08-31T00:00:00+00:00
AIRFLOW_CTX_DAG_RUN_ID=scheduled__2023-08-31T00:00:00+00:00
[2023-11-30 13:28:54,712] {subprocess.py:62} INFO - Tmp dir root location: 
 /tmp
[2023-11-30 13:28:54,713] {subprocess.py:74} INFO - Running command: ['bash', '-c', 'echo hello world, this is the first task!']
[2023-11-30 13:28:54,724] {subprocess.py:85} INFO - Output:
[2023-11-30 13:28:54,729] {subprocess.py:89} INFO - hello world, this is the first task!
[2023-11-30 13:28:54,730] {subprocess.py:93} INFO - Command exited with return code 0
[2023-11-30 13:28:54,784] {taskinstance.py:1282} INFO - Marking task as SUCCESS. dag_id=our_first_dag_v2, task_id=first_task, execution_date=20230831T000000, start_date=20231130T132854, end_date=20231130T132854
[2023-11-30 13:28:54,825] {local_task_job.py:154} INFO - Task exited with return code 0
[2023-11-30 13:28:54,908] {local_task_job.py:264} INFO - 1 downstream tasks scheduled from follow-on schedule check
