[2023-11-30 13:29:06,204] {taskinstance.py:1037} INFO - Dependencies all met for <TaskInstance: our_first_dag_v2.first_task scheduled__2023-09-21T00:00:00+00:00 [queued]>
[2023-11-30 13:29:06,222] {taskinstance.py:1037} INFO - Dependencies all met for <TaskInstance: our_first_dag_v2.first_task scheduled__2023-09-21T00:00:00+00:00 [queued]>
[2023-11-30 13:29:06,222] {taskinstance.py:1243} INFO - 
--------------------------------------------------------------------------------
[2023-11-30 13:29:06,223] {taskinstance.py:1244} INFO - Starting attempt 1 of 6
[2023-11-30 13:29:06,223] {taskinstance.py:1245} INFO - 
--------------------------------------------------------------------------------
[2023-11-30 13:29:06,245] {taskinstance.py:1264} INFO - Executing <Task(BashOperator): first_task> on 2023-09-21 00:00:00+00:00
[2023-11-30 13:29:06,249] {standard_task_runner.py:52} INFO - Started process 3066 to run task
[2023-11-30 13:29:06,254] {standard_task_runner.py:76} INFO - Running: ['***', 'tasks', 'run', 'our_first_dag_v2', 'first_task', 'scheduled__2023-09-21T00:00:00+00:00', '--job-id', '104', '--raw', '--subdir', 'DAGS_FOLDER/our_first_dag.py', '--cfg-path', '/tmp/tmph9jthked', '--error-file', '/tmp/tmpqqf618ei']
[2023-11-30 13:29:06,256] {standard_task_runner.py:77} INFO - Job 104: Subtask first_task
[2023-11-30 13:29:06,351] {logging_mixin.py:109} INFO - Running <TaskInstance: our_first_dag_v2.first_task scheduled__2023-09-21T00:00:00+00:00 [running]> on host 08735726aeda
[2023-11-30 13:29:06,433] {taskinstance.py:1431} INFO - Exporting the following env vars:
AIRFLOW_CTX_DAG_OWNER=Ali
AIRFLOW_CTX_DAG_ID=our_first_dag_v2
AIRFLOW_CTX_TASK_ID=first_task
AIRFLOW_CTX_EXECUTION_DATE=2023-09-21T00:00:00+00:00
AIRFLOW_CTX_DAG_RUN_ID=scheduled__2023-09-21T00:00:00+00:00
[2023-11-30 13:29:06,434] {subprocess.py:62} INFO - Tmp dir root location: 
 /tmp
[2023-11-30 13:29:06,435] {subprocess.py:74} INFO - Running command: ['bash', '-c', 'echo hello world, this is the first task!']
[2023-11-30 13:29:06,460] {subprocess.py:85} INFO - Output:
[2023-11-30 13:29:06,469] {subprocess.py:89} INFO - hello world, this is the first task!
[2023-11-30 13:29:06,470] {subprocess.py:93} INFO - Command exited with return code 0
[2023-11-30 13:29:06,532] {taskinstance.py:1282} INFO - Marking task as SUCCESS. dag_id=our_first_dag_v2, task_id=first_task, execution_date=20230921T000000, start_date=20231130T132906, end_date=20231130T132906
[2023-11-30 13:29:06,599] {local_task_job.py:154} INFO - Task exited with return code 0
[2023-11-30 13:29:06,881] {local_task_job.py:264} INFO - 0 downstream tasks scheduled from follow-on schedule check
