[2023-11-30 12:35:50,566] {taskinstance.py:1037} INFO - Dependencies all met for <TaskInstance: our_first_dag.first_task scheduled__2023-09-14T00:00:00+00:00 [queued]>
[2023-11-30 12:35:50,584] {taskinstance.py:1037} INFO - Dependencies all met for <TaskInstance: our_first_dag.first_task scheduled__2023-09-14T00:00:00+00:00 [queued]>
[2023-11-30 12:35:50,584] {taskinstance.py:1243} INFO - 
--------------------------------------------------------------------------------
[2023-11-30 12:35:50,584] {taskinstance.py:1244} INFO - Starting attempt 1 of 6
[2023-11-30 12:35:50,584] {taskinstance.py:1245} INFO - 
--------------------------------------------------------------------------------
[2023-11-30 12:35:50,603] {taskinstance.py:1264} INFO - Executing <Task(BashOperator): first_task> on 2023-09-14 00:00:00+00:00
[2023-11-30 12:35:50,608] {standard_task_runner.py:52} INFO - Started process 84408 to run task
[2023-11-30 12:35:50,614] {standard_task_runner.py:76} INFO - Running: ['***', 'tasks', 'run', 'our_first_dag', 'first_task', 'scheduled__2023-09-14T00:00:00+00:00', '--job-id', '65', '--raw', '--subdir', 'DAGS_FOLDER/our_first_dag.py', '--cfg-path', '/tmp/tmp5c0_tm_v', '--error-file', '/tmp/tmptw0iqtwn']
[2023-11-30 12:35:50,616] {standard_task_runner.py:77} INFO - Job 65: Subtask first_task
[2023-11-30 12:35:50,713] {logging_mixin.py:109} INFO - Running <TaskInstance: our_first_dag.first_task scheduled__2023-09-14T00:00:00+00:00 [running]> on host 6a46d673723a
[2023-11-30 12:35:50,823] {taskinstance.py:1431} INFO - Exporting the following env vars:
AIRFLOW_CTX_DAG_OWNER=Ali
AIRFLOW_CTX_DAG_ID=our_first_dag
AIRFLOW_CTX_TASK_ID=first_task
AIRFLOW_CTX_EXECUTION_DATE=2023-09-14T00:00:00+00:00
AIRFLOW_CTX_DAG_RUN_ID=scheduled__2023-09-14T00:00:00+00:00
[2023-11-30 12:35:50,824] {subprocess.py:62} INFO - Tmp dir root location: 
 /tmp
[2023-11-30 12:35:50,825] {subprocess.py:74} INFO - Running command: ['bash', '-c', 'echo hello world, this is the first task!']
[2023-11-30 12:35:50,836] {subprocess.py:85} INFO - Output:
[2023-11-30 12:35:50,839] {subprocess.py:89} INFO - hello world, this is the first task!
[2023-11-30 12:35:50,839] {subprocess.py:93} INFO - Command exited with return code 0
[2023-11-30 12:35:50,878] {taskinstance.py:1282} INFO - Marking task as SUCCESS. dag_id=our_first_dag, task_id=first_task, execution_date=20230914T000000, start_date=20231130T123550, end_date=20231130T123550
[2023-11-30 12:35:50,909] {local_task_job.py:154} INFO - Task exited with return code 0
[2023-11-30 12:35:50,946] {local_task_job.py:264} INFO - 0 downstream tasks scheduled from follow-on schedule check
