[2023-11-30 12:35:50,269] {taskinstance.py:1037} INFO - Dependencies all met for <TaskInstance: our_first_dag.first_task scheduled__2023-09-13T00:00:00+00:00 [queued]>
[2023-11-30 12:35:50,287] {taskinstance.py:1037} INFO - Dependencies all met for <TaskInstance: our_first_dag.first_task scheduled__2023-09-13T00:00:00+00:00 [queued]>
[2023-11-30 12:35:50,288] {taskinstance.py:1243} INFO - 
--------------------------------------------------------------------------------
[2023-11-30 12:35:50,288] {taskinstance.py:1244} INFO - Starting attempt 1 of 6
[2023-11-30 12:35:50,288] {taskinstance.py:1245} INFO - 
--------------------------------------------------------------------------------
[2023-11-30 12:35:50,330] {taskinstance.py:1264} INFO - Executing <Task(BashOperator): first_task> on 2023-09-13 00:00:00+00:00
[2023-11-30 12:35:50,345] {standard_task_runner.py:52} INFO - Started process 84406 to run task
[2023-11-30 12:35:50,357] {standard_task_runner.py:76} INFO - Running: ['***', 'tasks', 'run', 'our_first_dag', 'first_task', 'scheduled__2023-09-13T00:00:00+00:00', '--job-id', '64', '--raw', '--subdir', 'DAGS_FOLDER/our_first_dag.py', '--cfg-path', '/tmp/tmp2ccfc5gx', '--error-file', '/tmp/tmp97wh_bom']
[2023-11-30 12:35:50,358] {standard_task_runner.py:77} INFO - Job 64: Subtask first_task
[2023-11-30 12:35:50,498] {logging_mixin.py:109} INFO - Running <TaskInstance: our_first_dag.first_task scheduled__2023-09-13T00:00:00+00:00 [running]> on host 6a46d673723a
[2023-11-30 12:35:50,592] {taskinstance.py:1431} INFO - Exporting the following env vars:
AIRFLOW_CTX_DAG_OWNER=Ali
AIRFLOW_CTX_DAG_ID=our_first_dag
AIRFLOW_CTX_TASK_ID=first_task
AIRFLOW_CTX_EXECUTION_DATE=2023-09-13T00:00:00+00:00
AIRFLOW_CTX_DAG_RUN_ID=scheduled__2023-09-13T00:00:00+00:00
[2023-11-30 12:35:50,593] {subprocess.py:62} INFO - Tmp dir root location: 
 /tmp
[2023-11-30 12:35:50,594] {subprocess.py:74} INFO - Running command: ['bash', '-c', 'echo hello world, this is the first task!']
[2023-11-30 12:35:50,606] {subprocess.py:85} INFO - Output:
[2023-11-30 12:35:50,609] {subprocess.py:89} INFO - hello world, this is the first task!
[2023-11-30 12:35:50,609] {subprocess.py:93} INFO - Command exited with return code 0
[2023-11-30 12:35:50,650] {taskinstance.py:1282} INFO - Marking task as SUCCESS. dag_id=our_first_dag, task_id=first_task, execution_date=20230913T000000, start_date=20231130T123550, end_date=20231130T123550
[2023-11-30 12:35:50,686] {local_task_job.py:154} INFO - Task exited with return code 0
[2023-11-30 12:35:50,751] {local_task_job.py:264} INFO - 0 downstream tasks scheduled from follow-on schedule check
