[2023-11-30 13:29:07,259] {taskinstance.py:1037} INFO - Dependencies all met for <TaskInstance: our_first_dag_v2.second_task scheduled__2023-09-18T00:00:00+00:00 [queued]>
[2023-11-30 13:29:07,274] {taskinstance.py:1037} INFO - Dependencies all met for <TaskInstance: our_first_dag_v2.second_task scheduled__2023-09-18T00:00:00+00:00 [queued]>
[2023-11-30 13:29:07,274] {taskinstance.py:1243} INFO - 
--------------------------------------------------------------------------------
[2023-11-30 13:29:07,274] {taskinstance.py:1244} INFO - Starting attempt 1 of 6
[2023-11-30 13:29:07,275] {taskinstance.py:1245} INFO - 
--------------------------------------------------------------------------------
[2023-11-30 13:29:07,299] {taskinstance.py:1264} INFO - Executing <Task(BashOperator): second_task> on 2023-09-18 00:00:00+00:00
[2023-11-30 13:29:07,304] {standard_task_runner.py:52} INFO - Started process 3086 to run task
[2023-11-30 13:29:07,310] {standard_task_runner.py:76} INFO - Running: ['***', 'tasks', 'run', 'our_first_dag_v2', 'second_task', 'scheduled__2023-09-18T00:00:00+00:00', '--job-id', '110', '--raw', '--subdir', 'DAGS_FOLDER/our_first_dag.py', '--cfg-path', '/tmp/tmpe3ub63xg', '--error-file', '/tmp/tmpmvim6x79']
[2023-11-30 13:29:07,312] {standard_task_runner.py:77} INFO - Job 110: Subtask second_task
[2023-11-30 13:29:07,453] {logging_mixin.py:109} INFO - Running <TaskInstance: our_first_dag_v2.second_task scheduled__2023-09-18T00:00:00+00:00 [running]> on host 08735726aeda
[2023-11-30 13:29:07,588] {taskinstance.py:1431} INFO - Exporting the following env vars:
AIRFLOW_CTX_DAG_OWNER=Ali
AIRFLOW_CTX_DAG_ID=our_first_dag_v2
AIRFLOW_CTX_TASK_ID=second_task
AIRFLOW_CTX_EXECUTION_DATE=2023-09-18T00:00:00+00:00
AIRFLOW_CTX_DAG_RUN_ID=scheduled__2023-09-18T00:00:00+00:00
[2023-11-30 13:29:07,590] {subprocess.py:62} INFO - Tmp dir root location: 
 /tmp
[2023-11-30 13:29:07,590] {subprocess.py:74} INFO - Running command: ['bash', '-c', 'echo hello world, this is the second task!']
[2023-11-30 13:29:07,603] {subprocess.py:85} INFO - Output:
[2023-11-30 13:29:07,604] {subprocess.py:89} INFO - hello world, this is the second task!
[2023-11-30 13:29:07,605] {subprocess.py:93} INFO - Command exited with return code 0
[2023-11-30 13:29:07,645] {taskinstance.py:1282} INFO - Marking task as SUCCESS. dag_id=our_first_dag_v2, task_id=second_task, execution_date=20230918T000000, start_date=20231130T132907, end_date=20231130T132907
[2023-11-30 13:29:07,694] {local_task_job.py:154} INFO - Task exited with return code 0
[2023-11-30 13:29:07,766] {local_task_job.py:264} INFO - 0 downstream tasks scheduled from follow-on schedule check
