[2023-11-30 13:32:17,690] {taskinstance.py:1037} INFO - Dependencies all met for <TaskInstance: our_first_dag_v3.first_task scheduled__2023-08-06T00:00:00+00:00 [queued]>
[2023-11-30 13:32:17,713] {taskinstance.py:1037} INFO - Dependencies all met for <TaskInstance: our_first_dag_v3.first_task scheduled__2023-08-06T00:00:00+00:00 [queued]>
[2023-11-30 13:32:17,713] {taskinstance.py:1243} INFO - 
--------------------------------------------------------------------------------
[2023-11-30 13:32:17,714] {taskinstance.py:1244} INFO - Starting attempt 1 of 6
[2023-11-30 13:32:17,714] {taskinstance.py:1245} INFO - 
--------------------------------------------------------------------------------
[2023-11-30 13:32:17,768] {taskinstance.py:1264} INFO - Executing <Task(BashOperator): first_task> on 2023-08-06 00:00:00+00:00
[2023-11-30 13:32:17,774] {standard_task_runner.py:52} INFO - Started process 4722 to run task
[2023-11-30 13:32:17,799] {standard_task_runner.py:76} INFO - Running: ['***', 'tasks', 'run', 'our_first_dag_v3', 'first_task', 'scheduled__2023-08-06T00:00:00+00:00', '--job-id', '264', '--raw', '--subdir', 'DAGS_FOLDER/our_first_dag.py', '--cfg-path', '/tmp/tmp05dycqrn', '--error-file', '/tmp/tmp2xvdn2j5']
[2023-11-30 13:32:17,808] {standard_task_runner.py:77} INFO - Job 264: Subtask first_task
[2023-11-30 13:32:18,035] {logging_mixin.py:109} INFO - Running <TaskInstance: our_first_dag_v3.first_task scheduled__2023-08-06T00:00:00+00:00 [running]> on host 08735726aeda
[2023-11-30 13:32:18,291] {taskinstance.py:1431} INFO - Exporting the following env vars:
AIRFLOW_CTX_DAG_OWNER=Ali
AIRFLOW_CTX_DAG_ID=our_first_dag_v3
AIRFLOW_CTX_TASK_ID=first_task
AIRFLOW_CTX_EXECUTION_DATE=2023-08-06T00:00:00+00:00
AIRFLOW_CTX_DAG_RUN_ID=scheduled__2023-08-06T00:00:00+00:00
[2023-11-30 13:32:18,297] {subprocess.py:62} INFO - Tmp dir root location: 
 /tmp
[2023-11-30 13:32:18,299] {subprocess.py:74} INFO - Running command: ['bash', '-c', 'echo hello world, this is the first task!']
[2023-11-30 13:32:18,337] {subprocess.py:85} INFO - Output:
[2023-11-30 13:32:18,348] {subprocess.py:89} INFO - hello world, this is the first task!
[2023-11-30 13:32:18,350] {subprocess.py:93} INFO - Command exited with return code 0
[2023-11-30 13:32:18,426] {taskinstance.py:1282} INFO - Marking task as SUCCESS. dag_id=our_first_dag_v3, task_id=first_task, execution_date=20230806T000000, start_date=20231130T133217, end_date=20231130T133218
[2023-11-30 13:32:18,564] {local_task_job.py:154} INFO - Task exited with return code 0
[2023-11-30 13:32:18,807] {local_task_job.py:264} INFO - 0 downstream tasks scheduled from follow-on schedule check
