[2023-12-04 13:37:36,835] {taskinstance.py:1037} INFO - Dependencies all met for <TaskInstance: dag_with_taskflow_api_v02.get_name manual__2023-12-04T13:37:35.735983+00:00 [queued]>
[2023-12-04 13:37:36,854] {taskinstance.py:1037} INFO - Dependencies all met for <TaskInstance: dag_with_taskflow_api_v02.get_name manual__2023-12-04T13:37:35.735983+00:00 [queued]>
[2023-12-04 13:37:36,854] {taskinstance.py:1243} INFO - 
--------------------------------------------------------------------------------
[2023-12-04 13:37:36,854] {taskinstance.py:1244} INFO - Starting attempt 1 of 6
[2023-12-04 13:37:36,860] {taskinstance.py:1245} INFO - 
--------------------------------------------------------------------------------
[2023-12-04 13:37:36,887] {taskinstance.py:1264} INFO - Executing <Task(_PythonDecoratedOperator): get_name> on 2023-12-04 13:37:35.735983+00:00
[2023-12-04 13:37:36,893] {standard_task_runner.py:52} INFO - Started process 8854 to run task
[2023-12-04 13:37:36,897] {standard_task_runner.py:76} INFO - Running: ['***', 'tasks', 'run', 'dag_with_taskflow_api_v02', 'get_name', 'manual__2023-12-04T13:37:35.735983+00:00', '--job-id', '790', '--raw', '--subdir', 'DAGS_FOLDER/dag_with_taskflow_api.py', '--cfg-path', '/tmp/tmpv5ku9__0', '--error-file', '/tmp/tmp8u31x0z5']
[2023-12-04 13:37:36,899] {standard_task_runner.py:77} INFO - Job 790: Subtask get_name
[2023-12-04 13:37:37,065] {logging_mixin.py:109} INFO - Running <TaskInstance: dag_with_taskflow_api_v02.get_name manual__2023-12-04T13:37:35.735983+00:00 [running]> on host 9953e82db65e
[2023-12-04 13:37:37,220] {taskinstance.py:1431} INFO - Exporting the following env vars:
AIRFLOW_CTX_DAG_OWNER=Ali
AIRFLOW_CTX_DAG_ID=dag_with_taskflow_api_v02
AIRFLOW_CTX_TASK_ID=get_name
AIRFLOW_CTX_EXECUTION_DATE=2023-12-04T13:37:35.735983+00:00
AIRFLOW_CTX_DAG_RUN_ID=manual__2023-12-04T13:37:35.735983+00:00
[2023-12-04 13:37:37,225] {python.py:175} INFO - Done. Returned value was: {'first_name': 'Ali', 'last_name': 'Mokh'}
[2023-12-04 13:37:37,362] {taskinstance.py:1282} INFO - Marking task as SUCCESS. dag_id=dag_with_taskflow_api_v02, task_id=get_name, execution_date=20231204T133735, start_date=20231204T133736, end_date=20231204T133737
[2023-12-04 13:37:37,434] {local_task_job.py:154} INFO - Task exited with return code 0
[2023-12-04 13:37:37,513] {local_task_job.py:264} INFO - 1 downstream tasks scheduled from follow-on schedule check
