[2023-12-04 13:35:06,314] {taskinstance.py:1037} INFO - Dependencies all met for <TaskInstance: dag_with_taskflow_api.get_name scheduled__2022-02-05T00:00:00+00:00 [queued]>
[2023-12-04 13:35:06,340] {taskinstance.py:1037} INFO - Dependencies all met for <TaskInstance: dag_with_taskflow_api.get_name scheduled__2022-02-05T00:00:00+00:00 [queued]>
[2023-12-04 13:35:06,341] {taskinstance.py:1243} INFO - 
--------------------------------------------------------------------------------
[2023-12-04 13:35:06,341] {taskinstance.py:1244} INFO - Starting attempt 1 of 6
[2023-12-04 13:35:06,341] {taskinstance.py:1245} INFO - 
--------------------------------------------------------------------------------
[2023-12-04 13:35:06,382] {taskinstance.py:1264} INFO - Executing <Task(_PythonDecoratedOperator): get_name> on 2022-02-05 00:00:00+00:00
[2023-12-04 13:35:06,387] {standard_task_runner.py:52} INFO - Started process 7435 to run task
[2023-12-04 13:35:06,392] {standard_task_runner.py:76} INFO - Running: ['***', 'tasks', 'run', 'dag_with_taskflow_api', 'get_name', 'scheduled__2022-02-05T00:00:00+00:00', '--job-id', '173', '--raw', '--subdir', 'DAGS_FOLDER/dag_with_taskflow_api.py', '--cfg-path', '/tmp/tmpj901uhi1', '--error-file', '/tmp/tmprf83phjn']
[2023-12-04 13:35:06,393] {standard_task_runner.py:77} INFO - Job 173: Subtask get_name
[2023-12-04 13:35:06,495] {logging_mixin.py:109} INFO - Running <TaskInstance: dag_with_taskflow_api.get_name scheduled__2022-02-05T00:00:00+00:00 [running]> on host 9953e82db65e
[2023-12-04 13:35:06,560] {taskinstance.py:1431} INFO - Exporting the following env vars:
AIRFLOW_CTX_DAG_OWNER=Ali
AIRFLOW_CTX_DAG_ID=dag_with_taskflow_api
AIRFLOW_CTX_TASK_ID=get_name
AIRFLOW_CTX_EXECUTION_DATE=2022-02-05T00:00:00+00:00
AIRFLOW_CTX_DAG_RUN_ID=scheduled__2022-02-05T00:00:00+00:00
[2023-12-04 13:35:06,561] {python.py:175} INFO - Done. Returned value was: Ali
[2023-12-04 13:35:06,646] {taskinstance.py:1282} INFO - Marking task as SUCCESS. dag_id=dag_with_taskflow_api, task_id=get_name, execution_date=20220205T000000, start_date=20231204T133506, end_date=20231204T133506
[2023-12-04 13:35:06,688] {local_task_job.py:154} INFO - Task exited with return code 0
[2023-12-04 13:35:06,750] {local_task_job.py:264} INFO - 1 downstream tasks scheduled from follow-on schedule check
