[2023-11-30 13:33:01,027] {taskinstance.py:1037} INFO - Dependencies all met for <TaskInstance: our_first_dag_v3.second_task scheduled__2023-08-23T00:00:00+00:00 [queued]>
[2023-11-30 13:33:01,072] {taskinstance.py:1037} INFO - Dependencies all met for <TaskInstance: our_first_dag_v3.second_task scheduled__2023-08-23T00:00:00+00:00 [queued]>
[2023-11-30 13:33:01,073] {taskinstance.py:1243} INFO - 
--------------------------------------------------------------------------------
[2023-11-30 13:33:01,073] {taskinstance.py:1244} INFO - Starting attempt 1 of 6
[2023-11-30 13:33:01,073] {taskinstance.py:1245} INFO - 
--------------------------------------------------------------------------------
[2023-11-30 13:33:01,149] {taskinstance.py:1264} INFO - Executing <Task(BashOperator): second_task> on 2023-08-23 00:00:00+00:00
[2023-11-30 13:33:01,153] {standard_task_runner.py:52} INFO - Started process 5211 to run task
[2023-11-30 13:33:01,165] {standard_task_runner.py:76} INFO - Running: ['***', 'tasks', 'run', 'our_first_dag_v3', 'second_task', 'scheduled__2023-08-23T00:00:00+00:00', '--job-id', '329', '--raw', '--subdir', 'DAGS_FOLDER/our_first_dag.py', '--cfg-path', '/tmp/tmp2wxxh7hh', '--error-file', '/tmp/tmptw9xmvaf']
[2023-11-30 13:33:01,175] {standard_task_runner.py:77} INFO - Job 329: Subtask second_task
[2023-11-30 13:33:01,620] {logging_mixin.py:109} INFO - Running <TaskInstance: our_first_dag_v3.second_task scheduled__2023-08-23T00:00:00+00:00 [running]> on host 08735726aeda
[2023-11-30 13:33:01,872] {taskinstance.py:1431} INFO - Exporting the following env vars:
AIRFLOW_CTX_DAG_OWNER=Ali
AIRFLOW_CTX_DAG_ID=our_first_dag_v3
AIRFLOW_CTX_TASK_ID=second_task
AIRFLOW_CTX_EXECUTION_DATE=2023-08-23T00:00:00+00:00
AIRFLOW_CTX_DAG_RUN_ID=scheduled__2023-08-23T00:00:00+00:00
[2023-11-30 13:33:01,874] {subprocess.py:62} INFO - Tmp dir root location: 
 /tmp
[2023-11-30 13:33:01,880] {subprocess.py:74} INFO - Running command: ['bash', '-c', 'echo hello world, this is the second task!']
[2023-11-30 13:33:01,935] {subprocess.py:85} INFO - Output:
[2023-11-30 13:33:01,936] {subprocess.py:89} INFO - hello world, this is the second task!
[2023-11-30 13:33:01,937] {subprocess.py:93} INFO - Command exited with return code 0
[2023-11-30 13:33:02,469] {taskinstance.py:1282} INFO - Marking task as SUCCESS. dag_id=our_first_dag_v3, task_id=second_task, execution_date=20230823T000000, start_date=20231130T133301, end_date=20231130T133302
[2023-11-30 13:33:02,577] {local_task_job.py:154} INFO - Task exited with return code 0
[2023-11-30 13:33:02,718] {local_task_job.py:264} INFO - 0 downstream tasks scheduled from follow-on schedule check
