[2023-12-04 13:38:01,501] {taskinstance.py:1037} INFO - Dependencies all met for <TaskInstance: dag_with_taskflow_api_v02.greet scheduled__2022-01-29T00:00:00+00:00 [queued]>
[2023-12-04 13:38:01,519] {taskinstance.py:1037} INFO - Dependencies all met for <TaskInstance: dag_with_taskflow_api_v02.greet scheduled__2022-01-29T00:00:00+00:00 [queued]>
[2023-12-04 13:38:01,520] {taskinstance.py:1243} INFO - 
--------------------------------------------------------------------------------
[2023-12-04 13:38:01,520] {taskinstance.py:1244} INFO - Starting attempt 1 of 6
[2023-12-04 13:38:01,521] {taskinstance.py:1245} INFO - 
--------------------------------------------------------------------------------
[2023-12-04 13:38:01,557] {taskinstance.py:1264} INFO - Executing <Task(_PythonDecoratedOperator): greet> on 2022-01-29 00:00:00+00:00
[2023-12-04 13:38:01,563] {standard_task_runner.py:52} INFO - Started process 8985 to run task
[2023-12-04 13:38:01,588] {standard_task_runner.py:76} INFO - Running: ['***', 'tasks', 'run', 'dag_with_taskflow_api_v02', 'greet', 'scheduled__2022-01-29T00:00:00+00:00', '--job-id', '841', '--raw', '--subdir', 'DAGS_FOLDER/dag_with_taskflow_api.py', '--cfg-path', '/tmp/tmpl199uav0', '--error-file', '/tmp/tmpk0d4r5oe']
[2023-12-04 13:38:01,592] {standard_task_runner.py:77} INFO - Job 841: Subtask greet
[2023-12-04 13:38:01,737] {logging_mixin.py:109} INFO - Running <TaskInstance: dag_with_taskflow_api_v02.greet scheduled__2022-01-29T00:00:00+00:00 [running]> on host 9953e82db65e
[2023-12-04 13:38:01,893] {taskinstance.py:1431} INFO - Exporting the following env vars:
AIRFLOW_CTX_DAG_OWNER=Ali
AIRFLOW_CTX_DAG_ID=dag_with_taskflow_api_v02
AIRFLOW_CTX_TASK_ID=greet
AIRFLOW_CTX_EXECUTION_DATE=2022-01-29T00:00:00+00:00
AIRFLOW_CTX_DAG_RUN_ID=scheduled__2022-01-29T00:00:00+00:00
[2023-12-04 13:38:01,894] {logging_mixin.py:109} INFO - Hello World! My name is Ali Mokh and I am 30 years old
[2023-12-04 13:38:01,894] {python.py:175} INFO - Done. Returned value was: None
[2023-12-04 13:38:01,914] {taskinstance.py:1282} INFO - Marking task as SUCCESS. dag_id=dag_with_taskflow_api_v02, task_id=greet, execution_date=20220129T000000, start_date=20231204T133801, end_date=20231204T133801
[2023-12-04 13:38:01,957] {local_task_job.py:154} INFO - Task exited with return code 0
[2023-12-04 13:38:02,027] {local_task_job.py:264} INFO - 0 downstream tasks scheduled from follow-on schedule check
