[2023-12-04 13:36:09,648] {taskinstance.py:1037} INFO - Dependencies all met for <TaskInstance: dag_with_taskflow_api.get_name scheduled__2022-05-05T00:00:00+00:00 [queued]>
[2023-12-04 13:36:09,675] {taskinstance.py:1037} INFO - Dependencies all met for <TaskInstance: dag_with_taskflow_api.get_name scheduled__2022-05-05T00:00:00+00:00 [queued]>
[2023-12-04 13:36:09,676] {taskinstance.py:1243} INFO - 
--------------------------------------------------------------------------------
[2023-12-04 13:36:09,676] {taskinstance.py:1244} INFO - Starting attempt 1 of 6
[2023-12-04 13:36:09,677] {taskinstance.py:1245} INFO - 
--------------------------------------------------------------------------------
[2023-12-04 13:36:09,721] {taskinstance.py:1264} INFO - Executing <Task(_PythonDecoratedOperator): get_name> on 2022-05-05 00:00:00+00:00
[2023-12-04 13:36:09,727] {standard_task_runner.py:52} INFO - Started process 8043 to run task
[2023-12-04 13:36:09,731] {standard_task_runner.py:76} INFO - Running: ['***', 'tasks', 'run', 'dag_with_taskflow_api', 'get_name', 'scheduled__2022-05-05T00:00:00+00:00', '--job-id', '440', '--raw', '--subdir', 'DAGS_FOLDER/dag_with_taskflow_api.py', '--cfg-path', '/tmp/tmp7gj99dm0', '--error-file', '/tmp/tmpkw2l6qh3']
[2023-12-04 13:36:09,736] {standard_task_runner.py:77} INFO - Job 440: Subtask get_name
[2023-12-04 13:36:09,931] {logging_mixin.py:109} INFO - Running <TaskInstance: dag_with_taskflow_api.get_name scheduled__2022-05-05T00:00:00+00:00 [running]> on host 9953e82db65e
[2023-12-04 13:36:09,998] {taskinstance.py:1431} INFO - Exporting the following env vars:
AIRFLOW_CTX_DAG_OWNER=Ali
AIRFLOW_CTX_DAG_ID=dag_with_taskflow_api
AIRFLOW_CTX_TASK_ID=get_name
AIRFLOW_CTX_EXECUTION_DATE=2022-05-05T00:00:00+00:00
AIRFLOW_CTX_DAG_RUN_ID=scheduled__2022-05-05T00:00:00+00:00
[2023-12-04 13:36:09,998] {python.py:175} INFO - Done. Returned value was: Ali
[2023-12-04 13:36:10,027] {taskinstance.py:1282} INFO - Marking task as SUCCESS. dag_id=dag_with_taskflow_api, task_id=get_name, execution_date=20220505T000000, start_date=20231204T133609, end_date=20231204T133610
[2023-12-04 13:36:10,079] {local_task_job.py:154} INFO - Task exited with return code 0
[2023-12-04 13:36:10,155] {local_task_job.py:264} INFO - 0 downstream tasks scheduled from follow-on schedule check
