[2023-11-30 12:35:27,752] {taskinstance.py:1037} INFO - Dependencies all met for <TaskInstance: our_first_dag.first_task scheduled__2023-08-13T00:00:00+00:00 [queued]>
[2023-11-30 12:35:27,784] {taskinstance.py:1037} INFO - Dependencies all met for <TaskInstance: our_first_dag.first_task scheduled__2023-08-13T00:00:00+00:00 [queued]>
[2023-11-30 12:35:27,784] {taskinstance.py:1243} INFO - 
--------------------------------------------------------------------------------
[2023-11-30 12:35:27,784] {taskinstance.py:1244} INFO - Starting attempt 1 of 6
[2023-11-30 12:35:27,785] {taskinstance.py:1245} INFO - 
--------------------------------------------------------------------------------
[2023-11-30 12:35:27,820] {taskinstance.py:1264} INFO - Executing <Task(BashOperator): first_task> on 2023-08-13 00:00:00+00:00
[2023-11-30 12:35:27,826] {standard_task_runner.py:52} INFO - Started process 84158 to run task
[2023-11-30 12:35:27,830] {standard_task_runner.py:76} INFO - Running: ['***', 'tasks', 'run', 'our_first_dag', 'first_task', 'scheduled__2023-08-13T00:00:00+00:00', '--job-id', '33', '--raw', '--subdir', 'DAGS_FOLDER/our_first_dag.py', '--cfg-path', '/tmp/tmpdyhxfcq4', '--error-file', '/tmp/tmpqsz_0ory']
[2023-11-30 12:35:27,832] {standard_task_runner.py:77} INFO - Job 33: Subtask first_task
[2023-11-30 12:35:27,946] {logging_mixin.py:109} INFO - Running <TaskInstance: our_first_dag.first_task scheduled__2023-08-13T00:00:00+00:00 [running]> on host 6a46d673723a
[2023-11-30 12:35:28,080] {taskinstance.py:1431} INFO - Exporting the following env vars:
AIRFLOW_CTX_DAG_OWNER=Ali
AIRFLOW_CTX_DAG_ID=our_first_dag
AIRFLOW_CTX_TASK_ID=first_task
AIRFLOW_CTX_EXECUTION_DATE=2023-08-13T00:00:00+00:00
AIRFLOW_CTX_DAG_RUN_ID=scheduled__2023-08-13T00:00:00+00:00
[2023-11-30 12:35:28,082] {subprocess.py:62} INFO - Tmp dir root location: 
 /tmp
[2023-11-30 12:35:28,084] {subprocess.py:74} INFO - Running command: ['bash', '-c', 'echo hello world, this is the first task!']
[2023-11-30 12:35:28,098] {subprocess.py:85} INFO - Output:
[2023-11-30 12:35:28,100] {subprocess.py:89} INFO - hello world, this is the first task!
[2023-11-30 12:35:28,101] {subprocess.py:93} INFO - Command exited with return code 0
[2023-11-30 12:35:28,154] {taskinstance.py:1282} INFO - Marking task as SUCCESS. dag_id=our_first_dag, task_id=first_task, execution_date=20230813T000000, start_date=20231130T123527, end_date=20231130T123528
[2023-11-30 12:35:28,207] {local_task_job.py:154} INFO - Task exited with return code 0
[2023-11-30 12:35:28,256] {local_task_job.py:264} INFO - 0 downstream tasks scheduled from follow-on schedule check
