[2023-12-04 12:24:55,105] {taskinstance.py:1037} INFO - Dependencies all met for <TaskInstance: our_dag_with_python_operator_v05.get_name scheduled__2023-12-03T00:00:00+00:00 [queued]>
[2023-12-04 12:24:55,121] {taskinstance.py:1037} INFO - Dependencies all met for <TaskInstance: our_dag_with_python_operator_v05.get_name scheduled__2023-12-03T00:00:00+00:00 [queued]>
[2023-12-04 12:24:55,122] {taskinstance.py:1243} INFO - 
--------------------------------------------------------------------------------
[2023-12-04 12:24:55,122] {taskinstance.py:1244} INFO - Starting attempt 1 of 6
[2023-12-04 12:24:55,122] {taskinstance.py:1245} INFO - 
--------------------------------------------------------------------------------
[2023-12-04 12:24:55,148] {taskinstance.py:1264} INFO - Executing <Task(PythonOperator): get_name> on 2023-12-03 00:00:00+00:00
[2023-12-04 12:24:55,154] {standard_task_runner.py:52} INFO - Started process 2831 to run task
[2023-12-04 12:24:55,163] {standard_task_runner.py:76} INFO - Running: ['***', 'tasks', 'run', 'our_dag_with_python_operator_v05', 'get_name', 'scheduled__2023-12-03T00:00:00+00:00', '--job-id', '36', '--raw', '--subdir', 'DAGS_FOLDER/create_dag_with_python_operator.py', '--cfg-path', '/tmp/tmpu9owqrxh', '--error-file', '/tmp/tmpc29ty_4t']
[2023-12-04 12:24:55,164] {standard_task_runner.py:77} INFO - Job 36: Subtask get_name
[2023-12-04 12:24:55,235] {logging_mixin.py:109} INFO - Running <TaskInstance: our_dag_with_python_operator_v05.get_name scheduled__2023-12-03T00:00:00+00:00 [running]> on host 9953e82db65e
[2023-12-04 12:24:55,329] {taskinstance.py:1431} INFO - Exporting the following env vars:
AIRFLOW_CTX_DAG_OWNER=Ali
AIRFLOW_CTX_DAG_ID=our_dag_with_python_operator_v05
AIRFLOW_CTX_TASK_ID=get_name
AIRFLOW_CTX_EXECUTION_DATE=2023-12-03T00:00:00+00:00
AIRFLOW_CTX_DAG_RUN_ID=scheduled__2023-12-03T00:00:00+00:00
[2023-12-04 12:24:55,371] {python.py:175} INFO - Done. Returned value was: None
[2023-12-04 12:24:55,388] {taskinstance.py:1282} INFO - Marking task as SUCCESS. dag_id=our_dag_with_python_operator_v05, task_id=get_name, execution_date=20231203T000000, start_date=20231204T122455, end_date=20231204T122455
[2023-12-04 12:24:55,413] {local_task_job.py:154} INFO - Task exited with return code 0
[2023-12-04 12:24:55,463] {local_task_job.py:264} INFO - 1 downstream tasks scheduled from follow-on schedule check
