[2023-12-04 13:35:27,110] {taskinstance.py:1037} INFO - Dependencies all met for <TaskInstance: dag_with_taskflow_api.greet scheduled__2022-03-02T00:00:00+00:00 [queued]>
[2023-12-04 13:35:27,118] {taskinstance.py:1037} INFO - Dependencies all met for <TaskInstance: dag_with_taskflow_api.greet scheduled__2022-03-02T00:00:00+00:00 [queued]>
[2023-12-04 13:35:27,118] {taskinstance.py:1243} INFO - 
--------------------------------------------------------------------------------
[2023-12-04 13:35:27,118] {taskinstance.py:1244} INFO - Starting attempt 1 of 6
[2023-12-04 13:35:27,118] {taskinstance.py:1245} INFO - 
--------------------------------------------------------------------------------
[2023-12-04 13:35:27,132] {taskinstance.py:1264} INFO - Executing <Task(_PythonDecoratedOperator): greet> on 2022-03-02 00:00:00+00:00
[2023-12-04 13:35:27,135] {standard_task_runner.py:52} INFO - Started process 7617 to run task
[2023-12-04 13:35:27,139] {standard_task_runner.py:76} INFO - Running: ['***', 'tasks', 'run', 'dag_with_taskflow_api', 'greet', 'scheduled__2022-03-02T00:00:00+00:00', '--job-id', '253', '--raw', '--subdir', 'DAGS_FOLDER/dag_with_taskflow_api.py', '--cfg-path', '/tmp/tmpo1ei65b5', '--error-file', '/tmp/tmp8kqpvr19']
[2023-12-04 13:35:27,140] {standard_task_runner.py:77} INFO - Job 253: Subtask greet
[2023-12-04 13:35:27,192] {logging_mixin.py:109} INFO - Running <TaskInstance: dag_with_taskflow_api.greet scheduled__2022-03-02T00:00:00+00:00 [running]> on host 9953e82db65e
[2023-12-04 13:35:27,257] {taskinstance.py:1431} INFO - Exporting the following env vars:
AIRFLOW_CTX_DAG_OWNER=Ali
AIRFLOW_CTX_DAG_ID=dag_with_taskflow_api
AIRFLOW_CTX_TASK_ID=greet
AIRFLOW_CTX_EXECUTION_DATE=2022-03-02T00:00:00+00:00
AIRFLOW_CTX_DAG_RUN_ID=scheduled__2022-03-02T00:00:00+00:00
[2023-12-04 13:35:27,257] {logging_mixin.py:109} INFO - Hello World! My name is Ali and I am 30 years old
[2023-12-04 13:35:27,258] {python.py:175} INFO - Done. Returned value was: None
[2023-12-04 13:35:27,268] {taskinstance.py:1282} INFO - Marking task as SUCCESS. dag_id=dag_with_taskflow_api, task_id=greet, execution_date=20220302T000000, start_date=20231204T133527, end_date=20231204T133527
[2023-12-04 13:35:27,309] {local_task_job.py:154} INFO - Task exited with return code 0
[2023-12-04 13:35:27,374] {local_task_job.py:264} INFO - 0 downstream tasks scheduled from follow-on schedule check
