[2023-11-30 13:29:28,275] {taskinstance.py:1037} INFO - Dependencies all met for <TaskInstance: our_first_dag_v2.first_task scheduled__2023-10-21T00:00:00+00:00 [queued]>
[2023-11-30 13:29:28,318] {taskinstance.py:1037} INFO - Dependencies all met for <TaskInstance: our_first_dag_v2.first_task scheduled__2023-10-21T00:00:00+00:00 [queued]>
[2023-11-30 13:29:28,318] {taskinstance.py:1243} INFO - 
--------------------------------------------------------------------------------
[2023-11-30 13:29:28,319] {taskinstance.py:1244} INFO - Starting attempt 1 of 6
[2023-11-30 13:29:28,319] {taskinstance.py:1245} INFO - 
--------------------------------------------------------------------------------
[2023-11-30 13:29:28,357] {taskinstance.py:1264} INFO - Executing <Task(BashOperator): first_task> on 2023-10-21 00:00:00+00:00
[2023-11-30 13:29:28,362] {standard_task_runner.py:52} INFO - Started process 3400 to run task
[2023-11-30 13:29:28,379] {standard_task_runner.py:76} INFO - Running: ['***', 'tasks', 'run', 'our_first_dag_v2', 'first_task', 'scheduled__2023-10-21T00:00:00+00:00', '--job-id', '166', '--raw', '--subdir', 'DAGS_FOLDER/our_first_dag.py', '--cfg-path', '/tmp/tmpk5uys__d', '--error-file', '/tmp/tmp1e6jyddo']
[2023-11-30 13:29:28,381] {standard_task_runner.py:77} INFO - Job 166: Subtask first_task
[2023-11-30 13:29:28,576] {logging_mixin.py:109} INFO - Running <TaskInstance: our_first_dag_v2.first_task scheduled__2023-10-21T00:00:00+00:00 [running]> on host 08735726aeda
[2023-11-30 13:29:28,738] {taskinstance.py:1431} INFO - Exporting the following env vars:
AIRFLOW_CTX_DAG_OWNER=Ali
AIRFLOW_CTX_DAG_ID=our_first_dag_v2
AIRFLOW_CTX_TASK_ID=first_task
AIRFLOW_CTX_EXECUTION_DATE=2023-10-21T00:00:00+00:00
AIRFLOW_CTX_DAG_RUN_ID=scheduled__2023-10-21T00:00:00+00:00
[2023-11-30 13:29:28,739] {subprocess.py:62} INFO - Tmp dir root location: 
 /tmp
[2023-11-30 13:29:28,741] {subprocess.py:74} INFO - Running command: ['bash', '-c', 'echo hello world, this is the first task!']
[2023-11-30 13:29:28,758] {subprocess.py:85} INFO - Output:
[2023-11-30 13:29:28,761] {subprocess.py:89} INFO - hello world, this is the first task!
[2023-11-30 13:29:28,765] {subprocess.py:93} INFO - Command exited with return code 0
[2023-11-30 13:29:28,835] {taskinstance.py:1282} INFO - Marking task as SUCCESS. dag_id=our_first_dag_v2, task_id=first_task, execution_date=20231021T000000, start_date=20231130T132928, end_date=20231130T132928
[2023-11-30 13:29:28,939] {local_task_job.py:154} INFO - Task exited with return code 0
[2023-11-30 13:29:29,023] {local_task_job.py:264} INFO - 1 downstream tasks scheduled from follow-on schedule check
