[2023-11-30 13:32:51,836] {taskinstance.py:1037} INFO - Dependencies all met for <TaskInstance: our_first_dag_v3.first_task scheduled__2023-08-14T00:00:00+00:00 [queued]>
[2023-11-30 13:32:51,846] {taskinstance.py:1037} INFO - Dependencies all met for <TaskInstance: our_first_dag_v3.first_task scheduled__2023-08-14T00:00:00+00:00 [queued]>
[2023-11-30 13:32:51,846] {taskinstance.py:1243} INFO - 
--------------------------------------------------------------------------------
[2023-11-30 13:32:51,846] {taskinstance.py:1244} INFO - Starting attempt 1 of 6
[2023-11-30 13:32:51,846] {taskinstance.py:1245} INFO - 
--------------------------------------------------------------------------------
[2023-11-30 13:32:51,868] {taskinstance.py:1264} INFO - Executing <Task(BashOperator): first_task> on 2023-08-14 00:00:00+00:00
[2023-11-30 13:32:51,875] {standard_task_runner.py:52} INFO - Started process 5019 to run task
[2023-11-30 13:32:51,880] {standard_task_runner.py:76} INFO - Running: ['***', 'tasks', 'run', 'our_first_dag_v3', 'first_task', 'scheduled__2023-08-14T00:00:00+00:00', '--job-id', '291', '--raw', '--subdir', 'DAGS_FOLDER/our_first_dag.py', '--cfg-path', '/tmp/tmpsucqpgfs', '--error-file', '/tmp/tmp564nmxul']
[2023-11-30 13:32:51,882] {standard_task_runner.py:77} INFO - Job 291: Subtask first_task
[2023-11-30 13:32:51,987] {logging_mixin.py:109} INFO - Running <TaskInstance: our_first_dag_v3.first_task scheduled__2023-08-14T00:00:00+00:00 [running]> on host 08735726aeda
[2023-11-30 13:32:52,082] {taskinstance.py:1431} INFO - Exporting the following env vars:
AIRFLOW_CTX_DAG_OWNER=Ali
AIRFLOW_CTX_DAG_ID=our_first_dag_v3
AIRFLOW_CTX_TASK_ID=first_task
AIRFLOW_CTX_EXECUTION_DATE=2023-08-14T00:00:00+00:00
AIRFLOW_CTX_DAG_RUN_ID=scheduled__2023-08-14T00:00:00+00:00
[2023-11-30 13:32:52,083] {subprocess.py:62} INFO - Tmp dir root location: 
 /tmp
[2023-11-30 13:32:52,084] {subprocess.py:74} INFO - Running command: ['bash', '-c', 'echo hello world, this is the first task!']
[2023-11-30 13:32:52,092] {subprocess.py:85} INFO - Output:
[2023-11-30 13:32:52,093] {subprocess.py:89} INFO - hello world, this is the first task!
[2023-11-30 13:32:52,094] {subprocess.py:93} INFO - Command exited with return code 0
[2023-11-30 13:32:52,132] {taskinstance.py:1282} INFO - Marking task as SUCCESS. dag_id=our_first_dag_v3, task_id=first_task, execution_date=20230814T000000, start_date=20231130T133251, end_date=20231130T133252
[2023-11-30 13:32:52,176] {local_task_job.py:154} INFO - Task exited with return code 0
[2023-11-30 13:32:52,226] {local_task_job.py:264} INFO - 2 downstream tasks scheduled from follow-on schedule check
