[2023-11-30 12:36:13,980] {taskinstance.py:1037} INFO - Dependencies all met for <TaskInstance: our_first_dag.first_task scheduled__2023-10-12T00:00:00+00:00 [queued]>
[2023-11-30 12:36:14,027] {taskinstance.py:1037} INFO - Dependencies all met for <TaskInstance: our_first_dag.first_task scheduled__2023-10-12T00:00:00+00:00 [queued]>
[2023-11-30 12:36:14,027] {taskinstance.py:1243} INFO - 
--------------------------------------------------------------------------------
[2023-11-30 12:36:14,028] {taskinstance.py:1244} INFO - Starting attempt 1 of 6
[2023-11-30 12:36:14,028] {taskinstance.py:1245} INFO - 
--------------------------------------------------------------------------------
[2023-11-30 12:36:14,064] {taskinstance.py:1264} INFO - Executing <Task(BashOperator): first_task> on 2023-10-12 00:00:00+00:00
[2023-11-30 12:36:14,071] {standard_task_runner.py:52} INFO - Started process 84646 to run task
[2023-11-30 12:36:14,077] {standard_task_runner.py:76} INFO - Running: ['***', 'tasks', 'run', 'our_first_dag', 'first_task', 'scheduled__2023-10-12T00:00:00+00:00', '--job-id', '93', '--raw', '--subdir', 'DAGS_FOLDER/our_first_dag.py', '--cfg-path', '/tmp/tmpwhy4szho', '--error-file', '/tmp/tmpa42dl16n']
[2023-11-30 12:36:14,078] {standard_task_runner.py:77} INFO - Job 93: Subtask first_task
[2023-11-30 12:36:14,221] {logging_mixin.py:109} INFO - Running <TaskInstance: our_first_dag.first_task scheduled__2023-10-12T00:00:00+00:00 [running]> on host 6a46d673723a
[2023-11-30 12:36:14,424] {taskinstance.py:1431} INFO - Exporting the following env vars:
AIRFLOW_CTX_DAG_OWNER=Ali
AIRFLOW_CTX_DAG_ID=our_first_dag
AIRFLOW_CTX_TASK_ID=first_task
AIRFLOW_CTX_EXECUTION_DATE=2023-10-12T00:00:00+00:00
AIRFLOW_CTX_DAG_RUN_ID=scheduled__2023-10-12T00:00:00+00:00
[2023-11-30 12:36:14,426] {subprocess.py:62} INFO - Tmp dir root location: 
 /tmp
[2023-11-30 12:36:14,426] {subprocess.py:74} INFO - Running command: ['bash', '-c', 'echo hello world, this is the first task!']
[2023-11-30 12:36:14,442] {subprocess.py:85} INFO - Output:
[2023-11-30 12:36:14,444] {subprocess.py:89} INFO - hello world, this is the first task!
[2023-11-30 12:36:14,445] {subprocess.py:93} INFO - Command exited with return code 0
[2023-11-30 12:36:14,517] {taskinstance.py:1282} INFO - Marking task as SUCCESS. dag_id=our_first_dag, task_id=first_task, execution_date=20231012T000000, start_date=20231130T123613, end_date=20231130T123614
[2023-11-30 12:36:14,587] {local_task_job.py:154} INFO - Task exited with return code 0
[2023-11-30 12:36:14,650] {local_task_job.py:264} INFO - 0 downstream tasks scheduled from follow-on schedule check
