[2023-12-04 13:42:15,233] {taskinstance.py:1037} INFO - Dependencies all met for <TaskInstance: dag_with_taskflow_api_v02.get_age scheduled__2023-01-21T00:00:00+00:00 [queued]>
[2023-12-04 13:42:15,268] {taskinstance.py:1037} INFO - Dependencies all met for <TaskInstance: dag_with_taskflow_api_v02.get_age scheduled__2023-01-21T00:00:00+00:00 [queued]>
[2023-12-04 13:42:15,268] {taskinstance.py:1243} INFO - 
--------------------------------------------------------------------------------
[2023-12-04 13:42:15,268] {taskinstance.py:1244} INFO - Starting attempt 1 of 6
[2023-12-04 13:42:15,268] {taskinstance.py:1245} INFO - 
--------------------------------------------------------------------------------
[2023-12-04 13:42:15,303] {taskinstance.py:1264} INFO - Executing <Task(_PythonDecoratedOperator): get_age> on 2023-01-21 00:00:00+00:00
[2023-12-04 13:42:15,306] {standard_task_runner.py:52} INFO - Started process 11402 to run task
[2023-12-04 13:42:15,316] {standard_task_runner.py:76} INFO - Running: ['***', 'tasks', 'run', 'dag_with_taskflow_api_v02', 'get_age', 'scheduled__2023-01-21T00:00:00+00:00', '--job-id', '1903', '--raw', '--subdir', 'DAGS_FOLDER/dag_with_taskflow_api.py', '--cfg-path', '/tmp/tmpauflgc61', '--error-file', '/tmp/tmpmaff2cac']
[2023-12-04 13:42:15,317] {standard_task_runner.py:77} INFO - Job 1903: Subtask get_age
[2023-12-04 13:42:15,405] {logging_mixin.py:109} INFO - Running <TaskInstance: dag_with_taskflow_api_v02.get_age scheduled__2023-01-21T00:00:00+00:00 [running]> on host 9953e82db65e
[2023-12-04 13:42:15,495] {taskinstance.py:1431} INFO - Exporting the following env vars:
AIRFLOW_CTX_DAG_OWNER=Ali
AIRFLOW_CTX_DAG_ID=dag_with_taskflow_api_v02
AIRFLOW_CTX_TASK_ID=get_age
AIRFLOW_CTX_EXECUTION_DATE=2023-01-21T00:00:00+00:00
AIRFLOW_CTX_DAG_RUN_ID=scheduled__2023-01-21T00:00:00+00:00
[2023-12-04 13:42:15,496] {python.py:175} INFO - Done. Returned value was: 30
[2023-12-04 13:42:15,575] {taskinstance.py:1282} INFO - Marking task as SUCCESS. dag_id=dag_with_taskflow_api_v02, task_id=get_age, execution_date=20230121T000000, start_date=20231204T134215, end_date=20231204T134215
[2023-12-04 13:42:15,617] {local_task_job.py:154} INFO - Task exited with return code 0
[2023-12-04 13:42:15,827] {local_task_job.py:264} INFO - 0 downstream tasks scheduled from follow-on schedule check
