[2023-12-04 13:37:13,220] {taskinstance.py:1037} INFO - Dependencies all met for <TaskInstance: dag_with_taskflow_api.get_age scheduled__2022-08-05T00:00:00+00:00 [queued]>
[2023-12-04 13:37:13,280] {taskinstance.py:1037} INFO - Dependencies all met for <TaskInstance: dag_with_taskflow_api.get_age scheduled__2022-08-05T00:00:00+00:00 [queued]>
[2023-12-04 13:37:13,281] {taskinstance.py:1243} INFO - 
--------------------------------------------------------------------------------
[2023-12-04 13:37:13,281] {taskinstance.py:1244} INFO - Starting attempt 1 of 6
[2023-12-04 13:37:13,289] {taskinstance.py:1245} INFO - 
--------------------------------------------------------------------------------
[2023-12-04 13:37:13,334] {taskinstance.py:1264} INFO - Executing <Task(_PythonDecoratedOperator): get_age> on 2022-08-05 00:00:00+00:00
[2023-12-04 13:37:13,338] {standard_task_runner.py:52} INFO - Started process 8663 to run task
[2023-12-04 13:37:13,349] {standard_task_runner.py:76} INFO - Running: ['***', 'tasks', 'run', 'dag_with_taskflow_api', 'get_age', 'scheduled__2022-08-05T00:00:00+00:00', '--job-id', '716', '--raw', '--subdir', 'DAGS_FOLDER/dag_with_taskflow_api.py', '--cfg-path', '/tmp/tmp_eifcq0v', '--error-file', '/tmp/tmp57h0xrmt']
[2023-12-04 13:37:13,350] {standard_task_runner.py:77} INFO - Job 716: Subtask get_age
[2023-12-04 13:37:13,504] {logging_mixin.py:109} INFO - Running <TaskInstance: dag_with_taskflow_api.get_age scheduled__2022-08-05T00:00:00+00:00 [running]> on host 9953e82db65e
[2023-12-04 13:37:13,628] {taskinstance.py:1431} INFO - Exporting the following env vars:
AIRFLOW_CTX_DAG_OWNER=Ali
AIRFLOW_CTX_DAG_ID=dag_with_taskflow_api
AIRFLOW_CTX_TASK_ID=get_age
AIRFLOW_CTX_EXECUTION_DATE=2022-08-05T00:00:00+00:00
AIRFLOW_CTX_DAG_RUN_ID=scheduled__2022-08-05T00:00:00+00:00
[2023-12-04 13:37:13,629] {python.py:175} INFO - Done. Returned value was: 30
[2023-12-04 13:37:13,686] {taskinstance.py:1282} INFO - Marking task as SUCCESS. dag_id=dag_with_taskflow_api, task_id=get_age, execution_date=20220805T000000, start_date=20231204T133713, end_date=20231204T133713
[2023-12-04 13:37:13,760] {local_task_job.py:154} INFO - Task exited with return code 0
[2023-12-04 13:37:13,835] {local_task_job.py:264} INFO - 0 downstream tasks scheduled from follow-on schedule check
