[2023-11-30 13:33:56,359] {taskinstance.py:1037} INFO - Dependencies all met for <TaskInstance: our_first_dag_v3.second_task scheduled__2023-11-10T00:00:00+00:00 [queued]>
[2023-11-30 13:33:56,374] {taskinstance.py:1037} INFO - Dependencies all met for <TaskInstance: our_first_dag_v3.second_task scheduled__2023-11-10T00:00:00+00:00 [queued]>
[2023-11-30 13:33:56,375] {taskinstance.py:1243} INFO - 
--------------------------------------------------------------------------------
[2023-11-30 13:33:56,375] {taskinstance.py:1244} INFO - Starting attempt 1 of 6
[2023-11-30 13:33:56,375] {taskinstance.py:1245} INFO - 
--------------------------------------------------------------------------------
[2023-11-30 13:33:56,403] {taskinstance.py:1264} INFO - Executing <Task(BashOperator): second_task> on 2023-11-10 00:00:00+00:00
[2023-11-30 13:33:56,409] {standard_task_runner.py:52} INFO - Started process 6222 to run task
[2023-11-30 13:33:56,419] {standard_task_runner.py:76} INFO - Running: ['***', 'tasks', 'run', 'our_first_dag_v3', 'second_task', 'scheduled__2023-11-10T00:00:00+00:00', '--job-id', '563', '--raw', '--subdir', 'DAGS_FOLDER/our_first_dag.py', '--cfg-path', '/tmp/tmp7m0ed4ry', '--error-file', '/tmp/tmpr9c0mbsv']
[2023-11-30 13:33:56,420] {standard_task_runner.py:77} INFO - Job 563: Subtask second_task
[2023-11-30 13:33:56,536] {logging_mixin.py:109} INFO - Running <TaskInstance: our_first_dag_v3.second_task scheduled__2023-11-10T00:00:00+00:00 [running]> on host 08735726aeda
[2023-11-30 13:33:56,633] {taskinstance.py:1431} INFO - Exporting the following env vars:
AIRFLOW_CTX_DAG_OWNER=Ali
AIRFLOW_CTX_DAG_ID=our_first_dag_v3
AIRFLOW_CTX_TASK_ID=second_task
AIRFLOW_CTX_EXECUTION_DATE=2023-11-10T00:00:00+00:00
AIRFLOW_CTX_DAG_RUN_ID=scheduled__2023-11-10T00:00:00+00:00
[2023-11-30 13:33:56,634] {subprocess.py:62} INFO - Tmp dir root location: 
 /tmp
[2023-11-30 13:33:56,636] {subprocess.py:74} INFO - Running command: ['bash', '-c', 'echo hello world, this is the second task!']
[2023-11-30 13:33:56,647] {subprocess.py:85} INFO - Output:
[2023-11-30 13:33:56,649] {subprocess.py:89} INFO - hello world, this is the second task!
[2023-11-30 13:33:56,650] {subprocess.py:93} INFO - Command exited with return code 0
[2023-11-30 13:33:56,698] {taskinstance.py:1282} INFO - Marking task as SUCCESS. dag_id=our_first_dag_v3, task_id=second_task, execution_date=20231110T000000, start_date=20231130T133356, end_date=20231130T133356
[2023-11-30 13:33:56,758] {local_task_job.py:154} INFO - Task exited with return code 0
[2023-11-30 13:33:56,806] {local_task_job.py:264} INFO - 0 downstream tasks scheduled from follow-on schedule check
