[2023-12-04 13:57:52,671] {taskinstance.py:1037} INFO - Dependencies all met for <TaskInstance: dag_with_catchup_backfill_v01.task1 scheduled__2023-10-26T00:00:00+00:00 [queued]>
[2023-12-04 13:57:52,678] {taskinstance.py:1037} INFO - Dependencies all met for <TaskInstance: dag_with_catchup_backfill_v01.task1 scheduled__2023-10-26T00:00:00+00:00 [queued]>
[2023-12-04 13:57:52,678] {taskinstance.py:1243} INFO - 
--------------------------------------------------------------------------------
[2023-12-04 13:57:52,678] {taskinstance.py:1244} INFO - Starting attempt 1 of 6
[2023-12-04 13:57:52,678] {taskinstance.py:1245} INFO - 
--------------------------------------------------------------------------------
[2023-12-04 13:57:52,688] {taskinstance.py:1264} INFO - Executing <Task(BashOperator): task1> on 2023-10-26 00:00:00+00:00
[2023-12-04 13:57:52,690] {standard_task_runner.py:52} INFO - Started process 13639 to run task
[2023-12-04 13:57:52,693] {standard_task_runner.py:76} INFO - Running: ['***', 'tasks', 'run', 'dag_with_catchup_backfill_v01', 'task1', 'scheduled__2023-10-26T00:00:00+00:00', '--job-id', '2324', '--raw', '--subdir', 'DAGS_FOLDER/dag_with_catchup_and_backfill.py', '--cfg-path', '/tmp/tmp74j9yc4z', '--error-file', '/tmp/tmp29bmok2j']
[2023-12-04 13:57:52,693] {standard_task_runner.py:77} INFO - Job 2324: Subtask task1
[2023-12-04 13:57:52,733] {logging_mixin.py:109} INFO - Running <TaskInstance: dag_with_catchup_backfill_v01.task1 scheduled__2023-10-26T00:00:00+00:00 [running]> on host 9953e82db65e
[2023-12-04 13:57:52,778] {taskinstance.py:1431} INFO - Exporting the following env vars:
AIRFLOW_CTX_DAG_OWNER=Ali
AIRFLOW_CTX_DAG_ID=dag_with_catchup_backfill_v01
AIRFLOW_CTX_TASK_ID=task1
AIRFLOW_CTX_EXECUTION_DATE=2023-10-26T00:00:00+00:00
AIRFLOW_CTX_DAG_RUN_ID=scheduled__2023-10-26T00:00:00+00:00
[2023-12-04 13:57:52,778] {subprocess.py:62} INFO - Tmp dir root location: 
 /tmp
[2023-12-04 13:57:52,779] {subprocess.py:74} INFO - Running command: ['bash', '-c', 'echo this is simple bash command']
[2023-12-04 13:57:52,784] {subprocess.py:85} INFO - Output:
[2023-12-04 13:57:52,785] {subprocess.py:89} INFO - this is simple bash command
[2023-12-04 13:57:52,785] {subprocess.py:93} INFO - Command exited with return code 0
[2023-12-04 13:57:52,803] {taskinstance.py:1282} INFO - Marking task as SUCCESS. dag_id=dag_with_catchup_backfill_v01, task_id=task1, execution_date=20231026T000000, start_date=20231204T135752, end_date=20231204T135752
[2023-12-04 13:57:52,824] {local_task_job.py:154} INFO - Task exited with return code 0
[2023-12-04 13:57:52,845] {local_task_job.py:264} INFO - 0 downstream tasks scheduled from follow-on schedule check
