[2023-11-30 13:32:17,264] {taskinstance.py:1037} INFO - Dependencies all met for <TaskInstance: our_first_dag_v3.third_task scheduled__2023-08-02T00:00:00+00:00 [queued]>
[2023-11-30 13:32:17,307] {taskinstance.py:1037} INFO - Dependencies all met for <TaskInstance: our_first_dag_v3.third_task scheduled__2023-08-02T00:00:00+00:00 [queued]>
[2023-11-30 13:32:17,308] {taskinstance.py:1243} INFO - 
--------------------------------------------------------------------------------
[2023-11-30 13:32:17,308] {taskinstance.py:1244} INFO - Starting attempt 1 of 6
[2023-11-30 13:32:17,308] {taskinstance.py:1245} INFO - 
--------------------------------------------------------------------------------
[2023-11-30 13:32:17,360] {taskinstance.py:1264} INFO - Executing <Task(BashOperator): third_task> on 2023-08-02 00:00:00+00:00
[2023-11-30 13:32:17,366] {standard_task_runner.py:52} INFO - Started process 4711 to run task
[2023-11-30 13:32:17,391] {standard_task_runner.py:76} INFO - Running: ['***', 'tasks', 'run', 'our_first_dag_v3', 'third_task', 'scheduled__2023-08-02T00:00:00+00:00', '--job-id', '263', '--raw', '--subdir', 'DAGS_FOLDER/our_first_dag.py', '--cfg-path', '/tmp/tmppq7del3i', '--error-file', '/tmp/tmpagbmqk9q']
[2023-11-30 13:32:17,393] {standard_task_runner.py:77} INFO - Job 263: Subtask third_task
[2023-11-30 13:32:17,600] {logging_mixin.py:109} INFO - Running <TaskInstance: our_first_dag_v3.third_task scheduled__2023-08-02T00:00:00+00:00 [running]> on host 08735726aeda
[2023-11-30 13:32:17,773] {taskinstance.py:1431} INFO - Exporting the following env vars:
AIRFLOW_CTX_DAG_OWNER=Ali
AIRFLOW_CTX_DAG_ID=our_first_dag_v3
AIRFLOW_CTX_TASK_ID=third_task
AIRFLOW_CTX_EXECUTION_DATE=2023-08-02T00:00:00+00:00
AIRFLOW_CTX_DAG_RUN_ID=scheduled__2023-08-02T00:00:00+00:00
[2023-11-30 13:32:17,778] {subprocess.py:62} INFO - Tmp dir root location: 
 /tmp
[2023-11-30 13:32:17,779] {subprocess.py:74} INFO - Running command: ['bash', '-c', 'echo hello world, this is the third task!']
[2023-11-30 13:32:17,797] {subprocess.py:85} INFO - Output:
[2023-11-30 13:32:17,799] {subprocess.py:89} INFO - hello world, this is the third task!
[2023-11-30 13:32:17,800] {subprocess.py:93} INFO - Command exited with return code 0
[2023-11-30 13:32:17,882] {taskinstance.py:1282} INFO - Marking task as SUCCESS. dag_id=our_first_dag_v3, task_id=third_task, execution_date=20230802T000000, start_date=20231130T133217, end_date=20231130T133217
[2023-11-30 13:32:17,971] {local_task_job.py:154} INFO - Task exited with return code 0
[2023-11-30 13:32:18,128] {local_task_job.py:264} INFO - 0 downstream tasks scheduled from follow-on schedule check
