[2023-12-04 13:37:35,921] {taskinstance.py:1037} INFO - Dependencies all met for <TaskInstance: dag_with_taskflow_api_v02.get_name scheduled__2022-01-14T00:00:00+00:00 [queued]>
[2023-12-04 13:37:35,943] {taskinstance.py:1037} INFO - Dependencies all met for <TaskInstance: dag_with_taskflow_api_v02.get_name scheduled__2022-01-14T00:00:00+00:00 [queued]>
[2023-12-04 13:37:35,943] {taskinstance.py:1243} INFO - 
--------------------------------------------------------------------------------
[2023-12-04 13:37:35,944] {taskinstance.py:1244} INFO - Starting attempt 1 of 6
[2023-12-04 13:37:35,944] {taskinstance.py:1245} INFO - 
--------------------------------------------------------------------------------
[2023-12-04 13:37:35,984] {taskinstance.py:1264} INFO - Executing <Task(_PythonDecoratedOperator): get_name> on 2022-01-14 00:00:00+00:00
[2023-12-04 13:37:35,990] {standard_task_runner.py:52} INFO - Started process 8842 to run task
[2023-12-04 13:37:36,003] {standard_task_runner.py:76} INFO - Running: ['***', 'tasks', 'run', 'dag_with_taskflow_api_v02', 'get_name', 'scheduled__2022-01-14T00:00:00+00:00', '--job-id', '786', '--raw', '--subdir', 'DAGS_FOLDER/dag_with_taskflow_api.py', '--cfg-path', '/tmp/tmpuza0v6h9', '--error-file', '/tmp/tmpdgg79ed6']
[2023-12-04 13:37:36,005] {standard_task_runner.py:77} INFO - Job 786: Subtask get_name
[2023-12-04 13:37:36,201] {logging_mixin.py:109} INFO - Running <TaskInstance: dag_with_taskflow_api_v02.get_name scheduled__2022-01-14T00:00:00+00:00 [running]> on host 9953e82db65e
[2023-12-04 13:37:36,309] {taskinstance.py:1431} INFO - Exporting the following env vars:
AIRFLOW_CTX_DAG_OWNER=Ali
AIRFLOW_CTX_DAG_ID=dag_with_taskflow_api_v02
AIRFLOW_CTX_TASK_ID=get_name
AIRFLOW_CTX_EXECUTION_DATE=2022-01-14T00:00:00+00:00
AIRFLOW_CTX_DAG_RUN_ID=scheduled__2022-01-14T00:00:00+00:00
[2023-12-04 13:37:36,311] {python.py:175} INFO - Done. Returned value was: {'first_name': 'Ali', 'last_name': 'Mokh'}
[2023-12-04 13:37:36,552] {taskinstance.py:1282} INFO - Marking task as SUCCESS. dag_id=dag_with_taskflow_api_v02, task_id=get_name, execution_date=20220114T000000, start_date=20231204T133735, end_date=20231204T133736
[2023-12-04 13:37:36,639] {local_task_job.py:154} INFO - Task exited with return code 0
[2023-12-04 13:37:36,853] {local_task_job.py:264} INFO - 0 downstream tasks scheduled from follow-on schedule check
