[2023-11-30 09:59:02,566] {taskinstance.py:1037} INFO - Dependencies all met for <TaskInstance: our_first_dag.first_task scheduled__2021-08-07T00:00:00+00:00 [queued]>
[2023-11-30 09:59:02,582] {taskinstance.py:1037} INFO - Dependencies all met for <TaskInstance: our_first_dag.first_task scheduled__2021-08-07T00:00:00+00:00 [queued]>
[2023-11-30 09:59:02,583] {taskinstance.py:1243} INFO - 
--------------------------------------------------------------------------------
[2023-11-30 09:59:02,583] {taskinstance.py:1244} INFO - Starting attempt 1 of 6
[2023-11-30 09:59:02,583] {taskinstance.py:1245} INFO - 
--------------------------------------------------------------------------------
[2023-11-30 09:59:02,608] {taskinstance.py:1264} INFO - Executing <Task(BashOperator): first_task> on 2021-08-07 00:00:00+00:00
[2023-11-30 09:59:02,617] {standard_task_runner.py:52} INFO - Started process 52913 to run task
[2023-11-30 09:59:02,620] {standard_task_runner.py:76} INFO - Running: ['***', 'tasks', 'run', 'our_first_dag', 'first_task', 'scheduled__2021-08-07T00:00:00+00:00', '--job-id', '13', '--raw', '--subdir', 'DAGS_FOLDER/our_first_dag.py', '--cfg-path', '/tmp/tmpavwf_ewv', '--error-file', '/tmp/tmplimd21ti']
[2023-11-30 09:59:02,622] {standard_task_runner.py:77} INFO - Job 13: Subtask first_task
[2023-11-30 09:59:02,751] {logging_mixin.py:109} INFO - Running <TaskInstance: our_first_dag.first_task scheduled__2021-08-07T00:00:00+00:00 [running]> on host 6a46d673723a
[2023-11-30 09:59:02,866] {taskinstance.py:1431} INFO - Exporting the following env vars:
AIRFLOW_CTX_DAG_OWNER=Ali
AIRFLOW_CTX_DAG_ID=our_first_dag
AIRFLOW_CTX_TASK_ID=first_task
AIRFLOW_CTX_EXECUTION_DATE=2021-08-07T00:00:00+00:00
AIRFLOW_CTX_DAG_RUN_ID=scheduled__2021-08-07T00:00:00+00:00
[2023-11-30 09:59:02,867] {subprocess.py:62} INFO - Tmp dir root location: 
 /tmp
[2023-11-30 09:59:02,868] {subprocess.py:74} INFO - Running command: ['bash', '-c', 'echo hello world, this is the first task!']
[2023-11-30 09:59:02,879] {subprocess.py:85} INFO - Output:
[2023-11-30 09:59:02,882] {subprocess.py:89} INFO - hello world, this is the first task!
[2023-11-30 09:59:02,883] {subprocess.py:93} INFO - Command exited with return code 0
[2023-11-30 09:59:02,979] {taskinstance.py:1282} INFO - Marking task as SUCCESS. dag_id=our_first_dag, task_id=first_task, execution_date=20210807T000000, start_date=20231130T095902, end_date=20231130T095902
[2023-11-30 09:59:03,042] {local_task_job.py:154} INFO - Task exited with return code 0
[2023-11-30 09:59:03,085] {local_task_job.py:264} INFO - 0 downstream tasks scheduled from follow-on schedule check
