[2023-12-04 13:41:07,572] {taskinstance.py:1037} INFO - Dependencies all met for <TaskInstance: dag_with_taskflow_api_v02.get_name scheduled__2022-10-13T00:00:00+00:00 [queued]>
[2023-12-04 13:41:07,596] {taskinstance.py:1037} INFO - Dependencies all met for <TaskInstance: dag_with_taskflow_api_v02.get_name scheduled__2022-10-13T00:00:00+00:00 [queued]>
[2023-12-04 13:41:07,596] {taskinstance.py:1243} INFO - 
--------------------------------------------------------------------------------
[2023-12-04 13:41:07,597] {taskinstance.py:1244} INFO - Starting attempt 1 of 6
[2023-12-04 13:41:07,597] {taskinstance.py:1245} INFO - 
--------------------------------------------------------------------------------
[2023-12-04 13:41:07,628] {taskinstance.py:1264} INFO - Executing <Task(_PythonDecoratedOperator): get_name> on 2022-10-13 00:00:00+00:00
[2023-12-04 13:41:07,640] {standard_task_runner.py:52} INFO - Started process 10729 to run task
[2023-12-04 13:41:07,645] {standard_task_runner.py:76} INFO - Running: ['***', 'tasks', 'run', 'dag_with_taskflow_api_v02', 'get_name', 'scheduled__2022-10-13T00:00:00+00:00', '--job-id', '1603', '--raw', '--subdir', 'DAGS_FOLDER/dag_with_taskflow_api.py', '--cfg-path', '/tmp/tmpmp2msla0', '--error-file', '/tmp/tmpusvjruye']
[2023-12-04 13:41:07,646] {standard_task_runner.py:77} INFO - Job 1603: Subtask get_name
[2023-12-04 13:41:07,799] {logging_mixin.py:109} INFO - Running <TaskInstance: dag_with_taskflow_api_v02.get_name scheduled__2022-10-13T00:00:00+00:00 [running]> on host 9953e82db65e
[2023-12-04 13:41:07,971] {taskinstance.py:1431} INFO - Exporting the following env vars:
AIRFLOW_CTX_DAG_OWNER=Ali
AIRFLOW_CTX_DAG_ID=dag_with_taskflow_api_v02
AIRFLOW_CTX_TASK_ID=get_name
AIRFLOW_CTX_EXECUTION_DATE=2022-10-13T00:00:00+00:00
AIRFLOW_CTX_DAG_RUN_ID=scheduled__2022-10-13T00:00:00+00:00
[2023-12-04 13:41:07,972] {python.py:175} INFO - Done. Returned value was: {'first_name': 'Ali', 'last_name': 'Mokh'}
[2023-12-04 13:41:08,120] {taskinstance.py:1282} INFO - Marking task as SUCCESS. dag_id=dag_with_taskflow_api_v02, task_id=get_name, execution_date=20221013T000000, start_date=20231204T134107, end_date=20231204T134108
[2023-12-04 13:41:08,179] {local_task_job.py:154} INFO - Task exited with return code 0
[2023-12-04 13:41:08,277] {local_task_job.py:264} INFO - 0 downstream tasks scheduled from follow-on schedule check
