[2023-12-04 13:42:55,388] {taskinstance.py:1037} INFO - Dependencies all met for <TaskInstance: dag_with_taskflow_api_v02.greet scheduled__2023-03-15T00:00:00+00:00 [queued]>
[2023-12-04 13:42:55,405] {taskinstance.py:1037} INFO - Dependencies all met for <TaskInstance: dag_with_taskflow_api_v02.greet scheduled__2023-03-15T00:00:00+00:00 [queued]>
[2023-12-04 13:42:55,406] {taskinstance.py:1243} INFO - 
--------------------------------------------------------------------------------
[2023-12-04 13:42:55,406] {taskinstance.py:1244} INFO - Starting attempt 1 of 6
[2023-12-04 13:42:55,406] {taskinstance.py:1245} INFO - 
--------------------------------------------------------------------------------
[2023-12-04 13:42:55,429] {taskinstance.py:1264} INFO - Executing <Task(_PythonDecoratedOperator): greet> on 2023-03-15 00:00:00+00:00
[2023-12-04 13:42:55,436] {standard_task_runner.py:52} INFO - Started process 11799 to run task
[2023-12-04 13:42:55,443] {standard_task_runner.py:76} INFO - Running: ['***', 'tasks', 'run', 'dag_with_taskflow_api_v02', 'greet', 'scheduled__2023-03-15T00:00:00+00:00', '--job-id', '2072', '--raw', '--subdir', 'DAGS_FOLDER/dag_with_taskflow_api.py', '--cfg-path', '/tmp/tmpcd39lq4c', '--error-file', '/tmp/tmpsvgmqn33']
[2023-12-04 13:42:55,445] {standard_task_runner.py:77} INFO - Job 2072: Subtask greet
[2023-12-04 13:42:55,615] {logging_mixin.py:109} INFO - Running <TaskInstance: dag_with_taskflow_api_v02.greet scheduled__2023-03-15T00:00:00+00:00 [running]> on host 9953e82db65e
[2023-12-04 13:42:55,759] {taskinstance.py:1431} INFO - Exporting the following env vars:
AIRFLOW_CTX_DAG_OWNER=Ali
AIRFLOW_CTX_DAG_ID=dag_with_taskflow_api_v02
AIRFLOW_CTX_TASK_ID=greet
AIRFLOW_CTX_EXECUTION_DATE=2023-03-15T00:00:00+00:00
AIRFLOW_CTX_DAG_RUN_ID=scheduled__2023-03-15T00:00:00+00:00
[2023-12-04 13:42:55,760] {logging_mixin.py:109} INFO - Hello World! My name is Ali Mokh and I am 30 years old
[2023-12-04 13:42:55,760] {python.py:175} INFO - Done. Returned value was: None
[2023-12-04 13:42:55,784] {taskinstance.py:1282} INFO - Marking task as SUCCESS. dag_id=dag_with_taskflow_api_v02, task_id=greet, execution_date=20230315T000000, start_date=20231204T134255, end_date=20231204T134255
[2023-12-04 13:42:55,838] {local_task_job.py:154} INFO - Task exited with return code 0
[2023-12-04 13:42:55,896] {local_task_job.py:264} INFO - 0 downstream tasks scheduled from follow-on schedule check
