[2023-12-04 13:38:42,545] {taskinstance.py:1037} INFO - Dependencies all met for <TaskInstance: dag_with_taskflow_api_v02.get_age scheduled__2022-04-03T00:00:00+00:00 [queued]>
[2023-12-04 13:38:42,565] {taskinstance.py:1037} INFO - Dependencies all met for <TaskInstance: dag_with_taskflow_api_v02.get_age scheduled__2022-04-03T00:00:00+00:00 [queued]>
[2023-12-04 13:38:42,570] {taskinstance.py:1243} INFO - 
--------------------------------------------------------------------------------
[2023-12-04 13:38:42,571] {taskinstance.py:1244} INFO - Starting attempt 1 of 6
[2023-12-04 13:38:42,571] {taskinstance.py:1245} INFO - 
--------------------------------------------------------------------------------
[2023-12-04 13:38:42,601] {taskinstance.py:1264} INFO - Executing <Task(_PythonDecoratedOperator): get_age> on 2022-04-03 00:00:00+00:00
[2023-12-04 13:38:42,606] {standard_task_runner.py:52} INFO - Started process 9394 to run task
[2023-12-04 13:38:42,621] {standard_task_runner.py:76} INFO - Running: ['***', 'tasks', 'run', 'dag_with_taskflow_api_v02', 'get_age', 'scheduled__2022-04-03T00:00:00+00:00', '--job-id', '1025', '--raw', '--subdir', 'DAGS_FOLDER/dag_with_taskflow_api.py', '--cfg-path', '/tmp/tmp31mfmf6q', '--error-file', '/tmp/tmpf596_7yo']
[2023-12-04 13:38:42,622] {standard_task_runner.py:77} INFO - Job 1025: Subtask get_age
[2023-12-04 13:38:42,702] {logging_mixin.py:109} INFO - Running <TaskInstance: dag_with_taskflow_api_v02.get_age scheduled__2022-04-03T00:00:00+00:00 [running]> on host 9953e82db65e
[2023-12-04 13:38:42,781] {taskinstance.py:1431} INFO - Exporting the following env vars:
AIRFLOW_CTX_DAG_OWNER=Ali
AIRFLOW_CTX_DAG_ID=dag_with_taskflow_api_v02
AIRFLOW_CTX_TASK_ID=get_age
AIRFLOW_CTX_EXECUTION_DATE=2022-04-03T00:00:00+00:00
AIRFLOW_CTX_DAG_RUN_ID=scheduled__2022-04-03T00:00:00+00:00
[2023-12-04 13:38:42,782] {python.py:175} INFO - Done. Returned value was: 30
[2023-12-04 13:38:42,845] {taskinstance.py:1282} INFO - Marking task as SUCCESS. dag_id=dag_with_taskflow_api_v02, task_id=get_age, execution_date=20220403T000000, start_date=20231204T133842, end_date=20231204T133842
[2023-12-04 13:38:42,869] {local_task_job.py:154} INFO - Task exited with return code 0
[2023-12-04 13:38:42,915] {local_task_job.py:264} INFO - 1 downstream tasks scheduled from follow-on schedule check
