[2023-12-04 13:37:17,139] {taskinstance.py:1037} INFO - Dependencies all met for <TaskInstance: dag_with_taskflow_api.get_name scheduled__2022-08-10T00:00:00+00:00 [queued]>
[2023-12-04 13:37:17,163] {taskinstance.py:1037} INFO - Dependencies all met for <TaskInstance: dag_with_taskflow_api.get_name scheduled__2022-08-10T00:00:00+00:00 [queued]>
[2023-12-04 13:37:17,163] {taskinstance.py:1243} INFO - 
--------------------------------------------------------------------------------
[2023-12-04 13:37:17,163] {taskinstance.py:1244} INFO - Starting attempt 1 of 6
[2023-12-04 13:37:17,163] {taskinstance.py:1245} INFO - 
--------------------------------------------------------------------------------
[2023-12-04 13:37:17,203] {taskinstance.py:1264} INFO - Executing <Task(_PythonDecoratedOperator): get_name> on 2022-08-10 00:00:00+00:00
[2023-12-04 13:37:17,210] {standard_task_runner.py:52} INFO - Started process 8705 to run task
[2023-12-04 13:37:17,217] {standard_task_runner.py:76} INFO - Running: ['***', 'tasks', 'run', 'dag_with_taskflow_api', 'get_name', 'scheduled__2022-08-10T00:00:00+00:00', '--job-id', '730', '--raw', '--subdir', 'DAGS_FOLDER/dag_with_taskflow_api.py', '--cfg-path', '/tmp/tmprxdxkc79', '--error-file', '/tmp/tmp8k0anin2']
[2023-12-04 13:37:17,219] {standard_task_runner.py:77} INFO - Job 730: Subtask get_name
[2023-12-04 13:37:17,352] {logging_mixin.py:109} INFO - Running <TaskInstance: dag_with_taskflow_api.get_name scheduled__2022-08-10T00:00:00+00:00 [running]> on host 9953e82db65e
[2023-12-04 13:37:17,432] {taskinstance.py:1431} INFO - Exporting the following env vars:
AIRFLOW_CTX_DAG_OWNER=Ali
AIRFLOW_CTX_DAG_ID=dag_with_taskflow_api
AIRFLOW_CTX_TASK_ID=get_name
AIRFLOW_CTX_EXECUTION_DATE=2022-08-10T00:00:00+00:00
AIRFLOW_CTX_DAG_RUN_ID=scheduled__2022-08-10T00:00:00+00:00
[2023-12-04 13:37:17,433] {python.py:175} INFO - Done. Returned value was: Ali
[2023-12-04 13:37:17,505] {taskinstance.py:1282} INFO - Marking task as SUCCESS. dag_id=dag_with_taskflow_api, task_id=get_name, execution_date=20220810T000000, start_date=20231204T133717, end_date=20231204T133717
[2023-12-04 13:37:17,557] {local_task_job.py:154} INFO - Task exited with return code 0
[2023-12-04 13:37:17,786] {local_task_job.py:264} INFO - 0 downstream tasks scheduled from follow-on schedule check
