[2023-11-30 13:32:15,961] {taskinstance.py:1037} INFO - Dependencies all met for <TaskInstance: our_first_dag_v3.first_task scheduled__2023-08-04T00:00:00+00:00 [queued]>
[2023-11-30 13:32:15,994] {taskinstance.py:1037} INFO - Dependencies all met for <TaskInstance: our_first_dag_v3.first_task scheduled__2023-08-04T00:00:00+00:00 [queued]>
[2023-11-30 13:32:15,994] {taskinstance.py:1243} INFO - 
--------------------------------------------------------------------------------
[2023-11-30 13:32:15,994] {taskinstance.py:1244} INFO - Starting attempt 1 of 6
[2023-11-30 13:32:15,998] {taskinstance.py:1245} INFO - 
--------------------------------------------------------------------------------
[2023-11-30 13:32:16,086] {taskinstance.py:1264} INFO - Executing <Task(BashOperator): first_task> on 2023-08-04 00:00:00+00:00
[2023-11-30 13:32:16,092] {standard_task_runner.py:52} INFO - Started process 4690 to run task
[2023-11-30 13:32:16,122] {standard_task_runner.py:76} INFO - Running: ['***', 'tasks', 'run', 'our_first_dag_v3', 'first_task', 'scheduled__2023-08-04T00:00:00+00:00', '--job-id', '256', '--raw', '--subdir', 'DAGS_FOLDER/our_first_dag.py', '--cfg-path', '/tmp/tmp135oufeq', '--error-file', '/tmp/tmpohlze1v9']
[2023-11-30 13:32:16,123] {standard_task_runner.py:77} INFO - Job 256: Subtask first_task
[2023-11-30 13:32:16,322] {logging_mixin.py:109} INFO - Running <TaskInstance: our_first_dag_v3.first_task scheduled__2023-08-04T00:00:00+00:00 [running]> on host 08735726aeda
[2023-11-30 13:32:16,600] {taskinstance.py:1431} INFO - Exporting the following env vars:
AIRFLOW_CTX_DAG_OWNER=Ali
AIRFLOW_CTX_DAG_ID=our_first_dag_v3
AIRFLOW_CTX_TASK_ID=first_task
AIRFLOW_CTX_EXECUTION_DATE=2023-08-04T00:00:00+00:00
AIRFLOW_CTX_DAG_RUN_ID=scheduled__2023-08-04T00:00:00+00:00
[2023-11-30 13:32:16,608] {subprocess.py:62} INFO - Tmp dir root location: 
 /tmp
[2023-11-30 13:32:16,608] {subprocess.py:74} INFO - Running command: ['bash', '-c', 'echo hello world, this is the first task!']
[2023-11-30 13:32:16,643] {subprocess.py:85} INFO - Output:
[2023-11-30 13:32:16,647] {subprocess.py:89} INFO - hello world, this is the first task!
[2023-11-30 13:32:16,647] {subprocess.py:93} INFO - Command exited with return code 0
[2023-11-30 13:32:16,754] {taskinstance.py:1282} INFO - Marking task as SUCCESS. dag_id=our_first_dag_v3, task_id=first_task, execution_date=20230804T000000, start_date=20231130T133215, end_date=20231130T133216
[2023-11-30 13:32:16,827] {local_task_job.py:154} INFO - Task exited with return code 0
[2023-11-30 13:32:17,007] {local_task_job.py:264} INFO - 2 downstream tasks scheduled from follow-on schedule check
