[2023-11-30 13:29:05,762] {taskinstance.py:1037} INFO - Dependencies all met for <TaskInstance: our_first_dag_v2.first_task scheduled__2023-09-19T00:00:00+00:00 [queued]>
[2023-11-30 13:29:05,780] {taskinstance.py:1037} INFO - Dependencies all met for <TaskInstance: our_first_dag_v2.first_task scheduled__2023-09-19T00:00:00+00:00 [queued]>
[2023-11-30 13:29:05,780] {taskinstance.py:1243} INFO - 
--------------------------------------------------------------------------------
[2023-11-30 13:29:05,781] {taskinstance.py:1244} INFO - Starting attempt 1 of 6
[2023-11-30 13:29:05,781] {taskinstance.py:1245} INFO - 
--------------------------------------------------------------------------------
[2023-11-30 13:29:05,807] {taskinstance.py:1264} INFO - Executing <Task(BashOperator): first_task> on 2023-09-19 00:00:00+00:00
[2023-11-30 13:29:05,812] {standard_task_runner.py:52} INFO - Started process 3060 to run task
[2023-11-30 13:29:05,816] {standard_task_runner.py:76} INFO - Running: ['***', 'tasks', 'run', 'our_first_dag_v2', 'first_task', 'scheduled__2023-09-19T00:00:00+00:00', '--job-id', '102', '--raw', '--subdir', 'DAGS_FOLDER/our_first_dag.py', '--cfg-path', '/tmp/tmp4wl0yxdn', '--error-file', '/tmp/tmpyseu0_6j']
[2023-11-30 13:29:05,821] {standard_task_runner.py:77} INFO - Job 102: Subtask first_task
[2023-11-30 13:29:05,927] {logging_mixin.py:109} INFO - Running <TaskInstance: our_first_dag_v2.first_task scheduled__2023-09-19T00:00:00+00:00 [running]> on host 08735726aeda
[2023-11-30 13:29:06,002] {taskinstance.py:1431} INFO - Exporting the following env vars:
AIRFLOW_CTX_DAG_OWNER=Ali
AIRFLOW_CTX_DAG_ID=our_first_dag_v2
AIRFLOW_CTX_TASK_ID=first_task
AIRFLOW_CTX_EXECUTION_DATE=2023-09-19T00:00:00+00:00
AIRFLOW_CTX_DAG_RUN_ID=scheduled__2023-09-19T00:00:00+00:00
[2023-11-30 13:29:06,003] {subprocess.py:62} INFO - Tmp dir root location: 
 /tmp
[2023-11-30 13:29:06,004] {subprocess.py:74} INFO - Running command: ['bash', '-c', 'echo hello world, this is the first task!']
[2023-11-30 13:29:06,013] {subprocess.py:85} INFO - Output:
[2023-11-30 13:29:06,014] {subprocess.py:89} INFO - hello world, this is the first task!
[2023-11-30 13:29:06,015] {subprocess.py:93} INFO - Command exited with return code 0
[2023-11-30 13:29:06,045] {taskinstance.py:1282} INFO - Marking task as SUCCESS. dag_id=our_first_dag_v2, task_id=first_task, execution_date=20230919T000000, start_date=20231130T132905, end_date=20231130T132906
[2023-11-30 13:29:06,083] {local_task_job.py:154} INFO - Task exited with return code 0
[2023-11-30 13:29:06,147] {local_task_job.py:264} INFO - 1 downstream tasks scheduled from follow-on schedule check
