[2023-11-30 12:36:09,319] {taskinstance.py:1037} INFO - Dependencies all met for <TaskInstance: our_first_dag.first_task scheduled__2023-10-08T00:00:00+00:00 [queued]>
[2023-11-30 12:36:09,343] {taskinstance.py:1037} INFO - Dependencies all met for <TaskInstance: our_first_dag.first_task scheduled__2023-10-08T00:00:00+00:00 [queued]>
[2023-11-30 12:36:09,343] {taskinstance.py:1243} INFO - 
--------------------------------------------------------------------------------
[2023-11-30 12:36:09,343] {taskinstance.py:1244} INFO - Starting attempt 1 of 6
[2023-11-30 12:36:09,344] {taskinstance.py:1245} INFO - 
--------------------------------------------------------------------------------
[2023-11-30 12:36:09,375] {taskinstance.py:1264} INFO - Executing <Task(BashOperator): first_task> on 2023-10-08 00:00:00+00:00
[2023-11-30 12:36:09,380] {standard_task_runner.py:52} INFO - Started process 84599 to run task
[2023-11-30 12:36:09,386] {standard_task_runner.py:76} INFO - Running: ['***', 'tasks', 'run', 'our_first_dag', 'first_task', 'scheduled__2023-10-08T00:00:00+00:00', '--job-id', '89', '--raw', '--subdir', 'DAGS_FOLDER/our_first_dag.py', '--cfg-path', '/tmp/tmp8uh_njr6', '--error-file', '/tmp/tmpxyn1xue3']
[2023-11-30 12:36:09,388] {standard_task_runner.py:77} INFO - Job 89: Subtask first_task
[2023-11-30 12:36:09,490] {logging_mixin.py:109} INFO - Running <TaskInstance: our_first_dag.first_task scheduled__2023-10-08T00:00:00+00:00 [running]> on host 6a46d673723a
[2023-11-30 12:36:09,595] {taskinstance.py:1431} INFO - Exporting the following env vars:
AIRFLOW_CTX_DAG_OWNER=Ali
AIRFLOW_CTX_DAG_ID=our_first_dag
AIRFLOW_CTX_TASK_ID=first_task
AIRFLOW_CTX_EXECUTION_DATE=2023-10-08T00:00:00+00:00
AIRFLOW_CTX_DAG_RUN_ID=scheduled__2023-10-08T00:00:00+00:00
[2023-11-30 12:36:09,596] {subprocess.py:62} INFO - Tmp dir root location: 
 /tmp
[2023-11-30 12:36:09,597] {subprocess.py:74} INFO - Running command: ['bash', '-c', 'echo hello world, this is the first task!']
[2023-11-30 12:36:09,609] {subprocess.py:85} INFO - Output:
[2023-11-30 12:36:09,611] {subprocess.py:89} INFO - hello world, this is the first task!
[2023-11-30 12:36:09,612] {subprocess.py:93} INFO - Command exited with return code 0
[2023-11-30 12:36:09,650] {taskinstance.py:1282} INFO - Marking task as SUCCESS. dag_id=our_first_dag, task_id=first_task, execution_date=20231008T000000, start_date=20231130T123609, end_date=20231130T123609
[2023-11-30 12:36:09,682] {local_task_job.py:154} INFO - Task exited with return code 0
[2023-11-30 12:36:09,719] {local_task_job.py:264} INFO - 0 downstream tasks scheduled from follow-on schedule check
