[2023-11-30 13:33:14,429] {taskinstance.py:1037} INFO - Dependencies all met for <TaskInstance: our_first_dag_v3.second_task scheduled__2023-09-09T00:00:00+00:00 [queued]>
[2023-11-30 13:33:14,448] {taskinstance.py:1037} INFO - Dependencies all met for <TaskInstance: our_first_dag_v3.second_task scheduled__2023-09-09T00:00:00+00:00 [queued]>
[2023-11-30 13:33:14,448] {taskinstance.py:1243} INFO - 
--------------------------------------------------------------------------------
[2023-11-30 13:33:14,448] {taskinstance.py:1244} INFO - Starting attempt 1 of 6
[2023-11-30 13:33:14,449] {taskinstance.py:1245} INFO - 
--------------------------------------------------------------------------------
[2023-11-30 13:33:14,479] {taskinstance.py:1264} INFO - Executing <Task(BashOperator): second_task> on 2023-09-09 00:00:00+00:00
[2023-11-30 13:33:14,485] {standard_task_runner.py:52} INFO - Started process 5425 to run task
[2023-11-30 13:33:14,492] {standard_task_runner.py:76} INFO - Running: ['***', 'tasks', 'run', 'our_first_dag_v3', 'second_task', 'scheduled__2023-09-09T00:00:00+00:00', '--job-id', '382', '--raw', '--subdir', 'DAGS_FOLDER/our_first_dag.py', '--cfg-path', '/tmp/tmp9z57oh_d', '--error-file', '/tmp/tmpnvkmhx0u']
[2023-11-30 13:33:14,494] {standard_task_runner.py:77} INFO - Job 382: Subtask second_task
[2023-11-30 13:33:14,588] {logging_mixin.py:109} INFO - Running <TaskInstance: our_first_dag_v3.second_task scheduled__2023-09-09T00:00:00+00:00 [running]> on host 08735726aeda
[2023-11-30 13:33:14,778] {taskinstance.py:1431} INFO - Exporting the following env vars:
AIRFLOW_CTX_DAG_OWNER=Ali
AIRFLOW_CTX_DAG_ID=our_first_dag_v3
AIRFLOW_CTX_TASK_ID=second_task
AIRFLOW_CTX_EXECUTION_DATE=2023-09-09T00:00:00+00:00
AIRFLOW_CTX_DAG_RUN_ID=scheduled__2023-09-09T00:00:00+00:00
[2023-11-30 13:33:14,780] {subprocess.py:62} INFO - Tmp dir root location: 
 /tmp
[2023-11-30 13:33:14,781] {subprocess.py:74} INFO - Running command: ['bash', '-c', 'echo hello world, this is the second task!']
[2023-11-30 13:33:14,795] {subprocess.py:85} INFO - Output:
[2023-11-30 13:33:14,798] {subprocess.py:89} INFO - hello world, this is the second task!
[2023-11-30 13:33:14,799] {subprocess.py:93} INFO - Command exited with return code 0
[2023-11-30 13:33:15,049] {taskinstance.py:1282} INFO - Marking task as SUCCESS. dag_id=our_first_dag_v3, task_id=second_task, execution_date=20230909T000000, start_date=20231130T133314, end_date=20231130T133315
[2023-11-30 13:33:15,113] {local_task_job.py:154} INFO - Task exited with return code 0
[2023-11-30 13:33:15,265] {local_task_job.py:264} INFO - 0 downstream tasks scheduled from follow-on schedule check
