[2023-11-30 13:28:40,851] {taskinstance.py:1037} INFO - Dependencies all met for <TaskInstance: our_first_dag_v2.first_task scheduled__2023-08-14T00:00:00+00:00 [queued]>
[2023-11-30 13:28:40,870] {taskinstance.py:1037} INFO - Dependencies all met for <TaskInstance: our_first_dag_v2.first_task scheduled__2023-08-14T00:00:00+00:00 [queued]>
[2023-11-30 13:28:40,870] {taskinstance.py:1243} INFO - 
--------------------------------------------------------------------------------
[2023-11-30 13:28:40,870] {taskinstance.py:1244} INFO - Starting attempt 1 of 6
[2023-11-30 13:28:40,870] {taskinstance.py:1245} INFO - 
--------------------------------------------------------------------------------
[2023-11-30 13:28:40,907] {taskinstance.py:1264} INFO - Executing <Task(BashOperator): first_task> on 2023-08-14 00:00:00+00:00
[2023-11-30 13:28:40,912] {standard_task_runner.py:52} INFO - Started process 2687 to run task
[2023-11-30 13:28:40,919] {standard_task_runner.py:76} INFO - Running: ['***', 'tasks', 'run', 'our_first_dag_v2', 'first_task', 'scheduled__2023-08-14T00:00:00+00:00', '--job-id', '28', '--raw', '--subdir', 'DAGS_FOLDER/our_first_dag.py', '--cfg-path', '/tmp/tmpbycbkwtl', '--error-file', '/tmp/tmpo1iippsc']
[2023-11-30 13:28:40,920] {standard_task_runner.py:77} INFO - Job 28: Subtask first_task
[2023-11-30 13:28:41,084] {logging_mixin.py:109} INFO - Running <TaskInstance: our_first_dag_v2.first_task scheduled__2023-08-14T00:00:00+00:00 [running]> on host 08735726aeda
[2023-11-30 13:28:41,185] {taskinstance.py:1431} INFO - Exporting the following env vars:
AIRFLOW_CTX_DAG_OWNER=Ali
AIRFLOW_CTX_DAG_ID=our_first_dag_v2
AIRFLOW_CTX_TASK_ID=first_task
AIRFLOW_CTX_EXECUTION_DATE=2023-08-14T00:00:00+00:00
AIRFLOW_CTX_DAG_RUN_ID=scheduled__2023-08-14T00:00:00+00:00
[2023-11-30 13:28:41,187] {subprocess.py:62} INFO - Tmp dir root location: 
 /tmp
[2023-11-30 13:28:41,188] {subprocess.py:74} INFO - Running command: ['bash', '-c', 'echo hello world, this is the first task!']
[2023-11-30 13:28:41,201] {subprocess.py:85} INFO - Output:
[2023-11-30 13:28:41,202] {subprocess.py:89} INFO - hello world, this is the first task!
[2023-11-30 13:28:41,202] {subprocess.py:93} INFO - Command exited with return code 0
[2023-11-30 13:28:41,272] {taskinstance.py:1282} INFO - Marking task as SUCCESS. dag_id=our_first_dag_v2, task_id=first_task, execution_date=20230814T000000, start_date=20231130T132840, end_date=20231130T132841
[2023-11-30 13:28:41,343] {local_task_job.py:154} INFO - Task exited with return code 0
[2023-11-30 13:28:41,473] {local_task_job.py:264} INFO - 1 downstream tasks scheduled from follow-on schedule check
