[2023-12-04 13:41:59,926] {taskinstance.py:1037} INFO - Dependencies all met for <TaskInstance: dag_with_taskflow_api_v02.greet scheduled__2022-12-29T00:00:00+00:00 [queued]>
[2023-12-04 13:41:59,944] {taskinstance.py:1037} INFO - Dependencies all met for <TaskInstance: dag_with_taskflow_api_v02.greet scheduled__2022-12-29T00:00:00+00:00 [queued]>
[2023-12-04 13:41:59,944] {taskinstance.py:1243} INFO - 
--------------------------------------------------------------------------------
[2023-12-04 13:41:59,945] {taskinstance.py:1244} INFO - Starting attempt 1 of 6
[2023-12-04 13:41:59,945] {taskinstance.py:1245} INFO - 
--------------------------------------------------------------------------------
[2023-12-04 13:41:59,994] {taskinstance.py:1264} INFO - Executing <Task(_PythonDecoratedOperator): greet> on 2022-12-29 00:00:00+00:00
[2023-12-04 13:42:00,004] {standard_task_runner.py:52} INFO - Started process 11271 to run task
[2023-12-04 13:42:00,017] {standard_task_runner.py:76} INFO - Running: ['***', 'tasks', 'run', 'dag_with_taskflow_api_v02', 'greet', 'scheduled__2022-12-29T00:00:00+00:00', '--job-id', '1844', '--raw', '--subdir', 'DAGS_FOLDER/dag_with_taskflow_api.py', '--cfg-path', '/tmp/tmpr81kvt21', '--error-file', '/tmp/tmprk7k6lm2']
[2023-12-04 13:42:00,018] {standard_task_runner.py:77} INFO - Job 1844: Subtask greet
[2023-12-04 13:42:00,101] {logging_mixin.py:109} INFO - Running <TaskInstance: dag_with_taskflow_api_v02.greet scheduled__2022-12-29T00:00:00+00:00 [running]> on host 9953e82db65e
[2023-12-04 13:42:00,212] {taskinstance.py:1431} INFO - Exporting the following env vars:
AIRFLOW_CTX_DAG_OWNER=Ali
AIRFLOW_CTX_DAG_ID=dag_with_taskflow_api_v02
AIRFLOW_CTX_TASK_ID=greet
AIRFLOW_CTX_EXECUTION_DATE=2022-12-29T00:00:00+00:00
AIRFLOW_CTX_DAG_RUN_ID=scheduled__2022-12-29T00:00:00+00:00
[2023-12-04 13:42:00,213] {logging_mixin.py:109} INFO - Hello World! My name is Ali Mokh and I am 30 years old
[2023-12-04 13:42:00,217] {python.py:175} INFO - Done. Returned value was: None
[2023-12-04 13:42:00,231] {taskinstance.py:1282} INFO - Marking task as SUCCESS. dag_id=dag_with_taskflow_api_v02, task_id=greet, execution_date=20221229T000000, start_date=20231204T134159, end_date=20231204T134200
[2023-12-04 13:42:00,274] {local_task_job.py:154} INFO - Task exited with return code 0
[2023-12-04 13:42:00,303] {local_task_job.py:264} INFO - 0 downstream tasks scheduled from follow-on schedule check
