[2023-11-30 12:36:19,754] {taskinstance.py:1037} INFO - Dependencies all met for <TaskInstance: our_first_dag.first_task scheduled__2023-10-20T00:00:00+00:00 [queued]>
[2023-11-30 12:36:19,792] {taskinstance.py:1037} INFO - Dependencies all met for <TaskInstance: our_first_dag.first_task scheduled__2023-10-20T00:00:00+00:00 [queued]>
[2023-11-30 12:36:19,792] {taskinstance.py:1243} INFO - 
--------------------------------------------------------------------------------
[2023-11-30 12:36:19,792] {taskinstance.py:1244} INFO - Starting attempt 1 of 6
[2023-11-30 12:36:19,793] {taskinstance.py:1245} INFO - 
--------------------------------------------------------------------------------
[2023-11-30 12:36:19,866] {taskinstance.py:1264} INFO - Executing <Task(BashOperator): first_task> on 2023-10-20 00:00:00+00:00
[2023-11-30 12:36:19,871] {standard_task_runner.py:52} INFO - Started process 84696 to run task
[2023-11-30 12:36:19,888] {standard_task_runner.py:76} INFO - Running: ['***', 'tasks', 'run', 'our_first_dag', 'first_task', 'scheduled__2023-10-20T00:00:00+00:00', '--job-id', '101', '--raw', '--subdir', 'DAGS_FOLDER/our_first_dag.py', '--cfg-path', '/tmp/tmpelo4k_2d', '--error-file', '/tmp/tmpoxzfow3h']
[2023-11-30 12:36:19,889] {standard_task_runner.py:77} INFO - Job 101: Subtask first_task
[2023-11-30 12:36:20,055] {logging_mixin.py:109} INFO - Running <TaskInstance: our_first_dag.first_task scheduled__2023-10-20T00:00:00+00:00 [running]> on host 6a46d673723a
[2023-11-30 12:36:20,220] {taskinstance.py:1431} INFO - Exporting the following env vars:
AIRFLOW_CTX_DAG_OWNER=Ali
AIRFLOW_CTX_DAG_ID=our_first_dag
AIRFLOW_CTX_TASK_ID=first_task
AIRFLOW_CTX_EXECUTION_DATE=2023-10-20T00:00:00+00:00
AIRFLOW_CTX_DAG_RUN_ID=scheduled__2023-10-20T00:00:00+00:00
[2023-11-30 12:36:20,223] {subprocess.py:62} INFO - Tmp dir root location: 
 /tmp
[2023-11-30 12:36:20,224] {subprocess.py:74} INFO - Running command: ['bash', '-c', 'echo hello world, this is the first task!']
[2023-11-30 12:36:20,245] {subprocess.py:85} INFO - Output:
[2023-11-30 12:36:20,247] {subprocess.py:89} INFO - hello world, this is the first task!
[2023-11-30 12:36:20,248] {subprocess.py:93} INFO - Command exited with return code 0
[2023-11-30 12:36:20,311] {taskinstance.py:1282} INFO - Marking task as SUCCESS. dag_id=our_first_dag, task_id=first_task, execution_date=20231020T000000, start_date=20231130T123619, end_date=20231130T123620
[2023-11-30 12:36:20,399] {local_task_job.py:154} INFO - Task exited with return code 0
[2023-11-30 12:36:20,482] {local_task_job.py:264} INFO - 0 downstream tasks scheduled from follow-on schedule check
