[2023-12-04 13:37:36,904] {taskinstance.py:1037} INFO - Dependencies all met for <TaskInstance: dag_with_taskflow_api_v02.get_age manual__2023-12-04T13:37:35.735983+00:00 [queued]>
[2023-12-04 13:37:36,935] {taskinstance.py:1037} INFO - Dependencies all met for <TaskInstance: dag_with_taskflow_api_v02.get_age manual__2023-12-04T13:37:35.735983+00:00 [queued]>
[2023-12-04 13:37:36,937] {taskinstance.py:1243} INFO - 
--------------------------------------------------------------------------------
[2023-12-04 13:37:36,938] {taskinstance.py:1244} INFO - Starting attempt 1 of 6
[2023-12-04 13:37:36,938] {taskinstance.py:1245} INFO - 
--------------------------------------------------------------------------------
[2023-12-04 13:37:36,974] {taskinstance.py:1264} INFO - Executing <Task(_PythonDecoratedOperator): get_age> on 2023-12-04 13:37:35.735983+00:00
[2023-12-04 13:37:36,978] {standard_task_runner.py:52} INFO - Started process 8856 to run task
[2023-12-04 13:37:36,984] {standard_task_runner.py:76} INFO - Running: ['***', 'tasks', 'run', 'dag_with_taskflow_api_v02', 'get_age', 'manual__2023-12-04T13:37:35.735983+00:00', '--job-id', '794', '--raw', '--subdir', 'DAGS_FOLDER/dag_with_taskflow_api.py', '--cfg-path', '/tmp/tmp8sa1adcc', '--error-file', '/tmp/tmpqa_m_pxf']
[2023-12-04 13:37:36,985] {standard_task_runner.py:77} INFO - Job 794: Subtask get_age
[2023-12-04 13:37:37,136] {logging_mixin.py:109} INFO - Running <TaskInstance: dag_with_taskflow_api_v02.get_age manual__2023-12-04T13:37:35.735983+00:00 [running]> on host 9953e82db65e
[2023-12-04 13:37:37,258] {taskinstance.py:1431} INFO - Exporting the following env vars:
AIRFLOW_CTX_DAG_OWNER=Ali
AIRFLOW_CTX_DAG_ID=dag_with_taskflow_api_v02
AIRFLOW_CTX_TASK_ID=get_age
AIRFLOW_CTX_EXECUTION_DATE=2023-12-04T13:37:35.735983+00:00
AIRFLOW_CTX_DAG_RUN_ID=manual__2023-12-04T13:37:35.735983+00:00
[2023-12-04 13:37:37,259] {python.py:175} INFO - Done. Returned value was: 30
[2023-12-04 13:37:37,387] {taskinstance.py:1282} INFO - Marking task as SUCCESS. dag_id=dag_with_taskflow_api_v02, task_id=get_age, execution_date=20231204T133735, start_date=20231204T133736, end_date=20231204T133737
[2023-12-04 13:37:37,443] {local_task_job.py:154} INFO - Task exited with return code 0
[2023-12-04 13:37:37,544] {local_task_job.py:264} INFO - 0 downstream tasks scheduled from follow-on schedule check
