[2023-11-30 13:29:20,357] {taskinstance.py:1037} INFO - Dependencies all met for <TaskInstance: our_first_dag_v2.second_task scheduled__2023-10-07T00:00:00+00:00 [queued]>
[2023-11-30 13:29:20,371] {taskinstance.py:1037} INFO - Dependencies all met for <TaskInstance: our_first_dag_v2.second_task scheduled__2023-10-07T00:00:00+00:00 [queued]>
[2023-11-30 13:29:20,371] {taskinstance.py:1243} INFO - 
--------------------------------------------------------------------------------
[2023-11-30 13:29:20,371] {taskinstance.py:1244} INFO - Starting attempt 1 of 6
[2023-11-30 13:29:20,371] {taskinstance.py:1245} INFO - 
--------------------------------------------------------------------------------
[2023-11-30 13:29:20,383] {taskinstance.py:1264} INFO - Executing <Task(BashOperator): second_task> on 2023-10-07 00:00:00+00:00
[2023-11-30 13:29:20,388] {standard_task_runner.py:52} INFO - Started process 3289 to run task
[2023-11-30 13:29:20,391] {standard_task_runner.py:76} INFO - Running: ['***', 'tasks', 'run', 'our_first_dag_v2', 'second_task', 'scheduled__2023-10-07T00:00:00+00:00', '--job-id', '142', '--raw', '--subdir', 'DAGS_FOLDER/our_first_dag.py', '--cfg-path', '/tmp/tmpn1d72z58', '--error-file', '/tmp/tmp2x8jg_wc']
[2023-11-30 13:29:20,392] {standard_task_runner.py:77} INFO - Job 142: Subtask second_task
[2023-11-30 13:29:20,461] {logging_mixin.py:109} INFO - Running <TaskInstance: our_first_dag_v2.second_task scheduled__2023-10-07T00:00:00+00:00 [running]> on host 08735726aeda
[2023-11-30 13:29:20,546] {taskinstance.py:1431} INFO - Exporting the following env vars:
AIRFLOW_CTX_DAG_OWNER=Ali
AIRFLOW_CTX_DAG_ID=our_first_dag_v2
AIRFLOW_CTX_TASK_ID=second_task
AIRFLOW_CTX_EXECUTION_DATE=2023-10-07T00:00:00+00:00
AIRFLOW_CTX_DAG_RUN_ID=scheduled__2023-10-07T00:00:00+00:00
[2023-11-30 13:29:20,547] {subprocess.py:62} INFO - Tmp dir root location: 
 /tmp
[2023-11-30 13:29:20,548] {subprocess.py:74} INFO - Running command: ['bash', '-c', 'echo hello world, this is the second task!']
[2023-11-30 13:29:20,560] {subprocess.py:85} INFO - Output:
[2023-11-30 13:29:20,563] {subprocess.py:89} INFO - hello world, this is the second task!
[2023-11-30 13:29:20,563] {subprocess.py:93} INFO - Command exited with return code 0
[2023-11-30 13:29:20,676] {taskinstance.py:1282} INFO - Marking task as SUCCESS. dag_id=our_first_dag_v2, task_id=second_task, execution_date=20231007T000000, start_date=20231130T132920, end_date=20231130T132920
[2023-11-30 13:29:20,726] {local_task_job.py:154} INFO - Task exited with return code 0
[2023-11-30 13:29:20,795] {local_task_job.py:264} INFO - 0 downstream tasks scheduled from follow-on schedule check
