[2023-11-30 15:00:22,158] {taskinstance.py:1037} INFO - Dependencies all met for <TaskInstance: our_dag_with_python_operator_v04.get_name scheduled__2023-11-29T00:00:00+00:00 [queued]>
[2023-11-30 15:00:22,164] {taskinstance.py:1037} INFO - Dependencies all met for <TaskInstance: our_dag_with_python_operator_v04.get_name scheduled__2023-11-29T00:00:00+00:00 [queued]>
[2023-11-30 15:00:22,165] {taskinstance.py:1243} INFO - 
--------------------------------------------------------------------------------
[2023-11-30 15:00:22,165] {taskinstance.py:1244} INFO - Starting attempt 1 of 6
[2023-11-30 15:00:22,165] {taskinstance.py:1245} INFO - 
--------------------------------------------------------------------------------
[2023-11-30 15:00:22,174] {taskinstance.py:1264} INFO - Executing <Task(PythonOperator): get_name> on 2023-11-29 00:00:00+00:00
[2023-11-30 15:00:22,178] {standard_task_runner.py:52} INFO - Started process 18906 to run task
[2023-11-30 15:00:22,180] {standard_task_runner.py:76} INFO - Running: ['***', 'tasks', 'run', 'our_dag_with_python_operator_v04', 'get_name', 'scheduled__2023-11-29T00:00:00+00:00', '--job-id', '628', '--raw', '--subdir', 'DAGS_FOLDER/create_dag_with_python_operator.py', '--cfg-path', '/tmp/tmp4rontpd1', '--error-file', '/tmp/tmpxrfrrijt']
[2023-11-30 15:00:22,181] {standard_task_runner.py:77} INFO - Job 628: Subtask get_name
[2023-11-30 15:00:22,222] {logging_mixin.py:109} INFO - Running <TaskInstance: our_dag_with_python_operator_v04.get_name scheduled__2023-11-29T00:00:00+00:00 [running]> on host 08735726aeda
[2023-11-30 15:00:22,258] {taskinstance.py:1431} INFO - Exporting the following env vars:
AIRFLOW_CTX_DAG_OWNER=Ali
AIRFLOW_CTX_DAG_ID=our_dag_with_python_operator_v04
AIRFLOW_CTX_TASK_ID=get_name
AIRFLOW_CTX_EXECUTION_DATE=2023-11-29T00:00:00+00:00
AIRFLOW_CTX_DAG_RUN_ID=scheduled__2023-11-29T00:00:00+00:00
[2023-11-30 15:00:22,258] {python.py:175} INFO - Done. Returned value was: Ali
[2023-11-30 15:00:22,275] {taskinstance.py:1282} INFO - Marking task as SUCCESS. dag_id=our_dag_with_python_operator_v04, task_id=get_name, execution_date=20231129T000000, start_date=20231130T150022, end_date=20231130T150022
[2023-11-30 15:00:22,314] {local_task_job.py:154} INFO - Task exited with return code 0
[2023-11-30 15:00:22,340] {local_task_job.py:264} INFO - 1 downstream tasks scheduled from follow-on schedule check
[2023-12-04 10:58:00,396] {taskinstance.py:1037} INFO - Dependencies all met for <TaskInstance: our_dag_with_python_operator_v04.get_name scheduled__2023-11-29T00:00:00+00:00 [queued]>
[2023-12-04 10:58:00,405] {taskinstance.py:1037} INFO - Dependencies all met for <TaskInstance: our_dag_with_python_operator_v04.get_name scheduled__2023-11-29T00:00:00+00:00 [queued]>
[2023-12-04 10:58:00,405] {taskinstance.py:1243} INFO - 
--------------------------------------------------------------------------------
[2023-12-04 10:58:00,405] {taskinstance.py:1244} INFO - Starting attempt 1 of 6
[2023-12-04 10:58:00,405] {taskinstance.py:1245} INFO - 
--------------------------------------------------------------------------------
[2023-12-04 10:58:00,417] {taskinstance.py:1264} INFO - Executing <Task(PythonOperator): get_name> on 2023-11-29 00:00:00+00:00
[2023-12-04 10:58:00,419] {standard_task_runner.py:52} INFO - Started process 237 to run task
[2023-12-04 10:58:00,421] {standard_task_runner.py:76} INFO - Running: ['***', 'tasks', 'run', 'our_dag_with_python_operator_v04', 'get_name', 'scheduled__2023-11-29T00:00:00+00:00', '--job-id', '3', '--raw', '--subdir', 'DAGS_FOLDER/create_dag_with_python_operator.py', '--cfg-path', '/tmp/tmp1nguse2i', '--error-file', '/tmp/tmpk5xznatk']
[2023-12-04 10:58:00,422] {standard_task_runner.py:77} INFO - Job 3: Subtask get_name
[2023-12-04 10:58:00,462] {logging_mixin.py:109} INFO - Running <TaskInstance: our_dag_with_python_operator_v04.get_name scheduled__2023-11-29T00:00:00+00:00 [running]> on host 9953e82db65e
[2023-12-04 10:58:00,512] {taskinstance.py:1431} INFO - Exporting the following env vars:
AIRFLOW_CTX_DAG_OWNER=Ali
AIRFLOW_CTX_DAG_ID=our_dag_with_python_operator_v04
AIRFLOW_CTX_TASK_ID=get_name
AIRFLOW_CTX_EXECUTION_DATE=2023-11-29T00:00:00+00:00
AIRFLOW_CTX_DAG_RUN_ID=scheduled__2023-11-29T00:00:00+00:00
[2023-12-04 10:58:00,512] {python.py:175} INFO - Done. Returned value was: Ali
[2023-12-04 10:58:00,528] {taskinstance.py:1282} INFO - Marking task as SUCCESS. dag_id=our_dag_with_python_operator_v04, task_id=get_name, execution_date=20231129T000000, start_date=20231204T105800, end_date=20231204T105800
[2023-12-04 10:58:00,553] {local_task_job.py:154} INFO - Task exited with return code 0
[2023-12-04 10:58:00,575] {local_task_job.py:264} INFO - 1 downstream tasks scheduled from follow-on schedule check
