[2023-11-30 12:35:39,281] {taskinstance.py:1037} INFO - Dependencies all met for <TaskInstance: our_first_dag.first_task scheduled__2023-08-27T00:00:00+00:00 [queued]>
[2023-11-30 12:35:39,321] {taskinstance.py:1037} INFO - Dependencies all met for <TaskInstance: our_first_dag.first_task scheduled__2023-08-27T00:00:00+00:00 [queued]>
[2023-11-30 12:35:39,321] {taskinstance.py:1243} INFO - 
--------------------------------------------------------------------------------
[2023-11-30 12:35:39,321] {taskinstance.py:1244} INFO - Starting attempt 1 of 6
[2023-11-30 12:35:39,322] {taskinstance.py:1245} INFO - 
--------------------------------------------------------------------------------
[2023-11-30 12:35:39,432] {taskinstance.py:1264} INFO - Executing <Task(BashOperator): first_task> on 2023-08-27 00:00:00+00:00
[2023-11-30 12:35:39,442] {standard_task_runner.py:76} INFO - Running: ['***', 'tasks', 'run', 'our_first_dag', 'first_task', 'scheduled__2023-08-27T00:00:00+00:00', '--job-id', '47', '--raw', '--subdir', 'DAGS_FOLDER/our_first_dag.py', '--cfg-path', '/tmp/tmpwt_nvty2', '--error-file', '/tmp/tmpjoay1lv9']
[2023-11-30 12:35:39,444] {standard_task_runner.py:77} INFO - Job 47: Subtask first_task
[2023-11-30 12:35:39,437] {standard_task_runner.py:52} INFO - Started process 84291 to run task
[2023-11-30 12:35:39,722] {logging_mixin.py:109} INFO - Running <TaskInstance: our_first_dag.first_task scheduled__2023-08-27T00:00:00+00:00 [running]> on host 6a46d673723a
[2023-11-30 12:35:39,937] {taskinstance.py:1431} INFO - Exporting the following env vars:
AIRFLOW_CTX_DAG_OWNER=Ali
AIRFLOW_CTX_DAG_ID=our_first_dag
AIRFLOW_CTX_TASK_ID=first_task
AIRFLOW_CTX_EXECUTION_DATE=2023-08-27T00:00:00+00:00
AIRFLOW_CTX_DAG_RUN_ID=scheduled__2023-08-27T00:00:00+00:00
[2023-11-30 12:35:39,939] {subprocess.py:62} INFO - Tmp dir root location: 
 /tmp
[2023-11-30 12:35:39,940] {subprocess.py:74} INFO - Running command: ['bash', '-c', 'echo hello world, this is the first task!']
[2023-11-30 12:35:39,964] {subprocess.py:85} INFO - Output:
[2023-11-30 12:35:39,965] {subprocess.py:89} INFO - hello world, this is the first task!
[2023-11-30 12:35:39,965] {subprocess.py:93} INFO - Command exited with return code 0
[2023-11-30 12:35:40,065] {taskinstance.py:1282} INFO - Marking task as SUCCESS. dag_id=our_first_dag, task_id=first_task, execution_date=20230827T000000, start_date=20231130T123539, end_date=20231130T123540
[2023-11-30 12:35:40,169] {local_task_job.py:154} INFO - Task exited with return code 0
[2023-11-30 12:35:40,275] {local_task_job.py:264} INFO - 0 downstream tasks scheduled from follow-on schedule check
