[2023-12-04 13:40:34,876] {taskinstance.py:1037} INFO - Dependencies all met for <TaskInstance: dag_with_taskflow_api_v02.get_age scheduled__2022-08-31T00:00:00+00:00 [queued]>
[2023-12-04 13:40:34,900] {taskinstance.py:1037} INFO - Dependencies all met for <TaskInstance: dag_with_taskflow_api_v02.get_age scheduled__2022-08-31T00:00:00+00:00 [queued]>
[2023-12-04 13:40:34,901] {taskinstance.py:1243} INFO - 
--------------------------------------------------------------------------------
[2023-12-04 13:40:34,901] {taskinstance.py:1244} INFO - Starting attempt 1 of 6
[2023-12-04 13:40:34,901] {taskinstance.py:1245} INFO - 
--------------------------------------------------------------------------------
[2023-12-04 13:40:34,928] {taskinstance.py:1264} INFO - Executing <Task(_PythonDecoratedOperator): get_age> on 2022-08-31 00:00:00+00:00
[2023-12-04 13:40:34,932] {standard_task_runner.py:52} INFO - Started process 10438 to run task
[2023-12-04 13:40:34,943] {standard_task_runner.py:76} INFO - Running: ['***', 'tasks', 'run', 'dag_with_taskflow_api_v02', 'get_age', 'scheduled__2022-08-31T00:00:00+00:00', '--job-id', '1474', '--raw', '--subdir', 'DAGS_FOLDER/dag_with_taskflow_api.py', '--cfg-path', '/tmp/tmpugar0lt8', '--error-file', '/tmp/tmplj8x_csv']
[2023-12-04 13:40:34,948] {standard_task_runner.py:77} INFO - Job 1474: Subtask get_age
[2023-12-04 13:40:35,142] {logging_mixin.py:109} INFO - Running <TaskInstance: dag_with_taskflow_api_v02.get_age scheduled__2022-08-31T00:00:00+00:00 [running]> on host 9953e82db65e
[2023-12-04 13:40:35,351] {taskinstance.py:1431} INFO - Exporting the following env vars:
AIRFLOW_CTX_DAG_OWNER=Ali
AIRFLOW_CTX_DAG_ID=dag_with_taskflow_api_v02
AIRFLOW_CTX_TASK_ID=get_age
AIRFLOW_CTX_EXECUTION_DATE=2022-08-31T00:00:00+00:00
AIRFLOW_CTX_DAG_RUN_ID=scheduled__2022-08-31T00:00:00+00:00
[2023-12-04 13:40:35,353] {python.py:175} INFO - Done. Returned value was: 30
[2023-12-04 13:40:35,698] {taskinstance.py:1282} INFO - Marking task as SUCCESS. dag_id=dag_with_taskflow_api_v02, task_id=get_age, execution_date=20220831T000000, start_date=20231204T134034, end_date=20231204T134035
[2023-12-04 13:40:35,735] {local_task_job.py:154} INFO - Task exited with return code 0
[2023-12-04 13:40:35,835] {local_task_job.py:264} INFO - 0 downstream tasks scheduled from follow-on schedule check
