[2023-11-30 13:29:05,535] {taskinstance.py:1037} INFO - Dependencies all met for <TaskInstance: our_first_dag_v2.first_task scheduled__2023-09-18T00:00:00+00:00 [queued]>
[2023-11-30 13:29:05,550] {taskinstance.py:1037} INFO - Dependencies all met for <TaskInstance: our_first_dag_v2.first_task scheduled__2023-09-18T00:00:00+00:00 [queued]>
[2023-11-30 13:29:05,551] {taskinstance.py:1243} INFO - 
--------------------------------------------------------------------------------
[2023-11-30 13:29:05,552] {taskinstance.py:1244} INFO - Starting attempt 1 of 6
[2023-11-30 13:29:05,552] {taskinstance.py:1245} INFO - 
--------------------------------------------------------------------------------
[2023-11-30 13:29:05,580] {taskinstance.py:1264} INFO - Executing <Task(BashOperator): first_task> on 2023-09-18 00:00:00+00:00
[2023-11-30 13:29:05,585] {standard_task_runner.py:52} INFO - Started process 3057 to run task
[2023-11-30 13:29:05,589] {standard_task_runner.py:76} INFO - Running: ['***', 'tasks', 'run', 'our_first_dag_v2', 'first_task', 'scheduled__2023-09-18T00:00:00+00:00', '--job-id', '101', '--raw', '--subdir', 'DAGS_FOLDER/our_first_dag.py', '--cfg-path', '/tmp/tmpto7zgb9w', '--error-file', '/tmp/tmp3rn8yyee']
[2023-11-30 13:29:05,590] {standard_task_runner.py:77} INFO - Job 101: Subtask first_task
[2023-11-30 13:29:05,685] {logging_mixin.py:109} INFO - Running <TaskInstance: our_first_dag_v2.first_task scheduled__2023-09-18T00:00:00+00:00 [running]> on host 08735726aeda
[2023-11-30 13:29:05,826] {taskinstance.py:1431} INFO - Exporting the following env vars:
AIRFLOW_CTX_DAG_OWNER=Ali
AIRFLOW_CTX_DAG_ID=our_first_dag_v2
AIRFLOW_CTX_TASK_ID=first_task
AIRFLOW_CTX_EXECUTION_DATE=2023-09-18T00:00:00+00:00
AIRFLOW_CTX_DAG_RUN_ID=scheduled__2023-09-18T00:00:00+00:00
[2023-11-30 13:29:05,827] {subprocess.py:62} INFO - Tmp dir root location: 
 /tmp
[2023-11-30 13:29:05,828] {subprocess.py:74} INFO - Running command: ['bash', '-c', 'echo hello world, this is the first task!']
[2023-11-30 13:29:05,846] {subprocess.py:85} INFO - Output:
[2023-11-30 13:29:05,847] {subprocess.py:89} INFO - hello world, this is the first task!
[2023-11-30 13:29:05,847] {subprocess.py:93} INFO - Command exited with return code 0
[2023-11-30 13:29:06,038] {taskinstance.py:1282} INFO - Marking task as SUCCESS. dag_id=our_first_dag_v2, task_id=first_task, execution_date=20230918T000000, start_date=20231130T132905, end_date=20231130T132906
[2023-11-30 13:29:06,099] {local_task_job.py:154} INFO - Task exited with return code 0
[2023-11-30 13:29:06,152] {local_task_job.py:264} INFO - 1 downstream tasks scheduled from follow-on schedule check
