[2023-12-04 13:43:35,096] {taskinstance.py:1037} INFO - Dependencies all met for <TaskInstance: dag_with_taskflow_api_v02.get_age scheduled__2023-05-10T00:00:00+00:00 [queued]>
[2023-12-04 13:43:35,112] {taskinstance.py:1037} INFO - Dependencies all met for <TaskInstance: dag_with_taskflow_api_v02.get_age scheduled__2023-05-10T00:00:00+00:00 [queued]>
[2023-12-04 13:43:35,113] {taskinstance.py:1243} INFO - 
--------------------------------------------------------------------------------
[2023-12-04 13:43:35,113] {taskinstance.py:1244} INFO - Starting attempt 1 of 6
[2023-12-04 13:43:35,114] {taskinstance.py:1245} INFO - 
--------------------------------------------------------------------------------
[2023-12-04 13:43:35,149] {taskinstance.py:1264} INFO - Executing <Task(_PythonDecoratedOperator): get_age> on 2023-05-10 00:00:00+00:00
[2023-12-04 13:43:35,161] {standard_task_runner.py:52} INFO - Started process 12163 to run task
[2023-12-04 13:43:35,168] {standard_task_runner.py:76} INFO - Running: ['***', 'tasks', 'run', 'dag_with_taskflow_api_v02', 'get_age', 'scheduled__2023-05-10T00:00:00+00:00', '--job-id', '2231', '--raw', '--subdir', 'DAGS_FOLDER/dag_with_taskflow_api.py', '--cfg-path', '/tmp/tmp8eq2yj6f', '--error-file', '/tmp/tmp6gfy85l8']
[2023-12-04 13:43:35,170] {standard_task_runner.py:77} INFO - Job 2231: Subtask get_age
[2023-12-04 13:43:35,356] {logging_mixin.py:109} INFO - Running <TaskInstance: dag_with_taskflow_api_v02.get_age scheduled__2023-05-10T00:00:00+00:00 [running]> on host 9953e82db65e
[2023-12-04 13:43:35,513] {taskinstance.py:1431} INFO - Exporting the following env vars:
AIRFLOW_CTX_DAG_OWNER=Ali
AIRFLOW_CTX_DAG_ID=dag_with_taskflow_api_v02
AIRFLOW_CTX_TASK_ID=get_age
AIRFLOW_CTX_EXECUTION_DATE=2023-05-10T00:00:00+00:00
AIRFLOW_CTX_DAG_RUN_ID=scheduled__2023-05-10T00:00:00+00:00
[2023-12-04 13:43:35,514] {python.py:175} INFO - Done. Returned value was: 30
[2023-12-04 13:43:35,569] {taskinstance.py:1282} INFO - Marking task as SUCCESS. dag_id=dag_with_taskflow_api_v02, task_id=get_age, execution_date=20230510T000000, start_date=20231204T134335, end_date=20231204T134335
[2023-12-04 13:43:35,608] {local_task_job.py:154} INFO - Task exited with return code 0
[2023-12-04 13:43:35,675] {local_task_job.py:264} INFO - 1 downstream tasks scheduled from follow-on schedule check
