[2023-12-04 13:35:05,889] {taskinstance.py:1037} INFO - Dependencies all met for <TaskInstance: dag_with_taskflow_api.get_name scheduled__2022-02-03T00:00:00+00:00 [queued]>
[2023-12-04 13:35:05,906] {taskinstance.py:1037} INFO - Dependencies all met for <TaskInstance: dag_with_taskflow_api.get_name scheduled__2022-02-03T00:00:00+00:00 [queued]>
[2023-12-04 13:35:05,906] {taskinstance.py:1243} INFO - 
--------------------------------------------------------------------------------
[2023-12-04 13:35:05,907] {taskinstance.py:1244} INFO - Starting attempt 1 of 6
[2023-12-04 13:35:05,907] {taskinstance.py:1245} INFO - 
--------------------------------------------------------------------------------
[2023-12-04 13:35:05,921] {taskinstance.py:1264} INFO - Executing <Task(_PythonDecoratedOperator): get_name> on 2022-02-03 00:00:00+00:00
[2023-12-04 13:35:05,925] {standard_task_runner.py:52} INFO - Started process 7422 to run task
[2023-12-04 13:35:05,928] {standard_task_runner.py:76} INFO - Running: ['***', 'tasks', 'run', 'dag_with_taskflow_api', 'get_name', 'scheduled__2022-02-03T00:00:00+00:00', '--job-id', '167', '--raw', '--subdir', 'DAGS_FOLDER/dag_with_taskflow_api.py', '--cfg-path', '/tmp/tmpsusrsqdb', '--error-file', '/tmp/tmpbvr0eayp']
[2023-12-04 13:35:05,929] {standard_task_runner.py:77} INFO - Job 167: Subtask get_name
[2023-12-04 13:35:06,001] {logging_mixin.py:109} INFO - Running <TaskInstance: dag_with_taskflow_api.get_name scheduled__2022-02-03T00:00:00+00:00 [running]> on host 9953e82db65e
[2023-12-04 13:35:06,077] {taskinstance.py:1431} INFO - Exporting the following env vars:
AIRFLOW_CTX_DAG_OWNER=Ali
AIRFLOW_CTX_DAG_ID=dag_with_taskflow_api
AIRFLOW_CTX_TASK_ID=get_name
AIRFLOW_CTX_EXECUTION_DATE=2022-02-03T00:00:00+00:00
AIRFLOW_CTX_DAG_RUN_ID=scheduled__2022-02-03T00:00:00+00:00
[2023-12-04 13:35:06,078] {python.py:175} INFO - Done. Returned value was: Ali
[2023-12-04 13:35:06,123] {taskinstance.py:1282} INFO - Marking task as SUCCESS. dag_id=dag_with_taskflow_api, task_id=get_name, execution_date=20220203T000000, start_date=20231204T133505, end_date=20231204T133506
[2023-12-04 13:35:06,187] {local_task_job.py:154} INFO - Task exited with return code 0
[2023-12-04 13:35:06,291] {local_task_job.py:264} INFO - 0 downstream tasks scheduled from follow-on schedule check
