[2023-12-04 13:35:37,847] {taskinstance.py:1037} INFO - Dependencies all met for <TaskInstance: dag_with_taskflow_api.get_age scheduled__2022-03-21T00:00:00+00:00 [queued]>
[2023-12-04 13:35:37,889] {taskinstance.py:1037} INFO - Dependencies all met for <TaskInstance: dag_with_taskflow_api.get_age scheduled__2022-03-21T00:00:00+00:00 [queued]>
[2023-12-04 13:35:37,890] {taskinstance.py:1243} INFO - 
--------------------------------------------------------------------------------
[2023-12-04 13:35:37,890] {taskinstance.py:1244} INFO - Starting attempt 1 of 6
[2023-12-04 13:35:37,890] {taskinstance.py:1245} INFO - 
--------------------------------------------------------------------------------
[2023-12-04 13:35:37,931] {taskinstance.py:1264} INFO - Executing <Task(_PythonDecoratedOperator): get_age> on 2022-03-21 00:00:00+00:00
[2023-12-04 13:35:37,943] {standard_task_runner.py:52} INFO - Started process 7732 to run task
[2023-12-04 13:35:37,947] {standard_task_runner.py:76} INFO - Running: ['***', 'tasks', 'run', 'dag_with_taskflow_api', 'get_age', 'scheduled__2022-03-21T00:00:00+00:00', '--job-id', '305', '--raw', '--subdir', 'DAGS_FOLDER/dag_with_taskflow_api.py', '--cfg-path', '/tmp/tmpylbtd40n', '--error-file', '/tmp/tmp60etgw14']
[2023-12-04 13:35:37,948] {standard_task_runner.py:77} INFO - Job 305: Subtask get_age
[2023-12-04 13:35:38,092] {logging_mixin.py:109} INFO - Running <TaskInstance: dag_with_taskflow_api.get_age scheduled__2022-03-21T00:00:00+00:00 [running]> on host 9953e82db65e
[2023-12-04 13:35:38,210] {taskinstance.py:1431} INFO - Exporting the following env vars:
AIRFLOW_CTX_DAG_OWNER=Ali
AIRFLOW_CTX_DAG_ID=dag_with_taskflow_api
AIRFLOW_CTX_TASK_ID=get_age
AIRFLOW_CTX_EXECUTION_DATE=2022-03-21T00:00:00+00:00
AIRFLOW_CTX_DAG_RUN_ID=scheduled__2022-03-21T00:00:00+00:00
[2023-12-04 13:35:38,211] {python.py:175} INFO - Done. Returned value was: 30
[2023-12-04 13:35:38,248] {taskinstance.py:1282} INFO - Marking task as SUCCESS. dag_id=dag_with_taskflow_api, task_id=get_age, execution_date=20220321T000000, start_date=20231204T133537, end_date=20231204T133538
[2023-12-04 13:35:38,295] {local_task_job.py:154} INFO - Task exited with return code 0
[2023-12-04 13:35:38,411] {local_task_job.py:264} INFO - 0 downstream tasks scheduled from follow-on schedule check
