[2023-12-04 13:41:34,422] {taskinstance.py:1037} INFO - Dependencies all met for <TaskInstance: dag_with_taskflow_api_v02.get_age scheduled__2022-11-22T00:00:00+00:00 [queued]>
[2023-12-04 13:41:34,456] {taskinstance.py:1037} INFO - Dependencies all met for <TaskInstance: dag_with_taskflow_api_v02.get_age scheduled__2022-11-22T00:00:00+00:00 [queued]>
[2023-12-04 13:41:34,456] {taskinstance.py:1243} INFO - 
--------------------------------------------------------------------------------
[2023-12-04 13:41:34,456] {taskinstance.py:1244} INFO - Starting attempt 1 of 6
[2023-12-04 13:41:34,456] {taskinstance.py:1245} INFO - 
--------------------------------------------------------------------------------
[2023-12-04 13:41:34,513] {taskinstance.py:1264} INFO - Executing <Task(_PythonDecoratedOperator): get_age> on 2022-11-22 00:00:00+00:00
[2023-12-04 13:41:34,516] {standard_task_runner.py:52} INFO - Started process 11002 to run task
[2023-12-04 13:41:34,536] {standard_task_runner.py:76} INFO - Running: ['***', 'tasks', 'run', 'dag_with_taskflow_api_v02', 'get_age', 'scheduled__2022-11-22T00:00:00+00:00', '--job-id', '1724', '--raw', '--subdir', 'DAGS_FOLDER/dag_with_taskflow_api.py', '--cfg-path', '/tmp/tmps6vpflnw', '--error-file', '/tmp/tmpw2x08uzm']
[2023-12-04 13:41:34,537] {standard_task_runner.py:77} INFO - Job 1724: Subtask get_age
[2023-12-04 13:41:34,682] {logging_mixin.py:109} INFO - Running <TaskInstance: dag_with_taskflow_api_v02.get_age scheduled__2022-11-22T00:00:00+00:00 [running]> on host 9953e82db65e
[2023-12-04 13:41:34,770] {taskinstance.py:1431} INFO - Exporting the following env vars:
AIRFLOW_CTX_DAG_OWNER=Ali
AIRFLOW_CTX_DAG_ID=dag_with_taskflow_api_v02
AIRFLOW_CTX_TASK_ID=get_age
AIRFLOW_CTX_EXECUTION_DATE=2022-11-22T00:00:00+00:00
AIRFLOW_CTX_DAG_RUN_ID=scheduled__2022-11-22T00:00:00+00:00
[2023-12-04 13:41:34,771] {python.py:175} INFO - Done. Returned value was: 30
[2023-12-04 13:41:34,833] {taskinstance.py:1282} INFO - Marking task as SUCCESS. dag_id=dag_with_taskflow_api_v02, task_id=get_age, execution_date=20221122T000000, start_date=20231204T134134, end_date=20231204T134134
[2023-12-04 13:41:34,952] {local_task_job.py:154} INFO - Task exited with return code 0
[2023-12-04 13:41:35,121] {local_task_job.py:264} INFO - 0 downstream tasks scheduled from follow-on schedule check
