[2023-11-30 14:57:47,916] {taskinstance.py:1037} INFO - Dependencies all met for <TaskInstance: our_dag_with_python_operator_v03.greet manual__2023-11-30T14:57:46.617280+00:00 [queued]>
[2023-11-30 14:57:47,924] {taskinstance.py:1037} INFO - Dependencies all met for <TaskInstance: our_dag_with_python_operator_v03.greet manual__2023-11-30T14:57:46.617280+00:00 [queued]>
[2023-11-30 14:57:47,925] {taskinstance.py:1243} INFO - 
--------------------------------------------------------------------------------
[2023-11-30 14:57:47,925] {taskinstance.py:1244} INFO - Starting attempt 1 of 6
[2023-11-30 14:57:47,925] {taskinstance.py:1245} INFO - 
--------------------------------------------------------------------------------
[2023-11-30 14:57:47,935] {taskinstance.py:1264} INFO - Executing <Task(PythonOperator): greet> on 2023-11-30 14:57:46.617280+00:00
[2023-11-30 14:57:47,939] {standard_task_runner.py:52} INFO - Started process 17923 to run task
[2023-11-30 14:57:47,942] {standard_task_runner.py:76} INFO - Running: ['***', 'tasks', 'run', 'our_dag_with_python_operator_v03', 'greet', 'manual__2023-11-30T14:57:46.617280+00:00', '--job-id', '626', '--raw', '--subdir', 'DAGS_FOLDER/create_dag_with_python_operator.py', '--cfg-path', '/tmp/tmpnkiayow0', '--error-file', '/tmp/tmp6f5cqfl5']
[2023-11-30 14:57:47,943] {standard_task_runner.py:77} INFO - Job 626: Subtask greet
[2023-11-30 14:57:47,990] {logging_mixin.py:109} INFO - Running <TaskInstance: our_dag_with_python_operator_v03.greet manual__2023-11-30T14:57:46.617280+00:00 [running]> on host 08735726aeda
[2023-11-30 14:57:48,039] {taskinstance.py:1431} INFO - Exporting the following env vars:
AIRFLOW_CTX_DAG_OWNER=Ali
AIRFLOW_CTX_DAG_ID=our_dag_with_python_operator_v03
AIRFLOW_CTX_TASK_ID=greet
AIRFLOW_CTX_EXECUTION_DATE=2023-11-30T14:57:46.617280+00:00
AIRFLOW_CTX_DAG_RUN_ID=manual__2023-11-30T14:57:46.617280+00:00
[2023-11-30 14:57:48,040] {logging_mixin.py:109} INFO - Hello world! my name is Ali, and I am 20 years old.
[2023-11-30 14:57:48,040] {python.py:175} INFO - Done. Returned value was: None
[2023-11-30 14:57:48,050] {taskinstance.py:1282} INFO - Marking task as SUCCESS. dag_id=our_dag_with_python_operator_v03, task_id=greet, execution_date=20231130T145746, start_date=20231130T145747, end_date=20231130T145748
[2023-11-30 14:57:48,076] {local_task_job.py:154} INFO - Task exited with return code 0
[2023-11-30 14:57:48,101] {local_task_job.py:264} INFO - 0 downstream tasks scheduled from follow-on schedule check
