[2023-12-04 13:38:21,673] {taskinstance.py:1037} INFO - Dependencies all met for <TaskInstance: dag_with_taskflow_api_v02.get_name scheduled__2022-02-28T00:00:00+00:00 [queued]>
[2023-12-04 13:38:21,689] {taskinstance.py:1037} INFO - Dependencies all met for <TaskInstance: dag_with_taskflow_api_v02.get_name scheduled__2022-02-28T00:00:00+00:00 [queued]>
[2023-12-04 13:38:21,690] {taskinstance.py:1243} INFO - 
--------------------------------------------------------------------------------
[2023-12-04 13:38:21,690] {taskinstance.py:1244} INFO - Starting attempt 1 of 6
[2023-12-04 13:38:21,690] {taskinstance.py:1245} INFO - 
--------------------------------------------------------------------------------
[2023-12-04 13:38:21,724] {taskinstance.py:1264} INFO - Executing <Task(_PythonDecoratedOperator): get_name> on 2022-02-28 00:00:00+00:00
[2023-12-04 13:38:21,728] {standard_task_runner.py:52} INFO - Started process 9172 to run task
[2023-12-04 13:38:21,734] {standard_task_runner.py:76} INFO - Running: ['***', 'tasks', 'run', 'dag_with_taskflow_api_v02', 'get_name', 'scheduled__2022-02-28T00:00:00+00:00', '--job-id', '923', '--raw', '--subdir', 'DAGS_FOLDER/dag_with_taskflow_api.py', '--cfg-path', '/tmp/tmpa3asxyab', '--error-file', '/tmp/tmpqyidtmlt']
[2023-12-04 13:38:21,735] {standard_task_runner.py:77} INFO - Job 923: Subtask get_name
[2023-12-04 13:38:21,838] {logging_mixin.py:109} INFO - Running <TaskInstance: dag_with_taskflow_api_v02.get_name scheduled__2022-02-28T00:00:00+00:00 [running]> on host 9953e82db65e
[2023-12-04 13:38:21,949] {taskinstance.py:1431} INFO - Exporting the following env vars:
AIRFLOW_CTX_DAG_OWNER=Ali
AIRFLOW_CTX_DAG_ID=dag_with_taskflow_api_v02
AIRFLOW_CTX_TASK_ID=get_name
AIRFLOW_CTX_EXECUTION_DATE=2022-02-28T00:00:00+00:00
AIRFLOW_CTX_DAG_RUN_ID=scheduled__2022-02-28T00:00:00+00:00
[2023-12-04 13:38:21,951] {python.py:175} INFO - Done. Returned value was: {'first_name': 'Ali', 'last_name': 'Mokh'}
[2023-12-04 13:38:22,149] {taskinstance.py:1282} INFO - Marking task as SUCCESS. dag_id=dag_with_taskflow_api_v02, task_id=get_name, execution_date=20220228T000000, start_date=20231204T133821, end_date=20231204T133822
[2023-12-04 13:38:22,191] {local_task_job.py:154} INFO - Task exited with return code 0
[2023-12-04 13:38:22,267] {local_task_job.py:264} INFO - 1 downstream tasks scheduled from follow-on schedule check
