[2023-11-30 12:35:25,035] {taskinstance.py:1037} INFO - Dependencies all met for <TaskInstance: our_first_dag.first_task scheduled__2023-08-08T00:00:00+00:00 [queued]>
[2023-11-30 12:35:25,075] {taskinstance.py:1037} INFO - Dependencies all met for <TaskInstance: our_first_dag.first_task scheduled__2023-08-08T00:00:00+00:00 [queued]>
[2023-11-30 12:35:25,075] {taskinstance.py:1243} INFO - 
--------------------------------------------------------------------------------
[2023-11-30 12:35:25,076] {taskinstance.py:1244} INFO - Starting attempt 1 of 6
[2023-11-30 12:35:25,076] {taskinstance.py:1245} INFO - 
--------------------------------------------------------------------------------
[2023-11-30 12:35:25,178] {taskinstance.py:1264} INFO - Executing <Task(BashOperator): first_task> on 2023-08-08 00:00:00+00:00
[2023-11-30 12:35:25,193] {standard_task_runner.py:52} INFO - Started process 84137 to run task
[2023-11-30 12:35:25,219] {standard_task_runner.py:76} INFO - Running: ['***', 'tasks', 'run', 'our_first_dag', 'first_task', 'scheduled__2023-08-08T00:00:00+00:00', '--job-id', '27', '--raw', '--subdir', 'DAGS_FOLDER/our_first_dag.py', '--cfg-path', '/tmp/tmp_k330n7c', '--error-file', '/tmp/tmpw_g6elbv']
[2023-11-30 12:35:25,229] {standard_task_runner.py:77} INFO - Job 27: Subtask first_task
[2023-11-30 12:35:25,494] {logging_mixin.py:109} INFO - Running <TaskInstance: our_first_dag.first_task scheduled__2023-08-08T00:00:00+00:00 [running]> on host 6a46d673723a
[2023-11-30 12:35:25,705] {taskinstance.py:1431} INFO - Exporting the following env vars:
AIRFLOW_CTX_DAG_OWNER=Ali
AIRFLOW_CTX_DAG_ID=our_first_dag
AIRFLOW_CTX_TASK_ID=first_task
AIRFLOW_CTX_EXECUTION_DATE=2023-08-08T00:00:00+00:00
AIRFLOW_CTX_DAG_RUN_ID=scheduled__2023-08-08T00:00:00+00:00
[2023-11-30 12:35:25,709] {subprocess.py:62} INFO - Tmp dir root location: 
 /tmp
[2023-11-30 12:35:25,710] {subprocess.py:74} INFO - Running command: ['bash', '-c', 'echo hello world, this is the first task!']
[2023-11-30 12:35:25,734] {subprocess.py:85} INFO - Output:
[2023-11-30 12:35:25,734] {subprocess.py:89} INFO - hello world, this is the first task!
[2023-11-30 12:35:25,735] {subprocess.py:93} INFO - Command exited with return code 0
[2023-11-30 12:35:25,828] {taskinstance.py:1282} INFO - Marking task as SUCCESS. dag_id=our_first_dag, task_id=first_task, execution_date=20230808T000000, start_date=20231130T123525, end_date=20231130T123525
[2023-11-30 12:35:25,944] {local_task_job.py:154} INFO - Task exited with return code 0
[2023-11-30 12:35:26,360] {local_task_job.py:264} INFO - 0 downstream tasks scheduled from follow-on schedule check
