[2023-12-04 13:41:33,632] {taskinstance.py:1037} INFO - Dependencies all met for <TaskInstance: dag_with_taskflow_api_v02.get_name scheduled__2022-11-19T00:00:00+00:00 [queued]>
[2023-12-04 13:41:33,645] {taskinstance.py:1037} INFO - Dependencies all met for <TaskInstance: dag_with_taskflow_api_v02.get_name scheduled__2022-11-19T00:00:00+00:00 [queued]>
[2023-12-04 13:41:33,646] {taskinstance.py:1243} INFO - 
--------------------------------------------------------------------------------
[2023-12-04 13:41:33,646] {taskinstance.py:1244} INFO - Starting attempt 1 of 6
[2023-12-04 13:41:33,646] {taskinstance.py:1245} INFO - 
--------------------------------------------------------------------------------
[2023-12-04 13:41:33,661] {taskinstance.py:1264} INFO - Executing <Task(_PythonDecoratedOperator): get_name> on 2022-11-19 00:00:00+00:00
[2023-12-04 13:41:33,666] {standard_task_runner.py:52} INFO - Started process 10986 to run task
[2023-12-04 13:41:33,671] {standard_task_runner.py:76} INFO - Running: ['***', 'tasks', 'run', 'dag_with_taskflow_api_v02', 'get_name', 'scheduled__2022-11-19T00:00:00+00:00', '--job-id', '1717', '--raw', '--subdir', 'DAGS_FOLDER/dag_with_taskflow_api.py', '--cfg-path', '/tmp/tmpmk396_rz', '--error-file', '/tmp/tmp74kqzlwn']
[2023-12-04 13:41:33,672] {standard_task_runner.py:77} INFO - Job 1717: Subtask get_name
[2023-12-04 13:41:33,750] {logging_mixin.py:109} INFO - Running <TaskInstance: dag_with_taskflow_api_v02.get_name scheduled__2022-11-19T00:00:00+00:00 [running]> on host 9953e82db65e
[2023-12-04 13:41:33,832] {taskinstance.py:1431} INFO - Exporting the following env vars:
AIRFLOW_CTX_DAG_OWNER=Ali
AIRFLOW_CTX_DAG_ID=dag_with_taskflow_api_v02
AIRFLOW_CTX_TASK_ID=get_name
AIRFLOW_CTX_EXECUTION_DATE=2022-11-19T00:00:00+00:00
AIRFLOW_CTX_DAG_RUN_ID=scheduled__2022-11-19T00:00:00+00:00
[2023-12-04 13:41:33,833] {python.py:175} INFO - Done. Returned value was: {'first_name': 'Ali', 'last_name': 'Mokh'}
[2023-12-04 13:41:33,911] {taskinstance.py:1282} INFO - Marking task as SUCCESS. dag_id=dag_with_taskflow_api_v02, task_id=get_name, execution_date=20221119T000000, start_date=20231204T134133, end_date=20231204T134133
[2023-12-04 13:41:33,964] {local_task_job.py:154} INFO - Task exited with return code 0
[2023-12-04 13:41:34,089] {local_task_job.py:264} INFO - 1 downstream tasks scheduled from follow-on schedule check
