[2023-12-04 11:08:01,891] {taskinstance.py:1037} INFO - Dependencies all met for <TaskInstance: our_dag_with_python_operator_v04.greet scheduled__2023-11-30T00:00:00+00:00 [queued]>
[2023-12-04 11:08:01,899] {taskinstance.py:1037} INFO - Dependencies all met for <TaskInstance: our_dag_with_python_operator_v04.greet scheduled__2023-11-30T00:00:00+00:00 [queued]>
[2023-12-04 11:08:01,900] {taskinstance.py:1243} INFO - 
--------------------------------------------------------------------------------
[2023-12-04 11:08:01,900] {taskinstance.py:1244} INFO - Starting attempt 3 of 6
[2023-12-04 11:08:01,900] {taskinstance.py:1245} INFO - 
--------------------------------------------------------------------------------
[2023-12-04 11:08:01,911] {taskinstance.py:1264} INFO - Executing <Task(PythonOperator): greet> on 2023-11-30 00:00:00+00:00
[2023-12-04 11:08:01,913] {standard_task_runner.py:52} INFO - Started process 937 to run task
[2023-12-04 11:08:01,915] {standard_task_runner.py:76} INFO - Running: ['***', 'tasks', 'run', 'our_dag_with_python_operator_v04', 'greet', 'scheduled__2023-11-30T00:00:00+00:00', '--job-id', '24', '--raw', '--subdir', 'DAGS_FOLDER/create_dag_with_python_operator.py', '--cfg-path', '/tmp/tmp3pbmikeb', '--error-file', '/tmp/tmp3x6ac808']
[2023-12-04 11:08:01,915] {standard_task_runner.py:77} INFO - Job 24: Subtask greet
[2023-12-04 11:08:01,951] {logging_mixin.py:109} INFO - Running <TaskInstance: our_dag_with_python_operator_v04.greet scheduled__2023-11-30T00:00:00+00:00 [running]> on host 9953e82db65e
[2023-12-04 11:08:01,996] {taskinstance.py:1431} INFO - Exporting the following env vars:
AIRFLOW_CTX_DAG_OWNER=Ali
AIRFLOW_CTX_DAG_ID=our_dag_with_python_operator_v04
AIRFLOW_CTX_TASK_ID=greet
AIRFLOW_CTX_EXECUTION_DATE=2023-11-30T00:00:00+00:00
AIRFLOW_CTX_DAG_RUN_ID=scheduled__2023-11-30T00:00:00+00:00
[2023-12-04 11:08:02,003] {logging_mixin.py:109} INFO - Hello world! my name is Ali, and I am 20 years old.
[2023-12-04 11:08:02,005] {python.py:175} INFO - Done. Returned value was: None
[2023-12-04 11:08:02,014] {taskinstance.py:1282} INFO - Marking task as SUCCESS. dag_id=our_dag_with_python_operator_v04, task_id=greet, execution_date=20231130T000000, start_date=20231204T110801, end_date=20231204T110802
[2023-12-04 11:08:02,047] {local_task_job.py:154} INFO - Task exited with return code 0
[2023-12-04 11:08:02,072] {local_task_job.py:264} INFO - 0 downstream tasks scheduled from follow-on schedule check
