[2023-12-04 13:41:44,149] {taskinstance.py:1037} INFO - Dependencies all met for <TaskInstance: dag_with_taskflow_api_v02.get_name scheduled__2022-12-05T00:00:00+00:00 [queued]>
[2023-12-04 13:41:44,164] {taskinstance.py:1037} INFO - Dependencies all met for <TaskInstance: dag_with_taskflow_api_v02.get_name scheduled__2022-12-05T00:00:00+00:00 [queued]>
[2023-12-04 13:41:44,164] {taskinstance.py:1243} INFO - 
--------------------------------------------------------------------------------
[2023-12-04 13:41:44,164] {taskinstance.py:1244} INFO - Starting attempt 1 of 6
[2023-12-04 13:41:44,164] {taskinstance.py:1245} INFO - 
--------------------------------------------------------------------------------
[2023-12-04 13:41:44,182] {taskinstance.py:1264} INFO - Executing <Task(_PythonDecoratedOperator): get_name> on 2022-12-05 00:00:00+00:00
[2023-12-04 13:41:44,189] {standard_task_runner.py:52} INFO - Started process 11090 to run task
[2023-12-04 13:41:44,193] {standard_task_runner.py:76} INFO - Running: ['***', 'tasks', 'run', 'dag_with_taskflow_api_v02', 'get_name', 'scheduled__2022-12-05T00:00:00+00:00', '--job-id', '1765', '--raw', '--subdir', 'DAGS_FOLDER/dag_with_taskflow_api.py', '--cfg-path', '/tmp/tmpzlppk_s9', '--error-file', '/tmp/tmphoqbl3s0']
[2023-12-04 13:41:44,194] {standard_task_runner.py:77} INFO - Job 1765: Subtask get_name
[2023-12-04 13:41:44,263] {logging_mixin.py:109} INFO - Running <TaskInstance: dag_with_taskflow_api_v02.get_name scheduled__2022-12-05T00:00:00+00:00 [running]> on host 9953e82db65e
[2023-12-04 13:41:44,374] {taskinstance.py:1431} INFO - Exporting the following env vars:
AIRFLOW_CTX_DAG_OWNER=Ali
AIRFLOW_CTX_DAG_ID=dag_with_taskflow_api_v02
AIRFLOW_CTX_TASK_ID=get_name
AIRFLOW_CTX_EXECUTION_DATE=2022-12-05T00:00:00+00:00
AIRFLOW_CTX_DAG_RUN_ID=scheduled__2022-12-05T00:00:00+00:00
[2023-12-04 13:41:44,375] {python.py:175} INFO - Done. Returned value was: {'first_name': 'Ali', 'last_name': 'Mokh'}
[2023-12-04 13:41:44,464] {taskinstance.py:1282} INFO - Marking task as SUCCESS. dag_id=dag_with_taskflow_api_v02, task_id=get_name, execution_date=20221205T000000, start_date=20231204T134144, end_date=20231204T134144
[2023-12-04 13:41:44,491] {local_task_job.py:154} INFO - Task exited with return code 0
[2023-12-04 13:41:44,547] {local_task_job.py:264} INFO - 1 downstream tasks scheduled from follow-on schedule check
