[2023-12-04 14:11:37,579] {taskinstance.py:1037} INFO - Dependencies all met for <TaskInstance: dag_with_catchup_backfill_v02.task1 manual__2023-12-04T14:11:36.804952+00:00 [queued]>
[2023-12-04 14:11:37,586] {taskinstance.py:1037} INFO - Dependencies all met for <TaskInstance: dag_with_catchup_backfill_v02.task1 manual__2023-12-04T14:11:36.804952+00:00 [queued]>
[2023-12-04 14:11:37,586] {taskinstance.py:1243} INFO - 
--------------------------------------------------------------------------------
[2023-12-04 14:11:37,586] {taskinstance.py:1244} INFO - Starting attempt 1 of 6
[2023-12-04 14:11:37,586] {taskinstance.py:1245} INFO - 
--------------------------------------------------------------------------------
[2023-12-04 14:11:37,596] {taskinstance.py:1264} INFO - Executing <Task(BashOperator): task1> on 2023-12-04 14:11:36.804952+00:00
[2023-12-04 14:11:37,599] {standard_task_runner.py:52} INFO - Started process 14968 to run task
[2023-12-04 14:11:37,601] {standard_task_runner.py:76} INFO - Running: ['***', 'tasks', 'run', 'dag_with_catchup_backfill_v02', 'task1', 'manual__2023-12-04T14:11:36.804952+00:00', '--job-id', '2365', '--raw', '--subdir', 'DAGS_FOLDER/dag_with_catchup_and_backfill.py', '--cfg-path', '/tmp/tmp5qkrxlsr', '--error-file', '/tmp/tmpu1foo80m']
[2023-12-04 14:11:37,601] {standard_task_runner.py:77} INFO - Job 2365: Subtask task1
[2023-12-04 14:11:37,644] {logging_mixin.py:109} INFO - Running <TaskInstance: dag_with_catchup_backfill_v02.task1 manual__2023-12-04T14:11:36.804952+00:00 [running]> on host 9953e82db65e
[2023-12-04 14:11:37,693] {taskinstance.py:1431} INFO - Exporting the following env vars:
AIRFLOW_CTX_DAG_OWNER=Ali
AIRFLOW_CTX_DAG_ID=dag_with_catchup_backfill_v02
AIRFLOW_CTX_TASK_ID=task1
AIRFLOW_CTX_EXECUTION_DATE=2023-12-04T14:11:36.804952+00:00
AIRFLOW_CTX_DAG_RUN_ID=manual__2023-12-04T14:11:36.804952+00:00
[2023-12-04 14:11:37,693] {subprocess.py:62} INFO - Tmp dir root location: 
 /tmp
[2023-12-04 14:11:37,694] {subprocess.py:74} INFO - Running command: ['bash', '-c', 'echo this is simple bash command']
[2023-12-04 14:11:37,699] {subprocess.py:85} INFO - Output:
[2023-12-04 14:11:37,701] {subprocess.py:89} INFO - this is simple bash command
[2023-12-04 14:11:37,701] {subprocess.py:93} INFO - Command exited with return code 0
[2023-12-04 14:11:37,722] {taskinstance.py:1282} INFO - Marking task as SUCCESS. dag_id=dag_with_catchup_backfill_v02, task_id=task1, execution_date=20231204T141136, start_date=20231204T141137, end_date=20231204T141137
[2023-12-04 14:11:37,774] {local_task_job.py:154} INFO - Task exited with return code 0
[2023-12-04 14:11:37,798] {local_task_job.py:264} INFO - 0 downstream tasks scheduled from follow-on schedule check
