[2023-11-30 12:35:38,786] {taskinstance.py:1037} INFO - Dependencies all met for <TaskInstance: our_first_dag.first_task scheduled__2023-08-26T00:00:00+00:00 [queued]>
[2023-11-30 12:35:38,829] {taskinstance.py:1037} INFO - Dependencies all met for <TaskInstance: our_first_dag.first_task scheduled__2023-08-26T00:00:00+00:00 [queued]>
[2023-11-30 12:35:38,830] {taskinstance.py:1243} INFO - 
--------------------------------------------------------------------------------
[2023-11-30 12:35:38,830] {taskinstance.py:1244} INFO - Starting attempt 1 of 6
[2023-11-30 12:35:38,830] {taskinstance.py:1245} INFO - 
--------------------------------------------------------------------------------
[2023-11-30 12:35:38,891] {taskinstance.py:1264} INFO - Executing <Task(BashOperator): first_task> on 2023-08-26 00:00:00+00:00
[2023-11-30 12:35:38,900] {standard_task_runner.py:52} INFO - Started process 84289 to run task
[2023-11-30 12:35:38,915] {standard_task_runner.py:76} INFO - Running: ['***', 'tasks', 'run', 'our_first_dag', 'first_task', 'scheduled__2023-08-26T00:00:00+00:00', '--job-id', '46', '--raw', '--subdir', 'DAGS_FOLDER/our_first_dag.py', '--cfg-path', '/tmp/tmps6f7sg53', '--error-file', '/tmp/tmpljuoys53']
[2023-11-30 12:35:38,917] {standard_task_runner.py:77} INFO - Job 46: Subtask first_task
[2023-11-30 12:35:39,109] {logging_mixin.py:109} INFO - Running <TaskInstance: our_first_dag.first_task scheduled__2023-08-26T00:00:00+00:00 [running]> on host 6a46d673723a
[2023-11-30 12:35:39,466] {taskinstance.py:1431} INFO - Exporting the following env vars:
AIRFLOW_CTX_DAG_OWNER=Ali
AIRFLOW_CTX_DAG_ID=our_first_dag
AIRFLOW_CTX_TASK_ID=first_task
AIRFLOW_CTX_EXECUTION_DATE=2023-08-26T00:00:00+00:00
AIRFLOW_CTX_DAG_RUN_ID=scheduled__2023-08-26T00:00:00+00:00
[2023-11-30 12:35:39,468] {subprocess.py:62} INFO - Tmp dir root location: 
 /tmp
[2023-11-30 12:35:39,469] {subprocess.py:74} INFO - Running command: ['bash', '-c', 'echo hello world, this is the first task!']
[2023-11-30 12:35:39,494] {subprocess.py:85} INFO - Output:
[2023-11-30 12:35:39,507] {subprocess.py:89} INFO - hello world, this is the first task!
[2023-11-30 12:35:39,507] {subprocess.py:93} INFO - Command exited with return code 0
[2023-11-30 12:35:39,823] {taskinstance.py:1282} INFO - Marking task as SUCCESS. dag_id=our_first_dag, task_id=first_task, execution_date=20230826T000000, start_date=20231130T123538, end_date=20231130T123539
[2023-11-30 12:35:39,923] {local_task_job.py:154} INFO - Task exited with return code 0
[2023-11-30 12:35:40,059] {local_task_job.py:264} INFO - 0 downstream tasks scheduled from follow-on schedule check
