[2023-11-30 12:36:08,489] {taskinstance.py:1037} INFO - Dependencies all met for <TaskInstance: our_first_dag.first_task scheduled__2023-10-05T00:00:00+00:00 [queued]>
[2023-11-30 12:36:08,519] {taskinstance.py:1037} INFO - Dependencies all met for <TaskInstance: our_first_dag.first_task scheduled__2023-10-05T00:00:00+00:00 [queued]>
[2023-11-30 12:36:08,519] {taskinstance.py:1243} INFO - 
--------------------------------------------------------------------------------
[2023-11-30 12:36:08,520] {taskinstance.py:1244} INFO - Starting attempt 1 of 6
[2023-11-30 12:36:08,520] {taskinstance.py:1245} INFO - 
--------------------------------------------------------------------------------
[2023-11-30 12:36:08,591] {taskinstance.py:1264} INFO - Executing <Task(BashOperator): first_task> on 2023-10-05 00:00:00+00:00
[2023-11-30 12:36:08,597] {standard_task_runner.py:52} INFO - Started process 84590 to run task
[2023-11-30 12:36:08,613] {standard_task_runner.py:76} INFO - Running: ['***', 'tasks', 'run', 'our_first_dag', 'first_task', 'scheduled__2023-10-05T00:00:00+00:00', '--job-id', '86', '--raw', '--subdir', 'DAGS_FOLDER/our_first_dag.py', '--cfg-path', '/tmp/tmpcg9x2i2c', '--error-file', '/tmp/tmp_wryy4n6']
[2023-11-30 12:36:08,616] {standard_task_runner.py:77} INFO - Job 86: Subtask first_task
[2023-11-30 12:36:08,780] {logging_mixin.py:109} INFO - Running <TaskInstance: our_first_dag.first_task scheduled__2023-10-05T00:00:00+00:00 [running]> on host 6a46d673723a
[2023-11-30 12:36:08,938] {taskinstance.py:1431} INFO - Exporting the following env vars:
AIRFLOW_CTX_DAG_OWNER=Ali
AIRFLOW_CTX_DAG_ID=our_first_dag
AIRFLOW_CTX_TASK_ID=first_task
AIRFLOW_CTX_EXECUTION_DATE=2023-10-05T00:00:00+00:00
AIRFLOW_CTX_DAG_RUN_ID=scheduled__2023-10-05T00:00:00+00:00
[2023-11-30 12:36:08,940] {subprocess.py:62} INFO - Tmp dir root location: 
 /tmp
[2023-11-30 12:36:08,944] {subprocess.py:74} INFO - Running command: ['bash', '-c', 'echo hello world, this is the first task!']
[2023-11-30 12:36:08,978] {subprocess.py:85} INFO - Output:
[2023-11-30 12:36:08,981] {subprocess.py:89} INFO - hello world, this is the first task!
[2023-11-30 12:36:08,982] {subprocess.py:93} INFO - Command exited with return code 0
[2023-11-30 12:36:09,120] {taskinstance.py:1282} INFO - Marking task as SUCCESS. dag_id=our_first_dag, task_id=first_task, execution_date=20231005T000000, start_date=20231130T123608, end_date=20231130T123609
[2023-11-30 12:36:09,198] {local_task_job.py:154} INFO - Task exited with return code 0
[2023-11-30 12:36:09,287] {local_task_job.py:264} INFO - 0 downstream tasks scheduled from follow-on schedule check
