[2023-12-04 13:41:44,105] {taskinstance.py:1037} INFO - Dependencies all met for <TaskInstance: dag_with_taskflow_api_v02.get_age scheduled__2022-12-05T00:00:00+00:00 [queued]>
[2023-12-04 13:41:44,119] {taskinstance.py:1037} INFO - Dependencies all met for <TaskInstance: dag_with_taskflow_api_v02.get_age scheduled__2022-12-05T00:00:00+00:00 [queued]>
[2023-12-04 13:41:44,119] {taskinstance.py:1243} INFO - 
--------------------------------------------------------------------------------
[2023-12-04 13:41:44,119] {taskinstance.py:1244} INFO - Starting attempt 1 of 6
[2023-12-04 13:41:44,119] {taskinstance.py:1245} INFO - 
--------------------------------------------------------------------------------
[2023-12-04 13:41:44,137] {taskinstance.py:1264} INFO - Executing <Task(_PythonDecoratedOperator): get_age> on 2022-12-05 00:00:00+00:00
[2023-12-04 13:41:44,142] {standard_task_runner.py:52} INFO - Started process 11089 to run task
[2023-12-04 13:41:44,146] {standard_task_runner.py:76} INFO - Running: ['***', 'tasks', 'run', 'dag_with_taskflow_api_v02', 'get_age', 'scheduled__2022-12-05T00:00:00+00:00', '--job-id', '1764', '--raw', '--subdir', 'DAGS_FOLDER/dag_with_taskflow_api.py', '--cfg-path', '/tmp/tmpob6ra5d2', '--error-file', '/tmp/tmpe2nf17iz']
[2023-12-04 13:41:44,147] {standard_task_runner.py:77} INFO - Job 1764: Subtask get_age
[2023-12-04 13:41:44,222] {logging_mixin.py:109} INFO - Running <TaskInstance: dag_with_taskflow_api_v02.get_age scheduled__2022-12-05T00:00:00+00:00 [running]> on host 9953e82db65e
[2023-12-04 13:41:44,308] {taskinstance.py:1431} INFO - Exporting the following env vars:
AIRFLOW_CTX_DAG_OWNER=Ali
AIRFLOW_CTX_DAG_ID=dag_with_taskflow_api_v02
AIRFLOW_CTX_TASK_ID=get_age
AIRFLOW_CTX_EXECUTION_DATE=2022-12-05T00:00:00+00:00
AIRFLOW_CTX_DAG_RUN_ID=scheduled__2022-12-05T00:00:00+00:00
[2023-12-04 13:41:44,309] {python.py:175} INFO - Done. Returned value was: 30
[2023-12-04 13:41:44,354] {taskinstance.py:1282} INFO - Marking task as SUCCESS. dag_id=dag_with_taskflow_api_v02, task_id=get_age, execution_date=20221205T000000, start_date=20231204T134144, end_date=20231204T134144
[2023-12-04 13:41:44,402] {local_task_job.py:154} INFO - Task exited with return code 0
[2023-12-04 13:41:44,461] {local_task_job.py:264} INFO - 0 downstream tasks scheduled from follow-on schedule check
