[2023-12-04 13:36:25,282] {taskinstance.py:1037} INFO - Dependencies all met for <TaskInstance: dag_with_taskflow_api.get_name scheduled__2022-05-29T00:00:00+00:00 [queued]>
[2023-12-04 13:36:25,303] {taskinstance.py:1037} INFO - Dependencies all met for <TaskInstance: dag_with_taskflow_api.get_name scheduled__2022-05-29T00:00:00+00:00 [queued]>
[2023-12-04 13:36:25,304] {taskinstance.py:1243} INFO - 
--------------------------------------------------------------------------------
[2023-12-04 13:36:25,304] {taskinstance.py:1244} INFO - Starting attempt 1 of 6
[2023-12-04 13:36:25,305] {taskinstance.py:1245} INFO - 
--------------------------------------------------------------------------------
[2023-12-04 13:36:25,338] {taskinstance.py:1264} INFO - Executing <Task(_PythonDecoratedOperator): get_name> on 2022-05-29 00:00:00+00:00
[2023-12-04 13:36:25,341] {standard_task_runner.py:52} INFO - Started process 8210 to run task
[2023-12-04 13:36:25,349] {standard_task_runner.py:76} INFO - Running: ['***', 'tasks', 'run', 'dag_with_taskflow_api', 'get_name', 'scheduled__2022-05-29T00:00:00+00:00', '--job-id', '510', '--raw', '--subdir', 'DAGS_FOLDER/dag_with_taskflow_api.py', '--cfg-path', '/tmp/tmpah6sdem3', '--error-file', '/tmp/tmp2q7huifj']
[2023-12-04 13:36:25,354] {standard_task_runner.py:77} INFO - Job 510: Subtask get_name
[2023-12-04 13:36:25,464] {logging_mixin.py:109} INFO - Running <TaskInstance: dag_with_taskflow_api.get_name scheduled__2022-05-29T00:00:00+00:00 [running]> on host 9953e82db65e
[2023-12-04 13:36:25,601] {taskinstance.py:1431} INFO - Exporting the following env vars:
AIRFLOW_CTX_DAG_OWNER=Ali
AIRFLOW_CTX_DAG_ID=dag_with_taskflow_api
AIRFLOW_CTX_TASK_ID=get_name
AIRFLOW_CTX_EXECUTION_DATE=2022-05-29T00:00:00+00:00
AIRFLOW_CTX_DAG_RUN_ID=scheduled__2022-05-29T00:00:00+00:00
[2023-12-04 13:36:25,602] {python.py:175} INFO - Done. Returned value was: Ali
[2023-12-04 13:36:25,653] {taskinstance.py:1282} INFO - Marking task as SUCCESS. dag_id=dag_with_taskflow_api, task_id=get_name, execution_date=20220529T000000, start_date=20231204T133625, end_date=20231204T133625
[2023-12-04 13:36:25,696] {local_task_job.py:154} INFO - Task exited with return code 0
[2023-12-04 13:36:25,764] {local_task_job.py:264} INFO - 1 downstream tasks scheduled from follow-on schedule check
