[2023-12-04 13:42:34,415] {taskinstance.py:1037} INFO - Dependencies all met for <TaskInstance: dag_with_taskflow_api_v02.get_name scheduled__2023-02-16T00:00:00+00:00 [queued]>
[2023-12-04 13:42:34,432] {taskinstance.py:1037} INFO - Dependencies all met for <TaskInstance: dag_with_taskflow_api_v02.get_name scheduled__2023-02-16T00:00:00+00:00 [queued]>
[2023-12-04 13:42:34,432] {taskinstance.py:1243} INFO - 
--------------------------------------------------------------------------------
[2023-12-04 13:42:34,433] {taskinstance.py:1244} INFO - Starting attempt 1 of 6
[2023-12-04 13:42:34,433] {taskinstance.py:1245} INFO - 
--------------------------------------------------------------------------------
[2023-12-04 13:42:34,452] {taskinstance.py:1264} INFO - Executing <Task(_PythonDecoratedOperator): get_name> on 2023-02-16 00:00:00+00:00
[2023-12-04 13:42:34,461] {standard_task_runner.py:52} INFO - Started process 11589 to run task
[2023-12-04 13:42:34,469] {standard_task_runner.py:76} INFO - Running: ['***', 'tasks', 'run', 'dag_with_taskflow_api_v02', 'get_name', 'scheduled__2023-02-16T00:00:00+00:00', '--job-id', '1983', '--raw', '--subdir', 'DAGS_FOLDER/dag_with_taskflow_api.py', '--cfg-path', '/tmp/tmp9yx8mne4', '--error-file', '/tmp/tmp_ue8_282']
[2023-12-04 13:42:34,470] {standard_task_runner.py:77} INFO - Job 1983: Subtask get_name
[2023-12-04 13:42:34,554] {logging_mixin.py:109} INFO - Running <TaskInstance: dag_with_taskflow_api_v02.get_name scheduled__2023-02-16T00:00:00+00:00 [running]> on host 9953e82db65e
[2023-12-04 13:42:34,670] {taskinstance.py:1431} INFO - Exporting the following env vars:
AIRFLOW_CTX_DAG_OWNER=Ali
AIRFLOW_CTX_DAG_ID=dag_with_taskflow_api_v02
AIRFLOW_CTX_TASK_ID=get_name
AIRFLOW_CTX_EXECUTION_DATE=2023-02-16T00:00:00+00:00
AIRFLOW_CTX_DAG_RUN_ID=scheduled__2023-02-16T00:00:00+00:00
[2023-12-04 13:42:34,671] {python.py:175} INFO - Done. Returned value was: {'first_name': 'Ali', 'last_name': 'Mokh'}
[2023-12-04 13:42:34,732] {taskinstance.py:1282} INFO - Marking task as SUCCESS. dag_id=dag_with_taskflow_api_v02, task_id=get_name, execution_date=20230216T000000, start_date=20231204T134234, end_date=20231204T134234
[2023-12-04 13:42:34,771] {local_task_job.py:154} INFO - Task exited with return code 0
[2023-12-04 13:42:34,832] {local_task_job.py:264} INFO - 1 downstream tasks scheduled from follow-on schedule check
