[2023-12-04 13:37:17,774] {taskinstance.py:1037} INFO - Dependencies all met for <TaskInstance: dag_with_taskflow_api.get_age scheduled__2022-08-12T00:00:00+00:00 [queued]>
[2023-12-04 13:37:17,801] {taskinstance.py:1037} INFO - Dependencies all met for <TaskInstance: dag_with_taskflow_api.get_age scheduled__2022-08-12T00:00:00+00:00 [queued]>
[2023-12-04 13:37:17,801] {taskinstance.py:1243} INFO - 
--------------------------------------------------------------------------------
[2023-12-04 13:37:17,802] {taskinstance.py:1244} INFO - Starting attempt 1 of 6
[2023-12-04 13:37:17,802] {taskinstance.py:1245} INFO - 
--------------------------------------------------------------------------------
[2023-12-04 13:37:17,855] {taskinstance.py:1264} INFO - Executing <Task(_PythonDecoratedOperator): get_age> on 2022-08-12 00:00:00+00:00
[2023-12-04 13:37:17,859] {standard_task_runner.py:52} INFO - Started process 8718 to run task
[2023-12-04 13:37:17,863] {standard_task_runner.py:76} INFO - Running: ['***', 'tasks', 'run', 'dag_with_taskflow_api', 'get_age', 'scheduled__2022-08-12T00:00:00+00:00', '--job-id', '737', '--raw', '--subdir', 'DAGS_FOLDER/dag_with_taskflow_api.py', '--cfg-path', '/tmp/tmpvtzvzfp_', '--error-file', '/tmp/tmpxrzgan0v']
[2023-12-04 13:37:17,865] {standard_task_runner.py:77} INFO - Job 737: Subtask get_age
[2023-12-04 13:37:18,012] {logging_mixin.py:109} INFO - Running <TaskInstance: dag_with_taskflow_api.get_age scheduled__2022-08-12T00:00:00+00:00 [running]> on host 9953e82db65e
[2023-12-04 13:37:18,138] {taskinstance.py:1431} INFO - Exporting the following env vars:
AIRFLOW_CTX_DAG_OWNER=Ali
AIRFLOW_CTX_DAG_ID=dag_with_taskflow_api
AIRFLOW_CTX_TASK_ID=get_age
AIRFLOW_CTX_EXECUTION_DATE=2022-08-12T00:00:00+00:00
AIRFLOW_CTX_DAG_RUN_ID=scheduled__2022-08-12T00:00:00+00:00
[2023-12-04 13:37:18,139] {python.py:175} INFO - Done. Returned value was: 30
[2023-12-04 13:37:18,199] {taskinstance.py:1282} INFO - Marking task as SUCCESS. dag_id=dag_with_taskflow_api, task_id=get_age, execution_date=20220812T000000, start_date=20231204T133717, end_date=20231204T133718
[2023-12-04 13:37:18,256] {local_task_job.py:154} INFO - Task exited with return code 0
[2023-12-04 13:37:18,343] {local_task_job.py:264} INFO - 1 downstream tasks scheduled from follow-on schedule check
