[2023-12-04 13:41:39,095] {taskinstance.py:1037} INFO - Dependencies all met for <TaskInstance: dag_with_taskflow_api_v02.get_name scheduled__2022-11-27T00:00:00+00:00 [queued]>
[2023-12-04 13:41:39,110] {taskinstance.py:1037} INFO - Dependencies all met for <TaskInstance: dag_with_taskflow_api_v02.get_name scheduled__2022-11-27T00:00:00+00:00 [queued]>
[2023-12-04 13:41:39,110] {taskinstance.py:1243} INFO - 
--------------------------------------------------------------------------------
[2023-12-04 13:41:39,111] {taskinstance.py:1244} INFO - Starting attempt 1 of 6
[2023-12-04 13:41:39,111] {taskinstance.py:1245} INFO - 
--------------------------------------------------------------------------------
[2023-12-04 13:41:39,127] {taskinstance.py:1264} INFO - Executing <Task(_PythonDecoratedOperator): get_name> on 2022-11-27 00:00:00+00:00
[2023-12-04 13:41:39,132] {standard_task_runner.py:52} INFO - Started process 11041 to run task
[2023-12-04 13:41:39,137] {standard_task_runner.py:76} INFO - Running: ['***', 'tasks', 'run', 'dag_with_taskflow_api_v02', 'get_name', 'scheduled__2022-11-27T00:00:00+00:00', '--job-id', '1741', '--raw', '--subdir', 'DAGS_FOLDER/dag_with_taskflow_api.py', '--cfg-path', '/tmp/tmphc4o4vhx', '--error-file', '/tmp/tmp7582llvi']
[2023-12-04 13:41:39,139] {standard_task_runner.py:77} INFO - Job 1741: Subtask get_name
[2023-12-04 13:41:39,254] {logging_mixin.py:109} INFO - Running <TaskInstance: dag_with_taskflow_api_v02.get_name scheduled__2022-11-27T00:00:00+00:00 [running]> on host 9953e82db65e
[2023-12-04 13:41:39,380] {taskinstance.py:1431} INFO - Exporting the following env vars:
AIRFLOW_CTX_DAG_OWNER=Ali
AIRFLOW_CTX_DAG_ID=dag_with_taskflow_api_v02
AIRFLOW_CTX_TASK_ID=get_name
AIRFLOW_CTX_EXECUTION_DATE=2022-11-27T00:00:00+00:00
AIRFLOW_CTX_DAG_RUN_ID=scheduled__2022-11-27T00:00:00+00:00
[2023-12-04 13:41:39,380] {python.py:175} INFO - Done. Returned value was: {'first_name': 'Ali', 'last_name': 'Mokh'}
[2023-12-04 13:41:39,519] {taskinstance.py:1282} INFO - Marking task as SUCCESS. dag_id=dag_with_taskflow_api_v02, task_id=get_name, execution_date=20221127T000000, start_date=20231204T134139, end_date=20231204T134139
[2023-12-04 13:41:39,561] {local_task_job.py:154} INFO - Task exited with return code 0
[2023-12-04 13:41:39,658] {local_task_job.py:264} INFO - 0 downstream tasks scheduled from follow-on schedule check
