[2023-11-30 13:34:06,524] {taskinstance.py:1037} INFO - Dependencies all met for <TaskInstance: our_first_dag_v3.third_task scheduled__2023-11-22T00:00:00+00:00 [queued]>
[2023-11-30 13:34:06,561] {taskinstance.py:1037} INFO - Dependencies all met for <TaskInstance: our_first_dag_v3.third_task scheduled__2023-11-22T00:00:00+00:00 [queued]>
[2023-11-30 13:34:06,561] {taskinstance.py:1243} INFO - 
--------------------------------------------------------------------------------
[2023-11-30 13:34:06,561] {taskinstance.py:1244} INFO - Starting attempt 1 of 6
[2023-11-30 13:34:06,562] {taskinstance.py:1245} INFO - 
--------------------------------------------------------------------------------
[2023-11-30 13:34:06,601] {taskinstance.py:1264} INFO - Executing <Task(BashOperator): third_task> on 2023-11-22 00:00:00+00:00
[2023-11-30 13:34:06,609] {standard_task_runner.py:52} INFO - Started process 6399 to run task
[2023-11-30 13:34:06,641] {standard_task_runner.py:76} INFO - Running: ['***', 'tasks', 'run', 'our_first_dag_v3', 'third_task', 'scheduled__2023-11-22T00:00:00+00:00', '--job-id', '601', '--raw', '--subdir', 'DAGS_FOLDER/our_first_dag.py', '--cfg-path', '/tmp/tmp5h7by7wl', '--error-file', '/tmp/tmpa0ra1ymp']
[2023-11-30 13:34:06,642] {standard_task_runner.py:77} INFO - Job 601: Subtask third_task
[2023-11-30 13:34:06,762] {logging_mixin.py:109} INFO - Running <TaskInstance: our_first_dag_v3.third_task scheduled__2023-11-22T00:00:00+00:00 [running]> on host 08735726aeda
[2023-11-30 13:34:06,990] {taskinstance.py:1431} INFO - Exporting the following env vars:
AIRFLOW_CTX_DAG_OWNER=Ali
AIRFLOW_CTX_DAG_ID=our_first_dag_v3
AIRFLOW_CTX_TASK_ID=third_task
AIRFLOW_CTX_EXECUTION_DATE=2023-11-22T00:00:00+00:00
AIRFLOW_CTX_DAG_RUN_ID=scheduled__2023-11-22T00:00:00+00:00
[2023-11-30 13:34:06,991] {subprocess.py:62} INFO - Tmp dir root location: 
 /tmp
[2023-11-30 13:34:06,992] {subprocess.py:74} INFO - Running command: ['bash', '-c', 'echo hello world, this is the third task!']
[2023-11-30 13:34:07,007] {subprocess.py:85} INFO - Output:
[2023-11-30 13:34:07,010] {subprocess.py:89} INFO - hello world, this is the third task!
[2023-11-30 13:34:07,011] {subprocess.py:93} INFO - Command exited with return code 0
[2023-11-30 13:34:07,077] {taskinstance.py:1282} INFO - Marking task as SUCCESS. dag_id=our_first_dag_v3, task_id=third_task, execution_date=20231122T000000, start_date=20231130T133406, end_date=20231130T133407
[2023-11-30 13:34:07,142] {local_task_job.py:154} INFO - Task exited with return code 0
[2023-11-30 13:34:07,230] {local_task_job.py:264} INFO - 0 downstream tasks scheduled from follow-on schedule check
