[2023-12-04 13:41:24,777] {taskinstance.py:1037} INFO - Dependencies all met for <TaskInstance: dag_with_taskflow_api_v02.get_age scheduled__2022-11-08T00:00:00+00:00 [queued]>
[2023-12-04 13:41:24,792] {taskinstance.py:1037} INFO - Dependencies all met for <TaskInstance: dag_with_taskflow_api_v02.get_age scheduled__2022-11-08T00:00:00+00:00 [queued]>
[2023-12-04 13:41:24,793] {taskinstance.py:1243} INFO - 
--------------------------------------------------------------------------------
[2023-12-04 13:41:24,793] {taskinstance.py:1244} INFO - Starting attempt 1 of 6
[2023-12-04 13:41:24,793] {taskinstance.py:1245} INFO - 
--------------------------------------------------------------------------------
[2023-12-04 13:41:24,822] {taskinstance.py:1264} INFO - Executing <Task(_PythonDecoratedOperator): get_age> on 2022-11-08 00:00:00+00:00
[2023-12-04 13:41:24,831] {standard_task_runner.py:52} INFO - Started process 10913 to run task
[2023-12-04 13:41:24,841] {standard_task_runner.py:76} INFO - Running: ['***', 'tasks', 'run', 'dag_with_taskflow_api_v02', 'get_age', 'scheduled__2022-11-08T00:00:00+00:00', '--job-id', '1681', '--raw', '--subdir', 'DAGS_FOLDER/dag_with_taskflow_api.py', '--cfg-path', '/tmp/tmpv8f7p6yf', '--error-file', '/tmp/tmp9326gwgx']
[2023-12-04 13:41:24,843] {standard_task_runner.py:77} INFO - Job 1681: Subtask get_age
[2023-12-04 13:41:24,943] {logging_mixin.py:109} INFO - Running <TaskInstance: dag_with_taskflow_api_v02.get_age scheduled__2022-11-08T00:00:00+00:00 [running]> on host 9953e82db65e
[2023-12-04 13:41:25,059] {taskinstance.py:1431} INFO - Exporting the following env vars:
AIRFLOW_CTX_DAG_OWNER=Ali
AIRFLOW_CTX_DAG_ID=dag_with_taskflow_api_v02
AIRFLOW_CTX_TASK_ID=get_age
AIRFLOW_CTX_EXECUTION_DATE=2022-11-08T00:00:00+00:00
AIRFLOW_CTX_DAG_RUN_ID=scheduled__2022-11-08T00:00:00+00:00
[2023-12-04 13:41:25,060] {python.py:175} INFO - Done. Returned value was: 30
[2023-12-04 13:41:25,103] {taskinstance.py:1282} INFO - Marking task as SUCCESS. dag_id=dag_with_taskflow_api_v02, task_id=get_age, execution_date=20221108T000000, start_date=20231204T134124, end_date=20231204T134125
[2023-12-04 13:41:25,144] {local_task_job.py:154} INFO - Task exited with return code 0
[2023-12-04 13:41:25,205] {local_task_job.py:264} INFO - 0 downstream tasks scheduled from follow-on schedule check
