[2023-12-04 13:35:47,670] {taskinstance.py:1037} INFO - Dependencies all met for <TaskInstance: dag_with_taskflow_api.get_name scheduled__2022-04-01T00:00:00+00:00 [queued]>
[2023-12-04 13:35:47,689] {taskinstance.py:1037} INFO - Dependencies all met for <TaskInstance: dag_with_taskflow_api.get_name scheduled__2022-04-01T00:00:00+00:00 [queued]>
[2023-12-04 13:35:47,690] {taskinstance.py:1243} INFO - 
--------------------------------------------------------------------------------
[2023-12-04 13:35:47,690] {taskinstance.py:1244} INFO - Starting attempt 1 of 6
[2023-12-04 13:35:47,690] {taskinstance.py:1245} INFO - 
--------------------------------------------------------------------------------
[2023-12-04 13:35:47,706] {taskinstance.py:1264} INFO - Executing <Task(_PythonDecoratedOperator): get_name> on 2022-04-01 00:00:00+00:00
[2023-12-04 13:35:47,710] {standard_task_runner.py:52} INFO - Started process 7811 to run task
[2023-12-04 13:35:47,714] {standard_task_runner.py:76} INFO - Running: ['***', 'tasks', 'run', 'dag_with_taskflow_api', 'get_name', 'scheduled__2022-04-01T00:00:00+00:00', '--job-id', '337', '--raw', '--subdir', 'DAGS_FOLDER/dag_with_taskflow_api.py', '--cfg-path', '/tmp/tmpo890gcot', '--error-file', '/tmp/tmpd2yvt3vw']
[2023-12-04 13:35:47,716] {standard_task_runner.py:77} INFO - Job 337: Subtask get_name
[2023-12-04 13:35:47,794] {logging_mixin.py:109} INFO - Running <TaskInstance: dag_with_taskflow_api.get_name scheduled__2022-04-01T00:00:00+00:00 [running]> on host 9953e82db65e
[2023-12-04 13:35:47,880] {taskinstance.py:1431} INFO - Exporting the following env vars:
AIRFLOW_CTX_DAG_OWNER=Ali
AIRFLOW_CTX_DAG_ID=dag_with_taskflow_api
AIRFLOW_CTX_TASK_ID=get_name
AIRFLOW_CTX_EXECUTION_DATE=2022-04-01T00:00:00+00:00
AIRFLOW_CTX_DAG_RUN_ID=scheduled__2022-04-01T00:00:00+00:00
[2023-12-04 13:35:47,880] {python.py:175} INFO - Done. Returned value was: Ali
[2023-12-04 13:35:47,913] {taskinstance.py:1282} INFO - Marking task as SUCCESS. dag_id=dag_with_taskflow_api, task_id=get_name, execution_date=20220401T000000, start_date=20231204T133547, end_date=20231204T133547
[2023-12-04 13:35:47,968] {local_task_job.py:154} INFO - Task exited with return code 0
[2023-12-04 13:35:48,003] {local_task_job.py:264} INFO - 0 downstream tasks scheduled from follow-on schedule check
