[2023-11-30 14:57:47,923] {taskinstance.py:1037} INFO - Dependencies all met for <TaskInstance: our_dag_with_python_operator_v03.greet scheduled__2023-11-29T00:00:00+00:00 [queued]>
[2023-11-30 14:57:47,931] {taskinstance.py:1037} INFO - Dependencies all met for <TaskInstance: our_dag_with_python_operator_v03.greet scheduled__2023-11-29T00:00:00+00:00 [queued]>
[2023-11-30 14:57:47,931] {taskinstance.py:1243} INFO - 
--------------------------------------------------------------------------------
[2023-11-30 14:57:47,931] {taskinstance.py:1244} INFO - Starting attempt 1 of 6
[2023-11-30 14:57:47,931] {taskinstance.py:1245} INFO - 
--------------------------------------------------------------------------------
[2023-11-30 14:57:47,942] {taskinstance.py:1264} INFO - Executing <Task(PythonOperator): greet> on 2023-11-29 00:00:00+00:00
[2023-11-30 14:57:47,946] {standard_task_runner.py:52} INFO - Started process 17924 to run task
[2023-11-30 14:57:47,949] {standard_task_runner.py:76} INFO - Running: ['***', 'tasks', 'run', 'our_dag_with_python_operator_v03', 'greet', 'scheduled__2023-11-29T00:00:00+00:00', '--job-id', '627', '--raw', '--subdir', 'DAGS_FOLDER/create_dag_with_python_operator.py', '--cfg-path', '/tmp/tmpv3it4mg0', '--error-file', '/tmp/tmpxvoy5wg_']
[2023-11-30 14:57:47,951] {standard_task_runner.py:77} INFO - Job 627: Subtask greet
[2023-11-30 14:57:47,994] {logging_mixin.py:109} INFO - Running <TaskInstance: our_dag_with_python_operator_v03.greet scheduled__2023-11-29T00:00:00+00:00 [running]> on host 08735726aeda
[2023-11-30 14:57:48,042] {taskinstance.py:1431} INFO - Exporting the following env vars:
AIRFLOW_CTX_DAG_OWNER=Ali
AIRFLOW_CTX_DAG_ID=our_dag_with_python_operator_v03
AIRFLOW_CTX_TASK_ID=greet
AIRFLOW_CTX_EXECUTION_DATE=2023-11-29T00:00:00+00:00
AIRFLOW_CTX_DAG_RUN_ID=scheduled__2023-11-29T00:00:00+00:00
[2023-11-30 14:57:48,042] {logging_mixin.py:109} INFO - Hello world! my name is Ali, and I am 20 years old.
[2023-11-30 14:57:48,043] {python.py:175} INFO - Done. Returned value was: None
[2023-11-30 14:57:48,051] {taskinstance.py:1282} INFO - Marking task as SUCCESS. dag_id=our_dag_with_python_operator_v03, task_id=greet, execution_date=20231129T000000, start_date=20231130T145747, end_date=20231130T145748
[2023-11-30 14:57:48,083] {local_task_job.py:154} INFO - Task exited with return code 0
[2023-11-30 14:57:48,111] {local_task_job.py:264} INFO - 0 downstream tasks scheduled from follow-on schedule check
