[2023-12-04 13:37:59,987] {taskinstance.py:1037} INFO - Dependencies all met for <TaskInstance: dag_with_taskflow_api_v02.get_age scheduled__2022-01-28T00:00:00+00:00 [queued]>
[2023-12-04 13:38:00,011] {taskinstance.py:1037} INFO - Dependencies all met for <TaskInstance: dag_with_taskflow_api_v02.get_age scheduled__2022-01-28T00:00:00+00:00 [queued]>
[2023-12-04 13:38:00,012] {taskinstance.py:1243} INFO - 
--------------------------------------------------------------------------------
[2023-12-04 13:38:00,012] {taskinstance.py:1244} INFO - Starting attempt 1 of 6
[2023-12-04 13:38:00,013] {taskinstance.py:1245} INFO - 
--------------------------------------------------------------------------------
[2023-12-04 13:38:00,053] {taskinstance.py:1264} INFO - Executing <Task(_PythonDecoratedOperator): get_age> on 2022-01-28 00:00:00+00:00
[2023-12-04 13:38:00,057] {standard_task_runner.py:52} INFO - Started process 8963 to run task
[2023-12-04 13:38:00,063] {standard_task_runner.py:76} INFO - Running: ['***', 'tasks', 'run', 'dag_with_taskflow_api_v02', 'get_age', 'scheduled__2022-01-28T00:00:00+00:00', '--job-id', '830', '--raw', '--subdir', 'DAGS_FOLDER/dag_with_taskflow_api.py', '--cfg-path', '/tmp/tmp4bgp51m0', '--error-file', '/tmp/tmpdg59qt23']
[2023-12-04 13:38:00,067] {standard_task_runner.py:77} INFO - Job 830: Subtask get_age
[2023-12-04 13:38:00,179] {logging_mixin.py:109} INFO - Running <TaskInstance: dag_with_taskflow_api_v02.get_age scheduled__2022-01-28T00:00:00+00:00 [running]> on host 9953e82db65e
[2023-12-04 13:38:00,320] {taskinstance.py:1431} INFO - Exporting the following env vars:
AIRFLOW_CTX_DAG_OWNER=Ali
AIRFLOW_CTX_DAG_ID=dag_with_taskflow_api_v02
AIRFLOW_CTX_TASK_ID=get_age
AIRFLOW_CTX_EXECUTION_DATE=2022-01-28T00:00:00+00:00
AIRFLOW_CTX_DAG_RUN_ID=scheduled__2022-01-28T00:00:00+00:00
[2023-12-04 13:38:00,321] {python.py:175} INFO - Done. Returned value was: 30
[2023-12-04 13:38:00,417] {taskinstance.py:1282} INFO - Marking task as SUCCESS. dag_id=dag_with_taskflow_api_v02, task_id=get_age, execution_date=20220128T000000, start_date=20231204T133759, end_date=20231204T133800
[2023-12-04 13:38:00,473] {local_task_job.py:154} INFO - Task exited with return code 0
[2023-12-04 13:38:00,719] {local_task_job.py:264} INFO - 0 downstream tasks scheduled from follow-on schedule check
