[2023-12-05 14:57:03,190] {taskinstance.py:1037} INFO - Dependencies all met for <TaskInstance: dag_with_scikit_learn_v03.get_matplotlib scheduled__2023-11-22T00:00:00+00:00 [queued]>
[2023-12-05 14:57:03,213] {taskinstance.py:1037} INFO - Dependencies all met for <TaskInstance: dag_with_scikit_learn_v03.get_matplotlib scheduled__2023-11-22T00:00:00+00:00 [queued]>
[2023-12-05 14:57:03,214] {taskinstance.py:1243} INFO - 
--------------------------------------------------------------------------------
[2023-12-05 14:57:03,214] {taskinstance.py:1244} INFO - Starting attempt 5 of 6
[2023-12-05 14:57:03,214] {taskinstance.py:1245} INFO - 
--------------------------------------------------------------------------------
[2023-12-05 14:57:03,252] {taskinstance.py:1264} INFO - Executing <Task(PythonOperator): get_matplotlib> on 2023-11-22 00:00:00+00:00
[2023-12-05 14:57:03,257] {standard_task_runner.py:52} INFO - Started process 9689 to run task
[2023-12-05 14:57:03,260] {standard_task_runner.py:76} INFO - Running: ['***', 'tasks', 'run', 'dag_with_scikit_learn_v03', 'get_matplotlib', 'scheduled__2023-11-22T00:00:00+00:00', '--job-id', '221', '--raw', '--subdir', 'DAGS_FOLDER/dag_with_python_dependencies.py', '--cfg-path', '/tmp/tmpqosr7o98', '--error-file', '/tmp/tmptppyjt_r']
[2023-12-05 14:57:03,261] {standard_task_runner.py:77} INFO - Job 221: Subtask get_matplotlib
[2023-12-05 14:57:03,405] {logging_mixin.py:109} INFO - Running <TaskInstance: dag_with_scikit_learn_v03.get_matplotlib scheduled__2023-11-22T00:00:00+00:00 [running]> on host db75a6f967e6
[2023-12-05 14:57:03,600] {taskinstance.py:1431} INFO - Exporting the following env vars:
AIRFLOW_CTX_DAG_OWNER=Ali
AIRFLOW_CTX_DAG_ID=dag_with_scikit_learn_v03
AIRFLOW_CTX_TASK_ID=get_matplotlib
AIRFLOW_CTX_EXECUTION_DATE=2023-11-22T00:00:00+00:00
AIRFLOW_CTX_DAG_RUN_ID=scheduled__2023-11-22T00:00:00+00:00
[2023-12-05 14:57:03,601] {taskinstance.py:1718} ERROR - Task failed with exception
Traceback (most recent call last):
  File "/home/airflow/.local/lib/python3.7/site-packages/airflow/models/taskinstance.py", line 1334, in _run_raw_task
    self._execute_task_with_callbacks(context)
  File "/home/airflow/.local/lib/python3.7/site-packages/airflow/models/taskinstance.py", line 1460, in _execute_task_with_callbacks
    result = self._execute_task(context, self.task)
  File "/home/airflow/.local/lib/python3.7/site-packages/airflow/models/taskinstance.py", line 1516, in _execute_task
    result = execute_callable(context=context)
  File "/home/airflow/.local/lib/python3.7/site-packages/airflow/operators/python.py", line 174, in execute
    return_value = self.execute_callable()
  File "/home/airflow/.local/lib/python3.7/site-packages/airflow/operators/python.py", line 188, in execute_callable
    return self.python_callable(*self.op_args, **self.op_kwargs)
  File "/opt/airflow/dags/dag_with_python_dependencies.py", line 17, in get_matplotlib
    import matplotlib
ModuleNotFoundError: No module named 'matplotlib'
[2023-12-05 14:57:03,635] {taskinstance.py:1282} INFO - Marking task as UP_FOR_RETRY. dag_id=dag_with_scikit_learn_v03, task_id=get_matplotlib, execution_date=20231122T000000, start_date=20231205T145703, end_date=20231205T145703
[2023-12-05 14:57:03,659] {standard_task_runner.py:92} ERROR - Failed to execute job 221 for task get_matplotlib
Traceback (most recent call last):
  File "/home/airflow/.local/lib/python3.7/site-packages/airflow/task/task_runner/standard_task_runner.py", line 85, in _start_by_fork
    args.func(args, dag=self.dag)
  File "/home/airflow/.local/lib/python3.7/site-packages/airflow/cli/cli_parser.py", line 48, in command
    return func(*args, **kwargs)
  File "/home/airflow/.local/lib/python3.7/site-packages/airflow/utils/cli.py", line 92, in wrapper
    return f(*args, **kwargs)
  File "/home/airflow/.local/lib/python3.7/site-packages/airflow/cli/commands/task_command.py", line 298, in task_run
    _run_task_by_selected_method(args, dag, ti)
  File "/home/airflow/.local/lib/python3.7/site-packages/airflow/cli/commands/task_command.py", line 107, in _run_task_by_selected_method
    _run_raw_task(args, ti)
  File "/home/airflow/.local/lib/python3.7/site-packages/airflow/cli/commands/task_command.py", line 184, in _run_raw_task
    error_file=args.error_file,
  File "/home/airflow/.local/lib/python3.7/site-packages/airflow/utils/session.py", line 70, in wrapper
    return func(*args, session=session, **kwargs)
  File "/home/airflow/.local/lib/python3.7/site-packages/airflow/models/taskinstance.py", line 1334, in _run_raw_task
    self._execute_task_with_callbacks(context)
  File "/home/airflow/.local/lib/python3.7/site-packages/airflow/models/taskinstance.py", line 1460, in _execute_task_with_callbacks
    result = self._execute_task(context, self.task)
  File "/home/airflow/.local/lib/python3.7/site-packages/airflow/models/taskinstance.py", line 1516, in _execute_task
    result = execute_callable(context=context)
  File "/home/airflow/.local/lib/python3.7/site-packages/airflow/operators/python.py", line 174, in execute
    return_value = self.execute_callable()
  File "/home/airflow/.local/lib/python3.7/site-packages/airflow/operators/python.py", line 188, in execute_callable
    return self.python_callable(*self.op_args, **self.op_kwargs)
  File "/opt/airflow/dags/dag_with_python_dependencies.py", line 17, in get_matplotlib
    import matplotlib
ModuleNotFoundError: No module named 'matplotlib'
[2023-12-05 14:57:04,998] {local_task_job.py:154} INFO - Task exited with return code 1
[2023-12-05 14:57:05,034] {local_task_job.py:264} INFO - 0 downstream tasks scheduled from follow-on schedule check
