[2023-11-30 09:59:02,235] {taskinstance.py:1037} INFO - Dependencies all met for <TaskInstance: our_first_dag.first_task scheduled__2021-08-05T00:00:00+00:00 [queued]>
[2023-11-30 09:59:02,245] {taskinstance.py:1037} INFO - Dependencies all met for <TaskInstance: our_first_dag.first_task scheduled__2021-08-05T00:00:00+00:00 [queued]>
[2023-11-30 09:59:02,245] {taskinstance.py:1243} INFO - 
--------------------------------------------------------------------------------
[2023-11-30 09:59:02,245] {taskinstance.py:1244} INFO - Starting attempt 1 of 6
[2023-11-30 09:59:02,245] {taskinstance.py:1245} INFO - 
--------------------------------------------------------------------------------
[2023-11-30 09:59:02,258] {taskinstance.py:1264} INFO - Executing <Task(BashOperator): first_task> on 2021-08-05 00:00:00+00:00
[2023-11-30 09:59:02,262] {standard_task_runner.py:52} INFO - Started process 52907 to run task
[2023-11-30 09:59:02,265] {standard_task_runner.py:76} INFO - Running: ['***', 'tasks', 'run', 'our_first_dag', 'first_task', 'scheduled__2021-08-05T00:00:00+00:00', '--job-id', '11', '--raw', '--subdir', 'DAGS_FOLDER/our_first_dag.py', '--cfg-path', '/tmp/tmphl_ke_e8', '--error-file', '/tmp/tmpameer5j0']
[2023-11-30 09:59:02,266] {standard_task_runner.py:77} INFO - Job 11: Subtask first_task
[2023-11-30 09:59:02,341] {logging_mixin.py:109} INFO - Running <TaskInstance: our_first_dag.first_task scheduled__2021-08-05T00:00:00+00:00 [running]> on host 6a46d673723a
[2023-11-30 09:59:02,417] {taskinstance.py:1431} INFO - Exporting the following env vars:
AIRFLOW_CTX_DAG_OWNER=Ali
AIRFLOW_CTX_DAG_ID=our_first_dag
AIRFLOW_CTX_TASK_ID=first_task
AIRFLOW_CTX_EXECUTION_DATE=2021-08-05T00:00:00+00:00
AIRFLOW_CTX_DAG_RUN_ID=scheduled__2021-08-05T00:00:00+00:00
[2023-11-30 09:59:02,418] {subprocess.py:62} INFO - Tmp dir root location: 
 /tmp
[2023-11-30 09:59:02,419] {subprocess.py:74} INFO - Running command: ['bash', '-c', 'echo hello world, this is the first task!']
[2023-11-30 09:59:02,429] {subprocess.py:85} INFO - Output:
[2023-11-30 09:59:02,432] {subprocess.py:89} INFO - hello world, this is the first task!
[2023-11-30 09:59:02,432] {subprocess.py:93} INFO - Command exited with return code 0
[2023-11-30 09:59:02,550] {taskinstance.py:1282} INFO - Marking task as SUCCESS. dag_id=our_first_dag, task_id=first_task, execution_date=20210805T000000, start_date=20231130T095902, end_date=20231130T095902
[2023-11-30 09:59:02,604] {local_task_job.py:154} INFO - Task exited with return code 0
[2023-11-30 09:59:02,666] {local_task_job.py:264} INFO - 0 downstream tasks scheduled from follow-on schedule check
