[2023-11-30 13:29:53,653] {taskinstance.py:1037} INFO - Dependencies all met for <TaskInstance: our_first_dag_v2.second_task scheduled__2023-11-22T00:00:00+00:00 [queued]>
[2023-11-30 13:29:53,668] {taskinstance.py:1037} INFO - Dependencies all met for <TaskInstance: our_first_dag_v2.second_task scheduled__2023-11-22T00:00:00+00:00 [queued]>
[2023-11-30 13:29:53,668] {taskinstance.py:1243} INFO - 
--------------------------------------------------------------------------------
[2023-11-30 13:29:53,668] {taskinstance.py:1244} INFO - Starting attempt 1 of 6
[2023-11-30 13:29:53,668] {taskinstance.py:1245} INFO - 
--------------------------------------------------------------------------------
[2023-11-30 13:29:53,690] {taskinstance.py:1264} INFO - Executing <Task(BashOperator): second_task> on 2023-11-22 00:00:00+00:00
[2023-11-30 13:29:53,695] {standard_task_runner.py:52} INFO - Started process 3775 to run task
[2023-11-30 13:29:53,699] {standard_task_runner.py:76} INFO - Running: ['***', 'tasks', 'run', 'our_first_dag_v2', 'second_task', 'scheduled__2023-11-22T00:00:00+00:00', '--job-id', '238', '--raw', '--subdir', 'DAGS_FOLDER/our_first_dag.py', '--cfg-path', '/tmp/tmpfal9cn8j', '--error-file', '/tmp/tmpyz3tu2jb']
[2023-11-30 13:29:53,701] {standard_task_runner.py:77} INFO - Job 238: Subtask second_task
[2023-11-30 13:29:53,793] {logging_mixin.py:109} INFO - Running <TaskInstance: our_first_dag_v2.second_task scheduled__2023-11-22T00:00:00+00:00 [running]> on host 08735726aeda
[2023-11-30 13:29:53,871] {taskinstance.py:1431} INFO - Exporting the following env vars:
AIRFLOW_CTX_DAG_OWNER=Ali
AIRFLOW_CTX_DAG_ID=our_first_dag_v2
AIRFLOW_CTX_TASK_ID=second_task
AIRFLOW_CTX_EXECUTION_DATE=2023-11-22T00:00:00+00:00
AIRFLOW_CTX_DAG_RUN_ID=scheduled__2023-11-22T00:00:00+00:00
[2023-11-30 13:29:53,872] {subprocess.py:62} INFO - Tmp dir root location: 
 /tmp
[2023-11-30 13:29:53,873] {subprocess.py:74} INFO - Running command: ['bash', '-c', 'echo hello world, this is the second task!']
[2023-11-30 13:29:53,886] {subprocess.py:85} INFO - Output:
[2023-11-30 13:29:53,888] {subprocess.py:89} INFO - hello world, this is the second task!
[2023-11-30 13:29:53,889] {subprocess.py:93} INFO - Command exited with return code 0
[2023-11-30 13:29:53,919] {taskinstance.py:1282} INFO - Marking task as SUCCESS. dag_id=our_first_dag_v2, task_id=second_task, execution_date=20231122T000000, start_date=20231130T132953, end_date=20231130T132953
[2023-11-30 13:29:53,954] {local_task_job.py:154} INFO - Task exited with return code 0
[2023-11-30 13:29:53,987] {local_task_job.py:264} INFO - 0 downstream tasks scheduled from follow-on schedule check
