[2023-12-04 13:37:15,031] {taskinstance.py:1037} INFO - Dependencies all met for <TaskInstance: dag_with_taskflow_api.greet scheduled__2022-08-06T00:00:00+00:00 [queued]>
[2023-12-04 13:37:15,043] {taskinstance.py:1037} INFO - Dependencies all met for <TaskInstance: dag_with_taskflow_api.greet scheduled__2022-08-06T00:00:00+00:00 [queued]>
[2023-12-04 13:37:15,043] {taskinstance.py:1243} INFO - 
--------------------------------------------------------------------------------
[2023-12-04 13:37:15,043] {taskinstance.py:1244} INFO - Starting attempt 1 of 6
[2023-12-04 13:37:15,043] {taskinstance.py:1245} INFO - 
--------------------------------------------------------------------------------
[2023-12-04 13:37:15,056] {taskinstance.py:1264} INFO - Executing <Task(_PythonDecoratedOperator): greet> on 2022-08-06 00:00:00+00:00
[2023-12-04 13:37:15,059] {standard_task_runner.py:52} INFO - Started process 8681 to run task
[2023-12-04 13:37:15,062] {standard_task_runner.py:76} INFO - Running: ['***', 'tasks', 'run', 'dag_with_taskflow_api', 'greet', 'scheduled__2022-08-06T00:00:00+00:00', '--job-id', '723', '--raw', '--subdir', 'DAGS_FOLDER/dag_with_taskflow_api.py', '--cfg-path', '/tmp/tmp9ryxz4cm', '--error-file', '/tmp/tmpv0a7nu9_']
[2023-12-04 13:37:15,063] {standard_task_runner.py:77} INFO - Job 723: Subtask greet
[2023-12-04 13:37:15,115] {logging_mixin.py:109} INFO - Running <TaskInstance: dag_with_taskflow_api.greet scheduled__2022-08-06T00:00:00+00:00 [running]> on host 9953e82db65e
[2023-12-04 13:37:15,183] {taskinstance.py:1431} INFO - Exporting the following env vars:
AIRFLOW_CTX_DAG_OWNER=Ali
AIRFLOW_CTX_DAG_ID=dag_with_taskflow_api
AIRFLOW_CTX_TASK_ID=greet
AIRFLOW_CTX_EXECUTION_DATE=2022-08-06T00:00:00+00:00
AIRFLOW_CTX_DAG_RUN_ID=scheduled__2022-08-06T00:00:00+00:00
[2023-12-04 13:37:15,183] {logging_mixin.py:109} INFO - Hello World! My name is Ali and I am 30 years old
[2023-12-04 13:37:15,183] {python.py:175} INFO - Done. Returned value was: None
[2023-12-04 13:37:15,194] {taskinstance.py:1282} INFO - Marking task as SUCCESS. dag_id=dag_with_taskflow_api, task_id=greet, execution_date=20220806T000000, start_date=20231204T133715, end_date=20231204T133715
[2023-12-04 13:37:15,234] {local_task_job.py:154} INFO - Task exited with return code 0
[2023-12-04 13:37:15,264] {local_task_job.py:264} INFO - 0 downstream tasks scheduled from follow-on schedule check
