[2023-12-04 13:37:06,252] {taskinstance.py:1037} INFO - Dependencies all met for <TaskInstance: dag_with_taskflow_api.get_name scheduled__2022-07-25T00:00:00+00:00 [queued]>
[2023-12-04 13:37:06,263] {taskinstance.py:1037} INFO - Dependencies all met for <TaskInstance: dag_with_taskflow_api.get_name scheduled__2022-07-25T00:00:00+00:00 [queued]>
[2023-12-04 13:37:06,263] {taskinstance.py:1243} INFO - 
--------------------------------------------------------------------------------
[2023-12-04 13:37:06,263] {taskinstance.py:1244} INFO - Starting attempt 1 of 6
[2023-12-04 13:37:06,263] {taskinstance.py:1245} INFO - 
--------------------------------------------------------------------------------
[2023-12-04 13:37:06,285] {taskinstance.py:1264} INFO - Executing <Task(_PythonDecoratedOperator): get_name> on 2022-07-25 00:00:00+00:00
[2023-12-04 13:37:06,289] {standard_task_runner.py:52} INFO - Started process 8595 to run task
[2023-12-04 13:37:06,297] {standard_task_runner.py:76} INFO - Running: ['***', 'tasks', 'run', 'dag_with_taskflow_api', 'get_name', 'scheduled__2022-07-25T00:00:00+00:00', '--job-id', '683', '--raw', '--subdir', 'DAGS_FOLDER/dag_with_taskflow_api.py', '--cfg-path', '/tmp/tmpw5n6p691', '--error-file', '/tmp/tmpk0_l5dp2']
[2023-12-04 13:37:06,298] {standard_task_runner.py:77} INFO - Job 683: Subtask get_name
[2023-12-04 13:37:06,373] {logging_mixin.py:109} INFO - Running <TaskInstance: dag_with_taskflow_api.get_name scheduled__2022-07-25T00:00:00+00:00 [running]> on host 9953e82db65e
[2023-12-04 13:37:06,446] {taskinstance.py:1431} INFO - Exporting the following env vars:
AIRFLOW_CTX_DAG_OWNER=Ali
AIRFLOW_CTX_DAG_ID=dag_with_taskflow_api
AIRFLOW_CTX_TASK_ID=get_name
AIRFLOW_CTX_EXECUTION_DATE=2022-07-25T00:00:00+00:00
AIRFLOW_CTX_DAG_RUN_ID=scheduled__2022-07-25T00:00:00+00:00
[2023-12-04 13:37:06,449] {python.py:175} INFO - Done. Returned value was: Ali
[2023-12-04 13:37:06,489] {taskinstance.py:1282} INFO - Marking task as SUCCESS. dag_id=dag_with_taskflow_api, task_id=get_name, execution_date=20220725T000000, start_date=20231204T133706, end_date=20231204T133706
[2023-12-04 13:37:06,547] {local_task_job.py:154} INFO - Task exited with return code 0
[2023-12-04 13:37:06,731] {local_task_job.py:264} INFO - 0 downstream tasks scheduled from follow-on schedule check
