[2023-12-04 12:20:30,844] {taskinstance.py:1037} INFO - Dependencies all met for <TaskInstance: our_dag_with_python_operator_v04.get_name manual__2023-12-04T12:20:29.718342+00:00 [queued]>
[2023-12-04 12:20:30,850] {taskinstance.py:1037} INFO - Dependencies all met for <TaskInstance: our_dag_with_python_operator_v04.get_name manual__2023-12-04T12:20:29.718342+00:00 [queued]>
[2023-12-04 12:20:30,850] {taskinstance.py:1243} INFO - 
--------------------------------------------------------------------------------
[2023-12-04 12:20:30,850] {taskinstance.py:1244} INFO - Starting attempt 1 of 6
[2023-12-04 12:20:30,850] {taskinstance.py:1245} INFO - 
--------------------------------------------------------------------------------
[2023-12-04 12:20:30,859] {taskinstance.py:1264} INFO - Executing <Task(PythonOperator): get_name> on 2023-12-04 12:20:29.718342+00:00
[2023-12-04 12:20:30,861] {standard_task_runner.py:52} INFO - Started process 2498 to run task
[2023-12-04 12:20:30,863] {standard_task_runner.py:76} INFO - Running: ['***', 'tasks', 'run', 'our_dag_with_python_operator_v04', 'get_name', 'manual__2023-12-04T12:20:29.718342+00:00', '--job-id', '25', '--raw', '--subdir', 'DAGS_FOLDER/create_dag_with_python_operator.py', '--cfg-path', '/tmp/tmp_0geihlg', '--error-file', '/tmp/tmpejjspsab']
[2023-12-04 12:20:30,864] {standard_task_runner.py:77} INFO - Job 25: Subtask get_name
[2023-12-04 12:20:30,899] {logging_mixin.py:109} INFO - Running <TaskInstance: our_dag_with_python_operator_v04.get_name manual__2023-12-04T12:20:29.718342+00:00 [running]> on host 9953e82db65e
[2023-12-04 12:20:30,937] {taskinstance.py:1431} INFO - Exporting the following env vars:
AIRFLOW_CTX_DAG_OWNER=Ali
AIRFLOW_CTX_DAG_ID=our_dag_with_python_operator_v04
AIRFLOW_CTX_TASK_ID=get_name
AIRFLOW_CTX_EXECUTION_DATE=2023-12-04T12:20:29.718342+00:00
AIRFLOW_CTX_DAG_RUN_ID=manual__2023-12-04T12:20:29.718342+00:00
[2023-12-04 12:20:30,951] {python.py:175} INFO - Done. Returned value was: Ali
[2023-12-04 12:20:30,964] {taskinstance.py:1282} INFO - Marking task as SUCCESS. dag_id=our_dag_with_python_operator_v04, task_id=get_name, execution_date=20231204T122029, start_date=20231204T122030, end_date=20231204T122030
[2023-12-04 12:20:30,995] {local_task_job.py:154} INFO - Task exited with return code 0
[2023-12-04 12:20:31,017] {local_task_job.py:264} INFO - 1 downstream tasks scheduled from follow-on schedule check
