[2023-11-30 13:33:48,850] {taskinstance.py:1037} INFO - Dependencies all met for <TaskInstance: our_first_dag_v3.third_task scheduled__2023-10-27T00:00:00+00:00 [queued]>
[2023-11-30 13:33:48,887] {taskinstance.py:1037} INFO - Dependencies all met for <TaskInstance: our_first_dag_v3.third_task scheduled__2023-10-27T00:00:00+00:00 [queued]>
[2023-11-30 13:33:48,887] {taskinstance.py:1243} INFO - 
--------------------------------------------------------------------------------
[2023-11-30 13:33:48,887] {taskinstance.py:1244} INFO - Starting attempt 1 of 6
[2023-11-30 13:33:48,888] {taskinstance.py:1245} INFO - 
--------------------------------------------------------------------------------
[2023-11-30 13:33:48,934] {taskinstance.py:1264} INFO - Executing <Task(BashOperator): third_task> on 2023-10-27 00:00:00+00:00
[2023-11-30 13:33:48,944] {standard_task_runner.py:52} INFO - Started process 6055 to run task
[2023-11-30 13:33:48,955] {standard_task_runner.py:76} INFO - Running: ['***', 'tasks', 'run', 'our_first_dag_v3', 'third_task', 'scheduled__2023-10-27T00:00:00+00:00', '--job-id', '525', '--raw', '--subdir', 'DAGS_FOLDER/our_first_dag.py', '--cfg-path', '/tmp/tmpe6g_bzg3', '--error-file', '/tmp/tmplaep5_sk']
[2023-11-30 13:33:48,956] {standard_task_runner.py:77} INFO - Job 525: Subtask third_task
[2023-11-30 13:33:49,106] {logging_mixin.py:109} INFO - Running <TaskInstance: our_first_dag_v3.third_task scheduled__2023-10-27T00:00:00+00:00 [running]> on host 08735726aeda
[2023-11-30 13:33:49,262] {taskinstance.py:1431} INFO - Exporting the following env vars:
AIRFLOW_CTX_DAG_OWNER=Ali
AIRFLOW_CTX_DAG_ID=our_first_dag_v3
AIRFLOW_CTX_TASK_ID=third_task
AIRFLOW_CTX_EXECUTION_DATE=2023-10-27T00:00:00+00:00
AIRFLOW_CTX_DAG_RUN_ID=scheduled__2023-10-27T00:00:00+00:00
[2023-11-30 13:33:49,264] {subprocess.py:62} INFO - Tmp dir root location: 
 /tmp
[2023-11-30 13:33:49,265] {subprocess.py:74} INFO - Running command: ['bash', '-c', 'echo hello world, this is the third task!']
[2023-11-30 13:33:49,288] {subprocess.py:85} INFO - Output:
[2023-11-30 13:33:49,289] {subprocess.py:89} INFO - hello world, this is the third task!
[2023-11-30 13:33:49,294] {subprocess.py:93} INFO - Command exited with return code 0
[2023-11-30 13:33:49,360] {taskinstance.py:1282} INFO - Marking task as SUCCESS. dag_id=our_first_dag_v3, task_id=third_task, execution_date=20231027T000000, start_date=20231130T133348, end_date=20231130T133349
[2023-11-30 13:33:49,443] {local_task_job.py:154} INFO - Task exited with return code 0
[2023-11-30 13:33:49,563] {local_task_job.py:264} INFO - 0 downstream tasks scheduled from follow-on schedule check
