[2023-12-03 17:32:46,904] {processor.py:163} INFO - Started process (PID=154006) to work on /home/airflow/.local/lib/python3.7/site-packages/airflow/example_dags/example_branch_operator.py
[2023-12-03 17:32:46,919] {processor.py:642} INFO - Processing file /home/airflow/.local/lib/python3.7/site-packages/airflow/example_dags/example_branch_operator.py for tasks to queue
[2023-12-03 17:32:46,921] {logging_mixin.py:109} INFO - [2023-12-03 17:32:46,921] {dagbag.py:500} INFO - Filling up the DagBag from /home/airflow/.local/lib/python3.7/site-packages/airflow/example_dags/example_branch_operator.py
[2023-12-03 17:32:47,226] {processor.py:654} INFO - DAG(s) dict_keys(['example_branch_operator']) retrieved from /home/airflow/.local/lib/python3.7/site-packages/airflow/example_dags/example_branch_operator.py
[2023-12-03 17:32:47,337] {logging_mixin.py:109} INFO - [2023-12-03 17:32:47,336] {dag.py:2398} INFO - Sync 1 DAGs
[2023-12-03 17:32:47,466] {logging_mixin.py:109} INFO - [2023-12-03 17:32:47,466] {dag.py:2937} INFO - Setting next_dagrun for example_branch_operator to 2023-12-02 00:00:00+00:00
[2023-12-03 17:32:47,562] {processor.py:171} INFO - Processing /home/airflow/.local/lib/python3.7/site-packages/airflow/example_dags/example_branch_operator.py took 0.689 seconds
[2023-12-03 17:33:18,175] {processor.py:163} INFO - Started process (PID=154185) to work on /home/airflow/.local/lib/python3.7/site-packages/airflow/example_dags/example_branch_operator.py
[2023-12-03 17:33:18,177] {processor.py:642} INFO - Processing file /home/airflow/.local/lib/python3.7/site-packages/airflow/example_dags/example_branch_operator.py for tasks to queue
[2023-12-03 17:33:18,194] {logging_mixin.py:109} INFO - [2023-12-03 17:33:18,178] {dagbag.py:500} INFO - Filling up the DagBag from /home/airflow/.local/lib/python3.7/site-packages/airflow/example_dags/example_branch_operator.py
[2023-12-03 17:33:18,371] {processor.py:654} INFO - DAG(s) dict_keys(['example_branch_operator']) retrieved from /home/airflow/.local/lib/python3.7/site-packages/airflow/example_dags/example_branch_operator.py
[2023-12-03 17:33:18,448] {logging_mixin.py:109} INFO - [2023-12-03 17:33:18,447] {dag.py:2398} INFO - Sync 1 DAGs
[2023-12-03 17:33:18,512] {logging_mixin.py:109} INFO - [2023-12-03 17:33:18,511] {dag.py:2937} INFO - Setting next_dagrun for example_branch_operator to 2023-12-02 00:00:00+00:00
[2023-12-03 17:33:18,588] {processor.py:171} INFO - Processing /home/airflow/.local/lib/python3.7/site-packages/airflow/example_dags/example_branch_operator.py took 0.419 seconds
[2023-12-03 17:33:48,805] {processor.py:163} INFO - Started process (PID=154370) to work on /home/airflow/.local/lib/python3.7/site-packages/airflow/example_dags/example_branch_operator.py
[2023-12-03 17:33:48,849] {processor.py:642} INFO - Processing file /home/airflow/.local/lib/python3.7/site-packages/airflow/example_dags/example_branch_operator.py for tasks to queue
[2023-12-03 17:33:48,851] {logging_mixin.py:109} INFO - [2023-12-03 17:33:48,851] {dagbag.py:500} INFO - Filling up the DagBag from /home/airflow/.local/lib/python3.7/site-packages/airflow/example_dags/example_branch_operator.py
[2023-12-03 17:33:48,995] {processor.py:654} INFO - DAG(s) dict_keys(['example_branch_operator']) retrieved from /home/airflow/.local/lib/python3.7/site-packages/airflow/example_dags/example_branch_operator.py
[2023-12-03 17:33:49,063] {logging_mixin.py:109} INFO - [2023-12-03 17:33:49,062] {dag.py:2398} INFO - Sync 1 DAGs
[2023-12-03 17:33:49,174] {logging_mixin.py:109} INFO - [2023-12-03 17:33:49,174] {dag.py:2937} INFO - Setting next_dagrun for example_branch_operator to 2023-12-02 00:00:00+00:00
[2023-12-03 17:33:49,258] {processor.py:171} INFO - Processing /home/airflow/.local/lib/python3.7/site-packages/airflow/example_dags/example_branch_operator.py took 0.480 seconds
[2023-12-03 17:34:19,834] {processor.py:163} INFO - Started process (PID=154547) to work on /home/airflow/.local/lib/python3.7/site-packages/airflow/example_dags/example_branch_operator.py
[2023-12-03 17:34:19,837] {processor.py:642} INFO - Processing file /home/airflow/.local/lib/python3.7/site-packages/airflow/example_dags/example_branch_operator.py for tasks to queue
[2023-12-03 17:34:19,839] {logging_mixin.py:109} INFO - [2023-12-03 17:34:19,838] {dagbag.py:500} INFO - Filling up the DagBag from /home/airflow/.local/lib/python3.7/site-packages/airflow/example_dags/example_branch_operator.py
[2023-12-03 17:34:20,010] {processor.py:654} INFO - DAG(s) dict_keys(['example_branch_operator']) retrieved from /home/airflow/.local/lib/python3.7/site-packages/airflow/example_dags/example_branch_operator.py
[2023-12-03 17:34:20,089] {logging_mixin.py:109} INFO - [2023-12-03 17:34:20,088] {dag.py:2398} INFO - Sync 1 DAGs
[2023-12-03 17:34:20,200] {logging_mixin.py:109} INFO - [2023-12-03 17:34:20,200] {dag.py:2937} INFO - Setting next_dagrun for example_branch_operator to 2023-12-02 00:00:00+00:00
[2023-12-03 17:34:20,407] {processor.py:171} INFO - Processing /home/airflow/.local/lib/python3.7/site-packages/airflow/example_dags/example_branch_operator.py took 0.604 seconds
[2023-12-03 17:34:51,114] {processor.py:163} INFO - Started process (PID=154737) to work on /home/airflow/.local/lib/python3.7/site-packages/airflow/example_dags/example_branch_operator.py
[2023-12-03 17:34:51,123] {processor.py:642} INFO - Processing file /home/airflow/.local/lib/python3.7/site-packages/airflow/example_dags/example_branch_operator.py for tasks to queue
[2023-12-03 17:34:51,125] {logging_mixin.py:109} INFO - [2023-12-03 17:34:51,124] {dagbag.py:500} INFO - Filling up the DagBag from /home/airflow/.local/lib/python3.7/site-packages/airflow/example_dags/example_branch_operator.py
[2023-12-03 17:34:51,276] {processor.py:654} INFO - DAG(s) dict_keys(['example_branch_operator']) retrieved from /home/airflow/.local/lib/python3.7/site-packages/airflow/example_dags/example_branch_operator.py
[2023-12-03 17:34:51,368] {logging_mixin.py:109} INFO - [2023-12-03 17:34:51,368] {dag.py:2398} INFO - Sync 1 DAGs
[2023-12-03 17:34:51,461] {logging_mixin.py:109} INFO - [2023-12-03 17:34:51,461] {dag.py:2937} INFO - Setting next_dagrun for example_branch_operator to 2023-12-02 00:00:00+00:00
[2023-12-03 17:34:51,547] {processor.py:171} INFO - Processing /home/airflow/.local/lib/python3.7/site-packages/airflow/example_dags/example_branch_operator.py took 0.462 seconds
[2023-12-03 17:35:21,723] {processor.py:163} INFO - Started process (PID=154916) to work on /home/airflow/.local/lib/python3.7/site-packages/airflow/example_dags/example_branch_operator.py
[2023-12-03 17:35:21,736] {processor.py:642} INFO - Processing file /home/airflow/.local/lib/python3.7/site-packages/airflow/example_dags/example_branch_operator.py for tasks to queue
[2023-12-03 17:35:21,738] {logging_mixin.py:109} INFO - [2023-12-03 17:35:21,738] {dagbag.py:500} INFO - Filling up the DagBag from /home/airflow/.local/lib/python3.7/site-packages/airflow/example_dags/example_branch_operator.py
[2023-12-03 17:35:21,870] {processor.py:654} INFO - DAG(s) dict_keys(['example_branch_operator']) retrieved from /home/airflow/.local/lib/python3.7/site-packages/airflow/example_dags/example_branch_operator.py
[2023-12-03 17:35:21,967] {logging_mixin.py:109} INFO - [2023-12-03 17:35:21,966] {dag.py:2398} INFO - Sync 1 DAGs
[2023-12-03 17:35:22,077] {logging_mixin.py:109} INFO - [2023-12-03 17:35:22,066] {dag.py:2937} INFO - Setting next_dagrun for example_branch_operator to 2023-12-02 00:00:00+00:00
[2023-12-03 17:35:22,128] {processor.py:171} INFO - Processing /home/airflow/.local/lib/python3.7/site-packages/airflow/example_dags/example_branch_operator.py took 0.423 seconds
[2023-12-03 17:35:52,613] {processor.py:163} INFO - Started process (PID=155104) to work on /home/airflow/.local/lib/python3.7/site-packages/airflow/example_dags/example_branch_operator.py
[2023-12-03 17:35:52,625] {processor.py:642} INFO - Processing file /home/airflow/.local/lib/python3.7/site-packages/airflow/example_dags/example_branch_operator.py for tasks to queue
[2023-12-03 17:35:52,627] {logging_mixin.py:109} INFO - [2023-12-03 17:35:52,627] {dagbag.py:500} INFO - Filling up the DagBag from /home/airflow/.local/lib/python3.7/site-packages/airflow/example_dags/example_branch_operator.py
[2023-12-03 17:35:52,762] {processor.py:654} INFO - DAG(s) dict_keys(['example_branch_operator']) retrieved from /home/airflow/.local/lib/python3.7/site-packages/airflow/example_dags/example_branch_operator.py
[2023-12-03 17:35:52,823] {logging_mixin.py:109} INFO - [2023-12-03 17:35:52,822] {dag.py:2398} INFO - Sync 1 DAGs
[2023-12-03 17:35:52,900] {logging_mixin.py:109} INFO - [2023-12-03 17:35:52,900] {dag.py:2937} INFO - Setting next_dagrun for example_branch_operator to 2023-12-02 00:00:00+00:00
[2023-12-03 17:35:52,963] {processor.py:171} INFO - Processing /home/airflow/.local/lib/python3.7/site-packages/airflow/example_dags/example_branch_operator.py took 0.365 seconds
[2023-12-03 17:36:23,794] {processor.py:163} INFO - Started process (PID=155283) to work on /home/airflow/.local/lib/python3.7/site-packages/airflow/example_dags/example_branch_operator.py
[2023-12-03 17:36:23,806] {processor.py:642} INFO - Processing file /home/airflow/.local/lib/python3.7/site-packages/airflow/example_dags/example_branch_operator.py for tasks to queue
[2023-12-03 17:36:23,808] {logging_mixin.py:109} INFO - [2023-12-03 17:36:23,807] {dagbag.py:500} INFO - Filling up the DagBag from /home/airflow/.local/lib/python3.7/site-packages/airflow/example_dags/example_branch_operator.py
[2023-12-03 17:36:23,913] {processor.py:654} INFO - DAG(s) dict_keys(['example_branch_operator']) retrieved from /home/airflow/.local/lib/python3.7/site-packages/airflow/example_dags/example_branch_operator.py
[2023-12-03 17:36:23,941] {logging_mixin.py:109} INFO - [2023-12-03 17:36:23,940] {dag.py:2398} INFO - Sync 1 DAGs
[2023-12-03 17:36:24,003] {logging_mixin.py:109} INFO - [2023-12-03 17:36:24,002] {dag.py:2937} INFO - Setting next_dagrun for example_branch_operator to 2023-12-02 00:00:00+00:00
[2023-12-03 17:36:24,037] {processor.py:171} INFO - Processing /home/airflow/.local/lib/python3.7/site-packages/airflow/example_dags/example_branch_operator.py took 0.248 seconds
[2023-12-03 17:36:54,145] {processor.py:163} INFO - Started process (PID=155471) to work on /home/airflow/.local/lib/python3.7/site-packages/airflow/example_dags/example_branch_operator.py
[2023-12-03 17:36:54,147] {processor.py:642} INFO - Processing file /home/airflow/.local/lib/python3.7/site-packages/airflow/example_dags/example_branch_operator.py for tasks to queue
[2023-12-03 17:36:54,148] {logging_mixin.py:109} INFO - [2023-12-03 17:36:54,148] {dagbag.py:500} INFO - Filling up the DagBag from /home/airflow/.local/lib/python3.7/site-packages/airflow/example_dags/example_branch_operator.py
[2023-12-03 17:36:54,185] {processor.py:654} INFO - DAG(s) dict_keys(['example_branch_operator']) retrieved from /home/airflow/.local/lib/python3.7/site-packages/airflow/example_dags/example_branch_operator.py
[2023-12-03 17:36:54,198] {logging_mixin.py:109} INFO - [2023-12-03 17:36:54,198] {dag.py:2398} INFO - Sync 1 DAGs
[2023-12-03 17:36:54,222] {logging_mixin.py:109} INFO - [2023-12-03 17:36:54,222] {dag.py:2937} INFO - Setting next_dagrun for example_branch_operator to 2023-12-02 00:00:00+00:00
[2023-12-03 17:36:54,240] {processor.py:171} INFO - Processing /home/airflow/.local/lib/python3.7/site-packages/airflow/example_dags/example_branch_operator.py took 0.099 seconds
[2023-12-03 17:37:24,392] {processor.py:163} INFO - Started process (PID=155658) to work on /home/airflow/.local/lib/python3.7/site-packages/airflow/example_dags/example_branch_operator.py
[2023-12-03 17:37:24,405] {processor.py:642} INFO - Processing file /home/airflow/.local/lib/python3.7/site-packages/airflow/example_dags/example_branch_operator.py for tasks to queue
[2023-12-03 17:37:24,407] {logging_mixin.py:109} INFO - [2023-12-03 17:37:24,407] {dagbag.py:500} INFO - Filling up the DagBag from /home/airflow/.local/lib/python3.7/site-packages/airflow/example_dags/example_branch_operator.py
[2023-12-03 17:37:24,456] {processor.py:654} INFO - DAG(s) dict_keys(['example_branch_operator']) retrieved from /home/airflow/.local/lib/python3.7/site-packages/airflow/example_dags/example_branch_operator.py
[2023-12-03 17:37:24,483] {logging_mixin.py:109} INFO - [2023-12-03 17:37:24,483] {dag.py:2398} INFO - Sync 1 DAGs
[2023-12-03 17:37:24,522] {logging_mixin.py:109} INFO - [2023-12-03 17:37:24,522] {dag.py:2937} INFO - Setting next_dagrun for example_branch_operator to 2023-12-02 00:00:00+00:00
[2023-12-03 17:37:24,546] {processor.py:171} INFO - Processing /home/airflow/.local/lib/python3.7/site-packages/airflow/example_dags/example_branch_operator.py took 0.162 seconds
[2023-12-03 17:37:54,799] {processor.py:163} INFO - Started process (PID=155846) to work on /home/airflow/.local/lib/python3.7/site-packages/airflow/example_dags/example_branch_operator.py
[2023-12-03 17:37:54,812] {processor.py:642} INFO - Processing file /home/airflow/.local/lib/python3.7/site-packages/airflow/example_dags/example_branch_operator.py for tasks to queue
[2023-12-03 17:37:54,814] {logging_mixin.py:109} INFO - [2023-12-03 17:37:54,813] {dagbag.py:500} INFO - Filling up the DagBag from /home/airflow/.local/lib/python3.7/site-packages/airflow/example_dags/example_branch_operator.py
[2023-12-03 17:37:54,858] {processor.py:654} INFO - DAG(s) dict_keys(['example_branch_operator']) retrieved from /home/airflow/.local/lib/python3.7/site-packages/airflow/example_dags/example_branch_operator.py
[2023-12-03 17:37:54,877] {logging_mixin.py:109} INFO - [2023-12-03 17:37:54,877] {dag.py:2398} INFO - Sync 1 DAGs
[2023-12-03 17:37:54,906] {logging_mixin.py:109} INFO - [2023-12-03 17:37:54,906] {dag.py:2937} INFO - Setting next_dagrun for example_branch_operator to 2023-12-02 00:00:00+00:00
[2023-12-03 17:37:54,924] {processor.py:171} INFO - Processing /home/airflow/.local/lib/python3.7/site-packages/airflow/example_dags/example_branch_operator.py took 0.130 seconds
[2023-12-03 17:38:25,531] {processor.py:163} INFO - Started process (PID=156034) to work on /home/airflow/.local/lib/python3.7/site-packages/airflow/example_dags/example_branch_operator.py
[2023-12-03 17:38:25,544] {processor.py:642} INFO - Processing file /home/airflow/.local/lib/python3.7/site-packages/airflow/example_dags/example_branch_operator.py for tasks to queue
[2023-12-03 17:38:25,545] {logging_mixin.py:109} INFO - [2023-12-03 17:38:25,544] {dagbag.py:500} INFO - Filling up the DagBag from /home/airflow/.local/lib/python3.7/site-packages/airflow/example_dags/example_branch_operator.py
[2023-12-03 17:38:25,586] {processor.py:654} INFO - DAG(s) dict_keys(['example_branch_operator']) retrieved from /home/airflow/.local/lib/python3.7/site-packages/airflow/example_dags/example_branch_operator.py
[2023-12-03 17:38:25,604] {logging_mixin.py:109} INFO - [2023-12-03 17:38:25,604] {dag.py:2398} INFO - Sync 1 DAGs
[2023-12-03 17:38:25,630] {logging_mixin.py:109} INFO - [2023-12-03 17:38:25,630] {dag.py:2937} INFO - Setting next_dagrun for example_branch_operator to 2023-12-02 00:00:00+00:00
[2023-12-03 17:38:25,644] {processor.py:171} INFO - Processing /home/airflow/.local/lib/python3.7/site-packages/airflow/example_dags/example_branch_operator.py took 0.119 seconds
[2023-12-03 17:38:56,121] {processor.py:163} INFO - Started process (PID=156231) to work on /home/airflow/.local/lib/python3.7/site-packages/airflow/example_dags/example_branch_operator.py
[2023-12-03 17:38:56,123] {processor.py:642} INFO - Processing file /home/airflow/.local/lib/python3.7/site-packages/airflow/example_dags/example_branch_operator.py for tasks to queue
[2023-12-03 17:38:56,124] {logging_mixin.py:109} INFO - [2023-12-03 17:38:56,124] {dagbag.py:500} INFO - Filling up the DagBag from /home/airflow/.local/lib/python3.7/site-packages/airflow/example_dags/example_branch_operator.py
[2023-12-03 17:38:56,178] {processor.py:654} INFO - DAG(s) dict_keys(['example_branch_operator']) retrieved from /home/airflow/.local/lib/python3.7/site-packages/airflow/example_dags/example_branch_operator.py
[2023-12-03 17:38:56,202] {logging_mixin.py:109} INFO - [2023-12-03 17:38:56,201] {dag.py:2398} INFO - Sync 1 DAGs
[2023-12-03 17:38:56,230] {logging_mixin.py:109} INFO - [2023-12-03 17:38:56,230] {dag.py:2937} INFO - Setting next_dagrun for example_branch_operator to 2023-12-02 00:00:00+00:00
[2023-12-03 17:38:56,265] {processor.py:171} INFO - Processing /home/airflow/.local/lib/python3.7/site-packages/airflow/example_dags/example_branch_operator.py took 0.149 seconds
[2023-12-03 17:39:26,930] {processor.py:163} INFO - Started process (PID=156419) to work on /home/airflow/.local/lib/python3.7/site-packages/airflow/example_dags/example_branch_operator.py
[2023-12-03 17:39:26,942] {processor.py:642} INFO - Processing file /home/airflow/.local/lib/python3.7/site-packages/airflow/example_dags/example_branch_operator.py for tasks to queue
[2023-12-03 17:39:26,943] {logging_mixin.py:109} INFO - [2023-12-03 17:39:26,943] {dagbag.py:500} INFO - Filling up the DagBag from /home/airflow/.local/lib/python3.7/site-packages/airflow/example_dags/example_branch_operator.py
[2023-12-03 17:39:26,990] {processor.py:654} INFO - DAG(s) dict_keys(['example_branch_operator']) retrieved from /home/airflow/.local/lib/python3.7/site-packages/airflow/example_dags/example_branch_operator.py
[2023-12-03 17:39:27,017] {logging_mixin.py:109} INFO - [2023-12-03 17:39:27,016] {dag.py:2398} INFO - Sync 1 DAGs
[2023-12-03 17:39:27,059] {logging_mixin.py:109} INFO - [2023-12-03 17:39:27,059] {dag.py:2937} INFO - Setting next_dagrun for example_branch_operator to 2023-12-02 00:00:00+00:00
[2023-12-03 17:39:27,082] {processor.py:171} INFO - Processing /home/airflow/.local/lib/python3.7/site-packages/airflow/example_dags/example_branch_operator.py took 0.158 seconds
[2023-12-03 17:39:57,523] {processor.py:163} INFO - Started process (PID=156602) to work on /home/airflow/.local/lib/python3.7/site-packages/airflow/example_dags/example_branch_operator.py
[2023-12-03 17:39:57,539] {processor.py:642} INFO - Processing file /home/airflow/.local/lib/python3.7/site-packages/airflow/example_dags/example_branch_operator.py for tasks to queue
[2023-12-03 17:39:57,541] {logging_mixin.py:109} INFO - [2023-12-03 17:39:57,540] {dagbag.py:500} INFO - Filling up the DagBag from /home/airflow/.local/lib/python3.7/site-packages/airflow/example_dags/example_branch_operator.py
[2023-12-03 17:39:57,584] {processor.py:654} INFO - DAG(s) dict_keys(['example_branch_operator']) retrieved from /home/airflow/.local/lib/python3.7/site-packages/airflow/example_dags/example_branch_operator.py
[2023-12-03 17:39:57,601] {logging_mixin.py:109} INFO - [2023-12-03 17:39:57,601] {dag.py:2398} INFO - Sync 1 DAGs
[2023-12-03 17:39:57,627] {logging_mixin.py:109} INFO - [2023-12-03 17:39:57,627] {dag.py:2937} INFO - Setting next_dagrun for example_branch_operator to 2023-12-02 00:00:00+00:00
[2023-12-03 17:39:57,646] {processor.py:171} INFO - Processing /home/airflow/.local/lib/python3.7/site-packages/airflow/example_dags/example_branch_operator.py took 0.130 seconds
[2023-12-03 17:40:28,013] {processor.py:163} INFO - Started process (PID=156790) to work on /home/airflow/.local/lib/python3.7/site-packages/airflow/example_dags/example_branch_operator.py
[2023-12-03 17:40:28,027] {processor.py:642} INFO - Processing file /home/airflow/.local/lib/python3.7/site-packages/airflow/example_dags/example_branch_operator.py for tasks to queue
[2023-12-03 17:40:28,028] {logging_mixin.py:109} INFO - [2023-12-03 17:40:28,028] {dagbag.py:500} INFO - Filling up the DagBag from /home/airflow/.local/lib/python3.7/site-packages/airflow/example_dags/example_branch_operator.py
[2023-12-03 17:40:28,080] {processor.py:654} INFO - DAG(s) dict_keys(['example_branch_operator']) retrieved from /home/airflow/.local/lib/python3.7/site-packages/airflow/example_dags/example_branch_operator.py
[2023-12-03 17:40:28,100] {logging_mixin.py:109} INFO - [2023-12-03 17:40:28,100] {dag.py:2398} INFO - Sync 1 DAGs
[2023-12-03 17:40:28,129] {logging_mixin.py:109} INFO - [2023-12-03 17:40:28,128] {dag.py:2937} INFO - Setting next_dagrun for example_branch_operator to 2023-12-02 00:00:00+00:00
[2023-12-03 17:40:28,147] {processor.py:171} INFO - Processing /home/airflow/.local/lib/python3.7/site-packages/airflow/example_dags/example_branch_operator.py took 0.142 seconds
[2023-12-03 17:40:58,730] {processor.py:163} INFO - Started process (PID=156978) to work on /home/airflow/.local/lib/python3.7/site-packages/airflow/example_dags/example_branch_operator.py
[2023-12-03 17:40:58,733] {processor.py:642} INFO - Processing file /home/airflow/.local/lib/python3.7/site-packages/airflow/example_dags/example_branch_operator.py for tasks to queue
[2023-12-03 17:40:58,735] {logging_mixin.py:109} INFO - [2023-12-03 17:40:58,734] {dagbag.py:500} INFO - Filling up the DagBag from /home/airflow/.local/lib/python3.7/site-packages/airflow/example_dags/example_branch_operator.py
[2023-12-03 17:40:58,783] {processor.py:654} INFO - DAG(s) dict_keys(['example_branch_operator']) retrieved from /home/airflow/.local/lib/python3.7/site-packages/airflow/example_dags/example_branch_operator.py
[2023-12-03 17:40:58,800] {logging_mixin.py:109} INFO - [2023-12-03 17:40:58,800] {dag.py:2398} INFO - Sync 1 DAGs
[2023-12-03 17:40:58,826] {logging_mixin.py:109} INFO - [2023-12-03 17:40:58,826] {dag.py:2937} INFO - Setting next_dagrun for example_branch_operator to 2023-12-02 00:00:00+00:00
[2023-12-03 17:40:58,841] {processor.py:171} INFO - Processing /home/airflow/.local/lib/python3.7/site-packages/airflow/example_dags/example_branch_operator.py took 0.118 seconds
[2023-12-03 17:41:28,895] {processor.py:163} INFO - Started process (PID=157174) to work on /home/airflow/.local/lib/python3.7/site-packages/airflow/example_dags/example_branch_operator.py
[2023-12-03 17:41:28,898] {processor.py:642} INFO - Processing file /home/airflow/.local/lib/python3.7/site-packages/airflow/example_dags/example_branch_operator.py for tasks to queue
[2023-12-03 17:41:28,899] {logging_mixin.py:109} INFO - [2023-12-03 17:41:28,899] {dagbag.py:500} INFO - Filling up the DagBag from /home/airflow/.local/lib/python3.7/site-packages/airflow/example_dags/example_branch_operator.py
[2023-12-03 17:41:28,951] {processor.py:654} INFO - DAG(s) dict_keys(['example_branch_operator']) retrieved from /home/airflow/.local/lib/python3.7/site-packages/airflow/example_dags/example_branch_operator.py
[2023-12-03 17:41:28,979] {logging_mixin.py:109} INFO - [2023-12-03 17:41:28,978] {dag.py:2398} INFO - Sync 1 DAGs
[2023-12-03 17:41:29,022] {logging_mixin.py:109} INFO - [2023-12-03 17:41:29,021] {dag.py:2937} INFO - Setting next_dagrun for example_branch_operator to 2023-12-02 00:00:00+00:00
[2023-12-03 17:41:29,042] {processor.py:171} INFO - Processing /home/airflow/.local/lib/python3.7/site-packages/airflow/example_dags/example_branch_operator.py took 0.155 seconds
[2023-12-03 17:41:59,182] {processor.py:163} INFO - Started process (PID=157362) to work on /home/airflow/.local/lib/python3.7/site-packages/airflow/example_dags/example_branch_operator.py
[2023-12-03 17:41:59,184] {processor.py:642} INFO - Processing file /home/airflow/.local/lib/python3.7/site-packages/airflow/example_dags/example_branch_operator.py for tasks to queue
[2023-12-03 17:41:59,185] {logging_mixin.py:109} INFO - [2023-12-03 17:41:59,185] {dagbag.py:500} INFO - Filling up the DagBag from /home/airflow/.local/lib/python3.7/site-packages/airflow/example_dags/example_branch_operator.py
[2023-12-03 17:41:59,224] {processor.py:654} INFO - DAG(s) dict_keys(['example_branch_operator']) retrieved from /home/airflow/.local/lib/python3.7/site-packages/airflow/example_dags/example_branch_operator.py
[2023-12-03 17:41:59,241] {logging_mixin.py:109} INFO - [2023-12-03 17:41:59,241] {dag.py:2398} INFO - Sync 1 DAGs
[2023-12-03 17:41:59,273] {logging_mixin.py:109} INFO - [2023-12-03 17:41:59,273] {dag.py:2937} INFO - Setting next_dagrun for example_branch_operator to 2023-12-02 00:00:00+00:00
[2023-12-03 17:41:59,291] {processor.py:171} INFO - Processing /home/airflow/.local/lib/python3.7/site-packages/airflow/example_dags/example_branch_operator.py took 0.115 seconds
[2023-12-03 17:42:29,979] {processor.py:163} INFO - Started process (PID=157550) to work on /home/airflow/.local/lib/python3.7/site-packages/airflow/example_dags/example_branch_operator.py
[2023-12-03 17:42:29,982] {processor.py:642} INFO - Processing file /home/airflow/.local/lib/python3.7/site-packages/airflow/example_dags/example_branch_operator.py for tasks to queue
[2023-12-03 17:42:29,983] {logging_mixin.py:109} INFO - [2023-12-03 17:42:29,982] {dagbag.py:500} INFO - Filling up the DagBag from /home/airflow/.local/lib/python3.7/site-packages/airflow/example_dags/example_branch_operator.py
[2023-12-03 17:42:30,026] {processor.py:654} INFO - DAG(s) dict_keys(['example_branch_operator']) retrieved from /home/airflow/.local/lib/python3.7/site-packages/airflow/example_dags/example_branch_operator.py
[2023-12-03 17:42:30,046] {logging_mixin.py:109} INFO - [2023-12-03 17:42:30,046] {dag.py:2398} INFO - Sync 1 DAGs
[2023-12-03 17:42:30,076] {logging_mixin.py:109} INFO - [2023-12-03 17:42:30,076] {dag.py:2937} INFO - Setting next_dagrun for example_branch_operator to 2023-12-02 00:00:00+00:00
[2023-12-03 17:42:30,094] {processor.py:171} INFO - Processing /home/airflow/.local/lib/python3.7/site-packages/airflow/example_dags/example_branch_operator.py took 0.122 seconds
[2023-12-03 17:43:00,540] {processor.py:163} INFO - Started process (PID=157738) to work on /home/airflow/.local/lib/python3.7/site-packages/airflow/example_dags/example_branch_operator.py
[2023-12-03 17:43:00,543] {processor.py:642} INFO - Processing file /home/airflow/.local/lib/python3.7/site-packages/airflow/example_dags/example_branch_operator.py for tasks to queue
[2023-12-03 17:43:00,544] {logging_mixin.py:109} INFO - [2023-12-03 17:43:00,543] {dagbag.py:500} INFO - Filling up the DagBag from /home/airflow/.local/lib/python3.7/site-packages/airflow/example_dags/example_branch_operator.py
[2023-12-03 17:43:00,585] {processor.py:654} INFO - DAG(s) dict_keys(['example_branch_operator']) retrieved from /home/airflow/.local/lib/python3.7/site-packages/airflow/example_dags/example_branch_operator.py
[2023-12-03 17:43:00,608] {logging_mixin.py:109} INFO - [2023-12-03 17:43:00,608] {dag.py:2398} INFO - Sync 1 DAGs
[2023-12-03 17:43:00,631] {logging_mixin.py:109} INFO - [2023-12-03 17:43:00,631] {dag.py:2937} INFO - Setting next_dagrun for example_branch_operator to 2023-12-02 00:00:00+00:00
[2023-12-03 17:43:00,647] {processor.py:171} INFO - Processing /home/airflow/.local/lib/python3.7/site-packages/airflow/example_dags/example_branch_operator.py took 0.113 seconds
[2023-12-03 17:43:31,549] {processor.py:163} INFO - Started process (PID=157933) to work on /home/airflow/.local/lib/python3.7/site-packages/airflow/example_dags/example_branch_operator.py
[2023-12-03 17:43:31,563] {processor.py:642} INFO - Processing file /home/airflow/.local/lib/python3.7/site-packages/airflow/example_dags/example_branch_operator.py for tasks to queue
[2023-12-03 17:43:31,564] {logging_mixin.py:109} INFO - [2023-12-03 17:43:31,563] {dagbag.py:500} INFO - Filling up the DagBag from /home/airflow/.local/lib/python3.7/site-packages/airflow/example_dags/example_branch_operator.py
[2023-12-03 17:43:31,607] {processor.py:654} INFO - DAG(s) dict_keys(['example_branch_operator']) retrieved from /home/airflow/.local/lib/python3.7/site-packages/airflow/example_dags/example_branch_operator.py
[2023-12-03 17:43:31,626] {logging_mixin.py:109} INFO - [2023-12-03 17:43:31,626] {dag.py:2398} INFO - Sync 1 DAGs
[2023-12-03 17:43:31,658] {logging_mixin.py:109} INFO - [2023-12-03 17:43:31,658] {dag.py:2937} INFO - Setting next_dagrun for example_branch_operator to 2023-12-02 00:00:00+00:00
[2023-12-03 17:43:31,674] {processor.py:171} INFO - Processing /home/airflow/.local/lib/python3.7/site-packages/airflow/example_dags/example_branch_operator.py took 0.130 seconds
[2023-12-03 17:46:46,724] {processor.py:163} INFO - Started process (PID=158039) to work on /home/airflow/.local/lib/python3.7/site-packages/airflow/example_dags/example_branch_operator.py
[2023-12-03 17:46:46,807] {processor.py:642} INFO - Processing file /home/airflow/.local/lib/python3.7/site-packages/airflow/example_dags/example_branch_operator.py for tasks to queue
[2023-12-03 17:46:46,809] {logging_mixin.py:109} INFO - [2023-12-03 17:46:46,808] {dagbag.py:500} INFO - Filling up the DagBag from /home/airflow/.local/lib/python3.7/site-packages/airflow/example_dags/example_branch_operator.py
[2023-12-03 17:46:47,049] {processor.py:654} INFO - DAG(s) dict_keys(['example_branch_operator']) retrieved from /home/airflow/.local/lib/python3.7/site-packages/airflow/example_dags/example_branch_operator.py
[2023-12-03 17:46:47,188] {logging_mixin.py:109} INFO - [2023-12-03 17:46:47,188] {dag.py:2398} INFO - Sync 1 DAGs
[2023-12-03 17:46:47,306] {logging_mixin.py:109} INFO - [2023-12-03 17:46:47,306] {dag.py:2937} INFO - Setting next_dagrun for example_branch_operator to 2023-12-02 00:00:00+00:00
[2023-12-03 17:46:47,393] {processor.py:171} INFO - Processing /home/airflow/.local/lib/python3.7/site-packages/airflow/example_dags/example_branch_operator.py took 0.699 seconds
[2023-12-03 17:47:17,521] {processor.py:163} INFO - Started process (PID=158220) to work on /home/airflow/.local/lib/python3.7/site-packages/airflow/example_dags/example_branch_operator.py
[2023-12-03 17:47:17,528] {processor.py:642} INFO - Processing file /home/airflow/.local/lib/python3.7/site-packages/airflow/example_dags/example_branch_operator.py for tasks to queue
[2023-12-03 17:47:17,529] {logging_mixin.py:109} INFO - [2023-12-03 17:47:17,529] {dagbag.py:500} INFO - Filling up the DagBag from /home/airflow/.local/lib/python3.7/site-packages/airflow/example_dags/example_branch_operator.py
[2023-12-03 17:47:17,625] {processor.py:654} INFO - DAG(s) dict_keys(['example_branch_operator']) retrieved from /home/airflow/.local/lib/python3.7/site-packages/airflow/example_dags/example_branch_operator.py
[2023-12-03 17:47:17,669] {logging_mixin.py:109} INFO - [2023-12-03 17:47:17,669] {dag.py:2398} INFO - Sync 1 DAGs
[2023-12-03 17:47:17,736] {logging_mixin.py:109} INFO - [2023-12-03 17:47:17,736] {dag.py:2937} INFO - Setting next_dagrun for example_branch_operator to 2023-12-02 00:00:00+00:00
[2023-12-03 17:47:17,776] {processor.py:171} INFO - Processing /home/airflow/.local/lib/python3.7/site-packages/airflow/example_dags/example_branch_operator.py took 0.269 seconds
[2023-12-03 17:47:48,826] {processor.py:163} INFO - Started process (PID=158406) to work on /home/airflow/.local/lib/python3.7/site-packages/airflow/example_dags/example_branch_operator.py
[2023-12-03 17:47:48,855] {processor.py:642} INFO - Processing file /home/airflow/.local/lib/python3.7/site-packages/airflow/example_dags/example_branch_operator.py for tasks to queue
[2023-12-03 17:47:48,856] {logging_mixin.py:109} INFO - [2023-12-03 17:47:48,856] {dagbag.py:500} INFO - Filling up the DagBag from /home/airflow/.local/lib/python3.7/site-packages/airflow/example_dags/example_branch_operator.py
[2023-12-03 17:47:48,946] {processor.py:654} INFO - DAG(s) dict_keys(['example_branch_operator']) retrieved from /home/airflow/.local/lib/python3.7/site-packages/airflow/example_dags/example_branch_operator.py
[2023-12-03 17:47:48,999] {logging_mixin.py:109} INFO - [2023-12-03 17:47:48,999] {dag.py:2398} INFO - Sync 1 DAGs
[2023-12-03 17:47:49,065] {logging_mixin.py:109} INFO - [2023-12-03 17:47:49,065] {dag.py:2937} INFO - Setting next_dagrun for example_branch_operator to 2023-12-02 00:00:00+00:00
[2023-12-03 17:47:49,121] {processor.py:171} INFO - Processing /home/airflow/.local/lib/python3.7/site-packages/airflow/example_dags/example_branch_operator.py took 0.308 seconds
[2023-12-03 17:48:19,653] {processor.py:163} INFO - Started process (PID=158589) to work on /home/airflow/.local/lib/python3.7/site-packages/airflow/example_dags/example_branch_operator.py
[2023-12-03 17:48:19,659] {processor.py:642} INFO - Processing file /home/airflow/.local/lib/python3.7/site-packages/airflow/example_dags/example_branch_operator.py for tasks to queue
[2023-12-03 17:48:19,660] {logging_mixin.py:109} INFO - [2023-12-03 17:48:19,660] {dagbag.py:500} INFO - Filling up the DagBag from /home/airflow/.local/lib/python3.7/site-packages/airflow/example_dags/example_branch_operator.py
[2023-12-03 17:48:19,719] {processor.py:654} INFO - DAG(s) dict_keys(['example_branch_operator']) retrieved from /home/airflow/.local/lib/python3.7/site-packages/airflow/example_dags/example_branch_operator.py
[2023-12-03 17:48:19,752] {logging_mixin.py:109} INFO - [2023-12-03 17:48:19,752] {dag.py:2398} INFO - Sync 1 DAGs
[2023-12-03 17:48:19,799] {logging_mixin.py:109} INFO - [2023-12-03 17:48:19,798] {dag.py:2937} INFO - Setting next_dagrun for example_branch_operator to 2023-12-02 00:00:00+00:00
[2023-12-03 17:48:19,831] {processor.py:171} INFO - Processing /home/airflow/.local/lib/python3.7/site-packages/airflow/example_dags/example_branch_operator.py took 0.185 seconds
[2023-12-03 17:48:50,384] {processor.py:163} INFO - Started process (PID=158784) to work on /home/airflow/.local/lib/python3.7/site-packages/airflow/example_dags/example_branch_operator.py
[2023-12-03 17:48:50,386] {processor.py:642} INFO - Processing file /home/airflow/.local/lib/python3.7/site-packages/airflow/example_dags/example_branch_operator.py for tasks to queue
[2023-12-03 17:48:50,386] {logging_mixin.py:109} INFO - [2023-12-03 17:48:50,386] {dagbag.py:500} INFO - Filling up the DagBag from /home/airflow/.local/lib/python3.7/site-packages/airflow/example_dags/example_branch_operator.py
[2023-12-03 17:48:50,464] {processor.py:654} INFO - DAG(s) dict_keys(['example_branch_operator']) retrieved from /home/airflow/.local/lib/python3.7/site-packages/airflow/example_dags/example_branch_operator.py
[2023-12-03 17:48:50,499] {logging_mixin.py:109} INFO - [2023-12-03 17:48:50,498] {dag.py:2398} INFO - Sync 1 DAGs
[2023-12-03 17:48:50,543] {logging_mixin.py:109} INFO - [2023-12-03 17:48:50,543] {dag.py:2937} INFO - Setting next_dagrun for example_branch_operator to 2023-12-02 00:00:00+00:00
[2023-12-03 17:48:50,573] {processor.py:171} INFO - Processing /home/airflow/.local/lib/python3.7/site-packages/airflow/example_dags/example_branch_operator.py took 0.194 seconds
[2023-12-03 17:49:20,641] {processor.py:163} INFO - Started process (PID=158974) to work on /home/airflow/.local/lib/python3.7/site-packages/airflow/example_dags/example_branch_operator.py
[2023-12-03 17:49:20,643] {processor.py:642} INFO - Processing file /home/airflow/.local/lib/python3.7/site-packages/airflow/example_dags/example_branch_operator.py for tasks to queue
[2023-12-03 17:49:20,644] {logging_mixin.py:109} INFO - [2023-12-03 17:49:20,644] {dagbag.py:500} INFO - Filling up the DagBag from /home/airflow/.local/lib/python3.7/site-packages/airflow/example_dags/example_branch_operator.py
[2023-12-03 17:49:20,682] {processor.py:654} INFO - DAG(s) dict_keys(['example_branch_operator']) retrieved from /home/airflow/.local/lib/python3.7/site-packages/airflow/example_dags/example_branch_operator.py
[2023-12-03 17:49:20,697] {logging_mixin.py:109} INFO - [2023-12-03 17:49:20,697] {dag.py:2398} INFO - Sync 1 DAGs
[2023-12-03 17:49:20,724] {logging_mixin.py:109} INFO - [2023-12-03 17:49:20,724] {dag.py:2937} INFO - Setting next_dagrun for example_branch_operator to 2023-12-02 00:00:00+00:00
[2023-12-03 17:49:20,740] {processor.py:171} INFO - Processing /home/airflow/.local/lib/python3.7/site-packages/airflow/example_dags/example_branch_operator.py took 0.106 seconds
[2023-12-03 17:49:50,884] {processor.py:163} INFO - Started process (PID=159162) to work on /home/airflow/.local/lib/python3.7/site-packages/airflow/example_dags/example_branch_operator.py
[2023-12-03 17:49:50,885] {processor.py:642} INFO - Processing file /home/airflow/.local/lib/python3.7/site-packages/airflow/example_dags/example_branch_operator.py for tasks to queue
[2023-12-03 17:49:50,886] {logging_mixin.py:109} INFO - [2023-12-03 17:49:50,886] {dagbag.py:500} INFO - Filling up the DagBag from /home/airflow/.local/lib/python3.7/site-packages/airflow/example_dags/example_branch_operator.py
[2023-12-03 17:49:50,925] {processor.py:654} INFO - DAG(s) dict_keys(['example_branch_operator']) retrieved from /home/airflow/.local/lib/python3.7/site-packages/airflow/example_dags/example_branch_operator.py
[2023-12-03 17:49:50,940] {logging_mixin.py:109} INFO - [2023-12-03 17:49:50,940] {dag.py:2398} INFO - Sync 1 DAGs
[2023-12-03 17:49:50,966] {logging_mixin.py:109} INFO - [2023-12-03 17:49:50,966] {dag.py:2937} INFO - Setting next_dagrun for example_branch_operator to 2023-12-02 00:00:00+00:00
[2023-12-03 17:49:50,982] {processor.py:171} INFO - Processing /home/airflow/.local/lib/python3.7/site-packages/airflow/example_dags/example_branch_operator.py took 0.102 seconds
[2023-12-03 17:50:21,415] {processor.py:163} INFO - Started process (PID=159350) to work on /home/airflow/.local/lib/python3.7/site-packages/airflow/example_dags/example_branch_operator.py
[2023-12-03 17:50:21,417] {processor.py:642} INFO - Processing file /home/airflow/.local/lib/python3.7/site-packages/airflow/example_dags/example_branch_operator.py for tasks to queue
[2023-12-03 17:50:21,418] {logging_mixin.py:109} INFO - [2023-12-03 17:50:21,418] {dagbag.py:500} INFO - Filling up the DagBag from /home/airflow/.local/lib/python3.7/site-packages/airflow/example_dags/example_branch_operator.py
[2023-12-03 17:50:21,462] {processor.py:654} INFO - DAG(s) dict_keys(['example_branch_operator']) retrieved from /home/airflow/.local/lib/python3.7/site-packages/airflow/example_dags/example_branch_operator.py
[2023-12-03 17:50:21,481] {logging_mixin.py:109} INFO - [2023-12-03 17:50:21,481] {dag.py:2398} INFO - Sync 1 DAGs
[2023-12-03 17:50:21,508] {logging_mixin.py:109} INFO - [2023-12-03 17:50:21,507] {dag.py:2937} INFO - Setting next_dagrun for example_branch_operator to 2023-12-02 00:00:00+00:00
[2023-12-03 17:50:21,525] {processor.py:171} INFO - Processing /home/airflow/.local/lib/python3.7/site-packages/airflow/example_dags/example_branch_operator.py took 0.117 seconds
[2023-12-03 17:50:52,084] {processor.py:163} INFO - Started process (PID=159538) to work on /home/airflow/.local/lib/python3.7/site-packages/airflow/example_dags/example_branch_operator.py
[2023-12-03 17:50:52,087] {processor.py:642} INFO - Processing file /home/airflow/.local/lib/python3.7/site-packages/airflow/example_dags/example_branch_operator.py for tasks to queue
[2023-12-03 17:50:52,088] {logging_mixin.py:109} INFO - [2023-12-03 17:50:52,088] {dagbag.py:500} INFO - Filling up the DagBag from /home/airflow/.local/lib/python3.7/site-packages/airflow/example_dags/example_branch_operator.py
[2023-12-03 17:50:52,128] {processor.py:654} INFO - DAG(s) dict_keys(['example_branch_operator']) retrieved from /home/airflow/.local/lib/python3.7/site-packages/airflow/example_dags/example_branch_operator.py
[2023-12-03 17:50:52,144] {logging_mixin.py:109} INFO - [2023-12-03 17:50:52,144] {dag.py:2398} INFO - Sync 1 DAGs
[2023-12-03 17:50:52,172] {logging_mixin.py:109} INFO - [2023-12-03 17:50:52,171] {dag.py:2937} INFO - Setting next_dagrun for example_branch_operator to 2023-12-02 00:00:00+00:00
[2023-12-03 17:50:52,191] {processor.py:171} INFO - Processing /home/airflow/.local/lib/python3.7/site-packages/airflow/example_dags/example_branch_operator.py took 0.113 seconds
[2023-12-03 22:16:52,517] {processor.py:163} INFO - Started process (PID=159784) to work on /home/airflow/.local/lib/python3.7/site-packages/airflow/example_dags/example_branch_operator.py
[2023-12-03 22:16:52,554] {processor.py:642} INFO - Processing file /home/airflow/.local/lib/python3.7/site-packages/airflow/example_dags/example_branch_operator.py for tasks to queue
[2023-12-03 22:16:52,555] {logging_mixin.py:109} INFO - [2023-12-03 22:16:52,555] {dagbag.py:500} INFO - Filling up the DagBag from /home/airflow/.local/lib/python3.7/site-packages/airflow/example_dags/example_branch_operator.py
[2023-12-03 22:16:52,713] {processor.py:654} INFO - DAG(s) dict_keys(['example_branch_operator']) retrieved from /home/airflow/.local/lib/python3.7/site-packages/airflow/example_dags/example_branch_operator.py
[2023-12-03 22:16:52,833] {logging_mixin.py:109} INFO - [2023-12-03 22:16:52,833] {dag.py:2398} INFO - Sync 1 DAGs
[2023-12-03 22:16:52,940] {logging_mixin.py:109} INFO - [2023-12-03 22:16:52,939] {dag.py:2937} INFO - Setting next_dagrun for example_branch_operator to 2023-12-02 00:00:00+00:00
[2023-12-03 22:16:53,041] {processor.py:171} INFO - Processing /home/airflow/.local/lib/python3.7/site-packages/airflow/example_dags/example_branch_operator.py took 0.542 seconds
[2023-12-03 22:17:43,582] {processor.py:163} INFO - Started process (PID=159972) to work on /home/airflow/.local/lib/python3.7/site-packages/airflow/example_dags/example_branch_operator.py
[2023-12-03 22:17:43,608] {processor.py:642} INFO - Processing file /home/airflow/.local/lib/python3.7/site-packages/airflow/example_dags/example_branch_operator.py for tasks to queue
[2023-12-03 22:17:43,609] {logging_mixin.py:109} INFO - [2023-12-03 22:17:43,609] {dagbag.py:500} INFO - Filling up the DagBag from /home/airflow/.local/lib/python3.7/site-packages/airflow/example_dags/example_branch_operator.py
[2023-12-03 22:17:43,660] {processor.py:654} INFO - DAG(s) dict_keys(['example_branch_operator']) retrieved from /home/airflow/.local/lib/python3.7/site-packages/airflow/example_dags/example_branch_operator.py
[2023-12-03 22:17:43,700] {logging_mixin.py:109} INFO - [2023-12-03 22:17:43,700] {dag.py:2398} INFO - Sync 1 DAGs
[2023-12-03 22:17:43,749] {logging_mixin.py:109} INFO - [2023-12-03 22:17:43,749] {dag.py:2937} INFO - Setting next_dagrun for example_branch_operator to 2023-12-02 00:00:00+00:00
