[2023-12-03 17:32:43,051] {processor.py:163} INFO - Started process (PID=153983) to work on /home/airflow/.local/lib/python3.7/site-packages/airflow/example_dags/example_branch_day_of_week_operator.py
[2023-12-03 17:32:43,060] {processor.py:642} INFO - Processing file /home/airflow/.local/lib/python3.7/site-packages/airflow/example_dags/example_branch_day_of_week_operator.py for tasks to queue
[2023-12-03 17:32:43,062] {logging_mixin.py:109} INFO - [2023-12-03 17:32:43,061] {dagbag.py:500} INFO - Filling up the DagBag from /home/airflow/.local/lib/python3.7/site-packages/airflow/example_dags/example_branch_day_of_week_operator.py
[2023-12-03 17:32:43,186] {processor.py:654} INFO - DAG(s) dict_keys(['example_weekday_branch_operator']) retrieved from /home/airflow/.local/lib/python3.7/site-packages/airflow/example_dags/example_branch_day_of_week_operator.py
[2023-12-03 17:32:43,330] {logging_mixin.py:109} INFO - [2023-12-03 17:32:43,330] {dag.py:2398} INFO - Sync 1 DAGs
[2023-12-03 17:32:43,502] {logging_mixin.py:109} INFO - [2023-12-03 17:32:43,490] {dag.py:2937} INFO - Setting next_dagrun for example_weekday_branch_operator to 2023-12-02 00:00:00+00:00
[2023-12-03 17:32:43,649] {processor.py:171} INFO - Processing /home/airflow/.local/lib/python3.7/site-packages/airflow/example_dags/example_branch_day_of_week_operator.py took 0.605 seconds
[2023-12-03 17:33:14,156] {processor.py:163} INFO - Started process (PID=154162) to work on /home/airflow/.local/lib/python3.7/site-packages/airflow/example_dags/example_branch_day_of_week_operator.py
[2023-12-03 17:33:14,172] {processor.py:642} INFO - Processing file /home/airflow/.local/lib/python3.7/site-packages/airflow/example_dags/example_branch_day_of_week_operator.py for tasks to queue
[2023-12-03 17:33:14,185] {logging_mixin.py:109} INFO - [2023-12-03 17:33:14,185] {dagbag.py:500} INFO - Filling up the DagBag from /home/airflow/.local/lib/python3.7/site-packages/airflow/example_dags/example_branch_day_of_week_operator.py
[2023-12-03 17:33:14,344] {processor.py:654} INFO - DAG(s) dict_keys(['example_weekday_branch_operator']) retrieved from /home/airflow/.local/lib/python3.7/site-packages/airflow/example_dags/example_branch_day_of_week_operator.py
[2023-12-03 17:33:14,420] {logging_mixin.py:109} INFO - [2023-12-03 17:33:14,419] {dag.py:2398} INFO - Sync 1 DAGs
[2023-12-03 17:33:14,549] {logging_mixin.py:109} INFO - [2023-12-03 17:33:14,548] {dag.py:2937} INFO - Setting next_dagrun for example_weekday_branch_operator to 2023-12-02 00:00:00+00:00
[2023-12-03 17:33:14,644] {processor.py:171} INFO - Processing /home/airflow/.local/lib/python3.7/site-packages/airflow/example_dags/example_branch_day_of_week_operator.py took 0.506 seconds
[2023-12-03 17:33:45,511] {processor.py:163} INFO - Started process (PID=154341) to work on /home/airflow/.local/lib/python3.7/site-packages/airflow/example_dags/example_branch_day_of_week_operator.py
[2023-12-03 17:33:45,515] {processor.py:642} INFO - Processing file /home/airflow/.local/lib/python3.7/site-packages/airflow/example_dags/example_branch_day_of_week_operator.py for tasks to queue
[2023-12-03 17:33:45,516] {logging_mixin.py:109} INFO - [2023-12-03 17:33:45,516] {dagbag.py:500} INFO - Filling up the DagBag from /home/airflow/.local/lib/python3.7/site-packages/airflow/example_dags/example_branch_day_of_week_operator.py
[2023-12-03 17:33:45,631] {processor.py:654} INFO - DAG(s) dict_keys(['example_weekday_branch_operator']) retrieved from /home/airflow/.local/lib/python3.7/site-packages/airflow/example_dags/example_branch_day_of_week_operator.py
[2023-12-03 17:33:45,678] {logging_mixin.py:109} INFO - [2023-12-03 17:33:45,678] {dag.py:2398} INFO - Sync 1 DAGs
[2023-12-03 17:33:45,774] {logging_mixin.py:109} INFO - [2023-12-03 17:33:45,773] {dag.py:2937} INFO - Setting next_dagrun for example_weekday_branch_operator to 2023-12-02 00:00:00+00:00
[2023-12-03 17:33:45,867] {processor.py:171} INFO - Processing /home/airflow/.local/lib/python3.7/site-packages/airflow/example_dags/example_branch_day_of_week_operator.py took 0.373 seconds
[2023-12-03 17:34:16,257] {processor.py:163} INFO - Started process (PID=154529) to work on /home/airflow/.local/lib/python3.7/site-packages/airflow/example_dags/example_branch_day_of_week_operator.py
[2023-12-03 17:34:16,268] {processor.py:642} INFO - Processing file /home/airflow/.local/lib/python3.7/site-packages/airflow/example_dags/example_branch_day_of_week_operator.py for tasks to queue
[2023-12-03 17:34:16,270] {logging_mixin.py:109} INFO - [2023-12-03 17:34:16,269] {dagbag.py:500} INFO - Filling up the DagBag from /home/airflow/.local/lib/python3.7/site-packages/airflow/example_dags/example_branch_day_of_week_operator.py
[2023-12-03 17:34:16,390] {processor.py:654} INFO - DAG(s) dict_keys(['example_weekday_branch_operator']) retrieved from /home/airflow/.local/lib/python3.7/site-packages/airflow/example_dags/example_branch_day_of_week_operator.py
[2023-12-03 17:34:16,444] {logging_mixin.py:109} INFO - [2023-12-03 17:34:16,444] {dag.py:2398} INFO - Sync 1 DAGs
[2023-12-03 17:34:16,552] {logging_mixin.py:109} INFO - [2023-12-03 17:34:16,552] {dag.py:2937} INFO - Setting next_dagrun for example_weekday_branch_operator to 2023-12-02 00:00:00+00:00
[2023-12-03 17:34:16,620] {processor.py:171} INFO - Processing /home/airflow/.local/lib/python3.7/site-packages/airflow/example_dags/example_branch_day_of_week_operator.py took 0.393 seconds
[2023-12-03 17:34:46,991] {processor.py:163} INFO - Started process (PID=154708) to work on /home/airflow/.local/lib/python3.7/site-packages/airflow/example_dags/example_branch_day_of_week_operator.py
[2023-12-03 17:34:47,031] {processor.py:642} INFO - Processing file /home/airflow/.local/lib/python3.7/site-packages/airflow/example_dags/example_branch_day_of_week_operator.py for tasks to queue
[2023-12-03 17:34:47,033] {logging_mixin.py:109} INFO - [2023-12-03 17:34:47,032] {dagbag.py:500} INFO - Filling up the DagBag from /home/airflow/.local/lib/python3.7/site-packages/airflow/example_dags/example_branch_day_of_week_operator.py
[2023-12-03 17:34:47,160] {processor.py:654} INFO - DAG(s) dict_keys(['example_weekday_branch_operator']) retrieved from /home/airflow/.local/lib/python3.7/site-packages/airflow/example_dags/example_branch_day_of_week_operator.py
[2023-12-03 17:34:47,232] {logging_mixin.py:109} INFO - [2023-12-03 17:34:47,232] {dag.py:2398} INFO - Sync 1 DAGs
[2023-12-03 17:34:47,347] {logging_mixin.py:109} INFO - [2023-12-03 17:34:47,346] {dag.py:2937} INFO - Setting next_dagrun for example_weekday_branch_operator to 2023-12-02 00:00:00+00:00
[2023-12-03 17:34:47,420] {processor.py:171} INFO - Processing /home/airflow/.local/lib/python3.7/site-packages/airflow/example_dags/example_branch_day_of_week_operator.py took 0.445 seconds
[2023-12-03 17:35:17,674] {processor.py:163} INFO - Started process (PID=154896) to work on /home/airflow/.local/lib/python3.7/site-packages/airflow/example_dags/example_branch_day_of_week_operator.py
[2023-12-03 17:35:17,712] {processor.py:642} INFO - Processing file /home/airflow/.local/lib/python3.7/site-packages/airflow/example_dags/example_branch_day_of_week_operator.py for tasks to queue
[2023-12-03 17:35:17,713] {logging_mixin.py:109} INFO - [2023-12-03 17:35:17,713] {dagbag.py:500} INFO - Filling up the DagBag from /home/airflow/.local/lib/python3.7/site-packages/airflow/example_dags/example_branch_day_of_week_operator.py
[2023-12-03 17:35:17,846] {processor.py:654} INFO - DAG(s) dict_keys(['example_weekday_branch_operator']) retrieved from /home/airflow/.local/lib/python3.7/site-packages/airflow/example_dags/example_branch_day_of_week_operator.py
[2023-12-03 17:35:17,918] {logging_mixin.py:109} INFO - [2023-12-03 17:35:17,907] {dag.py:2398} INFO - Sync 1 DAGs
[2023-12-03 17:35:18,033] {logging_mixin.py:109} INFO - [2023-12-03 17:35:18,032] {dag.py:2937} INFO - Setting next_dagrun for example_weekday_branch_operator to 2023-12-02 00:00:00+00:00
[2023-12-03 17:35:18,095] {processor.py:171} INFO - Processing /home/airflow/.local/lib/python3.7/site-packages/airflow/example_dags/example_branch_day_of_week_operator.py took 0.438 seconds
[2023-12-03 17:35:48,519] {processor.py:163} INFO - Started process (PID=155075) to work on /home/airflow/.local/lib/python3.7/site-packages/airflow/example_dags/example_branch_day_of_week_operator.py
[2023-12-03 17:35:48,528] {processor.py:642} INFO - Processing file /home/airflow/.local/lib/python3.7/site-packages/airflow/example_dags/example_branch_day_of_week_operator.py for tasks to queue
[2023-12-03 17:35:48,534] {logging_mixin.py:109} INFO - [2023-12-03 17:35:48,530] {dagbag.py:500} INFO - Filling up the DagBag from /home/airflow/.local/lib/python3.7/site-packages/airflow/example_dags/example_branch_day_of_week_operator.py
[2023-12-03 17:35:48,693] {processor.py:654} INFO - DAG(s) dict_keys(['example_weekday_branch_operator']) retrieved from /home/airflow/.local/lib/python3.7/site-packages/airflow/example_dags/example_branch_day_of_week_operator.py
[2023-12-03 17:35:48,743] {logging_mixin.py:109} INFO - [2023-12-03 17:35:48,742] {dag.py:2398} INFO - Sync 1 DAGs
[2023-12-03 17:35:48,870] {logging_mixin.py:109} INFO - [2023-12-03 17:35:48,870] {dag.py:2937} INFO - Setting next_dagrun for example_weekday_branch_operator to 2023-12-02 00:00:00+00:00
[2023-12-03 17:35:48,919] {processor.py:171} INFO - Processing /home/airflow/.local/lib/python3.7/site-packages/airflow/example_dags/example_branch_day_of_week_operator.py took 0.427 seconds
[2023-12-03 17:36:19,079] {processor.py:163} INFO - Started process (PID=155261) to work on /home/airflow/.local/lib/python3.7/site-packages/airflow/example_dags/example_branch_day_of_week_operator.py
[2023-12-03 17:36:19,093] {processor.py:642} INFO - Processing file /home/airflow/.local/lib/python3.7/site-packages/airflow/example_dags/example_branch_day_of_week_operator.py for tasks to queue
[2023-12-03 17:36:19,095] {logging_mixin.py:109} INFO - [2023-12-03 17:36:19,094] {dagbag.py:500} INFO - Filling up the DagBag from /home/airflow/.local/lib/python3.7/site-packages/airflow/example_dags/example_branch_day_of_week_operator.py
[2023-12-03 17:36:19,208] {processor.py:654} INFO - DAG(s) dict_keys(['example_weekday_branch_operator']) retrieved from /home/airflow/.local/lib/python3.7/site-packages/airflow/example_dags/example_branch_day_of_week_operator.py
[2023-12-03 17:36:19,249] {logging_mixin.py:109} INFO - [2023-12-03 17:36:19,249] {dag.py:2398} INFO - Sync 1 DAGs
[2023-12-03 17:36:19,316] {logging_mixin.py:109} INFO - [2023-12-03 17:36:19,316] {dag.py:2937} INFO - Setting next_dagrun for example_weekday_branch_operator to 2023-12-02 00:00:00+00:00
[2023-12-03 17:36:19,386] {processor.py:171} INFO - Processing /home/airflow/.local/lib/python3.7/site-packages/airflow/example_dags/example_branch_day_of_week_operator.py took 0.322 seconds
[2023-12-03 17:36:49,459] {processor.py:163} INFO - Started process (PID=155444) to work on /home/airflow/.local/lib/python3.7/site-packages/airflow/example_dags/example_branch_day_of_week_operator.py
[2023-12-03 17:36:49,463] {processor.py:642} INFO - Processing file /home/airflow/.local/lib/python3.7/site-packages/airflow/example_dags/example_branch_day_of_week_operator.py for tasks to queue
[2023-12-03 17:36:49,465] {logging_mixin.py:109} INFO - [2023-12-03 17:36:49,464] {dagbag.py:500} INFO - Filling up the DagBag from /home/airflow/.local/lib/python3.7/site-packages/airflow/example_dags/example_branch_day_of_week_operator.py
[2023-12-03 17:36:49,503] {processor.py:654} INFO - DAG(s) dict_keys(['example_weekday_branch_operator']) retrieved from /home/airflow/.local/lib/python3.7/site-packages/airflow/example_dags/example_branch_day_of_week_operator.py
[2023-12-03 17:36:49,531] {logging_mixin.py:109} INFO - [2023-12-03 17:36:49,530] {dag.py:2398} INFO - Sync 1 DAGs
[2023-12-03 17:36:49,577] {logging_mixin.py:109} INFO - [2023-12-03 17:36:49,577] {dag.py:2937} INFO - Setting next_dagrun for example_weekday_branch_operator to 2023-12-02 00:00:00+00:00
[2023-12-03 17:36:49,596] {processor.py:171} INFO - Processing /home/airflow/.local/lib/python3.7/site-packages/airflow/example_dags/example_branch_day_of_week_operator.py took 0.142 seconds
[2023-12-03 17:37:19,998] {processor.py:163} INFO - Started process (PID=155633) to work on /home/airflow/.local/lib/python3.7/site-packages/airflow/example_dags/example_branch_day_of_week_operator.py
[2023-12-03 17:37:20,000] {processor.py:642} INFO - Processing file /home/airflow/.local/lib/python3.7/site-packages/airflow/example_dags/example_branch_day_of_week_operator.py for tasks to queue
[2023-12-03 17:37:20,001] {logging_mixin.py:109} INFO - [2023-12-03 17:37:20,001] {dagbag.py:500} INFO - Filling up the DagBag from /home/airflow/.local/lib/python3.7/site-packages/airflow/example_dags/example_branch_day_of_week_operator.py
[2023-12-03 17:37:20,038] {processor.py:654} INFO - DAG(s) dict_keys(['example_weekday_branch_operator']) retrieved from /home/airflow/.local/lib/python3.7/site-packages/airflow/example_dags/example_branch_day_of_week_operator.py
[2023-12-03 17:37:20,058] {logging_mixin.py:109} INFO - [2023-12-03 17:37:20,057] {dag.py:2398} INFO - Sync 1 DAGs
[2023-12-03 17:37:20,091] {logging_mixin.py:109} INFO - [2023-12-03 17:37:20,091] {dag.py:2937} INFO - Setting next_dagrun for example_weekday_branch_operator to 2023-12-02 00:00:00+00:00
[2023-12-03 17:37:20,111] {processor.py:171} INFO - Processing /home/airflow/.local/lib/python3.7/site-packages/airflow/example_dags/example_branch_day_of_week_operator.py took 0.117 seconds
[2023-12-03 17:37:50,889] {processor.py:163} INFO - Started process (PID=155821) to work on /home/airflow/.local/lib/python3.7/site-packages/airflow/example_dags/example_branch_day_of_week_operator.py
[2023-12-03 17:37:50,901] {processor.py:642} INFO - Processing file /home/airflow/.local/lib/python3.7/site-packages/airflow/example_dags/example_branch_day_of_week_operator.py for tasks to queue
[2023-12-03 17:37:50,902] {logging_mixin.py:109} INFO - [2023-12-03 17:37:50,902] {dagbag.py:500} INFO - Filling up the DagBag from /home/airflow/.local/lib/python3.7/site-packages/airflow/example_dags/example_branch_day_of_week_operator.py
[2023-12-03 17:37:50,937] {processor.py:654} INFO - DAG(s) dict_keys(['example_weekday_branch_operator']) retrieved from /home/airflow/.local/lib/python3.7/site-packages/airflow/example_dags/example_branch_day_of_week_operator.py
[2023-12-03 17:37:50,951] {logging_mixin.py:109} INFO - [2023-12-03 17:37:50,950] {dag.py:2398} INFO - Sync 1 DAGs
[2023-12-03 17:37:50,977] {logging_mixin.py:109} INFO - [2023-12-03 17:37:50,977] {dag.py:2937} INFO - Setting next_dagrun for example_weekday_branch_operator to 2023-12-02 00:00:00+00:00
[2023-12-03 17:37:50,992] {processor.py:171} INFO - Processing /home/airflow/.local/lib/python3.7/site-packages/airflow/example_dags/example_branch_day_of_week_operator.py took 0.108 seconds
[2023-12-03 17:38:21,658] {processor.py:163} INFO - Started process (PID=156009) to work on /home/airflow/.local/lib/python3.7/site-packages/airflow/example_dags/example_branch_day_of_week_operator.py
[2023-12-03 17:38:21,661] {processor.py:642} INFO - Processing file /home/airflow/.local/lib/python3.7/site-packages/airflow/example_dags/example_branch_day_of_week_operator.py for tasks to queue
[2023-12-03 17:38:21,662] {logging_mixin.py:109} INFO - [2023-12-03 17:38:21,661] {dagbag.py:500} INFO - Filling up the DagBag from /home/airflow/.local/lib/python3.7/site-packages/airflow/example_dags/example_branch_day_of_week_operator.py
[2023-12-03 17:38:21,696] {processor.py:654} INFO - DAG(s) dict_keys(['example_weekday_branch_operator']) retrieved from /home/airflow/.local/lib/python3.7/site-packages/airflow/example_dags/example_branch_day_of_week_operator.py
[2023-12-03 17:38:21,708] {logging_mixin.py:109} INFO - [2023-12-03 17:38:21,708] {dag.py:2398} INFO - Sync 1 DAGs
[2023-12-03 17:38:21,732] {logging_mixin.py:109} INFO - [2023-12-03 17:38:21,732] {dag.py:2937} INFO - Setting next_dagrun for example_weekday_branch_operator to 2023-12-02 00:00:00+00:00
[2023-12-03 17:38:21,745] {processor.py:171} INFO - Processing /home/airflow/.local/lib/python3.7/site-packages/airflow/example_dags/example_branch_day_of_week_operator.py took 0.092 seconds
[2023-12-03 17:38:52,338] {processor.py:163} INFO - Started process (PID=156192) to work on /home/airflow/.local/lib/python3.7/site-packages/airflow/example_dags/example_branch_day_of_week_operator.py
[2023-12-03 17:38:52,350] {processor.py:642} INFO - Processing file /home/airflow/.local/lib/python3.7/site-packages/airflow/example_dags/example_branch_day_of_week_operator.py for tasks to queue
[2023-12-03 17:38:52,351] {logging_mixin.py:109} INFO - [2023-12-03 17:38:52,351] {dagbag.py:500} INFO - Filling up the DagBag from /home/airflow/.local/lib/python3.7/site-packages/airflow/example_dags/example_branch_day_of_week_operator.py
[2023-12-03 17:38:52,389] {processor.py:654} INFO - DAG(s) dict_keys(['example_weekday_branch_operator']) retrieved from /home/airflow/.local/lib/python3.7/site-packages/airflow/example_dags/example_branch_day_of_week_operator.py
[2023-12-03 17:38:52,405] {logging_mixin.py:109} INFO - [2023-12-03 17:38:52,405] {dag.py:2398} INFO - Sync 1 DAGs
[2023-12-03 17:38:52,438] {logging_mixin.py:109} INFO - [2023-12-03 17:38:52,438] {dag.py:2937} INFO - Setting next_dagrun for example_weekday_branch_operator to 2023-12-02 00:00:00+00:00
[2023-12-03 17:38:52,456] {processor.py:171} INFO - Processing /home/airflow/.local/lib/python3.7/site-packages/airflow/example_dags/example_branch_day_of_week_operator.py took 0.123 seconds
[2023-12-03 17:39:22,760] {processor.py:163} INFO - Started process (PID=156389) to work on /home/airflow/.local/lib/python3.7/site-packages/airflow/example_dags/example_branch_day_of_week_operator.py
[2023-12-03 17:39:22,763] {processor.py:642} INFO - Processing file /home/airflow/.local/lib/python3.7/site-packages/airflow/example_dags/example_branch_day_of_week_operator.py for tasks to queue
[2023-12-03 17:39:22,765] {logging_mixin.py:109} INFO - [2023-12-03 17:39:22,764] {dagbag.py:500} INFO - Filling up the DagBag from /home/airflow/.local/lib/python3.7/site-packages/airflow/example_dags/example_branch_day_of_week_operator.py
[2023-12-03 17:39:22,809] {processor.py:654} INFO - DAG(s) dict_keys(['example_weekday_branch_operator']) retrieved from /home/airflow/.local/lib/python3.7/site-packages/airflow/example_dags/example_branch_day_of_week_operator.py
[2023-12-03 17:39:22,830] {logging_mixin.py:109} INFO - [2023-12-03 17:39:22,830] {dag.py:2398} INFO - Sync 1 DAGs
[2023-12-03 17:39:22,856] {logging_mixin.py:109} INFO - [2023-12-03 17:39:22,855] {dag.py:2937} INFO - Setting next_dagrun for example_weekday_branch_operator to 2023-12-02 00:00:00+00:00
[2023-12-03 17:39:22,870] {processor.py:171} INFO - Processing /home/airflow/.local/lib/python3.7/site-packages/airflow/example_dags/example_branch_day_of_week_operator.py took 0.117 seconds
[2023-12-03 17:39:53,083] {processor.py:163} INFO - Started process (PID=156577) to work on /home/airflow/.local/lib/python3.7/site-packages/airflow/example_dags/example_branch_day_of_week_operator.py
[2023-12-03 17:39:53,095] {processor.py:642} INFO - Processing file /home/airflow/.local/lib/python3.7/site-packages/airflow/example_dags/example_branch_day_of_week_operator.py for tasks to queue
[2023-12-03 17:39:53,096] {logging_mixin.py:109} INFO - [2023-12-03 17:39:53,096] {dagbag.py:500} INFO - Filling up the DagBag from /home/airflow/.local/lib/python3.7/site-packages/airflow/example_dags/example_branch_day_of_week_operator.py
[2023-12-03 17:39:53,131] {processor.py:654} INFO - DAG(s) dict_keys(['example_weekday_branch_operator']) retrieved from /home/airflow/.local/lib/python3.7/site-packages/airflow/example_dags/example_branch_day_of_week_operator.py
[2023-12-03 17:39:53,148] {logging_mixin.py:109} INFO - [2023-12-03 17:39:53,148] {dag.py:2398} INFO - Sync 1 DAGs
[2023-12-03 17:39:53,174] {logging_mixin.py:109} INFO - [2023-12-03 17:39:53,173] {dag.py:2937} INFO - Setting next_dagrun for example_weekday_branch_operator to 2023-12-02 00:00:00+00:00
[2023-12-03 17:39:53,192] {processor.py:171} INFO - Processing /home/airflow/.local/lib/python3.7/site-packages/airflow/example_dags/example_branch_day_of_week_operator.py took 0.114 seconds
[2023-12-03 17:40:23,580] {processor.py:163} INFO - Started process (PID=156765) to work on /home/airflow/.local/lib/python3.7/site-packages/airflow/example_dags/example_branch_day_of_week_operator.py
[2023-12-03 17:40:23,592] {processor.py:642} INFO - Processing file /home/airflow/.local/lib/python3.7/site-packages/airflow/example_dags/example_branch_day_of_week_operator.py for tasks to queue
[2023-12-03 17:40:23,593] {logging_mixin.py:109} INFO - [2023-12-03 17:40:23,593] {dagbag.py:500} INFO - Filling up the DagBag from /home/airflow/.local/lib/python3.7/site-packages/airflow/example_dags/example_branch_day_of_week_operator.py
[2023-12-03 17:40:23,623] {processor.py:654} INFO - DAG(s) dict_keys(['example_weekday_branch_operator']) retrieved from /home/airflow/.local/lib/python3.7/site-packages/airflow/example_dags/example_branch_day_of_week_operator.py
[2023-12-03 17:40:23,637] {logging_mixin.py:109} INFO - [2023-12-03 17:40:23,637] {dag.py:2398} INFO - Sync 1 DAGs
[2023-12-03 17:40:23,660] {logging_mixin.py:109} INFO - [2023-12-03 17:40:23,660] {dag.py:2937} INFO - Setting next_dagrun for example_weekday_branch_operator to 2023-12-02 00:00:00+00:00
[2023-12-03 17:40:23,672] {processor.py:171} INFO - Processing /home/airflow/.local/lib/python3.7/site-packages/airflow/example_dags/example_branch_day_of_week_operator.py took 0.098 seconds
[2023-12-03 17:40:53,907] {processor.py:163} INFO - Started process (PID=156948) to work on /home/airflow/.local/lib/python3.7/site-packages/airflow/example_dags/example_branch_day_of_week_operator.py
[2023-12-03 17:40:53,909] {processor.py:642} INFO - Processing file /home/airflow/.local/lib/python3.7/site-packages/airflow/example_dags/example_branch_day_of_week_operator.py for tasks to queue
[2023-12-03 17:40:53,910] {logging_mixin.py:109} INFO - [2023-12-03 17:40:53,910] {dagbag.py:500} INFO - Filling up the DagBag from /home/airflow/.local/lib/python3.7/site-packages/airflow/example_dags/example_branch_day_of_week_operator.py
[2023-12-03 17:40:53,949] {processor.py:654} INFO - DAG(s) dict_keys(['example_weekday_branch_operator']) retrieved from /home/airflow/.local/lib/python3.7/site-packages/airflow/example_dags/example_branch_day_of_week_operator.py
[2023-12-03 17:40:53,967] {logging_mixin.py:109} INFO - [2023-12-03 17:40:53,966] {dag.py:2398} INFO - Sync 1 DAGs
[2023-12-03 17:40:53,994] {logging_mixin.py:109} INFO - [2023-12-03 17:40:53,993] {dag.py:2937} INFO - Setting next_dagrun for example_weekday_branch_operator to 2023-12-02 00:00:00+00:00
[2023-12-03 17:40:54,011] {processor.py:171} INFO - Processing /home/airflow/.local/lib/python3.7/site-packages/airflow/example_dags/example_branch_day_of_week_operator.py took 0.111 seconds
[2023-12-03 17:41:24,292] {processor.py:163} INFO - Started process (PID=157135) to work on /home/airflow/.local/lib/python3.7/site-packages/airflow/example_dags/example_branch_day_of_week_operator.py
[2023-12-03 17:41:24,295] {processor.py:642} INFO - Processing file /home/airflow/.local/lib/python3.7/site-packages/airflow/example_dags/example_branch_day_of_week_operator.py for tasks to queue
[2023-12-03 17:41:24,296] {logging_mixin.py:109} INFO - [2023-12-03 17:41:24,296] {dagbag.py:500} INFO - Filling up the DagBag from /home/airflow/.local/lib/python3.7/site-packages/airflow/example_dags/example_branch_day_of_week_operator.py
[2023-12-03 17:41:24,334] {processor.py:654} INFO - DAG(s) dict_keys(['example_weekday_branch_operator']) retrieved from /home/airflow/.local/lib/python3.7/site-packages/airflow/example_dags/example_branch_day_of_week_operator.py
[2023-12-03 17:41:24,346] {logging_mixin.py:109} INFO - [2023-12-03 17:41:24,346] {dag.py:2398} INFO - Sync 1 DAGs
[2023-12-03 17:41:24,365] {logging_mixin.py:109} INFO - [2023-12-03 17:41:24,365] {dag.py:2937} INFO - Setting next_dagrun for example_weekday_branch_operator to 2023-12-02 00:00:00+00:00
[2023-12-03 17:41:24,378] {processor.py:171} INFO - Processing /home/airflow/.local/lib/python3.7/site-packages/airflow/example_dags/example_branch_day_of_week_operator.py took 0.092 seconds
[2023-12-03 17:41:55,290] {processor.py:163} INFO - Started process (PID=157332) to work on /home/airflow/.local/lib/python3.7/site-packages/airflow/example_dags/example_branch_day_of_week_operator.py
[2023-12-03 17:41:55,292] {processor.py:642} INFO - Processing file /home/airflow/.local/lib/python3.7/site-packages/airflow/example_dags/example_branch_day_of_week_operator.py for tasks to queue
[2023-12-03 17:41:55,293] {logging_mixin.py:109} INFO - [2023-12-03 17:41:55,293] {dagbag.py:500} INFO - Filling up the DagBag from /home/airflow/.local/lib/python3.7/site-packages/airflow/example_dags/example_branch_day_of_week_operator.py
[2023-12-03 17:41:55,330] {processor.py:654} INFO - DAG(s) dict_keys(['example_weekday_branch_operator']) retrieved from /home/airflow/.local/lib/python3.7/site-packages/airflow/example_dags/example_branch_day_of_week_operator.py
[2023-12-03 17:41:55,346] {logging_mixin.py:109} INFO - [2023-12-03 17:41:55,346] {dag.py:2398} INFO - Sync 1 DAGs
[2023-12-03 17:41:55,375] {logging_mixin.py:109} INFO - [2023-12-03 17:41:55,375] {dag.py:2937} INFO - Setting next_dagrun for example_weekday_branch_operator to 2023-12-02 00:00:00+00:00
[2023-12-03 17:41:55,393] {processor.py:171} INFO - Processing /home/airflow/.local/lib/python3.7/site-packages/airflow/example_dags/example_branch_day_of_week_operator.py took 0.108 seconds
[2023-12-03 17:42:26,124] {processor.py:163} INFO - Started process (PID=157520) to work on /home/airflow/.local/lib/python3.7/site-packages/airflow/example_dags/example_branch_day_of_week_operator.py
[2023-12-03 17:42:26,139] {processor.py:642} INFO - Processing file /home/airflow/.local/lib/python3.7/site-packages/airflow/example_dags/example_branch_day_of_week_operator.py for tasks to queue
[2023-12-03 17:42:26,140] {logging_mixin.py:109} INFO - [2023-12-03 17:42:26,140] {dagbag.py:500} INFO - Filling up the DagBag from /home/airflow/.local/lib/python3.7/site-packages/airflow/example_dags/example_branch_day_of_week_operator.py
[2023-12-03 17:42:26,174] {processor.py:654} INFO - DAG(s) dict_keys(['example_weekday_branch_operator']) retrieved from /home/airflow/.local/lib/python3.7/site-packages/airflow/example_dags/example_branch_day_of_week_operator.py
[2023-12-03 17:42:26,190] {logging_mixin.py:109} INFO - [2023-12-03 17:42:26,190] {dag.py:2398} INFO - Sync 1 DAGs
[2023-12-03 17:42:26,217] {logging_mixin.py:109} INFO - [2023-12-03 17:42:26,217] {dag.py:2937} INFO - Setting next_dagrun for example_weekday_branch_operator to 2023-12-02 00:00:00+00:00
[2023-12-03 17:42:26,233] {processor.py:171} INFO - Processing /home/airflow/.local/lib/python3.7/site-packages/airflow/example_dags/example_branch_day_of_week_operator.py took 0.115 seconds
[2023-12-03 17:42:56,551] {processor.py:163} INFO - Started process (PID=157708) to work on /home/airflow/.local/lib/python3.7/site-packages/airflow/example_dags/example_branch_day_of_week_operator.py
[2023-12-03 17:42:56,554] {processor.py:642} INFO - Processing file /home/airflow/.local/lib/python3.7/site-packages/airflow/example_dags/example_branch_day_of_week_operator.py for tasks to queue
[2023-12-03 17:42:56,555] {logging_mixin.py:109} INFO - [2023-12-03 17:42:56,554] {dagbag.py:500} INFO - Filling up the DagBag from /home/airflow/.local/lib/python3.7/site-packages/airflow/example_dags/example_branch_day_of_week_operator.py
[2023-12-03 17:42:56,587] {processor.py:654} INFO - DAG(s) dict_keys(['example_weekday_branch_operator']) retrieved from /home/airflow/.local/lib/python3.7/site-packages/airflow/example_dags/example_branch_day_of_week_operator.py
[2023-12-03 17:42:56,599] {logging_mixin.py:109} INFO - [2023-12-03 17:42:56,599] {dag.py:2398} INFO - Sync 1 DAGs
[2023-12-03 17:42:56,628] {logging_mixin.py:109} INFO - [2023-12-03 17:42:56,628] {dag.py:2937} INFO - Setting next_dagrun for example_weekday_branch_operator to 2023-12-02 00:00:00+00:00
[2023-12-03 17:42:56,644] {processor.py:171} INFO - Processing /home/airflow/.local/lib/python3.7/site-packages/airflow/example_dags/example_branch_day_of_week_operator.py took 0.101 seconds
[2023-12-03 17:43:27,113] {processor.py:163} INFO - Started process (PID=157894) to work on /home/airflow/.local/lib/python3.7/site-packages/airflow/example_dags/example_branch_day_of_week_operator.py
[2023-12-03 17:43:27,119] {processor.py:642} INFO - Processing file /home/airflow/.local/lib/python3.7/site-packages/airflow/example_dags/example_branch_day_of_week_operator.py for tasks to queue
[2023-12-03 17:43:27,121] {logging_mixin.py:109} INFO - [2023-12-03 17:43:27,120] {dagbag.py:500} INFO - Filling up the DagBag from /home/airflow/.local/lib/python3.7/site-packages/airflow/example_dags/example_branch_day_of_week_operator.py
[2023-12-03 17:43:27,207] {processor.py:654} INFO - DAG(s) dict_keys(['example_weekday_branch_operator']) retrieved from /home/airflow/.local/lib/python3.7/site-packages/airflow/example_dags/example_branch_day_of_week_operator.py
[2023-12-03 17:43:27,267] {logging_mixin.py:109} INFO - [2023-12-03 17:43:27,267] {dag.py:2398} INFO - Sync 1 DAGs
[2023-12-03 17:43:27,319] {logging_mixin.py:109} INFO - [2023-12-03 17:43:27,319] {dag.py:2937} INFO - Setting next_dagrun for example_weekday_branch_operator to 2023-12-02 00:00:00+00:00
[2023-12-03 17:43:27,376] {processor.py:171} INFO - Processing /home/airflow/.local/lib/python3.7/site-packages/airflow/example_dags/example_branch_day_of_week_operator.py took 0.270 seconds
[2023-12-03 17:46:45,213] {processor.py:163} INFO - Started process (PID=158019) to work on /home/airflow/.local/lib/python3.7/site-packages/airflow/example_dags/example_branch_day_of_week_operator.py
[2023-12-03 17:46:45,245] {processor.py:642} INFO - Processing file /home/airflow/.local/lib/python3.7/site-packages/airflow/example_dags/example_branch_day_of_week_operator.py for tasks to queue
[2023-12-03 17:46:45,247] {logging_mixin.py:109} INFO - [2023-12-03 17:46:45,246] {dagbag.py:500} INFO - Filling up the DagBag from /home/airflow/.local/lib/python3.7/site-packages/airflow/example_dags/example_branch_day_of_week_operator.py
[2023-12-03 17:46:45,423] {processor.py:654} INFO - DAG(s) dict_keys(['example_weekday_branch_operator']) retrieved from /home/airflow/.local/lib/python3.7/site-packages/airflow/example_dags/example_branch_day_of_week_operator.py
[2023-12-03 17:46:45,520] {logging_mixin.py:109} INFO - [2023-12-03 17:46:45,520] {dag.py:2398} INFO - Sync 1 DAGs
[2023-12-03 17:46:45,667] {logging_mixin.py:109} INFO - [2023-12-03 17:46:45,667] {dag.py:2937} INFO - Setting next_dagrun for example_weekday_branch_operator to 2023-12-02 00:00:00+00:00
[2023-12-03 17:46:45,742] {processor.py:171} INFO - Processing /home/airflow/.local/lib/python3.7/site-packages/airflow/example_dags/example_branch_day_of_week_operator.py took 0.559 seconds
[2023-12-03 17:47:16,347] {processor.py:163} INFO - Started process (PID=158198) to work on /home/airflow/.local/lib/python3.7/site-packages/airflow/example_dags/example_branch_day_of_week_operator.py
[2023-12-03 17:47:16,359] {processor.py:642} INFO - Processing file /home/airflow/.local/lib/python3.7/site-packages/airflow/example_dags/example_branch_day_of_week_operator.py for tasks to queue
[2023-12-03 17:47:16,360] {logging_mixin.py:109} INFO - [2023-12-03 17:47:16,360] {dagbag.py:500} INFO - Filling up the DagBag from /home/airflow/.local/lib/python3.7/site-packages/airflow/example_dags/example_branch_day_of_week_operator.py
[2023-12-03 17:47:16,454] {processor.py:654} INFO - DAG(s) dict_keys(['example_weekday_branch_operator']) retrieved from /home/airflow/.local/lib/python3.7/site-packages/airflow/example_dags/example_branch_day_of_week_operator.py
[2023-12-03 17:47:16,492] {logging_mixin.py:109} INFO - [2023-12-03 17:47:16,491] {dag.py:2398} INFO - Sync 1 DAGs
[2023-12-03 17:47:16,573] {logging_mixin.py:109} INFO - [2023-12-03 17:47:16,573] {dag.py:2937} INFO - Setting next_dagrun for example_weekday_branch_operator to 2023-12-02 00:00:00+00:00
[2023-12-03 17:47:16,628] {processor.py:171} INFO - Processing /home/airflow/.local/lib/python3.7/site-packages/airflow/example_dags/example_branch_day_of_week_operator.py took 0.293 seconds
[2023-12-03 17:47:46,943] {processor.py:163} INFO - Started process (PID=158383) to work on /home/airflow/.local/lib/python3.7/site-packages/airflow/example_dags/example_branch_day_of_week_operator.py
[2023-12-03 17:47:46,946] {processor.py:642} INFO - Processing file /home/airflow/.local/lib/python3.7/site-packages/airflow/example_dags/example_branch_day_of_week_operator.py for tasks to queue
[2023-12-03 17:47:46,947] {logging_mixin.py:109} INFO - [2023-12-03 17:47:46,946] {dagbag.py:500} INFO - Filling up the DagBag from /home/airflow/.local/lib/python3.7/site-packages/airflow/example_dags/example_branch_day_of_week_operator.py
[2023-12-03 17:47:46,991] {processor.py:654} INFO - DAG(s) dict_keys(['example_weekday_branch_operator']) retrieved from /home/airflow/.local/lib/python3.7/site-packages/airflow/example_dags/example_branch_day_of_week_operator.py
[2023-12-03 17:47:47,011] {logging_mixin.py:109} INFO - [2023-12-03 17:47:47,010] {dag.py:2398} INFO - Sync 1 DAGs
[2023-12-03 17:47:47,052] {logging_mixin.py:109} INFO - [2023-12-03 17:47:47,052] {dag.py:2937} INFO - Setting next_dagrun for example_weekday_branch_operator to 2023-12-02 00:00:00+00:00
[2023-12-03 17:47:47,072] {processor.py:171} INFO - Processing /home/airflow/.local/lib/python3.7/site-packages/airflow/example_dags/example_branch_day_of_week_operator.py took 0.135 seconds
[2023-12-03 17:48:17,391] {processor.py:163} INFO - Started process (PID=158571) to work on /home/airflow/.local/lib/python3.7/site-packages/airflow/example_dags/example_branch_day_of_week_operator.py
[2023-12-03 17:48:17,393] {processor.py:642} INFO - Processing file /home/airflow/.local/lib/python3.7/site-packages/airflow/example_dags/example_branch_day_of_week_operator.py for tasks to queue
[2023-12-03 17:48:17,395] {logging_mixin.py:109} INFO - [2023-12-03 17:48:17,394] {dagbag.py:500} INFO - Filling up the DagBag from /home/airflow/.local/lib/python3.7/site-packages/airflow/example_dags/example_branch_day_of_week_operator.py
[2023-12-03 17:48:17,453] {processor.py:654} INFO - DAG(s) dict_keys(['example_weekday_branch_operator']) retrieved from /home/airflow/.local/lib/python3.7/site-packages/airflow/example_dags/example_branch_day_of_week_operator.py
[2023-12-03 17:48:17,475] {logging_mixin.py:109} INFO - [2023-12-03 17:48:17,475] {dag.py:2398} INFO - Sync 1 DAGs
[2023-12-03 17:48:17,511] {logging_mixin.py:109} INFO - [2023-12-03 17:48:17,511] {dag.py:2937} INFO - Setting next_dagrun for example_weekday_branch_operator to 2023-12-02 00:00:00+00:00
[2023-12-03 17:48:17,529] {processor.py:171} INFO - Processing /home/airflow/.local/lib/python3.7/site-packages/airflow/example_dags/example_branch_day_of_week_operator.py took 0.149 seconds
[2023-12-03 17:48:48,077] {processor.py:163} INFO - Started process (PID=158759) to work on /home/airflow/.local/lib/python3.7/site-packages/airflow/example_dags/example_branch_day_of_week_operator.py
[2023-12-03 17:48:48,080] {processor.py:642} INFO - Processing file /home/airflow/.local/lib/python3.7/site-packages/airflow/example_dags/example_branch_day_of_week_operator.py for tasks to queue
[2023-12-03 17:48:48,080] {logging_mixin.py:109} INFO - [2023-12-03 17:48:48,080] {dagbag.py:500} INFO - Filling up the DagBag from /home/airflow/.local/lib/python3.7/site-packages/airflow/example_dags/example_branch_day_of_week_operator.py
[2023-12-03 17:48:48,123] {processor.py:654} INFO - DAG(s) dict_keys(['example_weekday_branch_operator']) retrieved from /home/airflow/.local/lib/python3.7/site-packages/airflow/example_dags/example_branch_day_of_week_operator.py
[2023-12-03 17:48:48,141] {logging_mixin.py:109} INFO - [2023-12-03 17:48:48,140] {dag.py:2398} INFO - Sync 1 DAGs
[2023-12-03 17:48:48,179] {logging_mixin.py:109} INFO - [2023-12-03 17:48:48,178] {dag.py:2937} INFO - Setting next_dagrun for example_weekday_branch_operator to 2023-12-02 00:00:00+00:00
[2023-12-03 17:48:48,197] {processor.py:171} INFO - Processing /home/airflow/.local/lib/python3.7/site-packages/airflow/example_dags/example_branch_day_of_week_operator.py took 0.125 seconds
[2023-12-03 17:49:18,291] {processor.py:163} INFO - Started process (PID=158956) to work on /home/airflow/.local/lib/python3.7/site-packages/airflow/example_dags/example_branch_day_of_week_operator.py
[2023-12-03 17:49:18,294] {processor.py:642} INFO - Processing file /home/airflow/.local/lib/python3.7/site-packages/airflow/example_dags/example_branch_day_of_week_operator.py for tasks to queue
[2023-12-03 17:49:18,295] {logging_mixin.py:109} INFO - [2023-12-03 17:49:18,295] {dagbag.py:500} INFO - Filling up the DagBag from /home/airflow/.local/lib/python3.7/site-packages/airflow/example_dags/example_branch_day_of_week_operator.py
[2023-12-03 17:49:18,336] {processor.py:654} INFO - DAG(s) dict_keys(['example_weekday_branch_operator']) retrieved from /home/airflow/.local/lib/python3.7/site-packages/airflow/example_dags/example_branch_day_of_week_operator.py
[2023-12-03 17:49:18,353] {logging_mixin.py:109} INFO - [2023-12-03 17:49:18,353] {dag.py:2398} INFO - Sync 1 DAGs
[2023-12-03 17:49:18,384] {logging_mixin.py:109} INFO - [2023-12-03 17:49:18,384] {dag.py:2937} INFO - Setting next_dagrun for example_weekday_branch_operator to 2023-12-02 00:00:00+00:00
[2023-12-03 17:49:18,400] {processor.py:171} INFO - Processing /home/airflow/.local/lib/python3.7/site-packages/airflow/example_dags/example_branch_day_of_week_operator.py took 0.114 seconds
[2023-12-03 17:49:48,664] {processor.py:163} INFO - Started process (PID=159144) to work on /home/airflow/.local/lib/python3.7/site-packages/airflow/example_dags/example_branch_day_of_week_operator.py
[2023-12-03 17:49:48,666] {processor.py:642} INFO - Processing file /home/airflow/.local/lib/python3.7/site-packages/airflow/example_dags/example_branch_day_of_week_operator.py for tasks to queue
[2023-12-03 17:49:48,667] {logging_mixin.py:109} INFO - [2023-12-03 17:49:48,666] {dagbag.py:500} INFO - Filling up the DagBag from /home/airflow/.local/lib/python3.7/site-packages/airflow/example_dags/example_branch_day_of_week_operator.py
[2023-12-03 17:49:48,705] {processor.py:654} INFO - DAG(s) dict_keys(['example_weekday_branch_operator']) retrieved from /home/airflow/.local/lib/python3.7/site-packages/airflow/example_dags/example_branch_day_of_week_operator.py
[2023-12-03 17:49:48,729] {logging_mixin.py:109} INFO - [2023-12-03 17:49:48,729] {dag.py:2398} INFO - Sync 1 DAGs
[2023-12-03 17:49:48,760] {logging_mixin.py:109} INFO - [2023-12-03 17:49:48,759] {dag.py:2937} INFO - Setting next_dagrun for example_weekday_branch_operator to 2023-12-02 00:00:00+00:00
[2023-12-03 17:49:48,775] {processor.py:171} INFO - Processing /home/airflow/.local/lib/python3.7/site-packages/airflow/example_dags/example_branch_day_of_week_operator.py took 0.117 seconds
[2023-12-03 17:50:19,194] {processor.py:163} INFO - Started process (PID=159332) to work on /home/airflow/.local/lib/python3.7/site-packages/airflow/example_dags/example_branch_day_of_week_operator.py
[2023-12-03 17:50:19,197] {processor.py:642} INFO - Processing file /home/airflow/.local/lib/python3.7/site-packages/airflow/example_dags/example_branch_day_of_week_operator.py for tasks to queue
[2023-12-03 17:50:19,199] {logging_mixin.py:109} INFO - [2023-12-03 17:50:19,198] {dagbag.py:500} INFO - Filling up the DagBag from /home/airflow/.local/lib/python3.7/site-packages/airflow/example_dags/example_branch_day_of_week_operator.py
[2023-12-03 17:50:19,235] {processor.py:654} INFO - DAG(s) dict_keys(['example_weekday_branch_operator']) retrieved from /home/airflow/.local/lib/python3.7/site-packages/airflow/example_dags/example_branch_day_of_week_operator.py
[2023-12-03 17:50:19,250] {logging_mixin.py:109} INFO - [2023-12-03 17:50:19,250] {dag.py:2398} INFO - Sync 1 DAGs
[2023-12-03 17:50:19,277] {logging_mixin.py:109} INFO - [2023-12-03 17:50:19,277] {dag.py:2937} INFO - Setting next_dagrun for example_weekday_branch_operator to 2023-12-02 00:00:00+00:00
[2023-12-03 17:50:19,295] {processor.py:171} INFO - Processing /home/airflow/.local/lib/python3.7/site-packages/airflow/example_dags/example_branch_day_of_week_operator.py took 0.106 seconds
[2023-12-03 17:50:49,730] {processor.py:163} INFO - Started process (PID=159520) to work on /home/airflow/.local/lib/python3.7/site-packages/airflow/example_dags/example_branch_day_of_week_operator.py
[2023-12-03 17:50:49,732] {processor.py:642} INFO - Processing file /home/airflow/.local/lib/python3.7/site-packages/airflow/example_dags/example_branch_day_of_week_operator.py for tasks to queue
[2023-12-03 17:50:49,733] {logging_mixin.py:109} INFO - [2023-12-03 17:50:49,733] {dagbag.py:500} INFO - Filling up the DagBag from /home/airflow/.local/lib/python3.7/site-packages/airflow/example_dags/example_branch_day_of_week_operator.py
[2023-12-03 17:50:49,778] {processor.py:654} INFO - DAG(s) dict_keys(['example_weekday_branch_operator']) retrieved from /home/airflow/.local/lib/python3.7/site-packages/airflow/example_dags/example_branch_day_of_week_operator.py
[2023-12-03 17:50:49,803] {logging_mixin.py:109} INFO - [2023-12-03 17:50:49,802] {dag.py:2398} INFO - Sync 1 DAGs
[2023-12-03 17:50:49,837] {logging_mixin.py:109} INFO - [2023-12-03 17:50:49,837] {dag.py:2937} INFO - Setting next_dagrun for example_weekday_branch_operator to 2023-12-02 00:00:00+00:00
[2023-12-03 17:50:49,857] {processor.py:171} INFO - Processing /home/airflow/.local/lib/python3.7/site-packages/airflow/example_dags/example_branch_day_of_week_operator.py took 0.135 seconds
[2023-12-03 22:16:51,286] {processor.py:163} INFO - Started process (PID=159764) to work on /home/airflow/.local/lib/python3.7/site-packages/airflow/example_dags/example_branch_day_of_week_operator.py
[2023-12-03 22:16:51,379] {processor.py:642} INFO - Processing file /home/airflow/.local/lib/python3.7/site-packages/airflow/example_dags/example_branch_day_of_week_operator.py for tasks to queue
[2023-12-03 22:16:51,381] {logging_mixin.py:109} INFO - [2023-12-03 22:16:51,380] {dagbag.py:500} INFO - Filling up the DagBag from /home/airflow/.local/lib/python3.7/site-packages/airflow/example_dags/example_branch_day_of_week_operator.py
[2023-12-03 22:16:51,527] {processor.py:654} INFO - DAG(s) dict_keys(['example_weekday_branch_operator']) retrieved from /home/airflow/.local/lib/python3.7/site-packages/airflow/example_dags/example_branch_day_of_week_operator.py
[2023-12-03 22:16:51,600] {logging_mixin.py:109} INFO - [2023-12-03 22:16:51,600] {dag.py:2398} INFO - Sync 1 DAGs
[2023-12-03 22:16:51,734] {logging_mixin.py:109} INFO - [2023-12-03 22:16:51,734] {dag.py:2937} INFO - Setting next_dagrun for example_weekday_branch_operator to 2023-12-02 00:00:00+00:00
[2023-12-03 22:16:51,812] {processor.py:171} INFO - Processing /home/airflow/.local/lib/python3.7/site-packages/airflow/example_dags/example_branch_day_of_week_operator.py took 0.543 seconds
[2023-12-03 22:17:23,772] {processor.py:163} INFO - Started process (PID=159954) to work on /home/airflow/.local/lib/python3.7/site-packages/airflow/example_dags/example_branch_day_of_week_operator.py
[2023-12-03 22:17:23,784] {processor.py:642} INFO - Processing file /home/airflow/.local/lib/python3.7/site-packages/airflow/example_dags/example_branch_day_of_week_operator.py for tasks to queue
[2023-12-03 22:17:23,788] {logging_mixin.py:109} INFO - [2023-12-03 22:17:23,788] {dagbag.py:500} INFO - Filling up the DagBag from /home/airflow/.local/lib/python3.7/site-packages/airflow/example_dags/example_branch_day_of_week_operator.py
[2023-12-03 22:17:23,920] {processor.py:654} INFO - DAG(s) dict_keys(['example_weekday_branch_operator']) retrieved from /home/airflow/.local/lib/python3.7/site-packages/airflow/example_dags/example_branch_day_of_week_operator.py
[2023-12-03 22:17:24,000] {logging_mixin.py:109} INFO - [2023-12-03 22:17:24,000] {dag.py:2398} INFO - Sync 1 DAGs
[2023-12-03 22:17:24,123] {logging_mixin.py:109} INFO - [2023-12-03 22:17:24,112] {dag.py:2937} INFO - Setting next_dagrun for example_weekday_branch_operator to 2023-12-02 00:00:00+00:00
[2023-12-03 22:17:43,152] {processor.py:171} INFO - Processing /home/airflow/.local/lib/python3.7/site-packages/airflow/example_dags/example_branch_day_of_week_operator.py took 19.408 seconds
