[2023-12-03 17:32:49,330] {processor.py:163} INFO - Started process (PID=154026) to work on /home/airflow/.local/lib/python3.7/site-packages/airflow/example_dags/example_latest_only.py
[2023-12-03 17:32:49,447] {processor.py:642} INFO - Processing file /home/airflow/.local/lib/python3.7/site-packages/airflow/example_dags/example_latest_only.py for tasks to queue
[2023-12-03 17:32:49,448] {logging_mixin.py:109} INFO - [2023-12-03 17:32:49,448] {dagbag.py:500} INFO - Filling up the DagBag from /home/airflow/.local/lib/python3.7/site-packages/airflow/example_dags/example_latest_only.py
[2023-12-03 17:32:49,952] {processor.py:654} INFO - DAG(s) dict_keys(['latest_only']) retrieved from /home/airflow/.local/lib/python3.7/site-packages/airflow/example_dags/example_latest_only.py
[2023-12-03 17:32:50,011] {logging_mixin.py:109} INFO - [2023-12-03 17:32:50,011] {dag.py:2398} INFO - Sync 1 DAGs
[2023-12-03 17:32:50,112] {logging_mixin.py:109} INFO - [2023-12-03 17:32:50,101] {dag.py:2937} INFO - Setting next_dagrun for latest_only to 2023-12-03T13:32:50.100966+00:00
[2023-12-03 17:32:50,242] {processor.py:171} INFO - Processing /home/airflow/.local/lib/python3.7/site-packages/airflow/example_dags/example_latest_only.py took 0.946 seconds
[2023-12-03 17:33:20,538] {processor.py:163} INFO - Started process (PID=154207) to work on /home/airflow/.local/lib/python3.7/site-packages/airflow/example_dags/example_latest_only.py
[2023-12-03 17:33:20,539] {processor.py:642} INFO - Processing file /home/airflow/.local/lib/python3.7/site-packages/airflow/example_dags/example_latest_only.py for tasks to queue
[2023-12-03 17:33:20,551] {logging_mixin.py:109} INFO - [2023-12-03 17:33:20,551] {dagbag.py:500} INFO - Filling up the DagBag from /home/airflow/.local/lib/python3.7/site-packages/airflow/example_dags/example_latest_only.py
[2023-12-03 17:33:20,641] {processor.py:654} INFO - DAG(s) dict_keys(['latest_only']) retrieved from /home/airflow/.local/lib/python3.7/site-packages/airflow/example_dags/example_latest_only.py
[2023-12-03 17:33:20,672] {logging_mixin.py:109} INFO - [2023-12-03 17:33:20,672] {dag.py:2398} INFO - Sync 1 DAGs
[2023-12-03 17:33:20,730] {logging_mixin.py:109} INFO - [2023-12-03 17:33:20,730] {dag.py:2937} INFO - Setting next_dagrun for latest_only to 2023-12-03T13:33:20.730068+00:00
[2023-12-03 17:33:20,782] {processor.py:171} INFO - Processing /home/airflow/.local/lib/python3.7/site-packages/airflow/example_dags/example_latest_only.py took 0.261 seconds
[2023-12-03 17:33:51,441] {processor.py:163} INFO - Started process (PID=154393) to work on /home/airflow/.local/lib/python3.7/site-packages/airflow/example_dags/example_latest_only.py
[2023-12-03 17:33:51,463] {processor.py:642} INFO - Processing file /home/airflow/.local/lib/python3.7/site-packages/airflow/example_dags/example_latest_only.py for tasks to queue
[2023-12-03 17:33:51,464] {logging_mixin.py:109} INFO - [2023-12-03 17:33:51,464] {dagbag.py:500} INFO - Filling up the DagBag from /home/airflow/.local/lib/python3.7/site-packages/airflow/example_dags/example_latest_only.py
[2023-12-03 17:33:51,613] {processor.py:654} INFO - DAG(s) dict_keys(['latest_only']) retrieved from /home/airflow/.local/lib/python3.7/site-packages/airflow/example_dags/example_latest_only.py
[2023-12-03 17:33:51,661] {logging_mixin.py:109} INFO - [2023-12-03 17:33:51,661] {dag.py:2398} INFO - Sync 1 DAGs
[2023-12-03 17:33:51,749] {logging_mixin.py:109} INFO - [2023-12-03 17:33:51,749] {dag.py:2937} INFO - Setting next_dagrun for latest_only to 2023-12-03T13:33:51.748963+00:00
[2023-12-03 17:33:51,830] {processor.py:171} INFO - Processing /home/airflow/.local/lib/python3.7/site-packages/airflow/example_dags/example_latest_only.py took 0.406 seconds
[2023-12-03 17:34:22,609] {processor.py:163} INFO - Started process (PID=154572) to work on /home/airflow/.local/lib/python3.7/site-packages/airflow/example_dags/example_latest_only.py
[2023-12-03 17:34:22,613] {processor.py:642} INFO - Processing file /home/airflow/.local/lib/python3.7/site-packages/airflow/example_dags/example_latest_only.py for tasks to queue
[2023-12-03 17:34:22,614] {logging_mixin.py:109} INFO - [2023-12-03 17:34:22,614] {dagbag.py:500} INFO - Filling up the DagBag from /home/airflow/.local/lib/python3.7/site-packages/airflow/example_dags/example_latest_only.py
[2023-12-03 17:34:22,700] {processor.py:654} INFO - DAG(s) dict_keys(['latest_only']) retrieved from /home/airflow/.local/lib/python3.7/site-packages/airflow/example_dags/example_latest_only.py
[2023-12-03 17:34:22,737] {logging_mixin.py:109} INFO - [2023-12-03 17:34:22,737] {dag.py:2398} INFO - Sync 1 DAGs
[2023-12-03 17:34:22,801] {logging_mixin.py:109} INFO - [2023-12-03 17:34:22,801] {dag.py:2937} INFO - Setting next_dagrun for latest_only to 2023-12-03T13:34:22.800914+00:00
[2023-12-03 17:34:22,925] {processor.py:171} INFO - Processing /home/airflow/.local/lib/python3.7/site-packages/airflow/example_dags/example_latest_only.py took 0.336 seconds
[2023-12-03 17:34:53,174] {processor.py:163} INFO - Started process (PID=154755) to work on /home/airflow/.local/lib/python3.7/site-packages/airflow/example_dags/example_latest_only.py
[2023-12-03 17:34:53,188] {processor.py:642} INFO - Processing file /home/airflow/.local/lib/python3.7/site-packages/airflow/example_dags/example_latest_only.py for tasks to queue
[2023-12-03 17:34:53,189] {logging_mixin.py:109} INFO - [2023-12-03 17:34:53,189] {dagbag.py:500} INFO - Filling up the DagBag from /home/airflow/.local/lib/python3.7/site-packages/airflow/example_dags/example_latest_only.py
[2023-12-03 17:34:53,330] {processor.py:654} INFO - DAG(s) dict_keys(['latest_only']) retrieved from /home/airflow/.local/lib/python3.7/site-packages/airflow/example_dags/example_latest_only.py
[2023-12-03 17:34:53,395] {logging_mixin.py:109} INFO - [2023-12-03 17:34:53,395] {dag.py:2398} INFO - Sync 1 DAGs
[2023-12-03 17:34:53,495] {logging_mixin.py:109} INFO - [2023-12-03 17:34:53,494] {dag.py:2937} INFO - Setting next_dagrun for latest_only to 2023-12-03T13:34:53.494098+00:00
[2023-12-03 17:34:53,559] {processor.py:171} INFO - Processing /home/airflow/.local/lib/python3.7/site-packages/airflow/example_dags/example_latest_only.py took 0.403 seconds
[2023-12-03 17:35:23,853] {processor.py:163} INFO - Started process (PID=154933) to work on /home/airflow/.local/lib/python3.7/site-packages/airflow/example_dags/example_latest_only.py
[2023-12-03 17:35:23,873] {processor.py:642} INFO - Processing file /home/airflow/.local/lib/python3.7/site-packages/airflow/example_dags/example_latest_only.py for tasks to queue
[2023-12-03 17:35:23,874] {logging_mixin.py:109} INFO - [2023-12-03 17:35:23,874] {dagbag.py:500} INFO - Filling up the DagBag from /home/airflow/.local/lib/python3.7/site-packages/airflow/example_dags/example_latest_only.py
[2023-12-03 17:35:24,008] {processor.py:654} INFO - DAG(s) dict_keys(['latest_only']) retrieved from /home/airflow/.local/lib/python3.7/site-packages/airflow/example_dags/example_latest_only.py
[2023-12-03 17:35:24,078] {logging_mixin.py:109} INFO - [2023-12-03 17:35:24,078] {dag.py:2398} INFO - Sync 1 DAGs
[2023-12-03 17:35:24,218] {logging_mixin.py:109} INFO - [2023-12-03 17:35:24,218] {dag.py:2937} INFO - Setting next_dagrun for latest_only to 2023-12-03T13:35:24.217322+00:00
[2023-12-03 17:35:24,270] {processor.py:171} INFO - Processing /home/airflow/.local/lib/python3.7/site-packages/airflow/example_dags/example_latest_only.py took 0.446 seconds
[2023-12-03 17:35:54,433] {processor.py:163} INFO - Started process (PID=155121) to work on /home/airflow/.local/lib/python3.7/site-packages/airflow/example_dags/example_latest_only.py
[2023-12-03 17:35:54,452] {processor.py:642} INFO - Processing file /home/airflow/.local/lib/python3.7/site-packages/airflow/example_dags/example_latest_only.py for tasks to queue
[2023-12-03 17:35:54,453] {logging_mixin.py:109} INFO - [2023-12-03 17:35:54,453] {dagbag.py:500} INFO - Filling up the DagBag from /home/airflow/.local/lib/python3.7/site-packages/airflow/example_dags/example_latest_only.py
[2023-12-03 17:35:54,570] {processor.py:654} INFO - DAG(s) dict_keys(['latest_only']) retrieved from /home/airflow/.local/lib/python3.7/site-packages/airflow/example_dags/example_latest_only.py
[2023-12-03 17:35:54,635] {logging_mixin.py:109} INFO - [2023-12-03 17:35:54,634] {dag.py:2398} INFO - Sync 1 DAGs
[2023-12-03 17:35:54,737] {logging_mixin.py:109} INFO - [2023-12-03 17:35:54,737] {dag.py:2937} INFO - Setting next_dagrun for latest_only to 2023-12-03T13:35:54.736332+00:00
[2023-12-03 17:35:54,804] {processor.py:171} INFO - Processing /home/airflow/.local/lib/python3.7/site-packages/airflow/example_dags/example_latest_only.py took 0.378 seconds
[2023-12-03 17:36:25,226] {processor.py:163} INFO - Started process (PID=155301) to work on /home/airflow/.local/lib/python3.7/site-packages/airflow/example_dags/example_latest_only.py
[2023-12-03 17:36:25,231] {processor.py:642} INFO - Processing file /home/airflow/.local/lib/python3.7/site-packages/airflow/example_dags/example_latest_only.py for tasks to queue
[2023-12-03 17:36:25,233] {logging_mixin.py:109} INFO - [2023-12-03 17:36:25,233] {dagbag.py:500} INFO - Filling up the DagBag from /home/airflow/.local/lib/python3.7/site-packages/airflow/example_dags/example_latest_only.py
[2023-12-03 17:36:25,291] {processor.py:654} INFO - DAG(s) dict_keys(['latest_only']) retrieved from /home/airflow/.local/lib/python3.7/site-packages/airflow/example_dags/example_latest_only.py
[2023-12-03 17:36:25,315] {logging_mixin.py:109} INFO - [2023-12-03 17:36:25,315] {dag.py:2398} INFO - Sync 1 DAGs
[2023-12-03 17:36:25,384] {logging_mixin.py:109} INFO - [2023-12-03 17:36:25,383] {dag.py:2937} INFO - Setting next_dagrun for latest_only to 2023-12-03T13:36:25.383304+00:00
[2023-12-03 17:36:25,424] {processor.py:171} INFO - Processing /home/airflow/.local/lib/python3.7/site-packages/airflow/example_dags/example_latest_only.py took 0.206 seconds
[2023-12-03 17:36:56,313] {processor.py:163} INFO - Started process (PID=155489) to work on /home/airflow/.local/lib/python3.7/site-packages/airflow/example_dags/example_latest_only.py
[2023-12-03 17:36:56,315] {processor.py:642} INFO - Processing file /home/airflow/.local/lib/python3.7/site-packages/airflow/example_dags/example_latest_only.py for tasks to queue
[2023-12-03 17:36:56,315] {logging_mixin.py:109} INFO - [2023-12-03 17:36:56,315] {dagbag.py:500} INFO - Filling up the DagBag from /home/airflow/.local/lib/python3.7/site-packages/airflow/example_dags/example_latest_only.py
[2023-12-03 17:36:56,369] {processor.py:654} INFO - DAG(s) dict_keys(['latest_only']) retrieved from /home/airflow/.local/lib/python3.7/site-packages/airflow/example_dags/example_latest_only.py
[2023-12-03 17:36:56,395] {logging_mixin.py:109} INFO - [2023-12-03 17:36:56,395] {dag.py:2398} INFO - Sync 1 DAGs
[2023-12-03 17:36:56,424] {logging_mixin.py:109} INFO - [2023-12-03 17:36:56,424] {dag.py:2937} INFO - Setting next_dagrun for latest_only to 2023-12-03T13:36:56.424025+00:00
[2023-12-03 17:36:56,440] {processor.py:171} INFO - Processing /home/airflow/.local/lib/python3.7/site-packages/airflow/example_dags/example_latest_only.py took 0.132 seconds
[2023-12-03 17:37:26,640] {processor.py:163} INFO - Started process (PID=155676) to work on /home/airflow/.local/lib/python3.7/site-packages/airflow/example_dags/example_latest_only.py
[2023-12-03 17:37:26,647] {processor.py:642} INFO - Processing file /home/airflow/.local/lib/python3.7/site-packages/airflow/example_dags/example_latest_only.py for tasks to queue
[2023-12-03 17:37:26,648] {logging_mixin.py:109} INFO - [2023-12-03 17:37:26,648] {dagbag.py:500} INFO - Filling up the DagBag from /home/airflow/.local/lib/python3.7/site-packages/airflow/example_dags/example_latest_only.py
[2023-12-03 17:37:26,683] {processor.py:654} INFO - DAG(s) dict_keys(['latest_only']) retrieved from /home/airflow/.local/lib/python3.7/site-packages/airflow/example_dags/example_latest_only.py
[2023-12-03 17:37:26,699] {logging_mixin.py:109} INFO - [2023-12-03 17:37:26,699] {dag.py:2398} INFO - Sync 1 DAGs
[2023-12-03 17:37:26,727] {logging_mixin.py:109} INFO - [2023-12-03 17:37:26,727] {dag.py:2937} INFO - Setting next_dagrun for latest_only to 2023-12-03T13:37:26.726933+00:00
[2023-12-03 17:37:26,746] {processor.py:171} INFO - Processing /home/airflow/.local/lib/python3.7/site-packages/airflow/example_dags/example_latest_only.py took 0.112 seconds
[2023-12-03 17:37:57,014] {processor.py:163} INFO - Started process (PID=155864) to work on /home/airflow/.local/lib/python3.7/site-packages/airflow/example_dags/example_latest_only.py
[2023-12-03 17:37:57,016] {processor.py:642} INFO - Processing file /home/airflow/.local/lib/python3.7/site-packages/airflow/example_dags/example_latest_only.py for tasks to queue
[2023-12-03 17:37:57,017] {logging_mixin.py:109} INFO - [2023-12-03 17:37:57,017] {dagbag.py:500} INFO - Filling up the DagBag from /home/airflow/.local/lib/python3.7/site-packages/airflow/example_dags/example_latest_only.py
[2023-12-03 17:37:57,048] {processor.py:654} INFO - DAG(s) dict_keys(['latest_only']) retrieved from /home/airflow/.local/lib/python3.7/site-packages/airflow/example_dags/example_latest_only.py
[2023-12-03 17:37:57,062] {logging_mixin.py:109} INFO - [2023-12-03 17:37:57,062] {dag.py:2398} INFO - Sync 1 DAGs
[2023-12-03 17:37:57,085] {logging_mixin.py:109} INFO - [2023-12-03 17:37:57,084] {dag.py:2937} INFO - Setting next_dagrun for latest_only to 2023-12-03T13:37:57.084465+00:00
[2023-12-03 17:37:57,100] {processor.py:171} INFO - Processing /home/airflow/.local/lib/python3.7/site-packages/airflow/example_dags/example_latest_only.py took 0.091 seconds
[2023-12-03 17:38:27,755] {processor.py:163} INFO - Started process (PID=156059) to work on /home/airflow/.local/lib/python3.7/site-packages/airflow/example_dags/example_latest_only.py
[2023-12-03 17:38:27,774] {processor.py:642} INFO - Processing file /home/airflow/.local/lib/python3.7/site-packages/airflow/example_dags/example_latest_only.py for tasks to queue
[2023-12-03 17:38:27,775] {logging_mixin.py:109} INFO - [2023-12-03 17:38:27,775] {dagbag.py:500} INFO - Filling up the DagBag from /home/airflow/.local/lib/python3.7/site-packages/airflow/example_dags/example_latest_only.py
[2023-12-03 17:38:27,815] {processor.py:654} INFO - DAG(s) dict_keys(['latest_only']) retrieved from /home/airflow/.local/lib/python3.7/site-packages/airflow/example_dags/example_latest_only.py
[2023-12-03 17:38:27,832] {logging_mixin.py:109} INFO - [2023-12-03 17:38:27,832] {dag.py:2398} INFO - Sync 1 DAGs
[2023-12-03 17:38:27,858] {logging_mixin.py:109} INFO - [2023-12-03 17:38:27,858] {dag.py:2937} INFO - Setting next_dagrun for latest_only to 2023-12-03T13:38:27.857955+00:00
[2023-12-03 17:38:27,875] {processor.py:171} INFO - Processing /home/airflow/.local/lib/python3.7/site-packages/airflow/example_dags/example_latest_only.py took 0.126 seconds
[2023-12-03 17:38:58,221] {processor.py:163} INFO - Started process (PID=156249) to work on /home/airflow/.local/lib/python3.7/site-packages/airflow/example_dags/example_latest_only.py
[2023-12-03 17:38:58,223] {processor.py:642} INFO - Processing file /home/airflow/.local/lib/python3.7/site-packages/airflow/example_dags/example_latest_only.py for tasks to queue
[2023-12-03 17:38:58,224] {logging_mixin.py:109} INFO - [2023-12-03 17:38:58,224] {dagbag.py:500} INFO - Filling up the DagBag from /home/airflow/.local/lib/python3.7/site-packages/airflow/example_dags/example_latest_only.py
[2023-12-03 17:38:58,255] {processor.py:654} INFO - DAG(s) dict_keys(['latest_only']) retrieved from /home/airflow/.local/lib/python3.7/site-packages/airflow/example_dags/example_latest_only.py
[2023-12-03 17:38:58,268] {logging_mixin.py:109} INFO - [2023-12-03 17:38:58,268] {dag.py:2398} INFO - Sync 1 DAGs
[2023-12-03 17:38:58,292] {logging_mixin.py:109} INFO - [2023-12-03 17:38:58,292] {dag.py:2937} INFO - Setting next_dagrun for latest_only to 2023-12-03T13:38:58.292060+00:00
[2023-12-03 17:38:58,308] {processor.py:171} INFO - Processing /home/airflow/.local/lib/python3.7/site-packages/airflow/example_dags/example_latest_only.py took 0.091 seconds
[2023-12-03 17:39:29,206] {processor.py:163} INFO - Started process (PID=156437) to work on /home/airflow/.local/lib/python3.7/site-packages/airflow/example_dags/example_latest_only.py
[2023-12-03 17:39:29,212] {processor.py:642} INFO - Processing file /home/airflow/.local/lib/python3.7/site-packages/airflow/example_dags/example_latest_only.py for tasks to queue
[2023-12-03 17:39:29,213] {logging_mixin.py:109} INFO - [2023-12-03 17:39:29,213] {dagbag.py:500} INFO - Filling up the DagBag from /home/airflow/.local/lib/python3.7/site-packages/airflow/example_dags/example_latest_only.py
[2023-12-03 17:39:29,249] {processor.py:654} INFO - DAG(s) dict_keys(['latest_only']) retrieved from /home/airflow/.local/lib/python3.7/site-packages/airflow/example_dags/example_latest_only.py
[2023-12-03 17:39:29,264] {logging_mixin.py:109} INFO - [2023-12-03 17:39:29,263] {dag.py:2398} INFO - Sync 1 DAGs
[2023-12-03 17:39:29,290] {logging_mixin.py:109} INFO - [2023-12-03 17:39:29,290] {dag.py:2937} INFO - Setting next_dagrun for latest_only to 2023-12-03T13:39:29.289796+00:00
[2023-12-03 17:39:29,305] {processor.py:171} INFO - Processing /home/airflow/.local/lib/python3.7/site-packages/airflow/example_dags/example_latest_only.py took 0.104 seconds
[2023-12-03 17:39:59,786] {processor.py:163} INFO - Started process (PID=156625) to work on /home/airflow/.local/lib/python3.7/site-packages/airflow/example_dags/example_latest_only.py
[2023-12-03 17:39:59,790] {processor.py:642} INFO - Processing file /home/airflow/.local/lib/python3.7/site-packages/airflow/example_dags/example_latest_only.py for tasks to queue
[2023-12-03 17:39:59,791] {logging_mixin.py:109} INFO - [2023-12-03 17:39:59,791] {dagbag.py:500} INFO - Filling up the DagBag from /home/airflow/.local/lib/python3.7/site-packages/airflow/example_dags/example_latest_only.py
[2023-12-03 17:39:59,829] {processor.py:654} INFO - DAG(s) dict_keys(['latest_only']) retrieved from /home/airflow/.local/lib/python3.7/site-packages/airflow/example_dags/example_latest_only.py
[2023-12-03 17:39:59,846] {logging_mixin.py:109} INFO - [2023-12-03 17:39:59,846] {dag.py:2398} INFO - Sync 1 DAGs
[2023-12-03 17:39:59,874] {logging_mixin.py:109} INFO - [2023-12-03 17:39:59,874] {dag.py:2937} INFO - Setting next_dagrun for latest_only to 2023-12-03T13:39:59.874170+00:00
[2023-12-03 17:39:59,890] {processor.py:171} INFO - Processing /home/airflow/.local/lib/python3.7/site-packages/airflow/example_dags/example_latest_only.py took 0.111 seconds
[2023-12-03 17:40:30,418] {processor.py:163} INFO - Started process (PID=156813) to work on /home/airflow/.local/lib/python3.7/site-packages/airflow/example_dags/example_latest_only.py
[2023-12-03 17:40:30,420] {processor.py:642} INFO - Processing file /home/airflow/.local/lib/python3.7/site-packages/airflow/example_dags/example_latest_only.py for tasks to queue
[2023-12-03 17:40:30,421] {logging_mixin.py:109} INFO - [2023-12-03 17:40:30,421] {dagbag.py:500} INFO - Filling up the DagBag from /home/airflow/.local/lib/python3.7/site-packages/airflow/example_dags/example_latest_only.py
[2023-12-03 17:40:30,457] {processor.py:654} INFO - DAG(s) dict_keys(['latest_only']) retrieved from /home/airflow/.local/lib/python3.7/site-packages/airflow/example_dags/example_latest_only.py
[2023-12-03 17:40:30,475] {logging_mixin.py:109} INFO - [2023-12-03 17:40:30,475] {dag.py:2398} INFO - Sync 1 DAGs
[2023-12-03 17:40:30,502] {logging_mixin.py:109} INFO - [2023-12-03 17:40:30,502] {dag.py:2937} INFO - Setting next_dagrun for latest_only to 2023-12-03T13:40:30.501459+00:00
[2023-12-03 17:40:30,517] {processor.py:171} INFO - Processing /home/airflow/.local/lib/python3.7/site-packages/airflow/example_dags/example_latest_only.py took 0.105 seconds
[2023-12-03 17:41:00,966] {processor.py:163} INFO - Started process (PID=157009) to work on /home/airflow/.local/lib/python3.7/site-packages/airflow/example_dags/example_latest_only.py
[2023-12-03 17:41:00,968] {processor.py:642} INFO - Processing file /home/airflow/.local/lib/python3.7/site-packages/airflow/example_dags/example_latest_only.py for tasks to queue
[2023-12-03 17:41:00,969] {logging_mixin.py:109} INFO - [2023-12-03 17:41:00,969] {dagbag.py:500} INFO - Filling up the DagBag from /home/airflow/.local/lib/python3.7/site-packages/airflow/example_dags/example_latest_only.py
[2023-12-03 17:41:01,010] {processor.py:654} INFO - DAG(s) dict_keys(['latest_only']) retrieved from /home/airflow/.local/lib/python3.7/site-packages/airflow/example_dags/example_latest_only.py
[2023-12-03 17:41:01,025] {logging_mixin.py:109} INFO - [2023-12-03 17:41:01,025] {dag.py:2398} INFO - Sync 1 DAGs
[2023-12-03 17:41:01,052] {logging_mixin.py:109} INFO - [2023-12-03 17:41:01,052] {dag.py:2937} INFO - Setting next_dagrun for latest_only to 2023-12-03T13:41:01.051393+00:00
[2023-12-03 17:41:01,070] {processor.py:171} INFO - Processing /home/airflow/.local/lib/python3.7/site-packages/airflow/example_dags/example_latest_only.py took 0.109 seconds
[2023-12-03 17:41:31,112] {processor.py:163} INFO - Started process (PID=157189) to work on /home/airflow/.local/lib/python3.7/site-packages/airflow/example_dags/example_latest_only.py
[2023-12-03 17:41:31,115] {processor.py:642} INFO - Processing file /home/airflow/.local/lib/python3.7/site-packages/airflow/example_dags/example_latest_only.py for tasks to queue
[2023-12-03 17:41:31,116] {logging_mixin.py:109} INFO - [2023-12-03 17:41:31,116] {dagbag.py:500} INFO - Filling up the DagBag from /home/airflow/.local/lib/python3.7/site-packages/airflow/example_dags/example_latest_only.py
[2023-12-03 17:41:31,154] {processor.py:654} INFO - DAG(s) dict_keys(['latest_only']) retrieved from /home/airflow/.local/lib/python3.7/site-packages/airflow/example_dags/example_latest_only.py
[2023-12-03 17:41:31,172] {logging_mixin.py:109} INFO - [2023-12-03 17:41:31,172] {dag.py:2398} INFO - Sync 1 DAGs
[2023-12-03 17:41:31,202] {logging_mixin.py:109} INFO - [2023-12-03 17:41:31,201] {dag.py:2937} INFO - Setting next_dagrun for latest_only to 2023-12-03T13:41:31.201375+00:00
[2023-12-03 17:41:31,221] {processor.py:171} INFO - Processing /home/airflow/.local/lib/python3.7/site-packages/airflow/example_dags/example_latest_only.py took 0.115 seconds
[2023-12-03 17:42:01,422] {processor.py:163} INFO - Started process (PID=157380) to work on /home/airflow/.local/lib/python3.7/site-packages/airflow/example_dags/example_latest_only.py
[2023-12-03 17:42:01,424] {processor.py:642} INFO - Processing file /home/airflow/.local/lib/python3.7/site-packages/airflow/example_dags/example_latest_only.py for tasks to queue
[2023-12-03 17:42:01,425] {logging_mixin.py:109} INFO - [2023-12-03 17:42:01,425] {dagbag.py:500} INFO - Filling up the DagBag from /home/airflow/.local/lib/python3.7/site-packages/airflow/example_dags/example_latest_only.py
[2023-12-03 17:42:01,462] {processor.py:654} INFO - DAG(s) dict_keys(['latest_only']) retrieved from /home/airflow/.local/lib/python3.7/site-packages/airflow/example_dags/example_latest_only.py
[2023-12-03 17:42:01,477] {logging_mixin.py:109} INFO - [2023-12-03 17:42:01,477] {dag.py:2398} INFO - Sync 1 DAGs
[2023-12-03 17:42:01,505] {logging_mixin.py:109} INFO - [2023-12-03 17:42:01,504] {dag.py:2937} INFO - Setting next_dagrun for latest_only to 2023-12-03T13:42:01.504329+00:00
[2023-12-03 17:42:01,519] {processor.py:171} INFO - Processing /home/airflow/.local/lib/python3.7/site-packages/airflow/example_dags/example_latest_only.py took 0.105 seconds
[2023-12-03 17:42:32,194] {processor.py:163} INFO - Started process (PID=157568) to work on /home/airflow/.local/lib/python3.7/site-packages/airflow/example_dags/example_latest_only.py
[2023-12-03 17:42:32,196] {processor.py:642} INFO - Processing file /home/airflow/.local/lib/python3.7/site-packages/airflow/example_dags/example_latest_only.py for tasks to queue
[2023-12-03 17:42:32,197] {logging_mixin.py:109} INFO - [2023-12-03 17:42:32,197] {dagbag.py:500} INFO - Filling up the DagBag from /home/airflow/.local/lib/python3.7/site-packages/airflow/example_dags/example_latest_only.py
[2023-12-03 17:42:32,233] {processor.py:654} INFO - DAG(s) dict_keys(['latest_only']) retrieved from /home/airflow/.local/lib/python3.7/site-packages/airflow/example_dags/example_latest_only.py
[2023-12-03 17:42:32,249] {logging_mixin.py:109} INFO - [2023-12-03 17:42:32,249] {dag.py:2398} INFO - Sync 1 DAGs
[2023-12-03 17:42:32,277] {logging_mixin.py:109} INFO - [2023-12-03 17:42:32,277] {dag.py:2937} INFO - Setting next_dagrun for latest_only to 2023-12-03T13:42:32.276866+00:00
[2023-12-03 17:42:32,294] {processor.py:171} INFO - Processing /home/airflow/.local/lib/python3.7/site-packages/airflow/example_dags/example_latest_only.py took 0.106 seconds
[2023-12-03 17:43:02,744] {processor.py:163} INFO - Started process (PID=157756) to work on /home/airflow/.local/lib/python3.7/site-packages/airflow/example_dags/example_latest_only.py
[2023-12-03 17:43:02,746] {processor.py:642} INFO - Processing file /home/airflow/.local/lib/python3.7/site-packages/airflow/example_dags/example_latest_only.py for tasks to queue
[2023-12-03 17:43:02,747] {logging_mixin.py:109} INFO - [2023-12-03 17:43:02,747] {dagbag.py:500} INFO - Filling up the DagBag from /home/airflow/.local/lib/python3.7/site-packages/airflow/example_dags/example_latest_only.py
[2023-12-03 17:43:02,782] {processor.py:654} INFO - DAG(s) dict_keys(['latest_only']) retrieved from /home/airflow/.local/lib/python3.7/site-packages/airflow/example_dags/example_latest_only.py
[2023-12-03 17:43:02,796] {logging_mixin.py:109} INFO - [2023-12-03 17:43:02,795] {dag.py:2398} INFO - Sync 1 DAGs
[2023-12-03 17:43:02,814] {logging_mixin.py:109} INFO - [2023-12-03 17:43:02,813] {dag.py:2937} INFO - Setting next_dagrun for latest_only to 2023-12-03T13:43:02.813402+00:00
[2023-12-03 17:43:02,833] {processor.py:171} INFO - Processing /home/airflow/.local/lib/python3.7/site-packages/airflow/example_dags/example_latest_only.py took 0.095 seconds
[2023-12-03 17:43:32,924] {processor.py:163} INFO - Started process (PID=157950) to work on /home/airflow/.local/lib/python3.7/site-packages/airflow/example_dags/example_latest_only.py
[2023-12-03 17:43:32,927] {processor.py:642} INFO - Processing file /home/airflow/.local/lib/python3.7/site-packages/airflow/example_dags/example_latest_only.py for tasks to queue
[2023-12-03 17:43:32,927] {logging_mixin.py:109} INFO - [2023-12-03 17:43:32,927] {dagbag.py:500} INFO - Filling up the DagBag from /home/airflow/.local/lib/python3.7/site-packages/airflow/example_dags/example_latest_only.py
[2023-12-03 17:43:32,958] {processor.py:654} INFO - DAG(s) dict_keys(['latest_only']) retrieved from /home/airflow/.local/lib/python3.7/site-packages/airflow/example_dags/example_latest_only.py
[2023-12-03 17:43:32,977] {logging_mixin.py:109} INFO - [2023-12-03 17:43:32,976] {dag.py:2398} INFO - Sync 1 DAGs
[2023-12-03 17:43:33,009] {logging_mixin.py:109} INFO - [2023-12-03 17:43:33,008] {dag.py:2937} INFO - Setting next_dagrun for latest_only to 2023-12-03T13:43:33.008365+00:00
[2023-12-03 17:43:33,025] {processor.py:171} INFO - Processing /home/airflow/.local/lib/python3.7/site-packages/airflow/example_dags/example_latest_only.py took 0.105 seconds
[2023-12-03 17:46:48,166] {processor.py:163} INFO - Started process (PID=158059) to work on /home/airflow/.local/lib/python3.7/site-packages/airflow/example_dags/example_latest_only.py
[2023-12-03 17:46:48,180] {processor.py:642} INFO - Processing file /home/airflow/.local/lib/python3.7/site-packages/airflow/example_dags/example_latest_only.py for tasks to queue
[2023-12-03 17:46:48,181] {logging_mixin.py:109} INFO - [2023-12-03 17:46:48,181] {dagbag.py:500} INFO - Filling up the DagBag from /home/airflow/.local/lib/python3.7/site-packages/airflow/example_dags/example_latest_only.py
[2023-12-03 17:46:48,322] {processor.py:654} INFO - DAG(s) dict_keys(['latest_only']) retrieved from /home/airflow/.local/lib/python3.7/site-packages/airflow/example_dags/example_latest_only.py
[2023-12-03 17:46:48,353] {logging_mixin.py:109} INFO - [2023-12-03 17:46:48,353] {dag.py:2398} INFO - Sync 1 DAGs
[2023-12-03 17:46:48,414] {logging_mixin.py:109} INFO - [2023-12-03 17:46:48,414] {dag.py:2937} INFO - Setting next_dagrun for latest_only to 2023-12-03T13:46:48.413399+00:00
[2023-12-03 17:46:48,448] {processor.py:171} INFO - Processing /home/airflow/.local/lib/python3.7/site-packages/airflow/example_dags/example_latest_only.py took 0.301 seconds
[2023-12-03 17:47:19,289] {processor.py:163} INFO - Started process (PID=158238) to work on /home/airflow/.local/lib/python3.7/site-packages/airflow/example_dags/example_latest_only.py
[2023-12-03 17:47:19,293] {processor.py:642} INFO - Processing file /home/airflow/.local/lib/python3.7/site-packages/airflow/example_dags/example_latest_only.py for tasks to queue
[2023-12-03 17:47:19,294] {logging_mixin.py:109} INFO - [2023-12-03 17:47:19,294] {dagbag.py:500} INFO - Filling up the DagBag from /home/airflow/.local/lib/python3.7/site-packages/airflow/example_dags/example_latest_only.py
[2023-12-03 17:47:19,340] {processor.py:654} INFO - DAG(s) dict_keys(['latest_only']) retrieved from /home/airflow/.local/lib/python3.7/site-packages/airflow/example_dags/example_latest_only.py
[2023-12-03 17:47:19,371] {logging_mixin.py:109} INFO - [2023-12-03 17:47:19,371] {dag.py:2398} INFO - Sync 1 DAGs
[2023-12-03 17:47:19,412] {logging_mixin.py:109} INFO - [2023-12-03 17:47:19,412] {dag.py:2937} INFO - Setting next_dagrun for latest_only to 2023-12-03T13:47:19.411450+00:00
[2023-12-03 17:47:19,435] {processor.py:171} INFO - Processing /home/airflow/.local/lib/python3.7/site-packages/airflow/example_dags/example_latest_only.py took 0.153 seconds
[2023-12-03 17:47:49,853] {processor.py:163} INFO - Started process (PID=158426) to work on /home/airflow/.local/lib/python3.7/site-packages/airflow/example_dags/example_latest_only.py
[2023-12-03 17:47:49,857] {processor.py:642} INFO - Processing file /home/airflow/.local/lib/python3.7/site-packages/airflow/example_dags/example_latest_only.py for tasks to queue
[2023-12-03 17:47:49,859] {logging_mixin.py:109} INFO - [2023-12-03 17:47:49,858] {dagbag.py:500} INFO - Filling up the DagBag from /home/airflow/.local/lib/python3.7/site-packages/airflow/example_dags/example_latest_only.py
[2023-12-03 17:47:49,925] {processor.py:654} INFO - DAG(s) dict_keys(['latest_only']) retrieved from /home/airflow/.local/lib/python3.7/site-packages/airflow/example_dags/example_latest_only.py
[2023-12-03 17:47:49,961] {logging_mixin.py:109} INFO - [2023-12-03 17:47:49,960] {dag.py:2398} INFO - Sync 1 DAGs
[2023-12-03 17:47:50,014] {logging_mixin.py:109} INFO - [2023-12-03 17:47:50,014] {dag.py:2937} INFO - Setting next_dagrun for latest_only to 2023-12-03T13:47:50.013539+00:00
[2023-12-03 17:47:50,054] {processor.py:171} INFO - Processing /home/airflow/.local/lib/python3.7/site-packages/airflow/example_dags/example_latest_only.py took 0.217 seconds
[2023-12-03 17:48:20,517] {processor.py:163} INFO - Started process (PID=158621) to work on /home/airflow/.local/lib/python3.7/site-packages/airflow/example_dags/example_latest_only.py
[2023-12-03 17:48:20,522] {processor.py:642} INFO - Processing file /home/airflow/.local/lib/python3.7/site-packages/airflow/example_dags/example_latest_only.py for tasks to queue
[2023-12-03 17:48:20,523] {logging_mixin.py:109} INFO - [2023-12-03 17:48:20,523] {dagbag.py:500} INFO - Filling up the DagBag from /home/airflow/.local/lib/python3.7/site-packages/airflow/example_dags/example_latest_only.py
[2023-12-03 17:48:20,569] {processor.py:654} INFO - DAG(s) dict_keys(['latest_only']) retrieved from /home/airflow/.local/lib/python3.7/site-packages/airflow/example_dags/example_latest_only.py
[2023-12-03 17:48:20,594] {logging_mixin.py:109} INFO - [2023-12-03 17:48:20,593] {dag.py:2398} INFO - Sync 1 DAGs
[2023-12-03 17:48:20,636] {logging_mixin.py:109} INFO - [2023-12-03 17:48:20,636] {dag.py:2937} INFO - Setting next_dagrun for latest_only to 2023-12-03T13:48:20.635329+00:00
[2023-12-03 17:48:20,670] {processor.py:171} INFO - Processing /home/airflow/.local/lib/python3.7/site-packages/airflow/example_dags/example_latest_only.py took 0.161 seconds
[2023-12-03 17:48:50,772] {processor.py:163} INFO - Started process (PID=158806) to work on /home/airflow/.local/lib/python3.7/site-packages/airflow/example_dags/example_latest_only.py
[2023-12-03 17:48:50,775] {processor.py:642} INFO - Processing file /home/airflow/.local/lib/python3.7/site-packages/airflow/example_dags/example_latest_only.py for tasks to queue
[2023-12-03 17:48:50,776] {logging_mixin.py:109} INFO - [2023-12-03 17:48:50,776] {dagbag.py:500} INFO - Filling up the DagBag from /home/airflow/.local/lib/python3.7/site-packages/airflow/example_dags/example_latest_only.py
[2023-12-03 17:48:50,812] {processor.py:654} INFO - DAG(s) dict_keys(['latest_only']) retrieved from /home/airflow/.local/lib/python3.7/site-packages/airflow/example_dags/example_latest_only.py
[2023-12-03 17:48:50,828] {logging_mixin.py:109} INFO - [2023-12-03 17:48:50,828] {dag.py:2398} INFO - Sync 1 DAGs
[2023-12-03 17:48:50,859] {logging_mixin.py:109} INFO - [2023-12-03 17:48:50,859] {dag.py:2937} INFO - Setting next_dagrun for latest_only to 2023-12-03T13:48:50.858486+00:00
[2023-12-03 17:48:50,878] {processor.py:171} INFO - Processing /home/airflow/.local/lib/python3.7/site-packages/airflow/example_dags/example_latest_only.py took 0.113 seconds
[2023-12-03 17:49:21,012] {processor.py:163} INFO - Started process (PID=158994) to work on /home/airflow/.local/lib/python3.7/site-packages/airflow/example_dags/example_latest_only.py
[2023-12-03 17:49:21,014] {processor.py:642} INFO - Processing file /home/airflow/.local/lib/python3.7/site-packages/airflow/example_dags/example_latest_only.py for tasks to queue
[2023-12-03 17:49:21,015] {logging_mixin.py:109} INFO - [2023-12-03 17:49:21,015] {dagbag.py:500} INFO - Filling up the DagBag from /home/airflow/.local/lib/python3.7/site-packages/airflow/example_dags/example_latest_only.py
[2023-12-03 17:49:21,051] {processor.py:654} INFO - DAG(s) dict_keys(['latest_only']) retrieved from /home/airflow/.local/lib/python3.7/site-packages/airflow/example_dags/example_latest_only.py
[2023-12-03 17:49:21,067] {logging_mixin.py:109} INFO - [2023-12-03 17:49:21,067] {dag.py:2398} INFO - Sync 1 DAGs
[2023-12-03 17:49:21,091] {logging_mixin.py:109} INFO - [2023-12-03 17:49:21,091] {dag.py:2937} INFO - Setting next_dagrun for latest_only to 2023-12-03T13:49:21.091224+00:00
[2023-12-03 17:49:21,110] {processor.py:171} INFO - Processing /home/airflow/.local/lib/python3.7/site-packages/airflow/example_dags/example_latest_only.py took 0.103 seconds
[2023-12-03 17:49:51,245] {processor.py:163} INFO - Started process (PID=159182) to work on /home/airflow/.local/lib/python3.7/site-packages/airflow/example_dags/example_latest_only.py
[2023-12-03 17:49:51,247] {processor.py:642} INFO - Processing file /home/airflow/.local/lib/python3.7/site-packages/airflow/example_dags/example_latest_only.py for tasks to queue
[2023-12-03 17:49:51,248] {logging_mixin.py:109} INFO - [2023-12-03 17:49:51,248] {dagbag.py:500} INFO - Filling up the DagBag from /home/airflow/.local/lib/python3.7/site-packages/airflow/example_dags/example_latest_only.py
[2023-12-03 17:49:51,286] {processor.py:654} INFO - DAG(s) dict_keys(['latest_only']) retrieved from /home/airflow/.local/lib/python3.7/site-packages/airflow/example_dags/example_latest_only.py
[2023-12-03 17:49:51,307] {logging_mixin.py:109} INFO - [2023-12-03 17:49:51,307] {dag.py:2398} INFO - Sync 1 DAGs
[2023-12-03 17:49:51,333] {logging_mixin.py:109} INFO - [2023-12-03 17:49:51,332] {dag.py:2937} INFO - Setting next_dagrun for latest_only to 2023-12-03T13:49:51.332461+00:00
[2023-12-03 17:49:51,349] {processor.py:171} INFO - Processing /home/airflow/.local/lib/python3.7/site-packages/airflow/example_dags/example_latest_only.py took 0.108 seconds
[2023-12-03 17:50:21,702] {processor.py:163} INFO - Started process (PID=159370) to work on /home/airflow/.local/lib/python3.7/site-packages/airflow/example_dags/example_latest_only.py
[2023-12-03 17:50:21,705] {processor.py:642} INFO - Processing file /home/airflow/.local/lib/python3.7/site-packages/airflow/example_dags/example_latest_only.py for tasks to queue
[2023-12-03 17:50:21,706] {logging_mixin.py:109} INFO - [2023-12-03 17:50:21,706] {dagbag.py:500} INFO - Filling up the DagBag from /home/airflow/.local/lib/python3.7/site-packages/airflow/example_dags/example_latest_only.py
[2023-12-03 17:50:21,741] {processor.py:654} INFO - DAG(s) dict_keys(['latest_only']) retrieved from /home/airflow/.local/lib/python3.7/site-packages/airflow/example_dags/example_latest_only.py
[2023-12-03 17:50:21,758] {logging_mixin.py:109} INFO - [2023-12-03 17:50:21,758] {dag.py:2398} INFO - Sync 1 DAGs
[2023-12-03 17:50:21,784] {logging_mixin.py:109} INFO - [2023-12-03 17:50:21,784] {dag.py:2937} INFO - Setting next_dagrun for latest_only to 2023-12-03T13:50:21.784189+00:00
[2023-12-03 17:50:21,801] {processor.py:171} INFO - Processing /home/airflow/.local/lib/python3.7/site-packages/airflow/example_dags/example_latest_only.py took 0.105 seconds
[2023-12-03 17:50:52,364] {processor.py:163} INFO - Started process (PID=159558) to work on /home/airflow/.local/lib/python3.7/site-packages/airflow/example_dags/example_latest_only.py
[2023-12-03 17:50:52,367] {processor.py:642} INFO - Processing file /home/airflow/.local/lib/python3.7/site-packages/airflow/example_dags/example_latest_only.py for tasks to queue
[2023-12-03 17:50:52,368] {logging_mixin.py:109} INFO - [2023-12-03 17:50:52,368] {dagbag.py:500} INFO - Filling up the DagBag from /home/airflow/.local/lib/python3.7/site-packages/airflow/example_dags/example_latest_only.py
[2023-12-03 17:50:52,409] {processor.py:654} INFO - DAG(s) dict_keys(['latest_only']) retrieved from /home/airflow/.local/lib/python3.7/site-packages/airflow/example_dags/example_latest_only.py
[2023-12-03 17:50:52,426] {logging_mixin.py:109} INFO - [2023-12-03 17:50:52,425] {dag.py:2398} INFO - Sync 1 DAGs
[2023-12-03 17:50:52,448] {logging_mixin.py:109} INFO - [2023-12-03 17:50:52,448] {dag.py:2937} INFO - Setting next_dagrun for latest_only to 2023-12-03T13:50:52.448232+00:00
[2023-12-03 17:50:52,464] {processor.py:171} INFO - Processing /home/airflow/.local/lib/python3.7/site-packages/airflow/example_dags/example_latest_only.py took 0.105 seconds
[2023-12-03 22:16:53,876] {processor.py:163} INFO - Started process (PID=159804) to work on /home/airflow/.local/lib/python3.7/site-packages/airflow/example_dags/example_latest_only.py
[2023-12-03 22:16:53,892] {processor.py:642} INFO - Processing file /home/airflow/.local/lib/python3.7/site-packages/airflow/example_dags/example_latest_only.py for tasks to queue
[2023-12-03 22:16:53,893] {logging_mixin.py:109} INFO - [2023-12-03 22:16:53,893] {dagbag.py:500} INFO - Filling up the DagBag from /home/airflow/.local/lib/python3.7/site-packages/airflow/example_dags/example_latest_only.py
[2023-12-03 22:16:54,058] {processor.py:654} INFO - DAG(s) dict_keys(['latest_only']) retrieved from /home/airflow/.local/lib/python3.7/site-packages/airflow/example_dags/example_latest_only.py
[2023-12-03 22:16:54,170] {logging_mixin.py:109} INFO - [2023-12-03 22:16:54,169] {dag.py:2398} INFO - Sync 1 DAGs
[2023-12-03 22:16:54,366] {logging_mixin.py:109} INFO - [2023-12-03 22:16:54,366] {dag.py:2937} INFO - Setting next_dagrun for latest_only to 2023-12-03T18:16:54.354780+00:00
[2023-12-03 22:16:54,513] {processor.py:171} INFO - Processing /home/airflow/.local/lib/python3.7/site-packages/airflow/example_dags/example_latest_only.py took 0.668 seconds
