[2023-12-03 17:32:54,607] {processor.py:163} INFO - Started process (PID=154053) to work on /home/airflow/.local/lib/python3.7/site-packages/airflow/example_dags/example_python_operator.py
[2023-12-03 17:32:54,642] {processor.py:642} INFO - Processing file /home/airflow/.local/lib/python3.7/site-packages/airflow/example_dags/example_python_operator.py for tasks to queue
[2023-12-03 17:32:54,645] {logging_mixin.py:109} INFO - [2023-12-03 17:32:54,643] {dagbag.py:500} INFO - Filling up the DagBag from /home/airflow/.local/lib/python3.7/site-packages/airflow/example_dags/example_python_operator.py
[2023-12-03 17:32:54,921] {processor.py:654} INFO - DAG(s) dict_keys(['example_python_operator']) retrieved from /home/airflow/.local/lib/python3.7/site-packages/airflow/example_dags/example_python_operator.py
[2023-12-03 17:32:55,020] {logging_mixin.py:109} INFO - [2023-12-03 17:32:55,019] {dag.py:2398} INFO - Sync 1 DAGs
[2023-12-03 17:32:55,147] {logging_mixin.py:109} INFO - [2023-12-03 17:32:55,147] {dag.py:2937} INFO - Setting next_dagrun for example_python_operator to None
[2023-12-03 17:32:55,291] {processor.py:171} INFO - Processing /home/airflow/.local/lib/python3.7/site-packages/airflow/example_dags/example_python_operator.py took 0.708 seconds
[2023-12-03 17:33:27,872] {processor.py:163} INFO - Started process (PID=154237) to work on /home/airflow/.local/lib/python3.7/site-packages/airflow/example_dags/example_python_operator.py
[2023-12-03 17:33:27,880] {processor.py:642} INFO - Processing file /home/airflow/.local/lib/python3.7/site-packages/airflow/example_dags/example_python_operator.py for tasks to queue
[2023-12-03 17:33:27,881] {logging_mixin.py:109} INFO - [2023-12-03 17:33:27,881] {dagbag.py:500} INFO - Filling up the DagBag from /home/airflow/.local/lib/python3.7/site-packages/airflow/example_dags/example_python_operator.py
[2023-12-03 17:33:28,087] {processor.py:654} INFO - DAG(s) dict_keys(['example_python_operator']) retrieved from /home/airflow/.local/lib/python3.7/site-packages/airflow/example_dags/example_python_operator.py
[2023-12-03 17:33:28,139] {logging_mixin.py:109} INFO - [2023-12-03 17:33:28,139] {dag.py:2398} INFO - Sync 1 DAGs
[2023-12-03 17:33:28,229] {logging_mixin.py:109} INFO - [2023-12-03 17:33:28,229] {dag.py:2937} INFO - Setting next_dagrun for example_python_operator to None
[2023-12-03 17:33:28,271] {processor.py:171} INFO - Processing /home/airflow/.local/lib/python3.7/site-packages/airflow/example_dags/example_python_operator.py took 0.418 seconds
[2023-12-03 17:33:59,983] {processor.py:163} INFO - Started process (PID=154418) to work on /home/airflow/.local/lib/python3.7/site-packages/airflow/example_dags/example_python_operator.py
[2023-12-03 17:33:59,985] {processor.py:642} INFO - Processing file /home/airflow/.local/lib/python3.7/site-packages/airflow/example_dags/example_python_operator.py for tasks to queue
[2023-12-03 17:33:59,986] {logging_mixin.py:109} INFO - [2023-12-03 17:33:59,986] {dagbag.py:500} INFO - Filling up the DagBag from /home/airflow/.local/lib/python3.7/site-packages/airflow/example_dags/example_python_operator.py
[2023-12-03 17:34:00,166] {processor.py:654} INFO - DAG(s) dict_keys(['example_python_operator']) retrieved from /home/airflow/.local/lib/python3.7/site-packages/airflow/example_dags/example_python_operator.py
[2023-12-03 17:34:00,232] {logging_mixin.py:109} INFO - [2023-12-03 17:34:00,232] {dag.py:2398} INFO - Sync 1 DAGs
[2023-12-03 17:34:00,313] {logging_mixin.py:109} INFO - [2023-12-03 17:34:00,312] {dag.py:2937} INFO - Setting next_dagrun for example_python_operator to None
[2023-12-03 17:34:00,384] {processor.py:171} INFO - Processing /home/airflow/.local/lib/python3.7/site-packages/airflow/example_dags/example_python_operator.py took 0.416 seconds
[2023-12-03 17:34:32,937] {processor.py:163} INFO - Started process (PID=154608) to work on /home/airflow/.local/lib/python3.7/site-packages/airflow/example_dags/example_python_operator.py
[2023-12-03 17:34:32,951] {processor.py:642} INFO - Processing file /home/airflow/.local/lib/python3.7/site-packages/airflow/example_dags/example_python_operator.py for tasks to queue
[2023-12-03 17:34:32,953] {logging_mixin.py:109} INFO - [2023-12-03 17:34:32,953] {dagbag.py:500} INFO - Filling up the DagBag from /home/airflow/.local/lib/python3.7/site-packages/airflow/example_dags/example_python_operator.py
[2023-12-03 17:34:33,134] {processor.py:654} INFO - DAG(s) dict_keys(['example_python_operator']) retrieved from /home/airflow/.local/lib/python3.7/site-packages/airflow/example_dags/example_python_operator.py
[2023-12-03 17:34:33,204] {logging_mixin.py:109} INFO - [2023-12-03 17:34:33,203] {dag.py:2398} INFO - Sync 1 DAGs
[2023-12-03 17:34:33,311] {logging_mixin.py:109} INFO - [2023-12-03 17:34:33,311] {dag.py:2937} INFO - Setting next_dagrun for example_python_operator to None
[2023-12-03 17:34:33,372] {processor.py:171} INFO - Processing /home/airflow/.local/lib/python3.7/site-packages/airflow/example_dags/example_python_operator.py took 0.455 seconds
[2023-12-03 17:35:05,703] {processor.py:163} INFO - Started process (PID=154787) to work on /home/airflow/.local/lib/python3.7/site-packages/airflow/example_dags/example_python_operator.py
[2023-12-03 17:35:05,715] {processor.py:642} INFO - Processing file /home/airflow/.local/lib/python3.7/site-packages/airflow/example_dags/example_python_operator.py for tasks to queue
[2023-12-03 17:35:05,716] {logging_mixin.py:109} INFO - [2023-12-03 17:35:05,716] {dagbag.py:500} INFO - Filling up the DagBag from /home/airflow/.local/lib/python3.7/site-packages/airflow/example_dags/example_python_operator.py
[2023-12-03 17:35:05,837] {processor.py:654} INFO - DAG(s) dict_keys(['example_python_operator']) retrieved from /home/airflow/.local/lib/python3.7/site-packages/airflow/example_dags/example_python_operator.py
[2023-12-03 17:35:05,900] {logging_mixin.py:109} INFO - [2023-12-03 17:35:05,899] {dag.py:2398} INFO - Sync 1 DAGs
[2023-12-03 17:35:05,973] {logging_mixin.py:109} INFO - [2023-12-03 17:35:05,973] {dag.py:2937} INFO - Setting next_dagrun for example_python_operator to None
[2023-12-03 17:35:06,024] {processor.py:171} INFO - Processing /home/airflow/.local/lib/python3.7/site-packages/airflow/example_dags/example_python_operator.py took 0.338 seconds
[2023-12-03 17:35:38,329] {processor.py:163} INFO - Started process (PID=154975) to work on /home/airflow/.local/lib/python3.7/site-packages/airflow/example_dags/example_python_operator.py
[2023-12-03 17:35:38,341] {processor.py:642} INFO - Processing file /home/airflow/.local/lib/python3.7/site-packages/airflow/example_dags/example_python_operator.py for tasks to queue
[2023-12-03 17:35:38,343] {logging_mixin.py:109} INFO - [2023-12-03 17:35:38,342] {dagbag.py:500} INFO - Filling up the DagBag from /home/airflow/.local/lib/python3.7/site-packages/airflow/example_dags/example_python_operator.py
[2023-12-03 17:35:38,506] {processor.py:654} INFO - DAG(s) dict_keys(['example_python_operator']) retrieved from /home/airflow/.local/lib/python3.7/site-packages/airflow/example_dags/example_python_operator.py
[2023-12-03 17:35:38,595] {logging_mixin.py:109} INFO - [2023-12-03 17:35:38,585] {dag.py:2398} INFO - Sync 1 DAGs
[2023-12-03 17:35:38,707] {logging_mixin.py:109} INFO - [2023-12-03 17:35:38,697] {dag.py:2937} INFO - Setting next_dagrun for example_python_operator to None
[2023-12-03 17:35:38,758] {processor.py:171} INFO - Processing /home/airflow/.local/lib/python3.7/site-packages/airflow/example_dags/example_python_operator.py took 0.452 seconds
[2023-12-03 17:36:10,683] {processor.py:163} INFO - Started process (PID=155159) to work on /home/airflow/.local/lib/python3.7/site-packages/airflow/example_dags/example_python_operator.py
[2023-12-03 17:36:10,686] {processor.py:642} INFO - Processing file /home/airflow/.local/lib/python3.7/site-packages/airflow/example_dags/example_python_operator.py for tasks to queue
[2023-12-03 17:36:10,697] {logging_mixin.py:109} INFO - [2023-12-03 17:36:10,696] {dagbag.py:500} INFO - Filling up the DagBag from /home/airflow/.local/lib/python3.7/site-packages/airflow/example_dags/example_python_operator.py
[2023-12-03 17:36:10,847] {processor.py:654} INFO - DAG(s) dict_keys(['example_python_operator']) retrieved from /home/airflow/.local/lib/python3.7/site-packages/airflow/example_dags/example_python_operator.py
[2023-12-03 17:36:10,897] {logging_mixin.py:109} INFO - [2023-12-03 17:36:10,896] {dag.py:2398} INFO - Sync 1 DAGs
[2023-12-03 17:36:10,992] {logging_mixin.py:109} INFO - [2023-12-03 17:36:10,983] {dag.py:2937} INFO - Setting next_dagrun for example_python_operator to None
[2023-12-03 17:36:11,039] {processor.py:171} INFO - Processing /home/airflow/.local/lib/python3.7/site-packages/airflow/example_dags/example_python_operator.py took 0.374 seconds
[2023-12-03 17:36:41,926] {processor.py:163} INFO - Started process (PID=155340) to work on /home/airflow/.local/lib/python3.7/site-packages/airflow/example_dags/example_python_operator.py
[2023-12-03 17:36:41,930] {processor.py:642} INFO - Processing file /home/airflow/.local/lib/python3.7/site-packages/airflow/example_dags/example_python_operator.py for tasks to queue
[2023-12-03 17:36:41,941] {logging_mixin.py:109} INFO - [2023-12-03 17:36:41,940] {dagbag.py:500} INFO - Filling up the DagBag from /home/airflow/.local/lib/python3.7/site-packages/airflow/example_dags/example_python_operator.py
[2023-12-03 17:36:42,036] {processor.py:654} INFO - DAG(s) dict_keys(['example_python_operator']) retrieved from /home/airflow/.local/lib/python3.7/site-packages/airflow/example_dags/example_python_operator.py
[2023-12-03 17:36:42,087] {logging_mixin.py:109} INFO - [2023-12-03 17:36:42,084] {dag.py:2398} INFO - Sync 1 DAGs
[2023-12-03 17:36:42,172] {logging_mixin.py:109} INFO - [2023-12-03 17:36:42,172] {dag.py:2937} INFO - Setting next_dagrun for example_python_operator to None
[2023-12-03 17:36:42,230] {processor.py:171} INFO - Processing /home/airflow/.local/lib/python3.7/site-packages/airflow/example_dags/example_python_operator.py took 0.312 seconds
[2023-12-03 17:37:12,339] {processor.py:163} INFO - Started process (PID=155523) to work on /home/airflow/.local/lib/python3.7/site-packages/airflow/example_dags/example_python_operator.py
[2023-12-03 17:37:12,341] {processor.py:642} INFO - Processing file /home/airflow/.local/lib/python3.7/site-packages/airflow/example_dags/example_python_operator.py for tasks to queue
[2023-12-03 17:37:12,342] {logging_mixin.py:109} INFO - [2023-12-03 17:37:12,342] {dagbag.py:500} INFO - Filling up the DagBag from /home/airflow/.local/lib/python3.7/site-packages/airflow/example_dags/example_python_operator.py
[2023-12-03 17:37:12,385] {processor.py:654} INFO - DAG(s) dict_keys(['example_python_operator']) retrieved from /home/airflow/.local/lib/python3.7/site-packages/airflow/example_dags/example_python_operator.py
[2023-12-03 17:37:12,404] {logging_mixin.py:109} INFO - [2023-12-03 17:37:12,404] {dag.py:2398} INFO - Sync 1 DAGs
[2023-12-03 17:37:12,432] {logging_mixin.py:109} INFO - [2023-12-03 17:37:12,432] {dag.py:2937} INFO - Setting next_dagrun for example_python_operator to None
[2023-12-03 17:37:12,448] {processor.py:171} INFO - Processing /home/airflow/.local/lib/python3.7/site-packages/airflow/example_dags/example_python_operator.py took 0.114 seconds
[2023-12-03 17:37:42,790] {processor.py:163} INFO - Started process (PID=155704) to work on /home/airflow/.local/lib/python3.7/site-packages/airflow/example_dags/example_python_operator.py
[2023-12-03 17:37:42,792] {processor.py:642} INFO - Processing file /home/airflow/.local/lib/python3.7/site-packages/airflow/example_dags/example_python_operator.py for tasks to queue
[2023-12-03 17:37:42,793] {logging_mixin.py:109} INFO - [2023-12-03 17:37:42,793] {dagbag.py:500} INFO - Filling up the DagBag from /home/airflow/.local/lib/python3.7/site-packages/airflow/example_dags/example_python_operator.py
[2023-12-03 17:37:42,839] {processor.py:654} INFO - DAG(s) dict_keys(['example_python_operator']) retrieved from /home/airflow/.local/lib/python3.7/site-packages/airflow/example_dags/example_python_operator.py
[2023-12-03 17:37:42,854] {logging_mixin.py:109} INFO - [2023-12-03 17:37:42,854] {dag.py:2398} INFO - Sync 1 DAGs
[2023-12-03 17:37:42,876] {logging_mixin.py:109} INFO - [2023-12-03 17:37:42,876] {dag.py:2937} INFO - Setting next_dagrun for example_python_operator to None
[2023-12-03 17:37:42,890] {processor.py:171} INFO - Processing /home/airflow/.local/lib/python3.7/site-packages/airflow/example_dags/example_python_operator.py took 0.106 seconds
[2023-12-03 17:38:12,998] {processor.py:163} INFO - Started process (PID=155893) to work on /home/airflow/.local/lib/python3.7/site-packages/airflow/example_dags/example_python_operator.py
[2023-12-03 17:38:13,000] {processor.py:642} INFO - Processing file /home/airflow/.local/lib/python3.7/site-packages/airflow/example_dags/example_python_operator.py for tasks to queue
[2023-12-03 17:38:13,001] {logging_mixin.py:109} INFO - [2023-12-03 17:38:13,001] {dagbag.py:500} INFO - Filling up the DagBag from /home/airflow/.local/lib/python3.7/site-packages/airflow/example_dags/example_python_operator.py
[2023-12-03 17:38:13,048] {processor.py:654} INFO - DAG(s) dict_keys(['example_python_operator']) retrieved from /home/airflow/.local/lib/python3.7/site-packages/airflow/example_dags/example_python_operator.py
[2023-12-03 17:38:13,066] {logging_mixin.py:109} INFO - [2023-12-03 17:38:13,065] {dag.py:2398} INFO - Sync 1 DAGs
[2023-12-03 17:38:13,087] {logging_mixin.py:109} INFO - [2023-12-03 17:38:13,087] {dag.py:2937} INFO - Setting next_dagrun for example_python_operator to None
[2023-12-03 17:38:13,104] {processor.py:171} INFO - Processing /home/airflow/.local/lib/python3.7/site-packages/airflow/example_dags/example_python_operator.py took 0.111 seconds
[2023-12-03 17:38:43,405] {processor.py:163} INFO - Started process (PID=156090) to work on /home/airflow/.local/lib/python3.7/site-packages/airflow/example_dags/example_python_operator.py
[2023-12-03 17:38:43,407] {processor.py:642} INFO - Processing file /home/airflow/.local/lib/python3.7/site-packages/airflow/example_dags/example_python_operator.py for tasks to queue
[2023-12-03 17:38:43,408] {logging_mixin.py:109} INFO - [2023-12-03 17:38:43,408] {dagbag.py:500} INFO - Filling up the DagBag from /home/airflow/.local/lib/python3.7/site-packages/airflow/example_dags/example_python_operator.py
[2023-12-03 17:38:43,469] {processor.py:654} INFO - DAG(s) dict_keys(['example_python_operator']) retrieved from /home/airflow/.local/lib/python3.7/site-packages/airflow/example_dags/example_python_operator.py
[2023-12-03 17:38:43,490] {logging_mixin.py:109} INFO - [2023-12-03 17:38:43,490] {dag.py:2398} INFO - Sync 1 DAGs
[2023-12-03 17:38:43,517] {logging_mixin.py:109} INFO - [2023-12-03 17:38:43,517] {dag.py:2937} INFO - Setting next_dagrun for example_python_operator to None
[2023-12-03 17:38:43,545] {processor.py:171} INFO - Processing /home/airflow/.local/lib/python3.7/site-packages/airflow/example_dags/example_python_operator.py took 0.147 seconds
[2023-12-03 17:39:13,940] {processor.py:163} INFO - Started process (PID=156278) to work on /home/airflow/.local/lib/python3.7/site-packages/airflow/example_dags/example_python_operator.py
[2023-12-03 17:39:13,952] {processor.py:642} INFO - Processing file /home/airflow/.local/lib/python3.7/site-packages/airflow/example_dags/example_python_operator.py for tasks to queue
[2023-12-03 17:39:13,952] {logging_mixin.py:109} INFO - [2023-12-03 17:39:13,952] {dagbag.py:500} INFO - Filling up the DagBag from /home/airflow/.local/lib/python3.7/site-packages/airflow/example_dags/example_python_operator.py
[2023-12-03 17:39:13,990] {processor.py:654} INFO - DAG(s) dict_keys(['example_python_operator']) retrieved from /home/airflow/.local/lib/python3.7/site-packages/airflow/example_dags/example_python_operator.py
[2023-12-03 17:39:14,004] {logging_mixin.py:109} INFO - [2023-12-03 17:39:14,004] {dag.py:2398} INFO - Sync 1 DAGs
[2023-12-03 17:39:14,025] {logging_mixin.py:109} INFO - [2023-12-03 17:39:14,024] {dag.py:2937} INFO - Setting next_dagrun for example_python_operator to None
[2023-12-03 17:39:14,044] {processor.py:171} INFO - Processing /home/airflow/.local/lib/python3.7/site-packages/airflow/example_dags/example_python_operator.py took 0.109 seconds
[2023-12-03 17:39:44,435] {processor.py:163} INFO - Started process (PID=156465) to work on /home/airflow/.local/lib/python3.7/site-packages/airflow/example_dags/example_python_operator.py
[2023-12-03 17:39:44,441] {processor.py:642} INFO - Processing file /home/airflow/.local/lib/python3.7/site-packages/airflow/example_dags/example_python_operator.py for tasks to queue
[2023-12-03 17:39:44,442] {logging_mixin.py:109} INFO - [2023-12-03 17:39:44,442] {dagbag.py:500} INFO - Filling up the DagBag from /home/airflow/.local/lib/python3.7/site-packages/airflow/example_dags/example_python_operator.py
[2023-12-03 17:39:44,493] {processor.py:654} INFO - DAG(s) dict_keys(['example_python_operator']) retrieved from /home/airflow/.local/lib/python3.7/site-packages/airflow/example_dags/example_python_operator.py
[2023-12-03 17:39:44,513] {logging_mixin.py:109} INFO - [2023-12-03 17:39:44,513] {dag.py:2398} INFO - Sync 1 DAGs
[2023-12-03 17:39:44,539] {logging_mixin.py:109} INFO - [2023-12-03 17:39:44,539] {dag.py:2937} INFO - Setting next_dagrun for example_python_operator to None
[2023-12-03 17:39:44,557] {processor.py:171} INFO - Processing /home/airflow/.local/lib/python3.7/site-packages/airflow/example_dags/example_python_operator.py took 0.128 seconds
[2023-12-03 17:40:14,943] {processor.py:163} INFO - Started process (PID=156654) to work on /home/airflow/.local/lib/python3.7/site-packages/airflow/example_dags/example_python_operator.py
[2023-12-03 17:40:14,950] {processor.py:642} INFO - Processing file /home/airflow/.local/lib/python3.7/site-packages/airflow/example_dags/example_python_operator.py for tasks to queue
[2023-12-03 17:40:14,951] {logging_mixin.py:109} INFO - [2023-12-03 17:40:14,951] {dagbag.py:500} INFO - Filling up the DagBag from /home/airflow/.local/lib/python3.7/site-packages/airflow/example_dags/example_python_operator.py
[2023-12-03 17:40:15,001] {processor.py:654} INFO - DAG(s) dict_keys(['example_python_operator']) retrieved from /home/airflow/.local/lib/python3.7/site-packages/airflow/example_dags/example_python_operator.py
[2023-12-03 17:40:15,020] {logging_mixin.py:109} INFO - [2023-12-03 17:40:15,020] {dag.py:2398} INFO - Sync 1 DAGs
[2023-12-03 17:40:15,047] {logging_mixin.py:109} INFO - [2023-12-03 17:40:15,047] {dag.py:2937} INFO - Setting next_dagrun for example_python_operator to None
[2023-12-03 17:40:15,066] {processor.py:171} INFO - Processing /home/airflow/.local/lib/python3.7/site-packages/airflow/example_dags/example_python_operator.py took 0.128 seconds
[2023-12-03 17:40:45,522] {processor.py:163} INFO - Started process (PID=156849) to work on /home/airflow/.local/lib/python3.7/site-packages/airflow/example_dags/example_python_operator.py
[2023-12-03 17:40:45,524] {processor.py:642} INFO - Processing file /home/airflow/.local/lib/python3.7/site-packages/airflow/example_dags/example_python_operator.py for tasks to queue
[2023-12-03 17:40:45,525] {logging_mixin.py:109} INFO - [2023-12-03 17:40:45,525] {dagbag.py:500} INFO - Filling up the DagBag from /home/airflow/.local/lib/python3.7/site-packages/airflow/example_dags/example_python_operator.py
[2023-12-03 17:40:45,573] {processor.py:654} INFO - DAG(s) dict_keys(['example_python_operator']) retrieved from /home/airflow/.local/lib/python3.7/site-packages/airflow/example_dags/example_python_operator.py
[2023-12-03 17:40:45,591] {logging_mixin.py:109} INFO - [2023-12-03 17:40:45,591] {dag.py:2398} INFO - Sync 1 DAGs
[2023-12-03 17:40:45,617] {logging_mixin.py:109} INFO - [2023-12-03 17:40:45,616] {dag.py:2937} INFO - Setting next_dagrun for example_python_operator to None
[2023-12-03 17:40:45,634] {processor.py:171} INFO - Processing /home/airflow/.local/lib/python3.7/site-packages/airflow/example_dags/example_python_operator.py took 0.117 seconds
[2023-12-03 17:41:15,778] {processor.py:163} INFO - Started process (PID=157038) to work on /home/airflow/.local/lib/python3.7/site-packages/airflow/example_dags/example_python_operator.py
[2023-12-03 17:41:15,780] {processor.py:642} INFO - Processing file /home/airflow/.local/lib/python3.7/site-packages/airflow/example_dags/example_python_operator.py for tasks to queue
[2023-12-03 17:41:15,781] {logging_mixin.py:109} INFO - [2023-12-03 17:41:15,781] {dagbag.py:500} INFO - Filling up the DagBag from /home/airflow/.local/lib/python3.7/site-packages/airflow/example_dags/example_python_operator.py
[2023-12-03 17:41:15,837] {processor.py:654} INFO - DAG(s) dict_keys(['example_python_operator']) retrieved from /home/airflow/.local/lib/python3.7/site-packages/airflow/example_dags/example_python_operator.py
[2023-12-03 17:41:15,864] {logging_mixin.py:109} INFO - [2023-12-03 17:41:15,863] {dag.py:2398} INFO - Sync 1 DAGs
[2023-12-03 17:41:15,892] {logging_mixin.py:109} INFO - [2023-12-03 17:41:15,892] {dag.py:2937} INFO - Setting next_dagrun for example_python_operator to None
[2023-12-03 17:41:15,911] {processor.py:171} INFO - Processing /home/airflow/.local/lib/python3.7/site-packages/airflow/example_dags/example_python_operator.py took 0.138 seconds
[2023-12-03 17:41:45,981] {processor.py:163} INFO - Started process (PID=157226) to work on /home/airflow/.local/lib/python3.7/site-packages/airflow/example_dags/example_python_operator.py
[2023-12-03 17:41:45,983] {processor.py:642} INFO - Processing file /home/airflow/.local/lib/python3.7/site-packages/airflow/example_dags/example_python_operator.py for tasks to queue
[2023-12-03 17:41:45,985] {logging_mixin.py:109} INFO - [2023-12-03 17:41:45,984] {dagbag.py:500} INFO - Filling up the DagBag from /home/airflow/.local/lib/python3.7/site-packages/airflow/example_dags/example_python_operator.py
[2023-12-03 17:41:46,033] {processor.py:654} INFO - DAG(s) dict_keys(['example_python_operator']) retrieved from /home/airflow/.local/lib/python3.7/site-packages/airflow/example_dags/example_python_operator.py
[2023-12-03 17:41:46,055] {logging_mixin.py:109} INFO - [2023-12-03 17:41:46,055] {dag.py:2398} INFO - Sync 1 DAGs
[2023-12-03 17:41:46,077] {logging_mixin.py:109} INFO - [2023-12-03 17:41:46,076] {dag.py:2937} INFO - Setting next_dagrun for example_python_operator to None
[2023-12-03 17:41:46,092] {processor.py:171} INFO - Processing /home/airflow/.local/lib/python3.7/site-packages/airflow/example_dags/example_python_operator.py took 0.115 seconds
[2023-12-03 17:42:16,253] {processor.py:163} INFO - Started process (PID=157414) to work on /home/airflow/.local/lib/python3.7/site-packages/airflow/example_dags/example_python_operator.py
[2023-12-03 17:42:16,260] {processor.py:642} INFO - Processing file /home/airflow/.local/lib/python3.7/site-packages/airflow/example_dags/example_python_operator.py for tasks to queue
[2023-12-03 17:42:16,261] {logging_mixin.py:109} INFO - [2023-12-03 17:42:16,261] {dagbag.py:500} INFO - Filling up the DagBag from /home/airflow/.local/lib/python3.7/site-packages/airflow/example_dags/example_python_operator.py
[2023-12-03 17:42:16,305] {processor.py:654} INFO - DAG(s) dict_keys(['example_python_operator']) retrieved from /home/airflow/.local/lib/python3.7/site-packages/airflow/example_dags/example_python_operator.py
[2023-12-03 17:42:16,328] {logging_mixin.py:109} INFO - [2023-12-03 17:42:16,328] {dag.py:2398} INFO - Sync 1 DAGs
[2023-12-03 17:42:16,355] {logging_mixin.py:109} INFO - [2023-12-03 17:42:16,355] {dag.py:2937} INFO - Setting next_dagrun for example_python_operator to None
[2023-12-03 17:42:16,372] {processor.py:171} INFO - Processing /home/airflow/.local/lib/python3.7/site-packages/airflow/example_dags/example_python_operator.py took 0.124 seconds
[2023-12-03 17:42:46,450] {processor.py:163} INFO - Started process (PID=157602) to work on /home/airflow/.local/lib/python3.7/site-packages/airflow/example_dags/example_python_operator.py
[2023-12-03 17:42:46,453] {processor.py:642} INFO - Processing file /home/airflow/.local/lib/python3.7/site-packages/airflow/example_dags/example_python_operator.py for tasks to queue
[2023-12-03 17:42:46,454] {logging_mixin.py:109} INFO - [2023-12-03 17:42:46,454] {dagbag.py:500} INFO - Filling up the DagBag from /home/airflow/.local/lib/python3.7/site-packages/airflow/example_dags/example_python_operator.py
[2023-12-03 17:42:46,510] {processor.py:654} INFO - DAG(s) dict_keys(['example_python_operator']) retrieved from /home/airflow/.local/lib/python3.7/site-packages/airflow/example_dags/example_python_operator.py
[2023-12-03 17:42:46,524] {logging_mixin.py:109} INFO - [2023-12-03 17:42:46,524] {dag.py:2398} INFO - Sync 1 DAGs
[2023-12-03 17:42:46,556] {logging_mixin.py:109} INFO - [2023-12-03 17:42:46,556] {dag.py:2937} INFO - Setting next_dagrun for example_python_operator to None
[2023-12-03 17:42:46,572] {processor.py:171} INFO - Processing /home/airflow/.local/lib/python3.7/site-packages/airflow/example_dags/example_python_operator.py took 0.130 seconds
[2023-12-03 17:43:16,931] {processor.py:163} INFO - Started process (PID=157797) to work on /home/airflow/.local/lib/python3.7/site-packages/airflow/example_dags/example_python_operator.py
[2023-12-03 17:43:16,933] {processor.py:642} INFO - Processing file /home/airflow/.local/lib/python3.7/site-packages/airflow/example_dags/example_python_operator.py for tasks to queue
[2023-12-03 17:43:16,934] {logging_mixin.py:109} INFO - [2023-12-03 17:43:16,934] {dagbag.py:500} INFO - Filling up the DagBag from /home/airflow/.local/lib/python3.7/site-packages/airflow/example_dags/example_python_operator.py
[2023-12-03 17:43:16,986] {processor.py:654} INFO - DAG(s) dict_keys(['example_python_operator']) retrieved from /home/airflow/.local/lib/python3.7/site-packages/airflow/example_dags/example_python_operator.py
[2023-12-03 17:43:17,007] {logging_mixin.py:109} INFO - [2023-12-03 17:43:17,007] {dag.py:2398} INFO - Sync 1 DAGs
[2023-12-03 17:43:17,033] {logging_mixin.py:109} INFO - [2023-12-03 17:43:17,032] {dag.py:2937} INFO - Setting next_dagrun for example_python_operator to None
[2023-12-03 17:43:17,051] {processor.py:171} INFO - Processing /home/airflow/.local/lib/python3.7/site-packages/airflow/example_dags/example_python_operator.py took 0.127 seconds
[2023-12-03 17:46:52,728] {processor.py:163} INFO - Started process (PID=158084) to work on /home/airflow/.local/lib/python3.7/site-packages/airflow/example_dags/example_python_operator.py
[2023-12-03 17:46:52,794] {processor.py:642} INFO - Processing file /home/airflow/.local/lib/python3.7/site-packages/airflow/example_dags/example_python_operator.py for tasks to queue
[2023-12-03 17:46:52,808] {logging_mixin.py:109} INFO - [2023-12-03 17:46:52,796] {dagbag.py:500} INFO - Filling up the DagBag from /home/airflow/.local/lib/python3.7/site-packages/airflow/example_dags/example_python_operator.py
[2023-12-03 17:46:53,034] {processor.py:654} INFO - DAG(s) dict_keys(['example_python_operator']) retrieved from /home/airflow/.local/lib/python3.7/site-packages/airflow/example_dags/example_python_operator.py
[2023-12-03 17:46:53,127] {logging_mixin.py:109} INFO - [2023-12-03 17:46:53,127] {dag.py:2398} INFO - Sync 1 DAGs
[2023-12-03 17:46:53,242] {logging_mixin.py:109} INFO - [2023-12-03 17:46:53,242] {dag.py:2937} INFO - Setting next_dagrun for example_python_operator to None
[2023-12-03 17:46:53,388] {processor.py:171} INFO - Processing /home/airflow/.local/lib/python3.7/site-packages/airflow/example_dags/example_python_operator.py took 0.678 seconds
[2023-12-03 17:47:23,537] {processor.py:163} INFO - Started process (PID=158272) to work on /home/airflow/.local/lib/python3.7/site-packages/airflow/example_dags/example_python_operator.py
[2023-12-03 17:47:23,541] {processor.py:642} INFO - Processing file /home/airflow/.local/lib/python3.7/site-packages/airflow/example_dags/example_python_operator.py for tasks to queue
[2023-12-03 17:47:23,542] {logging_mixin.py:109} INFO - [2023-12-03 17:47:23,542] {dagbag.py:500} INFO - Filling up the DagBag from /home/airflow/.local/lib/python3.7/site-packages/airflow/example_dags/example_python_operator.py
[2023-12-03 17:47:23,603] {processor.py:654} INFO - DAG(s) dict_keys(['example_python_operator']) retrieved from /home/airflow/.local/lib/python3.7/site-packages/airflow/example_dags/example_python_operator.py
[2023-12-03 17:47:23,629] {logging_mixin.py:109} INFO - [2023-12-03 17:47:23,629] {dag.py:2398} INFO - Sync 1 DAGs
[2023-12-03 17:47:23,665] {logging_mixin.py:109} INFO - [2023-12-03 17:47:23,664] {dag.py:2937} INFO - Setting next_dagrun for example_python_operator to None
[2023-12-03 17:47:23,682] {processor.py:171} INFO - Processing /home/airflow/.local/lib/python3.7/site-packages/airflow/example_dags/example_python_operator.py took 0.149 seconds
[2023-12-03 17:47:54,394] {processor.py:163} INFO - Started process (PID=158460) to work on /home/airflow/.local/lib/python3.7/site-packages/airflow/example_dags/example_python_operator.py
[2023-12-03 17:47:54,399] {processor.py:642} INFO - Processing file /home/airflow/.local/lib/python3.7/site-packages/airflow/example_dags/example_python_operator.py for tasks to queue
[2023-12-03 17:47:54,401] {logging_mixin.py:109} INFO - [2023-12-03 17:47:54,400] {dagbag.py:500} INFO - Filling up the DagBag from /home/airflow/.local/lib/python3.7/site-packages/airflow/example_dags/example_python_operator.py
[2023-12-03 17:47:54,471] {processor.py:654} INFO - DAG(s) dict_keys(['example_python_operator']) retrieved from /home/airflow/.local/lib/python3.7/site-packages/airflow/example_dags/example_python_operator.py
[2023-12-03 17:47:54,496] {logging_mixin.py:109} INFO - [2023-12-03 17:47:54,496] {dag.py:2398} INFO - Sync 1 DAGs
[2023-12-03 17:47:54,530] {logging_mixin.py:109} INFO - [2023-12-03 17:47:54,530] {dag.py:2937} INFO - Setting next_dagrun for example_python_operator to None
[2023-12-03 17:47:54,564] {processor.py:171} INFO - Processing /home/airflow/.local/lib/python3.7/site-packages/airflow/example_dags/example_python_operator.py took 0.178 seconds
[2023-12-03 17:48:25,795] {processor.py:163} INFO - Started process (PID=158650) to work on /home/airflow/.local/lib/python3.7/site-packages/airflow/example_dags/example_python_operator.py
[2023-12-03 17:48:25,797] {processor.py:642} INFO - Processing file /home/airflow/.local/lib/python3.7/site-packages/airflow/example_dags/example_python_operator.py for tasks to queue
[2023-12-03 17:48:25,798] {logging_mixin.py:109} INFO - [2023-12-03 17:48:25,798] {dagbag.py:500} INFO - Filling up the DagBag from /home/airflow/.local/lib/python3.7/site-packages/airflow/example_dags/example_python_operator.py
[2023-12-03 17:48:25,845] {processor.py:654} INFO - DAG(s) dict_keys(['example_python_operator']) retrieved from /home/airflow/.local/lib/python3.7/site-packages/airflow/example_dags/example_python_operator.py
[2023-12-03 17:48:25,860] {logging_mixin.py:109} INFO - [2023-12-03 17:48:25,860] {dag.py:2398} INFO - Sync 1 DAGs
[2023-12-03 17:48:25,882] {logging_mixin.py:109} INFO - [2023-12-03 17:48:25,882] {dag.py:2937} INFO - Setting next_dagrun for example_python_operator to None
[2023-12-03 17:48:25,896] {processor.py:171} INFO - Processing /home/airflow/.local/lib/python3.7/site-packages/airflow/example_dags/example_python_operator.py took 0.106 seconds
[2023-12-03 17:48:56,544] {processor.py:163} INFO - Started process (PID=158838) to work on /home/airflow/.local/lib/python3.7/site-packages/airflow/example_dags/example_python_operator.py
[2023-12-03 17:48:56,546] {processor.py:642} INFO - Processing file /home/airflow/.local/lib/python3.7/site-packages/airflow/example_dags/example_python_operator.py for tasks to queue
[2023-12-03 17:48:56,547] {logging_mixin.py:109} INFO - [2023-12-03 17:48:56,547] {dagbag.py:500} INFO - Filling up the DagBag from /home/airflow/.local/lib/python3.7/site-packages/airflow/example_dags/example_python_operator.py
[2023-12-03 17:48:56,603] {processor.py:654} INFO - DAG(s) dict_keys(['example_python_operator']) retrieved from /home/airflow/.local/lib/python3.7/site-packages/airflow/example_dags/example_python_operator.py
[2023-12-03 17:48:56,625] {logging_mixin.py:109} INFO - [2023-12-03 17:48:56,625] {dag.py:2398} INFO - Sync 1 DAGs
[2023-12-03 17:48:56,659] {logging_mixin.py:109} INFO - [2023-12-03 17:48:56,659] {dag.py:2937} INFO - Setting next_dagrun for example_python_operator to None
[2023-12-03 17:48:56,681] {processor.py:171} INFO - Processing /home/airflow/.local/lib/python3.7/site-packages/airflow/example_dags/example_python_operator.py took 0.142 seconds
[2023-12-03 17:49:26,985] {processor.py:163} INFO - Started process (PID=159024) to work on /home/airflow/.local/lib/python3.7/site-packages/airflow/example_dags/example_python_operator.py
[2023-12-03 17:49:26,987] {processor.py:642} INFO - Processing file /home/airflow/.local/lib/python3.7/site-packages/airflow/example_dags/example_python_operator.py for tasks to queue
[2023-12-03 17:49:26,988] {logging_mixin.py:109} INFO - [2023-12-03 17:49:26,987] {dagbag.py:500} INFO - Filling up the DagBag from /home/airflow/.local/lib/python3.7/site-packages/airflow/example_dags/example_python_operator.py
[2023-12-03 17:49:27,034] {processor.py:654} INFO - DAG(s) dict_keys(['example_python_operator']) retrieved from /home/airflow/.local/lib/python3.7/site-packages/airflow/example_dags/example_python_operator.py
[2023-12-03 17:49:27,050] {logging_mixin.py:109} INFO - [2023-12-03 17:49:27,050] {dag.py:2398} INFO - Sync 1 DAGs
[2023-12-03 17:49:27,070] {logging_mixin.py:109} INFO - [2023-12-03 17:49:27,070] {dag.py:2937} INFO - Setting next_dagrun for example_python_operator to None
[2023-12-03 17:49:27,084] {processor.py:171} INFO - Processing /home/airflow/.local/lib/python3.7/site-packages/airflow/example_dags/example_python_operator.py took 0.105 seconds
[2023-12-03 17:49:57,411] {processor.py:163} INFO - Started process (PID=159207) to work on /home/airflow/.local/lib/python3.7/site-packages/airflow/example_dags/example_python_operator.py
[2023-12-03 17:49:57,413] {processor.py:642} INFO - Processing file /home/airflow/.local/lib/python3.7/site-packages/airflow/example_dags/example_python_operator.py for tasks to queue
[2023-12-03 17:49:57,413] {logging_mixin.py:109} INFO - [2023-12-03 17:49:57,413] {dagbag.py:500} INFO - Filling up the DagBag from /home/airflow/.local/lib/python3.7/site-packages/airflow/example_dags/example_python_operator.py
[2023-12-03 17:49:57,467] {processor.py:654} INFO - DAG(s) dict_keys(['example_python_operator']) retrieved from /home/airflow/.local/lib/python3.7/site-packages/airflow/example_dags/example_python_operator.py
[2023-12-03 17:49:57,487] {logging_mixin.py:109} INFO - [2023-12-03 17:49:57,487] {dag.py:2398} INFO - Sync 1 DAGs
[2023-12-03 17:49:57,513] {logging_mixin.py:109} INFO - [2023-12-03 17:49:57,512] {dag.py:2937} INFO - Setting next_dagrun for example_python_operator to None
[2023-12-03 17:49:57,527] {processor.py:171} INFO - Processing /home/airflow/.local/lib/python3.7/site-packages/airflow/example_dags/example_python_operator.py took 0.120 seconds
[2023-12-03 17:50:28,066] {processor.py:163} INFO - Started process (PID=159404) to work on /home/airflow/.local/lib/python3.7/site-packages/airflow/example_dags/example_python_operator.py
[2023-12-03 17:50:28,068] {processor.py:642} INFO - Processing file /home/airflow/.local/lib/python3.7/site-packages/airflow/example_dags/example_python_operator.py for tasks to queue
[2023-12-03 17:50:28,069] {logging_mixin.py:109} INFO - [2023-12-03 17:50:28,069] {dagbag.py:500} INFO - Filling up the DagBag from /home/airflow/.local/lib/python3.7/site-packages/airflow/example_dags/example_python_operator.py
[2023-12-03 17:50:28,113] {processor.py:654} INFO - DAG(s) dict_keys(['example_python_operator']) retrieved from /home/airflow/.local/lib/python3.7/site-packages/airflow/example_dags/example_python_operator.py
[2023-12-03 17:50:28,128] {logging_mixin.py:109} INFO - [2023-12-03 17:50:28,128] {dag.py:2398} INFO - Sync 1 DAGs
[2023-12-03 17:50:28,148] {logging_mixin.py:109} INFO - [2023-12-03 17:50:28,148] {dag.py:2937} INFO - Setting next_dagrun for example_python_operator to None
[2023-12-03 17:50:28,162] {processor.py:171} INFO - Processing /home/airflow/.local/lib/python3.7/site-packages/airflow/example_dags/example_python_operator.py took 0.103 seconds
[2023-12-03 17:50:58,494] {processor.py:163} INFO - Started process (PID=159587) to work on /home/airflow/.local/lib/python3.7/site-packages/airflow/example_dags/example_python_operator.py
[2023-12-03 17:50:58,497] {processor.py:642} INFO - Processing file /home/airflow/.local/lib/python3.7/site-packages/airflow/example_dags/example_python_operator.py for tasks to queue
[2023-12-03 17:50:58,498] {logging_mixin.py:109} INFO - [2023-12-03 17:50:58,497] {dagbag.py:500} INFO - Filling up the DagBag from /home/airflow/.local/lib/python3.7/site-packages/airflow/example_dags/example_python_operator.py
[2023-12-03 17:50:58,536] {processor.py:654} INFO - DAG(s) dict_keys(['example_python_operator']) retrieved from /home/airflow/.local/lib/python3.7/site-packages/airflow/example_dags/example_python_operator.py
[2023-12-03 17:50:58,552] {logging_mixin.py:109} INFO - [2023-12-03 17:50:58,552] {dag.py:2398} INFO - Sync 1 DAGs
[2023-12-03 17:50:58,578] {logging_mixin.py:109} INFO - [2023-12-03 17:50:58,577] {dag.py:2937} INFO - Setting next_dagrun for example_python_operator to None
[2023-12-03 17:50:58,597] {processor.py:171} INFO - Processing /home/airflow/.local/lib/python3.7/site-packages/airflow/example_dags/example_python_operator.py took 0.107 seconds
[2023-12-03 22:16:58,119] {processor.py:163} INFO - Started process (PID=159839) to work on /home/airflow/.local/lib/python3.7/site-packages/airflow/example_dags/example_python_operator.py
[2023-12-03 22:16:58,149] {processor.py:642} INFO - Processing file /home/airflow/.local/lib/python3.7/site-packages/airflow/example_dags/example_python_operator.py for tasks to queue
[2023-12-03 22:16:58,151] {logging_mixin.py:109} INFO - [2023-12-03 22:16:58,151] {dagbag.py:500} INFO - Filling up the DagBag from /home/airflow/.local/lib/python3.7/site-packages/airflow/example_dags/example_python_operator.py
[2023-12-03 22:16:58,435] {processor.py:654} INFO - DAG(s) dict_keys(['example_python_operator']) retrieved from /home/airflow/.local/lib/python3.7/site-packages/airflow/example_dags/example_python_operator.py
[2023-12-03 22:16:58,514] {logging_mixin.py:109} INFO - [2023-12-03 22:16:58,514] {dag.py:2398} INFO - Sync 1 DAGs
[2023-12-03 22:16:58,644] {logging_mixin.py:109} INFO - [2023-12-03 22:16:58,633] {dag.py:2937} INFO - Setting next_dagrun for example_python_operator to None
[2023-12-03 22:16:58,710] {processor.py:171} INFO - Processing /home/airflow/.local/lib/python3.7/site-packages/airflow/example_dags/example_python_operator.py took 0.609 seconds
