[2023-12-03 17:32:45,346] {processor.py:163} INFO - Started process (PID=153999) to work on /home/airflow/.local/lib/python3.7/site-packages/airflow/example_dags/example_time_delta_sensor_async.py
[2023-12-03 17:32:45,392] {processor.py:642} INFO - Processing file /home/airflow/.local/lib/python3.7/site-packages/airflow/example_dags/example_time_delta_sensor_async.py for tasks to queue
[2023-12-03 17:32:45,394] {logging_mixin.py:109} INFO - [2023-12-03 17:32:45,394] {dagbag.py:500} INFO - Filling up the DagBag from /home/airflow/.local/lib/python3.7/site-packages/airflow/example_dags/example_time_delta_sensor_async.py
[2023-12-03 17:32:45,874] {processor.py:654} INFO - DAG(s) dict_keys(['example_time_delta_sensor_async']) retrieved from /home/airflow/.local/lib/python3.7/site-packages/airflow/example_dags/example_time_delta_sensor_async.py
[2023-12-03 17:32:46,111] {logging_mixin.py:109} INFO - [2023-12-03 17:32:46,111] {dag.py:2398} INFO - Sync 1 DAGs
[2023-12-03 17:32:46,409] {logging_mixin.py:109} INFO - [2023-12-03 17:32:46,409] {dag.py:2937} INFO - Setting next_dagrun for example_time_delta_sensor_async to None
[2023-12-03 17:32:46,664] {processor.py:171} INFO - Processing /home/airflow/.local/lib/python3.7/site-packages/airflow/example_dags/example_time_delta_sensor_async.py took 1.353 seconds
[2023-12-03 17:33:17,539] {processor.py:163} INFO - Started process (PID=154180) to work on /home/airflow/.local/lib/python3.7/site-packages/airflow/example_dags/example_time_delta_sensor_async.py
[2023-12-03 17:33:17,556] {processor.py:642} INFO - Processing file /home/airflow/.local/lib/python3.7/site-packages/airflow/example_dags/example_time_delta_sensor_async.py for tasks to queue
[2023-12-03 17:33:17,557] {logging_mixin.py:109} INFO - [2023-12-03 17:33:17,557] {dagbag.py:500} INFO - Filling up the DagBag from /home/airflow/.local/lib/python3.7/site-packages/airflow/example_dags/example_time_delta_sensor_async.py
[2023-12-03 17:33:17,714] {processor.py:654} INFO - DAG(s) dict_keys(['example_time_delta_sensor_async']) retrieved from /home/airflow/.local/lib/python3.7/site-packages/airflow/example_dags/example_time_delta_sensor_async.py
[2023-12-03 17:33:17,780] {logging_mixin.py:109} INFO - [2023-12-03 17:33:17,780] {dag.py:2398} INFO - Sync 1 DAGs
[2023-12-03 17:33:17,942] {logging_mixin.py:109} INFO - [2023-12-03 17:33:17,941] {dag.py:2937} INFO - Setting next_dagrun for example_time_delta_sensor_async to None
[2023-12-03 17:33:18,041] {processor.py:171} INFO - Processing /home/airflow/.local/lib/python3.7/site-packages/airflow/example_dags/example_time_delta_sensor_async.py took 0.518 seconds
[2023-12-03 17:33:48,390] {processor.py:163} INFO - Started process (PID=154361) to work on /home/airflow/.local/lib/python3.7/site-packages/airflow/example_dags/example_time_delta_sensor_async.py
[2023-12-03 17:33:48,395] {processor.py:642} INFO - Processing file /home/airflow/.local/lib/python3.7/site-packages/airflow/example_dags/example_time_delta_sensor_async.py for tasks to queue
[2023-12-03 17:33:48,396] {logging_mixin.py:109} INFO - [2023-12-03 17:33:48,396] {dagbag.py:500} INFO - Filling up the DagBag from /home/airflow/.local/lib/python3.7/site-packages/airflow/example_dags/example_time_delta_sensor_async.py
[2023-12-03 17:33:48,488] {processor.py:654} INFO - DAG(s) dict_keys(['example_time_delta_sensor_async']) retrieved from /home/airflow/.local/lib/python3.7/site-packages/airflow/example_dags/example_time_delta_sensor_async.py
[2023-12-03 17:33:48,548] {logging_mixin.py:109} INFO - [2023-12-03 17:33:48,548] {dag.py:2398} INFO - Sync 1 DAGs
[2023-12-03 17:33:48,640] {logging_mixin.py:109} INFO - [2023-12-03 17:33:48,640] {dag.py:2937} INFO - Setting next_dagrun for example_time_delta_sensor_async to None
[2023-12-03 17:33:48,707] {processor.py:171} INFO - Processing /home/airflow/.local/lib/python3.7/site-packages/airflow/example_dags/example_time_delta_sensor_async.py took 0.331 seconds
[2023-12-03 17:34:19,283] {processor.py:163} INFO - Started process (PID=154544) to work on /home/airflow/.local/lib/python3.7/site-packages/airflow/example_dags/example_time_delta_sensor_async.py
[2023-12-03 17:34:19,295] {processor.py:642} INFO - Processing file /home/airflow/.local/lib/python3.7/site-packages/airflow/example_dags/example_time_delta_sensor_async.py for tasks to queue
[2023-12-03 17:34:19,297] {logging_mixin.py:109} INFO - [2023-12-03 17:34:19,296] {dagbag.py:500} INFO - Filling up the DagBag from /home/airflow/.local/lib/python3.7/site-packages/airflow/example_dags/example_time_delta_sensor_async.py
[2023-12-03 17:34:19,402] {processor.py:654} INFO - DAG(s) dict_keys(['example_time_delta_sensor_async']) retrieved from /home/airflow/.local/lib/python3.7/site-packages/airflow/example_dags/example_time_delta_sensor_async.py
[2023-12-03 17:34:19,467] {logging_mixin.py:109} INFO - [2023-12-03 17:34:19,467] {dag.py:2398} INFO - Sync 1 DAGs
[2023-12-03 17:34:19,585] {logging_mixin.py:109} INFO - [2023-12-03 17:34:19,585] {dag.py:2937} INFO - Setting next_dagrun for example_time_delta_sensor_async to None
[2023-12-03 17:34:19,763] {processor.py:171} INFO - Processing /home/airflow/.local/lib/python3.7/site-packages/airflow/example_dags/example_time_delta_sensor_async.py took 0.497 seconds
[2023-12-03 17:34:50,063] {processor.py:163} INFO - Started process (PID=154732) to work on /home/airflow/.local/lib/python3.7/site-packages/airflow/example_dags/example_time_delta_sensor_async.py
[2023-12-03 17:34:50,065] {processor.py:642} INFO - Processing file /home/airflow/.local/lib/python3.7/site-packages/airflow/example_dags/example_time_delta_sensor_async.py for tasks to queue
[2023-12-03 17:34:50,077] {logging_mixin.py:109} INFO - [2023-12-03 17:34:50,067] {dagbag.py:500} INFO - Filling up the DagBag from /home/airflow/.local/lib/python3.7/site-packages/airflow/example_dags/example_time_delta_sensor_async.py
[2023-12-03 17:34:50,194] {processor.py:654} INFO - DAG(s) dict_keys(['example_time_delta_sensor_async']) retrieved from /home/airflow/.local/lib/python3.7/site-packages/airflow/example_dags/example_time_delta_sensor_async.py
[2023-12-03 17:34:50,242] {logging_mixin.py:109} INFO - [2023-12-03 17:34:50,236] {dag.py:2398} INFO - Sync 1 DAGs
[2023-12-03 17:34:50,332] {logging_mixin.py:109} INFO - [2023-12-03 17:34:50,332] {dag.py:2937} INFO - Setting next_dagrun for example_time_delta_sensor_async to None
[2023-12-03 17:34:50,391] {processor.py:171} INFO - Processing /home/airflow/.local/lib/python3.7/site-packages/airflow/example_dags/example_time_delta_sensor_async.py took 0.347 seconds
[2023-12-03 17:35:20,670] {processor.py:163} INFO - Started process (PID=154911) to work on /home/airflow/.local/lib/python3.7/site-packages/airflow/example_dags/example_time_delta_sensor_async.py
[2023-12-03 17:35:20,674] {processor.py:642} INFO - Processing file /home/airflow/.local/lib/python3.7/site-packages/airflow/example_dags/example_time_delta_sensor_async.py for tasks to queue
[2023-12-03 17:35:20,676] {logging_mixin.py:109} INFO - [2023-12-03 17:35:20,676] {dagbag.py:500} INFO - Filling up the DagBag from /home/airflow/.local/lib/python3.7/site-packages/airflow/example_dags/example_time_delta_sensor_async.py
[2023-12-03 17:35:20,782] {processor.py:654} INFO - DAG(s) dict_keys(['example_time_delta_sensor_async']) retrieved from /home/airflow/.local/lib/python3.7/site-packages/airflow/example_dags/example_time_delta_sensor_async.py
[2023-12-03 17:35:20,857] {logging_mixin.py:109} INFO - [2023-12-03 17:35:20,856] {dag.py:2398} INFO - Sync 1 DAGs
[2023-12-03 17:35:20,981] {logging_mixin.py:109} INFO - [2023-12-03 17:35:20,971] {dag.py:2937} INFO - Setting next_dagrun for example_time_delta_sensor_async to None
[2023-12-03 17:35:21,061] {processor.py:171} INFO - Processing /home/airflow/.local/lib/python3.7/site-packages/airflow/example_dags/example_time_delta_sensor_async.py took 0.418 seconds
[2023-12-03 17:35:51,497] {processor.py:163} INFO - Started process (PID=155097) to work on /home/airflow/.local/lib/python3.7/site-packages/airflow/example_dags/example_time_delta_sensor_async.py
[2023-12-03 17:35:51,501] {processor.py:642} INFO - Processing file /home/airflow/.local/lib/python3.7/site-packages/airflow/example_dags/example_time_delta_sensor_async.py for tasks to queue
[2023-12-03 17:35:51,512] {logging_mixin.py:109} INFO - [2023-12-03 17:35:51,512] {dagbag.py:500} INFO - Filling up the DagBag from /home/airflow/.local/lib/python3.7/site-packages/airflow/example_dags/example_time_delta_sensor_async.py
[2023-12-03 17:35:51,617] {processor.py:654} INFO - DAG(s) dict_keys(['example_time_delta_sensor_async']) retrieved from /home/airflow/.local/lib/python3.7/site-packages/airflow/example_dags/example_time_delta_sensor_async.py
[2023-12-03 17:35:51,656] {logging_mixin.py:109} INFO - [2023-12-03 17:35:51,656] {dag.py:2398} INFO - Sync 1 DAGs
[2023-12-03 17:35:51,763] {logging_mixin.py:109} INFO - [2023-12-03 17:35:51,763] {dag.py:2937} INFO - Setting next_dagrun for example_time_delta_sensor_async to None
[2023-12-03 17:35:51,822] {processor.py:171} INFO - Processing /home/airflow/.local/lib/python3.7/site-packages/airflow/example_dags/example_time_delta_sensor_async.py took 0.342 seconds
[2023-12-03 17:36:22,520] {processor.py:163} INFO - Started process (PID=155276) to work on /home/airflow/.local/lib/python3.7/site-packages/airflow/example_dags/example_time_delta_sensor_async.py
[2023-12-03 17:36:22,529] {processor.py:642} INFO - Processing file /home/airflow/.local/lib/python3.7/site-packages/airflow/example_dags/example_time_delta_sensor_async.py for tasks to queue
[2023-12-03 17:36:22,530] {logging_mixin.py:109} INFO - [2023-12-03 17:36:22,530] {dagbag.py:500} INFO - Filling up the DagBag from /home/airflow/.local/lib/python3.7/site-packages/airflow/example_dags/example_time_delta_sensor_async.py
[2023-12-03 17:36:22,590] {processor.py:654} INFO - DAG(s) dict_keys(['example_time_delta_sensor_async']) retrieved from /home/airflow/.local/lib/python3.7/site-packages/airflow/example_dags/example_time_delta_sensor_async.py
[2023-12-03 17:36:22,622] {logging_mixin.py:109} INFO - [2023-12-03 17:36:22,622] {dag.py:2398} INFO - Sync 1 DAGs
[2023-12-03 17:36:22,680] {logging_mixin.py:109} INFO - [2023-12-03 17:36:22,680] {dag.py:2937} INFO - Setting next_dagrun for example_time_delta_sensor_async to None
[2023-12-03 17:36:22,719] {processor.py:171} INFO - Processing /home/airflow/.local/lib/python3.7/site-packages/airflow/example_dags/example_time_delta_sensor_async.py took 0.208 seconds
[2023-12-03 17:36:52,956] {processor.py:163} INFO - Started process (PID=155464) to work on /home/airflow/.local/lib/python3.7/site-packages/airflow/example_dags/example_time_delta_sensor_async.py
[2023-12-03 17:36:52,958] {processor.py:642} INFO - Processing file /home/airflow/.local/lib/python3.7/site-packages/airflow/example_dags/example_time_delta_sensor_async.py for tasks to queue
[2023-12-03 17:36:52,959] {logging_mixin.py:109} INFO - [2023-12-03 17:36:52,959] {dagbag.py:500} INFO - Filling up the DagBag from /home/airflow/.local/lib/python3.7/site-packages/airflow/example_dags/example_time_delta_sensor_async.py
[2023-12-03 17:36:53,005] {processor.py:654} INFO - DAG(s) dict_keys(['example_time_delta_sensor_async']) retrieved from /home/airflow/.local/lib/python3.7/site-packages/airflow/example_dags/example_time_delta_sensor_async.py
[2023-12-03 17:36:53,025] {logging_mixin.py:109} INFO - [2023-12-03 17:36:53,025] {dag.py:2398} INFO - Sync 1 DAGs
[2023-12-03 17:36:53,064] {logging_mixin.py:109} INFO - [2023-12-03 17:36:53,064] {dag.py:2937} INFO - Setting next_dagrun for example_time_delta_sensor_async to None
[2023-12-03 17:36:53,083] {processor.py:171} INFO - Processing /home/airflow/.local/lib/python3.7/site-packages/airflow/example_dags/example_time_delta_sensor_async.py took 0.133 seconds
[2023-12-03 17:37:23,359] {processor.py:163} INFO - Started process (PID=155651) to work on /home/airflow/.local/lib/python3.7/site-packages/airflow/example_dags/example_time_delta_sensor_async.py
[2023-12-03 17:37:23,362] {processor.py:642} INFO - Processing file /home/airflow/.local/lib/python3.7/site-packages/airflow/example_dags/example_time_delta_sensor_async.py for tasks to queue
[2023-12-03 17:37:23,363] {logging_mixin.py:109} INFO - [2023-12-03 17:37:23,363] {dagbag.py:500} INFO - Filling up the DagBag from /home/airflow/.local/lib/python3.7/site-packages/airflow/example_dags/example_time_delta_sensor_async.py
[2023-12-03 17:37:23,453] {processor.py:654} INFO - DAG(s) dict_keys(['example_time_delta_sensor_async']) retrieved from /home/airflow/.local/lib/python3.7/site-packages/airflow/example_dags/example_time_delta_sensor_async.py
[2023-12-03 17:37:23,484] {logging_mixin.py:109} INFO - [2023-12-03 17:37:23,483] {dag.py:2398} INFO - Sync 1 DAGs
[2023-12-03 17:37:23,533] {logging_mixin.py:109} INFO - [2023-12-03 17:37:23,532] {dag.py:2937} INFO - Setting next_dagrun for example_time_delta_sensor_async to None
[2023-12-03 17:37:23,577] {processor.py:171} INFO - Processing /home/airflow/.local/lib/python3.7/site-packages/airflow/example_dags/example_time_delta_sensor_async.py took 0.224 seconds
[2023-12-03 17:37:53,767] {processor.py:163} INFO - Started process (PID=155839) to work on /home/airflow/.local/lib/python3.7/site-packages/airflow/example_dags/example_time_delta_sensor_async.py
[2023-12-03 17:37:53,770] {processor.py:642} INFO - Processing file /home/airflow/.local/lib/python3.7/site-packages/airflow/example_dags/example_time_delta_sensor_async.py for tasks to queue
[2023-12-03 17:37:53,771] {logging_mixin.py:109} INFO - [2023-12-03 17:37:53,771] {dagbag.py:500} INFO - Filling up the DagBag from /home/airflow/.local/lib/python3.7/site-packages/airflow/example_dags/example_time_delta_sensor_async.py
[2023-12-03 17:37:53,816] {processor.py:654} INFO - DAG(s) dict_keys(['example_time_delta_sensor_async']) retrieved from /home/airflow/.local/lib/python3.7/site-packages/airflow/example_dags/example_time_delta_sensor_async.py
[2023-12-03 17:37:53,836] {logging_mixin.py:109} INFO - [2023-12-03 17:37:53,835] {dag.py:2398} INFO - Sync 1 DAGs
[2023-12-03 17:37:53,866] {logging_mixin.py:109} INFO - [2023-12-03 17:37:53,866] {dag.py:2937} INFO - Setting next_dagrun for example_time_delta_sensor_async to None
[2023-12-03 17:37:53,889] {processor.py:171} INFO - Processing /home/airflow/.local/lib/python3.7/site-packages/airflow/example_dags/example_time_delta_sensor_async.py took 0.132 seconds
[2023-12-03 17:38:24,356] {processor.py:163} INFO - Started process (PID=156026) to work on /home/airflow/.local/lib/python3.7/site-packages/airflow/example_dags/example_time_delta_sensor_async.py
[2023-12-03 17:38:24,359] {processor.py:642} INFO - Processing file /home/airflow/.local/lib/python3.7/site-packages/airflow/example_dags/example_time_delta_sensor_async.py for tasks to queue
[2023-12-03 17:38:24,360] {logging_mixin.py:109} INFO - [2023-12-03 17:38:24,360] {dagbag.py:500} INFO - Filling up the DagBag from /home/airflow/.local/lib/python3.7/site-packages/airflow/example_dags/example_time_delta_sensor_async.py
[2023-12-03 17:38:24,405] {processor.py:654} INFO - DAG(s) dict_keys(['example_time_delta_sensor_async']) retrieved from /home/airflow/.local/lib/python3.7/site-packages/airflow/example_dags/example_time_delta_sensor_async.py
[2023-12-03 17:38:24,422] {logging_mixin.py:109} INFO - [2023-12-03 17:38:24,422] {dag.py:2398} INFO - Sync 1 DAGs
[2023-12-03 17:38:24,446] {logging_mixin.py:109} INFO - [2023-12-03 17:38:24,446] {dag.py:2937} INFO - Setting next_dagrun for example_time_delta_sensor_async to None
[2023-12-03 17:38:24,461] {processor.py:171} INFO - Processing /home/airflow/.local/lib/python3.7/site-packages/airflow/example_dags/example_time_delta_sensor_async.py took 0.110 seconds
[2023-12-03 17:38:54,947] {processor.py:163} INFO - Started process (PID=156219) to work on /home/airflow/.local/lib/python3.7/site-packages/airflow/example_dags/example_time_delta_sensor_async.py
[2023-12-03 17:38:54,950] {processor.py:642} INFO - Processing file /home/airflow/.local/lib/python3.7/site-packages/airflow/example_dags/example_time_delta_sensor_async.py for tasks to queue
[2023-12-03 17:38:54,951] {logging_mixin.py:109} INFO - [2023-12-03 17:38:54,951] {dagbag.py:500} INFO - Filling up the DagBag from /home/airflow/.local/lib/python3.7/site-packages/airflow/example_dags/example_time_delta_sensor_async.py
[2023-12-03 17:38:54,988] {processor.py:654} INFO - DAG(s) dict_keys(['example_time_delta_sensor_async']) retrieved from /home/airflow/.local/lib/python3.7/site-packages/airflow/example_dags/example_time_delta_sensor_async.py
[2023-12-03 17:38:55,005] {logging_mixin.py:109} INFO - [2023-12-03 17:38:55,004] {dag.py:2398} INFO - Sync 1 DAGs
[2023-12-03 17:38:55,029] {logging_mixin.py:109} INFO - [2023-12-03 17:38:55,028] {dag.py:2937} INFO - Setting next_dagrun for example_time_delta_sensor_async to None
[2023-12-03 17:38:55,043] {processor.py:171} INFO - Processing /home/airflow/.local/lib/python3.7/site-packages/airflow/example_dags/example_time_delta_sensor_async.py took 0.101 seconds
[2023-12-03 17:39:25,702] {processor.py:163} INFO - Started process (PID=156407) to work on /home/airflow/.local/lib/python3.7/site-packages/airflow/example_dags/example_time_delta_sensor_async.py
[2023-12-03 17:39:25,716] {processor.py:642} INFO - Processing file /home/airflow/.local/lib/python3.7/site-packages/airflow/example_dags/example_time_delta_sensor_async.py for tasks to queue
[2023-12-03 17:39:25,717] {logging_mixin.py:109} INFO - [2023-12-03 17:39:25,717] {dagbag.py:500} INFO - Filling up the DagBag from /home/airflow/.local/lib/python3.7/site-packages/airflow/example_dags/example_time_delta_sensor_async.py
[2023-12-03 17:39:25,762] {processor.py:654} INFO - DAG(s) dict_keys(['example_time_delta_sensor_async']) retrieved from /home/airflow/.local/lib/python3.7/site-packages/airflow/example_dags/example_time_delta_sensor_async.py
[2023-12-03 17:39:25,802] {logging_mixin.py:109} INFO - [2023-12-03 17:39:25,802] {dag.py:2398} INFO - Sync 1 DAGs
[2023-12-03 17:39:25,897] {logging_mixin.py:109} INFO - [2023-12-03 17:39:25,897] {dag.py:2937} INFO - Setting next_dagrun for example_time_delta_sensor_async to None
[2023-12-03 17:39:25,952] {processor.py:171} INFO - Processing /home/airflow/.local/lib/python3.7/site-packages/airflow/example_dags/example_time_delta_sensor_async.py took 0.260 seconds
[2023-12-03 17:39:56,349] {processor.py:163} INFO - Started process (PID=156595) to work on /home/airflow/.local/lib/python3.7/site-packages/airflow/example_dags/example_time_delta_sensor_async.py
[2023-12-03 17:39:56,352] {processor.py:642} INFO - Processing file /home/airflow/.local/lib/python3.7/site-packages/airflow/example_dags/example_time_delta_sensor_async.py for tasks to queue
[2023-12-03 17:39:56,353] {logging_mixin.py:109} INFO - [2023-12-03 17:39:56,353] {dagbag.py:500} INFO - Filling up the DagBag from /home/airflow/.local/lib/python3.7/site-packages/airflow/example_dags/example_time_delta_sensor_async.py
[2023-12-03 17:39:56,399] {processor.py:654} INFO - DAG(s) dict_keys(['example_time_delta_sensor_async']) retrieved from /home/airflow/.local/lib/python3.7/site-packages/airflow/example_dags/example_time_delta_sensor_async.py
[2023-12-03 17:39:56,417] {logging_mixin.py:109} INFO - [2023-12-03 17:39:56,416] {dag.py:2398} INFO - Sync 1 DAGs
[2023-12-03 17:39:56,446] {logging_mixin.py:109} INFO - [2023-12-03 17:39:56,446] {dag.py:2937} INFO - Setting next_dagrun for example_time_delta_sensor_async to None
[2023-12-03 17:39:56,466] {processor.py:171} INFO - Processing /home/airflow/.local/lib/python3.7/site-packages/airflow/example_dags/example_time_delta_sensor_async.py took 0.122 seconds
[2023-12-03 17:40:26,818] {processor.py:163} INFO - Started process (PID=156783) to work on /home/airflow/.local/lib/python3.7/site-packages/airflow/example_dags/example_time_delta_sensor_async.py
[2023-12-03 17:40:26,824] {processor.py:642} INFO - Processing file /home/airflow/.local/lib/python3.7/site-packages/airflow/example_dags/example_time_delta_sensor_async.py for tasks to queue
[2023-12-03 17:40:26,828] {logging_mixin.py:109} INFO - [2023-12-03 17:40:26,827] {dagbag.py:500} INFO - Filling up the DagBag from /home/airflow/.local/lib/python3.7/site-packages/airflow/example_dags/example_time_delta_sensor_async.py
[2023-12-03 17:40:26,878] {processor.py:654} INFO - DAG(s) dict_keys(['example_time_delta_sensor_async']) retrieved from /home/airflow/.local/lib/python3.7/site-packages/airflow/example_dags/example_time_delta_sensor_async.py
[2023-12-03 17:40:26,900] {logging_mixin.py:109} INFO - [2023-12-03 17:40:26,900] {dag.py:2398} INFO - Sync 1 DAGs
[2023-12-03 17:40:26,936] {logging_mixin.py:109} INFO - [2023-12-03 17:40:26,936] {dag.py:2937} INFO - Setting next_dagrun for example_time_delta_sensor_async to None
[2023-12-03 17:40:26,952] {processor.py:171} INFO - Processing /home/airflow/.local/lib/python3.7/site-packages/airflow/example_dags/example_time_delta_sensor_async.py took 0.141 seconds
[2023-12-03 17:40:57,596] {processor.py:163} INFO - Started process (PID=156971) to work on /home/airflow/.local/lib/python3.7/site-packages/airflow/example_dags/example_time_delta_sensor_async.py
[2023-12-03 17:40:57,598] {processor.py:642} INFO - Processing file /home/airflow/.local/lib/python3.7/site-packages/airflow/example_dags/example_time_delta_sensor_async.py for tasks to queue
[2023-12-03 17:40:57,599] {logging_mixin.py:109} INFO - [2023-12-03 17:40:57,599] {dagbag.py:500} INFO - Filling up the DagBag from /home/airflow/.local/lib/python3.7/site-packages/airflow/example_dags/example_time_delta_sensor_async.py
[2023-12-03 17:40:57,629] {processor.py:654} INFO - DAG(s) dict_keys(['example_time_delta_sensor_async']) retrieved from /home/airflow/.local/lib/python3.7/site-packages/airflow/example_dags/example_time_delta_sensor_async.py
[2023-12-03 17:40:57,644] {logging_mixin.py:109} INFO - [2023-12-03 17:40:57,644] {dag.py:2398} INFO - Sync 1 DAGs
[2023-12-03 17:40:57,671] {logging_mixin.py:109} INFO - [2023-12-03 17:40:57,670] {dag.py:2937} INFO - Setting next_dagrun for example_time_delta_sensor_async to None
[2023-12-03 17:40:57,690] {processor.py:171} INFO - Processing /home/airflow/.local/lib/python3.7/site-packages/airflow/example_dags/example_time_delta_sensor_async.py took 0.098 seconds
[2023-12-03 17:41:27,850] {processor.py:163} INFO - Started process (PID=157167) to work on /home/airflow/.local/lib/python3.7/site-packages/airflow/example_dags/example_time_delta_sensor_async.py
[2023-12-03 17:41:27,853] {processor.py:642} INFO - Processing file /home/airflow/.local/lib/python3.7/site-packages/airflow/example_dags/example_time_delta_sensor_async.py for tasks to queue
[2023-12-03 17:41:27,854] {logging_mixin.py:109} INFO - [2023-12-03 17:41:27,854] {dagbag.py:500} INFO - Filling up the DagBag from /home/airflow/.local/lib/python3.7/site-packages/airflow/example_dags/example_time_delta_sensor_async.py
[2023-12-03 17:41:27,890] {processor.py:654} INFO - DAG(s) dict_keys(['example_time_delta_sensor_async']) retrieved from /home/airflow/.local/lib/python3.7/site-packages/airflow/example_dags/example_time_delta_sensor_async.py
[2023-12-03 17:41:27,906] {logging_mixin.py:109} INFO - [2023-12-03 17:41:27,905] {dag.py:2398} INFO - Sync 1 DAGs
[2023-12-03 17:41:27,932] {logging_mixin.py:109} INFO - [2023-12-03 17:41:27,931] {dag.py:2937} INFO - Setting next_dagrun for example_time_delta_sensor_async to None
[2023-12-03 17:41:27,947] {processor.py:171} INFO - Processing /home/airflow/.local/lib/python3.7/site-packages/airflow/example_dags/example_time_delta_sensor_async.py took 0.104 seconds
[2023-12-03 17:41:58,149] {processor.py:163} INFO - Started process (PID=157355) to work on /home/airflow/.local/lib/python3.7/site-packages/airflow/example_dags/example_time_delta_sensor_async.py
[2023-12-03 17:41:58,151] {processor.py:642} INFO - Processing file /home/airflow/.local/lib/python3.7/site-packages/airflow/example_dags/example_time_delta_sensor_async.py for tasks to queue
[2023-12-03 17:41:58,152] {logging_mixin.py:109} INFO - [2023-12-03 17:41:58,152] {dagbag.py:500} INFO - Filling up the DagBag from /home/airflow/.local/lib/python3.7/site-packages/airflow/example_dags/example_time_delta_sensor_async.py
[2023-12-03 17:41:58,191] {processor.py:654} INFO - DAG(s) dict_keys(['example_time_delta_sensor_async']) retrieved from /home/airflow/.local/lib/python3.7/site-packages/airflow/example_dags/example_time_delta_sensor_async.py
[2023-12-03 17:41:58,206] {logging_mixin.py:109} INFO - [2023-12-03 17:41:58,206] {dag.py:2398} INFO - Sync 1 DAGs
[2023-12-03 17:41:58,234] {logging_mixin.py:109} INFO - [2023-12-03 17:41:58,234] {dag.py:2937} INFO - Setting next_dagrun for example_time_delta_sensor_async to None
[2023-12-03 17:41:58,249] {processor.py:171} INFO - Processing /home/airflow/.local/lib/python3.7/site-packages/airflow/example_dags/example_time_delta_sensor_async.py took 0.105 seconds
[2023-12-03 17:42:28,833] {processor.py:163} INFO - Started process (PID=157543) to work on /home/airflow/.local/lib/python3.7/site-packages/airflow/example_dags/example_time_delta_sensor_async.py
[2023-12-03 17:42:28,835] {processor.py:642} INFO - Processing file /home/airflow/.local/lib/python3.7/site-packages/airflow/example_dags/example_time_delta_sensor_async.py for tasks to queue
[2023-12-03 17:42:28,836] {logging_mixin.py:109} INFO - [2023-12-03 17:42:28,836] {dagbag.py:500} INFO - Filling up the DagBag from /home/airflow/.local/lib/python3.7/site-packages/airflow/example_dags/example_time_delta_sensor_async.py
[2023-12-03 17:42:28,870] {processor.py:654} INFO - DAG(s) dict_keys(['example_time_delta_sensor_async']) retrieved from /home/airflow/.local/lib/python3.7/site-packages/airflow/example_dags/example_time_delta_sensor_async.py
[2023-12-03 17:42:28,884] {logging_mixin.py:109} INFO - [2023-12-03 17:42:28,884] {dag.py:2398} INFO - Sync 1 DAGs
[2023-12-03 17:42:28,910] {logging_mixin.py:109} INFO - [2023-12-03 17:42:28,910] {dag.py:2937} INFO - Setting next_dagrun for example_time_delta_sensor_async to None
[2023-12-03 17:42:28,927] {processor.py:171} INFO - Processing /home/airflow/.local/lib/python3.7/site-packages/airflow/example_dags/example_time_delta_sensor_async.py took 0.098 seconds
[2023-12-03 17:42:59,456] {processor.py:163} INFO - Started process (PID=157731) to work on /home/airflow/.local/lib/python3.7/site-packages/airflow/example_dags/example_time_delta_sensor_async.py
[2023-12-03 17:42:59,458] {processor.py:642} INFO - Processing file /home/airflow/.local/lib/python3.7/site-packages/airflow/example_dags/example_time_delta_sensor_async.py for tasks to queue
[2023-12-03 17:42:59,459] {logging_mixin.py:109} INFO - [2023-12-03 17:42:59,459] {dagbag.py:500} INFO - Filling up the DagBag from /home/airflow/.local/lib/python3.7/site-packages/airflow/example_dags/example_time_delta_sensor_async.py
[2023-12-03 17:42:59,498] {processor.py:654} INFO - DAG(s) dict_keys(['example_time_delta_sensor_async']) retrieved from /home/airflow/.local/lib/python3.7/site-packages/airflow/example_dags/example_time_delta_sensor_async.py
[2023-12-03 17:42:59,512] {logging_mixin.py:109} INFO - [2023-12-03 17:42:59,512] {dag.py:2398} INFO - Sync 1 DAGs
[2023-12-03 17:42:59,535] {logging_mixin.py:109} INFO - [2023-12-03 17:42:59,535] {dag.py:2937} INFO - Setting next_dagrun for example_time_delta_sensor_async to None
[2023-12-03 17:42:59,549] {processor.py:171} INFO - Processing /home/airflow/.local/lib/python3.7/site-packages/airflow/example_dags/example_time_delta_sensor_async.py took 0.099 seconds
[2023-12-03 17:43:30,273] {processor.py:163} INFO - Started process (PID=157909) to work on /home/airflow/.local/lib/python3.7/site-packages/airflow/example_dags/example_time_delta_sensor_async.py
[2023-12-03 17:43:30,282] {processor.py:642} INFO - Processing file /home/airflow/.local/lib/python3.7/site-packages/airflow/example_dags/example_time_delta_sensor_async.py for tasks to queue
[2023-12-03 17:43:30,284] {logging_mixin.py:109} INFO - [2023-12-03 17:43:30,284] {dagbag.py:500} INFO - Filling up the DagBag from /home/airflow/.local/lib/python3.7/site-packages/airflow/example_dags/example_time_delta_sensor_async.py
[2023-12-03 17:43:30,337] {processor.py:654} INFO - DAG(s) dict_keys(['example_time_delta_sensor_async']) retrieved from /home/airflow/.local/lib/python3.7/site-packages/airflow/example_dags/example_time_delta_sensor_async.py
[2023-12-03 17:43:30,358] {logging_mixin.py:109} INFO - [2023-12-03 17:43:30,358] {dag.py:2398} INFO - Sync 1 DAGs
[2023-12-03 17:43:30,398] {logging_mixin.py:109} INFO - [2023-12-03 17:43:30,398] {dag.py:2937} INFO - Setting next_dagrun for example_time_delta_sensor_async to None
[2023-12-03 17:43:30,427] {processor.py:171} INFO - Processing /home/airflow/.local/lib/python3.7/site-packages/airflow/example_dags/example_time_delta_sensor_async.py took 0.174 seconds
[2023-12-03 17:46:46,458] {processor.py:163} INFO - Started process (PID=158034) to work on /home/airflow/.local/lib/python3.7/site-packages/airflow/example_dags/example_time_delta_sensor_async.py
[2023-12-03 17:46:46,486] {processor.py:642} INFO - Processing file /home/airflow/.local/lib/python3.7/site-packages/airflow/example_dags/example_time_delta_sensor_async.py for tasks to queue
[2023-12-03 17:46:46,488] {logging_mixin.py:109} INFO - [2023-12-03 17:46:46,487] {dagbag.py:500} INFO - Filling up the DagBag from /home/airflow/.local/lib/python3.7/site-packages/airflow/example_dags/example_time_delta_sensor_async.py
[2023-12-03 17:46:46,678] {processor.py:654} INFO - DAG(s) dict_keys(['example_time_delta_sensor_async']) retrieved from /home/airflow/.local/lib/python3.7/site-packages/airflow/example_dags/example_time_delta_sensor_async.py
[2023-12-03 17:46:46,738] {logging_mixin.py:109} INFO - [2023-12-03 17:46:46,738] {dag.py:2398} INFO - Sync 1 DAGs
[2023-12-03 17:46:46,880] {logging_mixin.py:109} INFO - [2023-12-03 17:46:46,879] {dag.py:2937} INFO - Setting next_dagrun for example_time_delta_sensor_async to None
[2023-12-03 17:46:47,029] {processor.py:171} INFO - Processing /home/airflow/.local/lib/python3.7/site-packages/airflow/example_dags/example_time_delta_sensor_async.py took 0.615 seconds
[2023-12-03 17:47:17,229] {processor.py:163} INFO - Started process (PID=158213) to work on /home/airflow/.local/lib/python3.7/site-packages/airflow/example_dags/example_time_delta_sensor_async.py
[2023-12-03 17:47:17,234] {processor.py:642} INFO - Processing file /home/airflow/.local/lib/python3.7/site-packages/airflow/example_dags/example_time_delta_sensor_async.py for tasks to queue
[2023-12-03 17:47:17,242] {logging_mixin.py:109} INFO - [2023-12-03 17:47:17,242] {dagbag.py:500} INFO - Filling up the DagBag from /home/airflow/.local/lib/python3.7/site-packages/airflow/example_dags/example_time_delta_sensor_async.py
[2023-12-03 17:47:17,323] {processor.py:654} INFO - DAG(s) dict_keys(['example_time_delta_sensor_async']) retrieved from /home/airflow/.local/lib/python3.7/site-packages/airflow/example_dags/example_time_delta_sensor_async.py
[2023-12-03 17:47:17,353] {logging_mixin.py:109} INFO - [2023-12-03 17:47:17,353] {dag.py:2398} INFO - Sync 1 DAGs
[2023-12-03 17:47:17,433] {logging_mixin.py:109} INFO - [2023-12-03 17:47:17,433] {dag.py:2937} INFO - Setting next_dagrun for example_time_delta_sensor_async to None
[2023-12-03 17:47:17,468] {processor.py:171} INFO - Processing /home/airflow/.local/lib/python3.7/site-packages/airflow/example_dags/example_time_delta_sensor_async.py took 0.245 seconds
[2023-12-03 17:47:48,502] {processor.py:163} INFO - Started process (PID=158401) to work on /home/airflow/.local/lib/python3.7/site-packages/airflow/example_dags/example_time_delta_sensor_async.py
[2023-12-03 17:47:48,515] {processor.py:642} INFO - Processing file /home/airflow/.local/lib/python3.7/site-packages/airflow/example_dags/example_time_delta_sensor_async.py for tasks to queue
[2023-12-03 17:47:48,517] {logging_mixin.py:109} INFO - [2023-12-03 17:47:48,517] {dagbag.py:500} INFO - Filling up the DagBag from /home/airflow/.local/lib/python3.7/site-packages/airflow/example_dags/example_time_delta_sensor_async.py
[2023-12-03 17:47:48,592] {processor.py:654} INFO - DAG(s) dict_keys(['example_time_delta_sensor_async']) retrieved from /home/airflow/.local/lib/python3.7/site-packages/airflow/example_dags/example_time_delta_sensor_async.py
[2023-12-03 17:47:48,626] {logging_mixin.py:109} INFO - [2023-12-03 17:47:48,625] {dag.py:2398} INFO - Sync 1 DAGs
[2023-12-03 17:47:48,677] {logging_mixin.py:109} INFO - [2023-12-03 17:47:48,676] {dag.py:2937} INFO - Setting next_dagrun for example_time_delta_sensor_async to None
[2023-12-03 17:47:48,718] {processor.py:171} INFO - Processing /home/airflow/.local/lib/python3.7/site-packages/airflow/example_dags/example_time_delta_sensor_async.py took 0.223 seconds
[2023-12-03 17:48:19,642] {processor.py:163} INFO - Started process (PID=158586) to work on /home/airflow/.local/lib/python3.7/site-packages/airflow/example_dags/example_time_delta_sensor_async.py
[2023-12-03 17:48:19,645] {processor.py:642} INFO - Processing file /home/airflow/.local/lib/python3.7/site-packages/airflow/example_dags/example_time_delta_sensor_async.py for tasks to queue
[2023-12-03 17:48:19,646] {logging_mixin.py:109} INFO - [2023-12-03 17:48:19,646] {dagbag.py:500} INFO - Filling up the DagBag from /home/airflow/.local/lib/python3.7/site-packages/airflow/example_dags/example_time_delta_sensor_async.py
[2023-12-03 17:48:19,694] {processor.py:654} INFO - DAG(s) dict_keys(['example_time_delta_sensor_async']) retrieved from /home/airflow/.local/lib/python3.7/site-packages/airflow/example_dags/example_time_delta_sensor_async.py
[2023-12-03 17:48:19,719] {logging_mixin.py:109} INFO - [2023-12-03 17:48:19,719] {dag.py:2398} INFO - Sync 1 DAGs
[2023-12-03 17:48:19,760] {logging_mixin.py:109} INFO - [2023-12-03 17:48:19,760] {dag.py:2937} INFO - Setting next_dagrun for example_time_delta_sensor_async to None
[2023-12-03 17:48:19,784] {processor.py:171} INFO - Processing /home/airflow/.local/lib/python3.7/site-packages/airflow/example_dags/example_time_delta_sensor_async.py took 0.150 seconds
[2023-12-03 17:48:50,378] {processor.py:163} INFO - Started process (PID=158781) to work on /home/airflow/.local/lib/python3.7/site-packages/airflow/example_dags/example_time_delta_sensor_async.py
[2023-12-03 17:48:50,380] {processor.py:642} INFO - Processing file /home/airflow/.local/lib/python3.7/site-packages/airflow/example_dags/example_time_delta_sensor_async.py for tasks to queue
[2023-12-03 17:48:50,381] {logging_mixin.py:109} INFO - [2023-12-03 17:48:50,381] {dagbag.py:500} INFO - Filling up the DagBag from /home/airflow/.local/lib/python3.7/site-packages/airflow/example_dags/example_time_delta_sensor_async.py
[2023-12-03 17:48:50,421] {processor.py:654} INFO - DAG(s) dict_keys(['example_time_delta_sensor_async']) retrieved from /home/airflow/.local/lib/python3.7/site-packages/airflow/example_dags/example_time_delta_sensor_async.py
[2023-12-03 17:48:50,435] {logging_mixin.py:109} INFO - [2023-12-03 17:48:50,435] {dag.py:2398} INFO - Sync 1 DAGs
[2023-12-03 17:48:50,471] {logging_mixin.py:109} INFO - [2023-12-03 17:48:50,471] {dag.py:2937} INFO - Setting next_dagrun for example_time_delta_sensor_async to None
[2023-12-03 17:48:50,498] {processor.py:171} INFO - Processing /home/airflow/.local/lib/python3.7/site-packages/airflow/example_dags/example_time_delta_sensor_async.py took 0.127 seconds
[2023-12-03 17:49:20,635] {processor.py:163} INFO - Started process (PID=158971) to work on /home/airflow/.local/lib/python3.7/site-packages/airflow/example_dags/example_time_delta_sensor_async.py
[2023-12-03 17:49:20,638] {processor.py:642} INFO - Processing file /home/airflow/.local/lib/python3.7/site-packages/airflow/example_dags/example_time_delta_sensor_async.py for tasks to queue
[2023-12-03 17:49:20,639] {logging_mixin.py:109} INFO - [2023-12-03 17:49:20,638] {dagbag.py:500} INFO - Filling up the DagBag from /home/airflow/.local/lib/python3.7/site-packages/airflow/example_dags/example_time_delta_sensor_async.py
[2023-12-03 17:49:20,678] {processor.py:654} INFO - DAG(s) dict_keys(['example_time_delta_sensor_async']) retrieved from /home/airflow/.local/lib/python3.7/site-packages/airflow/example_dags/example_time_delta_sensor_async.py
[2023-12-03 17:49:20,702] {logging_mixin.py:109} INFO - [2023-12-03 17:49:20,701] {dag.py:2398} INFO - Sync 1 DAGs
[2023-12-03 17:49:20,736] {logging_mixin.py:109} INFO - [2023-12-03 17:49:20,736] {dag.py:2937} INFO - Setting next_dagrun for example_time_delta_sensor_async to None
[2023-12-03 17:49:20,752] {processor.py:171} INFO - Processing /home/airflow/.local/lib/python3.7/site-packages/airflow/example_dags/example_time_delta_sensor_async.py took 0.123 seconds
[2023-12-03 17:49:50,878] {processor.py:163} INFO - Started process (PID=159159) to work on /home/airflow/.local/lib/python3.7/site-packages/airflow/example_dags/example_time_delta_sensor_async.py
[2023-12-03 17:49:50,880] {processor.py:642} INFO - Processing file /home/airflow/.local/lib/python3.7/site-packages/airflow/example_dags/example_time_delta_sensor_async.py for tasks to queue
[2023-12-03 17:49:50,881] {logging_mixin.py:109} INFO - [2023-12-03 17:49:50,881] {dagbag.py:500} INFO - Filling up the DagBag from /home/airflow/.local/lib/python3.7/site-packages/airflow/example_dags/example_time_delta_sensor_async.py
[2023-12-03 17:49:50,919] {processor.py:654} INFO - DAG(s) dict_keys(['example_time_delta_sensor_async']) retrieved from /home/airflow/.local/lib/python3.7/site-packages/airflow/example_dags/example_time_delta_sensor_async.py
[2023-12-03 17:49:50,935] {logging_mixin.py:109} INFO - [2023-12-03 17:49:50,935] {dag.py:2398} INFO - Sync 1 DAGs
[2023-12-03 17:49:50,960] {logging_mixin.py:109} INFO - [2023-12-03 17:49:50,960] {dag.py:2937} INFO - Setting next_dagrun for example_time_delta_sensor_async to None
[2023-12-03 17:49:50,975] {processor.py:171} INFO - Processing /home/airflow/.local/lib/python3.7/site-packages/airflow/example_dags/example_time_delta_sensor_async.py took 0.104 seconds
[2023-12-03 17:50:21,407] {processor.py:163} INFO - Started process (PID=159347) to work on /home/airflow/.local/lib/python3.7/site-packages/airflow/example_dags/example_time_delta_sensor_async.py
[2023-12-03 17:50:21,410] {processor.py:642} INFO - Processing file /home/airflow/.local/lib/python3.7/site-packages/airflow/example_dags/example_time_delta_sensor_async.py for tasks to queue
[2023-12-03 17:50:21,411] {logging_mixin.py:109} INFO - [2023-12-03 17:50:21,411] {dagbag.py:500} INFO - Filling up the DagBag from /home/airflow/.local/lib/python3.7/site-packages/airflow/example_dags/example_time_delta_sensor_async.py
[2023-12-03 17:50:21,449] {processor.py:654} INFO - DAG(s) dict_keys(['example_time_delta_sensor_async']) retrieved from /home/airflow/.local/lib/python3.7/site-packages/airflow/example_dags/example_time_delta_sensor_async.py
[2023-12-03 17:50:21,467] {logging_mixin.py:109} INFO - [2023-12-03 17:50:21,467] {dag.py:2398} INFO - Sync 1 DAGs
[2023-12-03 17:50:21,495] {logging_mixin.py:109} INFO - [2023-12-03 17:50:21,495] {dag.py:2937} INFO - Setting next_dagrun for example_time_delta_sensor_async to None
[2023-12-03 17:50:21,510] {processor.py:171} INFO - Processing /home/airflow/.local/lib/python3.7/site-packages/airflow/example_dags/example_time_delta_sensor_async.py took 0.109 seconds
[2023-12-03 17:50:52,078] {processor.py:163} INFO - Started process (PID=159535) to work on /home/airflow/.local/lib/python3.7/site-packages/airflow/example_dags/example_time_delta_sensor_async.py
[2023-12-03 17:50:52,080] {processor.py:642} INFO - Processing file /home/airflow/.local/lib/python3.7/site-packages/airflow/example_dags/example_time_delta_sensor_async.py for tasks to queue
[2023-12-03 17:50:52,081] {logging_mixin.py:109} INFO - [2023-12-03 17:50:52,081] {dagbag.py:500} INFO - Filling up the DagBag from /home/airflow/.local/lib/python3.7/site-packages/airflow/example_dags/example_time_delta_sensor_async.py
[2023-12-03 17:50:52,115] {processor.py:654} INFO - DAG(s) dict_keys(['example_time_delta_sensor_async']) retrieved from /home/airflow/.local/lib/python3.7/site-packages/airflow/example_dags/example_time_delta_sensor_async.py
[2023-12-03 17:50:52,129] {logging_mixin.py:109} INFO - [2023-12-03 17:50:52,129] {dag.py:2398} INFO - Sync 1 DAGs
[2023-12-03 17:50:52,152] {logging_mixin.py:109} INFO - [2023-12-03 17:50:52,152] {dag.py:2937} INFO - Setting next_dagrun for example_time_delta_sensor_async to None
[2023-12-03 17:50:52,168] {processor.py:171} INFO - Processing /home/airflow/.local/lib/python3.7/site-packages/airflow/example_dags/example_time_delta_sensor_async.py took 0.096 seconds
[2023-12-03 22:16:52,221] {processor.py:163} INFO - Started process (PID=159779) to work on /home/airflow/.local/lib/python3.7/site-packages/airflow/example_dags/example_time_delta_sensor_async.py
[2023-12-03 22:16:52,249] {processor.py:642} INFO - Processing file /home/airflow/.local/lib/python3.7/site-packages/airflow/example_dags/example_time_delta_sensor_async.py for tasks to queue
[2023-12-03 22:16:52,250] {logging_mixin.py:109} INFO - [2023-12-03 22:16:52,250] {dagbag.py:500} INFO - Filling up the DagBag from /home/airflow/.local/lib/python3.7/site-packages/airflow/example_dags/example_time_delta_sensor_async.py
[2023-12-03 22:16:52,377] {processor.py:654} INFO - DAG(s) dict_keys(['example_time_delta_sensor_async']) retrieved from /home/airflow/.local/lib/python3.7/site-packages/airflow/example_dags/example_time_delta_sensor_async.py
[2023-12-03 22:16:52,428] {logging_mixin.py:109} INFO - [2023-12-03 22:16:52,427] {dag.py:2398} INFO - Sync 1 DAGs
[2023-12-03 22:16:52,542] {logging_mixin.py:109} INFO - [2023-12-03 22:16:52,542] {dag.py:2937} INFO - Setting next_dagrun for example_time_delta_sensor_async to None
[2023-12-03 22:16:52,663] {processor.py:171} INFO - Processing /home/airflow/.local/lib/python3.7/site-packages/airflow/example_dags/example_time_delta_sensor_async.py took 0.473 seconds
[2023-12-03 22:17:43,496] {processor.py:163} INFO - Started process (PID=159967) to work on /home/airflow/.local/lib/python3.7/site-packages/airflow/example_dags/example_time_delta_sensor_async.py
[2023-12-03 22:17:43,547] {processor.py:642} INFO - Processing file /home/airflow/.local/lib/python3.7/site-packages/airflow/example_dags/example_time_delta_sensor_async.py for tasks to queue
[2023-12-03 22:17:43,548] {logging_mixin.py:109} INFO - [2023-12-03 22:17:43,548] {dagbag.py:500} INFO - Filling up the DagBag from /home/airflow/.local/lib/python3.7/site-packages/airflow/example_dags/example_time_delta_sensor_async.py
[2023-12-03 22:17:43,610] {processor.py:654} INFO - DAG(s) dict_keys(['example_time_delta_sensor_async']) retrieved from /home/airflow/.local/lib/python3.7/site-packages/airflow/example_dags/example_time_delta_sensor_async.py
[2023-12-03 22:17:43,646] {logging_mixin.py:109} INFO - [2023-12-03 22:17:43,646] {dag.py:2398} INFO - Sync 1 DAGs
[2023-12-03 22:17:43,729] {logging_mixin.py:109} INFO - [2023-12-03 22:17:43,729] {dag.py:2937} INFO - Setting next_dagrun for example_time_delta_sensor_async to None
