[2023-12-03 17:32:55,899] {processor.py:163} INFO - Started process (PID=154071) to work on /home/airflow/.local/lib/python3.7/site-packages/airflow/example_dags/example_sla_dag.py
[2023-12-03 17:32:55,913] {processor.py:642} INFO - Processing file /home/airflow/.local/lib/python3.7/site-packages/airflow/example_dags/example_sla_dag.py for tasks to queue
[2023-12-03 17:32:55,915] {logging_mixin.py:109} INFO - [2023-12-03 17:32:55,914] {dagbag.py:500} INFO - Filling up the DagBag from /home/airflow/.local/lib/python3.7/site-packages/airflow/example_dags/example_sla_dag.py
[2023-12-03 17:32:56,131] {processor.py:654} INFO - DAG(s) dict_keys(['example_sla_dag']) retrieved from /home/airflow/.local/lib/python3.7/site-packages/airflow/example_dags/example_sla_dag.py
[2023-12-03 17:32:56,211] {logging_mixin.py:109} INFO - [2023-12-03 17:32:56,211] {dag.py:2398} INFO - Sync 1 DAGs
[2023-12-03 17:32:56,372] {logging_mixin.py:109} INFO - [2023-12-03 17:32:56,372] {dag.py:2937} INFO - Setting next_dagrun for example_sla_dag to 2023-12-03T17:30:00+00:00
[2023-12-03 17:32:56,545] {processor.py:171} INFO - Processing /home/airflow/.local/lib/python3.7/site-packages/airflow/example_dags/example_sla_dag.py took 0.667 seconds
[2023-12-03 17:33:28,911] {processor.py:163} INFO - Started process (PID=154257) to work on /home/airflow/.local/lib/python3.7/site-packages/airflow/example_dags/example_sla_dag.py
[2023-12-03 17:33:28,913] {processor.py:642} INFO - Processing file /home/airflow/.local/lib/python3.7/site-packages/airflow/example_dags/example_sla_dag.py for tasks to queue
[2023-12-03 17:33:28,915] {logging_mixin.py:109} INFO - [2023-12-03 17:33:28,915] {dagbag.py:500} INFO - Filling up the DagBag from /home/airflow/.local/lib/python3.7/site-packages/airflow/example_dags/example_sla_dag.py
[2023-12-03 17:33:29,072] {processor.py:654} INFO - DAG(s) dict_keys(['example_sla_dag']) retrieved from /home/airflow/.local/lib/python3.7/site-packages/airflow/example_dags/example_sla_dag.py
[2023-12-03 17:33:29,121] {logging_mixin.py:109} INFO - [2023-12-03 17:33:29,120] {dag.py:2398} INFO - Sync 1 DAGs
[2023-12-03 17:33:29,203] {logging_mixin.py:109} INFO - [2023-12-03 17:33:29,202] {dag.py:2937} INFO - Setting next_dagrun for example_sla_dag to 2023-12-03T17:30:00+00:00
[2023-12-03 17:33:29,254] {processor.py:171} INFO - Processing /home/airflow/.local/lib/python3.7/site-packages/airflow/example_dags/example_sla_dag.py took 0.358 seconds
[2023-12-03 17:34:01,073] {processor.py:163} INFO - Started process (PID=154438) to work on /home/airflow/.local/lib/python3.7/site-packages/airflow/example_dags/example_sla_dag.py
[2023-12-03 17:34:01,118] {processor.py:642} INFO - Processing file /home/airflow/.local/lib/python3.7/site-packages/airflow/example_dags/example_sla_dag.py for tasks to queue
[2023-12-03 17:34:01,120] {logging_mixin.py:109} INFO - [2023-12-03 17:34:01,119] {dagbag.py:500} INFO - Filling up the DagBag from /home/airflow/.local/lib/python3.7/site-packages/airflow/example_dags/example_sla_dag.py
[2023-12-03 17:34:01,327] {processor.py:654} INFO - DAG(s) dict_keys(['example_sla_dag']) retrieved from /home/airflow/.local/lib/python3.7/site-packages/airflow/example_dags/example_sla_dag.py
[2023-12-03 17:34:01,389] {logging_mixin.py:109} INFO - [2023-12-03 17:34:01,379] {dag.py:2398} INFO - Sync 1 DAGs
[2023-12-03 17:34:01,537] {logging_mixin.py:109} INFO - [2023-12-03 17:34:01,537] {dag.py:2937} INFO - Setting next_dagrun for example_sla_dag to 2023-12-03T17:32:00+00:00
[2023-12-03 17:34:01,627] {processor.py:171} INFO - Processing /home/airflow/.local/lib/python3.7/site-packages/airflow/example_dags/example_sla_dag.py took 0.583 seconds
[2023-12-03 17:34:34,455] {processor.py:163} INFO - Started process (PID=154626) to work on /home/airflow/.local/lib/python3.7/site-packages/airflow/example_dags/example_sla_dag.py
[2023-12-03 17:34:34,461] {processor.py:642} INFO - Processing file /home/airflow/.local/lib/python3.7/site-packages/airflow/example_dags/example_sla_dag.py for tasks to queue
[2023-12-03 17:34:34,463] {logging_mixin.py:109} INFO - [2023-12-03 17:34:34,463] {dagbag.py:500} INFO - Filling up the DagBag from /home/airflow/.local/lib/python3.7/site-packages/airflow/example_dags/example_sla_dag.py
[2023-12-03 17:34:34,625] {processor.py:654} INFO - DAG(s) dict_keys(['example_sla_dag']) retrieved from /home/airflow/.local/lib/python3.7/site-packages/airflow/example_dags/example_sla_dag.py
[2023-12-03 17:34:34,693] {logging_mixin.py:109} INFO - [2023-12-03 17:34:34,693] {dag.py:2398} INFO - Sync 1 DAGs
[2023-12-03 17:34:34,763] {logging_mixin.py:109} INFO - [2023-12-03 17:34:34,763] {dag.py:2937} INFO - Setting next_dagrun for example_sla_dag to 2023-12-03T17:32:00+00:00
[2023-12-03 17:34:34,817] {processor.py:171} INFO - Processing /home/airflow/.local/lib/python3.7/site-packages/airflow/example_dags/example_sla_dag.py took 0.377 seconds
[2023-12-03 17:35:06,553] {processor.py:163} INFO - Started process (PID=154805) to work on /home/airflow/.local/lib/python3.7/site-packages/airflow/example_dags/example_sla_dag.py
[2023-12-03 17:35:06,558] {processor.py:642} INFO - Processing file /home/airflow/.local/lib/python3.7/site-packages/airflow/example_dags/example_sla_dag.py for tasks to queue
[2023-12-03 17:35:06,559] {logging_mixin.py:109} INFO - [2023-12-03 17:35:06,559] {dagbag.py:500} INFO - Filling up the DagBag from /home/airflow/.local/lib/python3.7/site-packages/airflow/example_dags/example_sla_dag.py
[2023-12-03 17:35:06,667] {processor.py:654} INFO - DAG(s) dict_keys(['example_sla_dag']) retrieved from /home/airflow/.local/lib/python3.7/site-packages/airflow/example_dags/example_sla_dag.py
[2023-12-03 17:35:06,731] {logging_mixin.py:109} INFO - [2023-12-03 17:35:06,730] {dag.py:2398} INFO - Sync 1 DAGs
[2023-12-03 17:35:06,873] {logging_mixin.py:109} INFO - [2023-12-03 17:35:06,873] {dag.py:2937} INFO - Setting next_dagrun for example_sla_dag to 2023-12-03T17:32:00+00:00
[2023-12-03 17:35:06,962] {processor.py:171} INFO - Processing /home/airflow/.local/lib/python3.7/site-packages/airflow/example_dags/example_sla_dag.py took 0.426 seconds
[2023-12-03 17:35:39,351] {processor.py:163} INFO - Started process (PID=154993) to work on /home/airflow/.local/lib/python3.7/site-packages/airflow/example_dags/example_sla_dag.py
[2023-12-03 17:35:39,369] {processor.py:642} INFO - Processing file /home/airflow/.local/lib/python3.7/site-packages/airflow/example_dags/example_sla_dag.py for tasks to queue
[2023-12-03 17:35:39,370] {logging_mixin.py:109} INFO - [2023-12-03 17:35:39,370] {dagbag.py:500} INFO - Filling up the DagBag from /home/airflow/.local/lib/python3.7/site-packages/airflow/example_dags/example_sla_dag.py
[2023-12-03 17:35:39,473] {processor.py:654} INFO - DAG(s) dict_keys(['example_sla_dag']) retrieved from /home/airflow/.local/lib/python3.7/site-packages/airflow/example_dags/example_sla_dag.py
[2023-12-03 17:35:39,537] {logging_mixin.py:109} INFO - [2023-12-03 17:35:39,537] {dag.py:2398} INFO - Sync 1 DAGs
[2023-12-03 17:35:39,679] {logging_mixin.py:109} INFO - [2023-12-03 17:35:39,669] {dag.py:2937} INFO - Setting next_dagrun for example_sla_dag to 2023-12-03T17:32:00+00:00
[2023-12-03 17:35:39,740] {processor.py:171} INFO - Processing /home/airflow/.local/lib/python3.7/site-packages/airflow/example_dags/example_sla_dag.py took 0.398 seconds
[2023-12-03 17:36:11,703] {processor.py:163} INFO - Started process (PID=155181) to work on /home/airflow/.local/lib/python3.7/site-packages/airflow/example_dags/example_sla_dag.py
[2023-12-03 17:36:11,717] {processor.py:642} INFO - Processing file /home/airflow/.local/lib/python3.7/site-packages/airflow/example_dags/example_sla_dag.py for tasks to queue
[2023-12-03 17:36:11,722] {logging_mixin.py:109} INFO - [2023-12-03 17:36:11,722] {dagbag.py:500} INFO - Filling up the DagBag from /home/airflow/.local/lib/python3.7/site-packages/airflow/example_dags/example_sla_dag.py
[2023-12-03 17:36:11,861] {processor.py:654} INFO - DAG(s) dict_keys(['example_sla_dag']) retrieved from /home/airflow/.local/lib/python3.7/site-packages/airflow/example_dags/example_sla_dag.py
[2023-12-03 17:36:11,925] {logging_mixin.py:109} INFO - [2023-12-03 17:36:11,924] {dag.py:2398} INFO - Sync 1 DAGs
[2023-12-03 17:36:12,044] {logging_mixin.py:109} INFO - [2023-12-03 17:36:12,044] {dag.py:2937} INFO - Setting next_dagrun for example_sla_dag to 2023-12-03T17:34:00+00:00
[2023-12-03 17:36:12,089] {processor.py:171} INFO - Processing /home/airflow/.local/lib/python3.7/site-packages/airflow/example_dags/example_sla_dag.py took 0.404 seconds
[2023-12-03 17:36:43,412] {processor.py:163} INFO - Started process (PID=155360) to work on /home/airflow/.local/lib/python3.7/site-packages/airflow/example_dags/example_sla_dag.py
[2023-12-03 17:36:43,419] {processor.py:642} INFO - Processing file /home/airflow/.local/lib/python3.7/site-packages/airflow/example_dags/example_sla_dag.py for tasks to queue
[2023-12-03 17:36:43,428] {logging_mixin.py:109} INFO - [2023-12-03 17:36:43,428] {dagbag.py:500} INFO - Filling up the DagBag from /home/airflow/.local/lib/python3.7/site-packages/airflow/example_dags/example_sla_dag.py
[2023-12-03 17:36:43,604] {processor.py:654} INFO - DAG(s) dict_keys(['example_sla_dag']) retrieved from /home/airflow/.local/lib/python3.7/site-packages/airflow/example_dags/example_sla_dag.py
[2023-12-03 17:36:43,669] {logging_mixin.py:109} INFO - [2023-12-03 17:36:43,669] {dag.py:2398} INFO - Sync 1 DAGs
[2023-12-03 17:36:43,800] {logging_mixin.py:109} INFO - [2023-12-03 17:36:43,800] {dag.py:2937} INFO - Setting next_dagrun for example_sla_dag to 2023-12-03T17:34:00+00:00
[2023-12-03 17:36:43,841] {processor.py:171} INFO - Processing /home/airflow/.local/lib/python3.7/site-packages/airflow/example_dags/example_sla_dag.py took 0.461 seconds
[2023-12-03 17:37:13,908] {processor.py:163} INFO - Started process (PID=155548) to work on /home/airflow/.local/lib/python3.7/site-packages/airflow/example_dags/example_sla_dag.py
[2023-12-03 17:37:13,910] {processor.py:642} INFO - Processing file /home/airflow/.local/lib/python3.7/site-packages/airflow/example_dags/example_sla_dag.py for tasks to queue
[2023-12-03 17:37:13,911] {logging_mixin.py:109} INFO - [2023-12-03 17:37:13,911] {dagbag.py:500} INFO - Filling up the DagBag from /home/airflow/.local/lib/python3.7/site-packages/airflow/example_dags/example_sla_dag.py
[2023-12-03 17:37:13,950] {processor.py:654} INFO - DAG(s) dict_keys(['example_sla_dag']) retrieved from /home/airflow/.local/lib/python3.7/site-packages/airflow/example_dags/example_sla_dag.py
[2023-12-03 17:37:13,963] {logging_mixin.py:109} INFO - [2023-12-03 17:37:13,962] {dag.py:2398} INFO - Sync 1 DAGs
[2023-12-03 17:37:13,991] {logging_mixin.py:109} INFO - [2023-12-03 17:37:13,991] {dag.py:2937} INFO - Setting next_dagrun for example_sla_dag to 2023-12-03T17:34:00+00:00
[2023-12-03 17:37:14,007] {processor.py:171} INFO - Processing /home/airflow/.local/lib/python3.7/site-packages/airflow/example_dags/example_sla_dag.py took 0.103 seconds
[2023-12-03 17:37:44,077] {processor.py:163} INFO - Started process (PID=155730) to work on /home/airflow/.local/lib/python3.7/site-packages/airflow/example_dags/example_sla_dag.py
[2023-12-03 17:37:44,080] {processor.py:642} INFO - Processing file /home/airflow/.local/lib/python3.7/site-packages/airflow/example_dags/example_sla_dag.py for tasks to queue
[2023-12-03 17:37:44,081] {logging_mixin.py:109} INFO - [2023-12-03 17:37:44,080] {dagbag.py:500} INFO - Filling up the DagBag from /home/airflow/.local/lib/python3.7/site-packages/airflow/example_dags/example_sla_dag.py
[2023-12-03 17:37:44,127] {processor.py:654} INFO - DAG(s) dict_keys(['example_sla_dag']) retrieved from /home/airflow/.local/lib/python3.7/site-packages/airflow/example_dags/example_sla_dag.py
[2023-12-03 17:37:44,140] {logging_mixin.py:109} INFO - [2023-12-03 17:37:44,140] {dag.py:2398} INFO - Sync 1 DAGs
[2023-12-03 17:37:44,172] {logging_mixin.py:109} INFO - [2023-12-03 17:37:44,172] {dag.py:2937} INFO - Setting next_dagrun for example_sla_dag to 2023-12-03T17:34:00+00:00
[2023-12-03 17:37:44,189] {processor.py:171} INFO - Processing /home/airflow/.local/lib/python3.7/site-packages/airflow/example_dags/example_sla_dag.py took 0.117 seconds
[2023-12-03 17:38:14,627] {processor.py:163} INFO - Started process (PID=155929) to work on /home/airflow/.local/lib/python3.7/site-packages/airflow/example_dags/example_sla_dag.py
[2023-12-03 17:38:14,630] {processor.py:642} INFO - Processing file /home/airflow/.local/lib/python3.7/site-packages/airflow/example_dags/example_sla_dag.py for tasks to queue
[2023-12-03 17:38:14,632] {logging_mixin.py:109} INFO - [2023-12-03 17:38:14,632] {dagbag.py:500} INFO - Filling up the DagBag from /home/airflow/.local/lib/python3.7/site-packages/airflow/example_dags/example_sla_dag.py
[2023-12-03 17:38:14,684] {processor.py:654} INFO - DAG(s) dict_keys(['example_sla_dag']) retrieved from /home/airflow/.local/lib/python3.7/site-packages/airflow/example_dags/example_sla_dag.py
[2023-12-03 17:38:14,702] {logging_mixin.py:109} INFO - [2023-12-03 17:38:14,702] {dag.py:2398} INFO - Sync 1 DAGs
[2023-12-03 17:38:14,743] {logging_mixin.py:109} INFO - [2023-12-03 17:38:14,743] {dag.py:2937} INFO - Setting next_dagrun for example_sla_dag to 2023-12-03T17:36:00+00:00
[2023-12-03 17:38:14,761] {processor.py:171} INFO - Processing /home/airflow/.local/lib/python3.7/site-packages/airflow/example_dags/example_sla_dag.py took 0.141 seconds
[2023-12-03 17:38:44,824] {processor.py:163} INFO - Started process (PID=156115) to work on /home/airflow/.local/lib/python3.7/site-packages/airflow/example_dags/example_sla_dag.py
[2023-12-03 17:38:44,827] {processor.py:642} INFO - Processing file /home/airflow/.local/lib/python3.7/site-packages/airflow/example_dags/example_sla_dag.py for tasks to queue
[2023-12-03 17:38:44,827] {logging_mixin.py:109} INFO - [2023-12-03 17:38:44,827] {dagbag.py:500} INFO - Filling up the DagBag from /home/airflow/.local/lib/python3.7/site-packages/airflow/example_dags/example_sla_dag.py
[2023-12-03 17:38:44,864] {processor.py:654} INFO - DAG(s) dict_keys(['example_sla_dag']) retrieved from /home/airflow/.local/lib/python3.7/site-packages/airflow/example_dags/example_sla_dag.py
[2023-12-03 17:38:44,877] {logging_mixin.py:109} INFO - [2023-12-03 17:38:44,877] {dag.py:2398} INFO - Sync 1 DAGs
[2023-12-03 17:38:44,904] {logging_mixin.py:109} INFO - [2023-12-03 17:38:44,903] {dag.py:2937} INFO - Setting next_dagrun for example_sla_dag to 2023-12-03T17:36:00+00:00
[2023-12-03 17:38:44,918] {processor.py:171} INFO - Processing /home/airflow/.local/lib/python3.7/site-packages/airflow/example_dags/example_sla_dag.py took 0.097 seconds
[2023-12-03 17:39:15,287] {processor.py:163} INFO - Started process (PID=156298) to work on /home/airflow/.local/lib/python3.7/site-packages/airflow/example_dags/example_sla_dag.py
[2023-12-03 17:39:15,289] {processor.py:642} INFO - Processing file /home/airflow/.local/lib/python3.7/site-packages/airflow/example_dags/example_sla_dag.py for tasks to queue
[2023-12-03 17:39:15,290] {logging_mixin.py:109} INFO - [2023-12-03 17:39:15,290] {dagbag.py:500} INFO - Filling up the DagBag from /home/airflow/.local/lib/python3.7/site-packages/airflow/example_dags/example_sla_dag.py
[2023-12-03 17:39:15,329] {processor.py:654} INFO - DAG(s) dict_keys(['example_sla_dag']) retrieved from /home/airflow/.local/lib/python3.7/site-packages/airflow/example_dags/example_sla_dag.py
[2023-12-03 17:39:15,342] {logging_mixin.py:109} INFO - [2023-12-03 17:39:15,342] {dag.py:2398} INFO - Sync 1 DAGs
[2023-12-03 17:39:15,369] {logging_mixin.py:109} INFO - [2023-12-03 17:39:15,368] {dag.py:2937} INFO - Setting next_dagrun for example_sla_dag to 2023-12-03T17:36:00+00:00
[2023-12-03 17:39:15,385] {processor.py:171} INFO - Processing /home/airflow/.local/lib/python3.7/site-packages/airflow/example_dags/example_sla_dag.py took 0.104 seconds
[2023-12-03 17:39:45,843] {processor.py:163} INFO - Started process (PID=156486) to work on /home/airflow/.local/lib/python3.7/site-packages/airflow/example_dags/example_sla_dag.py
[2023-12-03 17:39:45,845] {processor.py:642} INFO - Processing file /home/airflow/.local/lib/python3.7/site-packages/airflow/example_dags/example_sla_dag.py for tasks to queue
[2023-12-03 17:39:45,846] {logging_mixin.py:109} INFO - [2023-12-03 17:39:45,846] {dagbag.py:500} INFO - Filling up the DagBag from /home/airflow/.local/lib/python3.7/site-packages/airflow/example_dags/example_sla_dag.py
[2023-12-03 17:39:45,894] {processor.py:654} INFO - DAG(s) dict_keys(['example_sla_dag']) retrieved from /home/airflow/.local/lib/python3.7/site-packages/airflow/example_dags/example_sla_dag.py
[2023-12-03 17:39:45,911] {logging_mixin.py:109} INFO - [2023-12-03 17:39:45,911] {dag.py:2398} INFO - Sync 1 DAGs
[2023-12-03 17:39:45,944] {logging_mixin.py:109} INFO - [2023-12-03 17:39:45,944] {dag.py:2937} INFO - Setting next_dagrun for example_sla_dag to 2023-12-03T17:36:00+00:00
[2023-12-03 17:39:45,960] {processor.py:171} INFO - Processing /home/airflow/.local/lib/python3.7/site-packages/airflow/example_dags/example_sla_dag.py took 0.123 seconds
[2023-12-03 17:40:16,155] {processor.py:163} INFO - Started process (PID=156674) to work on /home/airflow/.local/lib/python3.7/site-packages/airflow/example_dags/example_sla_dag.py
[2023-12-03 17:40:16,157] {processor.py:642} INFO - Processing file /home/airflow/.local/lib/python3.7/site-packages/airflow/example_dags/example_sla_dag.py for tasks to queue
[2023-12-03 17:40:16,158] {logging_mixin.py:109} INFO - [2023-12-03 17:40:16,158] {dagbag.py:500} INFO - Filling up the DagBag from /home/airflow/.local/lib/python3.7/site-packages/airflow/example_dags/example_sla_dag.py
[2023-12-03 17:40:16,217] {processor.py:654} INFO - DAG(s) dict_keys(['example_sla_dag']) retrieved from /home/airflow/.local/lib/python3.7/site-packages/airflow/example_dags/example_sla_dag.py
[2023-12-03 17:40:16,234] {logging_mixin.py:109} INFO - [2023-12-03 17:40:16,234] {dag.py:2398} INFO - Sync 1 DAGs
[2023-12-03 17:40:16,273] {logging_mixin.py:109} INFO - [2023-12-03 17:40:16,273] {dag.py:2937} INFO - Setting next_dagrun for example_sla_dag to 2023-12-03T17:38:00+00:00
[2023-12-03 17:40:16,293] {processor.py:171} INFO - Processing /home/airflow/.local/lib/python3.7/site-packages/airflow/example_dags/example_sla_dag.py took 0.144 seconds
[2023-12-03 17:40:46,710] {processor.py:163} INFO - Started process (PID=156871) to work on /home/airflow/.local/lib/python3.7/site-packages/airflow/example_dags/example_sla_dag.py
[2023-12-03 17:40:46,712] {processor.py:642} INFO - Processing file /home/airflow/.local/lib/python3.7/site-packages/airflow/example_dags/example_sla_dag.py for tasks to queue
[2023-12-03 17:40:46,714] {logging_mixin.py:109} INFO - [2023-12-03 17:40:46,714] {dagbag.py:500} INFO - Filling up the DagBag from /home/airflow/.local/lib/python3.7/site-packages/airflow/example_dags/example_sla_dag.py
[2023-12-03 17:40:46,763] {processor.py:654} INFO - DAG(s) dict_keys(['example_sla_dag']) retrieved from /home/airflow/.local/lib/python3.7/site-packages/airflow/example_dags/example_sla_dag.py
[2023-12-03 17:40:46,781] {logging_mixin.py:109} INFO - [2023-12-03 17:40:46,781] {dag.py:2398} INFO - Sync 1 DAGs
[2023-12-03 17:40:46,815] {logging_mixin.py:109} INFO - [2023-12-03 17:40:46,815] {dag.py:2937} INFO - Setting next_dagrun for example_sla_dag to 2023-12-03T17:38:00+00:00
[2023-12-03 17:40:46,830] {processor.py:171} INFO - Processing /home/airflow/.local/lib/python3.7/site-packages/airflow/example_dags/example_sla_dag.py took 0.126 seconds
[2023-12-03 17:41:16,953] {processor.py:163} INFO - Started process (PID=157058) to work on /home/airflow/.local/lib/python3.7/site-packages/airflow/example_dags/example_sla_dag.py
[2023-12-03 17:41:16,955] {processor.py:642} INFO - Processing file /home/airflow/.local/lib/python3.7/site-packages/airflow/example_dags/example_sla_dag.py for tasks to queue
[2023-12-03 17:41:16,956] {logging_mixin.py:109} INFO - [2023-12-03 17:41:16,956] {dagbag.py:500} INFO - Filling up the DagBag from /home/airflow/.local/lib/python3.7/site-packages/airflow/example_dags/example_sla_dag.py
[2023-12-03 17:41:17,000] {processor.py:654} INFO - DAG(s) dict_keys(['example_sla_dag']) retrieved from /home/airflow/.local/lib/python3.7/site-packages/airflow/example_dags/example_sla_dag.py
[2023-12-03 17:41:17,015] {logging_mixin.py:109} INFO - [2023-12-03 17:41:17,014] {dag.py:2398} INFO - Sync 1 DAGs
[2023-12-03 17:41:17,044] {logging_mixin.py:109} INFO - [2023-12-03 17:41:17,044] {dag.py:2937} INFO - Setting next_dagrun for example_sla_dag to 2023-12-03T17:38:00+00:00
[2023-12-03 17:41:17,056] {processor.py:171} INFO - Processing /home/airflow/.local/lib/python3.7/site-packages/airflow/example_dags/example_sla_dag.py took 0.108 seconds
[2023-12-03 17:41:47,345] {processor.py:163} INFO - Started process (PID=157246) to work on /home/airflow/.local/lib/python3.7/site-packages/airflow/example_dags/example_sla_dag.py
[2023-12-03 17:41:47,347] {processor.py:642} INFO - Processing file /home/airflow/.local/lib/python3.7/site-packages/airflow/example_dags/example_sla_dag.py for tasks to queue
[2023-12-03 17:41:47,348] {logging_mixin.py:109} INFO - [2023-12-03 17:41:47,348] {dagbag.py:500} INFO - Filling up the DagBag from /home/airflow/.local/lib/python3.7/site-packages/airflow/example_dags/example_sla_dag.py
[2023-12-03 17:41:47,397] {processor.py:654} INFO - DAG(s) dict_keys(['example_sla_dag']) retrieved from /home/airflow/.local/lib/python3.7/site-packages/airflow/example_dags/example_sla_dag.py
[2023-12-03 17:41:47,409] {logging_mixin.py:109} INFO - [2023-12-03 17:41:47,409] {dag.py:2398} INFO - Sync 1 DAGs
[2023-12-03 17:41:47,437] {logging_mixin.py:109} INFO - [2023-12-03 17:41:47,437] {dag.py:2937} INFO - Setting next_dagrun for example_sla_dag to 2023-12-03T17:38:00+00:00
[2023-12-03 17:41:47,450] {processor.py:171} INFO - Processing /home/airflow/.local/lib/python3.7/site-packages/airflow/example_dags/example_sla_dag.py took 0.110 seconds
[2023-12-03 17:42:17,628] {processor.py:163} INFO - Started process (PID=157434) to work on /home/airflow/.local/lib/python3.7/site-packages/airflow/example_dags/example_sla_dag.py
[2023-12-03 17:42:17,631] {processor.py:642} INFO - Processing file /home/airflow/.local/lib/python3.7/site-packages/airflow/example_dags/example_sla_dag.py for tasks to queue
[2023-12-03 17:42:17,632] {logging_mixin.py:109} INFO - [2023-12-03 17:42:17,632] {dagbag.py:500} INFO - Filling up the DagBag from /home/airflow/.local/lib/python3.7/site-packages/airflow/example_dags/example_sla_dag.py
[2023-12-03 17:42:17,683] {processor.py:654} INFO - DAG(s) dict_keys(['example_sla_dag']) retrieved from /home/airflow/.local/lib/python3.7/site-packages/airflow/example_dags/example_sla_dag.py
[2023-12-03 17:42:17,701] {logging_mixin.py:109} INFO - [2023-12-03 17:42:17,701] {dag.py:2398} INFO - Sync 1 DAGs
[2023-12-03 17:42:17,730] {logging_mixin.py:109} INFO - [2023-12-03 17:42:17,730] {dag.py:2937} INFO - Setting next_dagrun for example_sla_dag to 2023-12-03T17:40:00+00:00
[2023-12-03 17:42:17,747] {processor.py:171} INFO - Processing /home/airflow/.local/lib/python3.7/site-packages/airflow/example_dags/example_sla_dag.py took 0.125 seconds
[2023-12-03 17:42:47,914] {processor.py:163} INFO - Started process (PID=157624) to work on /home/airflow/.local/lib/python3.7/site-packages/airflow/example_dags/example_sla_dag.py
[2023-12-03 17:42:47,916] {processor.py:642} INFO - Processing file /home/airflow/.local/lib/python3.7/site-packages/airflow/example_dags/example_sla_dag.py for tasks to queue
[2023-12-03 17:42:47,917] {logging_mixin.py:109} INFO - [2023-12-03 17:42:47,917] {dagbag.py:500} INFO - Filling up the DagBag from /home/airflow/.local/lib/python3.7/site-packages/airflow/example_dags/example_sla_dag.py
[2023-12-03 17:42:47,952] {processor.py:654} INFO - DAG(s) dict_keys(['example_sla_dag']) retrieved from /home/airflow/.local/lib/python3.7/site-packages/airflow/example_dags/example_sla_dag.py
[2023-12-03 17:42:47,968] {logging_mixin.py:109} INFO - [2023-12-03 17:42:47,968] {dag.py:2398} INFO - Sync 1 DAGs
[2023-12-03 17:42:47,991] {logging_mixin.py:109} INFO - [2023-12-03 17:42:47,991] {dag.py:2937} INFO - Setting next_dagrun for example_sla_dag to 2023-12-03T17:40:00+00:00
[2023-12-03 17:42:48,001] {processor.py:171} INFO - Processing /home/airflow/.local/lib/python3.7/site-packages/airflow/example_dags/example_sla_dag.py took 0.092 seconds
[2023-12-03 17:43:18,298] {processor.py:163} INFO - Started process (PID=157819) to work on /home/airflow/.local/lib/python3.7/site-packages/airflow/example_dags/example_sla_dag.py
[2023-12-03 17:43:18,301] {processor.py:642} INFO - Processing file /home/airflow/.local/lib/python3.7/site-packages/airflow/example_dags/example_sla_dag.py for tasks to queue
[2023-12-03 17:43:18,302] {logging_mixin.py:109} INFO - [2023-12-03 17:43:18,302] {dagbag.py:500} INFO - Filling up the DagBag from /home/airflow/.local/lib/python3.7/site-packages/airflow/example_dags/example_sla_dag.py
[2023-12-03 17:43:18,355] {processor.py:654} INFO - DAG(s) dict_keys(['example_sla_dag']) retrieved from /home/airflow/.local/lib/python3.7/site-packages/airflow/example_dags/example_sla_dag.py
[2023-12-03 17:43:18,373] {logging_mixin.py:109} INFO - [2023-12-03 17:43:18,373] {dag.py:2398} INFO - Sync 1 DAGs
[2023-12-03 17:43:18,414] {logging_mixin.py:109} INFO - [2023-12-03 17:43:18,414] {dag.py:2937} INFO - Setting next_dagrun for example_sla_dag to 2023-12-03T17:40:00+00:00
[2023-12-03 17:43:18,433] {processor.py:171} INFO - Processing /home/airflow/.local/lib/python3.7/site-packages/airflow/example_dags/example_sla_dag.py took 0.140 seconds
[2023-12-03 17:46:54,306] {processor.py:163} INFO - Started process (PID=158104) to work on /home/airflow/.local/lib/python3.7/site-packages/airflow/example_dags/example_sla_dag.py
[2023-12-03 17:46:54,319] {processor.py:642} INFO - Processing file /home/airflow/.local/lib/python3.7/site-packages/airflow/example_dags/example_sla_dag.py for tasks to queue
[2023-12-03 17:46:54,323] {logging_mixin.py:109} INFO - [2023-12-03 17:46:54,323] {dagbag.py:500} INFO - Filling up the DagBag from /home/airflow/.local/lib/python3.7/site-packages/airflow/example_dags/example_sla_dag.py
[2023-12-03 17:46:54,530] {processor.py:654} INFO - DAG(s) dict_keys(['example_sla_dag']) retrieved from /home/airflow/.local/lib/python3.7/site-packages/airflow/example_dags/example_sla_dag.py
[2023-12-03 17:46:54,573] {logging_mixin.py:109} INFO - [2023-12-03 17:46:54,573] {dag.py:2398} INFO - Sync 1 DAGs
[2023-12-03 17:46:54,722] {logging_mixin.py:109} INFO - [2023-12-03 17:46:54,722] {dag.py:2937} INFO - Setting next_dagrun for example_sla_dag to 2023-12-03T17:44:00+00:00
[2023-12-03 17:46:54,809] {processor.py:171} INFO - Processing /home/airflow/.local/lib/python3.7/site-packages/airflow/example_dags/example_sla_dag.py took 0.532 seconds
[2023-12-03 17:47:25,085] {processor.py:163} INFO - Started process (PID=158294) to work on /home/airflow/.local/lib/python3.7/site-packages/airflow/example_dags/example_sla_dag.py
[2023-12-03 17:47:25,087] {processor.py:642} INFO - Processing file /home/airflow/.local/lib/python3.7/site-packages/airflow/example_dags/example_sla_dag.py for tasks to queue
[2023-12-03 17:47:25,088] {logging_mixin.py:109} INFO - [2023-12-03 17:47:25,088] {dagbag.py:500} INFO - Filling up the DagBag from /home/airflow/.local/lib/python3.7/site-packages/airflow/example_dags/example_sla_dag.py
[2023-12-03 17:47:25,137] {processor.py:654} INFO - DAG(s) dict_keys(['example_sla_dag']) retrieved from /home/airflow/.local/lib/python3.7/site-packages/airflow/example_dags/example_sla_dag.py
[2023-12-03 17:47:25,157] {logging_mixin.py:109} INFO - [2023-12-03 17:47:25,156] {dag.py:2398} INFO - Sync 1 DAGs
[2023-12-03 17:47:25,201] {logging_mixin.py:109} INFO - [2023-12-03 17:47:25,201] {dag.py:2937} INFO - Setting next_dagrun for example_sla_dag to 2023-12-03T17:44:00+00:00
[2023-12-03 17:47:25,220] {processor.py:171} INFO - Processing /home/airflow/.local/lib/python3.7/site-packages/airflow/example_dags/example_sla_dag.py took 0.141 seconds
[2023-12-03 17:47:55,261] {processor.py:163} INFO - Started process (PID=158482) to work on /home/airflow/.local/lib/python3.7/site-packages/airflow/example_dags/example_sla_dag.py
[2023-12-03 17:47:55,265] {processor.py:642} INFO - Processing file /home/airflow/.local/lib/python3.7/site-packages/airflow/example_dags/example_sla_dag.py for tasks to queue
[2023-12-03 17:47:55,266] {logging_mixin.py:109} INFO - [2023-12-03 17:47:55,265] {dagbag.py:500} INFO - Filling up the DagBag from /home/airflow/.local/lib/python3.7/site-packages/airflow/example_dags/example_sla_dag.py
[2023-12-03 17:47:55,311] {processor.py:654} INFO - DAG(s) dict_keys(['example_sla_dag']) retrieved from /home/airflow/.local/lib/python3.7/site-packages/airflow/example_dags/example_sla_dag.py
[2023-12-03 17:47:55,329] {logging_mixin.py:109} INFO - [2023-12-03 17:47:55,328] {dag.py:2398} INFO - Sync 1 DAGs
[2023-12-03 17:47:55,362] {logging_mixin.py:109} INFO - [2023-12-03 17:47:55,362] {dag.py:2937} INFO - Setting next_dagrun for example_sla_dag to 2023-12-03T17:44:00+00:00
[2023-12-03 17:47:55,395] {processor.py:171} INFO - Processing /home/airflow/.local/lib/python3.7/site-packages/airflow/example_dags/example_sla_dag.py took 0.139 seconds
[2023-12-03 17:48:26,126] {processor.py:163} INFO - Started process (PID=158668) to work on /home/airflow/.local/lib/python3.7/site-packages/airflow/example_dags/example_sla_dag.py
[2023-12-03 17:48:26,129] {processor.py:642} INFO - Processing file /home/airflow/.local/lib/python3.7/site-packages/airflow/example_dags/example_sla_dag.py for tasks to queue
[2023-12-03 17:48:26,130] {logging_mixin.py:109} INFO - [2023-12-03 17:48:26,130] {dagbag.py:500} INFO - Filling up the DagBag from /home/airflow/.local/lib/python3.7/site-packages/airflow/example_dags/example_sla_dag.py
[2023-12-03 17:48:26,183] {processor.py:654} INFO - DAG(s) dict_keys(['example_sla_dag']) retrieved from /home/airflow/.local/lib/python3.7/site-packages/airflow/example_dags/example_sla_dag.py
[2023-12-03 17:48:26,199] {logging_mixin.py:109} INFO - [2023-12-03 17:48:26,199] {dag.py:2398} INFO - Sync 1 DAGs
[2023-12-03 17:48:26,238] {logging_mixin.py:109} INFO - [2023-12-03 17:48:26,238] {dag.py:2937} INFO - Setting next_dagrun for example_sla_dag to 2023-12-03T17:46:00+00:00
[2023-12-03 17:48:26,256] {processor.py:171} INFO - Processing /home/airflow/.local/lib/python3.7/site-packages/airflow/example_dags/example_sla_dag.py took 0.137 seconds
[2023-12-03 17:48:56,884] {processor.py:163} INFO - Started process (PID=158856) to work on /home/airflow/.local/lib/python3.7/site-packages/airflow/example_dags/example_sla_dag.py
[2023-12-03 17:48:56,887] {processor.py:642} INFO - Processing file /home/airflow/.local/lib/python3.7/site-packages/airflow/example_dags/example_sla_dag.py for tasks to queue
[2023-12-03 17:48:56,888] {logging_mixin.py:109} INFO - [2023-12-03 17:48:56,888] {dagbag.py:500} INFO - Filling up the DagBag from /home/airflow/.local/lib/python3.7/site-packages/airflow/example_dags/example_sla_dag.py
[2023-12-03 17:48:56,934] {processor.py:654} INFO - DAG(s) dict_keys(['example_sla_dag']) retrieved from /home/airflow/.local/lib/python3.7/site-packages/airflow/example_dags/example_sla_dag.py
[2023-12-03 17:48:56,947] {logging_mixin.py:109} INFO - [2023-12-03 17:48:56,947] {dag.py:2398} INFO - Sync 1 DAGs
[2023-12-03 17:48:56,980] {logging_mixin.py:109} INFO - [2023-12-03 17:48:56,980] {dag.py:2937} INFO - Setting next_dagrun for example_sla_dag to 2023-12-03T17:46:00+00:00
[2023-12-03 17:48:56,995] {processor.py:171} INFO - Processing /home/airflow/.local/lib/python3.7/site-packages/airflow/example_dags/example_sla_dag.py took 0.117 seconds
[2023-12-03 17:49:27,440] {processor.py:163} INFO - Started process (PID=159044) to work on /home/airflow/.local/lib/python3.7/site-packages/airflow/example_dags/example_sla_dag.py
[2023-12-03 17:49:27,444] {processor.py:642} INFO - Processing file /home/airflow/.local/lib/python3.7/site-packages/airflow/example_dags/example_sla_dag.py for tasks to queue
[2023-12-03 17:49:27,445] {logging_mixin.py:109} INFO - [2023-12-03 17:49:27,445] {dagbag.py:500} INFO - Filling up the DagBag from /home/airflow/.local/lib/python3.7/site-packages/airflow/example_dags/example_sla_dag.py
[2023-12-03 17:49:27,488] {processor.py:654} INFO - DAG(s) dict_keys(['example_sla_dag']) retrieved from /home/airflow/.local/lib/python3.7/site-packages/airflow/example_dags/example_sla_dag.py
[2023-12-03 17:49:27,508] {logging_mixin.py:109} INFO - [2023-12-03 17:49:27,508] {dag.py:2398} INFO - Sync 1 DAGs
[2023-12-03 17:49:27,555] {logging_mixin.py:109} INFO - [2023-12-03 17:49:27,555] {dag.py:2937} INFO - Setting next_dagrun for example_sla_dag to 2023-12-03T17:46:00+00:00
[2023-12-03 17:49:27,572] {processor.py:171} INFO - Processing /home/airflow/.local/lib/python3.7/site-packages/airflow/example_dags/example_sla_dag.py took 0.140 seconds
[2023-12-03 17:49:58,143] {processor.py:163} INFO - Started process (PID=159232) to work on /home/airflow/.local/lib/python3.7/site-packages/airflow/example_dags/example_sla_dag.py
[2023-12-03 17:49:58,145] {processor.py:642} INFO - Processing file /home/airflow/.local/lib/python3.7/site-packages/airflow/example_dags/example_sla_dag.py for tasks to queue
[2023-12-03 17:49:58,146] {logging_mixin.py:109} INFO - [2023-12-03 17:49:58,145] {dagbag.py:500} INFO - Filling up the DagBag from /home/airflow/.local/lib/python3.7/site-packages/airflow/example_dags/example_sla_dag.py
[2023-12-03 17:49:58,184] {processor.py:654} INFO - DAG(s) dict_keys(['example_sla_dag']) retrieved from /home/airflow/.local/lib/python3.7/site-packages/airflow/example_dags/example_sla_dag.py
[2023-12-03 17:49:58,198] {logging_mixin.py:109} INFO - [2023-12-03 17:49:58,198] {dag.py:2398} INFO - Sync 1 DAGs
[2023-12-03 17:49:58,230] {logging_mixin.py:109} INFO - [2023-12-03 17:49:58,229] {dag.py:2937} INFO - Setting next_dagrun for example_sla_dag to 2023-12-03T17:46:00+00:00
[2023-12-03 17:49:58,247] {processor.py:171} INFO - Processing /home/airflow/.local/lib/python3.7/site-packages/airflow/example_dags/example_sla_dag.py took 0.110 seconds
[2023-12-03 17:50:28,861] {processor.py:163} INFO - Started process (PID=159429) to work on /home/airflow/.local/lib/python3.7/site-packages/airflow/example_dags/example_sla_dag.py
[2023-12-03 17:50:28,863] {processor.py:642} INFO - Processing file /home/airflow/.local/lib/python3.7/site-packages/airflow/example_dags/example_sla_dag.py for tasks to queue
[2023-12-03 17:50:28,864] {logging_mixin.py:109} INFO - [2023-12-03 17:50:28,864] {dagbag.py:500} INFO - Filling up the DagBag from /home/airflow/.local/lib/python3.7/site-packages/airflow/example_dags/example_sla_dag.py
[2023-12-03 17:50:28,914] {processor.py:654} INFO - DAG(s) dict_keys(['example_sla_dag']) retrieved from /home/airflow/.local/lib/python3.7/site-packages/airflow/example_dags/example_sla_dag.py
[2023-12-03 17:50:28,932] {logging_mixin.py:109} INFO - [2023-12-03 17:50:28,932] {dag.py:2398} INFO - Sync 1 DAGs
[2023-12-03 17:50:28,966] {logging_mixin.py:109} INFO - [2023-12-03 17:50:28,966] {dag.py:2937} INFO - Setting next_dagrun for example_sla_dag to 2023-12-03T17:48:00+00:00
[2023-12-03 17:50:28,981] {processor.py:171} INFO - Processing /home/airflow/.local/lib/python3.7/site-packages/airflow/example_dags/example_sla_dag.py took 0.125 seconds
[2023-12-03 17:50:59,553] {processor.py:163} INFO - Started process (PID=159617) to work on /home/airflow/.local/lib/python3.7/site-packages/airflow/example_dags/example_sla_dag.py
[2023-12-03 17:50:59,555] {processor.py:642} INFO - Processing file /home/airflow/.local/lib/python3.7/site-packages/airflow/example_dags/example_sla_dag.py for tasks to queue
[2023-12-03 17:50:59,556] {logging_mixin.py:109} INFO - [2023-12-03 17:50:59,556] {dagbag.py:500} INFO - Filling up the DagBag from /home/airflow/.local/lib/python3.7/site-packages/airflow/example_dags/example_sla_dag.py
[2023-12-03 17:50:59,595] {processor.py:654} INFO - DAG(s) dict_keys(['example_sla_dag']) retrieved from /home/airflow/.local/lib/python3.7/site-packages/airflow/example_dags/example_sla_dag.py
[2023-12-03 17:50:59,613] {logging_mixin.py:109} INFO - [2023-12-03 17:50:59,613] {dag.py:2398} INFO - Sync 1 DAGs
[2023-12-03 17:50:59,668] {logging_mixin.py:109} INFO - [2023-12-03 17:50:59,668] {dag.py:2937} INFO - Setting next_dagrun for example_sla_dag to 2023-12-03T17:48:00+00:00
[2023-12-03 17:50:59,697] {processor.py:171} INFO - Processing /home/airflow/.local/lib/python3.7/site-packages/airflow/example_dags/example_sla_dag.py took 0.148 seconds
[2023-12-03 22:17:00,521] {processor.py:163} INFO - Started process (PID=159858) to work on /home/airflow/.local/lib/python3.7/site-packages/airflow/example_dags/example_sla_dag.py
[2023-12-03 22:17:03,482] {processor.py:642} INFO - Processing file /home/airflow/.local/lib/python3.7/site-packages/airflow/example_dags/example_sla_dag.py for tasks to queue
[2023-12-03 22:17:03,484] {logging_mixin.py:109} INFO - [2023-12-03 22:17:03,484] {dagbag.py:500} INFO - Filling up the DagBag from /home/airflow/.local/lib/python3.7/site-packages/airflow/example_dags/example_sla_dag.py
[2023-12-03 22:17:03,601] {processor.py:654} INFO - DAG(s) dict_keys(['example_sla_dag']) retrieved from /home/airflow/.local/lib/python3.7/site-packages/airflow/example_dags/example_sla_dag.py
[2023-12-03 22:17:03,651] {logging_mixin.py:109} INFO - [2023-12-03 22:17:03,651] {dag.py:2398} INFO - Sync 1 DAGs
[2023-12-03 22:17:03,802] {logging_mixin.py:109} INFO - [2023-12-03 22:17:03,802] {dag.py:2937} INFO - Setting next_dagrun for example_sla_dag to 2023-12-03T22:14:00+00:00
[2023-12-03 22:17:03,896] {processor.py:171} INFO - Processing /home/airflow/.local/lib/python3.7/site-packages/airflow/example_dags/example_sla_dag.py took 3.393 seconds
