[2023-12-03 17:32:55,348] {processor.py:163} INFO - Started process (PID=154061) to work on /home/airflow/.local/lib/python3.7/site-packages/airflow/example_dags/example_branch_datetime_operator.py
[2023-12-03 17:32:55,350] {processor.py:642} INFO - Processing file /home/airflow/.local/lib/python3.7/site-packages/airflow/example_dags/example_branch_datetime_operator.py for tasks to queue
[2023-12-03 17:32:55,351] {logging_mixin.py:109} INFO - [2023-12-03 17:32:55,351] {dagbag.py:500} INFO - Filling up the DagBag from /home/airflow/.local/lib/python3.7/site-packages/airflow/example_dags/example_branch_datetime_operator.py
[2023-12-03 17:32:55,536] {processor.py:654} INFO - DAG(s) dict_keys(['example_branch_datetime_operator_2']) retrieved from /home/airflow/.local/lib/python3.7/site-packages/airflow/example_dags/example_branch_datetime_operator.py
[2023-12-03 17:32:55,626] {logging_mixin.py:109} INFO - [2023-12-03 17:32:55,626] {dag.py:2398} INFO - Sync 1 DAGs
[2023-12-03 17:32:55,730] {logging_mixin.py:109} INFO - [2023-12-03 17:32:55,730] {dag.py:2937} INFO - Setting next_dagrun for example_branch_datetime_operator_2 to 2023-12-02 00:00:00+00:00
[2023-12-03 17:32:55,782] {processor.py:171} INFO - Processing /home/airflow/.local/lib/python3.7/site-packages/airflow/example_dags/example_branch_datetime_operator.py took 0.450 seconds
[2023-12-03 17:33:28,379] {processor.py:163} INFO - Started process (PID=154247) to work on /home/airflow/.local/lib/python3.7/site-packages/airflow/example_dags/example_branch_datetime_operator.py
[2023-12-03 17:33:28,394] {processor.py:642} INFO - Processing file /home/airflow/.local/lib/python3.7/site-packages/airflow/example_dags/example_branch_datetime_operator.py for tasks to queue
[2023-12-03 17:33:28,395] {logging_mixin.py:109} INFO - [2023-12-03 17:33:28,395] {dagbag.py:500} INFO - Filling up the DagBag from /home/airflow/.local/lib/python3.7/site-packages/airflow/example_dags/example_branch_datetime_operator.py
[2023-12-03 17:33:28,532] {processor.py:654} INFO - DAG(s) dict_keys(['example_branch_datetime_operator_2']) retrieved from /home/airflow/.local/lib/python3.7/site-packages/airflow/example_dags/example_branch_datetime_operator.py
[2023-12-03 17:33:28,594] {logging_mixin.py:109} INFO - [2023-12-03 17:33:28,594] {dag.py:2398} INFO - Sync 1 DAGs
[2023-12-03 17:33:28,723] {logging_mixin.py:109} INFO - [2023-12-03 17:33:28,723] {dag.py:2937} INFO - Setting next_dagrun for example_branch_datetime_operator_2 to 2023-12-02 00:00:00+00:00
[2023-12-03 17:33:28,799] {processor.py:171} INFO - Processing /home/airflow/.local/lib/python3.7/site-packages/airflow/example_dags/example_branch_datetime_operator.py took 0.437 seconds
[2023-12-03 17:34:00,492] {processor.py:163} INFO - Started process (PID=154428) to work on /home/airflow/.local/lib/python3.7/site-packages/airflow/example_dags/example_branch_datetime_operator.py
[2023-12-03 17:34:00,494] {processor.py:642} INFO - Processing file /home/airflow/.local/lib/python3.7/site-packages/airflow/example_dags/example_branch_datetime_operator.py for tasks to queue
[2023-12-03 17:34:00,495] {logging_mixin.py:109} INFO - [2023-12-03 17:34:00,495] {dagbag.py:500} INFO - Filling up the DagBag from /home/airflow/.local/lib/python3.7/site-packages/airflow/example_dags/example_branch_datetime_operator.py
[2023-12-03 17:34:00,654] {processor.py:654} INFO - DAG(s) dict_keys(['example_branch_datetime_operator_2']) retrieved from /home/airflow/.local/lib/python3.7/site-packages/airflow/example_dags/example_branch_datetime_operator.py
[2023-12-03 17:34:00,719] {logging_mixin.py:109} INFO - [2023-12-03 17:34:00,718] {dag.py:2398} INFO - Sync 1 DAGs
[2023-12-03 17:34:00,838] {logging_mixin.py:109} INFO - [2023-12-03 17:34:00,838] {dag.py:2937} INFO - Setting next_dagrun for example_branch_datetime_operator_2 to 2023-12-02 00:00:00+00:00
[2023-12-03 17:34:00,869] {processor.py:171} INFO - Processing /home/airflow/.local/lib/python3.7/site-packages/airflow/example_dags/example_branch_datetime_operator.py took 0.420 seconds
[2023-12-03 17:34:34,000] {processor.py:163} INFO - Started process (PID=154618) to work on /home/airflow/.local/lib/python3.7/site-packages/airflow/example_dags/example_branch_datetime_operator.py
[2023-12-03 17:34:34,014] {processor.py:642} INFO - Processing file /home/airflow/.local/lib/python3.7/site-packages/airflow/example_dags/example_branch_datetime_operator.py for tasks to queue
[2023-12-03 17:34:34,016] {logging_mixin.py:109} INFO - [2023-12-03 17:34:34,015] {dagbag.py:500} INFO - Filling up the DagBag from /home/airflow/.local/lib/python3.7/site-packages/airflow/example_dags/example_branch_datetime_operator.py
[2023-12-03 17:34:34,139] {processor.py:654} INFO - DAG(s) dict_keys(['example_branch_datetime_operator_2']) retrieved from /home/airflow/.local/lib/python3.7/site-packages/airflow/example_dags/example_branch_datetime_operator.py
[2023-12-03 17:34:34,217] {logging_mixin.py:109} INFO - [2023-12-03 17:34:34,217] {dag.py:2398} INFO - Sync 1 DAGs
[2023-12-03 17:34:34,345] {logging_mixin.py:109} INFO - [2023-12-03 17:34:34,345] {dag.py:2937} INFO - Setting next_dagrun for example_branch_datetime_operator_2 to 2023-12-02 00:00:00+00:00
[2023-12-03 17:34:34,402] {processor.py:171} INFO - Processing /home/airflow/.local/lib/python3.7/site-packages/airflow/example_dags/example_branch_datetime_operator.py took 0.432 seconds
[2023-12-03 17:35:06,140] {processor.py:163} INFO - Started process (PID=154795) to work on /home/airflow/.local/lib/python3.7/site-packages/airflow/example_dags/example_branch_datetime_operator.py
[2023-12-03 17:35:06,146] {processor.py:642} INFO - Processing file /home/airflow/.local/lib/python3.7/site-packages/airflow/example_dags/example_branch_datetime_operator.py for tasks to queue
[2023-12-03 17:35:06,157] {logging_mixin.py:109} INFO - [2023-12-03 17:35:06,156] {dagbag.py:500} INFO - Filling up the DagBag from /home/airflow/.local/lib/python3.7/site-packages/airflow/example_dags/example_branch_datetime_operator.py
[2023-12-03 17:35:06,255] {processor.py:654} INFO - DAG(s) dict_keys(['example_branch_datetime_operator_2']) retrieved from /home/airflow/.local/lib/python3.7/site-packages/airflow/example_dags/example_branch_datetime_operator.py
[2023-12-03 17:35:06,298] {logging_mixin.py:109} INFO - [2023-12-03 17:35:06,297] {dag.py:2398} INFO - Sync 1 DAGs
[2023-12-03 17:35:06,408] {logging_mixin.py:109} INFO - [2023-12-03 17:35:06,407] {dag.py:2937} INFO - Setting next_dagrun for example_branch_datetime_operator_2 to 2023-12-02 00:00:00+00:00
[2023-12-03 17:35:06,475] {processor.py:171} INFO - Processing /home/airflow/.local/lib/python3.7/site-packages/airflow/example_dags/example_branch_datetime_operator.py took 0.351 seconds
[2023-12-03 17:35:38,855] {processor.py:163} INFO - Started process (PID=154983) to work on /home/airflow/.local/lib/python3.7/site-packages/airflow/example_dags/example_branch_datetime_operator.py
[2023-12-03 17:35:38,869] {processor.py:642} INFO - Processing file /home/airflow/.local/lib/python3.7/site-packages/airflow/example_dags/example_branch_datetime_operator.py for tasks to queue
[2023-12-03 17:35:38,871] {logging_mixin.py:109} INFO - [2023-12-03 17:35:38,870] {dagbag.py:500} INFO - Filling up the DagBag from /home/airflow/.local/lib/python3.7/site-packages/airflow/example_dags/example_branch_datetime_operator.py
[2023-12-03 17:35:38,993] {processor.py:654} INFO - DAG(s) dict_keys(['example_branch_datetime_operator_2']) retrieved from /home/airflow/.local/lib/python3.7/site-packages/airflow/example_dags/example_branch_datetime_operator.py
[2023-12-03 17:35:39,058] {logging_mixin.py:109} INFO - [2023-12-03 17:35:39,058] {dag.py:2398} INFO - Sync 1 DAGs
[2023-12-03 17:35:39,173] {logging_mixin.py:109} INFO - [2023-12-03 17:35:39,172] {dag.py:2937} INFO - Setting next_dagrun for example_branch_datetime_operator_2 to 2023-12-02 00:00:00+00:00
[2023-12-03 17:35:39,258] {processor.py:171} INFO - Processing /home/airflow/.local/lib/python3.7/site-packages/airflow/example_dags/example_branch_datetime_operator.py took 0.420 seconds
[2023-12-03 17:36:11,139] {processor.py:163} INFO - Started process (PID=155169) to work on /home/airflow/.local/lib/python3.7/site-packages/airflow/example_dags/example_branch_datetime_operator.py
[2023-12-03 17:36:11,144] {processor.py:642} INFO - Processing file /home/airflow/.local/lib/python3.7/site-packages/airflow/example_dags/example_branch_datetime_operator.py for tasks to queue
[2023-12-03 17:36:11,145] {logging_mixin.py:109} INFO - [2023-12-03 17:36:11,145] {dagbag.py:500} INFO - Filling up the DagBag from /home/airflow/.local/lib/python3.7/site-packages/airflow/example_dags/example_branch_datetime_operator.py
[2023-12-03 17:36:11,258] {processor.py:654} INFO - DAG(s) dict_keys(['example_branch_datetime_operator_2']) retrieved from /home/airflow/.local/lib/python3.7/site-packages/airflow/example_dags/example_branch_datetime_operator.py
[2023-12-03 17:36:11,336] {logging_mixin.py:109} INFO - [2023-12-03 17:36:11,335] {dag.py:2398} INFO - Sync 1 DAGs
[2023-12-03 17:36:11,430] {logging_mixin.py:109} INFO - [2023-12-03 17:36:11,430] {dag.py:2937} INFO - Setting next_dagrun for example_branch_datetime_operator_2 to 2023-12-02 00:00:00+00:00
[2023-12-03 17:36:11,481] {processor.py:171} INFO - Processing /home/airflow/.local/lib/python3.7/site-packages/airflow/example_dags/example_branch_datetime_operator.py took 0.371 seconds
[2023-12-03 17:36:42,864] {processor.py:163} INFO - Started process (PID=155350) to work on /home/airflow/.local/lib/python3.7/site-packages/airflow/example_dags/example_branch_datetime_operator.py
[2023-12-03 17:36:42,868] {processor.py:642} INFO - Processing file /home/airflow/.local/lib/python3.7/site-packages/airflow/example_dags/example_branch_datetime_operator.py for tasks to queue
[2023-12-03 17:36:42,880] {logging_mixin.py:109} INFO - [2023-12-03 17:36:42,880] {dagbag.py:500} INFO - Filling up the DagBag from /home/airflow/.local/lib/python3.7/site-packages/airflow/example_dags/example_branch_datetime_operator.py
[2023-12-03 17:36:43,017] {processor.py:654} INFO - DAG(s) dict_keys(['example_branch_datetime_operator_2']) retrieved from /home/airflow/.local/lib/python3.7/site-packages/airflow/example_dags/example_branch_datetime_operator.py
[2023-12-03 17:36:43,088] {logging_mixin.py:109} INFO - [2023-12-03 17:36:43,087] {dag.py:2398} INFO - Sync 1 DAGs
[2023-12-03 17:36:43,200] {logging_mixin.py:109} INFO - [2023-12-03 17:36:43,200] {dag.py:2937} INFO - Setting next_dagrun for example_branch_datetime_operator_2 to 2023-12-02 00:00:00+00:00
[2023-12-03 17:36:43,252] {processor.py:171} INFO - Processing /home/airflow/.local/lib/python3.7/site-packages/airflow/example_dags/example_branch_datetime_operator.py took 0.416 seconds
[2023-12-03 17:37:13,642] {processor.py:163} INFO - Started process (PID=155538) to work on /home/airflow/.local/lib/python3.7/site-packages/airflow/example_dags/example_branch_datetime_operator.py
[2023-12-03 17:37:13,645] {processor.py:642} INFO - Processing file /home/airflow/.local/lib/python3.7/site-packages/airflow/example_dags/example_branch_datetime_operator.py for tasks to queue
[2023-12-03 17:37:13,647] {logging_mixin.py:109} INFO - [2023-12-03 17:37:13,646] {dagbag.py:500} INFO - Filling up the DagBag from /home/airflow/.local/lib/python3.7/site-packages/airflow/example_dags/example_branch_datetime_operator.py
[2023-12-03 17:37:13,684] {processor.py:654} INFO - DAG(s) dict_keys(['example_branch_datetime_operator_2']) retrieved from /home/airflow/.local/lib/python3.7/site-packages/airflow/example_dags/example_branch_datetime_operator.py
[2023-12-03 17:37:13,697] {logging_mixin.py:109} INFO - [2023-12-03 17:37:13,696] {dag.py:2398} INFO - Sync 1 DAGs
[2023-12-03 17:37:13,719] {logging_mixin.py:109} INFO - [2023-12-03 17:37:13,719] {dag.py:2937} INFO - Setting next_dagrun for example_branch_datetime_operator_2 to 2023-12-02 00:00:00+00:00
[2023-12-03 17:37:13,733] {processor.py:171} INFO - Processing /home/airflow/.local/lib/python3.7/site-packages/airflow/example_dags/example_branch_datetime_operator.py took 0.096 seconds
[2023-12-03 17:37:43,934] {processor.py:163} INFO - Started process (PID=155720) to work on /home/airflow/.local/lib/python3.7/site-packages/airflow/example_dags/example_branch_datetime_operator.py
[2023-12-03 17:37:43,936] {processor.py:642} INFO - Processing file /home/airflow/.local/lib/python3.7/site-packages/airflow/example_dags/example_branch_datetime_operator.py for tasks to queue
[2023-12-03 17:37:43,937] {logging_mixin.py:109} INFO - [2023-12-03 17:37:43,937] {dagbag.py:500} INFO - Filling up the DagBag from /home/airflow/.local/lib/python3.7/site-packages/airflow/example_dags/example_branch_datetime_operator.py
[2023-12-03 17:37:43,973] {processor.py:654} INFO - DAG(s) dict_keys(['example_branch_datetime_operator_2']) retrieved from /home/airflow/.local/lib/python3.7/site-packages/airflow/example_dags/example_branch_datetime_operator.py
[2023-12-03 17:37:43,987] {logging_mixin.py:109} INFO - [2023-12-03 17:37:43,986] {dag.py:2398} INFO - Sync 1 DAGs
[2023-12-03 17:37:44,011] {logging_mixin.py:109} INFO - [2023-12-03 17:37:44,011] {dag.py:2937} INFO - Setting next_dagrun for example_branch_datetime_operator_2 to 2023-12-02 00:00:00+00:00
[2023-12-03 17:37:44,027] {processor.py:171} INFO - Processing /home/airflow/.local/lib/python3.7/site-packages/airflow/example_dags/example_branch_datetime_operator.py took 0.098 seconds
[2023-12-03 17:38:14,354] {processor.py:163} INFO - Started process (PID=155917) to work on /home/airflow/.local/lib/python3.7/site-packages/airflow/example_dags/example_branch_datetime_operator.py
[2023-12-03 17:38:14,357] {processor.py:642} INFO - Processing file /home/airflow/.local/lib/python3.7/site-packages/airflow/example_dags/example_branch_datetime_operator.py for tasks to queue
[2023-12-03 17:38:14,357] {logging_mixin.py:109} INFO - [2023-12-03 17:38:14,357] {dagbag.py:500} INFO - Filling up the DagBag from /home/airflow/.local/lib/python3.7/site-packages/airflow/example_dags/example_branch_datetime_operator.py
[2023-12-03 17:38:14,394] {processor.py:654} INFO - DAG(s) dict_keys(['example_branch_datetime_operator_2']) retrieved from /home/airflow/.local/lib/python3.7/site-packages/airflow/example_dags/example_branch_datetime_operator.py
[2023-12-03 17:38:14,410] {logging_mixin.py:109} INFO - [2023-12-03 17:38:14,410] {dag.py:2398} INFO - Sync 1 DAGs
[2023-12-03 17:38:14,438] {logging_mixin.py:109} INFO - [2023-12-03 17:38:14,438] {dag.py:2937} INFO - Setting next_dagrun for example_branch_datetime_operator_2 to 2023-12-02 00:00:00+00:00
[2023-12-03 17:38:14,454] {processor.py:171} INFO - Processing /home/airflow/.local/lib/python3.7/site-packages/airflow/example_dags/example_branch_datetime_operator.py took 0.104 seconds
[2023-12-03 17:38:44,556] {processor.py:163} INFO - Started process (PID=156102) to work on /home/airflow/.local/lib/python3.7/site-packages/airflow/example_dags/example_branch_datetime_operator.py
[2023-12-03 17:38:44,558] {processor.py:642} INFO - Processing file /home/airflow/.local/lib/python3.7/site-packages/airflow/example_dags/example_branch_datetime_operator.py for tasks to queue
[2023-12-03 17:38:44,558] {logging_mixin.py:109} INFO - [2023-12-03 17:38:44,558] {dagbag.py:500} INFO - Filling up the DagBag from /home/airflow/.local/lib/python3.7/site-packages/airflow/example_dags/example_branch_datetime_operator.py
[2023-12-03 17:38:44,588] {processor.py:654} INFO - DAG(s) dict_keys(['example_branch_datetime_operator_2']) retrieved from /home/airflow/.local/lib/python3.7/site-packages/airflow/example_dags/example_branch_datetime_operator.py
[2023-12-03 17:38:44,601] {logging_mixin.py:109} INFO - [2023-12-03 17:38:44,601] {dag.py:2398} INFO - Sync 1 DAGs
[2023-12-03 17:38:44,622] {logging_mixin.py:109} INFO - [2023-12-03 17:38:44,622] {dag.py:2937} INFO - Setting next_dagrun for example_branch_datetime_operator_2 to 2023-12-02 00:00:00+00:00
[2023-12-03 17:38:44,635] {processor.py:171} INFO - Processing /home/airflow/.local/lib/python3.7/site-packages/airflow/example_dags/example_branch_datetime_operator.py took 0.085 seconds
[2023-12-03 17:39:15,125] {processor.py:163} INFO - Started process (PID=156288) to work on /home/airflow/.local/lib/python3.7/site-packages/airflow/example_dags/example_branch_datetime_operator.py
[2023-12-03 17:39:15,136] {processor.py:642} INFO - Processing file /home/airflow/.local/lib/python3.7/site-packages/airflow/example_dags/example_branch_datetime_operator.py for tasks to queue
[2023-12-03 17:39:15,137] {logging_mixin.py:109} INFO - [2023-12-03 17:39:15,136] {dagbag.py:500} INFO - Filling up the DagBag from /home/airflow/.local/lib/python3.7/site-packages/airflow/example_dags/example_branch_datetime_operator.py
[2023-12-03 17:39:15,176] {processor.py:654} INFO - DAG(s) dict_keys(['example_branch_datetime_operator_2']) retrieved from /home/airflow/.local/lib/python3.7/site-packages/airflow/example_dags/example_branch_datetime_operator.py
[2023-12-03 17:39:15,191] {logging_mixin.py:109} INFO - [2023-12-03 17:39:15,191] {dag.py:2398} INFO - Sync 1 DAGs
[2023-12-03 17:39:15,215] {logging_mixin.py:109} INFO - [2023-12-03 17:39:15,215] {dag.py:2937} INFO - Setting next_dagrun for example_branch_datetime_operator_2 to 2023-12-02 00:00:00+00:00
[2023-12-03 17:39:15,230] {processor.py:171} INFO - Processing /home/airflow/.local/lib/python3.7/site-packages/airflow/example_dags/example_branch_datetime_operator.py took 0.109 seconds
[2023-12-03 17:39:45,660] {processor.py:163} INFO - Started process (PID=156476) to work on /home/airflow/.local/lib/python3.7/site-packages/airflow/example_dags/example_branch_datetime_operator.py
[2023-12-03 17:39:45,662] {processor.py:642} INFO - Processing file /home/airflow/.local/lib/python3.7/site-packages/airflow/example_dags/example_branch_datetime_operator.py for tasks to queue
[2023-12-03 17:39:45,663] {logging_mixin.py:109} INFO - [2023-12-03 17:39:45,663] {dagbag.py:500} INFO - Filling up the DagBag from /home/airflow/.local/lib/python3.7/site-packages/airflow/example_dags/example_branch_datetime_operator.py
[2023-12-03 17:39:45,704] {processor.py:654} INFO - DAG(s) dict_keys(['example_branch_datetime_operator_2']) retrieved from /home/airflow/.local/lib/python3.7/site-packages/airflow/example_dags/example_branch_datetime_operator.py
[2023-12-03 17:39:45,727] {logging_mixin.py:109} INFO - [2023-12-03 17:39:45,727] {dag.py:2398} INFO - Sync 1 DAGs
[2023-12-03 17:39:45,770] {logging_mixin.py:109} INFO - [2023-12-03 17:39:45,770] {dag.py:2937} INFO - Setting next_dagrun for example_branch_datetime_operator_2 to 2023-12-02 00:00:00+00:00
[2023-12-03 17:39:45,787] {processor.py:171} INFO - Processing /home/airflow/.local/lib/python3.7/site-packages/airflow/example_dags/example_branch_datetime_operator.py took 0.134 seconds
[2023-12-03 17:40:16,001] {processor.py:163} INFO - Started process (PID=156664) to work on /home/airflow/.local/lib/python3.7/site-packages/airflow/example_dags/example_branch_datetime_operator.py
[2023-12-03 17:40:16,007] {processor.py:642} INFO - Processing file /home/airflow/.local/lib/python3.7/site-packages/airflow/example_dags/example_branch_datetime_operator.py for tasks to queue
[2023-12-03 17:40:16,008] {logging_mixin.py:109} INFO - [2023-12-03 17:40:16,008] {dagbag.py:500} INFO - Filling up the DagBag from /home/airflow/.local/lib/python3.7/site-packages/airflow/example_dags/example_branch_datetime_operator.py
[2023-12-03 17:40:16,044] {processor.py:654} INFO - DAG(s) dict_keys(['example_branch_datetime_operator_2']) retrieved from /home/airflow/.local/lib/python3.7/site-packages/airflow/example_dags/example_branch_datetime_operator.py
[2023-12-03 17:40:16,058] {logging_mixin.py:109} INFO - [2023-12-03 17:40:16,058] {dag.py:2398} INFO - Sync 1 DAGs
[2023-12-03 17:40:16,085] {logging_mixin.py:109} INFO - [2023-12-03 17:40:16,084] {dag.py:2937} INFO - Setting next_dagrun for example_branch_datetime_operator_2 to 2023-12-02 00:00:00+00:00
[2023-12-03 17:40:16,098] {processor.py:171} INFO - Processing /home/airflow/.local/lib/python3.7/site-packages/airflow/example_dags/example_branch_datetime_operator.py took 0.102 seconds
[2023-12-03 17:40:46,543] {processor.py:163} INFO - Started process (PID=156861) to work on /home/airflow/.local/lib/python3.7/site-packages/airflow/example_dags/example_branch_datetime_operator.py
[2023-12-03 17:40:46,545] {processor.py:642} INFO - Processing file /home/airflow/.local/lib/python3.7/site-packages/airflow/example_dags/example_branch_datetime_operator.py for tasks to queue
[2023-12-03 17:40:46,546] {logging_mixin.py:109} INFO - [2023-12-03 17:40:46,545] {dagbag.py:500} INFO - Filling up the DagBag from /home/airflow/.local/lib/python3.7/site-packages/airflow/example_dags/example_branch_datetime_operator.py
[2023-12-03 17:40:46,587] {processor.py:654} INFO - DAG(s) dict_keys(['example_branch_datetime_operator_2']) retrieved from /home/airflow/.local/lib/python3.7/site-packages/airflow/example_dags/example_branch_datetime_operator.py
[2023-12-03 17:40:46,604] {logging_mixin.py:109} INFO - [2023-12-03 17:40:46,603] {dag.py:2398} INFO - Sync 1 DAGs
[2023-12-03 17:40:46,634] {logging_mixin.py:109} INFO - [2023-12-03 17:40:46,634] {dag.py:2937} INFO - Setting next_dagrun for example_branch_datetime_operator_2 to 2023-12-02 00:00:00+00:00
[2023-12-03 17:40:46,658] {processor.py:171} INFO - Processing /home/airflow/.local/lib/python3.7/site-packages/airflow/example_dags/example_branch_datetime_operator.py took 0.120 seconds
[2023-12-03 17:41:16,802] {processor.py:163} INFO - Started process (PID=157048) to work on /home/airflow/.local/lib/python3.7/site-packages/airflow/example_dags/example_branch_datetime_operator.py
[2023-12-03 17:41:16,803] {processor.py:642} INFO - Processing file /home/airflow/.local/lib/python3.7/site-packages/airflow/example_dags/example_branch_datetime_operator.py for tasks to queue
[2023-12-03 17:41:16,803] {logging_mixin.py:109} INFO - [2023-12-03 17:41:16,803] {dagbag.py:500} INFO - Filling up the DagBag from /home/airflow/.local/lib/python3.7/site-packages/airflow/example_dags/example_branch_datetime_operator.py
[2023-12-03 17:41:16,840] {processor.py:654} INFO - DAG(s) dict_keys(['example_branch_datetime_operator_2']) retrieved from /home/airflow/.local/lib/python3.7/site-packages/airflow/example_dags/example_branch_datetime_operator.py
[2023-12-03 17:41:16,857] {logging_mixin.py:109} INFO - [2023-12-03 17:41:16,857] {dag.py:2398} INFO - Sync 1 DAGs
[2023-12-03 17:41:16,884] {logging_mixin.py:109} INFO - [2023-12-03 17:41:16,884] {dag.py:2937} INFO - Setting next_dagrun for example_branch_datetime_operator_2 to 2023-12-02 00:00:00+00:00
[2023-12-03 17:41:16,901] {processor.py:171} INFO - Processing /home/airflow/.local/lib/python3.7/site-packages/airflow/example_dags/example_branch_datetime_operator.py took 0.103 seconds
[2023-12-03 17:41:47,195] {processor.py:163} INFO - Started process (PID=157236) to work on /home/airflow/.local/lib/python3.7/site-packages/airflow/example_dags/example_branch_datetime_operator.py
[2023-12-03 17:41:47,197] {processor.py:642} INFO - Processing file /home/airflow/.local/lib/python3.7/site-packages/airflow/example_dags/example_branch_datetime_operator.py for tasks to queue
[2023-12-03 17:41:47,198] {logging_mixin.py:109} INFO - [2023-12-03 17:41:47,198] {dagbag.py:500} INFO - Filling up the DagBag from /home/airflow/.local/lib/python3.7/site-packages/airflow/example_dags/example_branch_datetime_operator.py
[2023-12-03 17:41:47,237] {processor.py:654} INFO - DAG(s) dict_keys(['example_branch_datetime_operator_2']) retrieved from /home/airflow/.local/lib/python3.7/site-packages/airflow/example_dags/example_branch_datetime_operator.py
[2023-12-03 17:41:47,253] {logging_mixin.py:109} INFO - [2023-12-03 17:41:47,252] {dag.py:2398} INFO - Sync 1 DAGs
[2023-12-03 17:41:47,283] {logging_mixin.py:109} INFO - [2023-12-03 17:41:47,283] {dag.py:2937} INFO - Setting next_dagrun for example_branch_datetime_operator_2 to 2023-12-02 00:00:00+00:00
[2023-12-03 17:41:47,302] {processor.py:171} INFO - Processing /home/airflow/.local/lib/python3.7/site-packages/airflow/example_dags/example_branch_datetime_operator.py took 0.110 seconds
[2023-12-03 17:42:17,453] {processor.py:163} INFO - Started process (PID=157424) to work on /home/airflow/.local/lib/python3.7/site-packages/airflow/example_dags/example_branch_datetime_operator.py
[2023-12-03 17:42:17,456] {processor.py:642} INFO - Processing file /home/airflow/.local/lib/python3.7/site-packages/airflow/example_dags/example_branch_datetime_operator.py for tasks to queue
[2023-12-03 17:42:17,457] {logging_mixin.py:109} INFO - [2023-12-03 17:42:17,456] {dagbag.py:500} INFO - Filling up the DagBag from /home/airflow/.local/lib/python3.7/site-packages/airflow/example_dags/example_branch_datetime_operator.py
[2023-12-03 17:42:17,500] {processor.py:654} INFO - DAG(s) dict_keys(['example_branch_datetime_operator_2']) retrieved from /home/airflow/.local/lib/python3.7/site-packages/airflow/example_dags/example_branch_datetime_operator.py
[2023-12-03 17:42:17,520] {logging_mixin.py:109} INFO - [2023-12-03 17:42:17,520] {dag.py:2398} INFO - Sync 1 DAGs
[2023-12-03 17:42:17,556] {logging_mixin.py:109} INFO - [2023-12-03 17:42:17,556] {dag.py:2937} INFO - Setting next_dagrun for example_branch_datetime_operator_2 to 2023-12-02 00:00:00+00:00
[2023-12-03 17:42:17,573] {processor.py:171} INFO - Processing /home/airflow/.local/lib/python3.7/site-packages/airflow/example_dags/example_branch_datetime_operator.py took 0.127 seconds
[2023-12-03 17:42:47,654] {processor.py:163} INFO - Started process (PID=157612) to work on /home/airflow/.local/lib/python3.7/site-packages/airflow/example_dags/example_branch_datetime_operator.py
[2023-12-03 17:42:47,657] {processor.py:642} INFO - Processing file /home/airflow/.local/lib/python3.7/site-packages/airflow/example_dags/example_branch_datetime_operator.py for tasks to queue
[2023-12-03 17:42:47,658] {logging_mixin.py:109} INFO - [2023-12-03 17:42:47,658] {dagbag.py:500} INFO - Filling up the DagBag from /home/airflow/.local/lib/python3.7/site-packages/airflow/example_dags/example_branch_datetime_operator.py
[2023-12-03 17:42:47,696] {processor.py:654} INFO - DAG(s) dict_keys(['example_branch_datetime_operator_2']) retrieved from /home/airflow/.local/lib/python3.7/site-packages/airflow/example_dags/example_branch_datetime_operator.py
[2023-12-03 17:42:47,714] {logging_mixin.py:109} INFO - [2023-12-03 17:42:47,713] {dag.py:2398} INFO - Sync 1 DAGs
[2023-12-03 17:42:47,739] {logging_mixin.py:109} INFO - [2023-12-03 17:42:47,738] {dag.py:2937} INFO - Setting next_dagrun for example_branch_datetime_operator_2 to 2023-12-02 00:00:00+00:00
[2023-12-03 17:42:47,752] {processor.py:171} INFO - Processing /home/airflow/.local/lib/python3.7/site-packages/airflow/example_dags/example_branch_datetime_operator.py took 0.104 seconds
[2023-12-03 17:43:18,129] {processor.py:163} INFO - Started process (PID=157809) to work on /home/airflow/.local/lib/python3.7/site-packages/airflow/example_dags/example_branch_datetime_operator.py
[2023-12-03 17:43:18,133] {processor.py:642} INFO - Processing file /home/airflow/.local/lib/python3.7/site-packages/airflow/example_dags/example_branch_datetime_operator.py for tasks to queue
[2023-12-03 17:43:18,134] {logging_mixin.py:109} INFO - [2023-12-03 17:43:18,134] {dagbag.py:500} INFO - Filling up the DagBag from /home/airflow/.local/lib/python3.7/site-packages/airflow/example_dags/example_branch_datetime_operator.py
[2023-12-03 17:43:18,173] {processor.py:654} INFO - DAG(s) dict_keys(['example_branch_datetime_operator_2']) retrieved from /home/airflow/.local/lib/python3.7/site-packages/airflow/example_dags/example_branch_datetime_operator.py
[2023-12-03 17:43:18,196] {logging_mixin.py:109} INFO - [2023-12-03 17:43:18,196] {dag.py:2398} INFO - Sync 1 DAGs
[2023-12-03 17:43:18,227] {logging_mixin.py:109} INFO - [2023-12-03 17:43:18,226] {dag.py:2937} INFO - Setting next_dagrun for example_branch_datetime_operator_2 to 2023-12-02 00:00:00+00:00
[2023-12-03 17:43:18,245] {processor.py:171} INFO - Processing /home/airflow/.local/lib/python3.7/site-packages/airflow/example_dags/example_branch_datetime_operator.py took 0.123 seconds
[2023-12-03 17:46:53,576] {processor.py:163} INFO - Started process (PID=158094) to work on /home/airflow/.local/lib/python3.7/site-packages/airflow/example_dags/example_branch_datetime_operator.py
[2023-12-03 17:46:53,607] {processor.py:642} INFO - Processing file /home/airflow/.local/lib/python3.7/site-packages/airflow/example_dags/example_branch_datetime_operator.py for tasks to queue
[2023-12-03 17:46:53,609] {logging_mixin.py:109} INFO - [2023-12-03 17:46:53,609] {dagbag.py:500} INFO - Filling up the DagBag from /home/airflow/.local/lib/python3.7/site-packages/airflow/example_dags/example_branch_datetime_operator.py
[2023-12-03 17:46:53,815] {processor.py:654} INFO - DAG(s) dict_keys(['example_branch_datetime_operator_2']) retrieved from /home/airflow/.local/lib/python3.7/site-packages/airflow/example_dags/example_branch_datetime_operator.py
[2023-12-03 17:46:53,896] {logging_mixin.py:109} INFO - [2023-12-03 17:46:53,895] {dag.py:2398} INFO - Sync 1 DAGs
[2023-12-03 17:46:54,056] {logging_mixin.py:109} INFO - [2023-12-03 17:46:54,055] {dag.py:2937} INFO - Setting next_dagrun for example_branch_datetime_operator_2 to 2023-12-02 00:00:00+00:00
[2023-12-03 17:46:54,173] {processor.py:171} INFO - Processing /home/airflow/.local/lib/python3.7/site-packages/airflow/example_dags/example_branch_datetime_operator.py took 0.626 seconds
[2023-12-03 17:47:24,682] {processor.py:163} INFO - Started process (PID=158282) to work on /home/airflow/.local/lib/python3.7/site-packages/airflow/example_dags/example_branch_datetime_operator.py
[2023-12-03 17:47:24,684] {processor.py:642} INFO - Processing file /home/airflow/.local/lib/python3.7/site-packages/airflow/example_dags/example_branch_datetime_operator.py for tasks to queue
[2023-12-03 17:47:24,685] {logging_mixin.py:109} INFO - [2023-12-03 17:47:24,685] {dagbag.py:500} INFO - Filling up the DagBag from /home/airflow/.local/lib/python3.7/site-packages/airflow/example_dags/example_branch_datetime_operator.py
[2023-12-03 17:47:24,727] {processor.py:654} INFO - DAG(s) dict_keys(['example_branch_datetime_operator_2']) retrieved from /home/airflow/.local/lib/python3.7/site-packages/airflow/example_dags/example_branch_datetime_operator.py
[2023-12-03 17:47:24,744] {logging_mixin.py:109} INFO - [2023-12-03 17:47:24,744] {dag.py:2398} INFO - Sync 1 DAGs
[2023-12-03 17:47:24,780] {logging_mixin.py:109} INFO - [2023-12-03 17:47:24,780] {dag.py:2937} INFO - Setting next_dagrun for example_branch_datetime_operator_2 to 2023-12-02 00:00:00+00:00
[2023-12-03 17:47:24,800] {processor.py:171} INFO - Processing /home/airflow/.local/lib/python3.7/site-packages/airflow/example_dags/example_branch_datetime_operator.py took 0.127 seconds
[2023-12-03 17:47:54,936] {processor.py:163} INFO - Started process (PID=158470) to work on /home/airflow/.local/lib/python3.7/site-packages/airflow/example_dags/example_branch_datetime_operator.py
[2023-12-03 17:47:54,940] {processor.py:642} INFO - Processing file /home/airflow/.local/lib/python3.7/site-packages/airflow/example_dags/example_branch_datetime_operator.py for tasks to queue
[2023-12-03 17:47:54,941] {logging_mixin.py:109} INFO - [2023-12-03 17:47:54,941] {dagbag.py:500} INFO - Filling up the DagBag from /home/airflow/.local/lib/python3.7/site-packages/airflow/example_dags/example_branch_datetime_operator.py
[2023-12-03 17:47:54,985] {processor.py:654} INFO - DAG(s) dict_keys(['example_branch_datetime_operator_2']) retrieved from /home/airflow/.local/lib/python3.7/site-packages/airflow/example_dags/example_branch_datetime_operator.py
[2023-12-03 17:47:55,004] {logging_mixin.py:109} INFO - [2023-12-03 17:47:55,004] {dag.py:2398} INFO - Sync 1 DAGs
[2023-12-03 17:47:55,046] {logging_mixin.py:109} INFO - [2023-12-03 17:47:55,046] {dag.py:2937} INFO - Setting next_dagrun for example_branch_datetime_operator_2 to 2023-12-02 00:00:00+00:00
[2023-12-03 17:47:55,070] {processor.py:171} INFO - Processing /home/airflow/.local/lib/python3.7/site-packages/airflow/example_dags/example_branch_datetime_operator.py took 0.140 seconds
[2023-12-03 17:48:25,939] {processor.py:163} INFO - Started process (PID=158658) to work on /home/airflow/.local/lib/python3.7/site-packages/airflow/example_dags/example_branch_datetime_operator.py
[2023-12-03 17:48:25,941] {processor.py:642} INFO - Processing file /home/airflow/.local/lib/python3.7/site-packages/airflow/example_dags/example_branch_datetime_operator.py for tasks to queue
[2023-12-03 17:48:25,942] {logging_mixin.py:109} INFO - [2023-12-03 17:48:25,942] {dagbag.py:500} INFO - Filling up the DagBag from /home/airflow/.local/lib/python3.7/site-packages/airflow/example_dags/example_branch_datetime_operator.py
[2023-12-03 17:48:25,980] {processor.py:654} INFO - DAG(s) dict_keys(['example_branch_datetime_operator_2']) retrieved from /home/airflow/.local/lib/python3.7/site-packages/airflow/example_dags/example_branch_datetime_operator.py
[2023-12-03 17:48:25,997] {logging_mixin.py:109} INFO - [2023-12-03 17:48:25,997] {dag.py:2398} INFO - Sync 1 DAGs
[2023-12-03 17:48:26,031] {logging_mixin.py:109} INFO - [2023-12-03 17:48:26,031] {dag.py:2937} INFO - Setting next_dagrun for example_branch_datetime_operator_2 to 2023-12-02 00:00:00+00:00
[2023-12-03 17:48:26,064] {processor.py:171} INFO - Processing /home/airflow/.local/lib/python3.7/site-packages/airflow/example_dags/example_branch_datetime_operator.py took 0.130 seconds
[2023-12-03 17:48:56,723] {processor.py:163} INFO - Started process (PID=158846) to work on /home/airflow/.local/lib/python3.7/site-packages/airflow/example_dags/example_branch_datetime_operator.py
[2023-12-03 17:48:56,725] {processor.py:642} INFO - Processing file /home/airflow/.local/lib/python3.7/site-packages/airflow/example_dags/example_branch_datetime_operator.py for tasks to queue
[2023-12-03 17:48:56,727] {logging_mixin.py:109} INFO - [2023-12-03 17:48:56,726] {dagbag.py:500} INFO - Filling up the DagBag from /home/airflow/.local/lib/python3.7/site-packages/airflow/example_dags/example_branch_datetime_operator.py
[2023-12-03 17:48:56,764] {processor.py:654} INFO - DAG(s) dict_keys(['example_branch_datetime_operator_2']) retrieved from /home/airflow/.local/lib/python3.7/site-packages/airflow/example_dags/example_branch_datetime_operator.py
[2023-12-03 17:48:56,783] {logging_mixin.py:109} INFO - [2023-12-03 17:48:56,782] {dag.py:2398} INFO - Sync 1 DAGs
[2023-12-03 17:48:56,820] {logging_mixin.py:109} INFO - [2023-12-03 17:48:56,820] {dag.py:2937} INFO - Setting next_dagrun for example_branch_datetime_operator_2 to 2023-12-02 00:00:00+00:00
[2023-12-03 17:48:56,840] {processor.py:171} INFO - Processing /home/airflow/.local/lib/python3.7/site-packages/airflow/example_dags/example_branch_datetime_operator.py took 0.122 seconds
[2023-12-03 17:49:27,295] {processor.py:163} INFO - Started process (PID=159034) to work on /home/airflow/.local/lib/python3.7/site-packages/airflow/example_dags/example_branch_datetime_operator.py
[2023-12-03 17:49:27,298] {processor.py:642} INFO - Processing file /home/airflow/.local/lib/python3.7/site-packages/airflow/example_dags/example_branch_datetime_operator.py for tasks to queue
[2023-12-03 17:49:27,300] {logging_mixin.py:109} INFO - [2023-12-03 17:49:27,299] {dagbag.py:500} INFO - Filling up the DagBag from /home/airflow/.local/lib/python3.7/site-packages/airflow/example_dags/example_branch_datetime_operator.py
[2023-12-03 17:49:27,338] {processor.py:654} INFO - DAG(s) dict_keys(['example_branch_datetime_operator_2']) retrieved from /home/airflow/.local/lib/python3.7/site-packages/airflow/example_dags/example_branch_datetime_operator.py
[2023-12-03 17:49:27,355] {logging_mixin.py:109} INFO - [2023-12-03 17:49:27,355] {dag.py:2398} INFO - Sync 1 DAGs
[2023-12-03 17:49:27,386] {logging_mixin.py:109} INFO - [2023-12-03 17:49:27,386] {dag.py:2937} INFO - Setting next_dagrun for example_branch_datetime_operator_2 to 2023-12-02 00:00:00+00:00
[2023-12-03 17:49:27,402] {processor.py:171} INFO - Processing /home/airflow/.local/lib/python3.7/site-packages/airflow/example_dags/example_branch_datetime_operator.py took 0.113 seconds
[2023-12-03 17:49:58,009] {processor.py:163} INFO - Started process (PID=159222) to work on /home/airflow/.local/lib/python3.7/site-packages/airflow/example_dags/example_branch_datetime_operator.py
[2023-12-03 17:49:58,011] {processor.py:642} INFO - Processing file /home/airflow/.local/lib/python3.7/site-packages/airflow/example_dags/example_branch_datetime_operator.py for tasks to queue
[2023-12-03 17:49:58,012] {logging_mixin.py:109} INFO - [2023-12-03 17:49:58,012] {dagbag.py:500} INFO - Filling up the DagBag from /home/airflow/.local/lib/python3.7/site-packages/airflow/example_dags/example_branch_datetime_operator.py
[2023-12-03 17:49:58,051] {processor.py:654} INFO - DAG(s) dict_keys(['example_branch_datetime_operator_2']) retrieved from /home/airflow/.local/lib/python3.7/site-packages/airflow/example_dags/example_branch_datetime_operator.py
[2023-12-03 17:49:58,069] {logging_mixin.py:109} INFO - [2023-12-03 17:49:58,068] {dag.py:2398} INFO - Sync 1 DAGs
[2023-12-03 17:49:58,093] {logging_mixin.py:109} INFO - [2023-12-03 17:49:58,093] {dag.py:2937} INFO - Setting next_dagrun for example_branch_datetime_operator_2 to 2023-12-02 00:00:00+00:00
[2023-12-03 17:49:58,107] {processor.py:171} INFO - Processing /home/airflow/.local/lib/python3.7/site-packages/airflow/example_dags/example_branch_datetime_operator.py took 0.105 seconds
[2023-12-03 17:50:28,709] {processor.py:163} INFO - Started process (PID=159419) to work on /home/airflow/.local/lib/python3.7/site-packages/airflow/example_dags/example_branch_datetime_operator.py
[2023-12-03 17:50:28,713] {processor.py:642} INFO - Processing file /home/airflow/.local/lib/python3.7/site-packages/airflow/example_dags/example_branch_datetime_operator.py for tasks to queue
[2023-12-03 17:50:28,715] {logging_mixin.py:109} INFO - [2023-12-03 17:50:28,714] {dagbag.py:500} INFO - Filling up the DagBag from /home/airflow/.local/lib/python3.7/site-packages/airflow/example_dags/example_branch_datetime_operator.py
[2023-12-03 17:50:28,753] {processor.py:654} INFO - DAG(s) dict_keys(['example_branch_datetime_operator_2']) retrieved from /home/airflow/.local/lib/python3.7/site-packages/airflow/example_dags/example_branch_datetime_operator.py
[2023-12-03 17:50:28,769] {logging_mixin.py:109} INFO - [2023-12-03 17:50:28,768] {dag.py:2398} INFO - Sync 1 DAGs
[2023-12-03 17:50:28,802] {logging_mixin.py:109} INFO - [2023-12-03 17:50:28,802] {dag.py:2937} INFO - Setting next_dagrun for example_branch_datetime_operator_2 to 2023-12-02 00:00:00+00:00
[2023-12-03 17:50:28,822] {processor.py:171} INFO - Processing /home/airflow/.local/lib/python3.7/site-packages/airflow/example_dags/example_branch_datetime_operator.py took 0.119 seconds
[2023-12-03 17:50:59,247] {processor.py:163} INFO - Started process (PID=159607) to work on /home/airflow/.local/lib/python3.7/site-packages/airflow/example_dags/example_branch_datetime_operator.py
[2023-12-03 17:50:59,250] {processor.py:642} INFO - Processing file /home/airflow/.local/lib/python3.7/site-packages/airflow/example_dags/example_branch_datetime_operator.py for tasks to queue
[2023-12-03 17:50:59,252] {logging_mixin.py:109} INFO - [2023-12-03 17:50:59,252] {dagbag.py:500} INFO - Filling up the DagBag from /home/airflow/.local/lib/python3.7/site-packages/airflow/example_dags/example_branch_datetime_operator.py
[2023-12-03 17:50:59,300] {processor.py:654} INFO - DAG(s) dict_keys(['example_branch_datetime_operator_2']) retrieved from /home/airflow/.local/lib/python3.7/site-packages/airflow/example_dags/example_branch_datetime_operator.py
[2023-12-03 17:50:59,317] {logging_mixin.py:109} INFO - [2023-12-03 17:50:59,317] {dag.py:2398} INFO - Sync 1 DAGs
[2023-12-03 17:50:59,355] {logging_mixin.py:109} INFO - [2023-12-03 17:50:59,355] {dag.py:2937} INFO - Setting next_dagrun for example_branch_datetime_operator_2 to 2023-12-02 00:00:00+00:00
[2023-12-03 17:50:59,371] {processor.py:171} INFO - Processing /home/airflow/.local/lib/python3.7/site-packages/airflow/example_dags/example_branch_datetime_operator.py took 0.134 seconds
[2023-12-03 22:16:59,176] {processor.py:163} INFO - Started process (PID=159849) to work on /home/airflow/.local/lib/python3.7/site-packages/airflow/example_dags/example_branch_datetime_operator.py
[2023-12-03 22:16:59,199] {processor.py:642} INFO - Processing file /home/airflow/.local/lib/python3.7/site-packages/airflow/example_dags/example_branch_datetime_operator.py for tasks to queue
[2023-12-03 22:16:59,212] {logging_mixin.py:109} INFO - [2023-12-03 22:16:59,200] {dagbag.py:500} INFO - Filling up the DagBag from /home/airflow/.local/lib/python3.7/site-packages/airflow/example_dags/example_branch_datetime_operator.py
[2023-12-03 22:16:59,448] {processor.py:654} INFO - DAG(s) dict_keys(['example_branch_datetime_operator_2']) retrieved from /home/airflow/.local/lib/python3.7/site-packages/airflow/example_dags/example_branch_datetime_operator.py
[2023-12-03 22:16:59,541] {logging_mixin.py:109} INFO - [2023-12-03 22:16:59,541] {dag.py:2398} INFO - Sync 1 DAGs
[2023-12-03 22:16:59,700] {logging_mixin.py:109} INFO - [2023-12-03 22:16:59,700] {dag.py:2937} INFO - Setting next_dagrun for example_branch_datetime_operator_2 to 2023-12-02 00:00:00+00:00
[2023-12-03 22:16:59,962] {processor.py:171} INFO - Processing /home/airflow/.local/lib/python3.7/site-packages/airflow/example_dags/example_branch_datetime_operator.py took 0.848 seconds
