[2023-12-03 17:33:01,887] {processor.py:163} INFO - Started process (PID=154096) to work on /home/airflow/.local/lib/python3.7/site-packages/airflow/example_dags/example_trigger_target_dag.py
[2023-12-03 17:33:01,889] {processor.py:642} INFO - Processing file /home/airflow/.local/lib/python3.7/site-packages/airflow/example_dags/example_trigger_target_dag.py for tasks to queue
[2023-12-03 17:33:01,890] {logging_mixin.py:109} INFO - [2023-12-03 17:33:01,890] {dagbag.py:500} INFO - Filling up the DagBag from /home/airflow/.local/lib/python3.7/site-packages/airflow/example_dags/example_trigger_target_dag.py
[2023-12-03 17:33:02,247] {processor.py:654} INFO - DAG(s) dict_keys(['example_trigger_target_dag']) retrieved from /home/airflow/.local/lib/python3.7/site-packages/airflow/example_dags/example_trigger_target_dag.py
[2023-12-03 17:33:02,314] {logging_mixin.py:109} INFO - [2023-12-03 17:33:02,313] {dag.py:2398} INFO - Sync 1 DAGs
[2023-12-03 17:33:02,473] {logging_mixin.py:109} INFO - [2023-12-03 17:33:02,473] {dag.py:2937} INFO - Setting next_dagrun for example_trigger_target_dag to None
[2023-12-03 17:33:02,663] {processor.py:171} INFO - Processing /home/airflow/.local/lib/python3.7/site-packages/airflow/example_dags/example_trigger_target_dag.py took 0.808 seconds
[2023-12-03 17:33:33,305] {processor.py:163} INFO - Started process (PID=154284) to work on /home/airflow/.local/lib/python3.7/site-packages/airflow/example_dags/example_trigger_target_dag.py
[2023-12-03 17:33:33,317] {processor.py:642} INFO - Processing file /home/airflow/.local/lib/python3.7/site-packages/airflow/example_dags/example_trigger_target_dag.py for tasks to queue
[2023-12-03 17:33:33,318] {logging_mixin.py:109} INFO - [2023-12-03 17:33:33,318] {dagbag.py:500} INFO - Filling up the DagBag from /home/airflow/.local/lib/python3.7/site-packages/airflow/example_dags/example_trigger_target_dag.py
[2023-12-03 17:33:33,428] {processor.py:654} INFO - DAG(s) dict_keys(['example_trigger_target_dag']) retrieved from /home/airflow/.local/lib/python3.7/site-packages/airflow/example_dags/example_trigger_target_dag.py
[2023-12-03 17:33:33,467] {logging_mixin.py:109} INFO - [2023-12-03 17:33:33,467] {dag.py:2398} INFO - Sync 1 DAGs
[2023-12-03 17:33:33,532] {logging_mixin.py:109} INFO - [2023-12-03 17:33:33,532] {dag.py:2937} INFO - Setting next_dagrun for example_trigger_target_dag to None
[2023-12-03 17:33:33,579] {processor.py:171} INFO - Processing /home/airflow/.local/lib/python3.7/site-packages/airflow/example_dags/example_trigger_target_dag.py took 0.280 seconds
[2023-12-03 17:34:03,984] {processor.py:163} INFO - Started process (PID=154458) to work on /home/airflow/.local/lib/python3.7/site-packages/airflow/example_dags/example_trigger_target_dag.py
[2023-12-03 17:34:03,997] {processor.py:642} INFO - Processing file /home/airflow/.local/lib/python3.7/site-packages/airflow/example_dags/example_trigger_target_dag.py for tasks to queue
[2023-12-03 17:34:04,001] {logging_mixin.py:109} INFO - [2023-12-03 17:34:04,001] {dagbag.py:500} INFO - Filling up the DagBag from /home/airflow/.local/lib/python3.7/site-packages/airflow/example_dags/example_trigger_target_dag.py
[2023-12-03 17:34:04,188] {processor.py:654} INFO - DAG(s) dict_keys(['example_trigger_target_dag']) retrieved from /home/airflow/.local/lib/python3.7/site-packages/airflow/example_dags/example_trigger_target_dag.py
[2023-12-03 17:34:04,266] {logging_mixin.py:109} INFO - [2023-12-03 17:34:04,266] {dag.py:2398} INFO - Sync 1 DAGs
[2023-12-03 17:34:04,367] {logging_mixin.py:109} INFO - [2023-12-03 17:34:04,367] {dag.py:2937} INFO - Setting next_dagrun for example_trigger_target_dag to None
[2023-12-03 17:34:04,428] {processor.py:171} INFO - Processing /home/airflow/.local/lib/python3.7/site-packages/airflow/example_dags/example_trigger_target_dag.py took 0.462 seconds
[2023-12-03 17:34:35,867] {processor.py:163} INFO - Started process (PID=154646) to work on /home/airflow/.local/lib/python3.7/site-packages/airflow/example_dags/example_trigger_target_dag.py
[2023-12-03 17:34:35,869] {processor.py:642} INFO - Processing file /home/airflow/.local/lib/python3.7/site-packages/airflow/example_dags/example_trigger_target_dag.py for tasks to queue
[2023-12-03 17:34:35,881] {logging_mixin.py:109} INFO - [2023-12-03 17:34:35,871] {dagbag.py:500} INFO - Filling up the DagBag from /home/airflow/.local/lib/python3.7/site-packages/airflow/example_dags/example_trigger_target_dag.py
[2023-12-03 17:34:36,063] {processor.py:654} INFO - DAG(s) dict_keys(['example_trigger_target_dag']) retrieved from /home/airflow/.local/lib/python3.7/site-packages/airflow/example_dags/example_trigger_target_dag.py
[2023-12-03 17:34:36,127] {logging_mixin.py:109} INFO - [2023-12-03 17:34:36,127] {dag.py:2398} INFO - Sync 1 DAGs
[2023-12-03 17:34:36,227] {logging_mixin.py:109} INFO - [2023-12-03 17:34:36,227] {dag.py:2937} INFO - Setting next_dagrun for example_trigger_target_dag to None
[2023-12-03 17:34:36,306] {processor.py:171} INFO - Processing /home/airflow/.local/lib/python3.7/site-packages/airflow/example_dags/example_trigger_target_dag.py took 0.446 seconds
[2023-12-03 17:35:07,141] {processor.py:163} INFO - Started process (PID=154820) to work on /home/airflow/.local/lib/python3.7/site-packages/airflow/example_dags/example_trigger_target_dag.py
[2023-12-03 17:35:07,146] {processor.py:642} INFO - Processing file /home/airflow/.local/lib/python3.7/site-packages/airflow/example_dags/example_trigger_target_dag.py for tasks to queue
[2023-12-03 17:35:07,155] {logging_mixin.py:109} INFO - [2023-12-03 17:35:07,155] {dagbag.py:500} INFO - Filling up the DagBag from /home/airflow/.local/lib/python3.7/site-packages/airflow/example_dags/example_trigger_target_dag.py
[2023-12-03 17:35:07,269] {processor.py:654} INFO - DAG(s) dict_keys(['example_trigger_target_dag']) retrieved from /home/airflow/.local/lib/python3.7/site-packages/airflow/example_dags/example_trigger_target_dag.py
[2023-12-03 17:35:07,315] {logging_mixin.py:109} INFO - [2023-12-03 17:35:07,315] {dag.py:2398} INFO - Sync 1 DAGs
[2023-12-03 17:35:07,375] {logging_mixin.py:109} INFO - [2023-12-03 17:35:07,375] {dag.py:2937} INFO - Setting next_dagrun for example_trigger_target_dag to None
[2023-12-03 17:35:07,424] {processor.py:171} INFO - Processing /home/airflow/.local/lib/python3.7/site-packages/airflow/example_dags/example_trigger_target_dag.py took 0.292 seconds
[2023-12-03 17:35:40,307] {processor.py:163} INFO - Started process (PID=155008) to work on /home/airflow/.local/lib/python3.7/site-packages/airflow/example_dags/example_trigger_target_dag.py
[2023-12-03 17:35:40,320] {processor.py:642} INFO - Processing file /home/airflow/.local/lib/python3.7/site-packages/airflow/example_dags/example_trigger_target_dag.py for tasks to queue
[2023-12-03 17:35:40,321] {logging_mixin.py:109} INFO - [2023-12-03 17:35:40,321] {dagbag.py:500} INFO - Filling up the DagBag from /home/airflow/.local/lib/python3.7/site-packages/airflow/example_dags/example_trigger_target_dag.py
[2023-12-03 17:35:40,525] {processor.py:654} INFO - DAG(s) dict_keys(['example_trigger_target_dag']) retrieved from /home/airflow/.local/lib/python3.7/site-packages/airflow/example_dags/example_trigger_target_dag.py
[2023-12-03 17:35:40,576] {logging_mixin.py:109} INFO - [2023-12-03 17:35:40,576] {dag.py:2398} INFO - Sync 1 DAGs
[2023-12-03 17:35:40,704] {logging_mixin.py:109} INFO - [2023-12-03 17:35:40,704] {dag.py:2937} INFO - Setting next_dagrun for example_trigger_target_dag to None
[2023-12-03 17:35:40,762] {processor.py:171} INFO - Processing /home/airflow/.local/lib/python3.7/site-packages/airflow/example_dags/example_trigger_target_dag.py took 0.472 seconds
[2023-12-03 17:36:12,797] {processor.py:163} INFO - Started process (PID=155201) to work on /home/airflow/.local/lib/python3.7/site-packages/airflow/example_dags/example_trigger_target_dag.py
[2023-12-03 17:36:12,808] {processor.py:642} INFO - Processing file /home/airflow/.local/lib/python3.7/site-packages/airflow/example_dags/example_trigger_target_dag.py for tasks to queue
[2023-12-03 17:36:12,814] {logging_mixin.py:109} INFO - [2023-12-03 17:36:12,813] {dagbag.py:500} INFO - Filling up the DagBag from /home/airflow/.local/lib/python3.7/site-packages/airflow/example_dags/example_trigger_target_dag.py
[2023-12-03 17:36:13,008] {processor.py:654} INFO - DAG(s) dict_keys(['example_trigger_target_dag']) retrieved from /home/airflow/.local/lib/python3.7/site-packages/airflow/example_dags/example_trigger_target_dag.py
[2023-12-03 17:36:13,074] {logging_mixin.py:109} INFO - [2023-12-03 17:36:13,074] {dag.py:2398} INFO - Sync 1 DAGs
[2023-12-03 17:36:13,185] {logging_mixin.py:109} INFO - [2023-12-03 17:36:13,185] {dag.py:2937} INFO - Setting next_dagrun for example_trigger_target_dag to None
[2023-12-03 17:36:13,245] {processor.py:171} INFO - Processing /home/airflow/.local/lib/python3.7/site-packages/airflow/example_dags/example_trigger_target_dag.py took 0.477 seconds
[2023-12-03 17:36:44,072] {processor.py:163} INFO - Started process (PID=155375) to work on /home/airflow/.local/lib/python3.7/site-packages/airflow/example_dags/example_trigger_target_dag.py
[2023-12-03 17:36:44,086] {processor.py:642} INFO - Processing file /home/airflow/.local/lib/python3.7/site-packages/airflow/example_dags/example_trigger_target_dag.py for tasks to queue
[2023-12-03 17:36:44,087] {logging_mixin.py:109} INFO - [2023-12-03 17:36:44,087] {dagbag.py:500} INFO - Filling up the DagBag from /home/airflow/.local/lib/python3.7/site-packages/airflow/example_dags/example_trigger_target_dag.py
[2023-12-03 17:36:44,193] {processor.py:654} INFO - DAG(s) dict_keys(['example_trigger_target_dag']) retrieved from /home/airflow/.local/lib/python3.7/site-packages/airflow/example_dags/example_trigger_target_dag.py
[2023-12-03 17:36:44,251] {logging_mixin.py:109} INFO - [2023-12-03 17:36:44,250] {dag.py:2398} INFO - Sync 1 DAGs
[2023-12-03 17:36:44,323] {logging_mixin.py:109} INFO - [2023-12-03 17:36:44,323] {dag.py:2937} INFO - Setting next_dagrun for example_trigger_target_dag to None
[2023-12-03 17:36:44,377] {processor.py:171} INFO - Processing /home/airflow/.local/lib/python3.7/site-packages/airflow/example_dags/example_trigger_target_dag.py took 0.310 seconds
[2023-12-03 17:37:15,298] {processor.py:163} INFO - Started process (PID=155568) to work on /home/airflow/.local/lib/python3.7/site-packages/airflow/example_dags/example_trigger_target_dag.py
[2023-12-03 17:37:15,299] {processor.py:642} INFO - Processing file /home/airflow/.local/lib/python3.7/site-packages/airflow/example_dags/example_trigger_target_dag.py for tasks to queue
[2023-12-03 17:37:15,300] {logging_mixin.py:109} INFO - [2023-12-03 17:37:15,300] {dagbag.py:500} INFO - Filling up the DagBag from /home/airflow/.local/lib/python3.7/site-packages/airflow/example_dags/example_trigger_target_dag.py
[2023-12-03 17:37:15,338] {processor.py:654} INFO - DAG(s) dict_keys(['example_trigger_target_dag']) retrieved from /home/airflow/.local/lib/python3.7/site-packages/airflow/example_dags/example_trigger_target_dag.py
[2023-12-03 17:37:15,355] {logging_mixin.py:109} INFO - [2023-12-03 17:37:15,354] {dag.py:2398} INFO - Sync 1 DAGs
[2023-12-03 17:37:15,384] {logging_mixin.py:109} INFO - [2023-12-03 17:37:15,384] {dag.py:2937} INFO - Setting next_dagrun for example_trigger_target_dag to None
[2023-12-03 17:37:15,399] {processor.py:171} INFO - Processing /home/airflow/.local/lib/python3.7/site-packages/airflow/example_dags/example_trigger_target_dag.py took 0.107 seconds
[2023-12-03 17:37:45,672] {processor.py:163} INFO - Started process (PID=155764) to work on /home/airflow/.local/lib/python3.7/site-packages/airflow/example_dags/example_trigger_target_dag.py
[2023-12-03 17:37:45,675] {processor.py:642} INFO - Processing file /home/airflow/.local/lib/python3.7/site-packages/airflow/example_dags/example_trigger_target_dag.py for tasks to queue
[2023-12-03 17:37:45,676] {logging_mixin.py:109} INFO - [2023-12-03 17:37:45,676] {dagbag.py:500} INFO - Filling up the DagBag from /home/airflow/.local/lib/python3.7/site-packages/airflow/example_dags/example_trigger_target_dag.py
[2023-12-03 17:37:45,734] {processor.py:654} INFO - DAG(s) dict_keys(['example_trigger_target_dag']) retrieved from /home/airflow/.local/lib/python3.7/site-packages/airflow/example_dags/example_trigger_target_dag.py
[2023-12-03 17:37:45,752] {logging_mixin.py:109} INFO - [2023-12-03 17:37:45,752] {dag.py:2398} INFO - Sync 1 DAGs
[2023-12-03 17:37:45,784] {logging_mixin.py:109} INFO - [2023-12-03 17:37:45,783] {dag.py:2937} INFO - Setting next_dagrun for example_trigger_target_dag to None
[2023-12-03 17:37:45,802] {processor.py:171} INFO - Processing /home/airflow/.local/lib/python3.7/site-packages/airflow/example_dags/example_trigger_target_dag.py took 0.139 seconds
[2023-12-03 17:38:16,192] {processor.py:163} INFO - Started process (PID=155957) to work on /home/airflow/.local/lib/python3.7/site-packages/airflow/example_dags/example_trigger_target_dag.py
[2023-12-03 17:38:16,194] {processor.py:642} INFO - Processing file /home/airflow/.local/lib/python3.7/site-packages/airflow/example_dags/example_trigger_target_dag.py for tasks to queue
[2023-12-03 17:38:16,195] {logging_mixin.py:109} INFO - [2023-12-03 17:38:16,195] {dagbag.py:500} INFO - Filling up the DagBag from /home/airflow/.local/lib/python3.7/site-packages/airflow/example_dags/example_trigger_target_dag.py
[2023-12-03 17:38:16,240] {processor.py:654} INFO - DAG(s) dict_keys(['example_trigger_target_dag']) retrieved from /home/airflow/.local/lib/python3.7/site-packages/airflow/example_dags/example_trigger_target_dag.py
[2023-12-03 17:38:16,256] {logging_mixin.py:109} INFO - [2023-12-03 17:38:16,256] {dag.py:2398} INFO - Sync 1 DAGs
[2023-12-03 17:38:16,277] {logging_mixin.py:109} INFO - [2023-12-03 17:38:16,277] {dag.py:2937} INFO - Setting next_dagrun for example_trigger_target_dag to None
[2023-12-03 17:38:16,290] {processor.py:171} INFO - Processing /home/airflow/.local/lib/python3.7/site-packages/airflow/example_dags/example_trigger_target_dag.py took 0.104 seconds
[2023-12-03 17:38:46,371] {processor.py:163} INFO - Started process (PID=156140) to work on /home/airflow/.local/lib/python3.7/site-packages/airflow/example_dags/example_trigger_target_dag.py
[2023-12-03 17:38:46,373] {processor.py:642} INFO - Processing file /home/airflow/.local/lib/python3.7/site-packages/airflow/example_dags/example_trigger_target_dag.py for tasks to queue
[2023-12-03 17:38:46,374] {logging_mixin.py:109} INFO - [2023-12-03 17:38:46,374] {dagbag.py:500} INFO - Filling up the DagBag from /home/airflow/.local/lib/python3.7/site-packages/airflow/example_dags/example_trigger_target_dag.py
[2023-12-03 17:38:46,419] {processor.py:654} INFO - DAG(s) dict_keys(['example_trigger_target_dag']) retrieved from /home/airflow/.local/lib/python3.7/site-packages/airflow/example_dags/example_trigger_target_dag.py
[2023-12-03 17:38:46,437] {logging_mixin.py:109} INFO - [2023-12-03 17:38:46,437] {dag.py:2398} INFO - Sync 1 DAGs
[2023-12-03 17:38:46,463] {logging_mixin.py:109} INFO - [2023-12-03 17:38:46,462] {dag.py:2937} INFO - Setting next_dagrun for example_trigger_target_dag to None
[2023-12-03 17:38:46,477] {processor.py:171} INFO - Processing /home/airflow/.local/lib/python3.7/site-packages/airflow/example_dags/example_trigger_target_dag.py took 0.111 seconds
[2023-12-03 17:39:16,715] {processor.py:163} INFO - Started process (PID=156323) to work on /home/airflow/.local/lib/python3.7/site-packages/airflow/example_dags/example_trigger_target_dag.py
[2023-12-03 17:39:16,717] {processor.py:642} INFO - Processing file /home/airflow/.local/lib/python3.7/site-packages/airflow/example_dags/example_trigger_target_dag.py for tasks to queue
[2023-12-03 17:39:16,718] {logging_mixin.py:109} INFO - [2023-12-03 17:39:16,718] {dagbag.py:500} INFO - Filling up the DagBag from /home/airflow/.local/lib/python3.7/site-packages/airflow/example_dags/example_trigger_target_dag.py
[2023-12-03 17:39:16,761] {processor.py:654} INFO - DAG(s) dict_keys(['example_trigger_target_dag']) retrieved from /home/airflow/.local/lib/python3.7/site-packages/airflow/example_dags/example_trigger_target_dag.py
[2023-12-03 17:39:16,780] {logging_mixin.py:109} INFO - [2023-12-03 17:39:16,779] {dag.py:2398} INFO - Sync 1 DAGs
[2023-12-03 17:39:16,808] {logging_mixin.py:109} INFO - [2023-12-03 17:39:16,807] {dag.py:2937} INFO - Setting next_dagrun for example_trigger_target_dag to None
[2023-12-03 17:39:16,823] {processor.py:171} INFO - Processing /home/airflow/.local/lib/python3.7/site-packages/airflow/example_dags/example_trigger_target_dag.py took 0.116 seconds
[2023-12-03 17:39:47,365] {processor.py:163} INFO - Started process (PID=156511) to work on /home/airflow/.local/lib/python3.7/site-packages/airflow/example_dags/example_trigger_target_dag.py
[2023-12-03 17:39:47,367] {processor.py:642} INFO - Processing file /home/airflow/.local/lib/python3.7/site-packages/airflow/example_dags/example_trigger_target_dag.py for tasks to queue
[2023-12-03 17:39:47,368] {logging_mixin.py:109} INFO - [2023-12-03 17:39:47,368] {dagbag.py:500} INFO - Filling up the DagBag from /home/airflow/.local/lib/python3.7/site-packages/airflow/example_dags/example_trigger_target_dag.py
[2023-12-03 17:39:47,423] {processor.py:654} INFO - DAG(s) dict_keys(['example_trigger_target_dag']) retrieved from /home/airflow/.local/lib/python3.7/site-packages/airflow/example_dags/example_trigger_target_dag.py
[2023-12-03 17:39:47,440] {logging_mixin.py:109} INFO - [2023-12-03 17:39:47,440] {dag.py:2398} INFO - Sync 1 DAGs
[2023-12-03 17:39:47,474] {logging_mixin.py:109} INFO - [2023-12-03 17:39:47,473] {dag.py:2937} INFO - Setting next_dagrun for example_trigger_target_dag to None
[2023-12-03 17:39:47,495] {processor.py:171} INFO - Processing /home/airflow/.local/lib/python3.7/site-packages/airflow/example_dags/example_trigger_target_dag.py took 0.137 seconds
[2023-12-03 17:40:17,735] {processor.py:163} INFO - Started process (PID=156711) to work on /home/airflow/.local/lib/python3.7/site-packages/airflow/example_dags/example_trigger_target_dag.py
[2023-12-03 17:40:17,738] {processor.py:642} INFO - Processing file /home/airflow/.local/lib/python3.7/site-packages/airflow/example_dags/example_trigger_target_dag.py for tasks to queue
[2023-12-03 17:40:17,739] {logging_mixin.py:109} INFO - [2023-12-03 17:40:17,739] {dagbag.py:500} INFO - Filling up the DagBag from /home/airflow/.local/lib/python3.7/site-packages/airflow/example_dags/example_trigger_target_dag.py
[2023-12-03 17:40:17,790] {processor.py:654} INFO - DAG(s) dict_keys(['example_trigger_target_dag']) retrieved from /home/airflow/.local/lib/python3.7/site-packages/airflow/example_dags/example_trigger_target_dag.py
[2023-12-03 17:40:17,807] {logging_mixin.py:109} INFO - [2023-12-03 17:40:17,807] {dag.py:2398} INFO - Sync 1 DAGs
[2023-12-03 17:40:17,828] {logging_mixin.py:109} INFO - [2023-12-03 17:40:17,828] {dag.py:2937} INFO - Setting next_dagrun for example_trigger_target_dag to None
[2023-12-03 17:40:17,845] {processor.py:171} INFO - Processing /home/airflow/.local/lib/python3.7/site-packages/airflow/example_dags/example_trigger_target_dag.py took 0.117 seconds
[2023-12-03 17:40:48,038] {processor.py:163} INFO - Started process (PID=156891) to work on /home/airflow/.local/lib/python3.7/site-packages/airflow/example_dags/example_trigger_target_dag.py
[2023-12-03 17:40:48,040] {processor.py:642} INFO - Processing file /home/airflow/.local/lib/python3.7/site-packages/airflow/example_dags/example_trigger_target_dag.py for tasks to queue
[2023-12-03 17:40:48,041] {logging_mixin.py:109} INFO - [2023-12-03 17:40:48,041] {dagbag.py:500} INFO - Filling up the DagBag from /home/airflow/.local/lib/python3.7/site-packages/airflow/example_dags/example_trigger_target_dag.py
[2023-12-03 17:40:48,088] {processor.py:654} INFO - DAG(s) dict_keys(['example_trigger_target_dag']) retrieved from /home/airflow/.local/lib/python3.7/site-packages/airflow/example_dags/example_trigger_target_dag.py
[2023-12-03 17:40:48,108] {logging_mixin.py:109} INFO - [2023-12-03 17:40:48,108] {dag.py:2398} INFO - Sync 1 DAGs
[2023-12-03 17:40:48,137] {logging_mixin.py:109} INFO - [2023-12-03 17:40:48,137] {dag.py:2937} INFO - Setting next_dagrun for example_trigger_target_dag to None
[2023-12-03 17:40:48,154] {processor.py:171} INFO - Processing /home/airflow/.local/lib/python3.7/site-packages/airflow/example_dags/example_trigger_target_dag.py took 0.124 seconds
[2023-12-03 17:41:18,342] {processor.py:163} INFO - Started process (PID=157083) to work on /home/airflow/.local/lib/python3.7/site-packages/airflow/example_dags/example_trigger_target_dag.py
[2023-12-03 17:41:18,345] {processor.py:642} INFO - Processing file /home/airflow/.local/lib/python3.7/site-packages/airflow/example_dags/example_trigger_target_dag.py for tasks to queue
[2023-12-03 17:41:18,346] {logging_mixin.py:109} INFO - [2023-12-03 17:41:18,345] {dagbag.py:500} INFO - Filling up the DagBag from /home/airflow/.local/lib/python3.7/site-packages/airflow/example_dags/example_trigger_target_dag.py
[2023-12-03 17:41:18,386] {processor.py:654} INFO - DAG(s) dict_keys(['example_trigger_target_dag']) retrieved from /home/airflow/.local/lib/python3.7/site-packages/airflow/example_dags/example_trigger_target_dag.py
[2023-12-03 17:41:18,403] {logging_mixin.py:109} INFO - [2023-12-03 17:41:18,402] {dag.py:2398} INFO - Sync 1 DAGs
[2023-12-03 17:41:18,434] {logging_mixin.py:109} INFO - [2023-12-03 17:41:18,434] {dag.py:2937} INFO - Setting next_dagrun for example_trigger_target_dag to None
[2023-12-03 17:41:18,454] {processor.py:171} INFO - Processing /home/airflow/.local/lib/python3.7/site-packages/airflow/example_dags/example_trigger_target_dag.py took 0.117 seconds
[2023-12-03 17:41:48,648] {processor.py:163} INFO - Started process (PID=157266) to work on /home/airflow/.local/lib/python3.7/site-packages/airflow/example_dags/example_trigger_target_dag.py
[2023-12-03 17:41:48,651] {processor.py:642} INFO - Processing file /home/airflow/.local/lib/python3.7/site-packages/airflow/example_dags/example_trigger_target_dag.py for tasks to queue
[2023-12-03 17:41:48,652] {logging_mixin.py:109} INFO - [2023-12-03 17:41:48,651] {dagbag.py:500} INFO - Filling up the DagBag from /home/airflow/.local/lib/python3.7/site-packages/airflow/example_dags/example_trigger_target_dag.py
[2023-12-03 17:41:48,701] {processor.py:654} INFO - DAG(s) dict_keys(['example_trigger_target_dag']) retrieved from /home/airflow/.local/lib/python3.7/site-packages/airflow/example_dags/example_trigger_target_dag.py
[2023-12-03 17:41:48,721] {logging_mixin.py:109} INFO - [2023-12-03 17:41:48,720] {dag.py:2398} INFO - Sync 1 DAGs
[2023-12-03 17:41:48,746] {logging_mixin.py:109} INFO - [2023-12-03 17:41:48,746] {dag.py:2937} INFO - Setting next_dagrun for example_trigger_target_dag to None
[2023-12-03 17:41:48,762] {processor.py:171} INFO - Processing /home/airflow/.local/lib/python3.7/site-packages/airflow/example_dags/example_trigger_target_dag.py took 0.119 seconds
[2023-12-03 17:42:18,959] {processor.py:163} INFO - Started process (PID=157454) to work on /home/airflow/.local/lib/python3.7/site-packages/airflow/example_dags/example_trigger_target_dag.py
[2023-12-03 17:42:18,962] {processor.py:642} INFO - Processing file /home/airflow/.local/lib/python3.7/site-packages/airflow/example_dags/example_trigger_target_dag.py for tasks to queue
[2023-12-03 17:42:18,964] {logging_mixin.py:109} INFO - [2023-12-03 17:42:18,963] {dagbag.py:500} INFO - Filling up the DagBag from /home/airflow/.local/lib/python3.7/site-packages/airflow/example_dags/example_trigger_target_dag.py
[2023-12-03 17:42:19,013] {processor.py:654} INFO - DAG(s) dict_keys(['example_trigger_target_dag']) retrieved from /home/airflow/.local/lib/python3.7/site-packages/airflow/example_dags/example_trigger_target_dag.py
[2023-12-03 17:42:19,028] {logging_mixin.py:109} INFO - [2023-12-03 17:42:19,028] {dag.py:2398} INFO - Sync 1 DAGs
[2023-12-03 17:42:19,052] {logging_mixin.py:109} INFO - [2023-12-03 17:42:19,051] {dag.py:2937} INFO - Setting next_dagrun for example_trigger_target_dag to None
[2023-12-03 17:42:19,066] {processor.py:171} INFO - Processing /home/airflow/.local/lib/python3.7/site-packages/airflow/example_dags/example_trigger_target_dag.py took 0.113 seconds
[2023-12-03 17:42:49,265] {processor.py:163} INFO - Started process (PID=157654) to work on /home/airflow/.local/lib/python3.7/site-packages/airflow/example_dags/example_trigger_target_dag.py
[2023-12-03 17:42:49,267] {processor.py:642} INFO - Processing file /home/airflow/.local/lib/python3.7/site-packages/airflow/example_dags/example_trigger_target_dag.py for tasks to queue
[2023-12-03 17:42:49,268] {logging_mixin.py:109} INFO - [2023-12-03 17:42:49,268] {dagbag.py:500} INFO - Filling up the DagBag from /home/airflow/.local/lib/python3.7/site-packages/airflow/example_dags/example_trigger_target_dag.py
[2023-12-03 17:42:49,314] {processor.py:654} INFO - DAG(s) dict_keys(['example_trigger_target_dag']) retrieved from /home/airflow/.local/lib/python3.7/site-packages/airflow/example_dags/example_trigger_target_dag.py
[2023-12-03 17:42:49,333] {logging_mixin.py:109} INFO - [2023-12-03 17:42:49,333] {dag.py:2398} INFO - Sync 1 DAGs
[2023-12-03 17:42:49,361] {logging_mixin.py:109} INFO - [2023-12-03 17:42:49,360] {dag.py:2937} INFO - Setting next_dagrun for example_trigger_target_dag to None
[2023-12-03 17:42:49,375] {processor.py:171} INFO - Processing /home/airflow/.local/lib/python3.7/site-packages/airflow/example_dags/example_trigger_target_dag.py took 0.117 seconds
[2023-12-03 17:43:19,700] {processor.py:163} INFO - Started process (PID=157839) to work on /home/airflow/.local/lib/python3.7/site-packages/airflow/example_dags/example_trigger_target_dag.py
[2023-12-03 17:43:19,703] {processor.py:642} INFO - Processing file /home/airflow/.local/lib/python3.7/site-packages/airflow/example_dags/example_trigger_target_dag.py for tasks to queue
[2023-12-03 17:43:19,704] {logging_mixin.py:109} INFO - [2023-12-03 17:43:19,704] {dagbag.py:500} INFO - Filling up the DagBag from /home/airflow/.local/lib/python3.7/site-packages/airflow/example_dags/example_trigger_target_dag.py
[2023-12-03 17:43:19,755] {processor.py:654} INFO - DAG(s) dict_keys(['example_trigger_target_dag']) retrieved from /home/airflow/.local/lib/python3.7/site-packages/airflow/example_dags/example_trigger_target_dag.py
[2023-12-03 17:43:19,772] {logging_mixin.py:109} INFO - [2023-12-03 17:43:19,772] {dag.py:2398} INFO - Sync 1 DAGs
[2023-12-03 17:43:19,804] {logging_mixin.py:109} INFO - [2023-12-03 17:43:19,803] {dag.py:2937} INFO - Setting next_dagrun for example_trigger_target_dag to None
[2023-12-03 17:43:19,820] {processor.py:171} INFO - Processing /home/airflow/.local/lib/python3.7/site-packages/airflow/example_dags/example_trigger_target_dag.py took 0.127 seconds
[2023-12-03 17:46:58,157] {processor.py:163} INFO - Started process (PID=158129) to work on /home/airflow/.local/lib/python3.7/site-packages/airflow/example_dags/example_trigger_target_dag.py
[2023-12-03 17:46:58,215] {processor.py:642} INFO - Processing file /home/airflow/.local/lib/python3.7/site-packages/airflow/example_dags/example_trigger_target_dag.py for tasks to queue
[2023-12-03 17:46:58,217] {logging_mixin.py:109} INFO - [2023-12-03 17:46:58,216] {dagbag.py:500} INFO - Filling up the DagBag from /home/airflow/.local/lib/python3.7/site-packages/airflow/example_dags/example_trigger_target_dag.py
[2023-12-03 17:46:58,298] {processor.py:654} INFO - DAG(s) dict_keys(['example_trigger_target_dag']) retrieved from /home/airflow/.local/lib/python3.7/site-packages/airflow/example_dags/example_trigger_target_dag.py
[2023-12-03 17:46:58,327] {logging_mixin.py:109} INFO - [2023-12-03 17:46:58,327] {dag.py:2398} INFO - Sync 1 DAGs
[2023-12-03 17:46:58,391] {logging_mixin.py:109} INFO - [2023-12-03 17:46:58,391] {dag.py:2937} INFO - Setting next_dagrun for example_trigger_target_dag to None
[2023-12-03 17:46:58,451] {processor.py:171} INFO - Processing /home/airflow/.local/lib/python3.7/site-packages/airflow/example_dags/example_trigger_target_dag.py took 0.303 seconds
[2023-12-03 17:47:29,090] {processor.py:163} INFO - Started process (PID=158314) to work on /home/airflow/.local/lib/python3.7/site-packages/airflow/example_dags/example_trigger_target_dag.py
[2023-12-03 17:47:29,093] {processor.py:642} INFO - Processing file /home/airflow/.local/lib/python3.7/site-packages/airflow/example_dags/example_trigger_target_dag.py for tasks to queue
[2023-12-03 17:47:29,094] {logging_mixin.py:109} INFO - [2023-12-03 17:47:29,094] {dagbag.py:500} INFO - Filling up the DagBag from /home/airflow/.local/lib/python3.7/site-packages/airflow/example_dags/example_trigger_target_dag.py
[2023-12-03 17:47:29,142] {processor.py:654} INFO - DAG(s) dict_keys(['example_trigger_target_dag']) retrieved from /home/airflow/.local/lib/python3.7/site-packages/airflow/example_dags/example_trigger_target_dag.py
[2023-12-03 17:47:29,157] {logging_mixin.py:109} INFO - [2023-12-03 17:47:29,157] {dag.py:2398} INFO - Sync 1 DAGs
[2023-12-03 17:47:29,183] {logging_mixin.py:109} INFO - [2023-12-03 17:47:29,183] {dag.py:2937} INFO - Setting next_dagrun for example_trigger_target_dag to None
[2023-12-03 17:47:29,200] {processor.py:171} INFO - Processing /home/airflow/.local/lib/python3.7/site-packages/airflow/example_dags/example_trigger_target_dag.py took 0.115 seconds
[2023-12-03 17:47:59,889] {processor.py:163} INFO - Started process (PID=158500) to work on /home/airflow/.local/lib/python3.7/site-packages/airflow/example_dags/example_trigger_target_dag.py
[2023-12-03 17:47:59,891] {processor.py:642} INFO - Processing file /home/airflow/.local/lib/python3.7/site-packages/airflow/example_dags/example_trigger_target_dag.py for tasks to queue
[2023-12-03 17:47:59,892] {logging_mixin.py:109} INFO - [2023-12-03 17:47:59,892] {dagbag.py:500} INFO - Filling up the DagBag from /home/airflow/.local/lib/python3.7/site-packages/airflow/example_dags/example_trigger_target_dag.py
[2023-12-03 17:47:59,937] {processor.py:654} INFO - DAG(s) dict_keys(['example_trigger_target_dag']) retrieved from /home/airflow/.local/lib/python3.7/site-packages/airflow/example_dags/example_trigger_target_dag.py
[2023-12-03 17:47:59,954] {logging_mixin.py:109} INFO - [2023-12-03 17:47:59,954] {dag.py:2398} INFO - Sync 1 DAGs
[2023-12-03 17:47:59,982] {logging_mixin.py:109} INFO - [2023-12-03 17:47:59,982] {dag.py:2937} INFO - Setting next_dagrun for example_trigger_target_dag to None
[2023-12-03 17:47:59,998] {processor.py:171} INFO - Processing /home/airflow/.local/lib/python3.7/site-packages/airflow/example_dags/example_trigger_target_dag.py took 0.114 seconds
[2023-12-03 17:48:30,636] {processor.py:163} INFO - Started process (PID=158688) to work on /home/airflow/.local/lib/python3.7/site-packages/airflow/example_dags/example_trigger_target_dag.py
[2023-12-03 17:48:30,637] {processor.py:642} INFO - Processing file /home/airflow/.local/lib/python3.7/site-packages/airflow/example_dags/example_trigger_target_dag.py for tasks to queue
[2023-12-03 17:48:30,638] {logging_mixin.py:109} INFO - [2023-12-03 17:48:30,638] {dagbag.py:500} INFO - Filling up the DagBag from /home/airflow/.local/lib/python3.7/site-packages/airflow/example_dags/example_trigger_target_dag.py
[2023-12-03 17:48:30,677] {processor.py:654} INFO - DAG(s) dict_keys(['example_trigger_target_dag']) retrieved from /home/airflow/.local/lib/python3.7/site-packages/airflow/example_dags/example_trigger_target_dag.py
[2023-12-03 17:48:30,696] {logging_mixin.py:109} INFO - [2023-12-03 17:48:30,696] {dag.py:2398} INFO - Sync 1 DAGs
[2023-12-03 17:48:30,720] {logging_mixin.py:109} INFO - [2023-12-03 17:48:30,720] {dag.py:2937} INFO - Setting next_dagrun for example_trigger_target_dag to None
[2023-12-03 17:48:30,736] {processor.py:171} INFO - Processing /home/airflow/.local/lib/python3.7/site-packages/airflow/example_dags/example_trigger_target_dag.py took 0.105 seconds
[2023-12-03 17:49:01,346] {processor.py:163} INFO - Started process (PID=158876) to work on /home/airflow/.local/lib/python3.7/site-packages/airflow/example_dags/example_trigger_target_dag.py
[2023-12-03 17:49:01,349] {processor.py:642} INFO - Processing file /home/airflow/.local/lib/python3.7/site-packages/airflow/example_dags/example_trigger_target_dag.py for tasks to queue
[2023-12-03 17:49:01,350] {logging_mixin.py:109} INFO - [2023-12-03 17:49:01,350] {dagbag.py:500} INFO - Filling up the DagBag from /home/airflow/.local/lib/python3.7/site-packages/airflow/example_dags/example_trigger_target_dag.py
[2023-12-03 17:49:01,402] {processor.py:654} INFO - DAG(s) dict_keys(['example_trigger_target_dag']) retrieved from /home/airflow/.local/lib/python3.7/site-packages/airflow/example_dags/example_trigger_target_dag.py
[2023-12-03 17:49:01,421] {logging_mixin.py:109} INFO - [2023-12-03 17:49:01,420] {dag.py:2398} INFO - Sync 1 DAGs
[2023-12-03 17:49:01,448] {logging_mixin.py:109} INFO - [2023-12-03 17:49:01,448] {dag.py:2937} INFO - Setting next_dagrun for example_trigger_target_dag to None
[2023-12-03 17:49:01,467] {processor.py:171} INFO - Processing /home/airflow/.local/lib/python3.7/site-packages/airflow/example_dags/example_trigger_target_dag.py took 0.127 seconds
[2023-12-03 17:49:31,932] {processor.py:163} INFO - Started process (PID=159070) to work on /home/airflow/.local/lib/python3.7/site-packages/airflow/example_dags/example_trigger_target_dag.py
[2023-12-03 17:49:31,945] {processor.py:642} INFO - Processing file /home/airflow/.local/lib/python3.7/site-packages/airflow/example_dags/example_trigger_target_dag.py for tasks to queue
[2023-12-03 17:49:31,946] {logging_mixin.py:109} INFO - [2023-12-03 17:49:31,946] {dagbag.py:500} INFO - Filling up the DagBag from /home/airflow/.local/lib/python3.7/site-packages/airflow/example_dags/example_trigger_target_dag.py
[2023-12-03 17:49:31,996] {processor.py:654} INFO - DAG(s) dict_keys(['example_trigger_target_dag']) retrieved from /home/airflow/.local/lib/python3.7/site-packages/airflow/example_dags/example_trigger_target_dag.py
[2023-12-03 17:49:32,017] {logging_mixin.py:109} INFO - [2023-12-03 17:49:32,016] {dag.py:2398} INFO - Sync 1 DAGs
[2023-12-03 17:49:32,040] {logging_mixin.py:109} INFO - [2023-12-03 17:49:32,040] {dag.py:2937} INFO - Setting next_dagrun for example_trigger_target_dag to None
[2023-12-03 17:49:32,056] {processor.py:171} INFO - Processing /home/airflow/.local/lib/python3.7/site-packages/airflow/example_dags/example_trigger_target_dag.py took 0.130 seconds
[2023-12-03 17:50:02,648] {processor.py:163} INFO - Started process (PID=159258) to work on /home/airflow/.local/lib/python3.7/site-packages/airflow/example_dags/example_trigger_target_dag.py
[2023-12-03 17:50:02,650] {processor.py:642} INFO - Processing file /home/airflow/.local/lib/python3.7/site-packages/airflow/example_dags/example_trigger_target_dag.py for tasks to queue
[2023-12-03 17:50:02,651] {logging_mixin.py:109} INFO - [2023-12-03 17:50:02,651] {dagbag.py:500} INFO - Filling up the DagBag from /home/airflow/.local/lib/python3.7/site-packages/airflow/example_dags/example_trigger_target_dag.py
[2023-12-03 17:50:02,695] {processor.py:654} INFO - DAG(s) dict_keys(['example_trigger_target_dag']) retrieved from /home/airflow/.local/lib/python3.7/site-packages/airflow/example_dags/example_trigger_target_dag.py
[2023-12-03 17:50:02,712] {logging_mixin.py:109} INFO - [2023-12-03 17:50:02,712] {dag.py:2398} INFO - Sync 1 DAGs
[2023-12-03 17:50:02,737] {logging_mixin.py:109} INFO - [2023-12-03 17:50:02,736] {dag.py:2937} INFO - Setting next_dagrun for example_trigger_target_dag to None
[2023-12-03 17:50:02,752] {processor.py:171} INFO - Processing /home/airflow/.local/lib/python3.7/site-packages/airflow/example_dags/example_trigger_target_dag.py took 0.110 seconds
[2023-12-03 17:50:33,323] {processor.py:163} INFO - Started process (PID=159449) to work on /home/airflow/.local/lib/python3.7/site-packages/airflow/example_dags/example_trigger_target_dag.py
[2023-12-03 17:50:33,324] {processor.py:642} INFO - Processing file /home/airflow/.local/lib/python3.7/site-packages/airflow/example_dags/example_trigger_target_dag.py for tasks to queue
[2023-12-03 17:50:33,326] {logging_mixin.py:109} INFO - [2023-12-03 17:50:33,325] {dagbag.py:500} INFO - Filling up the DagBag from /home/airflow/.local/lib/python3.7/site-packages/airflow/example_dags/example_trigger_target_dag.py
[2023-12-03 17:50:33,364] {processor.py:654} INFO - DAG(s) dict_keys(['example_trigger_target_dag']) retrieved from /home/airflow/.local/lib/python3.7/site-packages/airflow/example_dags/example_trigger_target_dag.py
[2023-12-03 17:50:33,378] {logging_mixin.py:109} INFO - [2023-12-03 17:50:33,378] {dag.py:2398} INFO - Sync 1 DAGs
[2023-12-03 17:50:33,400] {logging_mixin.py:109} INFO - [2023-12-03 17:50:33,400] {dag.py:2937} INFO - Setting next_dagrun for example_trigger_target_dag to None
[2023-12-03 17:50:33,415] {processor.py:171} INFO - Processing /home/airflow/.local/lib/python3.7/site-packages/airflow/example_dags/example_trigger_target_dag.py took 0.096 seconds
[2023-12-03 17:51:03,889] {processor.py:163} INFO - Started process (PID=159637) to work on /home/airflow/.local/lib/python3.7/site-packages/airflow/example_dags/example_trigger_target_dag.py
[2023-12-03 17:51:03,892] {processor.py:642} INFO - Processing file /home/airflow/.local/lib/python3.7/site-packages/airflow/example_dags/example_trigger_target_dag.py for tasks to queue
[2023-12-03 17:51:03,893] {logging_mixin.py:109} INFO - [2023-12-03 17:51:03,892] {dagbag.py:500} INFO - Filling up the DagBag from /home/airflow/.local/lib/python3.7/site-packages/airflow/example_dags/example_trigger_target_dag.py
[2023-12-03 17:51:03,968] {processor.py:654} INFO - DAG(s) dict_keys(['example_trigger_target_dag']) retrieved from /home/airflow/.local/lib/python3.7/site-packages/airflow/example_dags/example_trigger_target_dag.py
[2023-12-03 17:51:03,988] {logging_mixin.py:109} INFO - [2023-12-03 17:51:03,988] {dag.py:2398} INFO - Sync 1 DAGs
[2023-12-03 17:51:04,077] {logging_mixin.py:109} INFO - [2023-12-03 17:51:04,077] {dag.py:2937} INFO - Setting next_dagrun for example_trigger_target_dag to None
[2023-12-03 17:51:04,134] {processor.py:171} INFO - Processing /home/airflow/.local/lib/python3.7/site-packages/airflow/example_dags/example_trigger_target_dag.py took 0.251 seconds
[2023-12-03 22:17:07,466] {processor.py:163} INFO - Started process (PID=159884) to work on /home/airflow/.local/lib/python3.7/site-packages/airflow/example_dags/example_trigger_target_dag.py
[2023-12-03 22:17:07,496] {processor.py:642} INFO - Processing file /home/airflow/.local/lib/python3.7/site-packages/airflow/example_dags/example_trigger_target_dag.py for tasks to queue
[2023-12-03 22:17:07,498] {logging_mixin.py:109} INFO - [2023-12-03 22:17:07,498] {dagbag.py:500} INFO - Filling up the DagBag from /home/airflow/.local/lib/python3.7/site-packages/airflow/example_dags/example_trigger_target_dag.py
[2023-12-03 22:17:07,707] {processor.py:654} INFO - DAG(s) dict_keys(['example_trigger_target_dag']) retrieved from /home/airflow/.local/lib/python3.7/site-packages/airflow/example_dags/example_trigger_target_dag.py
[2023-12-03 22:17:07,777] {logging_mixin.py:109} INFO - [2023-12-03 22:17:07,777] {dag.py:2398} INFO - Sync 1 DAGs
[2023-12-03 22:17:07,902] {logging_mixin.py:109} INFO - [2023-12-03 22:17:07,902] {dag.py:2937} INFO - Setting next_dagrun for example_trigger_target_dag to None
[2023-12-03 22:17:07,961] {processor.py:171} INFO - Processing /home/airflow/.local/lib/python3.7/site-packages/airflow/example_dags/example_trigger_target_dag.py took 0.526 seconds
