[2023-12-03 17:32:59,898] {processor.py:163} INFO - Started process (PID=154091) to work on /home/airflow/.local/lib/python3.7/site-packages/airflow/example_dags/example_xcom.py
[2023-12-03 17:32:59,900] {processor.py:642} INFO - Processing file /home/airflow/.local/lib/python3.7/site-packages/airflow/example_dags/example_xcom.py for tasks to queue
[2023-12-03 17:32:59,902] {logging_mixin.py:109} INFO - [2023-12-03 17:32:59,901] {dagbag.py:500} INFO - Filling up the DagBag from /home/airflow/.local/lib/python3.7/site-packages/airflow/example_dags/example_xcom.py
[2023-12-03 17:33:00,068] {processor.py:654} INFO - DAG(s) dict_keys(['example_xcom']) retrieved from /home/airflow/.local/lib/python3.7/site-packages/airflow/example_dags/example_xcom.py
[2023-12-03 17:33:01,410] {logging_mixin.py:109} INFO - [2023-12-03 17:33:01,410] {dag.py:2398} INFO - Sync 1 DAGs
[2023-12-03 17:33:01,464] {logging_mixin.py:109} INFO - [2023-12-03 17:33:01,464] {dag.py:2937} INFO - Setting next_dagrun for example_xcom to 2021-01-01T00:00:00+00:00
[2023-12-03 17:33:01,833] {processor.py:171} INFO - Processing /home/airflow/.local/lib/python3.7/site-packages/airflow/example_dags/example_xcom.py took 1.952 seconds
[2023-12-03 17:33:32,298] {processor.py:163} INFO - Started process (PID=154279) to work on /home/airflow/.local/lib/python3.7/site-packages/airflow/example_dags/example_xcom.py
[2023-12-03 17:33:32,318] {processor.py:642} INFO - Processing file /home/airflow/.local/lib/python3.7/site-packages/airflow/example_dags/example_xcom.py for tasks to queue
[2023-12-03 17:33:32,320] {logging_mixin.py:109} INFO - [2023-12-03 17:33:32,319] {dagbag.py:500} INFO - Filling up the DagBag from /home/airflow/.local/lib/python3.7/site-packages/airflow/example_dags/example_xcom.py
[2023-12-03 17:33:32,482] {processor.py:654} INFO - DAG(s) dict_keys(['example_xcom']) retrieved from /home/airflow/.local/lib/python3.7/site-packages/airflow/example_dags/example_xcom.py
[2023-12-03 17:33:33,936] {logging_mixin.py:109} INFO - [2023-12-03 17:33:33,936] {dag.py:2398} INFO - Sync 1 DAGs
[2023-12-03 17:33:34,018] {logging_mixin.py:109} INFO - [2023-12-03 17:33:34,018] {dag.py:2937} INFO - Setting next_dagrun for example_xcom to 2021-01-01T00:00:00+00:00
[2023-12-03 17:33:34,090] {processor.py:171} INFO - Processing /home/airflow/.local/lib/python3.7/site-packages/airflow/example_dags/example_xcom.py took 1.818 seconds
[2023-12-03 17:34:04,732] {processor.py:163} INFO - Started process (PID=154468) to work on /home/airflow/.local/lib/python3.7/site-packages/airflow/example_dags/example_xcom.py
[2023-12-03 17:34:04,734] {processor.py:642} INFO - Processing file /home/airflow/.local/lib/python3.7/site-packages/airflow/example_dags/example_xcom.py for tasks to queue
[2023-12-03 17:34:04,737] {logging_mixin.py:109} INFO - [2023-12-03 17:34:04,737] {dagbag.py:500} INFO - Filling up the DagBag from /home/airflow/.local/lib/python3.7/site-packages/airflow/example_dags/example_xcom.py
[2023-12-03 17:34:04,916] {processor.py:654} INFO - DAG(s) dict_keys(['example_xcom']) retrieved from /home/airflow/.local/lib/python3.7/site-packages/airflow/example_dags/example_xcom.py
[2023-12-03 17:34:06,956] {logging_mixin.py:109} INFO - [2023-12-03 17:34:06,956] {dag.py:2398} INFO - Sync 1 DAGs
[2023-12-03 17:34:07,047] {logging_mixin.py:109} INFO - [2023-12-03 17:34:07,047] {dag.py:2937} INFO - Setting next_dagrun for example_xcom to 2021-01-01T00:00:00+00:00
[2023-12-03 17:34:07,114] {processor.py:171} INFO - Processing /home/airflow/.local/lib/python3.7/site-packages/airflow/example_dags/example_xcom.py took 2.400 seconds
[2023-12-03 17:34:37,504] {processor.py:163} INFO - Started process (PID=154663) to work on /home/airflow/.local/lib/python3.7/site-packages/airflow/example_dags/example_xcom.py
[2023-12-03 17:34:37,507] {processor.py:642} INFO - Processing file /home/airflow/.local/lib/python3.7/site-packages/airflow/example_dags/example_xcom.py for tasks to queue
[2023-12-03 17:34:37,509] {logging_mixin.py:109} INFO - [2023-12-03 17:34:37,509] {dagbag.py:500} INFO - Filling up the DagBag from /home/airflow/.local/lib/python3.7/site-packages/airflow/example_dags/example_xcom.py
[2023-12-03 17:34:37,716] {processor.py:654} INFO - DAG(s) dict_keys(['example_xcom']) retrieved from /home/airflow/.local/lib/python3.7/site-packages/airflow/example_dags/example_xcom.py
[2023-12-03 17:34:39,845] {logging_mixin.py:109} INFO - [2023-12-03 17:34:39,845] {dag.py:2398} INFO - Sync 1 DAGs
[2023-12-03 17:34:39,938] {logging_mixin.py:109} INFO - [2023-12-03 17:34:39,938] {dag.py:2937} INFO - Setting next_dagrun for example_xcom to 2021-01-01T00:00:00+00:00
[2023-12-03 17:34:40,004] {processor.py:171} INFO - Processing /home/airflow/.local/lib/python3.7/site-packages/airflow/example_dags/example_xcom.py took 2.531 seconds
[2023-12-03 17:35:10,153] {processor.py:163} INFO - Started process (PID=154849) to work on /home/airflow/.local/lib/python3.7/site-packages/airflow/example_dags/example_xcom.py
[2023-12-03 17:35:10,161] {processor.py:642} INFO - Processing file /home/airflow/.local/lib/python3.7/site-packages/airflow/example_dags/example_xcom.py for tasks to queue
[2023-12-03 17:35:10,169] {logging_mixin.py:109} INFO - [2023-12-03 17:35:10,168] {dagbag.py:500} INFO - Filling up the DagBag from /home/airflow/.local/lib/python3.7/site-packages/airflow/example_dags/example_xcom.py
[2023-12-03 17:35:10,311] {processor.py:654} INFO - DAG(s) dict_keys(['example_xcom']) retrieved from /home/airflow/.local/lib/python3.7/site-packages/airflow/example_dags/example_xcom.py
[2023-12-03 17:35:11,610] {logging_mixin.py:109} INFO - [2023-12-03 17:35:11,610] {dag.py:2398} INFO - Sync 1 DAGs
[2023-12-03 17:35:11,690] {logging_mixin.py:109} INFO - [2023-12-03 17:35:11,690] {dag.py:2937} INFO - Setting next_dagrun for example_xcom to 2021-01-01T00:00:00+00:00
[2023-12-03 17:35:11,759] {processor.py:171} INFO - Processing /home/airflow/.local/lib/python3.7/site-packages/airflow/example_dags/example_xcom.py took 1.623 seconds
[2023-12-03 17:35:41,878] {processor.py:163} INFO - Started process (PID=155028) to work on /home/airflow/.local/lib/python3.7/site-packages/airflow/example_dags/example_xcom.py
[2023-12-03 17:35:41,889] {processor.py:642} INFO - Processing file /home/airflow/.local/lib/python3.7/site-packages/airflow/example_dags/example_xcom.py for tasks to queue
[2023-12-03 17:35:41,891] {logging_mixin.py:109} INFO - [2023-12-03 17:35:41,890] {dagbag.py:500} INFO - Filling up the DagBag from /home/airflow/.local/lib/python3.7/site-packages/airflow/example_dags/example_xcom.py
[2023-12-03 17:35:42,054] {processor.py:654} INFO - DAG(s) dict_keys(['example_xcom']) retrieved from /home/airflow/.local/lib/python3.7/site-packages/airflow/example_dags/example_xcom.py
[2023-12-03 17:35:43,662] {logging_mixin.py:109} INFO - [2023-12-03 17:35:43,662] {dag.py:2398} INFO - Sync 1 DAGs
[2023-12-03 17:35:43,771] {logging_mixin.py:109} INFO - [2023-12-03 17:35:43,771] {dag.py:2937} INFO - Setting next_dagrun for example_xcom to 2021-01-01T00:00:00+00:00
[2023-12-03 17:35:43,848] {processor.py:171} INFO - Processing /home/airflow/.local/lib/python3.7/site-packages/airflow/example_dags/example_xcom.py took 1.987 seconds
[2023-12-03 17:36:14,264] {processor.py:163} INFO - Started process (PID=155221) to work on /home/airflow/.local/lib/python3.7/site-packages/airflow/example_dags/example_xcom.py
[2023-12-03 17:36:14,270] {processor.py:642} INFO - Processing file /home/airflow/.local/lib/python3.7/site-packages/airflow/example_dags/example_xcom.py for tasks to queue
[2023-12-03 17:36:14,271] {logging_mixin.py:109} INFO - [2023-12-03 17:36:14,271] {dagbag.py:500} INFO - Filling up the DagBag from /home/airflow/.local/lib/python3.7/site-packages/airflow/example_dags/example_xcom.py
[2023-12-03 17:36:14,380] {processor.py:654} INFO - DAG(s) dict_keys(['example_xcom']) retrieved from /home/airflow/.local/lib/python3.7/site-packages/airflow/example_dags/example_xcom.py
[2023-12-03 17:36:15,860] {logging_mixin.py:109} INFO - [2023-12-03 17:36:15,860] {dag.py:2398} INFO - Sync 1 DAGs
[2023-12-03 17:36:15,909] {logging_mixin.py:109} INFO - [2023-12-03 17:36:15,909] {dag.py:2937} INFO - Setting next_dagrun for example_xcom to 2021-01-01T00:00:00+00:00
[2023-12-03 17:36:15,971] {processor.py:171} INFO - Processing /home/airflow/.local/lib/python3.7/site-packages/airflow/example_dags/example_xcom.py took 1.717 seconds
[2023-12-03 17:36:46,831] {processor.py:163} INFO - Started process (PID=155409) to work on /home/airflow/.local/lib/python3.7/site-packages/airflow/example_dags/example_xcom.py
[2023-12-03 17:36:46,839] {processor.py:642} INFO - Processing file /home/airflow/.local/lib/python3.7/site-packages/airflow/example_dags/example_xcom.py for tasks to queue
[2023-12-03 17:36:46,841] {logging_mixin.py:109} INFO - [2023-12-03 17:36:46,841] {dagbag.py:500} INFO - Filling up the DagBag from /home/airflow/.local/lib/python3.7/site-packages/airflow/example_dags/example_xcom.py
[2023-12-03 17:36:46,934] {processor.py:654} INFO - DAG(s) dict_keys(['example_xcom']) retrieved from /home/airflow/.local/lib/python3.7/site-packages/airflow/example_dags/example_xcom.py
[2023-12-03 17:36:46,965] {logging_mixin.py:109} INFO - [2023-12-03 17:36:46,965] {dag.py:2398} INFO - Sync 1 DAGs
[2023-12-03 17:36:47,003] {logging_mixin.py:109} INFO - [2023-12-03 17:36:47,003] {dag.py:2937} INFO - Setting next_dagrun for example_xcom to 2021-01-01T00:00:00+00:00
[2023-12-03 17:36:47,041] {processor.py:171} INFO - Processing /home/airflow/.local/lib/python3.7/site-packages/airflow/example_dags/example_xcom.py took 0.216 seconds
[2023-12-03 17:37:17,647] {processor.py:163} INFO - Started process (PID=155603) to work on /home/airflow/.local/lib/python3.7/site-packages/airflow/example_dags/example_xcom.py
[2023-12-03 17:37:17,649] {processor.py:642} INFO - Processing file /home/airflow/.local/lib/python3.7/site-packages/airflow/example_dags/example_xcom.py for tasks to queue
[2023-12-03 17:37:17,651] {logging_mixin.py:109} INFO - [2023-12-03 17:37:17,650] {dagbag.py:500} INFO - Filling up the DagBag from /home/airflow/.local/lib/python3.7/site-packages/airflow/example_dags/example_xcom.py
[2023-12-03 17:37:17,704] {processor.py:654} INFO - DAG(s) dict_keys(['example_xcom']) retrieved from /home/airflow/.local/lib/python3.7/site-packages/airflow/example_dags/example_xcom.py
[2023-12-03 17:37:18,092] {logging_mixin.py:109} INFO - [2023-12-03 17:37:18,092] {dag.py:2398} INFO - Sync 1 DAGs
[2023-12-03 17:37:18,112] {logging_mixin.py:109} INFO - [2023-12-03 17:37:18,112] {dag.py:2937} INFO - Setting next_dagrun for example_xcom to 2021-01-01T00:00:00+00:00
[2023-12-03 17:37:18,138] {processor.py:171} INFO - Processing /home/airflow/.local/lib/python3.7/site-packages/airflow/example_dags/example_xcom.py took 0.498 seconds
[2023-12-03 17:37:48,873] {processor.py:163} INFO - Started process (PID=155796) to work on /home/airflow/.local/lib/python3.7/site-packages/airflow/example_dags/example_xcom.py
[2023-12-03 17:37:48,887] {processor.py:642} INFO - Processing file /home/airflow/.local/lib/python3.7/site-packages/airflow/example_dags/example_xcom.py for tasks to queue
[2023-12-03 17:37:48,888] {logging_mixin.py:109} INFO - [2023-12-03 17:37:48,888] {dagbag.py:500} INFO - Filling up the DagBag from /home/airflow/.local/lib/python3.7/site-packages/airflow/example_dags/example_xcom.py
[2023-12-03 17:37:48,944] {processor.py:654} INFO - DAG(s) dict_keys(['example_xcom']) retrieved from /home/airflow/.local/lib/python3.7/site-packages/airflow/example_dags/example_xcom.py
[2023-12-03 17:37:49,759] {logging_mixin.py:109} INFO - [2023-12-03 17:37:49,759] {dag.py:2398} INFO - Sync 1 DAGs
[2023-12-03 17:37:49,789] {logging_mixin.py:109} INFO - [2023-12-03 17:37:49,787] {dag.py:2937} INFO - Setting next_dagrun for example_xcom to 2021-01-01T00:00:00+00:00
[2023-12-03 17:37:49,819] {processor.py:171} INFO - Processing /home/airflow/.local/lib/python3.7/site-packages/airflow/example_dags/example_xcom.py took 0.952 seconds
[2023-12-03 17:38:20,989] {processor.py:163} INFO - Started process (PID=156004) to work on /home/airflow/.local/lib/python3.7/site-packages/airflow/example_dags/example_xcom.py
[2023-12-03 17:38:20,994] {processor.py:642} INFO - Processing file /home/airflow/.local/lib/python3.7/site-packages/airflow/example_dags/example_xcom.py for tasks to queue
[2023-12-03 17:38:20,995] {logging_mixin.py:109} INFO - [2023-12-03 17:38:20,995] {dagbag.py:500} INFO - Filling up the DagBag from /home/airflow/.local/lib/python3.7/site-packages/airflow/example_dags/example_xcom.py
[2023-12-03 17:38:21,065] {processor.py:654} INFO - DAG(s) dict_keys(['example_xcom']) retrieved from /home/airflow/.local/lib/python3.7/site-packages/airflow/example_dags/example_xcom.py
[2023-12-03 17:38:21,563] {logging_mixin.py:109} INFO - [2023-12-03 17:38:21,563] {dag.py:2398} INFO - Sync 1 DAGs
[2023-12-03 17:38:21,583] {logging_mixin.py:109} INFO - [2023-12-03 17:38:21,582] {dag.py:2937} INFO - Setting next_dagrun for example_xcom to 2021-01-01T00:00:00+00:00
[2023-12-03 17:38:21,615] {processor.py:171} INFO - Processing /home/airflow/.local/lib/python3.7/site-packages/airflow/example_dags/example_xcom.py took 0.641 seconds
[2023-12-03 17:38:52,345] {processor.py:163} INFO - Started process (PID=156195) to work on /home/airflow/.local/lib/python3.7/site-packages/airflow/example_dags/example_xcom.py
[2023-12-03 17:38:52,350] {processor.py:642} INFO - Processing file /home/airflow/.local/lib/python3.7/site-packages/airflow/example_dags/example_xcom.py for tasks to queue
[2023-12-03 17:38:52,351] {logging_mixin.py:109} INFO - [2023-12-03 17:38:52,351] {dagbag.py:500} INFO - Filling up the DagBag from /home/airflow/.local/lib/python3.7/site-packages/airflow/example_dags/example_xcom.py
[2023-12-03 17:38:52,400] {processor.py:654} INFO - DAG(s) dict_keys(['example_xcom']) retrieved from /home/airflow/.local/lib/python3.7/site-packages/airflow/example_dags/example_xcom.py
[2023-12-03 17:38:52,817] {logging_mixin.py:109} INFO - [2023-12-03 17:38:52,817] {dag.py:2398} INFO - Sync 1 DAGs
[2023-12-03 17:38:52,833] {logging_mixin.py:109} INFO - [2023-12-03 17:38:52,833] {dag.py:2937} INFO - Setting next_dagrun for example_xcom to 2021-01-01T00:00:00+00:00
[2023-12-03 17:38:52,846] {processor.py:171} INFO - Processing /home/airflow/.local/lib/python3.7/site-packages/airflow/example_dags/example_xcom.py took 0.507 seconds
[2023-12-03 17:39:22,919] {processor.py:163} INFO - Started process (PID=156394) to work on /home/airflow/.local/lib/python3.7/site-packages/airflow/example_dags/example_xcom.py
[2023-12-03 17:39:22,922] {processor.py:642} INFO - Processing file /home/airflow/.local/lib/python3.7/site-packages/airflow/example_dags/example_xcom.py for tasks to queue
[2023-12-03 17:39:22,923] {logging_mixin.py:109} INFO - [2023-12-03 17:39:22,923] {dagbag.py:500} INFO - Filling up the DagBag from /home/airflow/.local/lib/python3.7/site-packages/airflow/example_dags/example_xcom.py
[2023-12-03 17:39:22,979] {processor.py:654} INFO - DAG(s) dict_keys(['example_xcom']) retrieved from /home/airflow/.local/lib/python3.7/site-packages/airflow/example_dags/example_xcom.py
[2023-12-03 17:39:23,528] {logging_mixin.py:109} INFO - [2023-12-03 17:39:23,528] {dag.py:2398} INFO - Sync 1 DAGs
[2023-12-03 17:39:23,561] {logging_mixin.py:109} INFO - [2023-12-03 17:39:23,560] {dag.py:2937} INFO - Setting next_dagrun for example_xcom to 2021-01-01T00:00:00+00:00
[2023-12-03 17:39:23,595] {processor.py:171} INFO - Processing /home/airflow/.local/lib/python3.7/site-packages/airflow/example_dags/example_xcom.py took 0.684 seconds
[2023-12-03 17:39:54,126] {processor.py:163} INFO - Started process (PID=156582) to work on /home/airflow/.local/lib/python3.7/site-packages/airflow/example_dags/example_xcom.py
[2023-12-03 17:39:54,138] {processor.py:642} INFO - Processing file /home/airflow/.local/lib/python3.7/site-packages/airflow/example_dags/example_xcom.py for tasks to queue
[2023-12-03 17:39:54,139] {logging_mixin.py:109} INFO - [2023-12-03 17:39:54,139] {dagbag.py:500} INFO - Filling up the DagBag from /home/airflow/.local/lib/python3.7/site-packages/airflow/example_dags/example_xcom.py
[2023-12-03 17:39:54,182] {processor.py:654} INFO - DAG(s) dict_keys(['example_xcom']) retrieved from /home/airflow/.local/lib/python3.7/site-packages/airflow/example_dags/example_xcom.py
[2023-12-03 17:39:54,197] {logging_mixin.py:109} INFO - [2023-12-03 17:39:54,197] {dag.py:2398} INFO - Sync 1 DAGs
[2023-12-03 17:39:54,217] {logging_mixin.py:109} INFO - [2023-12-03 17:39:54,217] {dag.py:2937} INFO - Setting next_dagrun for example_xcom to 2021-01-01T00:00:00+00:00
[2023-12-03 17:39:54,234] {processor.py:171} INFO - Processing /home/airflow/.local/lib/python3.7/site-packages/airflow/example_dags/example_xcom.py took 0.115 seconds
[2023-12-03 17:40:24,614] {processor.py:163} INFO - Started process (PID=156770) to work on /home/airflow/.local/lib/python3.7/site-packages/airflow/example_dags/example_xcom.py
[2023-12-03 17:40:24,617] {processor.py:642} INFO - Processing file /home/airflow/.local/lib/python3.7/site-packages/airflow/example_dags/example_xcom.py for tasks to queue
[2023-12-03 17:40:24,618] {logging_mixin.py:109} INFO - [2023-12-03 17:40:24,617] {dagbag.py:500} INFO - Filling up the DagBag from /home/airflow/.local/lib/python3.7/site-packages/airflow/example_dags/example_xcom.py
[2023-12-03 17:40:24,657] {processor.py:654} INFO - DAG(s) dict_keys(['example_xcom']) retrieved from /home/airflow/.local/lib/python3.7/site-packages/airflow/example_dags/example_xcom.py
[2023-12-03 17:40:25,009] {logging_mixin.py:109} INFO - [2023-12-03 17:40:25,009] {dag.py:2398} INFO - Sync 1 DAGs
[2023-12-03 17:40:25,029] {logging_mixin.py:109} INFO - [2023-12-03 17:40:25,029] {dag.py:2937} INFO - Setting next_dagrun for example_xcom to 2021-01-01T00:00:00+00:00
[2023-12-03 17:40:25,057] {processor.py:171} INFO - Processing /home/airflow/.local/lib/python3.7/site-packages/airflow/example_dags/example_xcom.py took 0.449 seconds
[2023-12-03 17:40:55,116] {processor.py:163} INFO - Started process (PID=156958) to work on /home/airflow/.local/lib/python3.7/site-packages/airflow/example_dags/example_xcom.py
[2023-12-03 17:40:55,121] {processor.py:642} INFO - Processing file /home/airflow/.local/lib/python3.7/site-packages/airflow/example_dags/example_xcom.py for tasks to queue
[2023-12-03 17:40:55,122] {logging_mixin.py:109} INFO - [2023-12-03 17:40:55,122] {dagbag.py:500} INFO - Filling up the DagBag from /home/airflow/.local/lib/python3.7/site-packages/airflow/example_dags/example_xcom.py
[2023-12-03 17:40:55,171] {processor.py:654} INFO - DAG(s) dict_keys(['example_xcom']) retrieved from /home/airflow/.local/lib/python3.7/site-packages/airflow/example_dags/example_xcom.py
[2023-12-03 17:40:55,632] {logging_mixin.py:109} INFO - [2023-12-03 17:40:55,632] {dag.py:2398} INFO - Sync 1 DAGs
[2023-12-03 17:40:55,654] {logging_mixin.py:109} INFO - [2023-12-03 17:40:55,653] {dag.py:2937} INFO - Setting next_dagrun for example_xcom to 2021-01-01T00:00:00+00:00
[2023-12-03 17:40:55,670] {processor.py:171} INFO - Processing /home/airflow/.local/lib/python3.7/site-packages/airflow/example_dags/example_xcom.py took 0.559 seconds
[2023-12-03 17:41:25,795] {processor.py:163} INFO - Started process (PID=157145) to work on /home/airflow/.local/lib/python3.7/site-packages/airflow/example_dags/example_xcom.py
[2023-12-03 17:41:25,797] {processor.py:642} INFO - Processing file /home/airflow/.local/lib/python3.7/site-packages/airflow/example_dags/example_xcom.py for tasks to queue
[2023-12-03 17:41:25,798] {logging_mixin.py:109} INFO - [2023-12-03 17:41:25,798] {dagbag.py:500} INFO - Filling up the DagBag from /home/airflow/.local/lib/python3.7/site-packages/airflow/example_dags/example_xcom.py
[2023-12-03 17:41:25,838] {processor.py:654} INFO - DAG(s) dict_keys(['example_xcom']) retrieved from /home/airflow/.local/lib/python3.7/site-packages/airflow/example_dags/example_xcom.py
[2023-12-03 17:41:25,857] {logging_mixin.py:109} INFO - [2023-12-03 17:41:25,857] {dag.py:2398} INFO - Sync 1 DAGs
[2023-12-03 17:41:25,875] {logging_mixin.py:109} INFO - [2023-12-03 17:41:25,875] {dag.py:2937} INFO - Setting next_dagrun for example_xcom to 2021-01-01T00:00:00+00:00
[2023-12-03 17:41:25,895] {processor.py:171} INFO - Processing /home/airflow/.local/lib/python3.7/site-packages/airflow/example_dags/example_xcom.py took 0.104 seconds
[2023-12-03 17:41:56,456] {processor.py:163} INFO - Started process (PID=157340) to work on /home/airflow/.local/lib/python3.7/site-packages/airflow/example_dags/example_xcom.py
[2023-12-03 17:41:56,459] {processor.py:642} INFO - Processing file /home/airflow/.local/lib/python3.7/site-packages/airflow/example_dags/example_xcom.py for tasks to queue
[2023-12-03 17:41:56,460] {logging_mixin.py:109} INFO - [2023-12-03 17:41:56,460] {dagbag.py:500} INFO - Filling up the DagBag from /home/airflow/.local/lib/python3.7/site-packages/airflow/example_dags/example_xcom.py
[2023-12-03 17:41:56,517] {processor.py:654} INFO - DAG(s) dict_keys(['example_xcom']) retrieved from /home/airflow/.local/lib/python3.7/site-packages/airflow/example_dags/example_xcom.py
[2023-12-03 17:41:57,033] {logging_mixin.py:109} INFO - [2023-12-03 17:41:57,033] {dag.py:2398} INFO - Sync 1 DAGs
[2023-12-03 17:41:57,055] {logging_mixin.py:109} INFO - [2023-12-03 17:41:57,054] {dag.py:2937} INFO - Setting next_dagrun for example_xcom to 2021-01-01T00:00:00+00:00
[2023-12-03 17:41:57,076] {processor.py:171} INFO - Processing /home/airflow/.local/lib/python3.7/site-packages/airflow/example_dags/example_xcom.py took 0.626 seconds
[2023-12-03 17:42:27,183] {processor.py:163} INFO - Started process (PID=157528) to work on /home/airflow/.local/lib/python3.7/site-packages/airflow/example_dags/example_xcom.py
[2023-12-03 17:42:27,186] {processor.py:642} INFO - Processing file /home/airflow/.local/lib/python3.7/site-packages/airflow/example_dags/example_xcom.py for tasks to queue
[2023-12-03 17:42:27,187] {logging_mixin.py:109} INFO - [2023-12-03 17:42:27,187] {dagbag.py:500} INFO - Filling up the DagBag from /home/airflow/.local/lib/python3.7/site-packages/airflow/example_dags/example_xcom.py
[2023-12-03 17:42:27,233] {processor.py:654} INFO - DAG(s) dict_keys(['example_xcom']) retrieved from /home/airflow/.local/lib/python3.7/site-packages/airflow/example_dags/example_xcom.py
[2023-12-03 17:42:27,716] {logging_mixin.py:109} INFO - [2023-12-03 17:42:27,716] {dag.py:2398} INFO - Sync 1 DAGs
[2023-12-03 17:42:27,737] {logging_mixin.py:109} INFO - [2023-12-03 17:42:27,737] {dag.py:2937} INFO - Setting next_dagrun for example_xcom to 2021-01-01T00:00:00+00:00
[2023-12-03 17:42:27,755] {processor.py:171} INFO - Processing /home/airflow/.local/lib/python3.7/site-packages/airflow/example_dags/example_xcom.py took 0.578 seconds
[2023-12-03 17:42:58,752] {processor.py:163} INFO - Started process (PID=157721) to work on /home/airflow/.local/lib/python3.7/site-packages/airflow/example_dags/example_xcom.py
[2023-12-03 17:42:58,754] {processor.py:642} INFO - Processing file /home/airflow/.local/lib/python3.7/site-packages/airflow/example_dags/example_xcom.py for tasks to queue
[2023-12-03 17:42:58,755] {logging_mixin.py:109} INFO - [2023-12-03 17:42:58,755] {dagbag.py:500} INFO - Filling up the DagBag from /home/airflow/.local/lib/python3.7/site-packages/airflow/example_dags/example_xcom.py
[2023-12-03 17:42:58,810] {processor.py:654} INFO - DAG(s) dict_keys(['example_xcom']) retrieved from /home/airflow/.local/lib/python3.7/site-packages/airflow/example_dags/example_xcom.py
[2023-12-03 17:42:59,367] {logging_mixin.py:109} INFO - [2023-12-03 17:42:59,367] {dag.py:2398} INFO - Sync 1 DAGs
[2023-12-03 17:42:59,392] {logging_mixin.py:109} INFO - [2023-12-03 17:42:59,392] {dag.py:2937} INFO - Setting next_dagrun for example_xcom to 2021-01-01T00:00:00+00:00
[2023-12-03 17:42:59,412] {processor.py:171} INFO - Processing /home/airflow/.local/lib/python3.7/site-packages/airflow/example_dags/example_xcom.py took 0.665 seconds
[2023-12-03 17:43:31,280] {processor.py:163} INFO - Started process (PID=157930) to work on /home/airflow/.local/lib/python3.7/site-packages/airflow/example_dags/example_xcom.py
[2023-12-03 17:43:31,283] {processor.py:642} INFO - Processing file /home/airflow/.local/lib/python3.7/site-packages/airflow/example_dags/example_xcom.py for tasks to queue
[2023-12-03 17:43:31,284] {logging_mixin.py:109} INFO - [2023-12-03 17:43:31,284] {dagbag.py:500} INFO - Filling up the DagBag from /home/airflow/.local/lib/python3.7/site-packages/airflow/example_dags/example_xcom.py
[2023-12-03 17:43:31,347] {processor.py:654} INFO - DAG(s) dict_keys(['example_xcom']) retrieved from /home/airflow/.local/lib/python3.7/site-packages/airflow/example_dags/example_xcom.py
[2023-12-03 17:43:31,824] {logging_mixin.py:109} INFO - [2023-12-03 17:43:31,824] {dag.py:2398} INFO - Sync 1 DAGs
[2023-12-03 17:43:31,844] {logging_mixin.py:109} INFO - [2023-12-03 17:43:31,844] {dag.py:2937} INFO - Setting next_dagrun for example_xcom to 2021-01-01T00:00:00+00:00
[2023-12-03 17:43:31,860] {processor.py:171} INFO - Processing /home/airflow/.local/lib/python3.7/site-packages/airflow/example_dags/example_xcom.py took 0.586 seconds
[2023-12-03 17:46:56,136] {processor.py:163} INFO - Started process (PID=158124) to work on /home/airflow/.local/lib/python3.7/site-packages/airflow/example_dags/example_xcom.py
[2023-12-03 17:46:56,149] {processor.py:642} INFO - Processing file /home/airflow/.local/lib/python3.7/site-packages/airflow/example_dags/example_xcom.py for tasks to queue
[2023-12-03 17:46:56,151] {logging_mixin.py:109} INFO - [2023-12-03 17:46:56,151] {dagbag.py:500} INFO - Filling up the DagBag from /home/airflow/.local/lib/python3.7/site-packages/airflow/example_dags/example_xcom.py
[2023-12-03 17:46:56,623] {processor.py:654} INFO - DAG(s) dict_keys(['example_xcom']) retrieved from /home/airflow/.local/lib/python3.7/site-packages/airflow/example_dags/example_xcom.py
[2023-12-03 17:46:59,105] {logging_mixin.py:109} INFO - [2023-12-03 17:46:59,105] {dag.py:2398} INFO - Sync 1 DAGs
[2023-12-03 17:46:59,245] {logging_mixin.py:109} INFO - [2023-12-03 17:46:59,234] {dag.py:2937} INFO - Setting next_dagrun for example_xcom to 2021-01-01T00:00:00+00:00
[2023-12-03 17:46:59,424] {processor.py:171} INFO - Processing /home/airflow/.local/lib/python3.7/site-packages/airflow/example_dags/example_xcom.py took 3.308 seconds
[2023-12-03 17:47:30,154] {processor.py:163} INFO - Started process (PID=158319) to work on /home/airflow/.local/lib/python3.7/site-packages/airflow/example_dags/example_xcom.py
[2023-12-03 17:47:30,159] {processor.py:642} INFO - Processing file /home/airflow/.local/lib/python3.7/site-packages/airflow/example_dags/example_xcom.py for tasks to queue
[2023-12-03 17:47:30,161] {logging_mixin.py:109} INFO - [2023-12-03 17:47:30,161] {dagbag.py:500} INFO - Filling up the DagBag from /home/airflow/.local/lib/python3.7/site-packages/airflow/example_dags/example_xcom.py
[2023-12-03 17:47:30,220] {processor.py:654} INFO - DAG(s) dict_keys(['example_xcom']) retrieved from /home/airflow/.local/lib/python3.7/site-packages/airflow/example_dags/example_xcom.py
[2023-12-03 17:47:30,675] {logging_mixin.py:109} INFO - [2023-12-03 17:47:30,675] {dag.py:2398} INFO - Sync 1 DAGs
[2023-12-03 17:47:30,701] {logging_mixin.py:109} INFO - [2023-12-03 17:47:30,700] {dag.py:2937} INFO - Setting next_dagrun for example_xcom to 2021-01-01T00:00:00+00:00
[2023-12-03 17:47:30,728] {processor.py:171} INFO - Processing /home/airflow/.local/lib/python3.7/site-packages/airflow/example_dags/example_xcom.py took 0.581 seconds
[2023-12-03 17:48:01,601] {processor.py:163} INFO - Started process (PID=158517) to work on /home/airflow/.local/lib/python3.7/site-packages/airflow/example_dags/example_xcom.py
[2023-12-03 17:48:01,604] {processor.py:642} INFO - Processing file /home/airflow/.local/lib/python3.7/site-packages/airflow/example_dags/example_xcom.py for tasks to queue
[2023-12-03 17:48:01,605] {logging_mixin.py:109} INFO - [2023-12-03 17:48:01,605] {dagbag.py:500} INFO - Filling up the DagBag from /home/airflow/.local/lib/python3.7/site-packages/airflow/example_dags/example_xcom.py
[2023-12-03 17:48:01,651] {processor.py:654} INFO - DAG(s) dict_keys(['example_xcom']) retrieved from /home/airflow/.local/lib/python3.7/site-packages/airflow/example_dags/example_xcom.py
[2023-12-03 17:48:02,142] {logging_mixin.py:109} INFO - [2023-12-03 17:48:02,142] {dag.py:2398} INFO - Sync 1 DAGs
[2023-12-03 17:48:02,164] {logging_mixin.py:109} INFO - [2023-12-03 17:48:02,163] {dag.py:2937} INFO - Setting next_dagrun for example_xcom to 2021-01-01T00:00:00+00:00
[2023-12-03 17:48:02,201] {processor.py:171} INFO - Processing /home/airflow/.local/lib/python3.7/site-packages/airflow/example_dags/example_xcom.py took 0.607 seconds
[2023-12-03 17:48:32,287] {processor.py:163} INFO - Started process (PID=158705) to work on /home/airflow/.local/lib/python3.7/site-packages/airflow/example_dags/example_xcom.py
[2023-12-03 17:48:32,290] {processor.py:642} INFO - Processing file /home/airflow/.local/lib/python3.7/site-packages/airflow/example_dags/example_xcom.py for tasks to queue
[2023-12-03 17:48:32,291] {logging_mixin.py:109} INFO - [2023-12-03 17:48:32,291] {dagbag.py:500} INFO - Filling up the DagBag from /home/airflow/.local/lib/python3.7/site-packages/airflow/example_dags/example_xcom.py
[2023-12-03 17:48:32,346] {processor.py:654} INFO - DAG(s) dict_keys(['example_xcom']) retrieved from /home/airflow/.local/lib/python3.7/site-packages/airflow/example_dags/example_xcom.py
[2023-12-03 17:48:32,856] {logging_mixin.py:109} INFO - [2023-12-03 17:48:32,856] {dag.py:2398} INFO - Sync 1 DAGs
[2023-12-03 17:48:32,881] {logging_mixin.py:109} INFO - [2023-12-03 17:48:32,881] {dag.py:2937} INFO - Setting next_dagrun for example_xcom to 2021-01-01T00:00:00+00:00
[2023-12-03 17:48:32,901] {processor.py:171} INFO - Processing /home/airflow/.local/lib/python3.7/site-packages/airflow/example_dags/example_xcom.py took 0.620 seconds
[2023-12-03 17:49:03,018] {processor.py:163} INFO - Started process (PID=158893) to work on /home/airflow/.local/lib/python3.7/site-packages/airflow/example_dags/example_xcom.py
[2023-12-03 17:49:03,023] {processor.py:642} INFO - Processing file /home/airflow/.local/lib/python3.7/site-packages/airflow/example_dags/example_xcom.py for tasks to queue
[2023-12-03 17:49:03,024] {logging_mixin.py:109} INFO - [2023-12-03 17:49:03,024] {dagbag.py:500} INFO - Filling up the DagBag from /home/airflow/.local/lib/python3.7/site-packages/airflow/example_dags/example_xcom.py
[2023-12-03 17:49:03,069] {processor.py:654} INFO - DAG(s) dict_keys(['example_xcom']) retrieved from /home/airflow/.local/lib/python3.7/site-packages/airflow/example_dags/example_xcom.py
[2023-12-03 17:49:03,083] {logging_mixin.py:109} INFO - [2023-12-03 17:49:03,083] {dag.py:2398} INFO - Sync 1 DAGs
[2023-12-03 17:49:03,110] {logging_mixin.py:109} INFO - [2023-12-03 17:49:03,110] {dag.py:2937} INFO - Setting next_dagrun for example_xcom to 2021-01-01T00:00:00+00:00
[2023-12-03 17:49:03,127] {processor.py:171} INFO - Processing /home/airflow/.local/lib/python3.7/site-packages/airflow/example_dags/example_xcom.py took 0.115 seconds
[2023-12-03 17:49:33,173] {processor.py:163} INFO - Started process (PID=159090) to work on /home/airflow/.local/lib/python3.7/site-packages/airflow/example_dags/example_xcom.py
[2023-12-03 17:49:33,186] {processor.py:642} INFO - Processing file /home/airflow/.local/lib/python3.7/site-packages/airflow/example_dags/example_xcom.py for tasks to queue
[2023-12-03 17:49:33,187] {logging_mixin.py:109} INFO - [2023-12-03 17:49:33,187] {dagbag.py:500} INFO - Filling up the DagBag from /home/airflow/.local/lib/python3.7/site-packages/airflow/example_dags/example_xcom.py
[2023-12-03 17:49:33,241] {processor.py:654} INFO - DAG(s) dict_keys(['example_xcom']) retrieved from /home/airflow/.local/lib/python3.7/site-packages/airflow/example_dags/example_xcom.py
[2023-12-03 17:49:33,721] {logging_mixin.py:109} INFO - [2023-12-03 17:49:33,721] {dag.py:2398} INFO - Sync 1 DAGs
[2023-12-03 17:49:33,749] {logging_mixin.py:109} INFO - [2023-12-03 17:49:33,749] {dag.py:2937} INFO - Setting next_dagrun for example_xcom to 2021-01-01T00:00:00+00:00
[2023-12-03 17:49:33,771] {processor.py:171} INFO - Processing /home/airflow/.local/lib/python3.7/site-packages/airflow/example_dags/example_xcom.py took 0.605 seconds
[2023-12-03 17:50:03,823] {processor.py:163} INFO - Started process (PID=159278) to work on /home/airflow/.local/lib/python3.7/site-packages/airflow/example_dags/example_xcom.py
[2023-12-03 17:50:03,824] {processor.py:642} INFO - Processing file /home/airflow/.local/lib/python3.7/site-packages/airflow/example_dags/example_xcom.py for tasks to queue
[2023-12-03 17:50:03,825] {logging_mixin.py:109} INFO - [2023-12-03 17:50:03,825] {dagbag.py:500} INFO - Filling up the DagBag from /home/airflow/.local/lib/python3.7/site-packages/airflow/example_dags/example_xcom.py
[2023-12-03 17:50:03,861] {processor.py:654} INFO - DAG(s) dict_keys(['example_xcom']) retrieved from /home/airflow/.local/lib/python3.7/site-packages/airflow/example_dags/example_xcom.py
[2023-12-03 17:50:04,202] {logging_mixin.py:109} INFO - [2023-12-03 17:50:04,202] {dag.py:2398} INFO - Sync 1 DAGs
[2023-12-03 17:50:04,219] {logging_mixin.py:109} INFO - [2023-12-03 17:50:04,219] {dag.py:2937} INFO - Setting next_dagrun for example_xcom to 2021-01-01T00:00:00+00:00
[2023-12-03 17:50:04,233] {processor.py:171} INFO - Processing /home/airflow/.local/lib/python3.7/site-packages/airflow/example_dags/example_xcom.py took 0.416 seconds
[2023-12-03 17:50:34,626] {processor.py:163} INFO - Started process (PID=159466) to work on /home/airflow/.local/lib/python3.7/site-packages/airflow/example_dags/example_xcom.py
[2023-12-03 17:50:34,639] {processor.py:642} INFO - Processing file /home/airflow/.local/lib/python3.7/site-packages/airflow/example_dags/example_xcom.py for tasks to queue
[2023-12-03 17:50:34,640] {logging_mixin.py:109} INFO - [2023-12-03 17:50:34,639] {dagbag.py:500} INFO - Filling up the DagBag from /home/airflow/.local/lib/python3.7/site-packages/airflow/example_dags/example_xcom.py
[2023-12-03 17:50:34,694] {processor.py:654} INFO - DAG(s) dict_keys(['example_xcom']) retrieved from /home/airflow/.local/lib/python3.7/site-packages/airflow/example_dags/example_xcom.py
[2023-12-03 17:50:35,111] {logging_mixin.py:109} INFO - [2023-12-03 17:50:35,111] {dag.py:2398} INFO - Sync 1 DAGs
[2023-12-03 17:50:35,135] {logging_mixin.py:109} INFO - [2023-12-03 17:50:35,134] {dag.py:2937} INFO - Setting next_dagrun for example_xcom to 2021-01-01T00:00:00+00:00
[2023-12-03 17:50:35,151] {processor.py:171} INFO - Processing /home/airflow/.local/lib/python3.7/site-packages/airflow/example_dags/example_xcom.py took 0.528 seconds
[2023-12-03 17:51:05,531] {processor.py:163} INFO - Started process (PID=159654) to work on /home/airflow/.local/lib/python3.7/site-packages/airflow/example_dags/example_xcom.py
[2023-12-03 17:51:05,534] {processor.py:642} INFO - Processing file /home/airflow/.local/lib/python3.7/site-packages/airflow/example_dags/example_xcom.py for tasks to queue
[2023-12-03 17:51:05,535] {logging_mixin.py:109} INFO - [2023-12-03 17:51:05,535] {dagbag.py:500} INFO - Filling up the DagBag from /home/airflow/.local/lib/python3.7/site-packages/airflow/example_dags/example_xcom.py
[2023-12-03 17:51:05,586] {processor.py:654} INFO - DAG(s) dict_keys(['example_xcom']) retrieved from /home/airflow/.local/lib/python3.7/site-packages/airflow/example_dags/example_xcom.py
[2023-12-03 17:51:06,001] {logging_mixin.py:109} INFO - [2023-12-03 17:51:06,001] {dag.py:2398} INFO - Sync 1 DAGs
[2023-12-03 17:51:06,020] {logging_mixin.py:109} INFO - [2023-12-03 17:51:06,020] {dag.py:2937} INFO - Setting next_dagrun for example_xcom to 2021-01-01T00:00:00+00:00
[2023-12-03 17:51:06,036] {processor.py:171} INFO - Processing /home/airflow/.local/lib/python3.7/site-packages/airflow/example_dags/example_xcom.py took 0.510 seconds
[2023-12-03 22:17:05,730] {processor.py:163} INFO - Started process (PID=159879) to work on /home/airflow/.local/lib/python3.7/site-packages/airflow/example_dags/example_xcom.py
[2023-12-03 22:17:05,765] {processor.py:642} INFO - Processing file /home/airflow/.local/lib/python3.7/site-packages/airflow/example_dags/example_xcom.py for tasks to queue
[2023-12-03 22:17:05,767] {logging_mixin.py:109} INFO - [2023-12-03 22:17:05,767] {dagbag.py:500} INFO - Filling up the DagBag from /home/airflow/.local/lib/python3.7/site-packages/airflow/example_dags/example_xcom.py
[2023-12-03 22:17:06,039] {processor.py:654} INFO - DAG(s) dict_keys(['example_xcom']) retrieved from /home/airflow/.local/lib/python3.7/site-packages/airflow/example_dags/example_xcom.py
[2023-12-03 22:17:08,828] {logging_mixin.py:109} INFO - [2023-12-03 22:17:08,827] {dag.py:2398} INFO - Sync 1 DAGs
[2023-12-03 22:17:08,939] {logging_mixin.py:109} INFO - [2023-12-03 22:17:08,938] {dag.py:2937} INFO - Setting next_dagrun for example_xcom to 2021-01-01T00:00:00+00:00
[2023-12-03 22:17:09,059] {processor.py:171} INFO - Processing /home/airflow/.local/lib/python3.7/site-packages/airflow/example_dags/example_xcom.py took 3.359 seconds
