[2023-12-03 17:32:50,515] {processor.py:163} INFO - Started process (PID=154036) to work on /home/airflow/.local/lib/python3.7/site-packages/airflow/example_dags/example_task_group_decorator.py
[2023-12-03 17:32:50,532] {processor.py:642} INFO - Processing file /home/airflow/.local/lib/python3.7/site-packages/airflow/example_dags/example_task_group_decorator.py for tasks to queue
[2023-12-03 17:32:50,548] {logging_mixin.py:109} INFO - [2023-12-03 17:32:50,548] {dagbag.py:500} INFO - Filling up the DagBag from /home/airflow/.local/lib/python3.7/site-packages/airflow/example_dags/example_task_group_decorator.py
[2023-12-03 17:32:51,028] {processor.py:654} INFO - DAG(s) dict_keys(['example_task_group_decorator']) retrieved from /home/airflow/.local/lib/python3.7/site-packages/airflow/example_dags/example_task_group_decorator.py
[2023-12-03 17:32:52,881] {logging_mixin.py:109} INFO - [2023-12-03 17:32:52,865] {dag.py:2398} INFO - Sync 1 DAGs
[2023-12-03 17:32:53,125] {logging_mixin.py:109} INFO - [2023-12-03 17:32:53,124] {dag.py:2937} INFO - Setting next_dagrun for example_task_group_decorator to 2023-12-02T17:32:53.124514+00:00
[2023-12-03 17:32:53,705] {processor.py:171} INFO - Processing /home/airflow/.local/lib/python3.7/site-packages/airflow/example_dags/example_task_group_decorator.py took 3.220 seconds
[2023-12-03 17:33:24,885] {processor.py:163} INFO - Started process (PID=154217) to work on /home/airflow/.local/lib/python3.7/site-packages/airflow/example_dags/example_task_group_decorator.py
[2023-12-03 17:33:24,916] {processor.py:642} INFO - Processing file /home/airflow/.local/lib/python3.7/site-packages/airflow/example_dags/example_task_group_decorator.py for tasks to queue
[2023-12-03 17:33:24,918] {logging_mixin.py:109} INFO - [2023-12-03 17:33:24,917] {dagbag.py:500} INFO - Filling up the DagBag from /home/airflow/.local/lib/python3.7/site-packages/airflow/example_dags/example_task_group_decorator.py
[2023-12-03 17:33:25,180] {processor.py:654} INFO - DAG(s) dict_keys(['example_task_group_decorator']) retrieved from /home/airflow/.local/lib/python3.7/site-packages/airflow/example_dags/example_task_group_decorator.py
[2023-12-03 17:33:27,298] {logging_mixin.py:109} INFO - [2023-12-03 17:33:27,298] {dag.py:2398} INFO - Sync 1 DAGs
[2023-12-03 17:33:27,365] {logging_mixin.py:109} INFO - [2023-12-03 17:33:27,365] {dag.py:2937} INFO - Setting next_dagrun for example_task_group_decorator to 2023-12-02T17:33:27.365176+00:00
[2023-12-03 17:33:27,741] {processor.py:171} INFO - Processing /home/airflow/.local/lib/python3.7/site-packages/airflow/example_dags/example_task_group_decorator.py took 2.872 seconds
[2023-12-03 17:33:57,992] {processor.py:163} INFO - Started process (PID=154408) to work on /home/airflow/.local/lib/python3.7/site-packages/airflow/example_dags/example_task_group_decorator.py
[2023-12-03 17:33:58,020] {processor.py:642} INFO - Processing file /home/airflow/.local/lib/python3.7/site-packages/airflow/example_dags/example_task_group_decorator.py for tasks to queue
[2023-12-03 17:33:58,021] {logging_mixin.py:109} INFO - [2023-12-03 17:33:58,021] {dagbag.py:500} INFO - Filling up the DagBag from /home/airflow/.local/lib/python3.7/site-packages/airflow/example_dags/example_task_group_decorator.py
[2023-12-03 17:33:58,269] {processor.py:654} INFO - DAG(s) dict_keys(['example_task_group_decorator']) retrieved from /home/airflow/.local/lib/python3.7/site-packages/airflow/example_dags/example_task_group_decorator.py
[2023-12-03 17:33:59,733] {logging_mixin.py:109} INFO - [2023-12-03 17:33:59,733] {dag.py:2398} INFO - Sync 1 DAGs
[2023-12-03 17:33:59,794] {logging_mixin.py:109} INFO - [2023-12-03 17:33:59,794] {dag.py:2937} INFO - Setting next_dagrun for example_task_group_decorator to 2023-12-02T17:33:59.793794+00:00
[2023-12-03 17:33:59,869] {processor.py:171} INFO - Processing /home/airflow/.local/lib/python3.7/site-packages/airflow/example_dags/example_task_group_decorator.py took 1.896 seconds
[2023-12-03 17:34:30,251] {processor.py:163} INFO - Started process (PID=154593) to work on /home/airflow/.local/lib/python3.7/site-packages/airflow/example_dags/example_task_group_decorator.py
[2023-12-03 17:34:30,265] {processor.py:642} INFO - Processing file /home/airflow/.local/lib/python3.7/site-packages/airflow/example_dags/example_task_group_decorator.py for tasks to queue
[2023-12-03 17:34:30,267] {logging_mixin.py:109} INFO - [2023-12-03 17:34:30,267] {dagbag.py:500} INFO - Filling up the DagBag from /home/airflow/.local/lib/python3.7/site-packages/airflow/example_dags/example_task_group_decorator.py
[2023-12-03 17:34:30,549] {processor.py:654} INFO - DAG(s) dict_keys(['example_task_group_decorator']) retrieved from /home/airflow/.local/lib/python3.7/site-packages/airflow/example_dags/example_task_group_decorator.py
[2023-12-03 17:34:32,682] {logging_mixin.py:109} INFO - [2023-12-03 17:34:32,681] {dag.py:2398} INFO - Sync 1 DAGs
[2023-12-03 17:34:32,739] {logging_mixin.py:109} INFO - [2023-12-03 17:34:32,739] {dag.py:2937} INFO - Setting next_dagrun for example_task_group_decorator to 2023-12-02T17:34:32.738967+00:00
[2023-12-03 17:34:32,809] {processor.py:171} INFO - Processing /home/airflow/.local/lib/python3.7/site-packages/airflow/example_dags/example_task_group_decorator.py took 2.576 seconds
[2023-12-03 17:35:03,042] {processor.py:163} INFO - Started process (PID=154772) to work on /home/airflow/.local/lib/python3.7/site-packages/airflow/example_dags/example_task_group_decorator.py
[2023-12-03 17:35:03,056] {processor.py:642} INFO - Processing file /home/airflow/.local/lib/python3.7/site-packages/airflow/example_dags/example_task_group_decorator.py for tasks to queue
[2023-12-03 17:35:03,057] {logging_mixin.py:109} INFO - [2023-12-03 17:35:03,057] {dagbag.py:500} INFO - Filling up the DagBag from /home/airflow/.local/lib/python3.7/site-packages/airflow/example_dags/example_task_group_decorator.py
[2023-12-03 17:35:03,281] {processor.py:654} INFO - DAG(s) dict_keys(['example_task_group_decorator']) retrieved from /home/airflow/.local/lib/python3.7/site-packages/airflow/example_dags/example_task_group_decorator.py
[2023-12-03 17:35:04,965] {logging_mixin.py:109} INFO - [2023-12-03 17:35:04,965] {dag.py:2398} INFO - Sync 1 DAGs
[2023-12-03 17:35:05,034] {logging_mixin.py:109} INFO - [2023-12-03 17:35:05,034] {dag.py:2937} INFO - Setting next_dagrun for example_task_group_decorator to 2023-12-02T17:35:05.033519+00:00
[2023-12-03 17:35:05,082] {processor.py:171} INFO - Processing /home/airflow/.local/lib/python3.7/site-packages/airflow/example_dags/example_task_group_decorator.py took 2.059 seconds
[2023-12-03 17:35:35,639] {processor.py:163} INFO - Started process (PID=154960) to work on /home/airflow/.local/lib/python3.7/site-packages/airflow/example_dags/example_task_group_decorator.py
[2023-12-03 17:35:35,645] {processor.py:642} INFO - Processing file /home/airflow/.local/lib/python3.7/site-packages/airflow/example_dags/example_task_group_decorator.py for tasks to queue
[2023-12-03 17:35:35,647] {logging_mixin.py:109} INFO - [2023-12-03 17:35:35,646] {dagbag.py:500} INFO - Filling up the DagBag from /home/airflow/.local/lib/python3.7/site-packages/airflow/example_dags/example_task_group_decorator.py
[2023-12-03 17:35:35,798] {processor.py:654} INFO - DAG(s) dict_keys(['example_task_group_decorator']) retrieved from /home/airflow/.local/lib/python3.7/site-packages/airflow/example_dags/example_task_group_decorator.py
[2023-12-03 17:35:37,377] {logging_mixin.py:109} INFO - [2023-12-03 17:35:37,377] {dag.py:2398} INFO - Sync 1 DAGs
[2023-12-03 17:35:37,457] {logging_mixin.py:109} INFO - [2023-12-03 17:35:37,457] {dag.py:2937} INFO - Setting next_dagrun for example_task_group_decorator to 2023-12-02T17:35:37.456923+00:00
[2023-12-03 17:35:37,576] {processor.py:171} INFO - Processing /home/airflow/.local/lib/python3.7/site-packages/airflow/example_dags/example_task_group_decorator.py took 1.946 seconds
[2023-12-03 17:36:08,671] {processor.py:163} INFO - Started process (PID=155139) to work on /home/airflow/.local/lib/python3.7/site-packages/airflow/example_dags/example_task_group_decorator.py
[2023-12-03 17:36:08,684] {processor.py:642} INFO - Processing file /home/airflow/.local/lib/python3.7/site-packages/airflow/example_dags/example_task_group_decorator.py for tasks to queue
[2023-12-03 17:36:08,685] {logging_mixin.py:109} INFO - [2023-12-03 17:36:08,685] {dagbag.py:500} INFO - Filling up the DagBag from /home/airflow/.local/lib/python3.7/site-packages/airflow/example_dags/example_task_group_decorator.py
[2023-12-03 17:36:08,928] {processor.py:654} INFO - DAG(s) dict_keys(['example_task_group_decorator']) retrieved from /home/airflow/.local/lib/python3.7/site-packages/airflow/example_dags/example_task_group_decorator.py
[2023-12-03 17:36:10,447] {logging_mixin.py:109} INFO - [2023-12-03 17:36:10,447] {dag.py:2398} INFO - Sync 1 DAGs
[2023-12-03 17:36:10,510] {logging_mixin.py:109} INFO - [2023-12-03 17:36:10,509] {dag.py:2937} INFO - Setting next_dagrun for example_task_group_decorator to 2023-12-02T17:36:10.509156+00:00
[2023-12-03 17:36:10,568] {processor.py:171} INFO - Processing /home/airflow/.local/lib/python3.7/site-packages/airflow/example_dags/example_task_group_decorator.py took 1.917 seconds
[2023-12-03 17:36:41,162] {processor.py:163} INFO - Started process (PID=155330) to work on /home/airflow/.local/lib/python3.7/site-packages/airflow/example_dags/example_task_group_decorator.py
[2023-12-03 17:36:41,165] {processor.py:642} INFO - Processing file /home/airflow/.local/lib/python3.7/site-packages/airflow/example_dags/example_task_group_decorator.py for tasks to queue
[2023-12-03 17:36:41,167] {logging_mixin.py:109} INFO - [2023-12-03 17:36:41,167] {dagbag.py:500} INFO - Filling up the DagBag from /home/airflow/.local/lib/python3.7/site-packages/airflow/example_dags/example_task_group_decorator.py
[2023-12-03 17:36:41,264] {processor.py:654} INFO - DAG(s) dict_keys(['example_task_group_decorator']) retrieved from /home/airflow/.local/lib/python3.7/site-packages/airflow/example_dags/example_task_group_decorator.py
[2023-12-03 17:36:42,858] {logging_mixin.py:109} INFO - [2023-12-03 17:36:42,857] {dag.py:2398} INFO - Sync 1 DAGs
[2023-12-03 17:36:42,965] {logging_mixin.py:109} INFO - [2023-12-03 17:36:42,965] {dag.py:2937} INFO - Setting next_dagrun for example_task_group_decorator to 2023-12-02T17:36:42.955876+00:00
[2023-12-03 17:36:43,052] {processor.py:171} INFO - Processing /home/airflow/.local/lib/python3.7/site-packages/airflow/example_dags/example_task_group_decorator.py took 1.897 seconds
[2023-12-03 17:37:13,488] {processor.py:163} INFO - Started process (PID=155530) to work on /home/airflow/.local/lib/python3.7/site-packages/airflow/example_dags/example_task_group_decorator.py
[2023-12-03 17:37:13,490] {processor.py:642} INFO - Processing file /home/airflow/.local/lib/python3.7/site-packages/airflow/example_dags/example_task_group_decorator.py for tasks to queue
[2023-12-03 17:37:13,491] {logging_mixin.py:109} INFO - [2023-12-03 17:37:13,491] {dagbag.py:500} INFO - Filling up the DagBag from /home/airflow/.local/lib/python3.7/site-packages/airflow/example_dags/example_task_group_decorator.py
[2023-12-03 17:37:13,554] {processor.py:654} INFO - DAG(s) dict_keys(['example_task_group_decorator']) retrieved from /home/airflow/.local/lib/python3.7/site-packages/airflow/example_dags/example_task_group_decorator.py
[2023-12-03 17:37:14,048] {logging_mixin.py:109} INFO - [2023-12-03 17:37:14,048] {dag.py:2398} INFO - Sync 1 DAGs
[2023-12-03 17:37:14,068] {logging_mixin.py:109} INFO - [2023-12-03 17:37:14,068] {dag.py:2937} INFO - Setting next_dagrun for example_task_group_decorator to 2023-12-02T17:37:14.067868+00:00
[2023-12-03 17:37:14,088] {processor.py:171} INFO - Processing /home/airflow/.local/lib/python3.7/site-packages/airflow/example_dags/example_task_group_decorator.py took 0.606 seconds
[2023-12-03 17:37:44,204] {processor.py:163} INFO - Started process (PID=155735) to work on /home/airflow/.local/lib/python3.7/site-packages/airflow/example_dags/example_task_group_decorator.py
[2023-12-03 17:37:44,207] {processor.py:642} INFO - Processing file /home/airflow/.local/lib/python3.7/site-packages/airflow/example_dags/example_task_group_decorator.py for tasks to queue
[2023-12-03 17:37:44,208] {logging_mixin.py:109} INFO - [2023-12-03 17:37:44,208] {dagbag.py:500} INFO - Filling up the DagBag from /home/airflow/.local/lib/python3.7/site-packages/airflow/example_dags/example_task_group_decorator.py
[2023-12-03 17:37:44,272] {processor.py:654} INFO - DAG(s) dict_keys(['example_task_group_decorator']) retrieved from /home/airflow/.local/lib/python3.7/site-packages/airflow/example_dags/example_task_group_decorator.py
[2023-12-03 17:37:44,807] {logging_mixin.py:109} INFO - [2023-12-03 17:37:44,807] {dag.py:2398} INFO - Sync 1 DAGs
[2023-12-03 17:37:44,830] {logging_mixin.py:109} INFO - [2023-12-03 17:37:44,830] {dag.py:2937} INFO - Setting next_dagrun for example_task_group_decorator to 2023-12-02T17:37:44.829997+00:00
[2023-12-03 17:37:44,866] {processor.py:171} INFO - Processing /home/airflow/.local/lib/python3.7/site-packages/airflow/example_dags/example_task_group_decorator.py took 0.669 seconds
[2023-12-03 17:38:15,817] {processor.py:163} INFO - Started process (PID=155942) to work on /home/airflow/.local/lib/python3.7/site-packages/airflow/example_dags/example_task_group_decorator.py
[2023-12-03 17:38:15,820] {processor.py:642} INFO - Processing file /home/airflow/.local/lib/python3.7/site-packages/airflow/example_dags/example_task_group_decorator.py for tasks to queue
[2023-12-03 17:38:15,822] {logging_mixin.py:109} INFO - [2023-12-03 17:38:15,821] {dagbag.py:500} INFO - Filling up the DagBag from /home/airflow/.local/lib/python3.7/site-packages/airflow/example_dags/example_task_group_decorator.py
[2023-12-03 17:38:15,891] {processor.py:654} INFO - DAG(s) dict_keys(['example_task_group_decorator']) retrieved from /home/airflow/.local/lib/python3.7/site-packages/airflow/example_dags/example_task_group_decorator.py
[2023-12-03 17:38:16,406] {logging_mixin.py:109} INFO - [2023-12-03 17:38:16,406] {dag.py:2398} INFO - Sync 1 DAGs
[2023-12-03 17:38:16,422] {logging_mixin.py:109} INFO - [2023-12-03 17:38:16,422] {dag.py:2937} INFO - Setting next_dagrun for example_task_group_decorator to 2023-12-02T17:38:16.421833+00:00
[2023-12-03 17:38:16,436] {processor.py:171} INFO - Processing /home/airflow/.local/lib/python3.7/site-packages/airflow/example_dags/example_task_group_decorator.py took 0.627 seconds
[2023-12-03 17:38:46,492] {processor.py:163} INFO - Started process (PID=156150) to work on /home/airflow/.local/lib/python3.7/site-packages/airflow/example_dags/example_task_group_decorator.py
[2023-12-03 17:38:46,494] {processor.py:642} INFO - Processing file /home/airflow/.local/lib/python3.7/site-packages/airflow/example_dags/example_task_group_decorator.py for tasks to queue
[2023-12-03 17:38:46,495] {logging_mixin.py:109} INFO - [2023-12-03 17:38:46,494] {dagbag.py:500} INFO - Filling up the DagBag from /home/airflow/.local/lib/python3.7/site-packages/airflow/example_dags/example_task_group_decorator.py
[2023-12-03 17:38:46,540] {processor.py:654} INFO - DAG(s) dict_keys(['example_task_group_decorator']) retrieved from /home/airflow/.local/lib/python3.7/site-packages/airflow/example_dags/example_task_group_decorator.py
[2023-12-03 17:38:46,880] {logging_mixin.py:109} INFO - [2023-12-03 17:38:46,880] {dag.py:2398} INFO - Sync 1 DAGs
[2023-12-03 17:38:46,896] {logging_mixin.py:109} INFO - [2023-12-03 17:38:46,895] {dag.py:2937} INFO - Setting next_dagrun for example_task_group_decorator to 2023-12-02T17:38:46.895584+00:00
[2023-12-03 17:38:46,917] {processor.py:171} INFO - Processing /home/airflow/.local/lib/python3.7/site-packages/airflow/example_dags/example_task_group_decorator.py took 0.431 seconds
[2023-12-03 17:39:17,919] {processor.py:163} INFO - Started process (PID=156342) to work on /home/airflow/.local/lib/python3.7/site-packages/airflow/example_dags/example_task_group_decorator.py
[2023-12-03 17:39:17,922] {processor.py:642} INFO - Processing file /home/airflow/.local/lib/python3.7/site-packages/airflow/example_dags/example_task_group_decorator.py for tasks to queue
[2023-12-03 17:39:17,924] {logging_mixin.py:109} INFO - [2023-12-03 17:39:17,924] {dagbag.py:500} INFO - Filling up the DagBag from /home/airflow/.local/lib/python3.7/site-packages/airflow/example_dags/example_task_group_decorator.py
[2023-12-03 17:39:18,023] {processor.py:654} INFO - DAG(s) dict_keys(['example_task_group_decorator']) retrieved from /home/airflow/.local/lib/python3.7/site-packages/airflow/example_dags/example_task_group_decorator.py
[2023-12-03 17:39:18,454] {logging_mixin.py:109} INFO - [2023-12-03 17:39:18,453] {dag.py:2398} INFO - Sync 1 DAGs
[2023-12-03 17:39:18,472] {logging_mixin.py:109} INFO - [2023-12-03 17:39:18,472] {dag.py:2937} INFO - Setting next_dagrun for example_task_group_decorator to 2023-12-02T17:39:18.471871+00:00
[2023-12-03 17:39:18,501] {processor.py:171} INFO - Processing /home/airflow/.local/lib/python3.7/site-packages/airflow/example_dags/example_task_group_decorator.py took 0.594 seconds
[2023-12-03 17:39:48,582] {processor.py:163} INFO - Started process (PID=156531) to work on /home/airflow/.local/lib/python3.7/site-packages/airflow/example_dags/example_task_group_decorator.py
[2023-12-03 17:39:48,588] {processor.py:642} INFO - Processing file /home/airflow/.local/lib/python3.7/site-packages/airflow/example_dags/example_task_group_decorator.py for tasks to queue
[2023-12-03 17:39:48,589] {logging_mixin.py:109} INFO - [2023-12-03 17:39:48,589] {dagbag.py:500} INFO - Filling up the DagBag from /home/airflow/.local/lib/python3.7/site-packages/airflow/example_dags/example_task_group_decorator.py
[2023-12-03 17:39:48,647] {processor.py:654} INFO - DAG(s) dict_keys(['example_task_group_decorator']) retrieved from /home/airflow/.local/lib/python3.7/site-packages/airflow/example_dags/example_task_group_decorator.py
[2023-12-03 17:39:49,014] {logging_mixin.py:109} INFO - [2023-12-03 17:39:49,013] {dag.py:2398} INFO - Sync 1 DAGs
[2023-12-03 17:39:49,032] {logging_mixin.py:109} INFO - [2023-12-03 17:39:49,032] {dag.py:2937} INFO - Setting next_dagrun for example_task_group_decorator to 2023-12-02T17:39:49.032145+00:00
[2023-12-03 17:39:49,060] {processor.py:171} INFO - Processing /home/airflow/.local/lib/python3.7/site-packages/airflow/example_dags/example_task_group_decorator.py took 0.482 seconds
[2023-12-03 17:40:19,150] {processor.py:163} INFO - Started process (PID=156730) to work on /home/airflow/.local/lib/python3.7/site-packages/airflow/example_dags/example_task_group_decorator.py
[2023-12-03 17:40:19,153] {processor.py:642} INFO - Processing file /home/airflow/.local/lib/python3.7/site-packages/airflow/example_dags/example_task_group_decorator.py for tasks to queue
[2023-12-03 17:40:19,153] {logging_mixin.py:109} INFO - [2023-12-03 17:40:19,153] {dagbag.py:500} INFO - Filling up the DagBag from /home/airflow/.local/lib/python3.7/site-packages/airflow/example_dags/example_task_group_decorator.py
[2023-12-03 17:40:19,219] {processor.py:654} INFO - DAG(s) dict_keys(['example_task_group_decorator']) retrieved from /home/airflow/.local/lib/python3.7/site-packages/airflow/example_dags/example_task_group_decorator.py
[2023-12-03 17:40:19,651] {logging_mixin.py:109} INFO - [2023-12-03 17:40:19,650] {dag.py:2398} INFO - Sync 1 DAGs
[2023-12-03 17:40:19,673] {logging_mixin.py:109} INFO - [2023-12-03 17:40:19,673] {dag.py:2937} INFO - Setting next_dagrun for example_task_group_decorator to 2023-12-02T17:40:19.673431+00:00
[2023-12-03 17:40:19,707] {processor.py:171} INFO - Processing /home/airflow/.local/lib/python3.7/site-packages/airflow/example_dags/example_task_group_decorator.py took 0.564 seconds
[2023-12-03 17:40:50,337] {processor.py:163} INFO - Started process (PID=156918) to work on /home/airflow/.local/lib/python3.7/site-packages/airflow/example_dags/example_task_group_decorator.py
[2023-12-03 17:40:50,339] {processor.py:642} INFO - Processing file /home/airflow/.local/lib/python3.7/site-packages/airflow/example_dags/example_task_group_decorator.py for tasks to queue
[2023-12-03 17:40:50,339] {logging_mixin.py:109} INFO - [2023-12-03 17:40:50,339] {dagbag.py:500} INFO - Filling up the DagBag from /home/airflow/.local/lib/python3.7/site-packages/airflow/example_dags/example_task_group_decorator.py
[2023-12-03 17:40:50,394] {processor.py:654} INFO - DAG(s) dict_keys(['example_task_group_decorator']) retrieved from /home/airflow/.local/lib/python3.7/site-packages/airflow/example_dags/example_task_group_decorator.py
[2023-12-03 17:40:50,759] {logging_mixin.py:109} INFO - [2023-12-03 17:40:50,759] {dag.py:2398} INFO - Sync 1 DAGs
[2023-12-03 17:40:50,777] {logging_mixin.py:109} INFO - [2023-12-03 17:40:50,777] {dag.py:2937} INFO - Setting next_dagrun for example_task_group_decorator to 2023-12-02T17:40:50.777010+00:00
[2023-12-03 17:40:50,790] {processor.py:171} INFO - Processing /home/airflow/.local/lib/python3.7/site-packages/airflow/example_dags/example_task_group_decorator.py took 0.459 seconds
[2023-12-03 17:41:20,850] {processor.py:163} INFO - Started process (PID=157110) to work on /home/airflow/.local/lib/python3.7/site-packages/airflow/example_dags/example_task_group_decorator.py
[2023-12-03 17:41:20,853] {processor.py:642} INFO - Processing file /home/airflow/.local/lib/python3.7/site-packages/airflow/example_dags/example_task_group_decorator.py for tasks to queue
[2023-12-03 17:41:20,854] {logging_mixin.py:109} INFO - [2023-12-03 17:41:20,854] {dagbag.py:500} INFO - Filling up the DagBag from /home/airflow/.local/lib/python3.7/site-packages/airflow/example_dags/example_task_group_decorator.py
[2023-12-03 17:41:20,916] {processor.py:654} INFO - DAG(s) dict_keys(['example_task_group_decorator']) retrieved from /home/airflow/.local/lib/python3.7/site-packages/airflow/example_dags/example_task_group_decorator.py
[2023-12-03 17:41:21,343] {logging_mixin.py:109} INFO - [2023-12-03 17:41:21,342] {dag.py:2398} INFO - Sync 1 DAGs
[2023-12-03 17:41:21,361] {logging_mixin.py:109} INFO - [2023-12-03 17:41:21,361] {dag.py:2937} INFO - Setting next_dagrun for example_task_group_decorator to 2023-12-02T17:41:21.361385+00:00
[2023-12-03 17:41:21,381] {processor.py:171} INFO - Processing /home/airflow/.local/lib/python3.7/site-packages/airflow/example_dags/example_task_group_decorator.py took 0.539 seconds
[2023-12-03 17:41:51,545] {processor.py:163} INFO - Started process (PID=157298) to work on /home/airflow/.local/lib/python3.7/site-packages/airflow/example_dags/example_task_group_decorator.py
[2023-12-03 17:41:51,548] {processor.py:642} INFO - Processing file /home/airflow/.local/lib/python3.7/site-packages/airflow/example_dags/example_task_group_decorator.py for tasks to queue
[2023-12-03 17:41:51,549] {logging_mixin.py:109} INFO - [2023-12-03 17:41:51,549] {dagbag.py:500} INFO - Filling up the DagBag from /home/airflow/.local/lib/python3.7/site-packages/airflow/example_dags/example_task_group_decorator.py
[2023-12-03 17:41:51,599] {processor.py:654} INFO - DAG(s) dict_keys(['example_task_group_decorator']) retrieved from /home/airflow/.local/lib/python3.7/site-packages/airflow/example_dags/example_task_group_decorator.py
[2023-12-03 17:41:51,967] {logging_mixin.py:109} INFO - [2023-12-03 17:41:51,966] {dag.py:2398} INFO - Sync 1 DAGs
[2023-12-03 17:41:51,988] {logging_mixin.py:109} INFO - [2023-12-03 17:41:51,988] {dag.py:2937} INFO - Setting next_dagrun for example_task_group_decorator to 2023-12-02T17:41:51.987500+00:00
[2023-12-03 17:41:52,005] {processor.py:171} INFO - Processing /home/airflow/.local/lib/python3.7/site-packages/airflow/example_dags/example_task_group_decorator.py took 0.464 seconds
[2023-12-03 17:42:22,221] {processor.py:163} INFO - Started process (PID=157490) to work on /home/airflow/.local/lib/python3.7/site-packages/airflow/example_dags/example_task_group_decorator.py
[2023-12-03 17:42:22,224] {processor.py:642} INFO - Processing file /home/airflow/.local/lib/python3.7/site-packages/airflow/example_dags/example_task_group_decorator.py for tasks to queue
[2023-12-03 17:42:22,225] {logging_mixin.py:109} INFO - [2023-12-03 17:42:22,225] {dagbag.py:500} INFO - Filling up the DagBag from /home/airflow/.local/lib/python3.7/site-packages/airflow/example_dags/example_task_group_decorator.py
[2023-12-03 17:42:22,293] {processor.py:654} INFO - DAG(s) dict_keys(['example_task_group_decorator']) retrieved from /home/airflow/.local/lib/python3.7/site-packages/airflow/example_dags/example_task_group_decorator.py
[2023-12-03 17:42:22,807] {logging_mixin.py:109} INFO - [2023-12-03 17:42:22,807] {dag.py:2398} INFO - Sync 1 DAGs
[2023-12-03 17:42:22,831] {logging_mixin.py:109} INFO - [2023-12-03 17:42:22,830] {dag.py:2937} INFO - Setting next_dagrun for example_task_group_decorator to 2023-12-02T17:42:22.830552+00:00
[2023-12-03 17:42:22,852] {processor.py:171} INFO - Processing /home/airflow/.local/lib/python3.7/site-packages/airflow/example_dags/example_task_group_decorator.py took 0.637 seconds
[2023-12-03 17:42:53,654] {processor.py:163} INFO - Started process (PID=157678) to work on /home/airflow/.local/lib/python3.7/site-packages/airflow/example_dags/example_task_group_decorator.py
[2023-12-03 17:42:53,656] {processor.py:642} INFO - Processing file /home/airflow/.local/lib/python3.7/site-packages/airflow/example_dags/example_task_group_decorator.py for tasks to queue
[2023-12-03 17:42:53,657] {logging_mixin.py:109} INFO - [2023-12-03 17:42:53,657] {dagbag.py:500} INFO - Filling up the DagBag from /home/airflow/.local/lib/python3.7/site-packages/airflow/example_dags/example_task_group_decorator.py
[2023-12-03 17:42:53,751] {processor.py:654} INFO - DAG(s) dict_keys(['example_task_group_decorator']) retrieved from /home/airflow/.local/lib/python3.7/site-packages/airflow/example_dags/example_task_group_decorator.py
[2023-12-03 17:42:54,191] {logging_mixin.py:109} INFO - [2023-12-03 17:42:54,191] {dag.py:2398} INFO - Sync 1 DAGs
[2023-12-03 17:42:54,216] {logging_mixin.py:109} INFO - [2023-12-03 17:42:54,216] {dag.py:2937} INFO - Setting next_dagrun for example_task_group_decorator to 2023-12-02T17:42:54.216270+00:00
[2023-12-03 17:42:54,236] {processor.py:171} INFO - Processing /home/airflow/.local/lib/python3.7/site-packages/airflow/example_dags/example_task_group_decorator.py took 0.586 seconds
[2023-12-03 17:43:25,402] {processor.py:163} INFO - Started process (PID=157876) to work on /home/airflow/.local/lib/python3.7/site-packages/airflow/example_dags/example_task_group_decorator.py
[2023-12-03 17:43:25,404] {processor.py:642} INFO - Processing file /home/airflow/.local/lib/python3.7/site-packages/airflow/example_dags/example_task_group_decorator.py for tasks to queue
[2023-12-03 17:43:25,405] {logging_mixin.py:109} INFO - [2023-12-03 17:43:25,405] {dagbag.py:500} INFO - Filling up the DagBag from /home/airflow/.local/lib/python3.7/site-packages/airflow/example_dags/example_task_group_decorator.py
[2023-12-03 17:43:25,464] {processor.py:654} INFO - DAG(s) dict_keys(['example_task_group_decorator']) retrieved from /home/airflow/.local/lib/python3.7/site-packages/airflow/example_dags/example_task_group_decorator.py
[2023-12-03 17:43:26,064] {logging_mixin.py:109} INFO - [2023-12-03 17:43:26,063] {dag.py:2398} INFO - Sync 1 DAGs
[2023-12-03 17:43:26,092] {logging_mixin.py:109} INFO - [2023-12-03 17:43:26,092] {dag.py:2937} INFO - Setting next_dagrun for example_task_group_decorator to 2023-12-02T17:43:26.091705+00:00
[2023-12-03 17:43:26,125] {processor.py:171} INFO - Processing /home/airflow/.local/lib/python3.7/site-packages/airflow/example_dags/example_task_group_decorator.py took 0.729 seconds
[2023-12-03 17:46:48,682] {processor.py:163} INFO - Started process (PID=158069) to work on /home/airflow/.local/lib/python3.7/site-packages/airflow/example_dags/example_task_group_decorator.py
[2023-12-03 17:46:48,732] {processor.py:642} INFO - Processing file /home/airflow/.local/lib/python3.7/site-packages/airflow/example_dags/example_task_group_decorator.py for tasks to queue
[2023-12-03 17:46:48,734] {logging_mixin.py:109} INFO - [2023-12-03 17:46:48,733] {dagbag.py:500} INFO - Filling up the DagBag from /home/airflow/.local/lib/python3.7/site-packages/airflow/example_dags/example_task_group_decorator.py
[2023-12-03 17:46:48,923] {processor.py:654} INFO - DAG(s) dict_keys(['example_task_group_decorator']) retrieved from /home/airflow/.local/lib/python3.7/site-packages/airflow/example_dags/example_task_group_decorator.py
[2023-12-03 17:46:51,623] {logging_mixin.py:109} INFO - [2023-12-03 17:46:51,623] {dag.py:2398} INFO - Sync 1 DAGs
[2023-12-03 17:46:51,795] {logging_mixin.py:109} INFO - [2023-12-03 17:46:51,794] {dag.py:2937} INFO - Setting next_dagrun for example_task_group_decorator to 2023-12-02T17:46:51.794374+00:00
[2023-12-03 17:46:51,956] {processor.py:171} INFO - Processing /home/airflow/.local/lib/python3.7/site-packages/airflow/example_dags/example_task_group_decorator.py took 3.290 seconds
[2023-12-03 17:47:22,579] {processor.py:163} INFO - Started process (PID=158256) to work on /home/airflow/.local/lib/python3.7/site-packages/airflow/example_dags/example_task_group_decorator.py
[2023-12-03 17:47:22,591] {processor.py:642} INFO - Processing file /home/airflow/.local/lib/python3.7/site-packages/airflow/example_dags/example_task_group_decorator.py for tasks to queue
[2023-12-03 17:47:22,592] {logging_mixin.py:109} INFO - [2023-12-03 17:47:22,592] {dagbag.py:500} INFO - Filling up the DagBag from /home/airflow/.local/lib/python3.7/site-packages/airflow/example_dags/example_task_group_decorator.py
[2023-12-03 17:47:22,656] {processor.py:654} INFO - DAG(s) dict_keys(['example_task_group_decorator']) retrieved from /home/airflow/.local/lib/python3.7/site-packages/airflow/example_dags/example_task_group_decorator.py
[2023-12-03 17:47:23,227] {logging_mixin.py:109} INFO - [2023-12-03 17:47:23,226] {dag.py:2398} INFO - Sync 1 DAGs
[2023-12-03 17:47:23,257] {logging_mixin.py:109} INFO - [2023-12-03 17:47:23,257] {dag.py:2937} INFO - Setting next_dagrun for example_task_group_decorator to 2023-12-02T17:47:23.256750+00:00
[2023-12-03 17:47:23,284] {processor.py:171} INFO - Processing /home/airflow/.local/lib/python3.7/site-packages/airflow/example_dags/example_task_group_decorator.py took 0.715 seconds
[2023-12-03 17:47:53,478] {processor.py:163} INFO - Started process (PID=158447) to work on /home/airflow/.local/lib/python3.7/site-packages/airflow/example_dags/example_task_group_decorator.py
[2023-12-03 17:47:53,480] {processor.py:642} INFO - Processing file /home/airflow/.local/lib/python3.7/site-packages/airflow/example_dags/example_task_group_decorator.py for tasks to queue
[2023-12-03 17:47:53,481] {logging_mixin.py:109} INFO - [2023-12-03 17:47:53,480] {dagbag.py:500} INFO - Filling up the DagBag from /home/airflow/.local/lib/python3.7/site-packages/airflow/example_dags/example_task_group_decorator.py
[2023-12-03 17:47:53,539] {processor.py:654} INFO - DAG(s) dict_keys(['example_task_group_decorator']) retrieved from /home/airflow/.local/lib/python3.7/site-packages/airflow/example_dags/example_task_group_decorator.py
[2023-12-03 17:47:54,035] {logging_mixin.py:109} INFO - [2023-12-03 17:47:54,034] {dag.py:2398} INFO - Sync 1 DAGs
[2023-12-03 17:47:54,060] {logging_mixin.py:109} INFO - [2023-12-03 17:47:54,060] {dag.py:2937} INFO - Setting next_dagrun for example_task_group_decorator to 2023-12-02T17:47:54.059684+00:00
[2023-12-03 17:47:54,096] {processor.py:171} INFO - Processing /home/airflow/.local/lib/python3.7/site-packages/airflow/example_dags/example_task_group_decorator.py took 0.624 seconds
[2023-12-03 17:48:25,067] {processor.py:163} INFO - Started process (PID=158635) to work on /home/airflow/.local/lib/python3.7/site-packages/airflow/example_dags/example_task_group_decorator.py
[2023-12-03 17:48:25,070] {processor.py:642} INFO - Processing file /home/airflow/.local/lib/python3.7/site-packages/airflow/example_dags/example_task_group_decorator.py for tasks to queue
[2023-12-03 17:48:25,071] {logging_mixin.py:109} INFO - [2023-12-03 17:48:25,070] {dagbag.py:500} INFO - Filling up the DagBag from /home/airflow/.local/lib/python3.7/site-packages/airflow/example_dags/example_task_group_decorator.py
[2023-12-03 17:48:25,125] {processor.py:654} INFO - DAG(s) dict_keys(['example_task_group_decorator']) retrieved from /home/airflow/.local/lib/python3.7/site-packages/airflow/example_dags/example_task_group_decorator.py
[2023-12-03 17:48:25,579] {logging_mixin.py:109} INFO - [2023-12-03 17:48:25,579] {dag.py:2398} INFO - Sync 1 DAGs
[2023-12-03 17:48:25,604] {logging_mixin.py:109} INFO - [2023-12-03 17:48:25,604] {dag.py:2937} INFO - Setting next_dagrun for example_task_group_decorator to 2023-12-02T17:48:25.603149+00:00
[2023-12-03 17:48:25,622] {processor.py:171} INFO - Processing /home/airflow/.local/lib/python3.7/site-packages/airflow/example_dags/example_task_group_decorator.py took 0.561 seconds
[2023-12-03 17:48:55,789] {processor.py:163} INFO - Started process (PID=158823) to work on /home/airflow/.local/lib/python3.7/site-packages/airflow/example_dags/example_task_group_decorator.py
[2023-12-03 17:48:55,791] {processor.py:642} INFO - Processing file /home/airflow/.local/lib/python3.7/site-packages/airflow/example_dags/example_task_group_decorator.py for tasks to queue
[2023-12-03 17:48:55,792] {logging_mixin.py:109} INFO - [2023-12-03 17:48:55,792] {dagbag.py:500} INFO - Filling up the DagBag from /home/airflow/.local/lib/python3.7/site-packages/airflow/example_dags/example_task_group_decorator.py
[2023-12-03 17:48:55,854] {processor.py:654} INFO - DAG(s) dict_keys(['example_task_group_decorator']) retrieved from /home/airflow/.local/lib/python3.7/site-packages/airflow/example_dags/example_task_group_decorator.py
[2023-12-03 17:48:56,320] {logging_mixin.py:109} INFO - [2023-12-03 17:48:56,320] {dag.py:2398} INFO - Sync 1 DAGs
[2023-12-03 17:48:56,346] {logging_mixin.py:109} INFO - [2023-12-03 17:48:56,345] {dag.py:2937} INFO - Setting next_dagrun for example_task_group_decorator to 2023-12-02T17:48:56.345512+00:00
[2023-12-03 17:48:56,366] {processor.py:171} INFO - Processing /home/airflow/.local/lib/python3.7/site-packages/airflow/example_dags/example_task_group_decorator.py took 0.583 seconds
[2023-12-03 17:49:26,670] {processor.py:163} INFO - Started process (PID=159011) to work on /home/airflow/.local/lib/python3.7/site-packages/airflow/example_dags/example_task_group_decorator.py
[2023-12-03 17:49:26,682] {processor.py:642} INFO - Processing file /home/airflow/.local/lib/python3.7/site-packages/airflow/example_dags/example_task_group_decorator.py for tasks to queue
[2023-12-03 17:49:26,683] {logging_mixin.py:109} INFO - [2023-12-03 17:49:26,683] {dagbag.py:500} INFO - Filling up the DagBag from /home/airflow/.local/lib/python3.7/site-packages/airflow/example_dags/example_task_group_decorator.py
[2023-12-03 17:49:26,750] {processor.py:654} INFO - DAG(s) dict_keys(['example_task_group_decorator']) retrieved from /home/airflow/.local/lib/python3.7/site-packages/airflow/example_dags/example_task_group_decorator.py
[2023-12-03 17:49:27,243] {logging_mixin.py:109} INFO - [2023-12-03 17:49:27,243] {dag.py:2398} INFO - Sync 1 DAGs
[2023-12-03 17:49:27,264] {logging_mixin.py:109} INFO - [2023-12-03 17:49:27,263] {dag.py:2937} INFO - Setting next_dagrun for example_task_group_decorator to 2023-12-02T17:49:27.262926+00:00
[2023-12-03 17:49:27,286] {processor.py:171} INFO - Processing /home/airflow/.local/lib/python3.7/site-packages/airflow/example_dags/example_task_group_decorator.py took 0.622 seconds
[2023-12-03 17:49:57,559] {processor.py:163} INFO - Started process (PID=159212) to work on /home/airflow/.local/lib/python3.7/site-packages/airflow/example_dags/example_task_group_decorator.py
[2023-12-03 17:49:57,560] {processor.py:642} INFO - Processing file /home/airflow/.local/lib/python3.7/site-packages/airflow/example_dags/example_task_group_decorator.py for tasks to queue
[2023-12-03 17:49:57,562] {logging_mixin.py:109} INFO - [2023-12-03 17:49:57,561] {dagbag.py:500} INFO - Filling up the DagBag from /home/airflow/.local/lib/python3.7/site-packages/airflow/example_dags/example_task_group_decorator.py
[2023-12-03 17:49:57,613] {processor.py:654} INFO - DAG(s) dict_keys(['example_task_group_decorator']) retrieved from /home/airflow/.local/lib/python3.7/site-packages/airflow/example_dags/example_task_group_decorator.py
[2023-12-03 17:49:58,052] {logging_mixin.py:109} INFO - [2023-12-03 17:49:58,052] {dag.py:2398} INFO - Sync 1 DAGs
[2023-12-03 17:49:58,076] {logging_mixin.py:109} INFO - [2023-12-03 17:49:58,075] {dag.py:2937} INFO - Setting next_dagrun for example_task_group_decorator to 2023-12-02T17:49:58.075568+00:00
[2023-12-03 17:49:58,094] {processor.py:171} INFO - Processing /home/airflow/.local/lib/python3.7/site-packages/airflow/example_dags/example_task_group_decorator.py took 0.539 seconds
[2023-12-03 17:50:28,194] {processor.py:163} INFO - Started process (PID=159409) to work on /home/airflow/.local/lib/python3.7/site-packages/airflow/example_dags/example_task_group_decorator.py
[2023-12-03 17:50:28,196] {processor.py:642} INFO - Processing file /home/airflow/.local/lib/python3.7/site-packages/airflow/example_dags/example_task_group_decorator.py for tasks to queue
[2023-12-03 17:50:28,197] {logging_mixin.py:109} INFO - [2023-12-03 17:50:28,197] {dagbag.py:500} INFO - Filling up the DagBag from /home/airflow/.local/lib/python3.7/site-packages/airflow/example_dags/example_task_group_decorator.py
[2023-12-03 17:50:28,254] {processor.py:654} INFO - DAG(s) dict_keys(['example_task_group_decorator']) retrieved from /home/airflow/.local/lib/python3.7/site-packages/airflow/example_dags/example_task_group_decorator.py
[2023-12-03 17:50:28,713] {logging_mixin.py:109} INFO - [2023-12-03 17:50:28,713] {dag.py:2398} INFO - Sync 1 DAGs
[2023-12-03 17:50:28,739] {logging_mixin.py:109} INFO - [2023-12-03 17:50:28,739] {dag.py:2937} INFO - Setting next_dagrun for example_task_group_decorator to 2023-12-02T17:50:28.738901+00:00
[2023-12-03 17:50:28,757] {processor.py:171} INFO - Processing /home/airflow/.local/lib/python3.7/site-packages/airflow/example_dags/example_task_group_decorator.py took 0.567 seconds
[2023-12-03 17:50:59,085] {processor.py:163} INFO - Started process (PID=159599) to work on /home/airflow/.local/lib/python3.7/site-packages/airflow/example_dags/example_task_group_decorator.py
[2023-12-03 17:50:59,087] {processor.py:642} INFO - Processing file /home/airflow/.local/lib/python3.7/site-packages/airflow/example_dags/example_task_group_decorator.py for tasks to queue
[2023-12-03 17:50:59,088] {logging_mixin.py:109} INFO - [2023-12-03 17:50:59,088] {dagbag.py:500} INFO - Filling up the DagBag from /home/airflow/.local/lib/python3.7/site-packages/airflow/example_dags/example_task_group_decorator.py
[2023-12-03 17:50:59,143] {processor.py:654} INFO - DAG(s) dict_keys(['example_task_group_decorator']) retrieved from /home/airflow/.local/lib/python3.7/site-packages/airflow/example_dags/example_task_group_decorator.py
[2023-12-03 17:50:59,567] {logging_mixin.py:109} INFO - [2023-12-03 17:50:59,567] {dag.py:2398} INFO - Sync 1 DAGs
[2023-12-03 17:50:59,591] {logging_mixin.py:109} INFO - [2023-12-03 17:50:59,591] {dag.py:2937} INFO - Setting next_dagrun for example_task_group_decorator to 2023-12-02T17:50:59.590352+00:00
[2023-12-03 17:50:59,615] {processor.py:171} INFO - Processing /home/airflow/.local/lib/python3.7/site-packages/airflow/example_dags/example_task_group_decorator.py took 0.536 seconds
[2023-12-03 22:16:54,776] {processor.py:163} INFO - Started process (PID=159822) to work on /home/airflow/.local/lib/python3.7/site-packages/airflow/example_dags/example_task_group_decorator.py
[2023-12-03 22:16:54,789] {processor.py:642} INFO - Processing file /home/airflow/.local/lib/python3.7/site-packages/airflow/example_dags/example_task_group_decorator.py for tasks to queue
[2023-12-03 22:16:54,791] {logging_mixin.py:109} INFO - [2023-12-03 22:16:54,791] {dagbag.py:500} INFO - Filling up the DagBag from /home/airflow/.local/lib/python3.7/site-packages/airflow/example_dags/example_task_group_decorator.py
[2023-12-03 22:16:55,099] {processor.py:654} INFO - DAG(s) dict_keys(['example_task_group_decorator']) retrieved from /home/airflow/.local/lib/python3.7/site-packages/airflow/example_dags/example_task_group_decorator.py
[2023-12-03 22:16:57,688] {logging_mixin.py:109} INFO - [2023-12-03 22:16:57,688] {dag.py:2398} INFO - Sync 1 DAGs
[2023-12-03 22:16:57,813] {logging_mixin.py:109} INFO - [2023-12-03 22:16:57,813] {dag.py:2937} INFO - Setting next_dagrun for example_task_group_decorator to 2023-12-02T22:16:57.812966+00:00
[2023-12-03 22:16:57,952] {processor.py:171} INFO - Processing /home/airflow/.local/lib/python3.7/site-packages/airflow/example_dags/example_task_group_decorator.py took 3.209 seconds
