[2023-12-03 17:32:44,114] {processor.py:163} INFO - Started process (PID=153989) to work on /home/airflow/.local/lib/python3.7/site-packages/airflow/example_dags/example_trigger_controller_dag.py
[2023-12-03 17:32:44,119] {processor.py:642} INFO - Processing file /home/airflow/.local/lib/python3.7/site-packages/airflow/example_dags/example_trigger_controller_dag.py for tasks to queue
[2023-12-03 17:32:44,121] {logging_mixin.py:109} INFO - [2023-12-03 17:32:44,121] {dagbag.py:500} INFO - Filling up the DagBag from /home/airflow/.local/lib/python3.7/site-packages/airflow/example_dags/example_trigger_controller_dag.py
[2023-12-03 17:32:44,529] {processor.py:654} INFO - DAG(s) dict_keys(['example_trigger_controller_dag']) retrieved from /home/airflow/.local/lib/python3.7/site-packages/airflow/example_dags/example_trigger_controller_dag.py
[2023-12-03 17:32:44,624] {logging_mixin.py:109} INFO - [2023-12-03 17:32:44,624] {dag.py:2398} INFO - Sync 1 DAGs
[2023-12-03 17:32:44,783] {logging_mixin.py:109} INFO - [2023-12-03 17:32:44,782] {dag.py:2937} INFO - Setting next_dagrun for example_trigger_controller_dag to 2021-01-01T00:00:00+00:00
[2023-12-03 17:32:45,031] {processor.py:171} INFO - Processing /home/airflow/.local/lib/python3.7/site-packages/airflow/example_dags/example_trigger_controller_dag.py took 0.975 seconds
[2023-12-03 17:33:15,833] {processor.py:163} INFO - Started process (PID=154169) to work on /home/airflow/.local/lib/python3.7/site-packages/airflow/example_dags/example_trigger_controller_dag.py
[2023-12-03 17:33:15,852] {processor.py:642} INFO - Processing file /home/airflow/.local/lib/python3.7/site-packages/airflow/example_dags/example_trigger_controller_dag.py for tasks to queue
[2023-12-03 17:33:15,865] {logging_mixin.py:109} INFO - [2023-12-03 17:33:15,865] {dagbag.py:500} INFO - Filling up the DagBag from /home/airflow/.local/lib/python3.7/site-packages/airflow/example_dags/example_trigger_controller_dag.py
[2023-12-03 17:33:16,083] {processor.py:654} INFO - DAG(s) dict_keys(['example_trigger_controller_dag']) retrieved from /home/airflow/.local/lib/python3.7/site-packages/airflow/example_dags/example_trigger_controller_dag.py
[2023-12-03 17:33:16,180] {logging_mixin.py:109} INFO - [2023-12-03 17:33:16,180] {dag.py:2398} INFO - Sync 1 DAGs
[2023-12-03 17:33:16,325] {logging_mixin.py:109} INFO - [2023-12-03 17:33:16,325] {dag.py:2937} INFO - Setting next_dagrun for example_trigger_controller_dag to 2021-01-01T00:00:00+00:00
[2023-12-03 17:33:16,498] {processor.py:171} INFO - Processing /home/airflow/.local/lib/python3.7/site-packages/airflow/example_dags/example_trigger_controller_dag.py took 0.712 seconds
[2023-12-03 17:33:47,016] {processor.py:163} INFO - Started process (PID=154353) to work on /home/airflow/.local/lib/python3.7/site-packages/airflow/example_dags/example_trigger_controller_dag.py
[2023-12-03 17:33:47,025] {processor.py:642} INFO - Processing file /home/airflow/.local/lib/python3.7/site-packages/airflow/example_dags/example_trigger_controller_dag.py for tasks to queue
[2023-12-03 17:33:47,032] {logging_mixin.py:109} INFO - [2023-12-03 17:33:47,026] {dagbag.py:500} INFO - Filling up the DagBag from /home/airflow/.local/lib/python3.7/site-packages/airflow/example_dags/example_trigger_controller_dag.py
[2023-12-03 17:33:47,110] {processor.py:654} INFO - DAG(s) dict_keys(['example_trigger_controller_dag']) retrieved from /home/airflow/.local/lib/python3.7/site-packages/airflow/example_dags/example_trigger_controller_dag.py
[2023-12-03 17:33:47,157] {logging_mixin.py:109} INFO - [2023-12-03 17:33:47,156] {dag.py:2398} INFO - Sync 1 DAGs
[2023-12-03 17:33:47,239] {logging_mixin.py:109} INFO - [2023-12-03 17:33:47,239] {dag.py:2937} INFO - Setting next_dagrun for example_trigger_controller_dag to 2021-01-01T00:00:00+00:00
[2023-12-03 17:33:47,288] {processor.py:171} INFO - Processing /home/airflow/.local/lib/python3.7/site-packages/airflow/example_dags/example_trigger_controller_dag.py took 0.296 seconds
[2023-12-03 17:34:17,730] {processor.py:163} INFO - Started process (PID=154534) to work on /home/airflow/.local/lib/python3.7/site-packages/airflow/example_dags/example_trigger_controller_dag.py
[2023-12-03 17:34:17,743] {processor.py:642} INFO - Processing file /home/airflow/.local/lib/python3.7/site-packages/airflow/example_dags/example_trigger_controller_dag.py for tasks to queue
[2023-12-03 17:34:17,745] {logging_mixin.py:109} INFO - [2023-12-03 17:34:17,745] {dagbag.py:500} INFO - Filling up the DagBag from /home/airflow/.local/lib/python3.7/site-packages/airflow/example_dags/example_trigger_controller_dag.py
[2023-12-03 17:34:17,861] {processor.py:654} INFO - DAG(s) dict_keys(['example_trigger_controller_dag']) retrieved from /home/airflow/.local/lib/python3.7/site-packages/airflow/example_dags/example_trigger_controller_dag.py
[2023-12-03 17:34:17,941] {logging_mixin.py:109} INFO - [2023-12-03 17:34:17,940] {dag.py:2398} INFO - Sync 1 DAGs
[2023-12-03 17:34:18,061] {logging_mixin.py:109} INFO - [2023-12-03 17:34:18,060] {dag.py:2937} INFO - Setting next_dagrun for example_trigger_controller_dag to 2021-01-01T00:00:00+00:00
[2023-12-03 17:34:18,148] {processor.py:171} INFO - Processing /home/airflow/.local/lib/python3.7/site-packages/airflow/example_dags/example_trigger_controller_dag.py took 0.437 seconds
[2023-12-03 17:34:48,512] {processor.py:163} INFO - Started process (PID=154720) to work on /home/airflow/.local/lib/python3.7/site-packages/airflow/example_dags/example_trigger_controller_dag.py
[2023-12-03 17:34:48,532] {processor.py:642} INFO - Processing file /home/airflow/.local/lib/python3.7/site-packages/airflow/example_dags/example_trigger_controller_dag.py for tasks to queue
[2023-12-03 17:34:48,534] {logging_mixin.py:109} INFO - [2023-12-03 17:34:48,533] {dagbag.py:500} INFO - Filling up the DagBag from /home/airflow/.local/lib/python3.7/site-packages/airflow/example_dags/example_trigger_controller_dag.py
[2023-12-03 17:34:48,651] {processor.py:654} INFO - DAG(s) dict_keys(['example_trigger_controller_dag']) retrieved from /home/airflow/.local/lib/python3.7/site-packages/airflow/example_dags/example_trigger_controller_dag.py
[2023-12-03 17:34:48,723] {logging_mixin.py:109} INFO - [2023-12-03 17:34:48,722] {dag.py:2398} INFO - Sync 1 DAGs
[2023-12-03 17:34:48,830] {logging_mixin.py:109} INFO - [2023-12-03 17:34:48,830] {dag.py:2937} INFO - Setting next_dagrun for example_trigger_controller_dag to 2021-01-01T00:00:00+00:00
[2023-12-03 17:34:48,900] {processor.py:171} INFO - Processing /home/airflow/.local/lib/python3.7/site-packages/airflow/example_dags/example_trigger_controller_dag.py took 0.405 seconds
[2023-12-03 17:35:19,193] {processor.py:163} INFO - Started process (PID=154901) to work on /home/airflow/.local/lib/python3.7/site-packages/airflow/example_dags/example_trigger_controller_dag.py
[2023-12-03 17:35:19,206] {processor.py:642} INFO - Processing file /home/airflow/.local/lib/python3.7/site-packages/airflow/example_dags/example_trigger_controller_dag.py for tasks to queue
[2023-12-03 17:35:19,208] {logging_mixin.py:109} INFO - [2023-12-03 17:35:19,208] {dagbag.py:500} INFO - Filling up the DagBag from /home/airflow/.local/lib/python3.7/site-packages/airflow/example_dags/example_trigger_controller_dag.py
[2023-12-03 17:35:19,331] {processor.py:654} INFO - DAG(s) dict_keys(['example_trigger_controller_dag']) retrieved from /home/airflow/.local/lib/python3.7/site-packages/airflow/example_dags/example_trigger_controller_dag.py
[2023-12-03 17:35:19,383] {logging_mixin.py:109} INFO - [2023-12-03 17:35:19,383] {dag.py:2398} INFO - Sync 1 DAGs
[2023-12-03 17:35:19,487] {logging_mixin.py:109} INFO - [2023-12-03 17:35:19,487] {dag.py:2937} INFO - Setting next_dagrun for example_trigger_controller_dag to 2021-01-01T00:00:00+00:00
[2023-12-03 17:35:19,538] {processor.py:171} INFO - Processing /home/airflow/.local/lib/python3.7/site-packages/airflow/example_dags/example_trigger_controller_dag.py took 0.358 seconds
[2023-12-03 17:35:50,070] {processor.py:163} INFO - Started process (PID=155087) to work on /home/airflow/.local/lib/python3.7/site-packages/airflow/example_dags/example_trigger_controller_dag.py
[2023-12-03 17:35:50,092] {processor.py:642} INFO - Processing file /home/airflow/.local/lib/python3.7/site-packages/airflow/example_dags/example_trigger_controller_dag.py for tasks to queue
[2023-12-03 17:35:50,093] {logging_mixin.py:109} INFO - [2023-12-03 17:35:50,093] {dagbag.py:500} INFO - Filling up the DagBag from /home/airflow/.local/lib/python3.7/site-packages/airflow/example_dags/example_trigger_controller_dag.py
[2023-12-03 17:35:50,204] {processor.py:654} INFO - DAG(s) dict_keys(['example_trigger_controller_dag']) retrieved from /home/airflow/.local/lib/python3.7/site-packages/airflow/example_dags/example_trigger_controller_dag.py
[2023-12-03 17:35:50,271] {logging_mixin.py:109} INFO - [2023-12-03 17:35:50,271] {dag.py:2398} INFO - Sync 1 DAGs
[2023-12-03 17:35:50,353] {logging_mixin.py:109} INFO - [2023-12-03 17:35:50,353] {dag.py:2937} INFO - Setting next_dagrun for example_trigger_controller_dag to 2021-01-01T00:00:00+00:00
[2023-12-03 17:35:50,406] {processor.py:171} INFO - Processing /home/airflow/.local/lib/python3.7/site-packages/airflow/example_dags/example_trigger_controller_dag.py took 0.366 seconds
[2023-12-03 17:36:21,038] {processor.py:163} INFO - Started process (PID=155268) to work on /home/airflow/.local/lib/python3.7/site-packages/airflow/example_dags/example_trigger_controller_dag.py
[2023-12-03 17:36:21,074] {processor.py:642} INFO - Processing file /home/airflow/.local/lib/python3.7/site-packages/airflow/example_dags/example_trigger_controller_dag.py for tasks to queue
[2023-12-03 17:36:21,076] {logging_mixin.py:109} INFO - [2023-12-03 17:36:21,076] {dagbag.py:500} INFO - Filling up the DagBag from /home/airflow/.local/lib/python3.7/site-packages/airflow/example_dags/example_trigger_controller_dag.py
[2023-12-03 17:36:21,204] {processor.py:654} INFO - DAG(s) dict_keys(['example_trigger_controller_dag']) retrieved from /home/airflow/.local/lib/python3.7/site-packages/airflow/example_dags/example_trigger_controller_dag.py
[2023-12-03 17:36:21,258] {logging_mixin.py:109} INFO - [2023-12-03 17:36:21,258] {dag.py:2398} INFO - Sync 1 DAGs
[2023-12-03 17:36:21,363] {logging_mixin.py:109} INFO - [2023-12-03 17:36:21,354] {dag.py:2937} INFO - Setting next_dagrun for example_trigger_controller_dag to 2021-01-01T00:00:00+00:00
[2023-12-03 17:36:21,441] {processor.py:171} INFO - Processing /home/airflow/.local/lib/python3.7/site-packages/airflow/example_dags/example_trigger_controller_dag.py took 0.421 seconds
[2023-12-03 17:36:51,689] {processor.py:163} INFO - Started process (PID=155456) to work on /home/airflow/.local/lib/python3.7/site-packages/airflow/example_dags/example_trigger_controller_dag.py
[2023-12-03 17:36:51,692] {processor.py:642} INFO - Processing file /home/airflow/.local/lib/python3.7/site-packages/airflow/example_dags/example_trigger_controller_dag.py for tasks to queue
[2023-12-03 17:36:51,693] {logging_mixin.py:109} INFO - [2023-12-03 17:36:51,693] {dagbag.py:500} INFO - Filling up the DagBag from /home/airflow/.local/lib/python3.7/site-packages/airflow/example_dags/example_trigger_controller_dag.py
[2023-12-03 17:36:51,739] {processor.py:654} INFO - DAG(s) dict_keys(['example_trigger_controller_dag']) retrieved from /home/airflow/.local/lib/python3.7/site-packages/airflow/example_dags/example_trigger_controller_dag.py
[2023-12-03 17:36:51,757] {logging_mixin.py:109} INFO - [2023-12-03 17:36:51,757] {dag.py:2398} INFO - Sync 1 DAGs
[2023-12-03 17:36:51,829] {logging_mixin.py:109} INFO - [2023-12-03 17:36:51,828] {dag.py:2937} INFO - Setting next_dagrun for example_trigger_controller_dag to 2021-01-01T00:00:00+00:00
[2023-12-03 17:36:51,882] {processor.py:171} INFO - Processing /home/airflow/.local/lib/python3.7/site-packages/airflow/example_dags/example_trigger_controller_dag.py took 0.199 seconds
[2023-12-03 17:37:22,177] {processor.py:163} INFO - Started process (PID=155638) to work on /home/airflow/.local/lib/python3.7/site-packages/airflow/example_dags/example_trigger_controller_dag.py
[2023-12-03 17:37:22,179] {processor.py:642} INFO - Processing file /home/airflow/.local/lib/python3.7/site-packages/airflow/example_dags/example_trigger_controller_dag.py for tasks to queue
[2023-12-03 17:37:22,180] {logging_mixin.py:109} INFO - [2023-12-03 17:37:22,179] {dagbag.py:500} INFO - Filling up the DagBag from /home/airflow/.local/lib/python3.7/site-packages/airflow/example_dags/example_trigger_controller_dag.py
[2023-12-03 17:37:22,216] {processor.py:654} INFO - DAG(s) dict_keys(['example_trigger_controller_dag']) retrieved from /home/airflow/.local/lib/python3.7/site-packages/airflow/example_dags/example_trigger_controller_dag.py
[2023-12-03 17:37:22,232] {logging_mixin.py:109} INFO - [2023-12-03 17:37:22,231] {dag.py:2398} INFO - Sync 1 DAGs
[2023-12-03 17:37:22,252] {logging_mixin.py:109} INFO - [2023-12-03 17:37:22,252] {dag.py:2937} INFO - Setting next_dagrun for example_trigger_controller_dag to 2021-01-01T00:00:00+00:00
[2023-12-03 17:37:22,266] {processor.py:171} INFO - Processing /home/airflow/.local/lib/python3.7/site-packages/airflow/example_dags/example_trigger_controller_dag.py took 0.094 seconds
[2023-12-03 17:37:53,045] {processor.py:163} INFO - Started process (PID=155826) to work on /home/airflow/.local/lib/python3.7/site-packages/airflow/example_dags/example_trigger_controller_dag.py
[2023-12-03 17:37:53,058] {processor.py:642} INFO - Processing file /home/airflow/.local/lib/python3.7/site-packages/airflow/example_dags/example_trigger_controller_dag.py for tasks to queue
[2023-12-03 17:37:53,059] {logging_mixin.py:109} INFO - [2023-12-03 17:37:53,059] {dagbag.py:500} INFO - Filling up the DagBag from /home/airflow/.local/lib/python3.7/site-packages/airflow/example_dags/example_trigger_controller_dag.py
[2023-12-03 17:37:53,099] {processor.py:654} INFO - DAG(s) dict_keys(['example_trigger_controller_dag']) retrieved from /home/airflow/.local/lib/python3.7/site-packages/airflow/example_dags/example_trigger_controller_dag.py
[2023-12-03 17:37:53,120] {logging_mixin.py:109} INFO - [2023-12-03 17:37:53,119] {dag.py:2398} INFO - Sync 1 DAGs
[2023-12-03 17:37:53,155] {logging_mixin.py:109} INFO - [2023-12-03 17:37:53,154] {dag.py:2937} INFO - Setting next_dagrun for example_trigger_controller_dag to 2021-01-01T00:00:00+00:00
[2023-12-03 17:37:53,175] {processor.py:171} INFO - Processing /home/airflow/.local/lib/python3.7/site-packages/airflow/example_dags/example_trigger_controller_dag.py took 0.137 seconds
[2023-12-03 17:38:23,725] {processor.py:163} INFO - Started process (PID=156014) to work on /home/airflow/.local/lib/python3.7/site-packages/airflow/example_dags/example_trigger_controller_dag.py
[2023-12-03 17:38:23,728] {processor.py:642} INFO - Processing file /home/airflow/.local/lib/python3.7/site-packages/airflow/example_dags/example_trigger_controller_dag.py for tasks to queue
[2023-12-03 17:38:23,728] {logging_mixin.py:109} INFO - [2023-12-03 17:38:23,728] {dagbag.py:500} INFO - Filling up the DagBag from /home/airflow/.local/lib/python3.7/site-packages/airflow/example_dags/example_trigger_controller_dag.py
[2023-12-03 17:38:23,762] {processor.py:654} INFO - DAG(s) dict_keys(['example_trigger_controller_dag']) retrieved from /home/airflow/.local/lib/python3.7/site-packages/airflow/example_dags/example_trigger_controller_dag.py
[2023-12-03 17:38:23,778] {logging_mixin.py:109} INFO - [2023-12-03 17:38:23,778] {dag.py:2398} INFO - Sync 1 DAGs
[2023-12-03 17:38:23,805] {logging_mixin.py:109} INFO - [2023-12-03 17:38:23,804] {dag.py:2937} INFO - Setting next_dagrun for example_trigger_controller_dag to 2021-01-01T00:00:00+00:00
[2023-12-03 17:38:23,824] {processor.py:171} INFO - Processing /home/airflow/.local/lib/python3.7/site-packages/airflow/example_dags/example_trigger_controller_dag.py took 0.104 seconds
[2023-12-03 17:38:53,916] {processor.py:163} INFO - Started process (PID=156202) to work on /home/airflow/.local/lib/python3.7/site-packages/airflow/example_dags/example_trigger_controller_dag.py
[2023-12-03 17:38:53,928] {processor.py:642} INFO - Processing file /home/airflow/.local/lib/python3.7/site-packages/airflow/example_dags/example_trigger_controller_dag.py for tasks to queue
[2023-12-03 17:38:53,929] {logging_mixin.py:109} INFO - [2023-12-03 17:38:53,929] {dagbag.py:500} INFO - Filling up the DagBag from /home/airflow/.local/lib/python3.7/site-packages/airflow/example_dags/example_trigger_controller_dag.py
[2023-12-03 17:38:53,961] {processor.py:654} INFO - DAG(s) dict_keys(['example_trigger_controller_dag']) retrieved from /home/airflow/.local/lib/python3.7/site-packages/airflow/example_dags/example_trigger_controller_dag.py
[2023-12-03 17:38:53,971] {logging_mixin.py:109} INFO - [2023-12-03 17:38:53,971] {dag.py:2398} INFO - Sync 1 DAGs
[2023-12-03 17:38:53,989] {logging_mixin.py:109} INFO - [2023-12-03 17:38:53,989] {dag.py:2937} INFO - Setting next_dagrun for example_trigger_controller_dag to 2021-01-01T00:00:00+00:00
[2023-12-03 17:38:54,004] {processor.py:171} INFO - Processing /home/airflow/.local/lib/python3.7/site-packages/airflow/example_dags/example_trigger_controller_dag.py took 0.093 seconds
[2023-12-03 17:39:24,654] {processor.py:163} INFO - Started process (PID=156399) to work on /home/airflow/.local/lib/python3.7/site-packages/airflow/example_dags/example_trigger_controller_dag.py
[2023-12-03 17:39:24,669] {processor.py:642} INFO - Processing file /home/airflow/.local/lib/python3.7/site-packages/airflow/example_dags/example_trigger_controller_dag.py for tasks to queue
[2023-12-03 17:39:24,670] {logging_mixin.py:109} INFO - [2023-12-03 17:39:24,670] {dagbag.py:500} INFO - Filling up the DagBag from /home/airflow/.local/lib/python3.7/site-packages/airflow/example_dags/example_trigger_controller_dag.py
[2023-12-03 17:39:24,703] {processor.py:654} INFO - DAG(s) dict_keys(['example_trigger_controller_dag']) retrieved from /home/airflow/.local/lib/python3.7/site-packages/airflow/example_dags/example_trigger_controller_dag.py
[2023-12-03 17:39:24,720] {logging_mixin.py:109} INFO - [2023-12-03 17:39:24,719] {dag.py:2398} INFO - Sync 1 DAGs
[2023-12-03 17:39:24,747] {logging_mixin.py:109} INFO - [2023-12-03 17:39:24,747] {dag.py:2937} INFO - Setting next_dagrun for example_trigger_controller_dag to 2021-01-01T00:00:00+00:00
[2023-12-03 17:39:24,765] {processor.py:171} INFO - Processing /home/airflow/.local/lib/python3.7/site-packages/airflow/example_dags/example_trigger_controller_dag.py took 0.120 seconds
[2023-12-03 17:39:55,243] {processor.py:163} INFO - Started process (PID=156587) to work on /home/airflow/.local/lib/python3.7/site-packages/airflow/example_dags/example_trigger_controller_dag.py
[2023-12-03 17:39:55,256] {processor.py:642} INFO - Processing file /home/airflow/.local/lib/python3.7/site-packages/airflow/example_dags/example_trigger_controller_dag.py for tasks to queue
[2023-12-03 17:39:55,257] {logging_mixin.py:109} INFO - [2023-12-03 17:39:55,257] {dagbag.py:500} INFO - Filling up the DagBag from /home/airflow/.local/lib/python3.7/site-packages/airflow/example_dags/example_trigger_controller_dag.py
[2023-12-03 17:39:55,290] {processor.py:654} INFO - DAG(s) dict_keys(['example_trigger_controller_dag']) retrieved from /home/airflow/.local/lib/python3.7/site-packages/airflow/example_dags/example_trigger_controller_dag.py
[2023-12-03 17:39:55,301] {logging_mixin.py:109} INFO - [2023-12-03 17:39:55,301] {dag.py:2398} INFO - Sync 1 DAGs
[2023-12-03 17:39:55,322] {logging_mixin.py:109} INFO - [2023-12-03 17:39:55,322] {dag.py:2937} INFO - Setting next_dagrun for example_trigger_controller_dag to 2021-01-01T00:00:00+00:00
[2023-12-03 17:39:55,336] {processor.py:171} INFO - Processing /home/airflow/.local/lib/python3.7/site-packages/airflow/example_dags/example_trigger_controller_dag.py took 0.099 seconds
[2023-12-03 17:40:25,791] {processor.py:163} INFO - Started process (PID=156775) to work on /home/airflow/.local/lib/python3.7/site-packages/airflow/example_dags/example_trigger_controller_dag.py
[2023-12-03 17:40:25,803] {processor.py:642} INFO - Processing file /home/airflow/.local/lib/python3.7/site-packages/airflow/example_dags/example_trigger_controller_dag.py for tasks to queue
[2023-12-03 17:40:25,805] {logging_mixin.py:109} INFO - [2023-12-03 17:40:25,804] {dagbag.py:500} INFO - Filling up the DagBag from /home/airflow/.local/lib/python3.7/site-packages/airflow/example_dags/example_trigger_controller_dag.py
[2023-12-03 17:40:25,840] {processor.py:654} INFO - DAG(s) dict_keys(['example_trigger_controller_dag']) retrieved from /home/airflow/.local/lib/python3.7/site-packages/airflow/example_dags/example_trigger_controller_dag.py
[2023-12-03 17:40:25,856] {logging_mixin.py:109} INFO - [2023-12-03 17:40:25,856] {dag.py:2398} INFO - Sync 1 DAGs
[2023-12-03 17:40:25,883] {logging_mixin.py:109} INFO - [2023-12-03 17:40:25,883] {dag.py:2937} INFO - Setting next_dagrun for example_trigger_controller_dag to 2021-01-01T00:00:00+00:00
[2023-12-03 17:40:25,900] {processor.py:171} INFO - Processing /home/airflow/.local/lib/python3.7/site-packages/airflow/example_dags/example_trigger_controller_dag.py took 0.117 seconds
[2023-12-03 17:40:56,537] {processor.py:163} INFO - Started process (PID=156963) to work on /home/airflow/.local/lib/python3.7/site-packages/airflow/example_dags/example_trigger_controller_dag.py
[2023-12-03 17:40:56,539] {processor.py:642} INFO - Processing file /home/airflow/.local/lib/python3.7/site-packages/airflow/example_dags/example_trigger_controller_dag.py for tasks to queue
[2023-12-03 17:40:56,540] {logging_mixin.py:109} INFO - [2023-12-03 17:40:56,540] {dagbag.py:500} INFO - Filling up the DagBag from /home/airflow/.local/lib/python3.7/site-packages/airflow/example_dags/example_trigger_controller_dag.py
[2023-12-03 17:40:56,573] {processor.py:654} INFO - DAG(s) dict_keys(['example_trigger_controller_dag']) retrieved from /home/airflow/.local/lib/python3.7/site-packages/airflow/example_dags/example_trigger_controller_dag.py
[2023-12-03 17:40:56,597] {logging_mixin.py:109} INFO - [2023-12-03 17:40:56,597] {dag.py:2398} INFO - Sync 1 DAGs
[2023-12-03 17:40:56,628] {logging_mixin.py:109} INFO - [2023-12-03 17:40:56,627] {dag.py:2937} INFO - Setting next_dagrun for example_trigger_controller_dag to 2021-01-01T00:00:00+00:00
[2023-12-03 17:40:56,647] {processor.py:171} INFO - Processing /home/airflow/.local/lib/python3.7/site-packages/airflow/example_dags/example_trigger_controller_dag.py took 0.115 seconds
[2023-12-03 17:41:26,820] {processor.py:163} INFO - Started process (PID=157157) to work on /home/airflow/.local/lib/python3.7/site-packages/airflow/example_dags/example_trigger_controller_dag.py
[2023-12-03 17:41:26,824] {processor.py:642} INFO - Processing file /home/airflow/.local/lib/python3.7/site-packages/airflow/example_dags/example_trigger_controller_dag.py for tasks to queue
[2023-12-03 17:41:26,825] {logging_mixin.py:109} INFO - [2023-12-03 17:41:26,825] {dagbag.py:500} INFO - Filling up the DagBag from /home/airflow/.local/lib/python3.7/site-packages/airflow/example_dags/example_trigger_controller_dag.py
[2023-12-03 17:41:26,859] {processor.py:654} INFO - DAG(s) dict_keys(['example_trigger_controller_dag']) retrieved from /home/airflow/.local/lib/python3.7/site-packages/airflow/example_dags/example_trigger_controller_dag.py
[2023-12-03 17:41:26,874] {logging_mixin.py:109} INFO - [2023-12-03 17:41:26,873] {dag.py:2398} INFO - Sync 1 DAGs
[2023-12-03 17:41:26,894] {logging_mixin.py:109} INFO - [2023-12-03 17:41:26,894] {dag.py:2937} INFO - Setting next_dagrun for example_trigger_controller_dag to 2021-01-01T00:00:00+00:00
[2023-12-03 17:41:26,910] {processor.py:171} INFO - Processing /home/airflow/.local/lib/python3.7/site-packages/airflow/example_dags/example_trigger_controller_dag.py took 0.096 seconds
[2023-12-03 17:41:57,108] {processor.py:163} INFO - Started process (PID=157347) to work on /home/airflow/.local/lib/python3.7/site-packages/airflow/example_dags/example_trigger_controller_dag.py
[2023-12-03 17:41:57,109] {processor.py:642} INFO - Processing file /home/airflow/.local/lib/python3.7/site-packages/airflow/example_dags/example_trigger_controller_dag.py for tasks to queue
[2023-12-03 17:41:57,110] {logging_mixin.py:109} INFO - [2023-12-03 17:41:57,110] {dagbag.py:500} INFO - Filling up the DagBag from /home/airflow/.local/lib/python3.7/site-packages/airflow/example_dags/example_trigger_controller_dag.py
[2023-12-03 17:41:57,142] {processor.py:654} INFO - DAG(s) dict_keys(['example_trigger_controller_dag']) retrieved from /home/airflow/.local/lib/python3.7/site-packages/airflow/example_dags/example_trigger_controller_dag.py
[2023-12-03 17:41:57,161] {logging_mixin.py:109} INFO - [2023-12-03 17:41:57,160] {dag.py:2398} INFO - Sync 1 DAGs
[2023-12-03 17:41:57,186] {logging_mixin.py:109} INFO - [2023-12-03 17:41:57,185] {dag.py:2937} INFO - Setting next_dagrun for example_trigger_controller_dag to 2021-01-01T00:00:00+00:00
[2023-12-03 17:41:57,200] {processor.py:171} INFO - Processing /home/airflow/.local/lib/python3.7/site-packages/airflow/example_dags/example_trigger_controller_dag.py took 0.096 seconds
[2023-12-03 17:42:27,785] {processor.py:163} INFO - Started process (PID=157535) to work on /home/airflow/.local/lib/python3.7/site-packages/airflow/example_dags/example_trigger_controller_dag.py
[2023-12-03 17:42:27,788] {processor.py:642} INFO - Processing file /home/airflow/.local/lib/python3.7/site-packages/airflow/example_dags/example_trigger_controller_dag.py for tasks to queue
[2023-12-03 17:42:27,788] {logging_mixin.py:109} INFO - [2023-12-03 17:42:27,788] {dagbag.py:500} INFO - Filling up the DagBag from /home/airflow/.local/lib/python3.7/site-packages/airflow/example_dags/example_trigger_controller_dag.py
[2023-12-03 17:42:27,817] {processor.py:654} INFO - DAG(s) dict_keys(['example_trigger_controller_dag']) retrieved from /home/airflow/.local/lib/python3.7/site-packages/airflow/example_dags/example_trigger_controller_dag.py
[2023-12-03 17:42:27,832] {logging_mixin.py:109} INFO - [2023-12-03 17:42:27,832] {dag.py:2398} INFO - Sync 1 DAGs
[2023-12-03 17:42:27,856] {logging_mixin.py:109} INFO - [2023-12-03 17:42:27,856] {dag.py:2937} INFO - Setting next_dagrun for example_trigger_controller_dag to 2021-01-01T00:00:00+00:00
[2023-12-03 17:42:27,875] {processor.py:171} INFO - Processing /home/airflow/.local/lib/python3.7/site-packages/airflow/example_dags/example_trigger_controller_dag.py took 0.095 seconds
[2023-12-03 17:42:58,610] {processor.py:163} INFO - Started process (PID=157713) to work on /home/airflow/.local/lib/python3.7/site-packages/airflow/example_dags/example_trigger_controller_dag.py
[2023-12-03 17:42:58,613] {processor.py:642} INFO - Processing file /home/airflow/.local/lib/python3.7/site-packages/airflow/example_dags/example_trigger_controller_dag.py for tasks to queue
[2023-12-03 17:42:58,614] {logging_mixin.py:109} INFO - [2023-12-03 17:42:58,614] {dagbag.py:500} INFO - Filling up the DagBag from /home/airflow/.local/lib/python3.7/site-packages/airflow/example_dags/example_trigger_controller_dag.py
[2023-12-03 17:42:58,651] {processor.py:654} INFO - DAG(s) dict_keys(['example_trigger_controller_dag']) retrieved from /home/airflow/.local/lib/python3.7/site-packages/airflow/example_dags/example_trigger_controller_dag.py
[2023-12-03 17:42:58,671] {logging_mixin.py:109} INFO - [2023-12-03 17:42:58,671] {dag.py:2398} INFO - Sync 1 DAGs
[2023-12-03 17:42:58,703] {logging_mixin.py:109} INFO - [2023-12-03 17:42:58,703] {dag.py:2937} INFO - Setting next_dagrun for example_trigger_controller_dag to 2021-01-01T00:00:00+00:00
[2023-12-03 17:42:58,719] {processor.py:171} INFO - Processing /home/airflow/.local/lib/python3.7/site-packages/airflow/example_dags/example_trigger_controller_dag.py took 0.116 seconds
[2023-12-03 17:43:29,192] {processor.py:163} INFO - Started process (PID=157901) to work on /home/airflow/.local/lib/python3.7/site-packages/airflow/example_dags/example_trigger_controller_dag.py
[2023-12-03 17:43:29,194] {processor.py:642} INFO - Processing file /home/airflow/.local/lib/python3.7/site-packages/airflow/example_dags/example_trigger_controller_dag.py for tasks to queue
[2023-12-03 17:43:29,195] {logging_mixin.py:109} INFO - [2023-12-03 17:43:29,195] {dagbag.py:500} INFO - Filling up the DagBag from /home/airflow/.local/lib/python3.7/site-packages/airflow/example_dags/example_trigger_controller_dag.py
[2023-12-03 17:43:29,230] {processor.py:654} INFO - DAG(s) dict_keys(['example_trigger_controller_dag']) retrieved from /home/airflow/.local/lib/python3.7/site-packages/airflow/example_dags/example_trigger_controller_dag.py
[2023-12-03 17:43:29,249] {logging_mixin.py:109} INFO - [2023-12-03 17:43:29,249] {dag.py:2398} INFO - Sync 1 DAGs
[2023-12-03 17:43:29,275] {logging_mixin.py:109} INFO - [2023-12-03 17:43:29,275] {dag.py:2937} INFO - Setting next_dagrun for example_trigger_controller_dag to 2021-01-01T00:00:00+00:00
[2023-12-03 17:43:29,290] {processor.py:171} INFO - Processing /home/airflow/.local/lib/python3.7/site-packages/airflow/example_dags/example_trigger_controller_dag.py took 0.104 seconds
[2023-12-03 17:46:45,615] {processor.py:163} INFO - Started process (PID=158024) to work on /home/airflow/.local/lib/python3.7/site-packages/airflow/example_dags/example_trigger_controller_dag.py
[2023-12-03 17:46:45,695] {processor.py:642} INFO - Processing file /home/airflow/.local/lib/python3.7/site-packages/airflow/example_dags/example_trigger_controller_dag.py for tasks to queue
[2023-12-03 17:46:45,696] {logging_mixin.py:109} INFO - [2023-12-03 17:46:45,696] {dagbag.py:500} INFO - Filling up the DagBag from /home/airflow/.local/lib/python3.7/site-packages/airflow/example_dags/example_trigger_controller_dag.py
[2023-12-03 17:46:45,830] {processor.py:654} INFO - DAG(s) dict_keys(['example_trigger_controller_dag']) retrieved from /home/airflow/.local/lib/python3.7/site-packages/airflow/example_dags/example_trigger_controller_dag.py
[2023-12-03 17:46:45,919] {logging_mixin.py:109} INFO - [2023-12-03 17:46:45,919] {dag.py:2398} INFO - Sync 1 DAGs
[2023-12-03 17:46:46,061] {logging_mixin.py:109} INFO - [2023-12-03 17:46:46,061] {dag.py:2937} INFO - Setting next_dagrun for example_trigger_controller_dag to 2021-01-01T00:00:00+00:00
[2023-12-03 17:46:46,178] {processor.py:171} INFO - Processing /home/airflow/.local/lib/python3.7/site-packages/airflow/example_dags/example_trigger_controller_dag.py took 0.594 seconds
[2023-12-03 17:47:16,703] {processor.py:163} INFO - Started process (PID=158203) to work on /home/airflow/.local/lib/python3.7/site-packages/airflow/example_dags/example_trigger_controller_dag.py
[2023-12-03 17:47:16,728] {processor.py:642} INFO - Processing file /home/airflow/.local/lib/python3.7/site-packages/airflow/example_dags/example_trigger_controller_dag.py for tasks to queue
[2023-12-03 17:47:16,729] {logging_mixin.py:109} INFO - [2023-12-03 17:47:16,729] {dagbag.py:500} INFO - Filling up the DagBag from /home/airflow/.local/lib/python3.7/site-packages/airflow/example_dags/example_trigger_controller_dag.py
[2023-12-03 17:47:16,810] {processor.py:654} INFO - DAG(s) dict_keys(['example_trigger_controller_dag']) retrieved from /home/airflow/.local/lib/python3.7/site-packages/airflow/example_dags/example_trigger_controller_dag.py
[2023-12-03 17:47:16,847] {logging_mixin.py:109} INFO - [2023-12-03 17:47:16,846] {dag.py:2398} INFO - Sync 1 DAGs
[2023-12-03 17:47:16,919] {logging_mixin.py:109} INFO - [2023-12-03 17:47:16,918] {dag.py:2937} INFO - Setting next_dagrun for example_trigger_controller_dag to 2021-01-01T00:00:00+00:00
[2023-12-03 17:47:16,958] {processor.py:171} INFO - Processing /home/airflow/.local/lib/python3.7/site-packages/airflow/example_dags/example_trigger_controller_dag.py took 0.270 seconds
[2023-12-03 17:47:47,047] {processor.py:163} INFO - Started process (PID=158386) to work on /home/airflow/.local/lib/python3.7/site-packages/airflow/example_dags/example_trigger_controller_dag.py
[2023-12-03 17:47:47,050] {processor.py:642} INFO - Processing file /home/airflow/.local/lib/python3.7/site-packages/airflow/example_dags/example_trigger_controller_dag.py for tasks to queue
[2023-12-03 17:47:47,051] {logging_mixin.py:109} INFO - [2023-12-03 17:47:47,051] {dagbag.py:500} INFO - Filling up the DagBag from /home/airflow/.local/lib/python3.7/site-packages/airflow/example_dags/example_trigger_controller_dag.py
[2023-12-03 17:47:47,091] {processor.py:654} INFO - DAG(s) dict_keys(['example_trigger_controller_dag']) retrieved from /home/airflow/.local/lib/python3.7/site-packages/airflow/example_dags/example_trigger_controller_dag.py
[2023-12-03 17:47:47,110] {logging_mixin.py:109} INFO - [2023-12-03 17:47:47,110] {dag.py:2398} INFO - Sync 1 DAGs
[2023-12-03 17:47:47,131] {logging_mixin.py:109} INFO - [2023-12-03 17:47:47,131] {dag.py:2937} INFO - Setting next_dagrun for example_trigger_controller_dag to 2021-01-01T00:00:00+00:00
[2023-12-03 17:47:47,145] {processor.py:171} INFO - Processing /home/airflow/.local/lib/python3.7/site-packages/airflow/example_dags/example_trigger_controller_dag.py took 0.105 seconds
[2023-12-03 17:48:17,399] {processor.py:163} INFO - Started process (PID=158574) to work on /home/airflow/.local/lib/python3.7/site-packages/airflow/example_dags/example_trigger_controller_dag.py
[2023-12-03 17:48:17,401] {processor.py:642} INFO - Processing file /home/airflow/.local/lib/python3.7/site-packages/airflow/example_dags/example_trigger_controller_dag.py for tasks to queue
[2023-12-03 17:48:17,402] {logging_mixin.py:109} INFO - [2023-12-03 17:48:17,402] {dagbag.py:500} INFO - Filling up the DagBag from /home/airflow/.local/lib/python3.7/site-packages/airflow/example_dags/example_trigger_controller_dag.py
[2023-12-03 17:48:17,450] {processor.py:654} INFO - DAG(s) dict_keys(['example_trigger_controller_dag']) retrieved from /home/airflow/.local/lib/python3.7/site-packages/airflow/example_dags/example_trigger_controller_dag.py
[2023-12-03 17:48:17,472] {logging_mixin.py:109} INFO - [2023-12-03 17:48:17,472] {dag.py:2398} INFO - Sync 1 DAGs
[2023-12-03 17:48:17,507] {logging_mixin.py:109} INFO - [2023-12-03 17:48:17,507] {dag.py:2937} INFO - Setting next_dagrun for example_trigger_controller_dag to 2021-01-01T00:00:00+00:00
[2023-12-03 17:48:17,525] {processor.py:171} INFO - Processing /home/airflow/.local/lib/python3.7/site-packages/airflow/example_dags/example_trigger_controller_dag.py took 0.133 seconds
[2023-12-03 17:48:48,087] {processor.py:163} INFO - Started process (PID=158762) to work on /home/airflow/.local/lib/python3.7/site-packages/airflow/example_dags/example_trigger_controller_dag.py
[2023-12-03 17:48:48,089] {processor.py:642} INFO - Processing file /home/airflow/.local/lib/python3.7/site-packages/airflow/example_dags/example_trigger_controller_dag.py for tasks to queue
[2023-12-03 17:48:48,090] {logging_mixin.py:109} INFO - [2023-12-03 17:48:48,090] {dagbag.py:500} INFO - Filling up the DagBag from /home/airflow/.local/lib/python3.7/site-packages/airflow/example_dags/example_trigger_controller_dag.py
[2023-12-03 17:48:48,127] {processor.py:654} INFO - DAG(s) dict_keys(['example_trigger_controller_dag']) retrieved from /home/airflow/.local/lib/python3.7/site-packages/airflow/example_dags/example_trigger_controller_dag.py
[2023-12-03 17:48:48,149] {logging_mixin.py:109} INFO - [2023-12-03 17:48:48,148] {dag.py:2398} INFO - Sync 1 DAGs
[2023-12-03 17:48:48,184] {logging_mixin.py:109} INFO - [2023-12-03 17:48:48,183] {dag.py:2937} INFO - Setting next_dagrun for example_trigger_controller_dag to 2021-01-01T00:00:00+00:00
[2023-12-03 17:48:48,205] {processor.py:171} INFO - Processing /home/airflow/.local/lib/python3.7/site-packages/airflow/example_dags/example_trigger_controller_dag.py took 0.127 seconds
[2023-12-03 17:49:18,304] {processor.py:163} INFO - Started process (PID=158959) to work on /home/airflow/.local/lib/python3.7/site-packages/airflow/example_dags/example_trigger_controller_dag.py
[2023-12-03 17:49:18,307] {processor.py:642} INFO - Processing file /home/airflow/.local/lib/python3.7/site-packages/airflow/example_dags/example_trigger_controller_dag.py for tasks to queue
[2023-12-03 17:49:18,308] {logging_mixin.py:109} INFO - [2023-12-03 17:49:18,308] {dagbag.py:500} INFO - Filling up the DagBag from /home/airflow/.local/lib/python3.7/site-packages/airflow/example_dags/example_trigger_controller_dag.py
[2023-12-03 17:49:18,342] {processor.py:654} INFO - DAG(s) dict_keys(['example_trigger_controller_dag']) retrieved from /home/airflow/.local/lib/python3.7/site-packages/airflow/example_dags/example_trigger_controller_dag.py
[2023-12-03 17:49:18,358] {logging_mixin.py:109} INFO - [2023-12-03 17:49:18,358] {dag.py:2398} INFO - Sync 1 DAGs
[2023-12-03 17:49:18,385] {logging_mixin.py:109} INFO - [2023-12-03 17:49:18,385] {dag.py:2937} INFO - Setting next_dagrun for example_trigger_controller_dag to 2021-01-01T00:00:00+00:00
[2023-12-03 17:49:18,403] {processor.py:171} INFO - Processing /home/airflow/.local/lib/python3.7/site-packages/airflow/example_dags/example_trigger_controller_dag.py took 0.106 seconds
[2023-12-03 17:49:48,671] {processor.py:163} INFO - Started process (PID=159147) to work on /home/airflow/.local/lib/python3.7/site-packages/airflow/example_dags/example_trigger_controller_dag.py
[2023-12-03 17:49:48,672] {processor.py:642} INFO - Processing file /home/airflow/.local/lib/python3.7/site-packages/airflow/example_dags/example_trigger_controller_dag.py for tasks to queue
[2023-12-03 17:49:48,673] {logging_mixin.py:109} INFO - [2023-12-03 17:49:48,673] {dagbag.py:500} INFO - Filling up the DagBag from /home/airflow/.local/lib/python3.7/site-packages/airflow/example_dags/example_trigger_controller_dag.py
[2023-12-03 17:49:48,712] {processor.py:654} INFO - DAG(s) dict_keys(['example_trigger_controller_dag']) retrieved from /home/airflow/.local/lib/python3.7/site-packages/airflow/example_dags/example_trigger_controller_dag.py
[2023-12-03 17:49:48,730] {logging_mixin.py:109} INFO - [2023-12-03 17:49:48,729] {dag.py:2398} INFO - Sync 1 DAGs
[2023-12-03 17:49:48,755] {logging_mixin.py:109} INFO - [2023-12-03 17:49:48,755] {dag.py:2937} INFO - Setting next_dagrun for example_trigger_controller_dag to 2021-01-01T00:00:00+00:00
[2023-12-03 17:49:48,769] {processor.py:171} INFO - Processing /home/airflow/.local/lib/python3.7/site-packages/airflow/example_dags/example_trigger_controller_dag.py took 0.103 seconds
[2023-12-03 17:50:19,202] {processor.py:163} INFO - Started process (PID=159335) to work on /home/airflow/.local/lib/python3.7/site-packages/airflow/example_dags/example_trigger_controller_dag.py
[2023-12-03 17:50:19,204] {processor.py:642} INFO - Processing file /home/airflow/.local/lib/python3.7/site-packages/airflow/example_dags/example_trigger_controller_dag.py for tasks to queue
[2023-12-03 17:50:19,205] {logging_mixin.py:109} INFO - [2023-12-03 17:50:19,205] {dagbag.py:500} INFO - Filling up the DagBag from /home/airflow/.local/lib/python3.7/site-packages/airflow/example_dags/example_trigger_controller_dag.py
[2023-12-03 17:50:19,239] {processor.py:654} INFO - DAG(s) dict_keys(['example_trigger_controller_dag']) retrieved from /home/airflow/.local/lib/python3.7/site-packages/airflow/example_dags/example_trigger_controller_dag.py
[2023-12-03 17:50:19,253] {logging_mixin.py:109} INFO - [2023-12-03 17:50:19,253] {dag.py:2398} INFO - Sync 1 DAGs
[2023-12-03 17:50:19,275] {logging_mixin.py:109} INFO - [2023-12-03 17:50:19,275] {dag.py:2937} INFO - Setting next_dagrun for example_trigger_controller_dag to 2021-01-01T00:00:00+00:00
[2023-12-03 17:50:19,292] {processor.py:171} INFO - Processing /home/airflow/.local/lib/python3.7/site-packages/airflow/example_dags/example_trigger_controller_dag.py took 0.095 seconds
[2023-12-03 17:50:49,734] {processor.py:163} INFO - Started process (PID=159523) to work on /home/airflow/.local/lib/python3.7/site-packages/airflow/example_dags/example_trigger_controller_dag.py
[2023-12-03 17:50:49,736] {processor.py:642} INFO - Processing file /home/airflow/.local/lib/python3.7/site-packages/airflow/example_dags/example_trigger_controller_dag.py for tasks to queue
[2023-12-03 17:50:49,737] {logging_mixin.py:109} INFO - [2023-12-03 17:50:49,737] {dagbag.py:500} INFO - Filling up the DagBag from /home/airflow/.local/lib/python3.7/site-packages/airflow/example_dags/example_trigger_controller_dag.py
[2023-12-03 17:50:49,779] {processor.py:654} INFO - DAG(s) dict_keys(['example_trigger_controller_dag']) retrieved from /home/airflow/.local/lib/python3.7/site-packages/airflow/example_dags/example_trigger_controller_dag.py
[2023-12-03 17:50:49,806] {logging_mixin.py:109} INFO - [2023-12-03 17:50:49,806] {dag.py:2398} INFO - Sync 1 DAGs
[2023-12-03 17:50:49,835] {logging_mixin.py:109} INFO - [2023-12-03 17:50:49,834] {dag.py:2937} INFO - Setting next_dagrun for example_trigger_controller_dag to 2021-01-01T00:00:00+00:00
[2023-12-03 17:50:49,850] {processor.py:171} INFO - Processing /home/airflow/.local/lib/python3.7/site-packages/airflow/example_dags/example_trigger_controller_dag.py took 0.121 seconds
[2023-12-03 22:16:51,667] {processor.py:163} INFO - Started process (PID=159769) to work on /home/airflow/.local/lib/python3.7/site-packages/airflow/example_dags/example_trigger_controller_dag.py
[2023-12-03 22:16:51,721] {processor.py:642} INFO - Processing file /home/airflow/.local/lib/python3.7/site-packages/airflow/example_dags/example_trigger_controller_dag.py for tasks to queue
[2023-12-03 22:16:51,722] {logging_mixin.py:109} INFO - [2023-12-03 22:16:51,722] {dagbag.py:500} INFO - Filling up the DagBag from /home/airflow/.local/lib/python3.7/site-packages/airflow/example_dags/example_trigger_controller_dag.py
[2023-12-03 22:16:51,843] {processor.py:654} INFO - DAG(s) dict_keys(['example_trigger_controller_dag']) retrieved from /home/airflow/.local/lib/python3.7/site-packages/airflow/example_dags/example_trigger_controller_dag.py
[2023-12-03 22:16:51,887] {logging_mixin.py:109} INFO - [2023-12-03 22:16:51,887] {dag.py:2398} INFO - Sync 1 DAGs
[2023-12-03 22:16:51,951] {logging_mixin.py:109} INFO - [2023-12-03 22:16:51,951] {dag.py:2937} INFO - Setting next_dagrun for example_trigger_controller_dag to 2021-01-01T00:00:00+00:00
[2023-12-03 22:16:52,026] {processor.py:171} INFO - Processing /home/airflow/.local/lib/python3.7/site-packages/airflow/example_dags/example_trigger_controller_dag.py took 0.389 seconds
[2023-12-03 22:17:41,316] {processor.py:163} INFO - Started process (PID=159957) to work on /home/airflow/.local/lib/python3.7/site-packages/airflow/example_dags/example_trigger_controller_dag.py
[2023-12-03 22:17:43,011] {processor.py:642} INFO - Processing file /home/airflow/.local/lib/python3.7/site-packages/airflow/example_dags/example_trigger_controller_dag.py for tasks to queue
[2023-12-03 22:17:43,012] {logging_mixin.py:109} INFO - [2023-12-03 22:17:43,011] {dagbag.py:500} INFO - Filling up the DagBag from /home/airflow/.local/lib/python3.7/site-packages/airflow/example_dags/example_trigger_controller_dag.py
[2023-12-03 22:17:43,082] {processor.py:654} INFO - DAG(s) dict_keys(['example_trigger_controller_dag']) retrieved from /home/airflow/.local/lib/python3.7/site-packages/airflow/example_dags/example_trigger_controller_dag.py
[2023-12-03 22:17:43,118] {logging_mixin.py:109} INFO - [2023-12-03 22:17:43,118] {dag.py:2398} INFO - Sync 1 DAGs
[2023-12-03 22:17:43,157] {logging_mixin.py:109} INFO - [2023-12-03 22:17:43,157] {dag.py:2937} INFO - Setting next_dagrun for example_trigger_controller_dag to 2021-01-01T00:00:00+00:00
[2023-12-03 22:17:43,303] {processor.py:171} INFO - Processing /home/airflow/.local/lib/python3.7/site-packages/airflow/example_dags/example_trigger_controller_dag.py took 1.999 seconds
