[2023-12-03 17:32:47,386] {processor.py:163} INFO - Started process (PID=154011) to work on /home/airflow/.local/lib/python3.7/site-packages/airflow/example_dags/example_branch_labels.py
[2023-12-03 17:32:47,399] {processor.py:642} INFO - Processing file /home/airflow/.local/lib/python3.7/site-packages/airflow/example_dags/example_branch_labels.py for tasks to queue
[2023-12-03 17:32:47,401] {logging_mixin.py:109} INFO - [2023-12-03 17:32:47,401] {dagbag.py:500} INFO - Filling up the DagBag from /home/airflow/.local/lib/python3.7/site-packages/airflow/example_dags/example_branch_labels.py
[2023-12-03 17:32:47,687] {processor.py:654} INFO - DAG(s) dict_keys(['example_branch_labels']) retrieved from /home/airflow/.local/lib/python3.7/site-packages/airflow/example_dags/example_branch_labels.py
[2023-12-03 17:32:47,830] {logging_mixin.py:109} INFO - [2023-12-03 17:32:47,803] {dag.py:2398} INFO - Sync 1 DAGs
[2023-12-03 17:32:48,100] {logging_mixin.py:109} INFO - [2023-12-03 17:32:48,100] {dag.py:2937} INFO - Setting next_dagrun for example_branch_labels to 2023-12-02 00:00:00+00:00
[2023-12-03 17:32:48,281] {processor.py:171} INFO - Processing /home/airflow/.local/lib/python3.7/site-packages/airflow/example_dags/example_branch_labels.py took 0.938 seconds
[2023-12-03 17:33:18,756] {processor.py:163} INFO - Started process (PID=154190) to work on /home/airflow/.local/lib/python3.7/site-packages/airflow/example_dags/example_branch_labels.py
[2023-12-03 17:33:18,758] {processor.py:642} INFO - Processing file /home/airflow/.local/lib/python3.7/site-packages/airflow/example_dags/example_branch_labels.py for tasks to queue
[2023-12-03 17:33:18,760] {logging_mixin.py:109} INFO - [2023-12-03 17:33:18,760] {dagbag.py:500} INFO - Filling up the DagBag from /home/airflow/.local/lib/python3.7/site-packages/airflow/example_dags/example_branch_labels.py
[2023-12-03 17:33:18,859] {processor.py:654} INFO - DAG(s) dict_keys(['example_branch_labels']) retrieved from /home/airflow/.local/lib/python3.7/site-packages/airflow/example_dags/example_branch_labels.py
[2023-12-03 17:33:18,893] {logging_mixin.py:109} INFO - [2023-12-03 17:33:18,892] {dag.py:2398} INFO - Sync 1 DAGs
[2023-12-03 17:33:18,957] {logging_mixin.py:109} INFO - [2023-12-03 17:33:18,957] {dag.py:2937} INFO - Setting next_dagrun for example_branch_labels to 2023-12-02 00:00:00+00:00
[2023-12-03 17:33:19,019] {processor.py:171} INFO - Processing /home/airflow/.local/lib/python3.7/site-packages/airflow/example_dags/example_branch_labels.py took 0.284 seconds
[2023-12-03 17:33:49,402] {processor.py:163} INFO - Started process (PID=154378) to work on /home/airflow/.local/lib/python3.7/site-packages/airflow/example_dags/example_branch_labels.py
[2023-12-03 17:33:49,418] {processor.py:642} INFO - Processing file /home/airflow/.local/lib/python3.7/site-packages/airflow/example_dags/example_branch_labels.py for tasks to queue
[2023-12-03 17:33:49,420] {logging_mixin.py:109} INFO - [2023-12-03 17:33:49,419] {dagbag.py:500} INFO - Filling up the DagBag from /home/airflow/.local/lib/python3.7/site-packages/airflow/example_dags/example_branch_labels.py
[2023-12-03 17:33:49,550] {processor.py:654} INFO - DAG(s) dict_keys(['example_branch_labels']) retrieved from /home/airflow/.local/lib/python3.7/site-packages/airflow/example_dags/example_branch_labels.py
[2023-12-03 17:33:49,615] {logging_mixin.py:109} INFO - [2023-12-03 17:33:49,615] {dag.py:2398} INFO - Sync 1 DAGs
[2023-12-03 17:33:49,723] {logging_mixin.py:109} INFO - [2023-12-03 17:33:49,723] {dag.py:2937} INFO - Setting next_dagrun for example_branch_labels to 2023-12-02 00:00:00+00:00
[2023-12-03 17:33:49,812] {processor.py:171} INFO - Processing /home/airflow/.local/lib/python3.7/site-packages/airflow/example_dags/example_branch_labels.py took 0.444 seconds
[2023-12-03 17:34:20,481] {processor.py:163} INFO - Started process (PID=154554) to work on /home/airflow/.local/lib/python3.7/site-packages/airflow/example_dags/example_branch_labels.py
[2023-12-03 17:34:20,483] {processor.py:642} INFO - Processing file /home/airflow/.local/lib/python3.7/site-packages/airflow/example_dags/example_branch_labels.py for tasks to queue
[2023-12-03 17:34:20,495] {logging_mixin.py:109} INFO - [2023-12-03 17:34:20,495] {dagbag.py:500} INFO - Filling up the DagBag from /home/airflow/.local/lib/python3.7/site-packages/airflow/example_dags/example_branch_labels.py
[2023-12-03 17:34:20,584] {processor.py:654} INFO - DAG(s) dict_keys(['example_branch_labels']) retrieved from /home/airflow/.local/lib/python3.7/site-packages/airflow/example_dags/example_branch_labels.py
[2023-12-03 17:34:20,630] {logging_mixin.py:109} INFO - [2023-12-03 17:34:20,629] {dag.py:2398} INFO - Sync 1 DAGs
[2023-12-03 17:34:20,712] {logging_mixin.py:109} INFO - [2023-12-03 17:34:20,712] {dag.py:2937} INFO - Setting next_dagrun for example_branch_labels to 2023-12-02 00:00:00+00:00
[2023-12-03 17:34:20,843] {processor.py:171} INFO - Processing /home/airflow/.local/lib/python3.7/site-packages/airflow/example_dags/example_branch_labels.py took 0.378 seconds
[2023-12-03 17:34:51,125] {processor.py:163} INFO - Started process (PID=154739) to work on /home/airflow/.local/lib/python3.7/site-packages/airflow/example_dags/example_branch_labels.py
[2023-12-03 17:34:51,156] {processor.py:642} INFO - Processing file /home/airflow/.local/lib/python3.7/site-packages/airflow/example_dags/example_branch_labels.py for tasks to queue
[2023-12-03 17:34:51,157] {logging_mixin.py:109} INFO - [2023-12-03 17:34:51,157] {dagbag.py:500} INFO - Filling up the DagBag from /home/airflow/.local/lib/python3.7/site-packages/airflow/example_dags/example_branch_labels.py
[2023-12-03 17:34:51,306] {processor.py:654} INFO - DAG(s) dict_keys(['example_branch_labels']) retrieved from /home/airflow/.local/lib/python3.7/site-packages/airflow/example_dags/example_branch_labels.py
[2023-12-03 17:34:51,385] {logging_mixin.py:109} INFO - [2023-12-03 17:34:51,385] {dag.py:2398} INFO - Sync 1 DAGs
[2023-12-03 17:34:51,525] {logging_mixin.py:109} INFO - [2023-12-03 17:34:51,525] {dag.py:2937} INFO - Setting next_dagrun for example_branch_labels to 2023-12-02 00:00:00+00:00
[2023-12-03 17:34:51,580] {processor.py:171} INFO - Processing /home/airflow/.local/lib/python3.7/site-packages/airflow/example_dags/example_branch_labels.py took 0.475 seconds
[2023-12-03 17:35:21,730] {processor.py:163} INFO - Started process (PID=154919) to work on /home/airflow/.local/lib/python3.7/site-packages/airflow/example_dags/example_branch_labels.py
[2023-12-03 17:35:21,763] {processor.py:642} INFO - Processing file /home/airflow/.local/lib/python3.7/site-packages/airflow/example_dags/example_branch_labels.py for tasks to queue
[2023-12-03 17:35:21,765] {logging_mixin.py:109} INFO - [2023-12-03 17:35:21,764] {dagbag.py:500} INFO - Filling up the DagBag from /home/airflow/.local/lib/python3.7/site-packages/airflow/example_dags/example_branch_labels.py
[2023-12-03 17:35:21,864] {processor.py:654} INFO - DAG(s) dict_keys(['example_branch_labels']) retrieved from /home/airflow/.local/lib/python3.7/site-packages/airflow/example_dags/example_branch_labels.py
[2023-12-03 17:35:21,943] {logging_mixin.py:109} INFO - [2023-12-03 17:35:21,942] {dag.py:2398} INFO - Sync 1 DAGs
[2023-12-03 17:35:22,074] {logging_mixin.py:109} INFO - [2023-12-03 17:35:22,074] {dag.py:2937} INFO - Setting next_dagrun for example_branch_labels to 2023-12-02 00:00:00+00:00
[2023-12-03 17:35:22,183] {processor.py:171} INFO - Processing /home/airflow/.local/lib/python3.7/site-packages/airflow/example_dags/example_branch_labels.py took 0.481 seconds
[2023-12-03 17:35:52,631] {processor.py:163} INFO - Started process (PID=155107) to work on /home/airflow/.local/lib/python3.7/site-packages/airflow/example_dags/example_branch_labels.py
[2023-12-03 17:35:52,635] {processor.py:642} INFO - Processing file /home/airflow/.local/lib/python3.7/site-packages/airflow/example_dags/example_branch_labels.py for tasks to queue
[2023-12-03 17:35:52,644] {logging_mixin.py:109} INFO - [2023-12-03 17:35:52,636] {dagbag.py:500} INFO - Filling up the DagBag from /home/airflow/.local/lib/python3.7/site-packages/airflow/example_dags/example_branch_labels.py
[2023-12-03 17:35:52,758] {processor.py:654} INFO - DAG(s) dict_keys(['example_branch_labels']) retrieved from /home/airflow/.local/lib/python3.7/site-packages/airflow/example_dags/example_branch_labels.py
[2023-12-03 17:35:52,819] {logging_mixin.py:109} INFO - [2023-12-03 17:35:52,818] {dag.py:2398} INFO - Sync 1 DAGs
[2023-12-03 17:35:52,904] {logging_mixin.py:109} INFO - [2023-12-03 17:35:52,904] {dag.py:2937} INFO - Setting next_dagrun for example_branch_labels to 2023-12-02 00:00:00+00:00
[2023-12-03 17:35:52,939] {processor.py:171} INFO - Processing /home/airflow/.local/lib/python3.7/site-packages/airflow/example_dags/example_branch_labels.py took 0.324 seconds
[2023-12-03 17:36:23,851] {processor.py:163} INFO - Started process (PID=155286) to work on /home/airflow/.local/lib/python3.7/site-packages/airflow/example_dags/example_branch_labels.py
[2023-12-03 17:36:23,855] {processor.py:642} INFO - Processing file /home/airflow/.local/lib/python3.7/site-packages/airflow/example_dags/example_branch_labels.py for tasks to queue
[2023-12-03 17:36:23,856] {logging_mixin.py:109} INFO - [2023-12-03 17:36:23,856] {dagbag.py:500} INFO - Filling up the DagBag from /home/airflow/.local/lib/python3.7/site-packages/airflow/example_dags/example_branch_labels.py
[2023-12-03 17:36:23,932] {processor.py:654} INFO - DAG(s) dict_keys(['example_branch_labels']) retrieved from /home/airflow/.local/lib/python3.7/site-packages/airflow/example_dags/example_branch_labels.py
[2023-12-03 17:36:23,984] {logging_mixin.py:109} INFO - [2023-12-03 17:36:23,984] {dag.py:2398} INFO - Sync 1 DAGs
[2023-12-03 17:36:24,048] {logging_mixin.py:109} INFO - [2023-12-03 17:36:24,047] {dag.py:2937} INFO - Setting next_dagrun for example_branch_labels to 2023-12-02 00:00:00+00:00
[2023-12-03 17:36:24,088] {processor.py:171} INFO - Processing /home/airflow/.local/lib/python3.7/site-packages/airflow/example_dags/example_branch_labels.py took 0.250 seconds
[2023-12-03 17:36:54,266] {processor.py:163} INFO - Started process (PID=155476) to work on /home/airflow/.local/lib/python3.7/site-packages/airflow/example_dags/example_branch_labels.py
[2023-12-03 17:36:54,268] {processor.py:642} INFO - Processing file /home/airflow/.local/lib/python3.7/site-packages/airflow/example_dags/example_branch_labels.py for tasks to queue
[2023-12-03 17:36:54,268] {logging_mixin.py:109} INFO - [2023-12-03 17:36:54,268] {dagbag.py:500} INFO - Filling up the DagBag from /home/airflow/.local/lib/python3.7/site-packages/airflow/example_dags/example_branch_labels.py
[2023-12-03 17:36:54,300] {processor.py:654} INFO - DAG(s) dict_keys(['example_branch_labels']) retrieved from /home/airflow/.local/lib/python3.7/site-packages/airflow/example_dags/example_branch_labels.py
[2023-12-03 17:36:54,314] {logging_mixin.py:109} INFO - [2023-12-03 17:36:54,314] {dag.py:2398} INFO - Sync 1 DAGs
[2023-12-03 17:36:54,338] {logging_mixin.py:109} INFO - [2023-12-03 17:36:54,338] {dag.py:2937} INFO - Setting next_dagrun for example_branch_labels to 2023-12-02 00:00:00+00:00
[2023-12-03 17:36:54,350] {processor.py:171} INFO - Processing /home/airflow/.local/lib/python3.7/site-packages/airflow/example_dags/example_branch_labels.py took 0.088 seconds
[2023-12-03 17:37:24,404] {processor.py:163} INFO - Started process (PID=155661) to work on /home/airflow/.local/lib/python3.7/site-packages/airflow/example_dags/example_branch_labels.py
[2023-12-03 17:37:24,407] {processor.py:642} INFO - Processing file /home/airflow/.local/lib/python3.7/site-packages/airflow/example_dags/example_branch_labels.py for tasks to queue
[2023-12-03 17:37:24,408] {logging_mixin.py:109} INFO - [2023-12-03 17:37:24,408] {dagbag.py:500} INFO - Filling up the DagBag from /home/airflow/.local/lib/python3.7/site-packages/airflow/example_dags/example_branch_labels.py
[2023-12-03 17:37:24,449] {processor.py:654} INFO - DAG(s) dict_keys(['example_branch_labels']) retrieved from /home/airflow/.local/lib/python3.7/site-packages/airflow/example_dags/example_branch_labels.py
[2023-12-03 17:37:24,471] {logging_mixin.py:109} INFO - [2023-12-03 17:37:24,471] {dag.py:2398} INFO - Sync 1 DAGs
[2023-12-03 17:37:24,506] {logging_mixin.py:109} INFO - [2023-12-03 17:37:24,506] {dag.py:2937} INFO - Setting next_dagrun for example_branch_labels to 2023-12-02 00:00:00+00:00
[2023-12-03 17:37:24,544] {processor.py:171} INFO - Processing /home/airflow/.local/lib/python3.7/site-packages/airflow/example_dags/example_branch_labels.py took 0.150 seconds
[2023-12-03 17:37:54,807] {processor.py:163} INFO - Started process (PID=155849) to work on /home/airflow/.local/lib/python3.7/site-packages/airflow/example_dags/example_branch_labels.py
[2023-12-03 17:37:54,812] {processor.py:642} INFO - Processing file /home/airflow/.local/lib/python3.7/site-packages/airflow/example_dags/example_branch_labels.py for tasks to queue
[2023-12-03 17:37:54,813] {logging_mixin.py:109} INFO - [2023-12-03 17:37:54,813] {dagbag.py:500} INFO - Filling up the DagBag from /home/airflow/.local/lib/python3.7/site-packages/airflow/example_dags/example_branch_labels.py
[2023-12-03 17:37:54,852] {processor.py:654} INFO - DAG(s) dict_keys(['example_branch_labels']) retrieved from /home/airflow/.local/lib/python3.7/site-packages/airflow/example_dags/example_branch_labels.py
[2023-12-03 17:37:54,870] {logging_mixin.py:109} INFO - [2023-12-03 17:37:54,870] {dag.py:2398} INFO - Sync 1 DAGs
[2023-12-03 17:37:54,903] {logging_mixin.py:109} INFO - [2023-12-03 17:37:54,902] {dag.py:2937} INFO - Setting next_dagrun for example_branch_labels to 2023-12-02 00:00:00+00:00
[2023-12-03 17:37:54,917] {processor.py:171} INFO - Processing /home/airflow/.local/lib/python3.7/site-packages/airflow/example_dags/example_branch_labels.py took 0.116 seconds
[2023-12-03 17:38:25,536] {processor.py:163} INFO - Started process (PID=156037) to work on /home/airflow/.local/lib/python3.7/site-packages/airflow/example_dags/example_branch_labels.py
[2023-12-03 17:38:25,544] {processor.py:642} INFO - Processing file /home/airflow/.local/lib/python3.7/site-packages/airflow/example_dags/example_branch_labels.py for tasks to queue
[2023-12-03 17:38:25,545] {logging_mixin.py:109} INFO - [2023-12-03 17:38:25,544] {dagbag.py:500} INFO - Filling up the DagBag from /home/airflow/.local/lib/python3.7/site-packages/airflow/example_dags/example_branch_labels.py
[2023-12-03 17:38:25,581] {processor.py:654} INFO - DAG(s) dict_keys(['example_branch_labels']) retrieved from /home/airflow/.local/lib/python3.7/site-packages/airflow/example_dags/example_branch_labels.py
[2023-12-03 17:38:25,596] {logging_mixin.py:109} INFO - [2023-12-03 17:38:25,596] {dag.py:2398} INFO - Sync 1 DAGs
[2023-12-03 17:38:25,621] {logging_mixin.py:109} INFO - [2023-12-03 17:38:25,621] {dag.py:2937} INFO - Setting next_dagrun for example_branch_labels to 2023-12-02 00:00:00+00:00
[2023-12-03 17:38:25,635] {processor.py:171} INFO - Processing /home/airflow/.local/lib/python3.7/site-packages/airflow/example_dags/example_branch_labels.py took 0.103 seconds
[2023-12-03 17:38:56,131] {processor.py:163} INFO - Started process (PID=156234) to work on /home/airflow/.local/lib/python3.7/site-packages/airflow/example_dags/example_branch_labels.py
[2023-12-03 17:38:56,133] {processor.py:642} INFO - Processing file /home/airflow/.local/lib/python3.7/site-packages/airflow/example_dags/example_branch_labels.py for tasks to queue
[2023-12-03 17:38:56,134] {logging_mixin.py:109} INFO - [2023-12-03 17:38:56,134] {dagbag.py:500} INFO - Filling up the DagBag from /home/airflow/.local/lib/python3.7/site-packages/airflow/example_dags/example_branch_labels.py
[2023-12-03 17:38:56,178] {processor.py:654} INFO - DAG(s) dict_keys(['example_branch_labels']) retrieved from /home/airflow/.local/lib/python3.7/site-packages/airflow/example_dags/example_branch_labels.py
[2023-12-03 17:38:56,196] {logging_mixin.py:109} INFO - [2023-12-03 17:38:56,196] {dag.py:2398} INFO - Sync 1 DAGs
[2023-12-03 17:38:56,227] {logging_mixin.py:109} INFO - [2023-12-03 17:38:56,226] {dag.py:2937} INFO - Setting next_dagrun for example_branch_labels to 2023-12-02 00:00:00+00:00
[2023-12-03 17:38:56,264] {processor.py:171} INFO - Processing /home/airflow/.local/lib/python3.7/site-packages/airflow/example_dags/example_branch_labels.py took 0.140 seconds
[2023-12-03 17:39:26,939] {processor.py:163} INFO - Started process (PID=156422) to work on /home/airflow/.local/lib/python3.7/site-packages/airflow/example_dags/example_branch_labels.py
[2023-12-03 17:39:26,942] {processor.py:642} INFO - Processing file /home/airflow/.local/lib/python3.7/site-packages/airflow/example_dags/example_branch_labels.py for tasks to queue
[2023-12-03 17:39:26,943] {logging_mixin.py:109} INFO - [2023-12-03 17:39:26,943] {dagbag.py:500} INFO - Filling up the DagBag from /home/airflow/.local/lib/python3.7/site-packages/airflow/example_dags/example_branch_labels.py
[2023-12-03 17:39:26,984] {processor.py:654} INFO - DAG(s) dict_keys(['example_branch_labels']) retrieved from /home/airflow/.local/lib/python3.7/site-packages/airflow/example_dags/example_branch_labels.py
[2023-12-03 17:39:27,012] {logging_mixin.py:109} INFO - [2023-12-03 17:39:27,011] {dag.py:2398} INFO - Sync 1 DAGs
[2023-12-03 17:39:27,045] {logging_mixin.py:109} INFO - [2023-12-03 17:39:27,045] {dag.py:2937} INFO - Setting next_dagrun for example_branch_labels to 2023-12-02 00:00:00+00:00
[2023-12-03 17:39:27,079] {processor.py:171} INFO - Processing /home/airflow/.local/lib/python3.7/site-packages/airflow/example_dags/example_branch_labels.py took 0.146 seconds
[2023-12-03 17:39:57,530] {processor.py:163} INFO - Started process (PID=156605) to work on /home/airflow/.local/lib/python3.7/site-packages/airflow/example_dags/example_branch_labels.py
[2023-12-03 17:39:57,539] {processor.py:642} INFO - Processing file /home/airflow/.local/lib/python3.7/site-packages/airflow/example_dags/example_branch_labels.py for tasks to queue
[2023-12-03 17:39:57,540] {logging_mixin.py:109} INFO - [2023-12-03 17:39:57,540] {dagbag.py:500} INFO - Filling up the DagBag from /home/airflow/.local/lib/python3.7/site-packages/airflow/example_dags/example_branch_labels.py
[2023-12-03 17:39:57,577] {processor.py:654} INFO - DAG(s) dict_keys(['example_branch_labels']) retrieved from /home/airflow/.local/lib/python3.7/site-packages/airflow/example_dags/example_branch_labels.py
[2023-12-03 17:39:57,593] {logging_mixin.py:109} INFO - [2023-12-03 17:39:57,593] {dag.py:2398} INFO - Sync 1 DAGs
[2023-12-03 17:39:57,617] {logging_mixin.py:109} INFO - [2023-12-03 17:39:57,617] {dag.py:2937} INFO - Setting next_dagrun for example_branch_labels to 2023-12-02 00:00:00+00:00
[2023-12-03 17:39:57,633] {processor.py:171} INFO - Processing /home/airflow/.local/lib/python3.7/site-packages/airflow/example_dags/example_branch_labels.py took 0.110 seconds
[2023-12-03 17:40:28,020] {processor.py:163} INFO - Started process (PID=156793) to work on /home/airflow/.local/lib/python3.7/site-packages/airflow/example_dags/example_branch_labels.py
[2023-12-03 17:40:28,027] {processor.py:642} INFO - Processing file /home/airflow/.local/lib/python3.7/site-packages/airflow/example_dags/example_branch_labels.py for tasks to queue
[2023-12-03 17:40:28,028] {logging_mixin.py:109} INFO - [2023-12-03 17:40:28,028] {dagbag.py:500} INFO - Filling up the DagBag from /home/airflow/.local/lib/python3.7/site-packages/airflow/example_dags/example_branch_labels.py
[2023-12-03 17:40:28,075] {processor.py:654} INFO - DAG(s) dict_keys(['example_branch_labels']) retrieved from /home/airflow/.local/lib/python3.7/site-packages/airflow/example_dags/example_branch_labels.py
[2023-12-03 17:40:28,091] {logging_mixin.py:109} INFO - [2023-12-03 17:40:28,091] {dag.py:2398} INFO - Sync 1 DAGs
[2023-12-03 17:40:28,118] {logging_mixin.py:109} INFO - [2023-12-03 17:40:28,118] {dag.py:2937} INFO - Setting next_dagrun for example_branch_labels to 2023-12-02 00:00:00+00:00
[2023-12-03 17:40:28,134] {processor.py:171} INFO - Processing /home/airflow/.local/lib/python3.7/site-packages/airflow/example_dags/example_branch_labels.py took 0.119 seconds
[2023-12-03 17:40:58,733] {processor.py:163} INFO - Started process (PID=156981) to work on /home/airflow/.local/lib/python3.7/site-packages/airflow/example_dags/example_branch_labels.py
[2023-12-03 17:40:58,737] {processor.py:642} INFO - Processing file /home/airflow/.local/lib/python3.7/site-packages/airflow/example_dags/example_branch_labels.py for tasks to queue
[2023-12-03 17:40:58,738] {logging_mixin.py:109} INFO - [2023-12-03 17:40:58,738] {dagbag.py:500} INFO - Filling up the DagBag from /home/airflow/.local/lib/python3.7/site-packages/airflow/example_dags/example_branch_labels.py
[2023-12-03 17:40:58,779] {processor.py:654} INFO - DAG(s) dict_keys(['example_branch_labels']) retrieved from /home/airflow/.local/lib/python3.7/site-packages/airflow/example_dags/example_branch_labels.py
[2023-12-03 17:40:58,793] {logging_mixin.py:109} INFO - [2023-12-03 17:40:58,793] {dag.py:2398} INFO - Sync 1 DAGs
[2023-12-03 17:40:58,824] {logging_mixin.py:109} INFO - [2023-12-03 17:40:58,824] {dag.py:2937} INFO - Setting next_dagrun for example_branch_labels to 2023-12-02 00:00:00+00:00
[2023-12-03 17:40:58,837] {processor.py:171} INFO - Processing /home/airflow/.local/lib/python3.7/site-packages/airflow/example_dags/example_branch_labels.py took 0.109 seconds
[2023-12-03 17:41:28,901] {processor.py:163} INFO - Started process (PID=157177) to work on /home/airflow/.local/lib/python3.7/site-packages/airflow/example_dags/example_branch_labels.py
[2023-12-03 17:41:28,903] {processor.py:642} INFO - Processing file /home/airflow/.local/lib/python3.7/site-packages/airflow/example_dags/example_branch_labels.py for tasks to queue
[2023-12-03 17:41:28,904] {logging_mixin.py:109} INFO - [2023-12-03 17:41:28,904] {dagbag.py:500} INFO - Filling up the DagBag from /home/airflow/.local/lib/python3.7/site-packages/airflow/example_dags/example_branch_labels.py
[2023-12-03 17:41:28,953] {processor.py:654} INFO - DAG(s) dict_keys(['example_branch_labels']) retrieved from /home/airflow/.local/lib/python3.7/site-packages/airflow/example_dags/example_branch_labels.py
[2023-12-03 17:41:28,980] {logging_mixin.py:109} INFO - [2023-12-03 17:41:28,980] {dag.py:2398} INFO - Sync 1 DAGs
[2023-12-03 17:41:29,025] {logging_mixin.py:109} INFO - [2023-12-03 17:41:29,024] {dag.py:2937} INFO - Setting next_dagrun for example_branch_labels to 2023-12-02 00:00:00+00:00
[2023-12-03 17:41:29,043] {processor.py:171} INFO - Processing /home/airflow/.local/lib/python3.7/site-packages/airflow/example_dags/example_branch_labels.py took 0.149 seconds
[2023-12-03 17:41:59,188] {processor.py:163} INFO - Started process (PID=157365) to work on /home/airflow/.local/lib/python3.7/site-packages/airflow/example_dags/example_branch_labels.py
[2023-12-03 17:41:59,191] {processor.py:642} INFO - Processing file /home/airflow/.local/lib/python3.7/site-packages/airflow/example_dags/example_branch_labels.py for tasks to queue
[2023-12-03 17:41:59,192] {logging_mixin.py:109} INFO - [2023-12-03 17:41:59,192] {dagbag.py:500} INFO - Filling up the DagBag from /home/airflow/.local/lib/python3.7/site-packages/airflow/example_dags/example_branch_labels.py
[2023-12-03 17:41:59,224] {processor.py:654} INFO - DAG(s) dict_keys(['example_branch_labels']) retrieved from /home/airflow/.local/lib/python3.7/site-packages/airflow/example_dags/example_branch_labels.py
[2023-12-03 17:41:59,239] {logging_mixin.py:109} INFO - [2023-12-03 17:41:59,239] {dag.py:2398} INFO - Sync 1 DAGs
[2023-12-03 17:41:59,269] {logging_mixin.py:109} INFO - [2023-12-03 17:41:59,268] {dag.py:2937} INFO - Setting next_dagrun for example_branch_labels to 2023-12-02 00:00:00+00:00
[2023-12-03 17:41:59,286] {processor.py:171} INFO - Processing /home/airflow/.local/lib/python3.7/site-packages/airflow/example_dags/example_branch_labels.py took 0.101 seconds
[2023-12-03 17:42:29,985] {processor.py:163} INFO - Started process (PID=157553) to work on /home/airflow/.local/lib/python3.7/site-packages/airflow/example_dags/example_branch_labels.py
[2023-12-03 17:42:29,988] {processor.py:642} INFO - Processing file /home/airflow/.local/lib/python3.7/site-packages/airflow/example_dags/example_branch_labels.py for tasks to queue
[2023-12-03 17:42:29,989] {logging_mixin.py:109} INFO - [2023-12-03 17:42:29,989] {dagbag.py:500} INFO - Filling up the DagBag from /home/airflow/.local/lib/python3.7/site-packages/airflow/example_dags/example_branch_labels.py
[2023-12-03 17:42:30,026] {processor.py:654} INFO - DAG(s) dict_keys(['example_branch_labels']) retrieved from /home/airflow/.local/lib/python3.7/site-packages/airflow/example_dags/example_branch_labels.py
[2023-12-03 17:42:30,046] {logging_mixin.py:109} INFO - [2023-12-03 17:42:30,046] {dag.py:2398} INFO - Sync 1 DAGs
[2023-12-03 17:42:30,077] {logging_mixin.py:109} INFO - [2023-12-03 17:42:30,077] {dag.py:2937} INFO - Setting next_dagrun for example_branch_labels to 2023-12-02 00:00:00+00:00
[2023-12-03 17:42:30,094] {processor.py:171} INFO - Processing /home/airflow/.local/lib/python3.7/site-packages/airflow/example_dags/example_branch_labels.py took 0.114 seconds
[2023-12-03 17:43:00,546] {processor.py:163} INFO - Started process (PID=157741) to work on /home/airflow/.local/lib/python3.7/site-packages/airflow/example_dags/example_branch_labels.py
[2023-12-03 17:43:00,548] {processor.py:642} INFO - Processing file /home/airflow/.local/lib/python3.7/site-packages/airflow/example_dags/example_branch_labels.py for tasks to queue
[2023-12-03 17:43:00,549] {logging_mixin.py:109} INFO - [2023-12-03 17:43:00,549] {dagbag.py:500} INFO - Filling up the DagBag from /home/airflow/.local/lib/python3.7/site-packages/airflow/example_dags/example_branch_labels.py
[2023-12-03 17:43:00,586] {processor.py:654} INFO - DAG(s) dict_keys(['example_branch_labels']) retrieved from /home/airflow/.local/lib/python3.7/site-packages/airflow/example_dags/example_branch_labels.py
[2023-12-03 17:43:00,606] {logging_mixin.py:109} INFO - [2023-12-03 17:43:00,606] {dag.py:2398} INFO - Sync 1 DAGs
[2023-12-03 17:43:00,633] {logging_mixin.py:109} INFO - [2023-12-03 17:43:00,632] {dag.py:2937} INFO - Setting next_dagrun for example_branch_labels to 2023-12-02 00:00:00+00:00
[2023-12-03 17:43:00,645] {processor.py:171} INFO - Processing /home/airflow/.local/lib/python3.7/site-packages/airflow/example_dags/example_branch_labels.py took 0.105 seconds
[2023-12-03 17:43:31,711] {processor.py:163} INFO - Started process (PID=157938) to work on /home/airflow/.local/lib/python3.7/site-packages/airflow/example_dags/example_branch_labels.py
[2023-12-03 17:43:31,714] {processor.py:642} INFO - Processing file /home/airflow/.local/lib/python3.7/site-packages/airflow/example_dags/example_branch_labels.py for tasks to queue
[2023-12-03 17:43:31,715] {logging_mixin.py:109} INFO - [2023-12-03 17:43:31,715] {dagbag.py:500} INFO - Filling up the DagBag from /home/airflow/.local/lib/python3.7/site-packages/airflow/example_dags/example_branch_labels.py
[2023-12-03 17:43:31,751] {processor.py:654} INFO - DAG(s) dict_keys(['example_branch_labels']) retrieved from /home/airflow/.local/lib/python3.7/site-packages/airflow/example_dags/example_branch_labels.py
[2023-12-03 17:43:31,768] {logging_mixin.py:109} INFO - [2023-12-03 17:43:31,768] {dag.py:2398} INFO - Sync 1 DAGs
[2023-12-03 17:43:31,791] {logging_mixin.py:109} INFO - [2023-12-03 17:43:31,790] {dag.py:2937} INFO - Setting next_dagrun for example_branch_labels to 2023-12-02 00:00:00+00:00
[2023-12-03 17:43:31,803] {processor.py:171} INFO - Processing /home/airflow/.local/lib/python3.7/site-packages/airflow/example_dags/example_branch_labels.py took 0.097 seconds
[2023-12-03 17:46:47,238] {processor.py:163} INFO - Started process (PID=158044) to work on /home/airflow/.local/lib/python3.7/site-packages/airflow/example_dags/example_branch_labels.py
[2023-12-03 17:46:47,266] {processor.py:642} INFO - Processing file /home/airflow/.local/lib/python3.7/site-packages/airflow/example_dags/example_branch_labels.py for tasks to queue
[2023-12-03 17:46:47,268] {logging_mixin.py:109} INFO - [2023-12-03 17:46:47,267] {dagbag.py:500} INFO - Filling up the DagBag from /home/airflow/.local/lib/python3.7/site-packages/airflow/example_dags/example_branch_labels.py
[2023-12-03 17:46:47,410] {processor.py:654} INFO - DAG(s) dict_keys(['example_branch_labels']) retrieved from /home/airflow/.local/lib/python3.7/site-packages/airflow/example_dags/example_branch_labels.py
[2023-12-03 17:46:47,490] {logging_mixin.py:109} INFO - [2023-12-03 17:46:47,490] {dag.py:2398} INFO - Sync 1 DAGs
[2023-12-03 17:46:47,654] {logging_mixin.py:109} INFO - [2023-12-03 17:46:47,654] {dag.py:2937} INFO - Setting next_dagrun for example_branch_labels to 2023-12-02 00:00:00+00:00
[2023-12-03 17:46:47,718] {processor.py:171} INFO - Processing /home/airflow/.local/lib/python3.7/site-packages/airflow/example_dags/example_branch_labels.py took 0.511 seconds
[2023-12-03 17:47:17,851] {processor.py:163} INFO - Started process (PID=158225) to work on /home/airflow/.local/lib/python3.7/site-packages/airflow/example_dags/example_branch_labels.py
[2023-12-03 17:47:17,861] {processor.py:642} INFO - Processing file /home/airflow/.local/lib/python3.7/site-packages/airflow/example_dags/example_branch_labels.py for tasks to queue
[2023-12-03 17:47:17,862] {logging_mixin.py:109} INFO - [2023-12-03 17:47:17,862] {dagbag.py:500} INFO - Filling up the DagBag from /home/airflow/.local/lib/python3.7/site-packages/airflow/example_dags/example_branch_labels.py
[2023-12-03 17:47:17,932] {processor.py:654} INFO - DAG(s) dict_keys(['example_branch_labels']) retrieved from /home/airflow/.local/lib/python3.7/site-packages/airflow/example_dags/example_branch_labels.py
[2023-12-03 17:47:17,970] {logging_mixin.py:109} INFO - [2023-12-03 17:47:17,970] {dag.py:2398} INFO - Sync 1 DAGs
[2023-12-03 17:47:18,029] {logging_mixin.py:109} INFO - [2023-12-03 17:47:18,028] {dag.py:2937} INFO - Setting next_dagrun for example_branch_labels to 2023-12-02 00:00:00+00:00
[2023-12-03 17:47:18,068] {processor.py:171} INFO - Processing /home/airflow/.local/lib/python3.7/site-packages/airflow/example_dags/example_branch_labels.py took 0.229 seconds
[2023-12-03 17:47:49,196] {processor.py:163} INFO - Started process (PID=158411) to work on /home/airflow/.local/lib/python3.7/site-packages/airflow/example_dags/example_branch_labels.py
[2023-12-03 17:47:49,204] {processor.py:642} INFO - Processing file /home/airflow/.local/lib/python3.7/site-packages/airflow/example_dags/example_branch_labels.py for tasks to queue
[2023-12-03 17:47:49,206] {logging_mixin.py:109} INFO - [2023-12-03 17:47:49,205] {dagbag.py:500} INFO - Filling up the DagBag from /home/airflow/.local/lib/python3.7/site-packages/airflow/example_dags/example_branch_labels.py
[2023-12-03 17:47:49,291] {processor.py:654} INFO - DAG(s) dict_keys(['example_branch_labels']) retrieved from /home/airflow/.local/lib/python3.7/site-packages/airflow/example_dags/example_branch_labels.py
[2023-12-03 17:47:49,333] {logging_mixin.py:109} INFO - [2023-12-03 17:47:49,333] {dag.py:2398} INFO - Sync 1 DAGs
[2023-12-03 17:47:49,403] {logging_mixin.py:109} INFO - [2023-12-03 17:47:49,403] {dag.py:2937} INFO - Setting next_dagrun for example_branch_labels to 2023-12-02 00:00:00+00:00
[2023-12-03 17:47:49,456] {processor.py:171} INFO - Processing /home/airflow/.local/lib/python3.7/site-packages/airflow/example_dags/example_branch_labels.py took 0.274 seconds
[2023-12-03 17:48:19,843] {processor.py:163} INFO - Started process (PID=158594) to work on /home/airflow/.local/lib/python3.7/site-packages/airflow/example_dags/example_branch_labels.py
[2023-12-03 17:48:19,846] {processor.py:642} INFO - Processing file /home/airflow/.local/lib/python3.7/site-packages/airflow/example_dags/example_branch_labels.py for tasks to queue
[2023-12-03 17:48:19,847] {logging_mixin.py:109} INFO - [2023-12-03 17:48:19,847] {dagbag.py:500} INFO - Filling up the DagBag from /home/airflow/.local/lib/python3.7/site-packages/airflow/example_dags/example_branch_labels.py
[2023-12-03 17:48:19,917] {processor.py:654} INFO - DAG(s) dict_keys(['example_branch_labels']) retrieved from /home/airflow/.local/lib/python3.7/site-packages/airflow/example_dags/example_branch_labels.py
[2023-12-03 17:48:19,940] {logging_mixin.py:109} INFO - [2023-12-03 17:48:19,939] {dag.py:2398} INFO - Sync 1 DAGs
[2023-12-03 17:48:19,980] {logging_mixin.py:109} INFO - [2023-12-03 17:48:19,980] {dag.py:2937} INFO - Setting next_dagrun for example_branch_labels to 2023-12-02 00:00:00+00:00
[2023-12-03 17:48:20,002] {processor.py:171} INFO - Processing /home/airflow/.local/lib/python3.7/site-packages/airflow/example_dags/example_branch_labels.py took 0.169 seconds
[2023-12-03 17:48:50,553] {processor.py:163} INFO - Started process (PID=158791) to work on /home/airflow/.local/lib/python3.7/site-packages/airflow/example_dags/example_branch_labels.py
[2023-12-03 17:48:50,560] {processor.py:642} INFO - Processing file /home/airflow/.local/lib/python3.7/site-packages/airflow/example_dags/example_branch_labels.py for tasks to queue
[2023-12-03 17:48:50,563] {logging_mixin.py:109} INFO - [2023-12-03 17:48:50,563] {dagbag.py:500} INFO - Filling up the DagBag from /home/airflow/.local/lib/python3.7/site-packages/airflow/example_dags/example_branch_labels.py
[2023-12-03 17:48:50,608] {processor.py:654} INFO - DAG(s) dict_keys(['example_branch_labels']) retrieved from /home/airflow/.local/lib/python3.7/site-packages/airflow/example_dags/example_branch_labels.py
[2023-12-03 17:48:50,630] {logging_mixin.py:109} INFO - [2023-12-03 17:48:50,630] {dag.py:2398} INFO - Sync 1 DAGs
[2023-12-03 17:48:50,662] {logging_mixin.py:109} INFO - [2023-12-03 17:48:50,662] {dag.py:2937} INFO - Setting next_dagrun for example_branch_labels to 2023-12-02 00:00:00+00:00
[2023-12-03 17:48:50,677] {processor.py:171} INFO - Processing /home/airflow/.local/lib/python3.7/site-packages/airflow/example_dags/example_branch_labels.py took 0.140 seconds
[2023-12-03 17:49:20,775] {processor.py:163} INFO - Started process (PID=158981) to work on /home/airflow/.local/lib/python3.7/site-packages/airflow/example_dags/example_branch_labels.py
[2023-12-03 17:49:20,779] {processor.py:642} INFO - Processing file /home/airflow/.local/lib/python3.7/site-packages/airflow/example_dags/example_branch_labels.py for tasks to queue
[2023-12-03 17:49:20,780] {logging_mixin.py:109} INFO - [2023-12-03 17:49:20,780] {dagbag.py:500} INFO - Filling up the DagBag from /home/airflow/.local/lib/python3.7/site-packages/airflow/example_dags/example_branch_labels.py
[2023-12-03 17:49:20,813] {processor.py:654} INFO - DAG(s) dict_keys(['example_branch_labels']) retrieved from /home/airflow/.local/lib/python3.7/site-packages/airflow/example_dags/example_branch_labels.py
[2023-12-03 17:49:20,829] {logging_mixin.py:109} INFO - [2023-12-03 17:49:20,828] {dag.py:2398} INFO - Sync 1 DAGs
[2023-12-03 17:49:20,855] {logging_mixin.py:109} INFO - [2023-12-03 17:49:20,855] {dag.py:2937} INFO - Setting next_dagrun for example_branch_labels to 2023-12-02 00:00:00+00:00
[2023-12-03 17:49:20,865] {processor.py:171} INFO - Processing /home/airflow/.local/lib/python3.7/site-packages/airflow/example_dags/example_branch_labels.py took 0.095 seconds
[2023-12-03 17:49:51,003] {processor.py:163} INFO - Started process (PID=159169) to work on /home/airflow/.local/lib/python3.7/site-packages/airflow/example_dags/example_branch_labels.py
[2023-12-03 17:49:51,004] {processor.py:642} INFO - Processing file /home/airflow/.local/lib/python3.7/site-packages/airflow/example_dags/example_branch_labels.py for tasks to queue
[2023-12-03 17:49:51,005] {logging_mixin.py:109} INFO - [2023-12-03 17:49:51,005] {dagbag.py:500} INFO - Filling up the DagBag from /home/airflow/.local/lib/python3.7/site-packages/airflow/example_dags/example_branch_labels.py
[2023-12-03 17:49:51,032] {processor.py:654} INFO - DAG(s) dict_keys(['example_branch_labels']) retrieved from /home/airflow/.local/lib/python3.7/site-packages/airflow/example_dags/example_branch_labels.py
[2023-12-03 17:49:51,049] {logging_mixin.py:109} INFO - [2023-12-03 17:49:51,049] {dag.py:2398} INFO - Sync 1 DAGs
[2023-12-03 17:49:51,077] {logging_mixin.py:109} INFO - [2023-12-03 17:49:51,077] {dag.py:2937} INFO - Setting next_dagrun for example_branch_labels to 2023-12-02 00:00:00+00:00
[2023-12-03 17:49:51,092] {processor.py:171} INFO - Processing /home/airflow/.local/lib/python3.7/site-packages/airflow/example_dags/example_branch_labels.py took 0.093 seconds
[2023-12-03 17:50:21,548] {processor.py:163} INFO - Started process (PID=159356) to work on /home/airflow/.local/lib/python3.7/site-packages/airflow/example_dags/example_branch_labels.py
[2023-12-03 17:50:21,550] {processor.py:642} INFO - Processing file /home/airflow/.local/lib/python3.7/site-packages/airflow/example_dags/example_branch_labels.py for tasks to queue
[2023-12-03 17:50:21,551] {logging_mixin.py:109} INFO - [2023-12-03 17:50:21,551] {dagbag.py:500} INFO - Filling up the DagBag from /home/airflow/.local/lib/python3.7/site-packages/airflow/example_dags/example_branch_labels.py
[2023-12-03 17:50:21,586] {processor.py:654} INFO - DAG(s) dict_keys(['example_branch_labels']) retrieved from /home/airflow/.local/lib/python3.7/site-packages/airflow/example_dags/example_branch_labels.py
[2023-12-03 17:50:21,606] {logging_mixin.py:109} INFO - [2023-12-03 17:50:21,606] {dag.py:2398} INFO - Sync 1 DAGs
[2023-12-03 17:50:21,635] {logging_mixin.py:109} INFO - [2023-12-03 17:50:21,635] {dag.py:2937} INFO - Setting next_dagrun for example_branch_labels to 2023-12-02 00:00:00+00:00
[2023-12-03 17:50:21,649] {processor.py:171} INFO - Processing /home/airflow/.local/lib/python3.7/site-packages/airflow/example_dags/example_branch_labels.py took 0.109 seconds
[2023-12-03 17:50:52,205] {processor.py:163} INFO - Started process (PID=159543) to work on /home/airflow/.local/lib/python3.7/site-packages/airflow/example_dags/example_branch_labels.py
[2023-12-03 17:50:52,207] {processor.py:642} INFO - Processing file /home/airflow/.local/lib/python3.7/site-packages/airflow/example_dags/example_branch_labels.py for tasks to queue
[2023-12-03 17:50:52,207] {logging_mixin.py:109} INFO - [2023-12-03 17:50:52,207] {dagbag.py:500} INFO - Filling up the DagBag from /home/airflow/.local/lib/python3.7/site-packages/airflow/example_dags/example_branch_labels.py
[2023-12-03 17:50:52,245] {processor.py:654} INFO - DAG(s) dict_keys(['example_branch_labels']) retrieved from /home/airflow/.local/lib/python3.7/site-packages/airflow/example_dags/example_branch_labels.py
[2023-12-03 17:50:52,263] {logging_mixin.py:109} INFO - [2023-12-03 17:50:52,263] {dag.py:2398} INFO - Sync 1 DAGs
[2023-12-03 17:50:52,290] {logging_mixin.py:109} INFO - [2023-12-03 17:50:52,290] {dag.py:2937} INFO - Setting next_dagrun for example_branch_labels to 2023-12-02 00:00:00+00:00
[2023-12-03 17:50:52,308] {processor.py:171} INFO - Processing /home/airflow/.local/lib/python3.7/site-packages/airflow/example_dags/example_branch_labels.py took 0.108 seconds
[2023-12-03 22:16:52,765] {processor.py:163} INFO - Started process (PID=159789) to work on /home/airflow/.local/lib/python3.7/site-packages/airflow/example_dags/example_branch_labels.py
[2023-12-03 22:16:52,800] {processor.py:642} INFO - Processing file /home/airflow/.local/lib/python3.7/site-packages/airflow/example_dags/example_branch_labels.py for tasks to queue
[2023-12-03 22:16:52,802] {logging_mixin.py:109} INFO - [2023-12-03 22:16:52,802] {dagbag.py:500} INFO - Filling up the DagBag from /home/airflow/.local/lib/python3.7/site-packages/airflow/example_dags/example_branch_labels.py
[2023-12-03 22:16:52,907] {processor.py:654} INFO - DAG(s) dict_keys(['example_branch_labels']) retrieved from /home/airflow/.local/lib/python3.7/site-packages/airflow/example_dags/example_branch_labels.py
[2023-12-03 22:16:53,007] {logging_mixin.py:109} INFO - [2023-12-03 22:16:53,006] {dag.py:2398} INFO - Sync 1 DAGs
[2023-12-03 22:16:53,107] {logging_mixin.py:109} INFO - [2023-12-03 22:16:53,106] {dag.py:2937} INFO - Setting next_dagrun for example_branch_labels to 2023-12-02 00:00:00+00:00
[2023-12-03 22:16:53,182] {processor.py:171} INFO - Processing /home/airflow/.local/lib/python3.7/site-packages/airflow/example_dags/example_branch_labels.py took 0.445 seconds
