[2023-12-03 17:32:39,103] {processor.py:163} INFO - Started process (PID=153952) to work on /home/airflow/.local/lib/python3.7/site-packages/airflow/example_dags/tutorial.py
[2023-12-03 17:32:39,167] {processor.py:642} INFO - Processing file /home/airflow/.local/lib/python3.7/site-packages/airflow/example_dags/tutorial.py for tasks to queue
[2023-12-03 17:32:39,185] {logging_mixin.py:109} INFO - [2023-12-03 17:32:39,184] {dagbag.py:500} INFO - Filling up the DagBag from /home/airflow/.local/lib/python3.7/site-packages/airflow/example_dags/tutorial.py
[2023-12-03 17:32:39,349] {processor.py:654} INFO - DAG(s) dict_keys(['tutorial']) retrieved from /home/airflow/.local/lib/python3.7/site-packages/airflow/example_dags/tutorial.py
[2023-12-03 17:32:39,553] {logging_mixin.py:109} INFO - [2023-12-03 17:32:39,553] {dag.py:2398} INFO - Sync 1 DAGs
[2023-12-03 17:32:39,770] {logging_mixin.py:109} INFO - [2023-12-03 17:32:39,769] {dag.py:2937} INFO - Setting next_dagrun for tutorial to 2023-12-02T17:32:39.768810+00:00
[2023-12-03 17:32:39,912] {processor.py:171} INFO - Processing /home/airflow/.local/lib/python3.7/site-packages/airflow/example_dags/tutorial.py took 0.895 seconds
[2023-12-03 17:33:10,623] {processor.py:163} INFO - Started process (PID=154140) to work on /home/airflow/.local/lib/python3.7/site-packages/airflow/example_dags/tutorial.py
[2023-12-03 17:33:10,626] {processor.py:642} INFO - Processing file /home/airflow/.local/lib/python3.7/site-packages/airflow/example_dags/tutorial.py for tasks to queue
[2023-12-03 17:33:10,627] {logging_mixin.py:109} INFO - [2023-12-03 17:33:10,627] {dagbag.py:500} INFO - Filling up the DagBag from /home/airflow/.local/lib/python3.7/site-packages/airflow/example_dags/tutorial.py
[2023-12-03 17:33:11,000] {processor.py:654} INFO - DAG(s) dict_keys(['tutorial']) retrieved from /home/airflow/.local/lib/python3.7/site-packages/airflow/example_dags/tutorial.py
[2023-12-03 17:33:11,113] {logging_mixin.py:109} INFO - [2023-12-03 17:33:11,113] {dag.py:2398} INFO - Sync 1 DAGs
[2023-12-03 17:33:11,258] {logging_mixin.py:109} INFO - [2023-12-03 17:33:11,258] {dag.py:2937} INFO - Setting next_dagrun for tutorial to 2023-12-02T17:33:11.257430+00:00
[2023-12-03 17:33:11,415] {processor.py:171} INFO - Processing /home/airflow/.local/lib/python3.7/site-packages/airflow/example_dags/tutorial.py took 0.810 seconds
[2023-12-03 17:33:41,726] {processor.py:163} INFO - Started process (PID=154319) to work on /home/airflow/.local/lib/python3.7/site-packages/airflow/example_dags/tutorial.py
[2023-12-03 17:33:41,738] {processor.py:642} INFO - Processing file /home/airflow/.local/lib/python3.7/site-packages/airflow/example_dags/tutorial.py for tasks to queue
[2023-12-03 17:33:41,739] {logging_mixin.py:109} INFO - [2023-12-03 17:33:41,739] {dagbag.py:500} INFO - Filling up the DagBag from /home/airflow/.local/lib/python3.7/site-packages/airflow/example_dags/tutorial.py
[2023-12-03 17:33:41,839] {processor.py:654} INFO - DAG(s) dict_keys(['tutorial']) retrieved from /home/airflow/.local/lib/python3.7/site-packages/airflow/example_dags/tutorial.py
[2023-12-03 17:33:41,886] {logging_mixin.py:109} INFO - [2023-12-03 17:33:41,877] {dag.py:2398} INFO - Sync 1 DAGs
[2023-12-03 17:33:41,935] {logging_mixin.py:109} INFO - [2023-12-03 17:33:41,935] {dag.py:2937} INFO - Setting next_dagrun for tutorial to 2023-12-02T17:33:41.934943+00:00
[2023-12-03 17:33:42,015] {processor.py:171} INFO - Processing /home/airflow/.local/lib/python3.7/site-packages/airflow/example_dags/tutorial.py took 0.303 seconds
[2023-12-03 17:34:12,890] {processor.py:163} INFO - Started process (PID=154507) to work on /home/airflow/.local/lib/python3.7/site-packages/airflow/example_dags/tutorial.py
[2023-12-03 17:34:12,892] {processor.py:642} INFO - Processing file /home/airflow/.local/lib/python3.7/site-packages/airflow/example_dags/tutorial.py for tasks to queue
[2023-12-03 17:34:12,904] {logging_mixin.py:109} INFO - [2023-12-03 17:34:12,904] {dagbag.py:500} INFO - Filling up the DagBag from /home/airflow/.local/lib/python3.7/site-packages/airflow/example_dags/tutorial.py
[2023-12-03 17:34:13,030] {processor.py:654} INFO - DAG(s) dict_keys(['tutorial']) retrieved from /home/airflow/.local/lib/python3.7/site-packages/airflow/example_dags/tutorial.py
[2023-12-03 17:34:13,095] {logging_mixin.py:109} INFO - [2023-12-03 17:34:13,094] {dag.py:2398} INFO - Sync 1 DAGs
[2023-12-03 17:34:13,171] {logging_mixin.py:109} INFO - [2023-12-03 17:34:13,170] {dag.py:2937} INFO - Setting next_dagrun for tutorial to 2023-12-02T17:34:13.170204+00:00
[2023-12-03 17:34:13,236] {processor.py:171} INFO - Processing /home/airflow/.local/lib/python3.7/site-packages/airflow/example_dags/tutorial.py took 0.394 seconds
[2023-12-03 17:34:43,774] {processor.py:163} INFO - Started process (PID=154686) to work on /home/airflow/.local/lib/python3.7/site-packages/airflow/example_dags/tutorial.py
[2023-12-03 17:34:43,778] {processor.py:642} INFO - Processing file /home/airflow/.local/lib/python3.7/site-packages/airflow/example_dags/tutorial.py for tasks to queue
[2023-12-03 17:34:43,779] {logging_mixin.py:109} INFO - [2023-12-03 17:34:43,779] {dagbag.py:500} INFO - Filling up the DagBag from /home/airflow/.local/lib/python3.7/site-packages/airflow/example_dags/tutorial.py
[2023-12-03 17:34:43,906] {processor.py:654} INFO - DAG(s) dict_keys(['tutorial']) retrieved from /home/airflow/.local/lib/python3.7/site-packages/airflow/example_dags/tutorial.py
[2023-12-03 17:34:43,981] {logging_mixin.py:109} INFO - [2023-12-03 17:34:43,981] {dag.py:2398} INFO - Sync 1 DAGs
[2023-12-03 17:34:44,091] {logging_mixin.py:109} INFO - [2023-12-03 17:34:44,091] {dag.py:2937} INFO - Setting next_dagrun for tutorial to 2023-12-02T17:34:44.090356+00:00
[2023-12-03 17:34:44,158] {processor.py:171} INFO - Processing /home/airflow/.local/lib/python3.7/site-packages/airflow/example_dags/tutorial.py took 0.413 seconds
[2023-12-03 17:35:14,546] {processor.py:163} INFO - Started process (PID=154874) to work on /home/airflow/.local/lib/python3.7/site-packages/airflow/example_dags/tutorial.py
[2023-12-03 17:35:14,552] {processor.py:642} INFO - Processing file /home/airflow/.local/lib/python3.7/site-packages/airflow/example_dags/tutorial.py for tasks to queue
[2023-12-03 17:35:14,562] {logging_mixin.py:109} INFO - [2023-12-03 17:35:14,561] {dagbag.py:500} INFO - Filling up the DagBag from /home/airflow/.local/lib/python3.7/site-packages/airflow/example_dags/tutorial.py
[2023-12-03 17:35:14,687] {processor.py:654} INFO - DAG(s) dict_keys(['tutorial']) retrieved from /home/airflow/.local/lib/python3.7/site-packages/airflow/example_dags/tutorial.py
[2023-12-03 17:35:14,750] {logging_mixin.py:109} INFO - [2023-12-03 17:35:14,750] {dag.py:2398} INFO - Sync 1 DAGs
[2023-12-03 17:35:14,835] {logging_mixin.py:109} INFO - [2023-12-03 17:35:14,835] {dag.py:2937} INFO - Setting next_dagrun for tutorial to 2023-12-02T17:35:14.834375+00:00
[2023-12-03 17:35:14,892] {processor.py:171} INFO - Processing /home/airflow/.local/lib/python3.7/site-packages/airflow/example_dags/tutorial.py took 0.371 seconds
[2023-12-03 17:35:45,732] {processor.py:163} INFO - Started process (PID=155053) to work on /home/airflow/.local/lib/python3.7/site-packages/airflow/example_dags/tutorial.py
[2023-12-03 17:35:45,748] {processor.py:642} INFO - Processing file /home/airflow/.local/lib/python3.7/site-packages/airflow/example_dags/tutorial.py for tasks to queue
[2023-12-03 17:35:45,750] {logging_mixin.py:109} INFO - [2023-12-03 17:35:45,750] {dagbag.py:500} INFO - Filling up the DagBag from /home/airflow/.local/lib/python3.7/site-packages/airflow/example_dags/tutorial.py
[2023-12-03 17:35:45,891] {processor.py:654} INFO - DAG(s) dict_keys(['tutorial']) retrieved from /home/airflow/.local/lib/python3.7/site-packages/airflow/example_dags/tutorial.py
[2023-12-03 17:35:45,945] {logging_mixin.py:109} INFO - [2023-12-03 17:35:45,945] {dag.py:2398} INFO - Sync 1 DAGs
[2023-12-03 17:35:46,059] {logging_mixin.py:109} INFO - [2023-12-03 17:35:46,059] {dag.py:2937} INFO - Setting next_dagrun for tutorial to 2023-12-02T17:35:46.058607+00:00
[2023-12-03 17:35:46,133] {processor.py:171} INFO - Processing /home/airflow/.local/lib/python3.7/site-packages/airflow/example_dags/tutorial.py took 0.411 seconds
[2023-12-03 17:36:17,121] {processor.py:163} INFO - Started process (PID=155238) to work on /home/airflow/.local/lib/python3.7/site-packages/airflow/example_dags/tutorial.py
[2023-12-03 17:36:17,138] {processor.py:642} INFO - Processing file /home/airflow/.local/lib/python3.7/site-packages/airflow/example_dags/tutorial.py for tasks to queue
[2023-12-03 17:36:17,140] {logging_mixin.py:109} INFO - [2023-12-03 17:36:17,139] {dagbag.py:500} INFO - Filling up the DagBag from /home/airflow/.local/lib/python3.7/site-packages/airflow/example_dags/tutorial.py
[2023-12-03 17:36:17,249] {processor.py:654} INFO - DAG(s) dict_keys(['tutorial']) retrieved from /home/airflow/.local/lib/python3.7/site-packages/airflow/example_dags/tutorial.py
[2023-12-03 17:36:17,292] {logging_mixin.py:109} INFO - [2023-12-03 17:36:17,292] {dag.py:2398} INFO - Sync 1 DAGs
[2023-12-03 17:36:17,376] {logging_mixin.py:109} INFO - [2023-12-03 17:36:17,376] {dag.py:2937} INFO - Setting next_dagrun for tutorial to 2023-12-02T17:36:17.375450+00:00
[2023-12-03 17:36:17,410] {processor.py:171} INFO - Processing /home/airflow/.local/lib/python3.7/site-packages/airflow/example_dags/tutorial.py took 0.305 seconds
[2023-12-03 17:36:48,102] {processor.py:163} INFO - Started process (PID=155417) to work on /home/airflow/.local/lib/python3.7/site-packages/airflow/example_dags/tutorial.py
[2023-12-03 17:36:48,106] {processor.py:642} INFO - Processing file /home/airflow/.local/lib/python3.7/site-packages/airflow/example_dags/tutorial.py for tasks to queue
[2023-12-03 17:36:48,107] {logging_mixin.py:109} INFO - [2023-12-03 17:36:48,107] {dagbag.py:500} INFO - Filling up the DagBag from /home/airflow/.local/lib/python3.7/site-packages/airflow/example_dags/tutorial.py
[2023-12-03 17:36:48,147] {processor.py:654} INFO - DAG(s) dict_keys(['tutorial']) retrieved from /home/airflow/.local/lib/python3.7/site-packages/airflow/example_dags/tutorial.py
[2023-12-03 17:36:48,168] {logging_mixin.py:109} INFO - [2023-12-03 17:36:48,168] {dag.py:2398} INFO - Sync 1 DAGs
[2023-12-03 17:36:48,200] {logging_mixin.py:109} INFO - [2023-12-03 17:36:48,199] {dag.py:2937} INFO - Setting next_dagrun for tutorial to 2023-12-02T17:36:48.199400+00:00
[2023-12-03 17:36:48,222] {processor.py:171} INFO - Processing /home/airflow/.local/lib/python3.7/site-packages/airflow/example_dags/tutorial.py took 0.127 seconds
[2023-12-03 17:37:18,814] {processor.py:163} INFO - Started process (PID=155613) to work on /home/airflow/.local/lib/python3.7/site-packages/airflow/example_dags/tutorial.py
[2023-12-03 17:37:18,817] {processor.py:642} INFO - Processing file /home/airflow/.local/lib/python3.7/site-packages/airflow/example_dags/tutorial.py for tasks to queue
[2023-12-03 17:37:18,818] {logging_mixin.py:109} INFO - [2023-12-03 17:37:18,817] {dagbag.py:500} INFO - Filling up the DagBag from /home/airflow/.local/lib/python3.7/site-packages/airflow/example_dags/tutorial.py
[2023-12-03 17:37:18,859] {processor.py:654} INFO - DAG(s) dict_keys(['tutorial']) retrieved from /home/airflow/.local/lib/python3.7/site-packages/airflow/example_dags/tutorial.py
[2023-12-03 17:37:18,879] {logging_mixin.py:109} INFO - [2023-12-03 17:37:18,878] {dag.py:2398} INFO - Sync 1 DAGs
[2023-12-03 17:37:18,908] {logging_mixin.py:109} INFO - [2023-12-03 17:37:18,907] {dag.py:2937} INFO - Setting next_dagrun for tutorial to 2023-12-02T17:37:18.907195+00:00
[2023-12-03 17:37:18,929] {processor.py:171} INFO - Processing /home/airflow/.local/lib/python3.7/site-packages/airflow/example_dags/tutorial.py took 0.121 seconds
[2023-12-03 17:37:49,137] {processor.py:163} INFO - Started process (PID=155799) to work on /home/airflow/.local/lib/python3.7/site-packages/airflow/example_dags/tutorial.py
[2023-12-03 17:37:49,143] {processor.py:642} INFO - Processing file /home/airflow/.local/lib/python3.7/site-packages/airflow/example_dags/tutorial.py for tasks to queue
[2023-12-03 17:37:49,145] {logging_mixin.py:109} INFO - [2023-12-03 17:37:49,144] {dagbag.py:500} INFO - Filling up the DagBag from /home/airflow/.local/lib/python3.7/site-packages/airflow/example_dags/tutorial.py
[2023-12-03 17:37:49,209] {processor.py:654} INFO - DAG(s) dict_keys(['tutorial']) retrieved from /home/airflow/.local/lib/python3.7/site-packages/airflow/example_dags/tutorial.py
[2023-12-03 17:37:49,238] {logging_mixin.py:109} INFO - [2023-12-03 17:37:49,238] {dag.py:2398} INFO - Sync 1 DAGs
[2023-12-03 17:37:49,277] {logging_mixin.py:109} INFO - [2023-12-03 17:37:49,276] {dag.py:2937} INFO - Setting next_dagrun for tutorial to 2023-12-02T17:37:49.276006+00:00
[2023-12-03 17:37:49,316] {processor.py:171} INFO - Processing /home/airflow/.local/lib/python3.7/site-packages/airflow/example_dags/tutorial.py took 0.185 seconds
[2023-12-03 17:38:19,677] {processor.py:163} INFO - Started process (PID=155984) to work on /home/airflow/.local/lib/python3.7/site-packages/airflow/example_dags/tutorial.py
[2023-12-03 17:38:19,679] {processor.py:642} INFO - Processing file /home/airflow/.local/lib/python3.7/site-packages/airflow/example_dags/tutorial.py for tasks to queue
[2023-12-03 17:38:19,680] {logging_mixin.py:109} INFO - [2023-12-03 17:38:19,680] {dagbag.py:500} INFO - Filling up the DagBag from /home/airflow/.local/lib/python3.7/site-packages/airflow/example_dags/tutorial.py
[2023-12-03 17:38:19,713] {processor.py:654} INFO - DAG(s) dict_keys(['tutorial']) retrieved from /home/airflow/.local/lib/python3.7/site-packages/airflow/example_dags/tutorial.py
[2023-12-03 17:38:19,726] {logging_mixin.py:109} INFO - [2023-12-03 17:38:19,725] {dag.py:2398} INFO - Sync 1 DAGs
[2023-12-03 17:38:19,747] {logging_mixin.py:109} INFO - [2023-12-03 17:38:19,747] {dag.py:2937} INFO - Setting next_dagrun for tutorial to 2023-12-02T17:38:19.746497+00:00
[2023-12-03 17:38:19,760] {processor.py:171} INFO - Processing /home/airflow/.local/lib/python3.7/site-packages/airflow/example_dags/tutorial.py took 0.090 seconds
[2023-12-03 17:38:49,823] {processor.py:163} INFO - Started process (PID=156170) to work on /home/airflow/.local/lib/python3.7/site-packages/airflow/example_dags/tutorial.py
[2023-12-03 17:38:49,827] {processor.py:642} INFO - Processing file /home/airflow/.local/lib/python3.7/site-packages/airflow/example_dags/tutorial.py for tasks to queue
[2023-12-03 17:38:49,828] {logging_mixin.py:109} INFO - [2023-12-03 17:38:49,828] {dagbag.py:500} INFO - Filling up the DagBag from /home/airflow/.local/lib/python3.7/site-packages/airflow/example_dags/tutorial.py
[2023-12-03 17:38:49,864] {processor.py:654} INFO - DAG(s) dict_keys(['tutorial']) retrieved from /home/airflow/.local/lib/python3.7/site-packages/airflow/example_dags/tutorial.py
[2023-12-03 17:38:49,882] {logging_mixin.py:109} INFO - [2023-12-03 17:38:49,882] {dag.py:2398} INFO - Sync 1 DAGs
[2023-12-03 17:38:49,907] {logging_mixin.py:109} INFO - [2023-12-03 17:38:49,907] {dag.py:2937} INFO - Setting next_dagrun for tutorial to 2023-12-02T17:38:49.906766+00:00
[2023-12-03 17:38:49,923] {processor.py:171} INFO - Processing /home/airflow/.local/lib/python3.7/site-packages/airflow/example_dags/tutorial.py took 0.107 seconds
[2023-12-03 17:39:20,138] {processor.py:163} INFO - Started process (PID=156355) to work on /home/airflow/.local/lib/python3.7/site-packages/airflow/example_dags/tutorial.py
[2023-12-03 17:39:20,140] {processor.py:642} INFO - Processing file /home/airflow/.local/lib/python3.7/site-packages/airflow/example_dags/tutorial.py for tasks to queue
[2023-12-03 17:39:20,141] {logging_mixin.py:109} INFO - [2023-12-03 17:39:20,141] {dagbag.py:500} INFO - Filling up the DagBag from /home/airflow/.local/lib/python3.7/site-packages/airflow/example_dags/tutorial.py
[2023-12-03 17:39:20,175] {processor.py:654} INFO - DAG(s) dict_keys(['tutorial']) retrieved from /home/airflow/.local/lib/python3.7/site-packages/airflow/example_dags/tutorial.py
[2023-12-03 17:39:20,190] {logging_mixin.py:109} INFO - [2023-12-03 17:39:20,189] {dag.py:2398} INFO - Sync 1 DAGs
[2023-12-03 17:39:20,210] {logging_mixin.py:109} INFO - [2023-12-03 17:39:20,210] {dag.py:2937} INFO - Setting next_dagrun for tutorial to 2023-12-02T17:39:20.210247+00:00
[2023-12-03 17:39:20,255] {processor.py:171} INFO - Processing /home/airflow/.local/lib/python3.7/site-packages/airflow/example_dags/tutorial.py took 0.123 seconds
[2023-12-03 17:39:50,805] {processor.py:163} INFO - Started process (PID=156552) to work on /home/airflow/.local/lib/python3.7/site-packages/airflow/example_dags/tutorial.py
[2023-12-03 17:39:50,819] {processor.py:642} INFO - Processing file /home/airflow/.local/lib/python3.7/site-packages/airflow/example_dags/tutorial.py for tasks to queue
[2023-12-03 17:39:50,820] {logging_mixin.py:109} INFO - [2023-12-03 17:39:50,820] {dagbag.py:500} INFO - Filling up the DagBag from /home/airflow/.local/lib/python3.7/site-packages/airflow/example_dags/tutorial.py
[2023-12-03 17:39:50,858] {processor.py:654} INFO - DAG(s) dict_keys(['tutorial']) retrieved from /home/airflow/.local/lib/python3.7/site-packages/airflow/example_dags/tutorial.py
[2023-12-03 17:39:50,874] {logging_mixin.py:109} INFO - [2023-12-03 17:39:50,874] {dag.py:2398} INFO - Sync 1 DAGs
[2023-12-03 17:39:50,910] {logging_mixin.py:109} INFO - [2023-12-03 17:39:50,909] {dag.py:2937} INFO - Setting next_dagrun for tutorial to 2023-12-02T17:39:50.909350+00:00
[2023-12-03 17:39:50,934] {processor.py:171} INFO - Processing /home/airflow/.local/lib/python3.7/site-packages/airflow/example_dags/tutorial.py took 0.135 seconds
[2023-12-03 17:40:21,225] {processor.py:163} INFO - Started process (PID=156740) to work on /home/airflow/.local/lib/python3.7/site-packages/airflow/example_dags/tutorial.py
[2023-12-03 17:40:21,238] {processor.py:642} INFO - Processing file /home/airflow/.local/lib/python3.7/site-packages/airflow/example_dags/tutorial.py for tasks to queue
[2023-12-03 17:40:21,239] {logging_mixin.py:109} INFO - [2023-12-03 17:40:21,239] {dagbag.py:500} INFO - Filling up the DagBag from /home/airflow/.local/lib/python3.7/site-packages/airflow/example_dags/tutorial.py
[2023-12-03 17:40:21,280] {processor.py:654} INFO - DAG(s) dict_keys(['tutorial']) retrieved from /home/airflow/.local/lib/python3.7/site-packages/airflow/example_dags/tutorial.py
[2023-12-03 17:40:21,295] {logging_mixin.py:109} INFO - [2023-12-03 17:40:21,295] {dag.py:2398} INFO - Sync 1 DAGs
[2023-12-03 17:40:21,323] {logging_mixin.py:109} INFO - [2023-12-03 17:40:21,323] {dag.py:2937} INFO - Setting next_dagrun for tutorial to 2023-12-02T17:40:21.323295+00:00
[2023-12-03 17:40:21,341] {processor.py:171} INFO - Processing /home/airflow/.local/lib/python3.7/site-packages/airflow/example_dags/tutorial.py took 0.121 seconds
[2023-12-03 17:40:51,658] {processor.py:163} INFO - Started process (PID=156928) to work on /home/airflow/.local/lib/python3.7/site-packages/airflow/example_dags/tutorial.py
[2023-12-03 17:40:51,660] {processor.py:642} INFO - Processing file /home/airflow/.local/lib/python3.7/site-packages/airflow/example_dags/tutorial.py for tasks to queue
[2023-12-03 17:40:51,661] {logging_mixin.py:109} INFO - [2023-12-03 17:40:51,661] {dagbag.py:500} INFO - Filling up the DagBag from /home/airflow/.local/lib/python3.7/site-packages/airflow/example_dags/tutorial.py
[2023-12-03 17:40:51,700] {processor.py:654} INFO - DAG(s) dict_keys(['tutorial']) retrieved from /home/airflow/.local/lib/python3.7/site-packages/airflow/example_dags/tutorial.py
[2023-12-03 17:40:51,717] {logging_mixin.py:109} INFO - [2023-12-03 17:40:51,717] {dag.py:2398} INFO - Sync 1 DAGs
[2023-12-03 17:40:51,740] {logging_mixin.py:109} INFO - [2023-12-03 17:40:51,740] {dag.py:2937} INFO - Setting next_dagrun for tutorial to 2023-12-02T17:40:51.740051+00:00
[2023-12-03 17:40:51,755] {processor.py:171} INFO - Processing /home/airflow/.local/lib/python3.7/site-packages/airflow/example_dags/tutorial.py took 0.104 seconds
[2023-12-03 17:41:21,908] {processor.py:163} INFO - Started process (PID=157115) to work on /home/airflow/.local/lib/python3.7/site-packages/airflow/example_dags/tutorial.py
[2023-12-03 17:41:21,910] {processor.py:642} INFO - Processing file /home/airflow/.local/lib/python3.7/site-packages/airflow/example_dags/tutorial.py for tasks to queue
[2023-12-03 17:41:21,911] {logging_mixin.py:109} INFO - [2023-12-03 17:41:21,911] {dagbag.py:500} INFO - Filling up the DagBag from /home/airflow/.local/lib/python3.7/site-packages/airflow/example_dags/tutorial.py
[2023-12-03 17:41:21,951] {processor.py:654} INFO - DAG(s) dict_keys(['tutorial']) retrieved from /home/airflow/.local/lib/python3.7/site-packages/airflow/example_dags/tutorial.py
[2023-12-03 17:41:21,970] {logging_mixin.py:109} INFO - [2023-12-03 17:41:21,970] {dag.py:2398} INFO - Sync 1 DAGs
[2023-12-03 17:41:22,001] {logging_mixin.py:109} INFO - [2023-12-03 17:41:22,000] {dag.py:2937} INFO - Setting next_dagrun for tutorial to 2023-12-02T17:41:22.000238+00:00
[2023-12-03 17:41:22,018] {processor.py:171} INFO - Processing /home/airflow/.local/lib/python3.7/site-packages/airflow/example_dags/tutorial.py took 0.117 seconds
[2023-12-03 17:41:53,085] {processor.py:163} INFO - Started process (PID=157303) to work on /home/airflow/.local/lib/python3.7/site-packages/airflow/example_dags/tutorial.py
[2023-12-03 17:41:53,087] {processor.py:642} INFO - Processing file /home/airflow/.local/lib/python3.7/site-packages/airflow/example_dags/tutorial.py for tasks to queue
[2023-12-03 17:41:53,088] {logging_mixin.py:109} INFO - [2023-12-03 17:41:53,088] {dagbag.py:500} INFO - Filling up the DagBag from /home/airflow/.local/lib/python3.7/site-packages/airflow/example_dags/tutorial.py
[2023-12-03 17:41:53,127] {processor.py:654} INFO - DAG(s) dict_keys(['tutorial']) retrieved from /home/airflow/.local/lib/python3.7/site-packages/airflow/example_dags/tutorial.py
[2023-12-03 17:41:53,145] {logging_mixin.py:109} INFO - [2023-12-03 17:41:53,145] {dag.py:2398} INFO - Sync 1 DAGs
[2023-12-03 17:41:53,173] {logging_mixin.py:109} INFO - [2023-12-03 17:41:53,173] {dag.py:2937} INFO - Setting next_dagrun for tutorial to 2023-12-02T17:41:53.172919+00:00
[2023-12-03 17:41:53,188] {processor.py:171} INFO - Processing /home/airflow/.local/lib/python3.7/site-packages/airflow/example_dags/tutorial.py took 0.109 seconds
[2023-12-03 17:42:23,882] {processor.py:163} INFO - Started process (PID=157500) to work on /home/airflow/.local/lib/python3.7/site-packages/airflow/example_dags/tutorial.py
[2023-12-03 17:42:23,885] {processor.py:642} INFO - Processing file /home/airflow/.local/lib/python3.7/site-packages/airflow/example_dags/tutorial.py for tasks to queue
[2023-12-03 17:42:23,886] {logging_mixin.py:109} INFO - [2023-12-03 17:42:23,885] {dagbag.py:500} INFO - Filling up the DagBag from /home/airflow/.local/lib/python3.7/site-packages/airflow/example_dags/tutorial.py
[2023-12-03 17:42:23,929] {processor.py:654} INFO - DAG(s) dict_keys(['tutorial']) retrieved from /home/airflow/.local/lib/python3.7/site-packages/airflow/example_dags/tutorial.py
[2023-12-03 17:42:23,950] {logging_mixin.py:109} INFO - [2023-12-03 17:42:23,950] {dag.py:2398} INFO - Sync 1 DAGs
[2023-12-03 17:42:23,982] {logging_mixin.py:109} INFO - [2023-12-03 17:42:23,981] {dag.py:2937} INFO - Setting next_dagrun for tutorial to 2023-12-02T17:42:23.981186+00:00
[2023-12-03 17:42:23,999] {processor.py:171} INFO - Processing /home/airflow/.local/lib/python3.7/site-packages/airflow/example_dags/tutorial.py took 0.123 seconds
[2023-12-03 17:42:54,276] {processor.py:163} INFO - Started process (PID=157688) to work on /home/airflow/.local/lib/python3.7/site-packages/airflow/example_dags/tutorial.py
[2023-12-03 17:42:54,278] {processor.py:642} INFO - Processing file /home/airflow/.local/lib/python3.7/site-packages/airflow/example_dags/tutorial.py for tasks to queue
[2023-12-03 17:42:54,279] {logging_mixin.py:109} INFO - [2023-12-03 17:42:54,279] {dagbag.py:500} INFO - Filling up the DagBag from /home/airflow/.local/lib/python3.7/site-packages/airflow/example_dags/tutorial.py
[2023-12-03 17:42:54,322] {processor.py:654} INFO - DAG(s) dict_keys(['tutorial']) retrieved from /home/airflow/.local/lib/python3.7/site-packages/airflow/example_dags/tutorial.py
[2023-12-03 17:42:54,337] {logging_mixin.py:109} INFO - [2023-12-03 17:42:54,337] {dag.py:2398} INFO - Sync 1 DAGs
[2023-12-03 17:42:54,362] {logging_mixin.py:109} INFO - [2023-12-03 17:42:54,362] {dag.py:2937} INFO - Setting next_dagrun for tutorial to 2023-12-02T17:42:54.361701+00:00
[2023-12-03 17:42:54,377] {processor.py:171} INFO - Processing /home/airflow/.local/lib/python3.7/site-packages/airflow/example_dags/tutorial.py took 0.107 seconds
[2023-12-03 17:43:25,210] {processor.py:163} INFO - Started process (PID=157866) to work on /home/airflow/.local/lib/python3.7/site-packages/airflow/example_dags/tutorial.py
[2023-12-03 17:43:25,228] {processor.py:642} INFO - Processing file /home/airflow/.local/lib/python3.7/site-packages/airflow/example_dags/tutorial.py for tasks to queue
[2023-12-03 17:43:25,230] {logging_mixin.py:109} INFO - [2023-12-03 17:43:25,229] {dagbag.py:500} INFO - Filling up the DagBag from /home/airflow/.local/lib/python3.7/site-packages/airflow/example_dags/tutorial.py
[2023-12-03 17:43:25,280] {processor.py:654} INFO - DAG(s) dict_keys(['tutorial']) retrieved from /home/airflow/.local/lib/python3.7/site-packages/airflow/example_dags/tutorial.py
[2023-12-03 17:43:25,311] {logging_mixin.py:109} INFO - [2023-12-03 17:43:25,310] {dag.py:2398} INFO - Sync 1 DAGs
[2023-12-03 17:43:25,344] {logging_mixin.py:109} INFO - [2023-12-03 17:43:25,343] {dag.py:2937} INFO - Setting next_dagrun for tutorial to 2023-12-02T17:43:25.342978+00:00
[2023-12-03 17:43:25,364] {processor.py:171} INFO - Processing /home/airflow/.local/lib/python3.7/site-packages/airflow/example_dags/tutorial.py took 0.162 seconds
[2023-12-03 17:46:41,230] {processor.py:163} INFO - Started process (PID=157991) to work on /home/airflow/.local/lib/python3.7/site-packages/airflow/example_dags/tutorial.py
[2023-12-03 17:46:41,243] {processor.py:642} INFO - Processing file /home/airflow/.local/lib/python3.7/site-packages/airflow/example_dags/tutorial.py for tasks to queue
[2023-12-03 17:46:41,244] {logging_mixin.py:109} INFO - [2023-12-03 17:46:41,244] {dagbag.py:500} INFO - Filling up the DagBag from /home/airflow/.local/lib/python3.7/site-packages/airflow/example_dags/tutorial.py
[2023-12-03 17:46:41,739] {processor.py:654} INFO - DAG(s) dict_keys(['tutorial']) retrieved from /home/airflow/.local/lib/python3.7/site-packages/airflow/example_dags/tutorial.py
[2023-12-03 17:46:41,849] {logging_mixin.py:109} INFO - [2023-12-03 17:46:41,849] {dag.py:2398} INFO - Sync 1 DAGs
[2023-12-03 17:46:42,008] {logging_mixin.py:109} INFO - [2023-12-03 17:46:41,997] {dag.py:2937} INFO - Setting next_dagrun for tutorial to 2023-12-02T17:46:41.996682+00:00
[2023-12-03 17:46:42,186] {processor.py:171} INFO - Processing /home/airflow/.local/lib/python3.7/site-packages/airflow/example_dags/tutorial.py took 0.989 seconds
[2023-12-03 17:47:12,818] {processor.py:163} INFO - Started process (PID=158175) to work on /home/airflow/.local/lib/python3.7/site-packages/airflow/example_dags/tutorial.py
[2023-12-03 17:47:12,824] {processor.py:642} INFO - Processing file /home/airflow/.local/lib/python3.7/site-packages/airflow/example_dags/tutorial.py for tasks to queue
[2023-12-03 17:47:12,825] {logging_mixin.py:109} INFO - [2023-12-03 17:47:12,825] {dagbag.py:500} INFO - Filling up the DagBag from /home/airflow/.local/lib/python3.7/site-packages/airflow/example_dags/tutorial.py
[2023-12-03 17:47:12,941] {processor.py:654} INFO - DAG(s) dict_keys(['tutorial']) retrieved from /home/airflow/.local/lib/python3.7/site-packages/airflow/example_dags/tutorial.py
[2023-12-03 17:47:13,000] {logging_mixin.py:109} INFO - [2023-12-03 17:47:12,989] {dag.py:2398} INFO - Sync 1 DAGs
[2023-12-03 17:47:13,103] {logging_mixin.py:109} INFO - [2023-12-03 17:47:13,102] {dag.py:2937} INFO - Setting next_dagrun for tutorial to 2023-12-02T17:47:13.102142+00:00
[2023-12-03 17:47:13,143] {processor.py:171} INFO - Processing /home/airflow/.local/lib/python3.7/site-packages/airflow/example_dags/tutorial.py took 0.336 seconds
[2023-12-03 17:47:43,600] {processor.py:163} INFO - Started process (PID=158360) to work on /home/airflow/.local/lib/python3.7/site-packages/airflow/example_dags/tutorial.py
[2023-12-03 17:47:43,603] {processor.py:642} INFO - Processing file /home/airflow/.local/lib/python3.7/site-packages/airflow/example_dags/tutorial.py for tasks to queue
[2023-12-03 17:47:43,604] {logging_mixin.py:109} INFO - [2023-12-03 17:47:43,604] {dagbag.py:500} INFO - Filling up the DagBag from /home/airflow/.local/lib/python3.7/site-packages/airflow/example_dags/tutorial.py
[2023-12-03 17:47:43,638] {processor.py:654} INFO - DAG(s) dict_keys(['tutorial']) retrieved from /home/airflow/.local/lib/python3.7/site-packages/airflow/example_dags/tutorial.py
[2023-12-03 17:47:43,653] {logging_mixin.py:109} INFO - [2023-12-03 17:47:43,653] {dag.py:2398} INFO - Sync 1 DAGs
[2023-12-03 17:47:43,676] {logging_mixin.py:109} INFO - [2023-12-03 17:47:43,676] {dag.py:2937} INFO - Setting next_dagrun for tutorial to 2023-12-02T17:47:43.676200+00:00
[2023-12-03 17:47:43,697] {processor.py:171} INFO - Processing /home/airflow/.local/lib/python3.7/site-packages/airflow/example_dags/tutorial.py took 0.102 seconds
[2023-12-03 17:48:13,949] {processor.py:163} INFO - Started process (PID=158549) to work on /home/airflow/.local/lib/python3.7/site-packages/airflow/example_dags/tutorial.py
[2023-12-03 17:48:13,951] {processor.py:642} INFO - Processing file /home/airflow/.local/lib/python3.7/site-packages/airflow/example_dags/tutorial.py for tasks to queue
[2023-12-03 17:48:13,952] {logging_mixin.py:109} INFO - [2023-12-03 17:48:13,952] {dagbag.py:500} INFO - Filling up the DagBag from /home/airflow/.local/lib/python3.7/site-packages/airflow/example_dags/tutorial.py
[2023-12-03 17:48:14,004] {processor.py:654} INFO - DAG(s) dict_keys(['tutorial']) retrieved from /home/airflow/.local/lib/python3.7/site-packages/airflow/example_dags/tutorial.py
[2023-12-03 17:48:14,026] {logging_mixin.py:109} INFO - [2023-12-03 17:48:14,026] {dag.py:2398} INFO - Sync 1 DAGs
[2023-12-03 17:48:14,062] {logging_mixin.py:109} INFO - [2023-12-03 17:48:14,062] {dag.py:2937} INFO - Setting next_dagrun for tutorial to 2023-12-02T17:48:14.061754+00:00
[2023-12-03 17:48:14,100] {processor.py:171} INFO - Processing /home/airflow/.local/lib/python3.7/site-packages/airflow/example_dags/tutorial.py took 0.156 seconds
[2023-12-03 17:48:44,665] {processor.py:163} INFO - Started process (PID=158737) to work on /home/airflow/.local/lib/python3.7/site-packages/airflow/example_dags/tutorial.py
[2023-12-03 17:48:44,667] {processor.py:642} INFO - Processing file /home/airflow/.local/lib/python3.7/site-packages/airflow/example_dags/tutorial.py for tasks to queue
[2023-12-03 17:48:44,668] {logging_mixin.py:109} INFO - [2023-12-03 17:48:44,667] {dagbag.py:500} INFO - Filling up the DagBag from /home/airflow/.local/lib/python3.7/site-packages/airflow/example_dags/tutorial.py
[2023-12-03 17:48:44,702] {processor.py:654} INFO - DAG(s) dict_keys(['tutorial']) retrieved from /home/airflow/.local/lib/python3.7/site-packages/airflow/example_dags/tutorial.py
[2023-12-03 17:48:44,719] {logging_mixin.py:109} INFO - [2023-12-03 17:48:44,719] {dag.py:2398} INFO - Sync 1 DAGs
[2023-12-03 17:48:44,743] {logging_mixin.py:109} INFO - [2023-12-03 17:48:44,742] {dag.py:2937} INFO - Setting next_dagrun for tutorial to 2023-12-02T17:48:44.742344+00:00
[2023-12-03 17:48:44,756] {processor.py:171} INFO - Processing /home/airflow/.local/lib/python3.7/site-packages/airflow/example_dags/tutorial.py took 0.096 seconds
[2023-12-03 17:49:14,982] {processor.py:163} INFO - Started process (PID=158925) to work on /home/airflow/.local/lib/python3.7/site-packages/airflow/example_dags/tutorial.py
[2023-12-03 17:49:14,985] {processor.py:642} INFO - Processing file /home/airflow/.local/lib/python3.7/site-packages/airflow/example_dags/tutorial.py for tasks to queue
[2023-12-03 17:49:14,986] {logging_mixin.py:109} INFO - [2023-12-03 17:49:14,986] {dagbag.py:500} INFO - Filling up the DagBag from /home/airflow/.local/lib/python3.7/site-packages/airflow/example_dags/tutorial.py
[2023-12-03 17:49:15,024] {processor.py:654} INFO - DAG(s) dict_keys(['tutorial']) retrieved from /home/airflow/.local/lib/python3.7/site-packages/airflow/example_dags/tutorial.py
[2023-12-03 17:49:15,044] {logging_mixin.py:109} INFO - [2023-12-03 17:49:15,043] {dag.py:2398} INFO - Sync 1 DAGs
[2023-12-03 17:49:15,078] {logging_mixin.py:109} INFO - [2023-12-03 17:49:15,078] {dag.py:2937} INFO - Setting next_dagrun for tutorial to 2023-12-02T17:49:15.077395+00:00
[2023-12-03 17:49:15,100] {processor.py:171} INFO - Processing /home/airflow/.local/lib/python3.7/site-packages/airflow/example_dags/tutorial.py took 0.123 seconds
[2023-12-03 17:49:45,247] {processor.py:163} INFO - Started process (PID=159120) to work on /home/airflow/.local/lib/python3.7/site-packages/airflow/example_dags/tutorial.py
[2023-12-03 17:49:45,249] {processor.py:642} INFO - Processing file /home/airflow/.local/lib/python3.7/site-packages/airflow/example_dags/tutorial.py for tasks to queue
[2023-12-03 17:49:45,250] {logging_mixin.py:109} INFO - [2023-12-03 17:49:45,250] {dagbag.py:500} INFO - Filling up the DagBag from /home/airflow/.local/lib/python3.7/site-packages/airflow/example_dags/tutorial.py
[2023-12-03 17:49:45,290] {processor.py:654} INFO - DAG(s) dict_keys(['tutorial']) retrieved from /home/airflow/.local/lib/python3.7/site-packages/airflow/example_dags/tutorial.py
[2023-12-03 17:49:45,312] {logging_mixin.py:109} INFO - [2023-12-03 17:49:45,311] {dag.py:2398} INFO - Sync 1 DAGs
[2023-12-03 17:49:45,338] {logging_mixin.py:109} INFO - [2023-12-03 17:49:45,338] {dag.py:2937} INFO - Setting next_dagrun for tutorial to 2023-12-02T17:49:45.337660+00:00
[2023-12-03 17:49:45,355] {processor.py:171} INFO - Processing /home/airflow/.local/lib/python3.7/site-packages/airflow/example_dags/tutorial.py took 0.113 seconds
[2023-12-03 17:50:15,876] {processor.py:163} INFO - Started process (PID=159310) to work on /home/airflow/.local/lib/python3.7/site-packages/airflow/example_dags/tutorial.py
[2023-12-03 17:50:15,878] {processor.py:642} INFO - Processing file /home/airflow/.local/lib/python3.7/site-packages/airflow/example_dags/tutorial.py for tasks to queue
[2023-12-03 17:50:15,879] {logging_mixin.py:109} INFO - [2023-12-03 17:50:15,879] {dagbag.py:500} INFO - Filling up the DagBag from /home/airflow/.local/lib/python3.7/site-packages/airflow/example_dags/tutorial.py
[2023-12-03 17:50:15,917] {processor.py:654} INFO - DAG(s) dict_keys(['tutorial']) retrieved from /home/airflow/.local/lib/python3.7/site-packages/airflow/example_dags/tutorial.py
[2023-12-03 17:50:15,934] {logging_mixin.py:109} INFO - [2023-12-03 17:50:15,934] {dag.py:2398} INFO - Sync 1 DAGs
[2023-12-03 17:50:15,959] {logging_mixin.py:109} INFO - [2023-12-03 17:50:15,959] {dag.py:2937} INFO - Setting next_dagrun for tutorial to 2023-12-02T17:50:15.958761+00:00
[2023-12-03 17:50:15,979] {processor.py:171} INFO - Processing /home/airflow/.local/lib/python3.7/site-packages/airflow/example_dags/tutorial.py took 0.109 seconds
[2023-12-03 17:50:46,249] {processor.py:163} INFO - Started process (PID=159498) to work on /home/airflow/.local/lib/python3.7/site-packages/airflow/example_dags/tutorial.py
[2023-12-03 17:50:46,251] {processor.py:642} INFO - Processing file /home/airflow/.local/lib/python3.7/site-packages/airflow/example_dags/tutorial.py for tasks to queue
[2023-12-03 17:50:46,252] {logging_mixin.py:109} INFO - [2023-12-03 17:50:46,252] {dagbag.py:500} INFO - Filling up the DagBag from /home/airflow/.local/lib/python3.7/site-packages/airflow/example_dags/tutorial.py
[2023-12-03 17:50:46,289] {processor.py:654} INFO - DAG(s) dict_keys(['tutorial']) retrieved from /home/airflow/.local/lib/python3.7/site-packages/airflow/example_dags/tutorial.py
[2023-12-03 17:50:46,303] {logging_mixin.py:109} INFO - [2023-12-03 17:50:46,303] {dag.py:2398} INFO - Sync 1 DAGs
[2023-12-03 17:50:46,327] {logging_mixin.py:109} INFO - [2023-12-03 17:50:46,327] {dag.py:2937} INFO - Setting next_dagrun for tutorial to 2023-12-02T17:50:46.326541+00:00
[2023-12-03 17:50:46,345] {processor.py:171} INFO - Processing /home/airflow/.local/lib/python3.7/site-packages/airflow/example_dags/tutorial.py took 0.102 seconds
[2023-12-03 19:24:29,038] {processor.py:163} INFO - Started process (PID=159695) to work on /home/airflow/.local/lib/python3.7/site-packages/airflow/example_dags/tutorial.py
[2023-12-03 19:24:29,069] {processor.py:642} INFO - Processing file /home/airflow/.local/lib/python3.7/site-packages/airflow/example_dags/tutorial.py for tasks to queue
[2023-12-03 19:24:29,071] {logging_mixin.py:109} INFO - [2023-12-03 19:24:29,070] {dagbag.py:500} INFO - Filling up the DagBag from /home/airflow/.local/lib/python3.7/site-packages/airflow/example_dags/tutorial.py
[2023-12-03 19:24:29,207] {processor.py:654} INFO - DAG(s) dict_keys(['tutorial']) retrieved from /home/airflow/.local/lib/python3.7/site-packages/airflow/example_dags/tutorial.py
[2023-12-03 19:24:29,274] {logging_mixin.py:109} INFO - [2023-12-03 19:24:29,273] {dag.py:2398} INFO - Sync 1 DAGs
[2023-12-03 19:24:29,374] {logging_mixin.py:109} INFO - [2023-12-03 19:24:29,373] {dag.py:2937} INFO - Setting next_dagrun for tutorial to 2023-12-02T19:24:29.373265+00:00
[2023-12-03 19:24:29,424] {processor.py:171} INFO - Processing /home/airflow/.local/lib/python3.7/site-packages/airflow/example_dags/tutorial.py took 0.451 seconds
[2023-12-03 22:16:48,005] {processor.py:163} INFO - Started process (PID=159739) to work on /home/airflow/.local/lib/python3.7/site-packages/airflow/example_dags/tutorial.py
[2023-12-03 22:16:48,090] {processor.py:642} INFO - Processing file /home/airflow/.local/lib/python3.7/site-packages/airflow/example_dags/tutorial.py for tasks to queue
[2023-12-03 22:16:48,095] {logging_mixin.py:109} INFO - [2023-12-03 22:16:48,095] {dagbag.py:500} INFO - Filling up the DagBag from /home/airflow/.local/lib/python3.7/site-packages/airflow/example_dags/tutorial.py
[2023-12-03 22:16:48,272] {processor.py:654} INFO - DAG(s) dict_keys(['tutorial']) retrieved from /home/airflow/.local/lib/python3.7/site-packages/airflow/example_dags/tutorial.py
[2023-12-03 22:16:48,405] {logging_mixin.py:109} INFO - [2023-12-03 22:16:48,405] {dag.py:2398} INFO - Sync 1 DAGs
[2023-12-03 22:16:48,517] {logging_mixin.py:109} INFO - [2023-12-03 22:16:48,517] {dag.py:2937} INFO - Setting next_dagrun for tutorial to 2023-12-02T22:16:48.516726+00:00
[2023-12-03 22:16:48,634] {processor.py:171} INFO - Processing /home/airflow/.local/lib/python3.7/site-packages/airflow/example_dags/tutorial.py took 0.647 seconds
[2023-12-03 22:17:19,296] {processor.py:163} INFO - Started process (PID=159924) to work on /home/airflow/.local/lib/python3.7/site-packages/airflow/example_dags/tutorial.py
[2023-12-03 22:17:19,303] {processor.py:642} INFO - Processing file /home/airflow/.local/lib/python3.7/site-packages/airflow/example_dags/tutorial.py for tasks to queue
[2023-12-03 22:17:19,305] {logging_mixin.py:109} INFO - [2023-12-03 22:17:19,304] {dagbag.py:500} INFO - Filling up the DagBag from /home/airflow/.local/lib/python3.7/site-packages/airflow/example_dags/tutorial.py
[2023-12-03 22:17:19,426] {processor.py:654} INFO - DAG(s) dict_keys(['tutorial']) retrieved from /home/airflow/.local/lib/python3.7/site-packages/airflow/example_dags/tutorial.py
[2023-12-03 22:17:19,495] {logging_mixin.py:109} INFO - [2023-12-03 22:17:19,494] {dag.py:2398} INFO - Sync 1 DAGs
[2023-12-03 22:17:19,624] {logging_mixin.py:109} INFO - [2023-12-03 22:17:19,624] {dag.py:2937} INFO - Setting next_dagrun for tutorial to 2023-12-02T22:17:19.623778+00:00
[2023-12-03 22:17:19,710] {processor.py:171} INFO - Processing /home/airflow/.local/lib/python3.7/site-packages/airflow/example_dags/tutorial.py took 0.427 seconds
