[2023-12-03 17:32:56,931] {processor.py:163} INFO - Started process (PID=154081) to work on /home/airflow/.local/lib/python3.7/site-packages/airflow/example_dags/tutorial_taskflow_api_etl.py
[2023-12-03 17:32:56,961] {processor.py:642} INFO - Processing file /home/airflow/.local/lib/python3.7/site-packages/airflow/example_dags/tutorial_taskflow_api_etl.py for tasks to queue
[2023-12-03 17:32:56,963] {logging_mixin.py:109} INFO - [2023-12-03 17:32:56,963] {dagbag.py:500} INFO - Filling up the DagBag from /home/airflow/.local/lib/python3.7/site-packages/airflow/example_dags/tutorial_taskflow_api_etl.py
[2023-12-03 17:32:57,545] {processor.py:654} INFO - DAG(s) dict_keys(['tutorial_taskflow_api_etl']) retrieved from /home/airflow/.local/lib/python3.7/site-packages/airflow/example_dags/tutorial_taskflow_api_etl.py
[2023-12-03 17:32:59,527] {logging_mixin.py:109} INFO - [2023-12-03 17:32:59,527] {dag.py:2398} INFO - Sync 1 DAGs
[2023-12-03 17:32:59,629] {logging_mixin.py:109} INFO - [2023-12-03 17:32:59,629] {dag.py:2937} INFO - Setting next_dagrun for tutorial_taskflow_api_etl to None
[2023-12-03 17:32:59,746] {processor.py:171} INFO - Processing /home/airflow/.local/lib/python3.7/site-packages/airflow/example_dags/tutorial_taskflow_api_etl.py took 2.878 seconds
[2023-12-03 17:33:30,288] {processor.py:163} INFO - Started process (PID=154269) to work on /home/airflow/.local/lib/python3.7/site-packages/airflow/example_dags/tutorial_taskflow_api_etl.py
[2023-12-03 17:33:30,290] {processor.py:642} INFO - Processing file /home/airflow/.local/lib/python3.7/site-packages/airflow/example_dags/tutorial_taskflow_api_etl.py for tasks to queue
[2023-12-03 17:33:30,300] {logging_mixin.py:109} INFO - [2023-12-03 17:33:30,300] {dagbag.py:500} INFO - Filling up the DagBag from /home/airflow/.local/lib/python3.7/site-packages/airflow/example_dags/tutorial_taskflow_api_etl.py
[2023-12-03 17:33:30,434] {processor.py:654} INFO - DAG(s) dict_keys(['tutorial_taskflow_api_etl']) retrieved from /home/airflow/.local/lib/python3.7/site-packages/airflow/example_dags/tutorial_taskflow_api_etl.py
[2023-12-03 17:33:32,072] {logging_mixin.py:109} INFO - [2023-12-03 17:33:32,072] {dag.py:2398} INFO - Sync 1 DAGs
[2023-12-03 17:33:32,139] {logging_mixin.py:109} INFO - [2023-12-03 17:33:32,139] {dag.py:2937} INFO - Setting next_dagrun for tutorial_taskflow_api_etl to None
[2023-12-03 17:33:32,193] {processor.py:171} INFO - Processing /home/airflow/.local/lib/python3.7/site-packages/airflow/example_dags/tutorial_taskflow_api_etl.py took 1.921 seconds
[2023-12-03 17:34:02,717] {processor.py:163} INFO - Started process (PID=154450) to work on /home/airflow/.local/lib/python3.7/site-packages/airflow/example_dags/tutorial_taskflow_api_etl.py
[2023-12-03 17:34:02,720] {processor.py:642} INFO - Processing file /home/airflow/.local/lib/python3.7/site-packages/airflow/example_dags/tutorial_taskflow_api_etl.py for tasks to queue
[2023-12-03 17:34:02,721] {logging_mixin.py:109} INFO - [2023-12-03 17:34:02,721] {dagbag.py:500} INFO - Filling up the DagBag from /home/airflow/.local/lib/python3.7/site-packages/airflow/example_dags/tutorial_taskflow_api_etl.py
[2023-12-03 17:34:02,935] {processor.py:654} INFO - DAG(s) dict_keys(['tutorial_taskflow_api_etl']) retrieved from /home/airflow/.local/lib/python3.7/site-packages/airflow/example_dags/tutorial_taskflow_api_etl.py
[2023-12-03 17:34:04,433] {logging_mixin.py:109} INFO - [2023-12-03 17:34:04,432] {dag.py:2398} INFO - Sync 1 DAGs
[2023-12-03 17:34:04,524] {logging_mixin.py:109} INFO - [2023-12-03 17:34:04,523] {dag.py:2937} INFO - Setting next_dagrun for tutorial_taskflow_api_etl to None
[2023-12-03 17:34:04,564] {processor.py:171} INFO - Processing /home/airflow/.local/lib/python3.7/site-packages/airflow/example_dags/tutorial_taskflow_api_etl.py took 1.865 seconds
[2023-12-03 17:34:34,945] {processor.py:163} INFO - Started process (PID=154636) to work on /home/airflow/.local/lib/python3.7/site-packages/airflow/example_dags/tutorial_taskflow_api_etl.py
[2023-12-03 17:34:34,973] {processor.py:642} INFO - Processing file /home/airflow/.local/lib/python3.7/site-packages/airflow/example_dags/tutorial_taskflow_api_etl.py for tasks to queue
[2023-12-03 17:34:34,974] {logging_mixin.py:109} INFO - [2023-12-03 17:34:34,974] {dagbag.py:500} INFO - Filling up the DagBag from /home/airflow/.local/lib/python3.7/site-packages/airflow/example_dags/tutorial_taskflow_api_etl.py
[2023-12-03 17:34:35,129] {processor.py:654} INFO - DAG(s) dict_keys(['tutorial_taskflow_api_etl']) retrieved from /home/airflow/.local/lib/python3.7/site-packages/airflow/example_dags/tutorial_taskflow_api_etl.py
[2023-12-03 17:34:37,204] {logging_mixin.py:109} INFO - [2023-12-03 17:34:37,204] {dag.py:2398} INFO - Sync 1 DAGs
[2023-12-03 17:34:37,284] {logging_mixin.py:109} INFO - [2023-12-03 17:34:37,284] {dag.py:2937} INFO - Setting next_dagrun for tutorial_taskflow_api_etl to None
[2023-12-03 17:34:37,345] {processor.py:171} INFO - Processing /home/airflow/.local/lib/python3.7/site-packages/airflow/example_dags/tutorial_taskflow_api_etl.py took 2.420 seconds
[2023-12-03 17:35:07,757] {processor.py:163} INFO - Started process (PID=154836) to work on /home/airflow/.local/lib/python3.7/site-packages/airflow/example_dags/tutorial_taskflow_api_etl.py
[2023-12-03 17:35:07,760] {processor.py:642} INFO - Processing file /home/airflow/.local/lib/python3.7/site-packages/airflow/example_dags/tutorial_taskflow_api_etl.py for tasks to queue
[2023-12-03 17:35:07,762] {logging_mixin.py:109} INFO - [2023-12-03 17:35:07,761] {dagbag.py:500} INFO - Filling up the DagBag from /home/airflow/.local/lib/python3.7/site-packages/airflow/example_dags/tutorial_taskflow_api_etl.py
[2023-12-03 17:35:07,909] {processor.py:654} INFO - DAG(s) dict_keys(['tutorial_taskflow_api_etl']) retrieved from /home/airflow/.local/lib/python3.7/site-packages/airflow/example_dags/tutorial_taskflow_api_etl.py
[2023-12-03 17:35:09,862] {logging_mixin.py:109} INFO - [2023-12-03 17:35:09,862] {dag.py:2398} INFO - Sync 1 DAGs
[2023-12-03 17:35:09,954] {logging_mixin.py:109} INFO - [2023-12-03 17:35:09,954] {dag.py:2937} INFO - Setting next_dagrun for tutorial_taskflow_api_etl to None
[2023-12-03 17:35:10,041] {processor.py:171} INFO - Processing /home/airflow/.local/lib/python3.7/site-packages/airflow/example_dags/tutorial_taskflow_api_etl.py took 2.304 seconds
[2023-12-03 17:35:40,885] {processor.py:163} INFO - Started process (PID=155023) to work on /home/airflow/.local/lib/python3.7/site-packages/airflow/example_dags/tutorial_taskflow_api_etl.py
[2023-12-03 17:35:40,894] {processor.py:642} INFO - Processing file /home/airflow/.local/lib/python3.7/site-packages/airflow/example_dags/tutorial_taskflow_api_etl.py for tasks to queue
[2023-12-03 17:35:40,901] {logging_mixin.py:109} INFO - [2023-12-03 17:35:40,901] {dagbag.py:500} INFO - Filling up the DagBag from /home/airflow/.local/lib/python3.7/site-packages/airflow/example_dags/tutorial_taskflow_api_etl.py
[2023-12-03 17:35:41,050] {processor.py:654} INFO - DAG(s) dict_keys(['tutorial_taskflow_api_etl']) retrieved from /home/airflow/.local/lib/python3.7/site-packages/airflow/example_dags/tutorial_taskflow_api_etl.py
[2023-12-03 17:35:42,426] {logging_mixin.py:109} INFO - [2023-12-03 17:35:42,426] {dag.py:2398} INFO - Sync 1 DAGs
[2023-12-03 17:35:42,477] {logging_mixin.py:109} INFO - [2023-12-03 17:35:42,477] {dag.py:2937} INFO - Setting next_dagrun for tutorial_taskflow_api_etl to None
[2023-12-03 17:35:42,553] {processor.py:171} INFO - Processing /home/airflow/.local/lib/python3.7/site-packages/airflow/example_dags/tutorial_taskflow_api_etl.py took 1.715 seconds
[2023-12-03 17:36:12,701] {processor.py:163} INFO - Started process (PID=155196) to work on /home/airflow/.local/lib/python3.7/site-packages/airflow/example_dags/tutorial_taskflow_api_etl.py
[2023-12-03 17:36:12,713] {processor.py:642} INFO - Processing file /home/airflow/.local/lib/python3.7/site-packages/airflow/example_dags/tutorial_taskflow_api_etl.py for tasks to queue
[2023-12-03 17:36:12,714] {logging_mixin.py:109} INFO - [2023-12-03 17:36:12,714] {dagbag.py:500} INFO - Filling up the DagBag from /home/airflow/.local/lib/python3.7/site-packages/airflow/example_dags/tutorial_taskflow_api_etl.py
[2023-12-03 17:36:12,853] {processor.py:654} INFO - DAG(s) dict_keys(['tutorial_taskflow_api_etl']) retrieved from /home/airflow/.local/lib/python3.7/site-packages/airflow/example_dags/tutorial_taskflow_api_etl.py
[2023-12-03 17:36:14,024] {logging_mixin.py:109} INFO - [2023-12-03 17:36:14,024] {dag.py:2398} INFO - Sync 1 DAGs
[2023-12-03 17:36:14,081] {logging_mixin.py:109} INFO - [2023-12-03 17:36:14,080] {dag.py:2937} INFO - Setting next_dagrun for tutorial_taskflow_api_etl to None
[2023-12-03 17:36:14,123] {processor.py:171} INFO - Processing /home/airflow/.local/lib/python3.7/site-packages/airflow/example_dags/tutorial_taskflow_api_etl.py took 1.439 seconds
[2023-12-03 17:36:44,298] {processor.py:163} INFO - Started process (PID=155380) to work on /home/airflow/.local/lib/python3.7/site-packages/airflow/example_dags/tutorial_taskflow_api_etl.py
[2023-12-03 17:36:44,304] {processor.py:642} INFO - Processing file /home/airflow/.local/lib/python3.7/site-packages/airflow/example_dags/tutorial_taskflow_api_etl.py for tasks to queue
[2023-12-03 17:36:44,305] {logging_mixin.py:109} INFO - [2023-12-03 17:36:44,305] {dagbag.py:500} INFO - Filling up the DagBag from /home/airflow/.local/lib/python3.7/site-packages/airflow/example_dags/tutorial_taskflow_api_etl.py
[2023-12-03 17:36:44,416] {processor.py:654} INFO - DAG(s) dict_keys(['tutorial_taskflow_api_etl']) retrieved from /home/airflow/.local/lib/python3.7/site-packages/airflow/example_dags/tutorial_taskflow_api_etl.py
[2023-12-03 17:36:45,626] {logging_mixin.py:109} INFO - [2023-12-03 17:36:45,626] {dag.py:2398} INFO - Sync 1 DAGs
[2023-12-03 17:36:45,671] {logging_mixin.py:109} INFO - [2023-12-03 17:36:45,671] {dag.py:2937} INFO - Setting next_dagrun for tutorial_taskflow_api_etl to None
[2023-12-03 17:36:45,708] {processor.py:171} INFO - Processing /home/airflow/.local/lib/python3.7/site-packages/airflow/example_dags/tutorial_taskflow_api_etl.py took 1.439 seconds
[2023-12-03 17:37:16,468] {processor.py:163} INFO - Started process (PID=155588) to work on /home/airflow/.local/lib/python3.7/site-packages/airflow/example_dags/tutorial_taskflow_api_etl.py
[2023-12-03 17:37:16,469] {processor.py:642} INFO - Processing file /home/airflow/.local/lib/python3.7/site-packages/airflow/example_dags/tutorial_taskflow_api_etl.py for tasks to queue
[2023-12-03 17:37:16,470] {logging_mixin.py:109} INFO - [2023-12-03 17:37:16,470] {dagbag.py:500} INFO - Filling up the DagBag from /home/airflow/.local/lib/python3.7/site-packages/airflow/example_dags/tutorial_taskflow_api_etl.py
[2023-12-03 17:37:16,524] {processor.py:654} INFO - DAG(s) dict_keys(['tutorial_taskflow_api_etl']) retrieved from /home/airflow/.local/lib/python3.7/site-packages/airflow/example_dags/tutorial_taskflow_api_etl.py
[2023-12-03 17:37:16,911] {logging_mixin.py:109} INFO - [2023-12-03 17:37:16,911] {dag.py:2398} INFO - Sync 1 DAGs
[2023-12-03 17:37:16,924] {logging_mixin.py:109} INFO - [2023-12-03 17:37:16,924] {dag.py:2937} INFO - Setting next_dagrun for tutorial_taskflow_api_etl to None
[2023-12-03 17:37:16,950] {processor.py:171} INFO - Processing /home/airflow/.local/lib/python3.7/site-packages/airflow/example_dags/tutorial_taskflow_api_etl.py took 0.487 seconds
[2023-12-03 17:37:47,046] {processor.py:163} INFO - Started process (PID=155786) to work on /home/airflow/.local/lib/python3.7/site-packages/airflow/example_dags/tutorial_taskflow_api_etl.py
[2023-12-03 17:37:47,049] {processor.py:642} INFO - Processing file /home/airflow/.local/lib/python3.7/site-packages/airflow/example_dags/tutorial_taskflow_api_etl.py for tasks to queue
[2023-12-03 17:37:47,050] {logging_mixin.py:109} INFO - [2023-12-03 17:37:47,050] {dagbag.py:500} INFO - Filling up the DagBag from /home/airflow/.local/lib/python3.7/site-packages/airflow/example_dags/tutorial_taskflow_api_etl.py
[2023-12-03 17:37:47,105] {processor.py:654} INFO - DAG(s) dict_keys(['tutorial_taskflow_api_etl']) retrieved from /home/airflow/.local/lib/python3.7/site-packages/airflow/example_dags/tutorial_taskflow_api_etl.py
[2023-12-03 17:37:47,700] {logging_mixin.py:109} INFO - [2023-12-03 17:37:47,700] {dag.py:2398} INFO - Sync 1 DAGs
[2023-12-03 17:37:47,751] {logging_mixin.py:109} INFO - [2023-12-03 17:37:47,751] {dag.py:2937} INFO - Setting next_dagrun for tutorial_taskflow_api_etl to None
[2023-12-03 17:37:47,790] {processor.py:171} INFO - Processing /home/airflow/.local/lib/python3.7/site-packages/airflow/example_dags/tutorial_taskflow_api_etl.py took 0.751 seconds
[2023-12-03 17:38:18,520] {processor.py:163} INFO - Started process (PID=155977) to work on /home/airflow/.local/lib/python3.7/site-packages/airflow/example_dags/tutorial_taskflow_api_etl.py
[2023-12-03 17:38:18,530] {processor.py:642} INFO - Processing file /home/airflow/.local/lib/python3.7/site-packages/airflow/example_dags/tutorial_taskflow_api_etl.py for tasks to queue
[2023-12-03 17:38:18,531] {logging_mixin.py:109} INFO - [2023-12-03 17:38:18,531] {dagbag.py:500} INFO - Filling up the DagBag from /home/airflow/.local/lib/python3.7/site-packages/airflow/example_dags/tutorial_taskflow_api_etl.py
[2023-12-03 17:38:18,569] {processor.py:654} INFO - DAG(s) dict_keys(['tutorial_taskflow_api_etl']) retrieved from /home/airflow/.local/lib/python3.7/site-packages/airflow/example_dags/tutorial_taskflow_api_etl.py
[2023-12-03 17:38:18,916] {logging_mixin.py:109} INFO - [2023-12-03 17:38:18,916] {dag.py:2398} INFO - Sync 1 DAGs
[2023-12-03 17:38:18,929] {logging_mixin.py:109} INFO - [2023-12-03 17:38:18,929] {dag.py:2937} INFO - Setting next_dagrun for tutorial_taskflow_api_etl to None
[2023-12-03 17:38:18,944] {processor.py:171} INFO - Processing /home/airflow/.local/lib/python3.7/site-packages/airflow/example_dags/tutorial_taskflow_api_etl.py took 0.428 seconds
[2023-12-03 17:38:49,709] {processor.py:163} INFO - Started process (PID=156167) to work on /home/airflow/.local/lib/python3.7/site-packages/airflow/example_dags/tutorial_taskflow_api_etl.py
[2023-12-03 17:38:49,712] {processor.py:642} INFO - Processing file /home/airflow/.local/lib/python3.7/site-packages/airflow/example_dags/tutorial_taskflow_api_etl.py for tasks to queue
[2023-12-03 17:38:49,713] {logging_mixin.py:109} INFO - [2023-12-03 17:38:49,712] {dagbag.py:500} INFO - Filling up the DagBag from /home/airflow/.local/lib/python3.7/site-packages/airflow/example_dags/tutorial_taskflow_api_etl.py
[2023-12-03 17:38:49,758] {processor.py:654} INFO - DAG(s) dict_keys(['tutorial_taskflow_api_etl']) retrieved from /home/airflow/.local/lib/python3.7/site-packages/airflow/example_dags/tutorial_taskflow_api_etl.py
[2023-12-03 17:38:50,215] {logging_mixin.py:109} INFO - [2023-12-03 17:38:50,215] {dag.py:2398} INFO - Sync 1 DAGs
[2023-12-03 17:38:50,231] {logging_mixin.py:109} INFO - [2023-12-03 17:38:50,231] {dag.py:2937} INFO - Setting next_dagrun for tutorial_taskflow_api_etl to None
[2023-12-03 17:38:50,249] {processor.py:171} INFO - Processing /home/airflow/.local/lib/python3.7/site-packages/airflow/example_dags/tutorial_taskflow_api_etl.py took 0.546 seconds
[2023-12-03 17:39:20,285] {processor.py:163} INFO - Started process (PID=156365) to work on /home/airflow/.local/lib/python3.7/site-packages/airflow/example_dags/tutorial_taskflow_api_etl.py
[2023-12-03 17:39:20,287] {processor.py:642} INFO - Processing file /home/airflow/.local/lib/python3.7/site-packages/airflow/example_dags/tutorial_taskflow_api_etl.py for tasks to queue
[2023-12-03 17:39:20,288] {logging_mixin.py:109} INFO - [2023-12-03 17:39:20,288] {dagbag.py:500} INFO - Filling up the DagBag from /home/airflow/.local/lib/python3.7/site-packages/airflow/example_dags/tutorial_taskflow_api_etl.py
[2023-12-03 17:39:20,327] {processor.py:654} INFO - DAG(s) dict_keys(['tutorial_taskflow_api_etl']) retrieved from /home/airflow/.local/lib/python3.7/site-packages/airflow/example_dags/tutorial_taskflow_api_etl.py
[2023-12-03 17:39:20,749] {logging_mixin.py:109} INFO - [2023-12-03 17:39:20,749] {dag.py:2398} INFO - Sync 1 DAGs
[2023-12-03 17:39:20,777] {logging_mixin.py:109} INFO - [2023-12-03 17:39:20,777] {dag.py:2937} INFO - Setting next_dagrun for tutorial_taskflow_api_etl to None
[2023-12-03 17:39:20,810] {processor.py:171} INFO - Processing /home/airflow/.local/lib/python3.7/site-packages/airflow/example_dags/tutorial_taskflow_api_etl.py took 0.530 seconds
[2023-12-03 17:39:50,999] {processor.py:163} INFO - Started process (PID=156560) to work on /home/airflow/.local/lib/python3.7/site-packages/airflow/example_dags/tutorial_taskflow_api_etl.py
[2023-12-03 17:39:51,002] {processor.py:642} INFO - Processing file /home/airflow/.local/lib/python3.7/site-packages/airflow/example_dags/tutorial_taskflow_api_etl.py for tasks to queue
[2023-12-03 17:39:51,003] {logging_mixin.py:109} INFO - [2023-12-03 17:39:51,003] {dagbag.py:500} INFO - Filling up the DagBag from /home/airflow/.local/lib/python3.7/site-packages/airflow/example_dags/tutorial_taskflow_api_etl.py
[2023-12-03 17:39:51,060] {processor.py:654} INFO - DAG(s) dict_keys(['tutorial_taskflow_api_etl']) retrieved from /home/airflow/.local/lib/python3.7/site-packages/airflow/example_dags/tutorial_taskflow_api_etl.py
[2023-12-03 17:39:51,550] {logging_mixin.py:109} INFO - [2023-12-03 17:39:51,550] {dag.py:2398} INFO - Sync 1 DAGs
[2023-12-03 17:39:51,569] {logging_mixin.py:109} INFO - [2023-12-03 17:39:51,569] {dag.py:2937} INFO - Setting next_dagrun for tutorial_taskflow_api_etl to None
[2023-12-03 17:39:51,599] {processor.py:171} INFO - Processing /home/airflow/.local/lib/python3.7/site-packages/airflow/example_dags/tutorial_taskflow_api_etl.py took 0.610 seconds
[2023-12-03 17:40:22,521] {processor.py:163} INFO - Started process (PID=156760) to work on /home/airflow/.local/lib/python3.7/site-packages/airflow/example_dags/tutorial_taskflow_api_etl.py
[2023-12-03 17:40:22,525] {processor.py:642} INFO - Processing file /home/airflow/.local/lib/python3.7/site-packages/airflow/example_dags/tutorial_taskflow_api_etl.py for tasks to queue
[2023-12-03 17:40:22,526] {logging_mixin.py:109} INFO - [2023-12-03 17:40:22,525] {dagbag.py:500} INFO - Filling up the DagBag from /home/airflow/.local/lib/python3.7/site-packages/airflow/example_dags/tutorial_taskflow_api_etl.py
[2023-12-03 17:40:22,561] {processor.py:654} INFO - DAG(s) dict_keys(['tutorial_taskflow_api_etl']) retrieved from /home/airflow/.local/lib/python3.7/site-packages/airflow/example_dags/tutorial_taskflow_api_etl.py
[2023-12-03 17:40:22,918] {logging_mixin.py:109} INFO - [2023-12-03 17:40:22,917] {dag.py:2398} INFO - Sync 1 DAGs
[2023-12-03 17:40:22,935] {logging_mixin.py:109} INFO - [2023-12-03 17:40:22,934] {dag.py:2937} INFO - Setting next_dagrun for tutorial_taskflow_api_etl to None
[2023-12-03 17:40:22,961] {processor.py:171} INFO - Processing /home/airflow/.local/lib/python3.7/site-packages/airflow/example_dags/tutorial_taskflow_api_etl.py took 0.443 seconds
[2023-12-03 17:40:53,914] {processor.py:163} INFO - Started process (PID=156951) to work on /home/airflow/.local/lib/python3.7/site-packages/airflow/example_dags/tutorial_taskflow_api_etl.py
[2023-12-03 17:40:53,916] {processor.py:642} INFO - Processing file /home/airflow/.local/lib/python3.7/site-packages/airflow/example_dags/tutorial_taskflow_api_etl.py for tasks to queue
[2023-12-03 17:40:53,917] {logging_mixin.py:109} INFO - [2023-12-03 17:40:53,917] {dagbag.py:500} INFO - Filling up the DagBag from /home/airflow/.local/lib/python3.7/site-packages/airflow/example_dags/tutorial_taskflow_api_etl.py
[2023-12-03 17:40:53,964] {processor.py:654} INFO - DAG(s) dict_keys(['tutorial_taskflow_api_etl']) retrieved from /home/airflow/.local/lib/python3.7/site-packages/airflow/example_dags/tutorial_taskflow_api_etl.py
[2023-12-03 17:40:54,429] {logging_mixin.py:109} INFO - [2023-12-03 17:40:54,429] {dag.py:2398} INFO - Sync 1 DAGs
[2023-12-03 17:40:54,454] {logging_mixin.py:109} INFO - [2023-12-03 17:40:54,454] {dag.py:2937} INFO - Setting next_dagrun for tutorial_taskflow_api_etl to None
[2023-12-03 17:40:54,472] {processor.py:171} INFO - Processing /home/airflow/.local/lib/python3.7/site-packages/airflow/example_dags/tutorial_taskflow_api_etl.py took 0.564 seconds
[2023-12-03 17:41:25,304] {processor.py:163} INFO - Started process (PID=157140) to work on /home/airflow/.local/lib/python3.7/site-packages/airflow/example_dags/tutorial_taskflow_api_etl.py
[2023-12-03 17:41:25,306] {processor.py:642} INFO - Processing file /home/airflow/.local/lib/python3.7/site-packages/airflow/example_dags/tutorial_taskflow_api_etl.py for tasks to queue
[2023-12-03 17:41:25,307] {logging_mixin.py:109} INFO - [2023-12-03 17:41:25,306] {dagbag.py:500} INFO - Filling up the DagBag from /home/airflow/.local/lib/python3.7/site-packages/airflow/example_dags/tutorial_taskflow_api_etl.py
[2023-12-03 17:41:25,347] {processor.py:654} INFO - DAG(s) dict_keys(['tutorial_taskflow_api_etl']) retrieved from /home/airflow/.local/lib/python3.7/site-packages/airflow/example_dags/tutorial_taskflow_api_etl.py
[2023-12-03 17:41:25,712] {logging_mixin.py:109} INFO - [2023-12-03 17:41:25,712] {dag.py:2398} INFO - Sync 1 DAGs
[2023-12-03 17:41:25,727] {logging_mixin.py:109} INFO - [2023-12-03 17:41:25,727] {dag.py:2937} INFO - Setting next_dagrun for tutorial_taskflow_api_etl to None
[2023-12-03 17:41:25,744] {processor.py:171} INFO - Processing /home/airflow/.local/lib/python3.7/site-packages/airflow/example_dags/tutorial_taskflow_api_etl.py took 0.444 seconds
[2023-12-03 17:41:56,449] {processor.py:163} INFO - Started process (PID=157337) to work on /home/airflow/.local/lib/python3.7/site-packages/airflow/example_dags/tutorial_taskflow_api_etl.py
[2023-12-03 17:41:56,452] {processor.py:642} INFO - Processing file /home/airflow/.local/lib/python3.7/site-packages/airflow/example_dags/tutorial_taskflow_api_etl.py for tasks to queue
[2023-12-03 17:41:56,453] {logging_mixin.py:109} INFO - [2023-12-03 17:41:56,453] {dagbag.py:500} INFO - Filling up the DagBag from /home/airflow/.local/lib/python3.7/site-packages/airflow/example_dags/tutorial_taskflow_api_etl.py
[2023-12-03 17:41:56,507] {processor.py:654} INFO - DAG(s) dict_keys(['tutorial_taskflow_api_etl']) retrieved from /home/airflow/.local/lib/python3.7/site-packages/airflow/example_dags/tutorial_taskflow_api_etl.py
[2023-12-03 17:41:57,026] {logging_mixin.py:109} INFO - [2023-12-03 17:41:57,026] {dag.py:2398} INFO - Sync 1 DAGs
[2023-12-03 17:41:57,047] {logging_mixin.py:109} INFO - [2023-12-03 17:41:57,047] {dag.py:2937} INFO - Setting next_dagrun for tutorial_taskflow_api_etl to None
[2023-12-03 17:41:57,066] {processor.py:171} INFO - Processing /home/airflow/.local/lib/python3.7/site-packages/airflow/example_dags/tutorial_taskflow_api_etl.py took 0.625 seconds
[2023-12-03 17:42:27,177] {processor.py:163} INFO - Started process (PID=157525) to work on /home/airflow/.local/lib/python3.7/site-packages/airflow/example_dags/tutorial_taskflow_api_etl.py
[2023-12-03 17:42:27,178] {processor.py:642} INFO - Processing file /home/airflow/.local/lib/python3.7/site-packages/airflow/example_dags/tutorial_taskflow_api_etl.py for tasks to queue
[2023-12-03 17:42:27,179] {logging_mixin.py:109} INFO - [2023-12-03 17:42:27,179] {dagbag.py:500} INFO - Filling up the DagBag from /home/airflow/.local/lib/python3.7/site-packages/airflow/example_dags/tutorial_taskflow_api_etl.py
[2023-12-03 17:42:27,222] {processor.py:654} INFO - DAG(s) dict_keys(['tutorial_taskflow_api_etl']) retrieved from /home/airflow/.local/lib/python3.7/site-packages/airflow/example_dags/tutorial_taskflow_api_etl.py
[2023-12-03 17:42:27,718] {logging_mixin.py:109} INFO - [2023-12-03 17:42:27,718] {dag.py:2398} INFO - Sync 1 DAGs
[2023-12-03 17:42:27,736] {logging_mixin.py:109} INFO - [2023-12-03 17:42:27,736] {dag.py:2937} INFO - Setting next_dagrun for tutorial_taskflow_api_etl to None
[2023-12-03 17:42:27,752] {processor.py:171} INFO - Processing /home/airflow/.local/lib/python3.7/site-packages/airflow/example_dags/tutorial_taskflow_api_etl.py took 0.581 seconds
[2023-12-03 17:42:58,616] {processor.py:163} INFO - Started process (PID=157716) to work on /home/airflow/.local/lib/python3.7/site-packages/airflow/example_dags/tutorial_taskflow_api_etl.py
[2023-12-03 17:42:58,619] {processor.py:642} INFO - Processing file /home/airflow/.local/lib/python3.7/site-packages/airflow/example_dags/tutorial_taskflow_api_etl.py for tasks to queue
[2023-12-03 17:42:58,620] {logging_mixin.py:109} INFO - [2023-12-03 17:42:58,619] {dagbag.py:500} INFO - Filling up the DagBag from /home/airflow/.local/lib/python3.7/site-packages/airflow/example_dags/tutorial_taskflow_api_etl.py
[2023-12-03 17:42:58,668] {processor.py:654} INFO - DAG(s) dict_keys(['tutorial_taskflow_api_etl']) retrieved from /home/airflow/.local/lib/python3.7/site-packages/airflow/example_dags/tutorial_taskflow_api_etl.py
[2023-12-03 17:42:59,249] {logging_mixin.py:109} INFO - [2023-12-03 17:42:59,249] {dag.py:2398} INFO - Sync 1 DAGs
[2023-12-03 17:42:59,270] {logging_mixin.py:109} INFO - [2023-12-03 17:42:59,270] {dag.py:2937} INFO - Setting next_dagrun for tutorial_taskflow_api_etl to None
[2023-12-03 17:42:59,288] {processor.py:171} INFO - Processing /home/airflow/.local/lib/python3.7/site-packages/airflow/example_dags/tutorial_taskflow_api_etl.py took 0.679 seconds
[2023-12-03 17:43:30,501] {processor.py:163} INFO - Started process (PID=157916) to work on /home/airflow/.local/lib/python3.7/site-packages/airflow/example_dags/tutorial_taskflow_api_etl.py
[2023-12-03 17:43:30,504] {processor.py:642} INFO - Processing file /home/airflow/.local/lib/python3.7/site-packages/airflow/example_dags/tutorial_taskflow_api_etl.py for tasks to queue
[2023-12-03 17:43:30,506] {logging_mixin.py:109} INFO - [2023-12-03 17:43:30,505] {dagbag.py:500} INFO - Filling up the DagBag from /home/airflow/.local/lib/python3.7/site-packages/airflow/example_dags/tutorial_taskflow_api_etl.py
[2023-12-03 17:43:30,571] {processor.py:654} INFO - DAG(s) dict_keys(['tutorial_taskflow_api_etl']) retrieved from /home/airflow/.local/lib/python3.7/site-packages/airflow/example_dags/tutorial_taskflow_api_etl.py
[2023-12-03 17:43:31,164] {logging_mixin.py:109} INFO - [2023-12-03 17:43:31,163] {dag.py:2398} INFO - Sync 1 DAGs
[2023-12-03 17:43:31,199] {logging_mixin.py:109} INFO - [2023-12-03 17:43:31,198] {dag.py:2937} INFO - Setting next_dagrun for tutorial_taskflow_api_etl to None
[2023-12-03 17:43:31,224] {processor.py:171} INFO - Processing /home/airflow/.local/lib/python3.7/site-packages/airflow/example_dags/tutorial_taskflow_api_etl.py took 0.730 seconds
[2023-12-03 17:46:54,969] {processor.py:163} INFO - Started process (PID=158114) to work on /home/airflow/.local/lib/python3.7/site-packages/airflow/example_dags/tutorial_taskflow_api_etl.py
[2023-12-03 17:46:54,983] {processor.py:642} INFO - Processing file /home/airflow/.local/lib/python3.7/site-packages/airflow/example_dags/tutorial_taskflow_api_etl.py for tasks to queue
[2023-12-03 17:46:54,985] {logging_mixin.py:109} INFO - [2023-12-03 17:46:54,984] {dagbag.py:500} INFO - Filling up the DagBag from /home/airflow/.local/lib/python3.7/site-packages/airflow/example_dags/tutorial_taskflow_api_etl.py
[2023-12-03 17:46:55,296] {processor.py:654} INFO - DAG(s) dict_keys(['tutorial_taskflow_api_etl']) retrieved from /home/airflow/.local/lib/python3.7/site-packages/airflow/example_dags/tutorial_taskflow_api_etl.py
[2023-12-03 17:46:57,642] {logging_mixin.py:109} INFO - [2023-12-03 17:46:57,642] {dag.py:2398} INFO - Sync 1 DAGs
[2023-12-03 17:46:57,753] {logging_mixin.py:109} INFO - [2023-12-03 17:46:57,753] {dag.py:2937} INFO - Setting next_dagrun for tutorial_taskflow_api_etl to None
[2023-12-03 17:46:57,876] {processor.py:171} INFO - Processing /home/airflow/.local/lib/python3.7/site-packages/airflow/example_dags/tutorial_taskflow_api_etl.py took 2.936 seconds
[2023-12-03 17:47:28,489] {processor.py:163} INFO - Started process (PID=158309) to work on /home/airflow/.local/lib/python3.7/site-packages/airflow/example_dags/tutorial_taskflow_api_etl.py
[2023-12-03 17:47:28,491] {processor.py:642} INFO - Processing file /home/airflow/.local/lib/python3.7/site-packages/airflow/example_dags/tutorial_taskflow_api_etl.py for tasks to queue
[2023-12-03 17:47:28,492] {logging_mixin.py:109} INFO - [2023-12-03 17:47:28,492] {dagbag.py:500} INFO - Filling up the DagBag from /home/airflow/.local/lib/python3.7/site-packages/airflow/example_dags/tutorial_taskflow_api_etl.py
[2023-12-03 17:47:28,537] {processor.py:654} INFO - DAG(s) dict_keys(['tutorial_taskflow_api_etl']) retrieved from /home/airflow/.local/lib/python3.7/site-packages/airflow/example_dags/tutorial_taskflow_api_etl.py
[2023-12-03 17:47:28,965] {logging_mixin.py:109} INFO - [2023-12-03 17:47:28,965] {dag.py:2398} INFO - Sync 1 DAGs
[2023-12-03 17:47:28,986] {logging_mixin.py:109} INFO - [2023-12-03 17:47:28,986] {dag.py:2937} INFO - Setting next_dagrun for tutorial_taskflow_api_etl to None
[2023-12-03 17:47:29,053] {processor.py:171} INFO - Processing /home/airflow/.local/lib/python3.7/site-packages/airflow/example_dags/tutorial_taskflow_api_etl.py took 0.570 seconds
[2023-12-03 17:47:59,886] {processor.py:163} INFO - Started process (PID=158497) to work on /home/airflow/.local/lib/python3.7/site-packages/airflow/example_dags/tutorial_taskflow_api_etl.py
[2023-12-03 17:47:59,888] {processor.py:642} INFO - Processing file /home/airflow/.local/lib/python3.7/site-packages/airflow/example_dags/tutorial_taskflow_api_etl.py for tasks to queue
[2023-12-03 17:47:59,889] {logging_mixin.py:109} INFO - [2023-12-03 17:47:59,889] {dagbag.py:500} INFO - Filling up the DagBag from /home/airflow/.local/lib/python3.7/site-packages/airflow/example_dags/tutorial_taskflow_api_etl.py
[2023-12-03 17:47:59,937] {processor.py:654} INFO - DAG(s) dict_keys(['tutorial_taskflow_api_etl']) retrieved from /home/airflow/.local/lib/python3.7/site-packages/airflow/example_dags/tutorial_taskflow_api_etl.py
[2023-12-03 17:48:00,361] {logging_mixin.py:109} INFO - [2023-12-03 17:48:00,361] {dag.py:2398} INFO - Sync 1 DAGs
[2023-12-03 17:48:00,382] {logging_mixin.py:109} INFO - [2023-12-03 17:48:00,382] {dag.py:2937} INFO - Setting next_dagrun for tutorial_taskflow_api_etl to None
[2023-12-03 17:48:00,399] {processor.py:171} INFO - Processing /home/airflow/.local/lib/python3.7/site-packages/airflow/example_dags/tutorial_taskflow_api_etl.py took 0.520 seconds
[2023-12-03 17:48:30,630] {processor.py:163} INFO - Started process (PID=158685) to work on /home/airflow/.local/lib/python3.7/site-packages/airflow/example_dags/tutorial_taskflow_api_etl.py
[2023-12-03 17:48:30,632] {processor.py:642} INFO - Processing file /home/airflow/.local/lib/python3.7/site-packages/airflow/example_dags/tutorial_taskflow_api_etl.py for tasks to queue
[2023-12-03 17:48:30,633] {logging_mixin.py:109} INFO - [2023-12-03 17:48:30,633] {dagbag.py:500} INFO - Filling up the DagBag from /home/airflow/.local/lib/python3.7/site-packages/airflow/example_dags/tutorial_taskflow_api_etl.py
[2023-12-03 17:48:30,677] {processor.py:654} INFO - DAG(s) dict_keys(['tutorial_taskflow_api_etl']) retrieved from /home/airflow/.local/lib/python3.7/site-packages/airflow/example_dags/tutorial_taskflow_api_etl.py
[2023-12-03 17:48:31,115] {logging_mixin.py:109} INFO - [2023-12-03 17:48:31,115] {dag.py:2398} INFO - Sync 1 DAGs
[2023-12-03 17:48:31,139] {logging_mixin.py:109} INFO - [2023-12-03 17:48:31,139] {dag.py:2937} INFO - Setting next_dagrun for tutorial_taskflow_api_etl to None
[2023-12-03 17:48:31,160] {processor.py:171} INFO - Processing /home/airflow/.local/lib/python3.7/site-packages/airflow/example_dags/tutorial_taskflow_api_etl.py took 0.535 seconds
[2023-12-03 17:49:01,338] {processor.py:163} INFO - Started process (PID=158873) to work on /home/airflow/.local/lib/python3.7/site-packages/airflow/example_dags/tutorial_taskflow_api_etl.py
[2023-12-03 17:49:01,341] {processor.py:642} INFO - Processing file /home/airflow/.local/lib/python3.7/site-packages/airflow/example_dags/tutorial_taskflow_api_etl.py for tasks to queue
[2023-12-03 17:49:01,342] {logging_mixin.py:109} INFO - [2023-12-03 17:49:01,342] {dagbag.py:500} INFO - Filling up the DagBag from /home/airflow/.local/lib/python3.7/site-packages/airflow/example_dags/tutorial_taskflow_api_etl.py
[2023-12-03 17:49:01,388] {processor.py:654} INFO - DAG(s) dict_keys(['tutorial_taskflow_api_etl']) retrieved from /home/airflow/.local/lib/python3.7/site-packages/airflow/example_dags/tutorial_taskflow_api_etl.py
[2023-12-03 17:49:01,874] {logging_mixin.py:109} INFO - [2023-12-03 17:49:01,874] {dag.py:2398} INFO - Sync 1 DAGs
[2023-12-03 17:49:01,897] {logging_mixin.py:109} INFO - [2023-12-03 17:49:01,897] {dag.py:2937} INFO - Setting next_dagrun for tutorial_taskflow_api_etl to None
[2023-12-03 17:49:01,914] {processor.py:171} INFO - Processing /home/airflow/.local/lib/python3.7/site-packages/airflow/example_dags/tutorial_taskflow_api_etl.py took 0.581 seconds
[2023-12-03 17:49:32,090] {processor.py:163} INFO - Started process (PID=159085) to work on /home/airflow/.local/lib/python3.7/site-packages/airflow/example_dags/tutorial_taskflow_api_etl.py
[2023-12-03 17:49:32,092] {processor.py:642} INFO - Processing file /home/airflow/.local/lib/python3.7/site-packages/airflow/example_dags/tutorial_taskflow_api_etl.py for tasks to queue
[2023-12-03 17:49:32,093] {logging_mixin.py:109} INFO - [2023-12-03 17:49:32,093] {dagbag.py:500} INFO - Filling up the DagBag from /home/airflow/.local/lib/python3.7/site-packages/airflow/example_dags/tutorial_taskflow_api_etl.py
[2023-12-03 17:49:32,135] {processor.py:654} INFO - DAG(s) dict_keys(['tutorial_taskflow_api_etl']) retrieved from /home/airflow/.local/lib/python3.7/site-packages/airflow/example_dags/tutorial_taskflow_api_etl.py
[2023-12-03 17:49:32,580] {logging_mixin.py:109} INFO - [2023-12-03 17:49:32,580] {dag.py:2398} INFO - Sync 1 DAGs
[2023-12-03 17:49:32,602] {logging_mixin.py:109} INFO - [2023-12-03 17:49:32,602] {dag.py:2937} INFO - Setting next_dagrun for tutorial_taskflow_api_etl to None
[2023-12-03 17:49:32,619] {processor.py:171} INFO - Processing /home/airflow/.local/lib/python3.7/site-packages/airflow/example_dags/tutorial_taskflow_api_etl.py took 0.534 seconds
[2023-12-03 17:50:02,788] {processor.py:163} INFO - Started process (PID=159273) to work on /home/airflow/.local/lib/python3.7/site-packages/airflow/example_dags/tutorial_taskflow_api_etl.py
[2023-12-03 17:50:02,789] {processor.py:642} INFO - Processing file /home/airflow/.local/lib/python3.7/site-packages/airflow/example_dags/tutorial_taskflow_api_etl.py for tasks to queue
[2023-12-03 17:50:02,790] {logging_mixin.py:109} INFO - [2023-12-03 17:50:02,789] {dagbag.py:500} INFO - Filling up the DagBag from /home/airflow/.local/lib/python3.7/site-packages/airflow/example_dags/tutorial_taskflow_api_etl.py
[2023-12-03 17:50:02,823] {processor.py:654} INFO - DAG(s) dict_keys(['tutorial_taskflow_api_etl']) retrieved from /home/airflow/.local/lib/python3.7/site-packages/airflow/example_dags/tutorial_taskflow_api_etl.py
[2023-12-03 17:50:03,158] {logging_mixin.py:109} INFO - [2023-12-03 17:50:03,158] {dag.py:2398} INFO - Sync 1 DAGs
[2023-12-03 17:50:03,175] {logging_mixin.py:109} INFO - [2023-12-03 17:50:03,175] {dag.py:2937} INFO - Setting next_dagrun for tutorial_taskflow_api_etl to None
[2023-12-03 17:50:03,193] {processor.py:171} INFO - Processing /home/airflow/.local/lib/python3.7/site-packages/airflow/example_dags/tutorial_taskflow_api_etl.py took 0.412 seconds
[2023-12-03 17:50:33,318] {processor.py:163} INFO - Started process (PID=159446) to work on /home/airflow/.local/lib/python3.7/site-packages/airflow/example_dags/tutorial_taskflow_api_etl.py
[2023-12-03 17:50:33,320] {processor.py:642} INFO - Processing file /home/airflow/.local/lib/python3.7/site-packages/airflow/example_dags/tutorial_taskflow_api_etl.py for tasks to queue
[2023-12-03 17:50:33,321] {logging_mixin.py:109} INFO - [2023-12-03 17:50:33,321] {dagbag.py:500} INFO - Filling up the DagBag from /home/airflow/.local/lib/python3.7/site-packages/airflow/example_dags/tutorial_taskflow_api_etl.py
[2023-12-03 17:50:33,362] {processor.py:654} INFO - DAG(s) dict_keys(['tutorial_taskflow_api_etl']) retrieved from /home/airflow/.local/lib/python3.7/site-packages/airflow/example_dags/tutorial_taskflow_api_etl.py
[2023-12-03 17:50:33,760] {logging_mixin.py:109} INFO - [2023-12-03 17:50:33,760] {dag.py:2398} INFO - Sync 1 DAGs
[2023-12-03 17:50:33,778] {logging_mixin.py:109} INFO - [2023-12-03 17:50:33,778] {dag.py:2937} INFO - Setting next_dagrun for tutorial_taskflow_api_etl to None
[2023-12-03 17:50:33,792] {processor.py:171} INFO - Processing /home/airflow/.local/lib/python3.7/site-packages/airflow/example_dags/tutorial_taskflow_api_etl.py took 0.480 seconds
[2023-12-03 17:51:03,881] {processor.py:163} INFO - Started process (PID=159634) to work on /home/airflow/.local/lib/python3.7/site-packages/airflow/example_dags/tutorial_taskflow_api_etl.py
[2023-12-03 17:51:03,883] {processor.py:642} INFO - Processing file /home/airflow/.local/lib/python3.7/site-packages/airflow/example_dags/tutorial_taskflow_api_etl.py for tasks to queue
[2023-12-03 17:51:03,885] {logging_mixin.py:109} INFO - [2023-12-03 17:51:03,885] {dagbag.py:500} INFO - Filling up the DagBag from /home/airflow/.local/lib/python3.7/site-packages/airflow/example_dags/tutorial_taskflow_api_etl.py
[2023-12-03 17:51:03,969] {processor.py:654} INFO - DAG(s) dict_keys(['tutorial_taskflow_api_etl']) retrieved from /home/airflow/.local/lib/python3.7/site-packages/airflow/example_dags/tutorial_taskflow_api_etl.py
[2023-12-03 17:51:04,927] {logging_mixin.py:109} INFO - [2023-12-03 17:51:04,927] {dag.py:2398} INFO - Sync 1 DAGs
[2023-12-03 17:51:04,967] {logging_mixin.py:109} INFO - [2023-12-03 17:51:04,967] {dag.py:2937} INFO - Setting next_dagrun for tutorial_taskflow_api_etl to None
[2023-12-03 17:51:05,009] {processor.py:171} INFO - Processing /home/airflow/.local/lib/python3.7/site-packages/airflow/example_dags/tutorial_taskflow_api_etl.py took 1.134 seconds
[2023-12-03 22:17:04,042] {processor.py:163} INFO - Started process (PID=159869) to work on /home/airflow/.local/lib/python3.7/site-packages/airflow/example_dags/tutorial_taskflow_api_etl.py
[2023-12-03 22:17:04,056] {processor.py:642} INFO - Processing file /home/airflow/.local/lib/python3.7/site-packages/airflow/example_dags/tutorial_taskflow_api_etl.py for tasks to queue
[2023-12-03 22:17:04,057] {logging_mixin.py:109} INFO - [2023-12-03 22:17:04,057] {dagbag.py:500} INFO - Filling up the DagBag from /home/airflow/.local/lib/python3.7/site-packages/airflow/example_dags/tutorial_taskflow_api_etl.py
[2023-12-03 22:17:04,187] {processor.py:654} INFO - DAG(s) dict_keys(['tutorial_taskflow_api_etl']) retrieved from /home/airflow/.local/lib/python3.7/site-packages/airflow/example_dags/tutorial_taskflow_api_etl.py
[2023-12-03 22:17:07,090] {logging_mixin.py:109} INFO - [2023-12-03 22:17:07,089] {dag.py:2398} INFO - Sync 1 DAGs
[2023-12-03 22:17:07,219] {logging_mixin.py:109} INFO - [2023-12-03 22:17:07,218] {dag.py:2937} INFO - Setting next_dagrun for tutorial_taskflow_api_etl to None
[2023-12-03 22:17:07,304] {processor.py:171} INFO - Processing /home/airflow/.local/lib/python3.7/site-packages/airflow/example_dags/tutorial_taskflow_api_etl.py took 3.281 seconds
