[2023-12-03 17:33:02,141] {processor.py:163} INFO - Started process (PID=154101) to work on /home/airflow/.local/lib/python3.7/site-packages/airflow/example_dags/tutorial_taskflow_api_etl_virtualenv.py
[2023-12-03 17:33:02,152] {processor.py:642} INFO - Processing file /home/airflow/.local/lib/python3.7/site-packages/airflow/example_dags/tutorial_taskflow_api_etl_virtualenv.py for tasks to queue
[2023-12-03 17:33:02,154] {logging_mixin.py:109} INFO - [2023-12-03 17:33:02,154] {dagbag.py:500} INFO - Filling up the DagBag from /home/airflow/.local/lib/python3.7/site-packages/airflow/example_dags/tutorial_taskflow_api_etl_virtualenv.py
[2023-12-03 17:33:02,237] {processor.py:654} INFO - DAG(s) dict_keys(['tutorial_taskflow_api_etl_virtualenv']) retrieved from /home/airflow/.local/lib/python3.7/site-packages/airflow/example_dags/tutorial_taskflow_api_etl_virtualenv.py
[2023-12-03 17:33:04,008] {logging_mixin.py:109} INFO - [2023-12-03 17:33:04,008] {dag.py:2398} INFO - Sync 1 DAGs
[2023-12-03 17:33:04,094] {logging_mixin.py:109} INFO - [2023-12-03 17:33:04,093] {dag.py:2937} INFO - Setting next_dagrun for tutorial_taskflow_api_etl_virtualenv to None
[2023-12-03 17:33:04,190] {processor.py:171} INFO - Processing /home/airflow/.local/lib/python3.7/site-packages/airflow/example_dags/tutorial_taskflow_api_etl_virtualenv.py took 2.059 seconds
[2023-12-03 17:33:35,122] {processor.py:163} INFO - Started process (PID=154301) to work on /home/airflow/.local/lib/python3.7/site-packages/airflow/example_dags/tutorial_taskflow_api_etl_virtualenv.py
[2023-12-03 17:33:35,124] {processor.py:642} INFO - Processing file /home/airflow/.local/lib/python3.7/site-packages/airflow/example_dags/tutorial_taskflow_api_etl_virtualenv.py for tasks to queue
[2023-12-03 17:33:35,126] {logging_mixin.py:109} INFO - [2023-12-03 17:33:35,125] {dagbag.py:500} INFO - Filling up the DagBag from /home/airflow/.local/lib/python3.7/site-packages/airflow/example_dags/tutorial_taskflow_api_etl_virtualenv.py
[2023-12-03 17:33:35,285] {processor.py:654} INFO - DAG(s) dict_keys(['tutorial_taskflow_api_etl_virtualenv']) retrieved from /home/airflow/.local/lib/python3.7/site-packages/airflow/example_dags/tutorial_taskflow_api_etl_virtualenv.py
[2023-12-03 17:33:36,729] {logging_mixin.py:109} INFO - [2023-12-03 17:33:36,729] {dag.py:2398} INFO - Sync 1 DAGs
[2023-12-03 17:33:36,795] {logging_mixin.py:109} INFO - [2023-12-03 17:33:36,795] {dag.py:2937} INFO - Setting next_dagrun for tutorial_taskflow_api_etl_virtualenv to None
[2023-12-03 17:33:36,847] {processor.py:171} INFO - Processing /home/airflow/.local/lib/python3.7/site-packages/airflow/example_dags/tutorial_taskflow_api_etl_virtualenv.py took 1.742 seconds
[2023-12-03 17:34:07,052] {processor.py:163} INFO - Started process (PID=154484) to work on /home/airflow/.local/lib/python3.7/site-packages/airflow/example_dags/tutorial_taskflow_api_etl_virtualenv.py
[2023-12-03 17:34:07,054] {processor.py:642} INFO - Processing file /home/airflow/.local/lib/python3.7/site-packages/airflow/example_dags/tutorial_taskflow_api_etl_virtualenv.py for tasks to queue
[2023-12-03 17:34:07,056] {logging_mixin.py:109} INFO - [2023-12-03 17:34:07,056] {dagbag.py:500} INFO - Filling up the DagBag from /home/airflow/.local/lib/python3.7/site-packages/airflow/example_dags/tutorial_taskflow_api_etl_virtualenv.py
[2023-12-03 17:34:07,224] {processor.py:654} INFO - DAG(s) dict_keys(['tutorial_taskflow_api_etl_virtualenv']) retrieved from /home/airflow/.local/lib/python3.7/site-packages/airflow/example_dags/tutorial_taskflow_api_etl_virtualenv.py
[2023-12-03 17:34:09,224] {logging_mixin.py:109} INFO - [2023-12-03 17:34:09,224] {dag.py:2398} INFO - Sync 1 DAGs
[2023-12-03 17:34:09,320] {logging_mixin.py:109} INFO - [2023-12-03 17:34:09,320] {dag.py:2937} INFO - Setting next_dagrun for tutorial_taskflow_api_etl_virtualenv to None
[2023-12-03 17:34:09,415] {processor.py:171} INFO - Processing /home/airflow/.local/lib/python3.7/site-packages/airflow/example_dags/tutorial_taskflow_api_etl_virtualenv.py took 2.381 seconds
[2023-12-03 17:34:39,961] {processor.py:163} INFO - Started process (PID=154666) to work on /home/airflow/.local/lib/python3.7/site-packages/airflow/example_dags/tutorial_taskflow_api_etl_virtualenv.py
[2023-12-03 17:34:39,964] {processor.py:642} INFO - Processing file /home/airflow/.local/lib/python3.7/site-packages/airflow/example_dags/tutorial_taskflow_api_etl_virtualenv.py for tasks to queue
[2023-12-03 17:34:39,974] {logging_mixin.py:109} INFO - [2023-12-03 17:34:39,973] {dagbag.py:500} INFO - Filling up the DagBag from /home/airflow/.local/lib/python3.7/site-packages/airflow/example_dags/tutorial_taskflow_api_etl_virtualenv.py
[2023-12-03 17:34:40,131] {processor.py:654} INFO - DAG(s) dict_keys(['tutorial_taskflow_api_etl_virtualenv']) retrieved from /home/airflow/.local/lib/python3.7/site-packages/airflow/example_dags/tutorial_taskflow_api_etl_virtualenv.py
[2023-12-03 17:34:41,451] {logging_mixin.py:109} INFO - [2023-12-03 17:34:41,450] {dag.py:2398} INFO - Sync 1 DAGs
[2023-12-03 17:34:41,525] {logging_mixin.py:109} INFO - [2023-12-03 17:34:41,525] {dag.py:2937} INFO - Setting next_dagrun for tutorial_taskflow_api_etl_virtualenv to None
[2023-12-03 17:34:41,576] {processor.py:171} INFO - Processing /home/airflow/.local/lib/python3.7/site-packages/airflow/example_dags/tutorial_taskflow_api_etl_virtualenv.py took 1.634 seconds
[2023-12-03 17:35:11,861] {processor.py:163} INFO - Started process (PID=154856) to work on /home/airflow/.local/lib/python3.7/site-packages/airflow/example_dags/tutorial_taskflow_api_etl_virtualenv.py
[2023-12-03 17:35:11,882] {processor.py:642} INFO - Processing file /home/airflow/.local/lib/python3.7/site-packages/airflow/example_dags/tutorial_taskflow_api_etl_virtualenv.py for tasks to queue
[2023-12-03 17:35:11,883] {logging_mixin.py:109} INFO - [2023-12-03 17:35:11,883] {dagbag.py:500} INFO - Filling up the DagBag from /home/airflow/.local/lib/python3.7/site-packages/airflow/example_dags/tutorial_taskflow_api_etl_virtualenv.py
[2023-12-03 17:35:11,996] {processor.py:654} INFO - DAG(s) dict_keys(['tutorial_taskflow_api_etl_virtualenv']) retrieved from /home/airflow/.local/lib/python3.7/site-packages/airflow/example_dags/tutorial_taskflow_api_etl_virtualenv.py
[2023-12-03 17:35:13,196] {logging_mixin.py:109} INFO - [2023-12-03 17:35:13,195] {dag.py:2398} INFO - Sync 1 DAGs
[2023-12-03 17:35:13,257] {logging_mixin.py:109} INFO - [2023-12-03 17:35:13,256] {dag.py:2937} INFO - Setting next_dagrun for tutorial_taskflow_api_etl_virtualenv to None
[2023-12-03 17:35:13,330] {processor.py:171} INFO - Processing /home/airflow/.local/lib/python3.7/site-packages/airflow/example_dags/tutorial_taskflow_api_etl_virtualenv.py took 1.484 seconds
[2023-12-03 17:35:43,975] {processor.py:163} INFO - Started process (PID=155038) to work on /home/airflow/.local/lib/python3.7/site-packages/airflow/example_dags/tutorial_taskflow_api_etl_virtualenv.py
[2023-12-03 17:35:43,996] {processor.py:642} INFO - Processing file /home/airflow/.local/lib/python3.7/site-packages/airflow/example_dags/tutorial_taskflow_api_etl_virtualenv.py for tasks to queue
[2023-12-03 17:35:44,007] {logging_mixin.py:109} INFO - [2023-12-03 17:35:43,997] {dagbag.py:500} INFO - Filling up the DagBag from /home/airflow/.local/lib/python3.7/site-packages/airflow/example_dags/tutorial_taskflow_api_etl_virtualenv.py
[2023-12-03 17:35:44,131] {processor.py:654} INFO - DAG(s) dict_keys(['tutorial_taskflow_api_etl_virtualenv']) retrieved from /home/airflow/.local/lib/python3.7/site-packages/airflow/example_dags/tutorial_taskflow_api_etl_virtualenv.py
[2023-12-03 17:35:46,348] {logging_mixin.py:109} INFO - [2023-12-03 17:35:46,347] {dag.py:2398} INFO - Sync 1 DAGs
[2023-12-03 17:35:46,457] {logging_mixin.py:109} INFO - [2023-12-03 17:35:46,456] {dag.py:2937} INFO - Setting next_dagrun for tutorial_taskflow_api_etl_virtualenv to None
[2023-12-03 17:35:46,526] {processor.py:171} INFO - Processing /home/airflow/.local/lib/python3.7/site-packages/airflow/example_dags/tutorial_taskflow_api_etl_virtualenv.py took 2.569 seconds
[2023-12-03 17:36:17,643] {processor.py:163} INFO - Started process (PID=155251) to work on /home/airflow/.local/lib/python3.7/site-packages/airflow/example_dags/tutorial_taskflow_api_etl_virtualenv.py
[2023-12-03 17:36:17,651] {processor.py:642} INFO - Processing file /home/airflow/.local/lib/python3.7/site-packages/airflow/example_dags/tutorial_taskflow_api_etl_virtualenv.py for tasks to queue
[2023-12-03 17:36:17,653] {logging_mixin.py:109} INFO - [2023-12-03 17:36:17,653] {dagbag.py:500} INFO - Filling up the DagBag from /home/airflow/.local/lib/python3.7/site-packages/airflow/example_dags/tutorial_taskflow_api_etl_virtualenv.py
[2023-12-03 17:36:17,774] {processor.py:654} INFO - DAG(s) dict_keys(['tutorial_taskflow_api_etl_virtualenv']) retrieved from /home/airflow/.local/lib/python3.7/site-packages/airflow/example_dags/tutorial_taskflow_api_etl_virtualenv.py
[2023-12-03 17:36:19,760] {logging_mixin.py:109} INFO - [2023-12-03 17:36:19,759] {dag.py:2398} INFO - Sync 1 DAGs
[2023-12-03 17:36:19,836] {logging_mixin.py:109} INFO - [2023-12-03 17:36:19,836] {dag.py:2937} INFO - Setting next_dagrun for tutorial_taskflow_api_etl_virtualenv to None
[2023-12-03 17:36:19,908] {processor.py:171} INFO - Processing /home/airflow/.local/lib/python3.7/site-packages/airflow/example_dags/tutorial_taskflow_api_etl_virtualenv.py took 2.279 seconds
[2023-12-03 17:36:50,515] {processor.py:163} INFO - Started process (PID=155451) to work on /home/airflow/.local/lib/python3.7/site-packages/airflow/example_dags/tutorial_taskflow_api_etl_virtualenv.py
[2023-12-03 17:36:50,521] {processor.py:642} INFO - Processing file /home/airflow/.local/lib/python3.7/site-packages/airflow/example_dags/tutorial_taskflow_api_etl_virtualenv.py for tasks to queue
[2023-12-03 17:36:50,522] {logging_mixin.py:109} INFO - [2023-12-03 17:36:50,522] {dagbag.py:500} INFO - Filling up the DagBag from /home/airflow/.local/lib/python3.7/site-packages/airflow/example_dags/tutorial_taskflow_api_etl_virtualenv.py
[2023-12-03 17:36:50,594] {processor.py:654} INFO - DAG(s) dict_keys(['tutorial_taskflow_api_etl_virtualenv']) retrieved from /home/airflow/.local/lib/python3.7/site-packages/airflow/example_dags/tutorial_taskflow_api_etl_virtualenv.py
[2023-12-03 17:36:51,215] {logging_mixin.py:109} INFO - [2023-12-03 17:36:51,215] {dag.py:2398} INFO - Sync 1 DAGs
[2023-12-03 17:36:51,239] {logging_mixin.py:109} INFO - [2023-12-03 17:36:51,239] {dag.py:2937} INFO - Setting next_dagrun for tutorial_taskflow_api_etl_virtualenv to None
[2023-12-03 17:36:51,262] {processor.py:171} INFO - Processing /home/airflow/.local/lib/python3.7/site-packages/airflow/example_dags/tutorial_taskflow_api_etl_virtualenv.py took 0.772 seconds
[2023-12-03 17:37:22,181] {processor.py:163} INFO - Started process (PID=155641) to work on /home/airflow/.local/lib/python3.7/site-packages/airflow/example_dags/tutorial_taskflow_api_etl_virtualenv.py
[2023-12-03 17:37:22,183] {processor.py:642} INFO - Processing file /home/airflow/.local/lib/python3.7/site-packages/airflow/example_dags/tutorial_taskflow_api_etl_virtualenv.py for tasks to queue
[2023-12-03 17:37:22,184] {logging_mixin.py:109} INFO - [2023-12-03 17:37:22,184] {dagbag.py:500} INFO - Filling up the DagBag from /home/airflow/.local/lib/python3.7/site-packages/airflow/example_dags/tutorial_taskflow_api_etl_virtualenv.py
[2023-12-03 17:37:22,227] {processor.py:654} INFO - DAG(s) dict_keys(['tutorial_taskflow_api_etl_virtualenv']) retrieved from /home/airflow/.local/lib/python3.7/site-packages/airflow/example_dags/tutorial_taskflow_api_etl_virtualenv.py
[2023-12-03 17:37:22,617] {logging_mixin.py:109} INFO - [2023-12-03 17:37:22,617] {dag.py:2398} INFO - Sync 1 DAGs
[2023-12-03 17:37:22,635] {logging_mixin.py:109} INFO - [2023-12-03 17:37:22,635] {dag.py:2937} INFO - Setting next_dagrun for tutorial_taskflow_api_etl_virtualenv to None
[2023-12-03 17:37:22,670] {processor.py:171} INFO - Processing /home/airflow/.local/lib/python3.7/site-packages/airflow/example_dags/tutorial_taskflow_api_etl_virtualenv.py took 0.492 seconds
[2023-12-03 17:37:53,051] {processor.py:163} INFO - Started process (PID=155829) to work on /home/airflow/.local/lib/python3.7/site-packages/airflow/example_dags/tutorial_taskflow_api_etl_virtualenv.py
[2023-12-03 17:37:53,058] {processor.py:642} INFO - Processing file /home/airflow/.local/lib/python3.7/site-packages/airflow/example_dags/tutorial_taskflow_api_etl_virtualenv.py for tasks to queue
[2023-12-03 17:37:53,059] {logging_mixin.py:109} INFO - [2023-12-03 17:37:53,059] {dagbag.py:500} INFO - Filling up the DagBag from /home/airflow/.local/lib/python3.7/site-packages/airflow/example_dags/tutorial_taskflow_api_etl_virtualenv.py
[2023-12-03 17:37:53,115] {processor.py:654} INFO - DAG(s) dict_keys(['tutorial_taskflow_api_etl_virtualenv']) retrieved from /home/airflow/.local/lib/python3.7/site-packages/airflow/example_dags/tutorial_taskflow_api_etl_virtualenv.py
[2023-12-03 17:37:53,653] {logging_mixin.py:109} INFO - [2023-12-03 17:37:53,653] {dag.py:2398} INFO - Sync 1 DAGs
[2023-12-03 17:37:53,675] {logging_mixin.py:109} INFO - [2023-12-03 17:37:53,675] {dag.py:2937} INFO - Setting next_dagrun for tutorial_taskflow_api_etl_virtualenv to None
[2023-12-03 17:37:53,704] {processor.py:171} INFO - Processing /home/airflow/.local/lib/python3.7/site-packages/airflow/example_dags/tutorial_taskflow_api_etl_virtualenv.py took 0.658 seconds
[2023-12-03 17:38:23,816] {processor.py:163} INFO - Started process (PID=156017) to work on /home/airflow/.local/lib/python3.7/site-packages/airflow/example_dags/tutorial_taskflow_api_etl_virtualenv.py
[2023-12-03 17:38:23,819] {processor.py:642} INFO - Processing file /home/airflow/.local/lib/python3.7/site-packages/airflow/example_dags/tutorial_taskflow_api_etl_virtualenv.py for tasks to queue
[2023-12-03 17:38:23,820] {logging_mixin.py:109} INFO - [2023-12-03 17:38:23,819] {dagbag.py:500} INFO - Filling up the DagBag from /home/airflow/.local/lib/python3.7/site-packages/airflow/example_dags/tutorial_taskflow_api_etl_virtualenv.py
[2023-12-03 17:38:23,860] {processor.py:654} INFO - DAG(s) dict_keys(['tutorial_taskflow_api_etl_virtualenv']) retrieved from /home/airflow/.local/lib/python3.7/site-packages/airflow/example_dags/tutorial_taskflow_api_etl_virtualenv.py
[2023-12-03 17:38:24,282] {logging_mixin.py:109} INFO - [2023-12-03 17:38:24,282] {dag.py:2398} INFO - Sync 1 DAGs
[2023-12-03 17:38:24,301] {logging_mixin.py:109} INFO - [2023-12-03 17:38:24,301] {dag.py:2937} INFO - Setting next_dagrun for tutorial_taskflow_api_etl_virtualenv to None
[2023-12-03 17:38:24,316] {processor.py:171} INFO - Processing /home/airflow/.local/lib/python3.7/site-packages/airflow/example_dags/tutorial_taskflow_api_etl_virtualenv.py took 0.504 seconds
[2023-12-03 17:38:55,074] {processor.py:163} INFO - Started process (PID=156226) to work on /home/airflow/.local/lib/python3.7/site-packages/airflow/example_dags/tutorial_taskflow_api_etl_virtualenv.py
[2023-12-03 17:38:55,076] {processor.py:642} INFO - Processing file /home/airflow/.local/lib/python3.7/site-packages/airflow/example_dags/tutorial_taskflow_api_etl_virtualenv.py for tasks to queue
[2023-12-03 17:38:55,076] {logging_mixin.py:109} INFO - [2023-12-03 17:38:55,076] {dagbag.py:500} INFO - Filling up the DagBag from /home/airflow/.local/lib/python3.7/site-packages/airflow/example_dags/tutorial_taskflow_api_etl_virtualenv.py
[2023-12-03 17:38:55,115] {processor.py:654} INFO - DAG(s) dict_keys(['tutorial_taskflow_api_etl_virtualenv']) retrieved from /home/airflow/.local/lib/python3.7/site-packages/airflow/example_dags/tutorial_taskflow_api_etl_virtualenv.py
[2023-12-03 17:38:55,539] {logging_mixin.py:109} INFO - [2023-12-03 17:38:55,539] {dag.py:2398} INFO - Sync 1 DAGs
[2023-12-03 17:38:55,559] {logging_mixin.py:109} INFO - [2023-12-03 17:38:55,559] {dag.py:2937} INFO - Setting next_dagrun for tutorial_taskflow_api_etl_virtualenv to None
[2023-12-03 17:38:55,574] {processor.py:171} INFO - Processing /home/airflow/.local/lib/python3.7/site-packages/airflow/example_dags/tutorial_taskflow_api_etl_virtualenv.py took 0.506 seconds
[2023-12-03 17:39:26,011] {processor.py:163} INFO - Started process (PID=156412) to work on /home/airflow/.local/lib/python3.7/site-packages/airflow/example_dags/tutorial_taskflow_api_etl_virtualenv.py
[2023-12-03 17:39:26,020] {processor.py:642} INFO - Processing file /home/airflow/.local/lib/python3.7/site-packages/airflow/example_dags/tutorial_taskflow_api_etl_virtualenv.py for tasks to queue
[2023-12-03 17:39:26,021] {logging_mixin.py:109} INFO - [2023-12-03 17:39:26,021] {dagbag.py:500} INFO - Filling up the DagBag from /home/airflow/.local/lib/python3.7/site-packages/airflow/example_dags/tutorial_taskflow_api_etl_virtualenv.py
[2023-12-03 17:39:26,126] {processor.py:654} INFO - DAG(s) dict_keys(['tutorial_taskflow_api_etl_virtualenv']) retrieved from /home/airflow/.local/lib/python3.7/site-packages/airflow/example_dags/tutorial_taskflow_api_etl_virtualenv.py
[2023-12-03 17:39:26,828] {logging_mixin.py:109} INFO - [2023-12-03 17:39:26,828] {dag.py:2398} INFO - Sync 1 DAGs
[2023-12-03 17:39:26,862] {logging_mixin.py:109} INFO - [2023-12-03 17:39:26,862] {dag.py:2937} INFO - Setting next_dagrun for tutorial_taskflow_api_etl_virtualenv to None
[2023-12-03 17:39:26,882] {processor.py:171} INFO - Processing /home/airflow/.local/lib/python3.7/site-packages/airflow/example_dags/tutorial_taskflow_api_etl_virtualenv.py took 0.888 seconds
[2023-12-03 17:39:57,668] {processor.py:163} INFO - Started process (PID=156612) to work on /home/airflow/.local/lib/python3.7/site-packages/airflow/example_dags/tutorial_taskflow_api_etl_virtualenv.py
[2023-12-03 17:39:57,670] {processor.py:642} INFO - Processing file /home/airflow/.local/lib/python3.7/site-packages/airflow/example_dags/tutorial_taskflow_api_etl_virtualenv.py for tasks to queue
[2023-12-03 17:39:57,671] {logging_mixin.py:109} INFO - [2023-12-03 17:39:57,671] {dagbag.py:500} INFO - Filling up the DagBag from /home/airflow/.local/lib/python3.7/site-packages/airflow/example_dags/tutorial_taskflow_api_etl_virtualenv.py
[2023-12-03 17:39:57,705] {processor.py:654} INFO - DAG(s) dict_keys(['tutorial_taskflow_api_etl_virtualenv']) retrieved from /home/airflow/.local/lib/python3.7/site-packages/airflow/example_dags/tutorial_taskflow_api_etl_virtualenv.py
[2023-12-03 17:39:58,093] {logging_mixin.py:109} INFO - [2023-12-03 17:39:58,093] {dag.py:2398} INFO - Sync 1 DAGs
[2023-12-03 17:39:58,111] {logging_mixin.py:109} INFO - [2023-12-03 17:39:58,111] {dag.py:2937} INFO - Setting next_dagrun for tutorial_taskflow_api_etl_virtualenv to None
[2023-12-03 17:39:58,145] {processor.py:171} INFO - Processing /home/airflow/.local/lib/python3.7/site-packages/airflow/example_dags/tutorial_taskflow_api_etl_virtualenv.py took 0.480 seconds
[2023-12-03 17:40:29,223] {processor.py:163} INFO - Started process (PID=156803) to work on /home/airflow/.local/lib/python3.7/site-packages/airflow/example_dags/tutorial_taskflow_api_etl_virtualenv.py
[2023-12-03 17:40:29,233] {processor.py:642} INFO - Processing file /home/airflow/.local/lib/python3.7/site-packages/airflow/example_dags/tutorial_taskflow_api_etl_virtualenv.py for tasks to queue
[2023-12-03 17:40:29,235] {logging_mixin.py:109} INFO - [2023-12-03 17:40:29,234] {dagbag.py:500} INFO - Filling up the DagBag from /home/airflow/.local/lib/python3.7/site-packages/airflow/example_dags/tutorial_taskflow_api_etl_virtualenv.py
[2023-12-03 17:40:29,289] {processor.py:654} INFO - DAG(s) dict_keys(['tutorial_taskflow_api_etl_virtualenv']) retrieved from /home/airflow/.local/lib/python3.7/site-packages/airflow/example_dags/tutorial_taskflow_api_etl_virtualenv.py
[2023-12-03 17:40:29,649] {logging_mixin.py:109} INFO - [2023-12-03 17:40:29,649] {dag.py:2398} INFO - Sync 1 DAGs
[2023-12-03 17:40:29,665] {logging_mixin.py:109} INFO - [2023-12-03 17:40:29,665] {dag.py:2937} INFO - Setting next_dagrun for tutorial_taskflow_api_etl_virtualenv to None
[2023-12-03 17:40:29,679] {processor.py:171} INFO - Processing /home/airflow/.local/lib/python3.7/site-packages/airflow/example_dags/tutorial_taskflow_api_etl_virtualenv.py took 0.461 seconds
[2023-12-03 17:40:59,776] {processor.py:163} INFO - Started process (PID=156999) to work on /home/airflow/.local/lib/python3.7/site-packages/airflow/example_dags/tutorial_taskflow_api_etl_virtualenv.py
[2023-12-03 17:40:59,778] {processor.py:642} INFO - Processing file /home/airflow/.local/lib/python3.7/site-packages/airflow/example_dags/tutorial_taskflow_api_etl_virtualenv.py for tasks to queue
[2023-12-03 17:40:59,779] {logging_mixin.py:109} INFO - [2023-12-03 17:40:59,779] {dagbag.py:500} INFO - Filling up the DagBag from /home/airflow/.local/lib/python3.7/site-packages/airflow/example_dags/tutorial_taskflow_api_etl_virtualenv.py
[2023-12-03 17:40:59,834] {processor.py:654} INFO - DAG(s) dict_keys(['tutorial_taskflow_api_etl_virtualenv']) retrieved from /home/airflow/.local/lib/python3.7/site-packages/airflow/example_dags/tutorial_taskflow_api_etl_virtualenv.py
[2023-12-03 17:41:00,298] {logging_mixin.py:109} INFO - [2023-12-03 17:41:00,298] {dag.py:2398} INFO - Sync 1 DAGs
[2023-12-03 17:41:00,317] {logging_mixin.py:109} INFO - [2023-12-03 17:41:00,317] {dag.py:2937} INFO - Setting next_dagrun for tutorial_taskflow_api_etl_virtualenv to None
[2023-12-03 17:41:00,336] {processor.py:171} INFO - Processing /home/airflow/.local/lib/python3.7/site-packages/airflow/example_dags/tutorial_taskflow_api_etl_virtualenv.py took 0.566 seconds
[2023-12-03 17:41:31,118] {processor.py:163} INFO - Started process (PID=157192) to work on /home/airflow/.local/lib/python3.7/site-packages/airflow/example_dags/tutorial_taskflow_api_etl_virtualenv.py
[2023-12-03 17:41:31,121] {processor.py:642} INFO - Processing file /home/airflow/.local/lib/python3.7/site-packages/airflow/example_dags/tutorial_taskflow_api_etl_virtualenv.py for tasks to queue
[2023-12-03 17:41:31,122] {logging_mixin.py:109} INFO - [2023-12-03 17:41:31,121] {dagbag.py:500} INFO - Filling up the DagBag from /home/airflow/.local/lib/python3.7/site-packages/airflow/example_dags/tutorial_taskflow_api_etl_virtualenv.py
[2023-12-03 17:41:31,171] {processor.py:654} INFO - DAG(s) dict_keys(['tutorial_taskflow_api_etl_virtualenv']) retrieved from /home/airflow/.local/lib/python3.7/site-packages/airflow/example_dags/tutorial_taskflow_api_etl_virtualenv.py
[2023-12-03 17:41:31,579] {logging_mixin.py:109} INFO - [2023-12-03 17:41:31,578] {dag.py:2398} INFO - Sync 1 DAGs
[2023-12-03 17:41:31,594] {logging_mixin.py:109} INFO - [2023-12-03 17:41:31,594] {dag.py:2937} INFO - Setting next_dagrun for tutorial_taskflow_api_etl_virtualenv to None
[2023-12-03 17:41:31,609] {processor.py:171} INFO - Processing /home/airflow/.local/lib/python3.7/site-packages/airflow/example_dags/tutorial_taskflow_api_etl_virtualenv.py took 0.496 seconds
[2023-12-03 17:42:02,603] {processor.py:163} INFO - Started process (PID=157387) to work on /home/airflow/.local/lib/python3.7/site-packages/airflow/example_dags/tutorial_taskflow_api_etl_virtualenv.py
[2023-12-03 17:42:02,605] {processor.py:642} INFO - Processing file /home/airflow/.local/lib/python3.7/site-packages/airflow/example_dags/tutorial_taskflow_api_etl_virtualenv.py for tasks to queue
[2023-12-03 17:42:02,606] {logging_mixin.py:109} INFO - [2023-12-03 17:42:02,606] {dagbag.py:500} INFO - Filling up the DagBag from /home/airflow/.local/lib/python3.7/site-packages/airflow/example_dags/tutorial_taskflow_api_etl_virtualenv.py
[2023-12-03 17:42:02,649] {processor.py:654} INFO - DAG(s) dict_keys(['tutorial_taskflow_api_etl_virtualenv']) retrieved from /home/airflow/.local/lib/python3.7/site-packages/airflow/example_dags/tutorial_taskflow_api_etl_virtualenv.py
[2023-12-03 17:42:03,101] {logging_mixin.py:109} INFO - [2023-12-03 17:42:03,100] {dag.py:2398} INFO - Sync 1 DAGs
[2023-12-03 17:42:03,121] {logging_mixin.py:109} INFO - [2023-12-03 17:42:03,121] {dag.py:2937} INFO - Setting next_dagrun for tutorial_taskflow_api_etl_virtualenv to None
[2023-12-03 17:42:03,141] {processor.py:171} INFO - Processing /home/airflow/.local/lib/python3.7/site-packages/airflow/example_dags/tutorial_taskflow_api_etl_virtualenv.py took 0.543 seconds
[2023-12-03 17:42:33,385] {processor.py:163} INFO - Started process (PID=157575) to work on /home/airflow/.local/lib/python3.7/site-packages/airflow/example_dags/tutorial_taskflow_api_etl_virtualenv.py
[2023-12-03 17:42:33,388] {processor.py:642} INFO - Processing file /home/airflow/.local/lib/python3.7/site-packages/airflow/example_dags/tutorial_taskflow_api_etl_virtualenv.py for tasks to queue
[2023-12-03 17:42:33,389] {logging_mixin.py:109} INFO - [2023-12-03 17:42:33,389] {dagbag.py:500} INFO - Filling up the DagBag from /home/airflow/.local/lib/python3.7/site-packages/airflow/example_dags/tutorial_taskflow_api_etl_virtualenv.py
[2023-12-03 17:42:33,427] {processor.py:654} INFO - DAG(s) dict_keys(['tutorial_taskflow_api_etl_virtualenv']) retrieved from /home/airflow/.local/lib/python3.7/site-packages/airflow/example_dags/tutorial_taskflow_api_etl_virtualenv.py
[2023-12-03 17:42:33,769] {logging_mixin.py:109} INFO - [2023-12-03 17:42:33,769] {dag.py:2398} INFO - Sync 1 DAGs
[2023-12-03 17:42:33,789] {logging_mixin.py:109} INFO - [2023-12-03 17:42:33,789] {dag.py:2937} INFO - Setting next_dagrun for tutorial_taskflow_api_etl_virtualenv to None
[2023-12-03 17:42:33,809] {processor.py:171} INFO - Processing /home/airflow/.local/lib/python3.7/site-packages/airflow/example_dags/tutorial_taskflow_api_etl_virtualenv.py took 0.429 seconds
[2023-12-03 17:43:03,879] {processor.py:163} INFO - Started process (PID=157772) to work on /home/airflow/.local/lib/python3.7/site-packages/airflow/example_dags/tutorial_taskflow_api_etl_virtualenv.py
[2023-12-03 17:43:03,882] {processor.py:642} INFO - Processing file /home/airflow/.local/lib/python3.7/site-packages/airflow/example_dags/tutorial_taskflow_api_etl_virtualenv.py for tasks to queue
[2023-12-03 17:43:03,883] {logging_mixin.py:109} INFO - [2023-12-03 17:43:03,883] {dagbag.py:500} INFO - Filling up the DagBag from /home/airflow/.local/lib/python3.7/site-packages/airflow/example_dags/tutorial_taskflow_api_etl_virtualenv.py
[2023-12-03 17:43:03,926] {processor.py:654} INFO - DAG(s) dict_keys(['tutorial_taskflow_api_etl_virtualenv']) retrieved from /home/airflow/.local/lib/python3.7/site-packages/airflow/example_dags/tutorial_taskflow_api_etl_virtualenv.py
[2023-12-03 17:43:04,394] {logging_mixin.py:109} INFO - [2023-12-03 17:43:04,394] {dag.py:2398} INFO - Sync 1 DAGs
[2023-12-03 17:43:04,415] {logging_mixin.py:109} INFO - [2023-12-03 17:43:04,415] {dag.py:2937} INFO - Setting next_dagrun for tutorial_taskflow_api_etl_virtualenv to None
[2023-12-03 17:43:04,434] {processor.py:171} INFO - Processing /home/airflow/.local/lib/python3.7/site-packages/airflow/example_dags/tutorial_taskflow_api_etl_virtualenv.py took 0.559 seconds
[2023-12-03 17:43:35,096] {processor.py:163} INFO - Started process (PID=157963) to work on /home/airflow/.local/lib/python3.7/site-packages/airflow/example_dags/tutorial_taskflow_api_etl_virtualenv.py
[2023-12-03 17:43:35,098] {processor.py:642} INFO - Processing file /home/airflow/.local/lib/python3.7/site-packages/airflow/example_dags/tutorial_taskflow_api_etl_virtualenv.py for tasks to queue
[2023-12-03 17:43:35,099] {logging_mixin.py:109} INFO - [2023-12-03 17:43:35,099] {dagbag.py:500} INFO - Filling up the DagBag from /home/airflow/.local/lib/python3.7/site-packages/airflow/example_dags/tutorial_taskflow_api_etl_virtualenv.py
[2023-12-03 17:43:35,143] {processor.py:654} INFO - DAG(s) dict_keys(['tutorial_taskflow_api_etl_virtualenv']) retrieved from /home/airflow/.local/lib/python3.7/site-packages/airflow/example_dags/tutorial_taskflow_api_etl_virtualenv.py
[2023-12-03 17:43:35,482] {logging_mixin.py:109} INFO - [2023-12-03 17:43:35,482] {dag.py:2398} INFO - Sync 1 DAGs
[2023-12-03 17:43:35,500] {logging_mixin.py:109} INFO - [2023-12-03 17:43:35,500] {dag.py:2937} INFO - Setting next_dagrun for tutorial_taskflow_api_etl_virtualenv to None
[2023-12-03 17:43:35,526] {processor.py:171} INFO - Processing /home/airflow/.local/lib/python3.7/site-packages/airflow/example_dags/tutorial_taskflow_api_etl_virtualenv.py took 0.435 seconds
[2023-12-03 17:46:58,538] {processor.py:163} INFO - Started process (PID=158134) to work on /home/airflow/.local/lib/python3.7/site-packages/airflow/example_dags/tutorial_taskflow_api_etl_virtualenv.py
[2023-12-03 17:46:58,574] {processor.py:642} INFO - Processing file /home/airflow/.local/lib/python3.7/site-packages/airflow/example_dags/tutorial_taskflow_api_etl_virtualenv.py for tasks to queue
[2023-12-03 17:46:58,576] {logging_mixin.py:109} INFO - [2023-12-03 17:46:58,576] {dagbag.py:500} INFO - Filling up the DagBag from /home/airflow/.local/lib/python3.7/site-packages/airflow/example_dags/tutorial_taskflow_api_etl_virtualenv.py
[2023-12-03 17:46:59,009] {processor.py:654} INFO - DAG(s) dict_keys(['tutorial_taskflow_api_etl_virtualenv']) retrieved from /home/airflow/.local/lib/python3.7/site-packages/airflow/example_dags/tutorial_taskflow_api_etl_virtualenv.py
[2023-12-03 17:47:00,285] {logging_mixin.py:109} INFO - [2023-12-03 17:47:00,285] {dag.py:2398} INFO - Sync 1 DAGs
[2023-12-03 17:47:00,341] {logging_mixin.py:109} INFO - [2023-12-03 17:47:00,341] {dag.py:2937} INFO - Setting next_dagrun for tutorial_taskflow_api_etl_virtualenv to None
[2023-12-03 17:47:00,411] {processor.py:171} INFO - Processing /home/airflow/.local/lib/python3.7/site-packages/airflow/example_dags/tutorial_taskflow_api_etl_virtualenv.py took 1.887 seconds
[2023-12-03 17:47:30,772] {processor.py:163} INFO - Started process (PID=158334) to work on /home/airflow/.local/lib/python3.7/site-packages/airflow/example_dags/tutorial_taskflow_api_etl_virtualenv.py
[2023-12-03 17:47:30,776] {processor.py:642} INFO - Processing file /home/airflow/.local/lib/python3.7/site-packages/airflow/example_dags/tutorial_taskflow_api_etl_virtualenv.py for tasks to queue
[2023-12-03 17:47:30,777] {logging_mixin.py:109} INFO - [2023-12-03 17:47:30,777] {dagbag.py:500} INFO - Filling up the DagBag from /home/airflow/.local/lib/python3.7/site-packages/airflow/example_dags/tutorial_taskflow_api_etl_virtualenv.py
[2023-12-03 17:47:30,829] {processor.py:654} INFO - DAG(s) dict_keys(['tutorial_taskflow_api_etl_virtualenv']) retrieved from /home/airflow/.local/lib/python3.7/site-packages/airflow/example_dags/tutorial_taskflow_api_etl_virtualenv.py
[2023-12-03 17:47:31,255] {logging_mixin.py:109} INFO - [2023-12-03 17:47:31,255] {dag.py:2398} INFO - Sync 1 DAGs
[2023-12-03 17:47:31,283] {logging_mixin.py:109} INFO - [2023-12-03 17:47:31,283] {dag.py:2937} INFO - Setting next_dagrun for tutorial_taskflow_api_etl_virtualenv to None
[2023-12-03 17:47:31,309] {processor.py:171} INFO - Processing /home/airflow/.local/lib/python3.7/site-packages/airflow/example_dags/tutorial_taskflow_api_etl_virtualenv.py took 0.544 seconds
[2023-12-03 17:48:01,607] {processor.py:163} INFO - Started process (PID=158520) to work on /home/airflow/.local/lib/python3.7/site-packages/airflow/example_dags/tutorial_taskflow_api_etl_virtualenv.py
[2023-12-03 17:48:01,609] {processor.py:642} INFO - Processing file /home/airflow/.local/lib/python3.7/site-packages/airflow/example_dags/tutorial_taskflow_api_etl_virtualenv.py for tasks to queue
[2023-12-03 17:48:01,611] {logging_mixin.py:109} INFO - [2023-12-03 17:48:01,610] {dagbag.py:500} INFO - Filling up the DagBag from /home/airflow/.local/lib/python3.7/site-packages/airflow/example_dags/tutorial_taskflow_api_etl_virtualenv.py
[2023-12-03 17:48:01,652] {processor.py:654} INFO - DAG(s) dict_keys(['tutorial_taskflow_api_etl_virtualenv']) retrieved from /home/airflow/.local/lib/python3.7/site-packages/airflow/example_dags/tutorial_taskflow_api_etl_virtualenv.py
[2023-12-03 17:48:02,135] {logging_mixin.py:109} INFO - [2023-12-03 17:48:02,135] {dag.py:2398} INFO - Sync 1 DAGs
[2023-12-03 17:48:02,152] {logging_mixin.py:109} INFO - [2023-12-03 17:48:02,152] {dag.py:2937} INFO - Setting next_dagrun for tutorial_taskflow_api_etl_virtualenv to None
[2023-12-03 17:48:02,172] {processor.py:171} INFO - Processing /home/airflow/.local/lib/python3.7/site-packages/airflow/example_dags/tutorial_taskflow_api_etl_virtualenv.py took 0.570 seconds
[2023-12-03 17:48:32,295] {processor.py:163} INFO - Started process (PID=158708) to work on /home/airflow/.local/lib/python3.7/site-packages/airflow/example_dags/tutorial_taskflow_api_etl_virtualenv.py
[2023-12-03 17:48:32,300] {processor.py:642} INFO - Processing file /home/airflow/.local/lib/python3.7/site-packages/airflow/example_dags/tutorial_taskflow_api_etl_virtualenv.py for tasks to queue
[2023-12-03 17:48:32,301] {logging_mixin.py:109} INFO - [2023-12-03 17:48:32,301] {dagbag.py:500} INFO - Filling up the DagBag from /home/airflow/.local/lib/python3.7/site-packages/airflow/example_dags/tutorial_taskflow_api_etl_virtualenv.py
[2023-12-03 17:48:32,348] {processor.py:654} INFO - DAG(s) dict_keys(['tutorial_taskflow_api_etl_virtualenv']) retrieved from /home/airflow/.local/lib/python3.7/site-packages/airflow/example_dags/tutorial_taskflow_api_etl_virtualenv.py
[2023-12-03 17:48:32,880] {logging_mixin.py:109} INFO - [2023-12-03 17:48:32,880] {dag.py:2398} INFO - Sync 1 DAGs
[2023-12-03 17:48:32,906] {logging_mixin.py:109} INFO - [2023-12-03 17:48:32,905] {dag.py:2937} INFO - Setting next_dagrun for tutorial_taskflow_api_etl_virtualenv to None
[2023-12-03 17:48:32,924] {processor.py:171} INFO - Processing /home/airflow/.local/lib/python3.7/site-packages/airflow/example_dags/tutorial_taskflow_api_etl_virtualenv.py took 0.635 seconds
[2023-12-03 17:49:03,027] {processor.py:163} INFO - Started process (PID=158895) to work on /home/airflow/.local/lib/python3.7/site-packages/airflow/example_dags/tutorial_taskflow_api_etl_virtualenv.py
[2023-12-03 17:49:03,029] {processor.py:642} INFO - Processing file /home/airflow/.local/lib/python3.7/site-packages/airflow/example_dags/tutorial_taskflow_api_etl_virtualenv.py for tasks to queue
[2023-12-03 17:49:03,030] {logging_mixin.py:109} INFO - [2023-12-03 17:49:03,030] {dagbag.py:500} INFO - Filling up the DagBag from /home/airflow/.local/lib/python3.7/site-packages/airflow/example_dags/tutorial_taskflow_api_etl_virtualenv.py
[2023-12-03 17:49:03,069] {processor.py:654} INFO - DAG(s) dict_keys(['tutorial_taskflow_api_etl_virtualenv']) retrieved from /home/airflow/.local/lib/python3.7/site-packages/airflow/example_dags/tutorial_taskflow_api_etl_virtualenv.py
[2023-12-03 17:49:03,421] {logging_mixin.py:109} INFO - [2023-12-03 17:49:03,420] {dag.py:2398} INFO - Sync 1 DAGs
[2023-12-03 17:49:03,446] {logging_mixin.py:109} INFO - [2023-12-03 17:49:03,446] {dag.py:2937} INFO - Setting next_dagrun for tutorial_taskflow_api_etl_virtualenv to None
[2023-12-03 17:49:03,462] {processor.py:171} INFO - Processing /home/airflow/.local/lib/python3.7/site-packages/airflow/example_dags/tutorial_taskflow_api_etl_virtualenv.py took 0.444 seconds
[2023-12-03 17:49:33,705] {processor.py:163} INFO - Started process (PID=159093) to work on /home/airflow/.local/lib/python3.7/site-packages/airflow/example_dags/tutorial_taskflow_api_etl_virtualenv.py
[2023-12-03 17:49:33,719] {processor.py:642} INFO - Processing file /home/airflow/.local/lib/python3.7/site-packages/airflow/example_dags/tutorial_taskflow_api_etl_virtualenv.py for tasks to queue
[2023-12-03 17:49:33,720] {logging_mixin.py:109} INFO - [2023-12-03 17:49:33,720] {dagbag.py:500} INFO - Filling up the DagBag from /home/airflow/.local/lib/python3.7/site-packages/airflow/example_dags/tutorial_taskflow_api_etl_virtualenv.py
[2023-12-03 17:49:33,772] {processor.py:654} INFO - DAG(s) dict_keys(['tutorial_taskflow_api_etl_virtualenv']) retrieved from /home/airflow/.local/lib/python3.7/site-packages/airflow/example_dags/tutorial_taskflow_api_etl_virtualenv.py
[2023-12-03 17:49:34,241] {logging_mixin.py:109} INFO - [2023-12-03 17:49:34,241] {dag.py:2398} INFO - Sync 1 DAGs
[2023-12-03 17:49:34,265] {logging_mixin.py:109} INFO - [2023-12-03 17:49:34,265] {dag.py:2937} INFO - Setting next_dagrun for tutorial_taskflow_api_etl_virtualenv to None
[2023-12-03 17:49:34,281] {processor.py:171} INFO - Processing /home/airflow/.local/lib/python3.7/site-packages/airflow/example_dags/tutorial_taskflow_api_etl_virtualenv.py took 0.581 seconds
[2023-12-03 17:50:04,885] {processor.py:163} INFO - Started process (PID=159283) to work on /home/airflow/.local/lib/python3.7/site-packages/airflow/example_dags/tutorial_taskflow_api_etl_virtualenv.py
[2023-12-03 17:50:04,888] {processor.py:642} INFO - Processing file /home/airflow/.local/lib/python3.7/site-packages/airflow/example_dags/tutorial_taskflow_api_etl_virtualenv.py for tasks to queue
[2023-12-03 17:50:04,889] {logging_mixin.py:109} INFO - [2023-12-03 17:50:04,889] {dagbag.py:500} INFO - Filling up the DagBag from /home/airflow/.local/lib/python3.7/site-packages/airflow/example_dags/tutorial_taskflow_api_etl_virtualenv.py
[2023-12-03 17:50:04,973] {processor.py:654} INFO - DAG(s) dict_keys(['tutorial_taskflow_api_etl_virtualenv']) retrieved from /home/airflow/.local/lib/python3.7/site-packages/airflow/example_dags/tutorial_taskflow_api_etl_virtualenv.py
[2023-12-03 17:50:05,337] {logging_mixin.py:109} INFO - [2023-12-03 17:50:05,337] {dag.py:2398} INFO - Sync 1 DAGs
[2023-12-03 17:50:05,354] {logging_mixin.py:109} INFO - [2023-12-03 17:50:05,353] {dag.py:2937} INFO - Setting next_dagrun for tutorial_taskflow_api_etl_virtualenv to None
[2023-12-03 17:50:05,372] {processor.py:171} INFO - Processing /home/airflow/.local/lib/python3.7/site-packages/airflow/example_dags/tutorial_taskflow_api_etl_virtualenv.py took 0.492 seconds
[2023-12-03 17:50:36,005] {processor.py:163} INFO - Started process (PID=159471) to work on /home/airflow/.local/lib/python3.7/site-packages/airflow/example_dags/tutorial_taskflow_api_etl_virtualenv.py
[2023-12-03 17:50:36,007] {processor.py:642} INFO - Processing file /home/airflow/.local/lib/python3.7/site-packages/airflow/example_dags/tutorial_taskflow_api_etl_virtualenv.py for tasks to queue
[2023-12-03 17:50:36,009] {logging_mixin.py:109} INFO - [2023-12-03 17:50:36,008] {dagbag.py:500} INFO - Filling up the DagBag from /home/airflow/.local/lib/python3.7/site-packages/airflow/example_dags/tutorial_taskflow_api_etl_virtualenv.py
[2023-12-03 17:50:36,050] {processor.py:654} INFO - DAG(s) dict_keys(['tutorial_taskflow_api_etl_virtualenv']) retrieved from /home/airflow/.local/lib/python3.7/site-packages/airflow/example_dags/tutorial_taskflow_api_etl_virtualenv.py
[2023-12-03 17:50:36,495] {logging_mixin.py:109} INFO - [2023-12-03 17:50:36,494] {dag.py:2398} INFO - Sync 1 DAGs
[2023-12-03 17:50:36,518] {logging_mixin.py:109} INFO - [2023-12-03 17:50:36,517] {dag.py:2937} INFO - Setting next_dagrun for tutorial_taskflow_api_etl_virtualenv to None
[2023-12-03 17:50:36,536] {processor.py:171} INFO - Processing /home/airflow/.local/lib/python3.7/site-packages/airflow/example_dags/tutorial_taskflow_api_etl_virtualenv.py took 0.536 seconds
[2023-12-03 17:51:06,649] {processor.py:163} INFO - Started process (PID=159659) to work on /home/airflow/.local/lib/python3.7/site-packages/airflow/example_dags/tutorial_taskflow_api_etl_virtualenv.py
[2023-12-03 17:51:06,652] {processor.py:642} INFO - Processing file /home/airflow/.local/lib/python3.7/site-packages/airflow/example_dags/tutorial_taskflow_api_etl_virtualenv.py for tasks to queue
[2023-12-03 17:51:06,653] {logging_mixin.py:109} INFO - [2023-12-03 17:51:06,653] {dagbag.py:500} INFO - Filling up the DagBag from /home/airflow/.local/lib/python3.7/site-packages/airflow/example_dags/tutorial_taskflow_api_etl_virtualenv.py
[2023-12-03 17:51:06,709] {processor.py:654} INFO - DAG(s) dict_keys(['tutorial_taskflow_api_etl_virtualenv']) retrieved from /home/airflow/.local/lib/python3.7/site-packages/airflow/example_dags/tutorial_taskflow_api_etl_virtualenv.py
[2023-12-03 17:51:07,225] {logging_mixin.py:109} INFO - [2023-12-03 17:51:07,225] {dag.py:2398} INFO - Sync 1 DAGs
[2023-12-03 17:51:07,253] {logging_mixin.py:109} INFO - [2023-12-03 17:51:07,253] {dag.py:2937} INFO - Setting next_dagrun for tutorial_taskflow_api_etl_virtualenv to None
[2023-12-03 17:51:07,269] {processor.py:171} INFO - Processing /home/airflow/.local/lib/python3.7/site-packages/airflow/example_dags/tutorial_taskflow_api_etl_virtualenv.py took 0.626 seconds
[2023-12-03 22:17:08,125] {processor.py:163} INFO - Started process (PID=159889) to work on /home/airflow/.local/lib/python3.7/site-packages/airflow/example_dags/tutorial_taskflow_api_etl_virtualenv.py
[2023-12-03 22:17:08,161] {processor.py:642} INFO - Processing file /home/airflow/.local/lib/python3.7/site-packages/airflow/example_dags/tutorial_taskflow_api_etl_virtualenv.py for tasks to queue
[2023-12-03 22:17:08,163] {logging_mixin.py:109} INFO - [2023-12-03 22:17:08,162] {dagbag.py:500} INFO - Filling up the DagBag from /home/airflow/.local/lib/python3.7/site-packages/airflow/example_dags/tutorial_taskflow_api_etl_virtualenv.py
[2023-12-03 22:17:08,392] {processor.py:654} INFO - DAG(s) dict_keys(['tutorial_taskflow_api_etl_virtualenv']) retrieved from /home/airflow/.local/lib/python3.7/site-packages/airflow/example_dags/tutorial_taskflow_api_etl_virtualenv.py
[2023-12-03 22:17:10,919] {logging_mixin.py:109} INFO - [2023-12-03 22:17:10,919] {dag.py:2398} INFO - Sync 1 DAGs
[2023-12-03 22:17:10,978] {logging_mixin.py:109} INFO - [2023-12-03 22:17:10,977] {dag.py:2937} INFO - Setting next_dagrun for tutorial_taskflow_api_etl_virtualenv to None
[2023-12-03 22:17:11,068] {processor.py:171} INFO - Processing /home/airflow/.local/lib/python3.7/site-packages/airflow/example_dags/tutorial_taskflow_api_etl_virtualenv.py took 2.960 seconds
