[2023-12-04 11:04:01,417] {taskinstance.py:1037} INFO - Dependencies all met for <TaskInstance: our_dag_with_python_operator_v04.greet manual__2023-12-04T11:03:59.820467+00:00 [queued]>
[2023-12-04 11:04:01,425] {taskinstance.py:1037} INFO - Dependencies all met for <TaskInstance: our_dag_with_python_operator_v04.greet manual__2023-12-04T11:03:59.820467+00:00 [queued]>
[2023-12-04 11:04:01,425] {taskinstance.py:1243} INFO - 
--------------------------------------------------------------------------------
[2023-12-04 11:04:01,425] {taskinstance.py:1244} INFO - Starting attempt 1 of 6
[2023-12-04 11:04:01,425] {taskinstance.py:1245} INFO - 
--------------------------------------------------------------------------------
[2023-12-04 11:04:01,434] {taskinstance.py:1264} INFO - Executing <Task(PythonOperator): greet> on 2023-12-04 11:03:59.820467+00:00
[2023-12-04 11:04:01,437] {standard_task_runner.py:52} INFO - Started process 661 to run task
[2023-12-04 11:04:01,439] {standard_task_runner.py:76} INFO - Running: ['***', 'tasks', 'run', 'our_dag_with_python_operator_v04', 'greet', 'manual__2023-12-04T11:03:59.820467+00:00', '--job-id', '19', '--raw', '--subdir', 'DAGS_FOLDER/create_dag_with_python_operator.py', '--cfg-path', '/tmp/tmphhu4_h3g', '--error-file', '/tmp/tmp4wbvq2cl']
[2023-12-04 11:04:01,439] {standard_task_runner.py:77} INFO - Job 19: Subtask greet
[2023-12-04 11:04:01,472] {logging_mixin.py:109} INFO - Running <TaskInstance: our_dag_with_python_operator_v04.greet manual__2023-12-04T11:03:59.820467+00:00 [running]> on host 9953e82db65e
[2023-12-04 11:04:01,507] {taskinstance.py:1431} INFO - Exporting the following env vars:
AIRFLOW_CTX_DAG_OWNER=Ali
AIRFLOW_CTX_DAG_ID=our_dag_with_python_operator_v04
AIRFLOW_CTX_TASK_ID=greet
AIRFLOW_CTX_EXECUTION_DATE=2023-12-04T11:03:59.820467+00:00
AIRFLOW_CTX_DAG_RUN_ID=manual__2023-12-04T11:03:59.820467+00:00
[2023-12-04 11:04:01,512] {logging_mixin.py:109} INFO - Hello world! my name is Ali, and I am 20 years old.
[2023-12-04 11:04:01,513] {python.py:175} INFO - Done. Returned value was: None
[2023-12-04 11:04:01,520] {taskinstance.py:1282} INFO - Marking task as SUCCESS. dag_id=our_dag_with_python_operator_v04, task_id=greet, execution_date=20231204T110359, start_date=20231204T110401, end_date=20231204T110401
[2023-12-04 11:04:01,531] {local_task_job.py:154} INFO - Task exited with return code 0
[2023-12-04 11:04:01,549] {local_task_job.py:264} INFO - 0 downstream tasks scheduled from follow-on schedule check
