[2023-12-04 13:41:13,127] {taskinstance.py:1037} INFO - Dependencies all met for <TaskInstance: dag_with_taskflow_api_v02.greet scheduled__2022-10-18T00:00:00+00:00 [queued]>
[2023-12-04 13:41:13,140] {taskinstance.py:1037} INFO - Dependencies all met for <TaskInstance: dag_with_taskflow_api_v02.greet scheduled__2022-10-18T00:00:00+00:00 [queued]>
[2023-12-04 13:41:13,141] {taskinstance.py:1243} INFO - 
--------------------------------------------------------------------------------
[2023-12-04 13:41:13,141] {taskinstance.py:1244} INFO - Starting attempt 1 of 6
[2023-12-04 13:41:13,141] {taskinstance.py:1245} INFO - 
--------------------------------------------------------------------------------
[2023-12-04 13:41:13,174] {taskinstance.py:1264} INFO - Executing <Task(_PythonDecoratedOperator): greet> on 2022-10-18 00:00:00+00:00
[2023-12-04 13:41:13,179] {standard_task_runner.py:52} INFO - Started process 10792 to run task
[2023-12-04 13:41:13,186] {standard_task_runner.py:76} INFO - Running: ['***', 'tasks', 'run', 'dag_with_taskflow_api_v02', 'greet', 'scheduled__2022-10-18T00:00:00+00:00', '--job-id', '1629', '--raw', '--subdir', 'DAGS_FOLDER/dag_with_taskflow_api.py', '--cfg-path', '/tmp/tmpw595udsk', '--error-file', '/tmp/tmp__532vfm']
[2023-12-04 13:41:13,188] {standard_task_runner.py:77} INFO - Job 1629: Subtask greet
[2023-12-04 13:41:13,327] {logging_mixin.py:109} INFO - Running <TaskInstance: dag_with_taskflow_api_v02.greet scheduled__2022-10-18T00:00:00+00:00 [running]> on host 9953e82db65e
[2023-12-04 13:41:13,445] {taskinstance.py:1431} INFO - Exporting the following env vars:
AIRFLOW_CTX_DAG_OWNER=Ali
AIRFLOW_CTX_DAG_ID=dag_with_taskflow_api_v02
AIRFLOW_CTX_TASK_ID=greet
AIRFLOW_CTX_EXECUTION_DATE=2022-10-18T00:00:00+00:00
AIRFLOW_CTX_DAG_RUN_ID=scheduled__2022-10-18T00:00:00+00:00
[2023-12-04 13:41:13,446] {logging_mixin.py:109} INFO - Hello World! My name is Ali Mokh and I am 30 years old
[2023-12-04 13:41:13,447] {python.py:175} INFO - Done. Returned value was: None
[2023-12-04 13:41:13,465] {taskinstance.py:1282} INFO - Marking task as SUCCESS. dag_id=dag_with_taskflow_api_v02, task_id=greet, execution_date=20221018T000000, start_date=20231204T134113, end_date=20231204T134113
[2023-12-04 13:41:13,521] {local_task_job.py:154} INFO - Task exited with return code 0
[2023-12-04 13:41:13,579] {local_task_job.py:264} INFO - 0 downstream tasks scheduled from follow-on schedule check
