[2023-11-30 13:32:14,285] {taskinstance.py:1037} INFO - Dependencies all met for <TaskInstance: our_first_dag_v3.first_task scheduled__2023-07-30T00:00:00+00:00 [queued]>
[2023-11-30 13:32:14,299] {taskinstance.py:1037} INFO - Dependencies all met for <TaskInstance: our_first_dag_v3.first_task scheduled__2023-07-30T00:00:00+00:00 [queued]>
[2023-11-30 13:32:14,299] {taskinstance.py:1243} INFO - 
--------------------------------------------------------------------------------
[2023-11-30 13:32:14,299] {taskinstance.py:1244} INFO - Starting attempt 1 of 6
[2023-11-30 13:32:14,299] {taskinstance.py:1245} INFO - 
--------------------------------------------------------------------------------
[2023-11-30 13:32:14,317] {taskinstance.py:1264} INFO - Executing <Task(BashOperator): first_task> on 2023-07-30 00:00:00+00:00
[2023-11-30 13:32:14,322] {standard_task_runner.py:52} INFO - Started process 4667 to run task
[2023-11-30 13:32:14,328] {standard_task_runner.py:76} INFO - Running: ['***', 'tasks', 'run', 'our_first_dag_v3', 'first_task', 'scheduled__2023-07-30T00:00:00+00:00', '--job-id', '249', '--raw', '--subdir', 'DAGS_FOLDER/our_first_dag.py', '--cfg-path', '/tmp/tmphm624huj', '--error-file', '/tmp/tmp040o8q0n']
[2023-11-30 13:32:14,330] {standard_task_runner.py:77} INFO - Job 249: Subtask first_task
[2023-11-30 13:32:14,413] {logging_mixin.py:109} INFO - Running <TaskInstance: our_first_dag_v3.first_task scheduled__2023-07-30T00:00:00+00:00 [running]> on host 08735726aeda
[2023-11-30 13:32:14,483] {taskinstance.py:1431} INFO - Exporting the following env vars:
AIRFLOW_CTX_DAG_OWNER=Ali
AIRFLOW_CTX_DAG_ID=our_first_dag_v3
AIRFLOW_CTX_TASK_ID=first_task
AIRFLOW_CTX_EXECUTION_DATE=2023-07-30T00:00:00+00:00
AIRFLOW_CTX_DAG_RUN_ID=scheduled__2023-07-30T00:00:00+00:00
[2023-11-30 13:32:14,484] {subprocess.py:62} INFO - Tmp dir root location: 
 /tmp
[2023-11-30 13:32:14,485] {subprocess.py:74} INFO - Running command: ['bash', '-c', 'echo hello world, this is the first task!']
[2023-11-30 13:32:14,497] {subprocess.py:85} INFO - Output:
[2023-11-30 13:32:14,499] {subprocess.py:89} INFO - hello world, this is the first task!
[2023-11-30 13:32:14,500] {subprocess.py:93} INFO - Command exited with return code 0
[2023-11-30 13:32:14,534] {taskinstance.py:1282} INFO - Marking task as SUCCESS. dag_id=our_first_dag_v3, task_id=first_task, execution_date=20230730T000000, start_date=20231130T133214, end_date=20231130T133214
[2023-11-30 13:32:14,585] {local_task_job.py:154} INFO - Task exited with return code 0
[2023-11-30 13:32:14,740] {local_task_job.py:264} INFO - 0 downstream tasks scheduled from follow-on schedule check
