[2023-11-30 13:33:42,359] {taskinstance.py:1037} INFO - Dependencies all met for <TaskInstance: our_first_dag_v3.first_task scheduled__2023-10-23T00:00:00+00:00 [queued]>
[2023-11-30 13:33:42,379] {taskinstance.py:1037} INFO - Dependencies all met for <TaskInstance: our_first_dag_v3.first_task scheduled__2023-10-23T00:00:00+00:00 [queued]>
[2023-11-30 13:33:42,380] {taskinstance.py:1243} INFO - 
--------------------------------------------------------------------------------
[2023-11-30 13:33:42,380] {taskinstance.py:1244} INFO - Starting attempt 1 of 6
[2023-11-30 13:33:42,380] {taskinstance.py:1245} INFO - 
--------------------------------------------------------------------------------
[2023-11-30 13:33:42,408] {taskinstance.py:1264} INFO - Executing <Task(BashOperator): first_task> on 2023-10-23 00:00:00+00:00
[2023-11-30 13:33:42,413] {standard_task_runner.py:52} INFO - Started process 5946 to run task
[2023-11-30 13:33:42,418] {standard_task_runner.py:76} INFO - Running: ['***', 'tasks', 'run', 'our_first_dag_v3', 'first_task', 'scheduled__2023-10-23T00:00:00+00:00', '--job-id', '501', '--raw', '--subdir', 'DAGS_FOLDER/our_first_dag.py', '--cfg-path', '/tmp/tmps7_eoxhk', '--error-file', '/tmp/tmpep_yjn3n']
[2023-11-30 13:33:42,419] {standard_task_runner.py:77} INFO - Job 501: Subtask first_task
[2023-11-30 13:33:42,682] {logging_mixin.py:109} INFO - Running <TaskInstance: our_first_dag_v3.first_task scheduled__2023-10-23T00:00:00+00:00 [running]> on host 08735726aeda
[2023-11-30 13:33:42,865] {taskinstance.py:1431} INFO - Exporting the following env vars:
AIRFLOW_CTX_DAG_OWNER=Ali
AIRFLOW_CTX_DAG_ID=our_first_dag_v3
AIRFLOW_CTX_TASK_ID=first_task
AIRFLOW_CTX_EXECUTION_DATE=2023-10-23T00:00:00+00:00
AIRFLOW_CTX_DAG_RUN_ID=scheduled__2023-10-23T00:00:00+00:00
[2023-11-30 13:33:42,866] {subprocess.py:62} INFO - Tmp dir root location: 
 /tmp
[2023-11-30 13:33:42,868] {subprocess.py:74} INFO - Running command: ['bash', '-c', 'echo hello world, this is the first task!']
[2023-11-30 13:33:42,882] {subprocess.py:85} INFO - Output:
[2023-11-30 13:33:42,884] {subprocess.py:89} INFO - hello world, this is the first task!
[2023-11-30 13:33:42,884] {subprocess.py:93} INFO - Command exited with return code 0
[2023-11-30 13:33:42,960] {taskinstance.py:1282} INFO - Marking task as SUCCESS. dag_id=our_first_dag_v3, task_id=first_task, execution_date=20231023T000000, start_date=20231130T133342, end_date=20231130T133342
[2023-11-30 13:33:43,010] {local_task_job.py:154} INFO - Task exited with return code 0
[2023-11-30 13:33:43,086] {local_task_job.py:264} INFO - 2 downstream tasks scheduled from follow-on schedule check
