[2023-11-30 13:33:36,801] {taskinstance.py:1037} INFO - Dependencies all met for <TaskInstance: our_first_dag_v3.second_task scheduled__2023-10-11T00:00:00+00:00 [queued]>
[2023-11-30 13:33:36,832] {taskinstance.py:1037} INFO - Dependencies all met for <TaskInstance: our_first_dag_v3.second_task scheduled__2023-10-11T00:00:00+00:00 [queued]>
[2023-11-30 13:33:36,832] {taskinstance.py:1243} INFO - 
--------------------------------------------------------------------------------
[2023-11-30 13:33:36,833] {taskinstance.py:1244} INFO - Starting attempt 1 of 6
[2023-11-30 13:33:36,833] {taskinstance.py:1245} INFO - 
--------------------------------------------------------------------------------
[2023-11-30 13:33:36,905] {taskinstance.py:1264} INFO - Executing <Task(BashOperator): second_task> on 2023-10-11 00:00:00+00:00
[2023-11-30 13:33:36,909] {standard_task_runner.py:52} INFO - Started process 5855 to run task
[2023-11-30 13:33:36,913] {standard_task_runner.py:76} INFO - Running: ['***', 'tasks', 'run', 'our_first_dag_v3', 'second_task', 'scheduled__2023-10-11T00:00:00+00:00', '--job-id', '476', '--raw', '--subdir', 'DAGS_FOLDER/our_first_dag.py', '--cfg-path', '/tmp/tmpmbykp6az', '--error-file', '/tmp/tmplew0hsfo']
[2023-11-30 13:33:36,915] {standard_task_runner.py:77} INFO - Job 476: Subtask second_task
[2023-11-30 13:33:37,032] {logging_mixin.py:109} INFO - Running <TaskInstance: our_first_dag_v3.second_task scheduled__2023-10-11T00:00:00+00:00 [running]> on host 08735726aeda
[2023-11-30 13:33:37,186] {taskinstance.py:1431} INFO - Exporting the following env vars:
AIRFLOW_CTX_DAG_OWNER=Ali
AIRFLOW_CTX_DAG_ID=our_first_dag_v3
AIRFLOW_CTX_TASK_ID=second_task
AIRFLOW_CTX_EXECUTION_DATE=2023-10-11T00:00:00+00:00
AIRFLOW_CTX_DAG_RUN_ID=scheduled__2023-10-11T00:00:00+00:00
[2023-11-30 13:33:37,187] {subprocess.py:62} INFO - Tmp dir root location: 
 /tmp
[2023-11-30 13:33:37,190] {subprocess.py:74} INFO - Running command: ['bash', '-c', 'echo hello world, this is the second task!']
[2023-11-30 13:33:37,201] {subprocess.py:85} INFO - Output:
[2023-11-30 13:33:37,204] {subprocess.py:89} INFO - hello world, this is the second task!
[2023-11-30 13:33:37,205] {subprocess.py:93} INFO - Command exited with return code 0
[2023-11-30 13:33:37,260] {taskinstance.py:1282} INFO - Marking task as SUCCESS. dag_id=our_first_dag_v3, task_id=second_task, execution_date=20231011T000000, start_date=20231130T133336, end_date=20231130T133337
[2023-11-30 13:33:37,303] {local_task_job.py:154} INFO - Task exited with return code 0
[2023-11-30 13:33:37,372] {local_task_job.py:264} INFO - 0 downstream tasks scheduled from follow-on schedule check
