[2023-12-03 17:32:37,553] {processor.py:163} INFO - Started process (PID=153942) to work on /opt/airflow/dags/our_first_dag.py
[2023-12-03 17:32:37,568] {processor.py:642} INFO - Processing file /opt/airflow/dags/our_first_dag.py for tasks to queue
[2023-12-03 17:32:37,570] {logging_mixin.py:109} INFO - [2023-12-03 17:32:37,570] {dagbag.py:500} INFO - Filling up the DagBag from /opt/airflow/dags/our_first_dag.py
[2023-12-03 17:32:37,943] {processor.py:654} INFO - DAG(s) dict_keys(['our_first_dag_v3']) retrieved from /opt/airflow/dags/our_first_dag.py
[2023-12-03 17:32:38,153] {logging_mixin.py:109} INFO - [2023-12-03 17:32:38,153] {dag.py:2398} INFO - Sync 1 DAGs
[2023-12-03 17:32:38,518] {logging_mixin.py:109} INFO - [2023-12-03 17:32:38,506] {dag.py:2937} INFO - Setting next_dagrun for our_first_dag_v3 to 2023-11-30T00:00:00+00:00
[2023-12-03 17:32:38,776] {processor.py:171} INFO - Processing /opt/airflow/dags/our_first_dag.py took 1.255 seconds
[2023-12-03 17:33:09,563] {processor.py:163} INFO - Started process (PID=154128) to work on /opt/airflow/dags/our_first_dag.py
[2023-12-03 17:33:09,589] {processor.py:642} INFO - Processing file /opt/airflow/dags/our_first_dag.py for tasks to queue
[2023-12-03 17:33:09,590] {logging_mixin.py:109} INFO - [2023-12-03 17:33:09,590] {dagbag.py:500} INFO - Filling up the DagBag from /opt/airflow/dags/our_first_dag.py
[2023-12-03 17:33:09,760] {processor.py:654} INFO - DAG(s) dict_keys(['our_first_dag_v3']) retrieved from /opt/airflow/dags/our_first_dag.py
[2023-12-03 17:33:09,806] {logging_mixin.py:109} INFO - [2023-12-03 17:33:09,806] {dag.py:2398} INFO - Sync 1 DAGs
[2023-12-03 17:33:09,905] {logging_mixin.py:109} INFO - [2023-12-03 17:33:09,905] {dag.py:2937} INFO - Setting next_dagrun for our_first_dag_v3 to 2023-11-30T00:00:00+00:00
[2023-12-03 17:33:09,981] {processor.py:171} INFO - Processing /opt/airflow/dags/our_first_dag.py took 0.452 seconds
[2023-12-03 17:33:40,309] {processor.py:163} INFO - Started process (PID=154309) to work on /opt/airflow/dags/our_first_dag.py
[2023-12-03 17:33:40,323] {processor.py:642} INFO - Processing file /opt/airflow/dags/our_first_dag.py for tasks to queue
[2023-12-03 17:33:40,326] {logging_mixin.py:109} INFO - [2023-12-03 17:33:40,325] {dagbag.py:500} INFO - Filling up the DagBag from /opt/airflow/dags/our_first_dag.py
[2023-12-03 17:33:40,452] {processor.py:654} INFO - DAG(s) dict_keys(['our_first_dag_v3']) retrieved from /opt/airflow/dags/our_first_dag.py
[2023-12-03 17:33:40,503] {logging_mixin.py:109} INFO - [2023-12-03 17:33:40,502] {dag.py:2398} INFO - Sync 1 DAGs
[2023-12-03 17:33:40,602] {logging_mixin.py:109} INFO - [2023-12-03 17:33:40,602] {dag.py:2937} INFO - Setting next_dagrun for our_first_dag_v3 to 2023-11-30T00:00:00+00:00
[2023-12-03 17:33:40,656] {processor.py:171} INFO - Processing /opt/airflow/dags/our_first_dag.py took 0.365 seconds
[2023-12-03 17:34:11,361] {processor.py:163} INFO - Started process (PID=154497) to work on /opt/airflow/dags/our_first_dag.py
[2023-12-03 17:34:11,375] {processor.py:642} INFO - Processing file /opt/airflow/dags/our_first_dag.py for tasks to queue
[2023-12-03 17:34:11,376] {logging_mixin.py:109} INFO - [2023-12-03 17:34:11,376] {dagbag.py:500} INFO - Filling up the DagBag from /opt/airflow/dags/our_first_dag.py
[2023-12-03 17:34:11,555] {processor.py:654} INFO - DAG(s) dict_keys(['our_first_dag_v3']) retrieved from /opt/airflow/dags/our_first_dag.py
[2023-12-03 17:34:11,632] {logging_mixin.py:109} INFO - [2023-12-03 17:34:11,632] {dag.py:2398} INFO - Sync 1 DAGs
[2023-12-03 17:34:11,759] {logging_mixin.py:109} INFO - [2023-12-03 17:34:11,759] {dag.py:2937} INFO - Setting next_dagrun for our_first_dag_v3 to 2023-11-30T00:00:00+00:00
[2023-12-03 17:34:11,826] {processor.py:171} INFO - Processing /opt/airflow/dags/our_first_dag.py took 0.478 seconds
[2023-12-03 17:34:42,187] {processor.py:163} INFO - Started process (PID=154676) to work on /opt/airflow/dags/our_first_dag.py
[2023-12-03 17:34:42,191] {processor.py:642} INFO - Processing file /opt/airflow/dags/our_first_dag.py for tasks to queue
[2023-12-03 17:34:42,193] {logging_mixin.py:109} INFO - [2023-12-03 17:34:42,192] {dagbag.py:500} INFO - Filling up the DagBag from /opt/airflow/dags/our_first_dag.py
[2023-12-03 17:34:42,357] {processor.py:654} INFO - DAG(s) dict_keys(['our_first_dag_v3']) retrieved from /opt/airflow/dags/our_first_dag.py
[2023-12-03 17:34:42,451] {logging_mixin.py:109} INFO - [2023-12-03 17:34:42,450] {dag.py:2398} INFO - Sync 1 DAGs
[2023-12-03 17:34:42,560] {logging_mixin.py:109} INFO - [2023-12-03 17:34:42,551] {dag.py:2937} INFO - Setting next_dagrun for our_first_dag_v3 to 2023-11-30T00:00:00+00:00
[2023-12-03 17:34:42,601] {processor.py:171} INFO - Processing /opt/airflow/dags/our_first_dag.py took 0.431 seconds
[2023-12-03 17:35:13,309] {processor.py:163} INFO - Started process (PID=154864) to work on /opt/airflow/dags/our_first_dag.py
[2023-12-03 17:35:13,322] {processor.py:642} INFO - Processing file /opt/airflow/dags/our_first_dag.py for tasks to queue
[2023-12-03 17:35:13,324] {logging_mixin.py:109} INFO - [2023-12-03 17:35:13,324] {dagbag.py:500} INFO - Filling up the DagBag from /opt/airflow/dags/our_first_dag.py
[2023-12-03 17:35:13,464] {processor.py:654} INFO - DAG(s) dict_keys(['our_first_dag_v3']) retrieved from /opt/airflow/dags/our_first_dag.py
[2023-12-03 17:35:13,546] {logging_mixin.py:109} INFO - [2023-12-03 17:35:13,535] {dag.py:2398} INFO - Sync 1 DAGs
[2023-12-03 17:35:13,663] {logging_mixin.py:109} INFO - [2023-12-03 17:35:13,663] {dag.py:2937} INFO - Setting next_dagrun for our_first_dag_v3 to 2023-11-30T00:00:00+00:00
[2023-12-03 17:35:13,725] {processor.py:171} INFO - Processing /opt/airflow/dags/our_first_dag.py took 0.433 seconds
[2023-12-03 17:35:44,160] {processor.py:163} INFO - Started process (PID=155043) to work on /opt/airflow/dags/our_first_dag.py
[2023-12-03 17:35:44,167] {processor.py:642} INFO - Processing file /opt/airflow/dags/our_first_dag.py for tasks to queue
[2023-12-03 17:35:44,175] {logging_mixin.py:109} INFO - [2023-12-03 17:35:44,174] {dagbag.py:500} INFO - Filling up the DagBag from /opt/airflow/dags/our_first_dag.py
[2023-12-03 17:35:44,283] {processor.py:654} INFO - DAG(s) dict_keys(['our_first_dag_v3']) retrieved from /opt/airflow/dags/our_first_dag.py
[2023-12-03 17:35:44,321] {logging_mixin.py:109} INFO - [2023-12-03 17:35:44,321] {dag.py:2398} INFO - Sync 1 DAGs
[2023-12-03 17:35:44,422] {logging_mixin.py:109} INFO - [2023-12-03 17:35:44,421] {dag.py:2937} INFO - Setting next_dagrun for our_first_dag_v3 to 2023-11-30T00:00:00+00:00
[2023-12-03 17:35:44,542] {processor.py:171} INFO - Processing /opt/airflow/dags/our_first_dag.py took 0.407 seconds
[2023-12-03 17:36:14,743] {processor.py:163} INFO - Started process (PID=155226) to work on /opt/airflow/dags/our_first_dag.py
[2023-12-03 17:36:14,756] {processor.py:642} INFO - Processing file /opt/airflow/dags/our_first_dag.py for tasks to queue
[2023-12-03 17:36:14,757] {logging_mixin.py:109} INFO - [2023-12-03 17:36:14,757] {dagbag.py:500} INFO - Filling up the DagBag from /opt/airflow/dags/our_first_dag.py
[2023-12-03 17:36:14,878] {processor.py:654} INFO - DAG(s) dict_keys(['our_first_dag_v3']) retrieved from /opt/airflow/dags/our_first_dag.py
[2023-12-03 17:36:14,941] {logging_mixin.py:109} INFO - [2023-12-03 17:36:14,941] {dag.py:2398} INFO - Sync 1 DAGs
[2023-12-03 17:36:15,051] {logging_mixin.py:109} INFO - [2023-12-03 17:36:15,051] {dag.py:2937} INFO - Setting next_dagrun for our_first_dag_v3 to 2023-11-30T00:00:00+00:00
[2023-12-03 17:36:15,101] {processor.py:171} INFO - Processing /opt/airflow/dags/our_first_dag.py took 0.373 seconds
[2023-12-03 17:36:45,799] {processor.py:163} INFO - Started process (PID=155402) to work on /opt/airflow/dags/our_first_dag.py
[2023-12-03 17:36:45,803] {processor.py:642} INFO - Processing file /opt/airflow/dags/our_first_dag.py for tasks to queue
[2023-12-03 17:36:45,805] {logging_mixin.py:109} INFO - [2023-12-03 17:36:45,805] {dagbag.py:500} INFO - Filling up the DagBag from /opt/airflow/dags/our_first_dag.py
[2023-12-03 17:36:45,884] {processor.py:654} INFO - DAG(s) dict_keys(['our_first_dag_v3']) retrieved from /opt/airflow/dags/our_first_dag.py
[2023-12-03 17:36:45,913] {logging_mixin.py:109} INFO - [2023-12-03 17:36:45,913] {dag.py:2398} INFO - Sync 1 DAGs
[2023-12-03 17:36:45,960] {logging_mixin.py:109} INFO - [2023-12-03 17:36:45,960] {dag.py:2937} INFO - Setting next_dagrun for our_first_dag_v3 to 2023-11-30T00:00:00+00:00
[2023-12-03 17:36:45,983] {processor.py:171} INFO - Processing /opt/airflow/dags/our_first_dag.py took 0.191 seconds
[2023-12-03 17:37:16,462] {processor.py:163} INFO - Started process (PID=155585) to work on /opt/airflow/dags/our_first_dag.py
[2023-12-03 17:37:16,464] {processor.py:642} INFO - Processing file /opt/airflow/dags/our_first_dag.py for tasks to queue
[2023-12-03 17:37:16,465] {logging_mixin.py:109} INFO - [2023-12-03 17:37:16,465] {dagbag.py:500} INFO - Filling up the DagBag from /opt/airflow/dags/our_first_dag.py
[2023-12-03 17:37:16,513] {processor.py:654} INFO - DAG(s) dict_keys(['our_first_dag_v3']) retrieved from /opt/airflow/dags/our_first_dag.py
[2023-12-03 17:37:16,532] {logging_mixin.py:109} INFO - [2023-12-03 17:37:16,532] {dag.py:2398} INFO - Sync 1 DAGs
[2023-12-03 17:37:16,564] {logging_mixin.py:109} INFO - [2023-12-03 17:37:16,563] {dag.py:2937} INFO - Setting next_dagrun for our_first_dag_v3 to 2023-11-30T00:00:00+00:00
[2023-12-03 17:37:16,581] {processor.py:171} INFO - Processing /opt/airflow/dags/our_first_dag.py took 0.124 seconds
[2023-12-03 17:37:46,881] {processor.py:163} INFO - Started process (PID=155781) to work on /opt/airflow/dags/our_first_dag.py
[2023-12-03 17:37:46,895] {processor.py:642} INFO - Processing file /opt/airflow/dags/our_first_dag.py for tasks to queue
[2023-12-03 17:37:46,896] {logging_mixin.py:109} INFO - [2023-12-03 17:37:46,896] {dagbag.py:500} INFO - Filling up the DagBag from /opt/airflow/dags/our_first_dag.py
[2023-12-03 17:37:46,936] {processor.py:654} INFO - DAG(s) dict_keys(['our_first_dag_v3']) retrieved from /opt/airflow/dags/our_first_dag.py
[2023-12-03 17:37:46,956] {logging_mixin.py:109} INFO - [2023-12-03 17:37:46,956] {dag.py:2398} INFO - Sync 1 DAGs
[2023-12-03 17:37:46,987] {logging_mixin.py:109} INFO - [2023-12-03 17:37:46,987] {dag.py:2937} INFO - Setting next_dagrun for our_first_dag_v3 to 2023-11-30T00:00:00+00:00
[2023-12-03 17:37:47,006] {processor.py:171} INFO - Processing /opt/airflow/dags/our_first_dag.py took 0.131 seconds
[2023-12-03 17:38:17,391] {processor.py:163} INFO - Started process (PID=155969) to work on /opt/airflow/dags/our_first_dag.py
[2023-12-03 17:38:17,394] {processor.py:642} INFO - Processing file /opt/airflow/dags/our_first_dag.py for tasks to queue
[2023-12-03 17:38:17,395] {logging_mixin.py:109} INFO - [2023-12-03 17:38:17,395] {dagbag.py:500} INFO - Filling up the DagBag from /opt/airflow/dags/our_first_dag.py
[2023-12-03 17:38:17,431] {processor.py:654} INFO - DAG(s) dict_keys(['our_first_dag_v3']) retrieved from /opt/airflow/dags/our_first_dag.py
[2023-12-03 17:38:17,446] {logging_mixin.py:109} INFO - [2023-12-03 17:38:17,446] {dag.py:2398} INFO - Sync 1 DAGs
[2023-12-03 17:38:17,471] {logging_mixin.py:109} INFO - [2023-12-03 17:38:17,471] {dag.py:2937} INFO - Setting next_dagrun for our_first_dag_v3 to 2023-11-30T00:00:00+00:00
[2023-12-03 17:38:17,483] {processor.py:171} INFO - Processing /opt/airflow/dags/our_first_dag.py took 0.096 seconds
[2023-12-03 17:38:47,532] {processor.py:163} INFO - Started process (PID=156157) to work on /opt/airflow/dags/our_first_dag.py
[2023-12-03 17:38:47,544] {processor.py:642} INFO - Processing file /opt/airflow/dags/our_first_dag.py for tasks to queue
[2023-12-03 17:38:47,545] {logging_mixin.py:109} INFO - [2023-12-03 17:38:47,545] {dagbag.py:500} INFO - Filling up the DagBag from /opt/airflow/dags/our_first_dag.py
[2023-12-03 17:38:47,574] {processor.py:654} INFO - DAG(s) dict_keys(['our_first_dag_v3']) retrieved from /opt/airflow/dags/our_first_dag.py
[2023-12-03 17:38:47,585] {logging_mixin.py:109} INFO - [2023-12-03 17:38:47,585] {dag.py:2398} INFO - Sync 1 DAGs
[2023-12-03 17:38:47,603] {logging_mixin.py:109} INFO - [2023-12-03 17:38:47,602] {dag.py:2937} INFO - Setting next_dagrun for our_first_dag_v3 to 2023-11-30T00:00:00+00:00
[2023-12-03 17:38:47,615] {processor.py:171} INFO - Processing /opt/airflow/dags/our_first_dag.py took 0.087 seconds
[2023-12-03 17:39:17,910] {processor.py:163} INFO - Started process (PID=156340) to work on /opt/airflow/dags/our_first_dag.py
[2023-12-03 17:39:17,914] {processor.py:642} INFO - Processing file /opt/airflow/dags/our_first_dag.py for tasks to queue
[2023-12-03 17:39:17,915] {logging_mixin.py:109} INFO - [2023-12-03 17:39:17,915] {dagbag.py:500} INFO - Filling up the DagBag from /opt/airflow/dags/our_first_dag.py
[2023-12-03 17:39:17,966] {processor.py:654} INFO - DAG(s) dict_keys(['our_first_dag_v3']) retrieved from /opt/airflow/dags/our_first_dag.py
[2023-12-03 17:39:18,009] {logging_mixin.py:109} INFO - [2023-12-03 17:39:18,008] {dag.py:2398} INFO - Sync 1 DAGs
[2023-12-03 17:39:18,042] {logging_mixin.py:109} INFO - [2023-12-03 17:39:18,042] {dag.py:2937} INFO - Setting next_dagrun for our_first_dag_v3 to 2023-11-30T00:00:00+00:00
[2023-12-03 17:39:18,057] {processor.py:171} INFO - Processing /opt/airflow/dags/our_first_dag.py took 0.153 seconds
[2023-12-03 17:39:48,576] {processor.py:163} INFO - Started process (PID=156528) to work on /opt/airflow/dags/our_first_dag.py
[2023-12-03 17:39:48,588] {processor.py:642} INFO - Processing file /opt/airflow/dags/our_first_dag.py for tasks to queue
[2023-12-03 17:39:48,589] {logging_mixin.py:109} INFO - [2023-12-03 17:39:48,589] {dagbag.py:500} INFO - Filling up the DagBag from /opt/airflow/dags/our_first_dag.py
[2023-12-03 17:39:48,627] {processor.py:654} INFO - DAG(s) dict_keys(['our_first_dag_v3']) retrieved from /opt/airflow/dags/our_first_dag.py
[2023-12-03 17:39:48,643] {logging_mixin.py:109} INFO - [2023-12-03 17:39:48,643] {dag.py:2398} INFO - Sync 1 DAGs
[2023-12-03 17:39:48,671] {logging_mixin.py:109} INFO - [2023-12-03 17:39:48,671] {dag.py:2937} INFO - Setting next_dagrun for our_first_dag_v3 to 2023-11-30T00:00:00+00:00
[2023-12-03 17:39:48,685] {processor.py:171} INFO - Processing /opt/airflow/dags/our_first_dag.py took 0.115 seconds
[2023-12-03 17:40:18,998] {processor.py:163} INFO - Started process (PID=156725) to work on /opt/airflow/dags/our_first_dag.py
[2023-12-03 17:40:19,011] {processor.py:642} INFO - Processing file /opt/airflow/dags/our_first_dag.py for tasks to queue
[2023-12-03 17:40:19,012] {logging_mixin.py:109} INFO - [2023-12-03 17:40:19,012] {dagbag.py:500} INFO - Filling up the DagBag from /opt/airflow/dags/our_first_dag.py
[2023-12-03 17:40:19,051] {processor.py:654} INFO - DAG(s) dict_keys(['our_first_dag_v3']) retrieved from /opt/airflow/dags/our_first_dag.py
[2023-12-03 17:40:19,068] {logging_mixin.py:109} INFO - [2023-12-03 17:40:19,068] {dag.py:2398} INFO - Sync 1 DAGs
[2023-12-03 17:40:19,096] {logging_mixin.py:109} INFO - [2023-12-03 17:40:19,095] {dag.py:2937} INFO - Setting next_dagrun for our_first_dag_v3 to 2023-11-30T00:00:00+00:00
[2023-12-03 17:40:19,110] {processor.py:171} INFO - Processing /opt/airflow/dags/our_first_dag.py took 0.118 seconds
[2023-12-03 17:40:49,327] {processor.py:163} INFO - Started process (PID=156913) to work on /opt/airflow/dags/our_first_dag.py
[2023-12-03 17:40:49,330] {processor.py:642} INFO - Processing file /opt/airflow/dags/our_first_dag.py for tasks to queue
[2023-12-03 17:40:49,331] {logging_mixin.py:109} INFO - [2023-12-03 17:40:49,330] {dagbag.py:500} INFO - Filling up the DagBag from /opt/airflow/dags/our_first_dag.py
[2023-12-03 17:40:49,364] {processor.py:654} INFO - DAG(s) dict_keys(['our_first_dag_v3']) retrieved from /opt/airflow/dags/our_first_dag.py
[2023-12-03 17:40:49,378] {logging_mixin.py:109} INFO - [2023-12-03 17:40:49,377] {dag.py:2398} INFO - Sync 1 DAGs
[2023-12-03 17:40:49,400] {logging_mixin.py:109} INFO - [2023-12-03 17:40:49,400] {dag.py:2937} INFO - Setting next_dagrun for our_first_dag_v3 to 2023-11-30T00:00:00+00:00
[2023-12-03 17:40:49,414] {processor.py:171} INFO - Processing /opt/airflow/dags/our_first_dag.py took 0.091 seconds
[2023-12-03 17:41:19,505] {processor.py:163} INFO - Started process (PID=157095) to work on /opt/airflow/dags/our_first_dag.py
[2023-12-03 17:41:19,507] {processor.py:642} INFO - Processing file /opt/airflow/dags/our_first_dag.py for tasks to queue
[2023-12-03 17:41:19,508] {logging_mixin.py:109} INFO - [2023-12-03 17:41:19,508] {dagbag.py:500} INFO - Filling up the DagBag from /opt/airflow/dags/our_first_dag.py
[2023-12-03 17:41:19,555] {processor.py:654} INFO - DAG(s) dict_keys(['our_first_dag_v3']) retrieved from /opt/airflow/dags/our_first_dag.py
[2023-12-03 17:41:19,572] {logging_mixin.py:109} INFO - [2023-12-03 17:41:19,572] {dag.py:2398} INFO - Sync 1 DAGs
[2023-12-03 17:41:19,603] {logging_mixin.py:109} INFO - [2023-12-03 17:41:19,602] {dag.py:2937} INFO - Setting next_dagrun for our_first_dag_v3 to 2023-11-30T00:00:00+00:00
[2023-12-03 17:41:19,621] {processor.py:171} INFO - Processing /opt/airflow/dags/our_first_dag.py took 0.122 seconds
[2023-12-03 17:41:49,832] {processor.py:163} INFO - Started process (PID=157283) to work on /opt/airflow/dags/our_first_dag.py
[2023-12-03 17:41:49,835] {processor.py:642} INFO - Processing file /opt/airflow/dags/our_first_dag.py for tasks to queue
[2023-12-03 17:41:49,836] {logging_mixin.py:109} INFO - [2023-12-03 17:41:49,836] {dagbag.py:500} INFO - Filling up the DagBag from /opt/airflow/dags/our_first_dag.py
[2023-12-03 17:41:49,877] {processor.py:654} INFO - DAG(s) dict_keys(['our_first_dag_v3']) retrieved from /opt/airflow/dags/our_first_dag.py
[2023-12-03 17:41:49,893] {logging_mixin.py:109} INFO - [2023-12-03 17:41:49,892] {dag.py:2398} INFO - Sync 1 DAGs
[2023-12-03 17:41:49,917] {logging_mixin.py:109} INFO - [2023-12-03 17:41:49,917] {dag.py:2937} INFO - Setting next_dagrun for our_first_dag_v3 to 2023-11-30T00:00:00+00:00
[2023-12-03 17:41:49,931] {processor.py:171} INFO - Processing /opt/airflow/dags/our_first_dag.py took 0.104 seconds
[2023-12-03 17:42:20,142] {processor.py:163} INFO - Started process (PID=157471) to work on /opt/airflow/dags/our_first_dag.py
[2023-12-03 17:42:20,144] {processor.py:642} INFO - Processing file /opt/airflow/dags/our_first_dag.py for tasks to queue
[2023-12-03 17:42:20,145] {logging_mixin.py:109} INFO - [2023-12-03 17:42:20,145] {dagbag.py:500} INFO - Filling up the DagBag from /opt/airflow/dags/our_first_dag.py
[2023-12-03 17:42:20,173] {processor.py:654} INFO - DAG(s) dict_keys(['our_first_dag_v3']) retrieved from /opt/airflow/dags/our_first_dag.py
[2023-12-03 17:42:20,191] {logging_mixin.py:109} INFO - [2023-12-03 17:42:20,190] {dag.py:2398} INFO - Sync 1 DAGs
[2023-12-03 17:42:20,215] {logging_mixin.py:109} INFO - [2023-12-03 17:42:20,215] {dag.py:2937} INFO - Setting next_dagrun for our_first_dag_v3 to 2023-11-30T00:00:00+00:00
[2023-12-03 17:42:20,230] {processor.py:171} INFO - Processing /opt/airflow/dags/our_first_dag.py took 0.093 seconds
[2023-12-03 17:42:50,432] {processor.py:163} INFO - Started process (PID=157668) to work on /opt/airflow/dags/our_first_dag.py
[2023-12-03 17:42:50,435] {processor.py:642} INFO - Processing file /opt/airflow/dags/our_first_dag.py for tasks to queue
[2023-12-03 17:42:50,436] {logging_mixin.py:109} INFO - [2023-12-03 17:42:50,435] {dagbag.py:500} INFO - Filling up the DagBag from /opt/airflow/dags/our_first_dag.py
[2023-12-03 17:42:50,472] {processor.py:654} INFO - DAG(s) dict_keys(['our_first_dag_v3']) retrieved from /opt/airflow/dags/our_first_dag.py
[2023-12-03 17:42:50,488] {logging_mixin.py:109} INFO - [2023-12-03 17:42:50,487] {dag.py:2398} INFO - Sync 1 DAGs
[2023-12-03 17:42:50,513] {logging_mixin.py:109} INFO - [2023-12-03 17:42:50,512] {dag.py:2937} INFO - Setting next_dagrun for our_first_dag_v3 to 2023-11-30T00:00:00+00:00
[2023-12-03 17:42:50,529] {processor.py:171} INFO - Processing /opt/airflow/dags/our_first_dag.py took 0.104 seconds
[2023-12-03 17:43:20,911] {processor.py:163} INFO - Started process (PID=157856) to work on /opt/airflow/dags/our_first_dag.py
[2023-12-03 17:43:20,914] {processor.py:642} INFO - Processing file /opt/airflow/dags/our_first_dag.py for tasks to queue
[2023-12-03 17:43:20,914] {logging_mixin.py:109} INFO - [2023-12-03 17:43:20,914] {dagbag.py:500} INFO - Filling up the DagBag from /opt/airflow/dags/our_first_dag.py
[2023-12-03 17:43:20,943] {processor.py:654} INFO - DAG(s) dict_keys(['our_first_dag_v3']) retrieved from /opt/airflow/dags/our_first_dag.py
[2023-12-03 17:43:20,958] {logging_mixin.py:109} INFO - [2023-12-03 17:43:20,958] {dag.py:2398} INFO - Sync 1 DAGs
[2023-12-03 17:43:20,979] {logging_mixin.py:109} INFO - [2023-12-03 17:43:20,979] {dag.py:2937} INFO - Setting next_dagrun for our_first_dag_v3 to 2023-11-30T00:00:00+00:00
[2023-12-03 17:43:20,997] {processor.py:171} INFO - Processing /opt/airflow/dags/our_first_dag.py took 0.090 seconds
[2023-12-03 17:46:37,707] {processor.py:163} INFO - Started process (PID=157974) to work on /opt/airflow/dags/our_first_dag.py
[2023-12-03 17:46:39,817] {processor.py:642} INFO - Processing file /opt/airflow/dags/our_first_dag.py for tasks to queue
[2023-12-03 17:46:39,832] {logging_mixin.py:109} INFO - [2023-12-03 17:46:39,832] {dagbag.py:500} INFO - Filling up the DagBag from /opt/airflow/dags/our_first_dag.py
[2023-12-03 17:46:40,226] {processor.py:654} INFO - DAG(s) dict_keys(['our_first_dag_v3']) retrieved from /opt/airflow/dags/our_first_dag.py
[2023-12-03 17:46:40,387] {logging_mixin.py:109} INFO - [2023-12-03 17:46:40,387] {dag.py:2398} INFO - Sync 1 DAGs
[2023-12-03 17:46:40,556] {logging_mixin.py:109} INFO - [2023-12-03 17:46:40,556] {dag.py:2937} INFO - Setting next_dagrun for our_first_dag_v3 to 2023-11-30T00:00:00+00:00
[2023-12-03 17:46:40,670] {processor.py:171} INFO - Processing /opt/airflow/dags/our_first_dag.py took 2.993 seconds
[2023-12-03 17:47:10,914] {processor.py:163} INFO - Started process (PID=158160) to work on /opt/airflow/dags/our_first_dag.py
[2023-12-03 17:47:10,929] {processor.py:642} INFO - Processing file /opt/airflow/dags/our_first_dag.py for tasks to queue
[2023-12-03 17:47:10,931] {logging_mixin.py:109} INFO - [2023-12-03 17:47:10,930] {dagbag.py:500} INFO - Filling up the DagBag from /opt/airflow/dags/our_first_dag.py
[2023-12-03 17:47:11,043] {processor.py:654} INFO - DAG(s) dict_keys(['our_first_dag_v3']) retrieved from /opt/airflow/dags/our_first_dag.py
[2023-12-03 17:47:11,093] {logging_mixin.py:109} INFO - [2023-12-03 17:47:11,093] {dag.py:2398} INFO - Sync 1 DAGs
[2023-12-03 17:47:11,184] {logging_mixin.py:109} INFO - [2023-12-03 17:47:11,184] {dag.py:2937} INFO - Setting next_dagrun for our_first_dag_v3 to 2023-11-30T00:00:00+00:00
[2023-12-03 17:47:11,221] {processor.py:171} INFO - Processing /opt/airflow/dags/our_first_dag.py took 0.325 seconds
[2023-12-03 17:47:41,328] {processor.py:163} INFO - Started process (PID=158348) to work on /opt/airflow/dags/our_first_dag.py
[2023-12-03 17:47:41,330] {processor.py:642} INFO - Processing file /opt/airflow/dags/our_first_dag.py for tasks to queue
[2023-12-03 17:47:41,332] {logging_mixin.py:109} INFO - [2023-12-03 17:47:41,331] {dagbag.py:500} INFO - Filling up the DagBag from /opt/airflow/dags/our_first_dag.py
[2023-12-03 17:47:41,365] {processor.py:654} INFO - DAG(s) dict_keys(['our_first_dag_v3']) retrieved from /opt/airflow/dags/our_first_dag.py
[2023-12-03 17:47:41,381] {logging_mixin.py:109} INFO - [2023-12-03 17:47:41,381] {dag.py:2398} INFO - Sync 1 DAGs
[2023-12-03 17:47:41,405] {logging_mixin.py:109} INFO - [2023-12-03 17:47:41,404] {dag.py:2937} INFO - Setting next_dagrun for our_first_dag_v3 to 2023-11-30T00:00:00+00:00
[2023-12-03 17:47:41,419] {processor.py:171} INFO - Processing /opt/airflow/dags/our_first_dag.py took 0.096 seconds
[2023-12-03 17:48:11,838] {processor.py:163} INFO - Started process (PID=158536) to work on /opt/airflow/dags/our_first_dag.py
[2023-12-03 17:48:11,842] {processor.py:642} INFO - Processing file /opt/airflow/dags/our_first_dag.py for tasks to queue
[2023-12-03 17:48:11,843] {logging_mixin.py:109} INFO - [2023-12-03 17:48:11,843] {dagbag.py:500} INFO - Filling up the DagBag from /opt/airflow/dags/our_first_dag.py
[2023-12-03 17:48:11,880] {processor.py:654} INFO - DAG(s) dict_keys(['our_first_dag_v3']) retrieved from /opt/airflow/dags/our_first_dag.py
[2023-12-03 17:48:11,900] {logging_mixin.py:109} INFO - [2023-12-03 17:48:11,899] {dag.py:2398} INFO - Sync 1 DAGs
[2023-12-03 17:48:11,928] {logging_mixin.py:109} INFO - [2023-12-03 17:48:11,928] {dag.py:2937} INFO - Setting next_dagrun for our_first_dag_v3 to 2023-11-30T00:00:00+00:00
[2023-12-03 17:48:11,944] {processor.py:171} INFO - Processing /opt/airflow/dags/our_first_dag.py took 0.112 seconds
[2023-12-03 17:48:42,437] {processor.py:163} INFO - Started process (PID=158724) to work on /opt/airflow/dags/our_first_dag.py
[2023-12-03 17:48:42,439] {processor.py:642} INFO - Processing file /opt/airflow/dags/our_first_dag.py for tasks to queue
[2023-12-03 17:48:42,440] {logging_mixin.py:109} INFO - [2023-12-03 17:48:42,440] {dagbag.py:500} INFO - Filling up the DagBag from /opt/airflow/dags/our_first_dag.py
[2023-12-03 17:48:42,472] {processor.py:654} INFO - DAG(s) dict_keys(['our_first_dag_v3']) retrieved from /opt/airflow/dags/our_first_dag.py
[2023-12-03 17:48:42,485] {logging_mixin.py:109} INFO - [2023-12-03 17:48:42,485] {dag.py:2398} INFO - Sync 1 DAGs
[2023-12-03 17:48:42,508] {logging_mixin.py:109} INFO - [2023-12-03 17:48:42,508] {dag.py:2937} INFO - Setting next_dagrun for our_first_dag_v3 to 2023-11-30T00:00:00+00:00
[2023-12-03 17:48:42,521] {processor.py:171} INFO - Processing /opt/airflow/dags/our_first_dag.py took 0.089 seconds
[2023-12-03 17:49:12,736] {processor.py:163} INFO - Started process (PID=158912) to work on /opt/airflow/dags/our_first_dag.py
[2023-12-03 17:49:12,738] {processor.py:642} INFO - Processing file /opt/airflow/dags/our_first_dag.py for tasks to queue
[2023-12-03 17:49:12,739] {logging_mixin.py:109} INFO - [2023-12-03 17:49:12,739] {dagbag.py:500} INFO - Filling up the DagBag from /opt/airflow/dags/our_first_dag.py
[2023-12-03 17:49:12,771] {processor.py:654} INFO - DAG(s) dict_keys(['our_first_dag_v3']) retrieved from /opt/airflow/dags/our_first_dag.py
[2023-12-03 17:49:12,785] {logging_mixin.py:109} INFO - [2023-12-03 17:49:12,785] {dag.py:2398} INFO - Sync 1 DAGs
[2023-12-03 17:49:12,810] {logging_mixin.py:109} INFO - [2023-12-03 17:49:12,810] {dag.py:2937} INFO - Setting next_dagrun for our_first_dag_v3 to 2023-11-30T00:00:00+00:00
[2023-12-03 17:49:12,824] {processor.py:171} INFO - Processing /opt/airflow/dags/our_first_dag.py took 0.092 seconds
[2023-12-03 17:49:43,042] {processor.py:163} INFO - Started process (PID=159100) to work on /opt/airflow/dags/our_first_dag.py
[2023-12-03 17:49:43,044] {processor.py:642} INFO - Processing file /opt/airflow/dags/our_first_dag.py for tasks to queue
[2023-12-03 17:49:43,045] {logging_mixin.py:109} INFO - [2023-12-03 17:49:43,045] {dagbag.py:500} INFO - Filling up the DagBag from /opt/airflow/dags/our_first_dag.py
[2023-12-03 17:49:43,082] {processor.py:654} INFO - DAG(s) dict_keys(['our_first_dag_v3']) retrieved from /opt/airflow/dags/our_first_dag.py
[2023-12-03 17:49:43,099] {logging_mixin.py:109} INFO - [2023-12-03 17:49:43,098] {dag.py:2398} INFO - Sync 1 DAGs
[2023-12-03 17:49:43,127] {logging_mixin.py:109} INFO - [2023-12-03 17:49:43,127] {dag.py:2937} INFO - Setting next_dagrun for our_first_dag_v3 to 2023-11-30T00:00:00+00:00
[2023-12-03 17:49:43,139] {processor.py:171} INFO - Processing /opt/airflow/dags/our_first_dag.py took 0.104 seconds
[2023-12-03 17:50:13,790] {processor.py:163} INFO - Started process (PID=159297) to work on /opt/airflow/dags/our_first_dag.py
[2023-12-03 17:50:13,792] {processor.py:642} INFO - Processing file /opt/airflow/dags/our_first_dag.py for tasks to queue
[2023-12-03 17:50:13,794] {logging_mixin.py:109} INFO - [2023-12-03 17:50:13,793] {dagbag.py:500} INFO - Filling up the DagBag from /opt/airflow/dags/our_first_dag.py
[2023-12-03 17:50:13,834] {processor.py:654} INFO - DAG(s) dict_keys(['our_first_dag_v3']) retrieved from /opt/airflow/dags/our_first_dag.py
[2023-12-03 17:50:13,853] {logging_mixin.py:109} INFO - [2023-12-03 17:50:13,853] {dag.py:2398} INFO - Sync 1 DAGs
[2023-12-03 17:50:13,879] {logging_mixin.py:109} INFO - [2023-12-03 17:50:13,879] {dag.py:2937} INFO - Setting next_dagrun for our_first_dag_v3 to 2023-11-30T00:00:00+00:00
[2023-12-03 17:50:13,892] {processor.py:171} INFO - Processing /opt/airflow/dags/our_first_dag.py took 0.109 seconds
[2023-12-03 17:50:44,030] {processor.py:163} INFO - Started process (PID=159485) to work on /opt/airflow/dags/our_first_dag.py
[2023-12-03 17:50:44,032] {processor.py:642} INFO - Processing file /opt/airflow/dags/our_first_dag.py for tasks to queue
[2023-12-03 17:50:44,033] {logging_mixin.py:109} INFO - [2023-12-03 17:50:44,033] {dagbag.py:500} INFO - Filling up the DagBag from /opt/airflow/dags/our_first_dag.py
[2023-12-03 17:50:44,073] {processor.py:654} INFO - DAG(s) dict_keys(['our_first_dag_v3']) retrieved from /opt/airflow/dags/our_first_dag.py
[2023-12-03 17:50:44,085] {logging_mixin.py:109} INFO - [2023-12-03 17:50:44,085] {dag.py:2398} INFO - Sync 1 DAGs
[2023-12-03 17:50:44,107] {logging_mixin.py:109} INFO - [2023-12-03 17:50:44,107] {dag.py:2937} INFO - Setting next_dagrun for our_first_dag_v3 to 2023-11-30T00:00:00+00:00
[2023-12-03 17:50:44,119] {processor.py:171} INFO - Processing /opt/airflow/dags/our_first_dag.py took 0.094 seconds
[2023-12-03 19:24:26,203] {processor.py:163} INFO - Started process (PID=159676) to work on /opt/airflow/dags/our_first_dag.py
[2023-12-03 19:24:27,397] {processor.py:642} INFO - Processing file /opt/airflow/dags/our_first_dag.py for tasks to queue
[2023-12-03 19:24:27,399] {logging_mixin.py:109} INFO - [2023-12-03 19:24:27,398] {dagbag.py:500} INFO - Filling up the DagBag from /opt/airflow/dags/our_first_dag.py
[2023-12-03 19:24:27,553] {processor.py:654} INFO - DAG(s) dict_keys(['our_first_dag_v3']) retrieved from /opt/airflow/dags/our_first_dag.py
[2023-12-03 19:24:27,599] {logging_mixin.py:109} INFO - [2023-12-03 19:24:27,599] {dag.py:2398} INFO - Sync 1 DAGs
[2023-12-03 19:24:27,816] {logging_mixin.py:109} INFO - [2023-12-03 19:24:27,816] {dag.py:2937} INFO - Setting next_dagrun for our_first_dag_v3 to 2023-11-30T00:00:00+00:00
[2023-12-03 19:24:28,378] {processor.py:171} INFO - Processing /opt/airflow/dags/our_first_dag.py took 2.206 seconds
[2023-12-03 22:16:43,587] {processor.py:163} INFO - Started process (PID=159727) to work on /opt/airflow/dags/our_first_dag.py
[2023-12-03 22:16:45,935] {processor.py:642} INFO - Processing file /opt/airflow/dags/our_first_dag.py for tasks to queue
[2023-12-03 22:16:45,936] {logging_mixin.py:109} INFO - [2023-12-03 22:16:45,936] {dagbag.py:500} INFO - Filling up the DagBag from /opt/airflow/dags/our_first_dag.py
[2023-12-03 22:16:47,105] {processor.py:654} INFO - DAG(s) dict_keys(['our_first_dag_v3']) retrieved from /opt/airflow/dags/our_first_dag.py
[2023-12-03 22:16:47,441] {logging_mixin.py:109} INFO - [2023-12-03 22:16:47,440] {dag.py:2398} INFO - Sync 1 DAGs
[2023-12-03 22:16:47,655] {logging_mixin.py:109} INFO - [2023-12-03 22:16:47,655] {dag.py:2937} INFO - Setting next_dagrun for our_first_dag_v3 to 2023-11-30T00:00:00+00:00
[2023-12-03 22:16:47,805] {processor.py:171} INFO - Processing /opt/airflow/dags/our_first_dag.py took 4.237 seconds
[2023-12-03 22:17:18,697] {processor.py:163} INFO - Started process (PID=159914) to work on /opt/airflow/dags/our_first_dag.py
[2023-12-03 22:17:18,713] {processor.py:642} INFO - Processing file /opt/airflow/dags/our_first_dag.py for tasks to queue
[2023-12-03 22:17:18,716] {logging_mixin.py:109} INFO - [2023-12-03 22:17:18,715] {dagbag.py:500} INFO - Filling up the DagBag from /opt/airflow/dags/our_first_dag.py
[2023-12-03 22:17:18,889] {processor.py:654} INFO - DAG(s) dict_keys(['our_first_dag_v3']) retrieved from /opt/airflow/dags/our_first_dag.py
[2023-12-03 22:17:18,945] {logging_mixin.py:109} INFO - [2023-12-03 22:17:18,945] {dag.py:2398} INFO - Sync 1 DAGs
[2023-12-03 22:17:19,064] {logging_mixin.py:109} INFO - [2023-12-03 22:17:19,064] {dag.py:2937} INFO - Setting next_dagrun for our_first_dag_v3 to 2023-11-30T00:00:00+00:00
[2023-12-03 22:17:19,122] {processor.py:171} INFO - Processing /opt/airflow/dags/our_first_dag.py took 0.444 seconds
