[2023-12-04 13:43:25,462] {taskinstance.py:1037} INFO - Dependencies all met for <TaskInstance: dag_with_taskflow_api_v02.get_name scheduled__2023-04-26T00:00:00+00:00 [queued]>
[2023-12-04 13:43:25,481] {taskinstance.py:1037} INFO - Dependencies all met for <TaskInstance: dag_with_taskflow_api_v02.get_name scheduled__2023-04-26T00:00:00+00:00 [queued]>
[2023-12-04 13:43:25,482] {taskinstance.py:1243} INFO - 
--------------------------------------------------------------------------------
[2023-12-04 13:43:25,482] {taskinstance.py:1244} INFO - Starting attempt 1 of 6
[2023-12-04 13:43:25,482] {taskinstance.py:1245} INFO - 
--------------------------------------------------------------------------------
[2023-12-04 13:43:25,528] {taskinstance.py:1264} INFO - Executing <Task(_PythonDecoratedOperator): get_name> on 2023-04-26 00:00:00+00:00
[2023-12-04 13:43:25,533] {standard_task_runner.py:52} INFO - Started process 12065 to run task
[2023-12-04 13:43:25,539] {standard_task_runner.py:76} INFO - Running: ['***', 'tasks', 'run', 'dag_with_taskflow_api_v02', 'get_name', 'scheduled__2023-04-26T00:00:00+00:00', '--job-id', '2188', '--raw', '--subdir', 'DAGS_FOLDER/dag_with_taskflow_api.py', '--cfg-path', '/tmp/tmpp99crijs', '--error-file', '/tmp/tmpz7vb52k6']
[2023-12-04 13:43:25,543] {standard_task_runner.py:77} INFO - Job 2188: Subtask get_name
[2023-12-04 13:43:25,707] {logging_mixin.py:109} INFO - Running <TaskInstance: dag_with_taskflow_api_v02.get_name scheduled__2023-04-26T00:00:00+00:00 [running]> on host 9953e82db65e
[2023-12-04 13:43:25,852] {taskinstance.py:1431} INFO - Exporting the following env vars:
AIRFLOW_CTX_DAG_OWNER=Ali
AIRFLOW_CTX_DAG_ID=dag_with_taskflow_api_v02
AIRFLOW_CTX_TASK_ID=get_name
AIRFLOW_CTX_EXECUTION_DATE=2023-04-26T00:00:00+00:00
AIRFLOW_CTX_DAG_RUN_ID=scheduled__2023-04-26T00:00:00+00:00
[2023-12-04 13:43:25,854] {python.py:175} INFO - Done. Returned value was: {'first_name': 'Ali', 'last_name': 'Mokh'}
[2023-12-04 13:43:25,987] {taskinstance.py:1282} INFO - Marking task as SUCCESS. dag_id=dag_with_taskflow_api_v02, task_id=get_name, execution_date=20230426T000000, start_date=20231204T134325, end_date=20231204T134325
[2023-12-04 13:43:26,037] {local_task_job.py:154} INFO - Task exited with return code 0
[2023-12-04 13:43:26,134] {local_task_job.py:264} INFO - 0 downstream tasks scheduled from follow-on schedule check
