[2023-11-30 13:33:40,938] {taskinstance.py:1037} INFO - Dependencies all met for <TaskInstance: our_first_dag_v3.third_task scheduled__2023-10-15T00:00:00+00:00 [queued]>
[2023-11-30 13:33:40,977] {taskinstance.py:1037} INFO - Dependencies all met for <TaskInstance: our_first_dag_v3.third_task scheduled__2023-10-15T00:00:00+00:00 [queued]>
[2023-11-30 13:33:40,978] {taskinstance.py:1243} INFO - 
--------------------------------------------------------------------------------
[2023-11-30 13:33:40,978] {taskinstance.py:1244} INFO - Starting attempt 1 of 6
[2023-11-30 13:33:40,978] {taskinstance.py:1245} INFO - 
--------------------------------------------------------------------------------
[2023-11-30 13:33:41,014] {taskinstance.py:1264} INFO - Executing <Task(BashOperator): third_task> on 2023-10-15 00:00:00+00:00
[2023-11-30 13:33:41,022] {standard_task_runner.py:52} INFO - Started process 5919 to run task
[2023-11-30 13:33:41,026] {standard_task_runner.py:76} INFO - Running: ['***', 'tasks', 'run', 'our_first_dag_v3', 'third_task', 'scheduled__2023-10-15T00:00:00+00:00', '--job-id', '492', '--raw', '--subdir', 'DAGS_FOLDER/our_first_dag.py', '--cfg-path', '/tmp/tmp86dwcd4q', '--error-file', '/tmp/tmpkkn9nnju']
[2023-11-30 13:33:41,028] {standard_task_runner.py:77} INFO - Job 492: Subtask third_task
[2023-11-30 13:33:41,300] {logging_mixin.py:109} INFO - Running <TaskInstance: our_first_dag_v3.third_task scheduled__2023-10-15T00:00:00+00:00 [running]> on host 08735726aeda
[2023-11-30 13:33:41,433] {taskinstance.py:1431} INFO - Exporting the following env vars:
AIRFLOW_CTX_DAG_OWNER=Ali
AIRFLOW_CTX_DAG_ID=our_first_dag_v3
AIRFLOW_CTX_TASK_ID=third_task
AIRFLOW_CTX_EXECUTION_DATE=2023-10-15T00:00:00+00:00
AIRFLOW_CTX_DAG_RUN_ID=scheduled__2023-10-15T00:00:00+00:00
[2023-11-30 13:33:41,434] {subprocess.py:62} INFO - Tmp dir root location: 
 /tmp
[2023-11-30 13:33:41,436] {subprocess.py:74} INFO - Running command: ['bash', '-c', 'echo hello world, this is the third task!']
[2023-11-30 13:33:41,458] {subprocess.py:85} INFO - Output:
[2023-11-30 13:33:41,459] {subprocess.py:89} INFO - hello world, this is the third task!
[2023-11-30 13:33:41,459] {subprocess.py:93} INFO - Command exited with return code 0
[2023-11-30 13:33:41,526] {taskinstance.py:1282} INFO - Marking task as SUCCESS. dag_id=our_first_dag_v3, task_id=third_task, execution_date=20231015T000000, start_date=20231130T133340, end_date=20231130T133341
[2023-11-30 13:33:41,582] {local_task_job.py:154} INFO - Task exited with return code 0
[2023-11-30 13:33:41,693] {local_task_job.py:264} INFO - 0 downstream tasks scheduled from follow-on schedule check
