[2023-11-30 13:32:59,002] {taskinstance.py:1037} INFO - Dependencies all met for <TaskInstance: our_first_dag_v3.third_task scheduled__2023-08-20T00:00:00+00:00 [queued]>
[2023-11-30 13:32:59,098] {taskinstance.py:1037} INFO - Dependencies all met for <TaskInstance: our_first_dag_v3.third_task scheduled__2023-08-20T00:00:00+00:00 [queued]>
[2023-11-30 13:32:59,099] {taskinstance.py:1243} INFO - 
--------------------------------------------------------------------------------
[2023-11-30 13:32:59,099] {taskinstance.py:1244} INFO - Starting attempt 1 of 6
[2023-11-30 13:32:59,099] {taskinstance.py:1245} INFO - 
--------------------------------------------------------------------------------
[2023-11-30 13:32:59,141] {taskinstance.py:1264} INFO - Executing <Task(BashOperator): third_task> on 2023-08-20 00:00:00+00:00
[2023-11-30 13:32:59,163] {standard_task_runner.py:52} INFO - Started process 5176 to run task
[2023-11-30 13:32:59,216] {standard_task_runner.py:76} INFO - Running: ['***', 'tasks', 'run', 'our_first_dag_v3', 'third_task', 'scheduled__2023-08-20T00:00:00+00:00', '--job-id', '322', '--raw', '--subdir', 'DAGS_FOLDER/our_first_dag.py', '--cfg-path', '/tmp/tmpay7royq5', '--error-file', '/tmp/tmpyz50tsih']
[2023-11-30 13:32:59,217] {standard_task_runner.py:77} INFO - Job 322: Subtask third_task
[2023-11-30 13:32:59,394] {logging_mixin.py:109} INFO - Running <TaskInstance: our_first_dag_v3.third_task scheduled__2023-08-20T00:00:00+00:00 [running]> on host 08735726aeda
[2023-11-30 13:32:59,630] {taskinstance.py:1431} INFO - Exporting the following env vars:
AIRFLOW_CTX_DAG_OWNER=Ali
AIRFLOW_CTX_DAG_ID=our_first_dag_v3
AIRFLOW_CTX_TASK_ID=third_task
AIRFLOW_CTX_EXECUTION_DATE=2023-08-20T00:00:00+00:00
AIRFLOW_CTX_DAG_RUN_ID=scheduled__2023-08-20T00:00:00+00:00
[2023-11-30 13:32:59,631] {subprocess.py:62} INFO - Tmp dir root location: 
 /tmp
[2023-11-30 13:32:59,632] {subprocess.py:74} INFO - Running command: ['bash', '-c', 'echo hello world, this is the third task!']
[2023-11-30 13:32:59,653] {subprocess.py:85} INFO - Output:
[2023-11-30 13:32:59,664] {subprocess.py:89} INFO - hello world, this is the third task!
[2023-11-30 13:32:59,665] {subprocess.py:93} INFO - Command exited with return code 0
[2023-11-30 13:32:59,880] {taskinstance.py:1282} INFO - Marking task as SUCCESS. dag_id=our_first_dag_v3, task_id=third_task, execution_date=20230820T000000, start_date=20231130T133259, end_date=20231130T133259
[2023-11-30 13:32:59,964] {local_task_job.py:154} INFO - Task exited with return code 0
[2023-11-30 13:33:00,236] {local_task_job.py:264} INFO - 0 downstream tasks scheduled from follow-on schedule check
