[2023-12-04 13:42:21,741] {taskinstance.py:1037} INFO - Dependencies all met for <TaskInstance: dag_with_taskflow_api_v02.get_age scheduled__2023-01-30T00:00:00+00:00 [queued]>
[2023-12-04 13:42:21,769] {taskinstance.py:1037} INFO - Dependencies all met for <TaskInstance: dag_with_taskflow_api_v02.get_age scheduled__2023-01-30T00:00:00+00:00 [queued]>
[2023-12-04 13:42:21,769] {taskinstance.py:1243} INFO - 
--------------------------------------------------------------------------------
[2023-12-04 13:42:21,772] {taskinstance.py:1244} INFO - Starting attempt 1 of 6
[2023-12-04 13:42:21,773] {taskinstance.py:1245} INFO - 
--------------------------------------------------------------------------------
[2023-12-04 13:42:21,793] {taskinstance.py:1264} INFO - Executing <Task(_PythonDecoratedOperator): get_age> on 2023-01-30 00:00:00+00:00
[2023-12-04 13:42:21,799] {standard_task_runner.py:52} INFO - Started process 11477 to run task
[2023-12-04 13:42:21,803] {standard_task_runner.py:76} INFO - Running: ['***', 'tasks', 'run', 'dag_with_taskflow_api_v02', 'get_age', 'scheduled__2023-01-30T00:00:00+00:00', '--job-id', '1932', '--raw', '--subdir', 'DAGS_FOLDER/dag_with_taskflow_api.py', '--cfg-path', '/tmp/tmpek7wwctn', '--error-file', '/tmp/tmpls5q2xvt']
[2023-12-04 13:42:21,805] {standard_task_runner.py:77} INFO - Job 1932: Subtask get_age
[2023-12-04 13:42:21,927] {logging_mixin.py:109} INFO - Running <TaskInstance: dag_with_taskflow_api_v02.get_age scheduled__2023-01-30T00:00:00+00:00 [running]> on host 9953e82db65e
[2023-12-04 13:42:22,109] {taskinstance.py:1431} INFO - Exporting the following env vars:
AIRFLOW_CTX_DAG_OWNER=Ali
AIRFLOW_CTX_DAG_ID=dag_with_taskflow_api_v02
AIRFLOW_CTX_TASK_ID=get_age
AIRFLOW_CTX_EXECUTION_DATE=2023-01-30T00:00:00+00:00
AIRFLOW_CTX_DAG_RUN_ID=scheduled__2023-01-30T00:00:00+00:00
[2023-12-04 13:42:22,110] {python.py:175} INFO - Done. Returned value was: 30
[2023-12-04 13:42:22,166] {taskinstance.py:1282} INFO - Marking task as SUCCESS. dag_id=dag_with_taskflow_api_v02, task_id=get_age, execution_date=20230130T000000, start_date=20231204T134221, end_date=20231204T134222
[2023-12-04 13:42:22,231] {local_task_job.py:154} INFO - Task exited with return code 0
[2023-12-04 13:42:22,292] {local_task_job.py:264} INFO - 1 downstream tasks scheduled from follow-on schedule check
