[2023-12-04 13:38:05,392] {taskinstance.py:1037} INFO - Dependencies all met for <TaskInstance: dag_with_taskflow_api_v02.get_age scheduled__2022-02-02T00:00:00+00:00 [queued]>
[2023-12-04 13:38:05,405] {taskinstance.py:1037} INFO - Dependencies all met for <TaskInstance: dag_with_taskflow_api_v02.get_age scheduled__2022-02-02T00:00:00+00:00 [queued]>
[2023-12-04 13:38:05,406] {taskinstance.py:1243} INFO - 
--------------------------------------------------------------------------------
[2023-12-04 13:38:05,406] {taskinstance.py:1244} INFO - Starting attempt 1 of 6
[2023-12-04 13:38:05,406] {taskinstance.py:1245} INFO - 
--------------------------------------------------------------------------------
[2023-12-04 13:38:05,420] {taskinstance.py:1264} INFO - Executing <Task(_PythonDecoratedOperator): get_age> on 2022-02-02 00:00:00+00:00
[2023-12-04 13:38:05,426] {standard_task_runner.py:52} INFO - Started process 9006 to run task
[2023-12-04 13:38:05,430] {standard_task_runner.py:76} INFO - Running: ['***', 'tasks', 'run', 'dag_with_taskflow_api_v02', 'get_age', 'scheduled__2022-02-02T00:00:00+00:00', '--job-id', '848', '--raw', '--subdir', 'DAGS_FOLDER/dag_with_taskflow_api.py', '--cfg-path', '/tmp/tmpd45afv3v', '--error-file', '/tmp/tmpwkc0n65k']
[2023-12-04 13:38:05,431] {standard_task_runner.py:77} INFO - Job 848: Subtask get_age
[2023-12-04 13:38:05,498] {logging_mixin.py:109} INFO - Running <TaskInstance: dag_with_taskflow_api_v02.get_age scheduled__2022-02-02T00:00:00+00:00 [running]> on host 9953e82db65e
[2023-12-04 13:38:05,560] {taskinstance.py:1431} INFO - Exporting the following env vars:
AIRFLOW_CTX_DAG_OWNER=Ali
AIRFLOW_CTX_DAG_ID=dag_with_taskflow_api_v02
AIRFLOW_CTX_TASK_ID=get_age
AIRFLOW_CTX_EXECUTION_DATE=2022-02-02T00:00:00+00:00
AIRFLOW_CTX_DAG_RUN_ID=scheduled__2022-02-02T00:00:00+00:00
[2023-12-04 13:38:05,560] {python.py:175} INFO - Done. Returned value was: 30
[2023-12-04 13:38:05,592] {taskinstance.py:1282} INFO - Marking task as SUCCESS. dag_id=dag_with_taskflow_api_v02, task_id=get_age, execution_date=20220202T000000, start_date=20231204T133805, end_date=20231204T133805
[2023-12-04 13:38:05,650] {local_task_job.py:154} INFO - Task exited with return code 0
[2023-12-04 13:38:05,737] {local_task_job.py:264} INFO - 1 downstream tasks scheduled from follow-on schedule check
