[2023-12-04 13:39:13,007] {taskinstance.py:1037} INFO - Dependencies all met for <TaskInstance: dag_with_taskflow_api_v02.get_age scheduled__2022-05-17T00:00:00+00:00 [queued]>
[2023-12-04 13:39:13,024] {taskinstance.py:1037} INFO - Dependencies all met for <TaskInstance: dag_with_taskflow_api_v02.get_age scheduled__2022-05-17T00:00:00+00:00 [queued]>
[2023-12-04 13:39:13,024] {taskinstance.py:1243} INFO - 
--------------------------------------------------------------------------------
[2023-12-04 13:39:13,024] {taskinstance.py:1244} INFO - Starting attempt 1 of 6
[2023-12-04 13:39:13,024] {taskinstance.py:1245} INFO - 
--------------------------------------------------------------------------------
[2023-12-04 13:39:13,041] {taskinstance.py:1264} INFO - Executing <Task(_PythonDecoratedOperator): get_age> on 2022-05-17 00:00:00+00:00
[2023-12-04 13:39:13,045] {standard_task_runner.py:52} INFO - Started process 9699 to run task
[2023-12-04 13:39:13,050] {standard_task_runner.py:76} INFO - Running: ['***', 'tasks', 'run', 'dag_with_taskflow_api_v02', 'get_age', 'scheduled__2022-05-17T00:00:00+00:00', '--job-id', '1157', '--raw', '--subdir', 'DAGS_FOLDER/dag_with_taskflow_api.py', '--cfg-path', '/tmp/tmp9fyqo9o7', '--error-file', '/tmp/tmpkn6y987t']
[2023-12-04 13:39:13,052] {standard_task_runner.py:77} INFO - Job 1157: Subtask get_age
[2023-12-04 13:39:13,148] {logging_mixin.py:109} INFO - Running <TaskInstance: dag_with_taskflow_api_v02.get_age scheduled__2022-05-17T00:00:00+00:00 [running]> on host 9953e82db65e
[2023-12-04 13:39:13,242] {taskinstance.py:1431} INFO - Exporting the following env vars:
AIRFLOW_CTX_DAG_OWNER=Ali
AIRFLOW_CTX_DAG_ID=dag_with_taskflow_api_v02
AIRFLOW_CTX_TASK_ID=get_age
AIRFLOW_CTX_EXECUTION_DATE=2022-05-17T00:00:00+00:00
AIRFLOW_CTX_DAG_RUN_ID=scheduled__2022-05-17T00:00:00+00:00
[2023-12-04 13:39:13,243] {python.py:175} INFO - Done. Returned value was: 30
[2023-12-04 13:39:13,276] {taskinstance.py:1282} INFO - Marking task as SUCCESS. dag_id=dag_with_taskflow_api_v02, task_id=get_age, execution_date=20220517T000000, start_date=20231204T133913, end_date=20231204T133913
[2023-12-04 13:39:13,305] {local_task_job.py:154} INFO - Task exited with return code 0
[2023-12-04 13:39:13,371] {local_task_job.py:264} INFO - 0 downstream tasks scheduled from follow-on schedule check
