[2023-11-30 14:54:27,914] {taskinstance.py:1037} INFO - Dependencies all met for <TaskInstance: our_dag_with_python_operator_v02.greet scheduled__2023-11-29T00:00:00+00:00 [queued]>
[2023-11-30 14:54:27,922] {taskinstance.py:1037} INFO - Dependencies all met for <TaskInstance: our_dag_with_python_operator_v02.greet scheduled__2023-11-29T00:00:00+00:00 [queued]>
[2023-11-30 14:54:27,922] {taskinstance.py:1243} INFO - 
--------------------------------------------------------------------------------
[2023-11-30 14:54:27,922] {taskinstance.py:1244} INFO - Starting attempt 1 of 6
[2023-11-30 14:54:27,922] {taskinstance.py:1245} INFO - 
--------------------------------------------------------------------------------
[2023-11-30 14:54:27,932] {taskinstance.py:1264} INFO - Executing <Task(PythonOperator): greet> on 2023-11-29 00:00:00+00:00
[2023-11-30 14:54:27,935] {standard_task_runner.py:52} INFO - Started process 16565 to run task
[2023-11-30 14:54:27,938] {standard_task_runner.py:76} INFO - Running: ['***', 'tasks', 'run', 'our_dag_with_python_operator_v02', 'greet', 'scheduled__2023-11-29T00:00:00+00:00', '--job-id', '622', '--raw', '--subdir', 'DAGS_FOLDER/create_dag_with_python_operator.py', '--cfg-path', '/tmp/tmpw220g7k8', '--error-file', '/tmp/tmp666i7qsf']
[2023-11-30 14:54:27,939] {standard_task_runner.py:77} INFO - Job 622: Subtask greet
[2023-11-30 14:54:27,979] {logging_mixin.py:109} INFO - Running <TaskInstance: our_dag_with_python_operator_v02.greet scheduled__2023-11-29T00:00:00+00:00 [running]> on host 08735726aeda
[2023-11-30 14:54:28,022] {taskinstance.py:1431} INFO - Exporting the following env vars:
AIRFLOW_CTX_DAG_OWNER=Ali
AIRFLOW_CTX_DAG_ID=our_dag_with_python_operator_v02
AIRFLOW_CTX_TASK_ID=greet
AIRFLOW_CTX_EXECUTION_DATE=2023-11-29T00:00:00+00:00
AIRFLOW_CTX_DAG_RUN_ID=scheduled__2023-11-29T00:00:00+00:00
[2023-11-30 14:54:28,023] {logging_mixin.py:109} INFO - Hello world! my name is Ali, and I am 20 years old.
[2023-11-30 14:54:28,023] {python.py:175} INFO - Done. Returned value was: None
[2023-11-30 14:54:28,030] {taskinstance.py:1282} INFO - Marking task as SUCCESS. dag_id=our_dag_with_python_operator_v02, task_id=greet, execution_date=20231129T000000, start_date=20231130T145427, end_date=20231130T145428
[2023-11-30 14:54:28,073] {local_task_job.py:154} INFO - Task exited with return code 0
[2023-11-30 14:54:28,099] {local_task_job.py:264} INFO - 0 downstream tasks scheduled from follow-on schedule check
