[2023-12-04 13:00:16,467] {taskinstance.py:1037} INFO - Dependencies all met for <TaskInstance: our_dag_with_python_operator_v05.greet manual__2023-12-04T13:00:15.038592+00:00 [queued]>
[2023-12-04 13:00:16,475] {taskinstance.py:1037} INFO - Dependencies all met for <TaskInstance: our_dag_with_python_operator_v05.greet manual__2023-12-04T13:00:15.038592+00:00 [queued]>
[2023-12-04 13:00:16,475] {taskinstance.py:1243} INFO - 
--------------------------------------------------------------------------------
[2023-12-04 13:00:16,475] {taskinstance.py:1244} INFO - Starting attempt 1 of 6
[2023-12-04 13:00:16,475] {taskinstance.py:1245} INFO - 
--------------------------------------------------------------------------------
[2023-12-04 13:00:16,486] {taskinstance.py:1264} INFO - Executing <Task(PythonOperator): greet> on 2023-12-04 13:00:15.038592+00:00
[2023-12-04 13:00:16,489] {standard_task_runner.py:52} INFO - Started process 4792 to run task
[2023-12-04 13:00:16,491] {standard_task_runner.py:76} INFO - Running: ['***', 'tasks', 'run', 'our_dag_with_python_operator_v05', 'greet', 'manual__2023-12-04T13:00:15.038592+00:00', '--job-id', '69', '--raw', '--subdir', 'DAGS_FOLDER/create_dag_with_python_operator.py', '--cfg-path', '/tmp/tmpudmb0s35', '--error-file', '/tmp/tmpynxdsj_f']
[2023-12-04 13:00:16,491] {standard_task_runner.py:77} INFO - Job 69: Subtask greet
[2023-12-04 13:00:16,528] {logging_mixin.py:109} INFO - Running <TaskInstance: our_dag_with_python_operator_v05.greet manual__2023-12-04T13:00:15.038592+00:00 [running]> on host 9953e82db65e
[2023-12-04 13:00:16,567] {taskinstance.py:1431} INFO - Exporting the following env vars:
AIRFLOW_CTX_DAG_OWNER=Ali
AIRFLOW_CTX_DAG_ID=our_dag_with_python_operator_v05
AIRFLOW_CTX_TASK_ID=greet
AIRFLOW_CTX_EXECUTION_DATE=2023-12-04T13:00:15.038592+00:00
AIRFLOW_CTX_DAG_RUN_ID=manual__2023-12-04T13:00:15.038592+00:00
[2023-12-04 13:00:16,586] {logging_mixin.py:109} INFO - Hello world! my name is Ali Mokh, and I am 19 years old.
[2023-12-04 13:00:16,586] {python.py:175} INFO - Done. Returned value was: None
[2023-12-04 13:00:16,596] {taskinstance.py:1282} INFO - Marking task as SUCCESS. dag_id=our_dag_with_python_operator_v05, task_id=greet, execution_date=20231204T130015, start_date=20231204T130016, end_date=20231204T130016
[2023-12-04 13:00:16,623] {local_task_job.py:154} INFO - Task exited with return code 0
[2023-12-04 13:00:16,644] {local_task_job.py:264} INFO - 0 downstream tasks scheduled from follow-on schedule check
