[2023-12-04 13:39:50,544] {taskinstance.py:1037} INFO - Dependencies all met for <TaskInstance: dag_with_taskflow_api_v02.greet scheduled__2022-07-06T00:00:00+00:00 [queued]>
[2023-12-04 13:39:50,562] {taskinstance.py:1037} INFO - Dependencies all met for <TaskInstance: dag_with_taskflow_api_v02.greet scheduled__2022-07-06T00:00:00+00:00 [queued]>
[2023-12-04 13:39:50,562] {taskinstance.py:1243} INFO - 
--------------------------------------------------------------------------------
[2023-12-04 13:39:50,562] {taskinstance.py:1244} INFO - Starting attempt 1 of 6
[2023-12-04 13:39:50,563] {taskinstance.py:1245} INFO - 
--------------------------------------------------------------------------------
[2023-12-04 13:39:50,580] {taskinstance.py:1264} INFO - Executing <Task(_PythonDecoratedOperator): greet> on 2022-07-06 00:00:00+00:00
[2023-12-04 13:39:50,584] {standard_task_runner.py:52} INFO - Started process 10055 to run task
[2023-12-04 13:39:50,594] {standard_task_runner.py:76} INFO - Running: ['***', 'tasks', 'run', 'dag_with_taskflow_api_v02', 'greet', 'scheduled__2022-07-06T00:00:00+00:00', '--job-id', '1311', '--raw', '--subdir', 'DAGS_FOLDER/dag_with_taskflow_api.py', '--cfg-path', '/tmp/tmpqbifxbs7', '--error-file', '/tmp/tmpulxuiqzf']
[2023-12-04 13:39:50,595] {standard_task_runner.py:77} INFO - Job 1311: Subtask greet
[2023-12-04 13:39:50,683] {logging_mixin.py:109} INFO - Running <TaskInstance: dag_with_taskflow_api_v02.greet scheduled__2022-07-06T00:00:00+00:00 [running]> on host 9953e82db65e
[2023-12-04 13:39:50,795] {taskinstance.py:1431} INFO - Exporting the following env vars:
AIRFLOW_CTX_DAG_OWNER=Ali
AIRFLOW_CTX_DAG_ID=dag_with_taskflow_api_v02
AIRFLOW_CTX_TASK_ID=greet
AIRFLOW_CTX_EXECUTION_DATE=2022-07-06T00:00:00+00:00
AIRFLOW_CTX_DAG_RUN_ID=scheduled__2022-07-06T00:00:00+00:00
[2023-12-04 13:39:50,796] {logging_mixin.py:109} INFO - Hello World! My name is Ali Mokh and I am 30 years old
[2023-12-04 13:39:50,797] {python.py:175} INFO - Done. Returned value was: None
[2023-12-04 13:39:50,811] {taskinstance.py:1282} INFO - Marking task as SUCCESS. dag_id=dag_with_taskflow_api_v02, task_id=greet, execution_date=20220706T000000, start_date=20231204T133950, end_date=20231204T133950
[2023-12-04 13:39:50,840] {local_task_job.py:154} INFO - Task exited with return code 0
[2023-12-04 13:39:50,877] {local_task_job.py:264} INFO - 0 downstream tasks scheduled from follow-on schedule check
