[2023-12-04 13:38:25,112] {taskinstance.py:1037} INFO - Dependencies all met for <TaskInstance: dag_with_taskflow_api_v02.greet scheduled__2022-03-05T00:00:00+00:00 [queued]>
[2023-12-04 13:38:25,119] {taskinstance.py:1037} INFO - Dependencies all met for <TaskInstance: dag_with_taskflow_api_v02.greet scheduled__2022-03-05T00:00:00+00:00 [queued]>
[2023-12-04 13:38:25,119] {taskinstance.py:1243} INFO - 
--------------------------------------------------------------------------------
[2023-12-04 13:38:25,119] {taskinstance.py:1244} INFO - Starting attempt 1 of 6
[2023-12-04 13:38:25,119] {taskinstance.py:1245} INFO - 
--------------------------------------------------------------------------------
[2023-12-04 13:38:25,132] {taskinstance.py:1264} INFO - Executing <Task(_PythonDecoratedOperator): greet> on 2022-03-05 00:00:00+00:00
[2023-12-04 13:38:25,134] {standard_task_runner.py:52} INFO - Started process 9217 to run task
[2023-12-04 13:38:25,136] {standard_task_runner.py:76} INFO - Running: ['***', 'tasks', 'run', 'dag_with_taskflow_api_v02', 'greet', 'scheduled__2022-03-05T00:00:00+00:00', '--job-id', '942', '--raw', '--subdir', 'DAGS_FOLDER/dag_with_taskflow_api.py', '--cfg-path', '/tmp/tmppg39mnze', '--error-file', '/tmp/tmpooegaky0']
[2023-12-04 13:38:25,137] {standard_task_runner.py:77} INFO - Job 942: Subtask greet
[2023-12-04 13:38:25,177] {logging_mixin.py:109} INFO - Running <TaskInstance: dag_with_taskflow_api_v02.greet scheduled__2022-03-05T00:00:00+00:00 [running]> on host 9953e82db65e
[2023-12-04 13:38:25,241] {taskinstance.py:1431} INFO - Exporting the following env vars:
AIRFLOW_CTX_DAG_OWNER=Ali
AIRFLOW_CTX_DAG_ID=dag_with_taskflow_api_v02
AIRFLOW_CTX_TASK_ID=greet
AIRFLOW_CTX_EXECUTION_DATE=2022-03-05T00:00:00+00:00
AIRFLOW_CTX_DAG_RUN_ID=scheduled__2022-03-05T00:00:00+00:00
[2023-12-04 13:38:25,242] {logging_mixin.py:109} INFO - Hello World! My name is Ali Mokh and I am 30 years old
[2023-12-04 13:38:25,242] {python.py:175} INFO - Done. Returned value was: None
[2023-12-04 13:38:25,251] {taskinstance.py:1282} INFO - Marking task as SUCCESS. dag_id=dag_with_taskflow_api_v02, task_id=greet, execution_date=20220305T000000, start_date=20231204T133825, end_date=20231204T133825
[2023-12-04 13:38:25,268] {local_task_job.py:154} INFO - Task exited with return code 0
[2023-12-04 13:38:25,291] {local_task_job.py:264} INFO - 0 downstream tasks scheduled from follow-on schedule check
