[2023-11-30 13:33:28,831] {taskinstance.py:1037} INFO - Dependencies all met for <TaskInstance: our_first_dag_v3.second_task scheduled__2023-09-30T00:00:00+00:00 [queued]>
[2023-11-30 13:33:28,881] {taskinstance.py:1037} INFO - Dependencies all met for <TaskInstance: our_first_dag_v3.second_task scheduled__2023-09-30T00:00:00+00:00 [queued]>
[2023-11-30 13:33:28,882] {taskinstance.py:1243} INFO - 
--------------------------------------------------------------------------------
[2023-11-30 13:33:28,882] {taskinstance.py:1244} INFO - Starting attempt 1 of 6
[2023-11-30 13:33:28,882] {taskinstance.py:1245} INFO - 
--------------------------------------------------------------------------------
[2023-11-30 13:33:28,938] {taskinstance.py:1264} INFO - Executing <Task(BashOperator): second_task> on 2023-09-30 00:00:00+00:00
[2023-11-30 13:33:28,942] {standard_task_runner.py:52} INFO - Started process 5711 to run task
[2023-11-30 13:33:28,961] {standard_task_runner.py:76} INFO - Running: ['***', 'tasks', 'run', 'our_first_dag_v3', 'second_task', 'scheduled__2023-09-30T00:00:00+00:00', '--job-id', '443', '--raw', '--subdir', 'DAGS_FOLDER/our_first_dag.py', '--cfg-path', '/tmp/tmpqny4bwwo', '--error-file', '/tmp/tmp59dc7q6g']
[2023-11-30 13:33:28,963] {standard_task_runner.py:77} INFO - Job 443: Subtask second_task
[2023-11-30 13:33:29,091] {logging_mixin.py:109} INFO - Running <TaskInstance: our_first_dag_v3.second_task scheduled__2023-09-30T00:00:00+00:00 [running]> on host 08735726aeda
[2023-11-30 13:33:29,258] {taskinstance.py:1431} INFO - Exporting the following env vars:
AIRFLOW_CTX_DAG_OWNER=Ali
AIRFLOW_CTX_DAG_ID=our_first_dag_v3
AIRFLOW_CTX_TASK_ID=second_task
AIRFLOW_CTX_EXECUTION_DATE=2023-09-30T00:00:00+00:00
AIRFLOW_CTX_DAG_RUN_ID=scheduled__2023-09-30T00:00:00+00:00
[2023-11-30 13:33:29,259] {subprocess.py:62} INFO - Tmp dir root location: 
 /tmp
[2023-11-30 13:33:29,260] {subprocess.py:74} INFO - Running command: ['bash', '-c', 'echo hello world, this is the second task!']
[2023-11-30 13:33:29,301] {subprocess.py:85} INFO - Output:
[2023-11-30 13:33:29,304] {subprocess.py:89} INFO - hello world, this is the second task!
[2023-11-30 13:33:29,306] {subprocess.py:93} INFO - Command exited with return code 0
[2023-11-30 13:33:29,596] {taskinstance.py:1282} INFO - Marking task as SUCCESS. dag_id=our_first_dag_v3, task_id=second_task, execution_date=20230930T000000, start_date=20231130T133328, end_date=20231130T133329
[2023-11-30 13:33:29,622] {local_task_job.py:154} INFO - Task exited with return code 0
[2023-11-30 13:33:29,704] {local_task_job.py:264} INFO - 0 downstream tasks scheduled from follow-on schedule check
