[2023-12-04 12:24:54,451] {taskinstance.py:1037} INFO - Dependencies all met for <TaskInstance: our_dag_with_python_operator_v05.get_age scheduled__2023-11-29T00:00:00+00:00 [queued]>
[2023-12-04 12:24:54,461] {taskinstance.py:1037} INFO - Dependencies all met for <TaskInstance: our_dag_with_python_operator_v05.get_age scheduled__2023-11-29T00:00:00+00:00 [queued]>
[2023-12-04 12:24:54,462] {taskinstance.py:1243} INFO - 
--------------------------------------------------------------------------------
[2023-12-04 12:24:54,462] {taskinstance.py:1244} INFO - Starting attempt 1 of 6
[2023-12-04 12:24:54,462] {taskinstance.py:1245} INFO - 
--------------------------------------------------------------------------------
[2023-12-04 12:24:54,474] {taskinstance.py:1264} INFO - Executing <Task(PythonOperator): get_age> on 2023-11-29 00:00:00+00:00
[2023-12-04 12:24:54,479] {standard_task_runner.py:52} INFO - Started process 2813 to run task
[2023-12-04 12:24:54,481] {standard_task_runner.py:76} INFO - Running: ['***', 'tasks', 'run', 'our_dag_with_python_operator_v05', 'get_age', 'scheduled__2023-11-29T00:00:00+00:00', '--job-id', '27', '--raw', '--subdir', 'DAGS_FOLDER/create_dag_with_python_operator.py', '--cfg-path', '/tmp/tmp13g0ol54', '--error-file', '/tmp/tmpuuv2bvf4']
[2023-12-04 12:24:54,482] {standard_task_runner.py:77} INFO - Job 27: Subtask get_age
[2023-12-04 12:24:54,539] {logging_mixin.py:109} INFO - Running <TaskInstance: our_dag_with_python_operator_v05.get_age scheduled__2023-11-29T00:00:00+00:00 [running]> on host 9953e82db65e
[2023-12-04 12:24:54,612] {taskinstance.py:1431} INFO - Exporting the following env vars:
AIRFLOW_CTX_DAG_OWNER=Ali
AIRFLOW_CTX_DAG_ID=our_dag_with_python_operator_v05
AIRFLOW_CTX_TASK_ID=get_age
AIRFLOW_CTX_EXECUTION_DATE=2023-11-29T00:00:00+00:00
AIRFLOW_CTX_DAG_RUN_ID=scheduled__2023-11-29T00:00:00+00:00
[2023-12-04 12:24:54,629] {python.py:175} INFO - Done. Returned value was: 20
[2023-12-04 12:24:54,685] {taskinstance.py:1282} INFO - Marking task as SUCCESS. dag_id=our_dag_with_python_operator_v05, task_id=get_age, execution_date=20231129T000000, start_date=20231204T122454, end_date=20231204T122454
[2023-12-04 12:24:54,736] {local_task_job.py:154} INFO - Task exited with return code 0
[2023-12-04 12:24:54,812] {local_task_job.py:264} INFO - 0 downstream tasks scheduled from follow-on schedule check
