[2023-11-30 13:33:47,970] {taskinstance.py:1037} INFO - Dependencies all met for <TaskInstance: our_first_dag_v3.first_task scheduled__2023-10-29T00:00:00+00:00 [queued]>
[2023-11-30 13:33:47,982] {taskinstance.py:1037} INFO - Dependencies all met for <TaskInstance: our_first_dag_v3.first_task scheduled__2023-10-29T00:00:00+00:00 [queued]>
[2023-11-30 13:33:47,982] {taskinstance.py:1243} INFO - 
--------------------------------------------------------------------------------
[2023-11-30 13:33:47,982] {taskinstance.py:1244} INFO - Starting attempt 1 of 6
[2023-11-30 13:33:47,983] {taskinstance.py:1245} INFO - 
--------------------------------------------------------------------------------
[2023-11-30 13:33:47,999] {taskinstance.py:1264} INFO - Executing <Task(BashOperator): first_task> on 2023-10-29 00:00:00+00:00
[2023-11-30 13:33:48,006] {standard_task_runner.py:52} INFO - Started process 6039 to run task
[2023-11-30 13:33:48,009] {standard_task_runner.py:76} INFO - Running: ['***', 'tasks', 'run', 'our_first_dag_v3', 'first_task', 'scheduled__2023-10-29T00:00:00+00:00', '--job-id', '519', '--raw', '--subdir', 'DAGS_FOLDER/our_first_dag.py', '--cfg-path', '/tmp/tmpzv5qg8_a', '--error-file', '/tmp/tmpg2ry8ohq']
[2023-11-30 13:33:48,010] {standard_task_runner.py:77} INFO - Job 519: Subtask first_task
[2023-11-30 13:33:48,104] {logging_mixin.py:109} INFO - Running <TaskInstance: our_first_dag_v3.first_task scheduled__2023-10-29T00:00:00+00:00 [running]> on host 08735726aeda
[2023-11-30 13:33:48,179] {taskinstance.py:1431} INFO - Exporting the following env vars:
AIRFLOW_CTX_DAG_OWNER=Ali
AIRFLOW_CTX_DAG_ID=our_first_dag_v3
AIRFLOW_CTX_TASK_ID=first_task
AIRFLOW_CTX_EXECUTION_DATE=2023-10-29T00:00:00+00:00
AIRFLOW_CTX_DAG_RUN_ID=scheduled__2023-10-29T00:00:00+00:00
[2023-11-30 13:33:48,179] {subprocess.py:62} INFO - Tmp dir root location: 
 /tmp
[2023-11-30 13:33:48,180] {subprocess.py:74} INFO - Running command: ['bash', '-c', 'echo hello world, this is the first task!']
[2023-11-30 13:33:48,191] {subprocess.py:85} INFO - Output:
[2023-11-30 13:33:48,193] {subprocess.py:89} INFO - hello world, this is the first task!
[2023-11-30 13:33:48,193] {subprocess.py:93} INFO - Command exited with return code 0
[2023-11-30 13:33:48,233] {taskinstance.py:1282} INFO - Marking task as SUCCESS. dag_id=our_first_dag_v3, task_id=first_task, execution_date=20231029T000000, start_date=20231130T133347, end_date=20231130T133348
[2023-11-30 13:33:48,264] {local_task_job.py:154} INFO - Task exited with return code 0
[2023-11-30 13:33:48,330] {local_task_job.py:264} INFO - 2 downstream tasks scheduled from follow-on schedule check
