[2023-12-04 13:36:01,486] {taskinstance.py:1037} INFO - Dependencies all met for <TaskInstance: dag_with_taskflow_api.get_name scheduled__2022-04-23T00:00:00+00:00 [queued]>
[2023-12-04 13:36:01,508] {taskinstance.py:1037} INFO - Dependencies all met for <TaskInstance: dag_with_taskflow_api.get_name scheduled__2022-04-23T00:00:00+00:00 [queued]>
[2023-12-04 13:36:01,508] {taskinstance.py:1243} INFO - 
--------------------------------------------------------------------------------
[2023-12-04 13:36:01,508] {taskinstance.py:1244} INFO - Starting attempt 1 of 6
[2023-12-04 13:36:01,508] {taskinstance.py:1245} INFO - 
--------------------------------------------------------------------------------
[2023-12-04 13:36:01,536] {taskinstance.py:1264} INFO - Executing <Task(_PythonDecoratedOperator): get_name> on 2022-04-23 00:00:00+00:00
[2023-12-04 13:36:01,539] {standard_task_runner.py:52} INFO - Started process 7962 to run task
[2023-12-04 13:36:01,547] {standard_task_runner.py:76} INFO - Running: ['***', 'tasks', 'run', 'dag_with_taskflow_api', 'get_name', 'scheduled__2022-04-23T00:00:00+00:00', '--job-id', '405', '--raw', '--subdir', 'DAGS_FOLDER/dag_with_taskflow_api.py', '--cfg-path', '/tmp/tmpa7jg6ub_', '--error-file', '/tmp/tmp50go5qxl']
[2023-12-04 13:36:01,549] {standard_task_runner.py:77} INFO - Job 405: Subtask get_name
[2023-12-04 13:36:01,649] {logging_mixin.py:109} INFO - Running <TaskInstance: dag_with_taskflow_api.get_name scheduled__2022-04-23T00:00:00+00:00 [running]> on host 9953e82db65e
[2023-12-04 13:36:01,762] {taskinstance.py:1431} INFO - Exporting the following env vars:
AIRFLOW_CTX_DAG_OWNER=Ali
AIRFLOW_CTX_DAG_ID=dag_with_taskflow_api
AIRFLOW_CTX_TASK_ID=get_name
AIRFLOW_CTX_EXECUTION_DATE=2022-04-23T00:00:00+00:00
AIRFLOW_CTX_DAG_RUN_ID=scheduled__2022-04-23T00:00:00+00:00
[2023-12-04 13:36:01,763] {python.py:175} INFO - Done. Returned value was: Ali
[2023-12-04 13:36:01,796] {taskinstance.py:1282} INFO - Marking task as SUCCESS. dag_id=dag_with_taskflow_api, task_id=get_name, execution_date=20220423T000000, start_date=20231204T133601, end_date=20231204T133601
[2023-12-04 13:36:01,843] {local_task_job.py:154} INFO - Task exited with return code 0
[2023-12-04 13:36:01,907] {local_task_job.py:264} INFO - 0 downstream tasks scheduled from follow-on schedule check
