[2023-11-30 12:35:31,110] {taskinstance.py:1037} INFO - Dependencies all met for <TaskInstance: our_first_dag.first_task scheduled__2023-08-16T00:00:00+00:00 [queued]>
[2023-11-30 12:35:31,131] {taskinstance.py:1037} INFO - Dependencies all met for <TaskInstance: our_first_dag.first_task scheduled__2023-08-16T00:00:00+00:00 [queued]>
[2023-11-30 12:35:31,132] {taskinstance.py:1243} INFO - 
--------------------------------------------------------------------------------
[2023-11-30 12:35:31,132] {taskinstance.py:1244} INFO - Starting attempt 1 of 6
[2023-11-30 12:35:31,132] {taskinstance.py:1245} INFO - 
--------------------------------------------------------------------------------
[2023-11-30 12:35:31,200] {taskinstance.py:1264} INFO - Executing <Task(BashOperator): first_task> on 2023-08-16 00:00:00+00:00
[2023-11-30 12:35:31,209] {standard_task_runner.py:52} INFO - Started process 84214 to run task
[2023-11-30 12:35:31,215] {standard_task_runner.py:76} INFO - Running: ['***', 'tasks', 'run', 'our_first_dag', 'first_task', 'scheduled__2023-08-16T00:00:00+00:00', '--job-id', '36', '--raw', '--subdir', 'DAGS_FOLDER/our_first_dag.py', '--cfg-path', '/tmp/tmpb3k5jh4v', '--error-file', '/tmp/tmphpga9eyq']
[2023-11-30 12:35:31,218] {standard_task_runner.py:77} INFO - Job 36: Subtask first_task
[2023-11-30 12:35:31,406] {logging_mixin.py:109} INFO - Running <TaskInstance: our_first_dag.first_task scheduled__2023-08-16T00:00:00+00:00 [running]> on host 6a46d673723a
[2023-11-30 12:35:31,554] {taskinstance.py:1431} INFO - Exporting the following env vars:
AIRFLOW_CTX_DAG_OWNER=Ali
AIRFLOW_CTX_DAG_ID=our_first_dag
AIRFLOW_CTX_TASK_ID=first_task
AIRFLOW_CTX_EXECUTION_DATE=2023-08-16T00:00:00+00:00
AIRFLOW_CTX_DAG_RUN_ID=scheduled__2023-08-16T00:00:00+00:00
[2023-11-30 12:35:31,560] {subprocess.py:62} INFO - Tmp dir root location: 
 /tmp
[2023-11-30 12:35:31,561] {subprocess.py:74} INFO - Running command: ['bash', '-c', 'echo hello world, this is the first task!']
[2023-11-30 12:35:31,580] {subprocess.py:85} INFO - Output:
[2023-11-30 12:35:31,582] {subprocess.py:89} INFO - hello world, this is the first task!
[2023-11-30 12:35:31,583] {subprocess.py:93} INFO - Command exited with return code 0
[2023-11-30 12:35:31,640] {taskinstance.py:1282} INFO - Marking task as SUCCESS. dag_id=our_first_dag, task_id=first_task, execution_date=20230816T000000, start_date=20231130T123531, end_date=20231130T123531
[2023-11-30 12:35:31,729] {local_task_job.py:154} INFO - Task exited with return code 0
[2023-11-30 12:35:31,792] {local_task_job.py:264} INFO - 0 downstream tasks scheduled from follow-on schedule check
