[2023-12-04 13:36:19,217] {taskinstance.py:1037} INFO - Dependencies all met for <TaskInstance: dag_with_taskflow_api.get_name scheduled__2022-05-17T00:00:00+00:00 [queued]>
[2023-12-04 13:36:19,231] {taskinstance.py:1037} INFO - Dependencies all met for <TaskInstance: dag_with_taskflow_api.get_name scheduled__2022-05-17T00:00:00+00:00 [queued]>
[2023-12-04 13:36:19,231] {taskinstance.py:1243} INFO - 
--------------------------------------------------------------------------------
[2023-12-04 13:36:19,231] {taskinstance.py:1244} INFO - Starting attempt 1 of 6
[2023-12-04 13:36:19,231] {taskinstance.py:1245} INFO - 
--------------------------------------------------------------------------------
[2023-12-04 13:36:19,260] {taskinstance.py:1264} INFO - Executing <Task(_PythonDecoratedOperator): get_name> on 2022-05-17 00:00:00+00:00
[2023-12-04 13:36:19,263] {standard_task_runner.py:52} INFO - Started process 8121 to run task
[2023-12-04 13:36:19,268] {standard_task_runner.py:76} INFO - Running: ['***', 'tasks', 'run', 'dag_with_taskflow_api', 'get_name', 'scheduled__2022-05-17T00:00:00+00:00', '--job-id', '476', '--raw', '--subdir', 'DAGS_FOLDER/dag_with_taskflow_api.py', '--cfg-path', '/tmp/tmpcnat98tq', '--error-file', '/tmp/tmp948upuii']
[2023-12-04 13:36:19,269] {standard_task_runner.py:77} INFO - Job 476: Subtask get_name
[2023-12-04 13:36:19,343] {logging_mixin.py:109} INFO - Running <TaskInstance: dag_with_taskflow_api.get_name scheduled__2022-05-17T00:00:00+00:00 [running]> on host 9953e82db65e
[2023-12-04 13:36:19,415] {taskinstance.py:1431} INFO - Exporting the following env vars:
AIRFLOW_CTX_DAG_OWNER=Ali
AIRFLOW_CTX_DAG_ID=dag_with_taskflow_api
AIRFLOW_CTX_TASK_ID=get_name
AIRFLOW_CTX_EXECUTION_DATE=2022-05-17T00:00:00+00:00
AIRFLOW_CTX_DAG_RUN_ID=scheduled__2022-05-17T00:00:00+00:00
[2023-12-04 13:36:19,416] {python.py:175} INFO - Done. Returned value was: Ali
[2023-12-04 13:36:19,471] {taskinstance.py:1282} INFO - Marking task as SUCCESS. dag_id=dag_with_taskflow_api, task_id=get_name, execution_date=20220517T000000, start_date=20231204T133619, end_date=20231204T133619
[2023-12-04 13:36:19,533] {local_task_job.py:154} INFO - Task exited with return code 0
[2023-12-04 13:36:19,762] {local_task_job.py:264} INFO - 0 downstream tasks scheduled from follow-on schedule check
