[2023-11-30 12:35:40,847] {taskinstance.py:1037} INFO - Dependencies all met for <TaskInstance: our_first_dag.first_task scheduled__2023-08-31T00:00:00+00:00 [queued]>
[2023-11-30 12:35:40,881] {taskinstance.py:1037} INFO - Dependencies all met for <TaskInstance: our_first_dag.first_task scheduled__2023-08-31T00:00:00+00:00 [queued]>
[2023-11-30 12:35:40,882] {taskinstance.py:1243} INFO - 
--------------------------------------------------------------------------------
[2023-11-30 12:35:40,882] {taskinstance.py:1244} INFO - Starting attempt 1 of 6
[2023-11-30 12:35:40,882] {taskinstance.py:1245} INFO - 
--------------------------------------------------------------------------------
[2023-11-30 12:35:40,941] {taskinstance.py:1264} INFO - Executing <Task(BashOperator): first_task> on 2023-08-31 00:00:00+00:00
[2023-11-30 12:35:40,951] {standard_task_runner.py:52} INFO - Started process 84312 to run task
[2023-11-30 12:35:40,962] {standard_task_runner.py:76} INFO - Running: ['***', 'tasks', 'run', 'our_first_dag', 'first_task', 'scheduled__2023-08-31T00:00:00+00:00', '--job-id', '51', '--raw', '--subdir', 'DAGS_FOLDER/our_first_dag.py', '--cfg-path', '/tmp/tmpj8hdlfq6', '--error-file', '/tmp/tmphieac5pf']
[2023-11-30 12:35:40,964] {standard_task_runner.py:77} INFO - Job 51: Subtask first_task
[2023-11-30 12:35:41,108] {logging_mixin.py:109} INFO - Running <TaskInstance: our_first_dag.first_task scheduled__2023-08-31T00:00:00+00:00 [running]> on host 6a46d673723a
[2023-11-30 12:35:41,256] {taskinstance.py:1431} INFO - Exporting the following env vars:
AIRFLOW_CTX_DAG_OWNER=Ali
AIRFLOW_CTX_DAG_ID=our_first_dag
AIRFLOW_CTX_TASK_ID=first_task
AIRFLOW_CTX_EXECUTION_DATE=2023-08-31T00:00:00+00:00
AIRFLOW_CTX_DAG_RUN_ID=scheduled__2023-08-31T00:00:00+00:00
[2023-11-30 12:35:41,257] {subprocess.py:62} INFO - Tmp dir root location: 
 /tmp
[2023-11-30 12:35:41,258] {subprocess.py:74} INFO - Running command: ['bash', '-c', 'echo hello world, this is the first task!']
[2023-11-30 12:35:41,279] {subprocess.py:85} INFO - Output:
[2023-11-30 12:35:41,281] {subprocess.py:89} INFO - hello world, this is the first task!
[2023-11-30 12:35:41,282] {subprocess.py:93} INFO - Command exited with return code 0
[2023-11-30 12:35:41,316] {taskinstance.py:1282} INFO - Marking task as SUCCESS. dag_id=our_first_dag, task_id=first_task, execution_date=20230831T000000, start_date=20231130T123540, end_date=20231130T123541
[2023-11-30 12:35:41,378] {local_task_job.py:154} INFO - Task exited with return code 0
[2023-11-30 12:35:41,424] {local_task_job.py:264} INFO - 0 downstream tasks scheduled from follow-on schedule check
