[2023-12-04 13:38:42,263] {taskinstance.py:1037} INFO - Dependencies all met for <TaskInstance: dag_with_taskflow_api_v02.get_name scheduled__2022-04-02T00:00:00+00:00 [queued]>
[2023-12-04 13:38:42,283] {taskinstance.py:1037} INFO - Dependencies all met for <TaskInstance: dag_with_taskflow_api_v02.get_name scheduled__2022-04-02T00:00:00+00:00 [queued]>
[2023-12-04 13:38:42,283] {taskinstance.py:1243} INFO - 
--------------------------------------------------------------------------------
[2023-12-04 13:38:42,284] {taskinstance.py:1244} INFO - Starting attempt 1 of 6
[2023-12-04 13:38:42,284] {taskinstance.py:1245} INFO - 
--------------------------------------------------------------------------------
[2023-12-04 13:38:42,304] {taskinstance.py:1264} INFO - Executing <Task(_PythonDecoratedOperator): get_name> on 2022-04-02 00:00:00+00:00
[2023-12-04 13:38:42,316] {standard_task_runner.py:52} INFO - Started process 9389 to run task
[2023-12-04 13:38:42,320] {standard_task_runner.py:76} INFO - Running: ['***', 'tasks', 'run', 'dag_with_taskflow_api_v02', 'get_name', 'scheduled__2022-04-02T00:00:00+00:00', '--job-id', '1022', '--raw', '--subdir', 'DAGS_FOLDER/dag_with_taskflow_api.py', '--cfg-path', '/tmp/tmpv44o9t74', '--error-file', '/tmp/tmpk3hm_8ds']
[2023-12-04 13:38:42,321] {standard_task_runner.py:77} INFO - Job 1022: Subtask get_name
[2023-12-04 13:38:42,431] {logging_mixin.py:109} INFO - Running <TaskInstance: dag_with_taskflow_api_v02.get_name scheduled__2022-04-02T00:00:00+00:00 [running]> on host 9953e82db65e
[2023-12-04 13:38:42,550] {taskinstance.py:1431} INFO - Exporting the following env vars:
AIRFLOW_CTX_DAG_OWNER=Ali
AIRFLOW_CTX_DAG_ID=dag_with_taskflow_api_v02
AIRFLOW_CTX_TASK_ID=get_name
AIRFLOW_CTX_EXECUTION_DATE=2022-04-02T00:00:00+00:00
AIRFLOW_CTX_DAG_RUN_ID=scheduled__2022-04-02T00:00:00+00:00
[2023-12-04 13:38:42,551] {python.py:175} INFO - Done. Returned value was: {'first_name': 'Ali', 'last_name': 'Mokh'}
[2023-12-04 13:38:42,760] {taskinstance.py:1282} INFO - Marking task as SUCCESS. dag_id=dag_with_taskflow_api_v02, task_id=get_name, execution_date=20220402T000000, start_date=20231204T133842, end_date=20231204T133842
[2023-12-04 13:38:42,821] {local_task_job.py:154} INFO - Task exited with return code 0
[2023-12-04 13:38:42,866] {local_task_job.py:264} INFO - 0 downstream tasks scheduled from follow-on schedule check
