[2023-12-04 13:00:15,594] {taskinstance.py:1037} INFO - Dependencies all met for <TaskInstance: our_dag_with_python_operator_v05.get_name manual__2023-12-04T13:00:15.038592+00:00 [queued]>
[2023-12-04 13:00:15,602] {taskinstance.py:1037} INFO - Dependencies all met for <TaskInstance: our_dag_with_python_operator_v05.get_name manual__2023-12-04T13:00:15.038592+00:00 [queued]>
[2023-12-04 13:00:15,602] {taskinstance.py:1243} INFO - 
--------------------------------------------------------------------------------
[2023-12-04 13:00:15,603] {taskinstance.py:1244} INFO - Starting attempt 1 of 6
[2023-12-04 13:00:15,603] {taskinstance.py:1245} INFO - 
--------------------------------------------------------------------------------
[2023-12-04 13:00:15,615] {taskinstance.py:1264} INFO - Executing <Task(PythonOperator): get_name> on 2023-12-04 13:00:15.038592+00:00
[2023-12-04 13:00:15,617] {standard_task_runner.py:52} INFO - Started process 4789 to run task
[2023-12-04 13:00:15,620] {standard_task_runner.py:76} INFO - Running: ['***', 'tasks', 'run', 'our_dag_with_python_operator_v05', 'get_name', 'manual__2023-12-04T13:00:15.038592+00:00', '--job-id', '68', '--raw', '--subdir', 'DAGS_FOLDER/create_dag_with_python_operator.py', '--cfg-path', '/tmp/tmpgnqthqa4', '--error-file', '/tmp/tmpe5j2lj7g']
[2023-12-04 13:00:15,621] {standard_task_runner.py:77} INFO - Job 68: Subtask get_name
[2023-12-04 13:00:15,661] {logging_mixin.py:109} INFO - Running <TaskInstance: our_dag_with_python_operator_v05.get_name manual__2023-12-04T13:00:15.038592+00:00 [running]> on host 9953e82db65e
[2023-12-04 13:00:15,703] {taskinstance.py:1431} INFO - Exporting the following env vars:
AIRFLOW_CTX_DAG_OWNER=Ali
AIRFLOW_CTX_DAG_ID=our_dag_with_python_operator_v05
AIRFLOW_CTX_TASK_ID=get_name
AIRFLOW_CTX_EXECUTION_DATE=2023-12-04T13:00:15.038592+00:00
AIRFLOW_CTX_DAG_RUN_ID=manual__2023-12-04T13:00:15.038592+00:00
[2023-12-04 13:00:15,719] {python.py:175} INFO - Done. Returned value was: None
[2023-12-04 13:00:15,729] {taskinstance.py:1282} INFO - Marking task as SUCCESS. dag_id=our_dag_with_python_operator_v05, task_id=get_name, execution_date=20231204T130015, start_date=20231204T130015, end_date=20231204T130015
[2023-12-04 13:00:15,753] {local_task_job.py:154} INFO - Task exited with return code 0
[2023-12-04 13:00:15,775] {local_task_job.py:264} INFO - 1 downstream tasks scheduled from follow-on schedule check
