[2023-11-30 13:33:29,987] {taskinstance.py:1037} INFO - Dependencies all met for <TaskInstance: our_first_dag_v3.third_task scheduled__2023-10-02T00:00:00+00:00 [queued]>
[2023-11-30 13:33:30,004] {taskinstance.py:1037} INFO - Dependencies all met for <TaskInstance: our_first_dag_v3.third_task scheduled__2023-10-02T00:00:00+00:00 [queued]>
[2023-11-30 13:33:30,005] {taskinstance.py:1243} INFO - 
--------------------------------------------------------------------------------
[2023-11-30 13:33:30,005] {taskinstance.py:1244} INFO - Starting attempt 1 of 6
[2023-11-30 13:33:30,005] {taskinstance.py:1245} INFO - 
--------------------------------------------------------------------------------
[2023-11-30 13:33:30,032] {taskinstance.py:1264} INFO - Executing <Task(BashOperator): third_task> on 2023-10-02 00:00:00+00:00
[2023-11-30 13:33:30,042] {standard_task_runner.py:52} INFO - Started process 5735 to run task
[2023-11-30 13:33:30,047] {standard_task_runner.py:76} INFO - Running: ['***', 'tasks', 'run', 'our_first_dag_v3', 'third_task', 'scheduled__2023-10-02T00:00:00+00:00', '--job-id', '451', '--raw', '--subdir', 'DAGS_FOLDER/our_first_dag.py', '--cfg-path', '/tmp/tmp7la7leh2', '--error-file', '/tmp/tmpp_s0jb3f']
[2023-11-30 13:33:30,048] {standard_task_runner.py:77} INFO - Job 451: Subtask third_task
[2023-11-30 13:33:30,335] {logging_mixin.py:109} INFO - Running <TaskInstance: our_first_dag_v3.third_task scheduled__2023-10-02T00:00:00+00:00 [running]> on host 08735726aeda
[2023-11-30 13:33:30,614] {taskinstance.py:1431} INFO - Exporting the following env vars:
AIRFLOW_CTX_DAG_OWNER=Ali
AIRFLOW_CTX_DAG_ID=our_first_dag_v3
AIRFLOW_CTX_TASK_ID=third_task
AIRFLOW_CTX_EXECUTION_DATE=2023-10-02T00:00:00+00:00
AIRFLOW_CTX_DAG_RUN_ID=scheduled__2023-10-02T00:00:00+00:00
[2023-11-30 13:33:30,618] {subprocess.py:62} INFO - Tmp dir root location: 
 /tmp
[2023-11-30 13:33:30,619] {subprocess.py:74} INFO - Running command: ['bash', '-c', 'echo hello world, this is the third task!']
[2023-11-30 13:33:30,630] {subprocess.py:85} INFO - Output:
[2023-11-30 13:33:30,639] {subprocess.py:89} INFO - hello world, this is the third task!
[2023-11-30 13:33:30,642] {subprocess.py:93} INFO - Command exited with return code 0
[2023-11-30 13:33:30,878] {taskinstance.py:1282} INFO - Marking task as SUCCESS. dag_id=our_first_dag_v3, task_id=third_task, execution_date=20231002T000000, start_date=20231130T133329, end_date=20231130T133330
[2023-11-30 13:33:30,940] {local_task_job.py:154} INFO - Task exited with return code 0
[2023-11-30 13:33:31,043] {local_task_job.py:264} INFO - 0 downstream tasks scheduled from follow-on schedule check
