[2023-11-30 13:33:28,013] {taskinstance.py:1037} INFO - Dependencies all met for <TaskInstance: our_first_dag_v3.third_task scheduled__2023-09-27T00:00:00+00:00 [queued]>
[2023-11-30 13:33:28,039] {taskinstance.py:1037} INFO - Dependencies all met for <TaskInstance: our_first_dag_v3.third_task scheduled__2023-09-27T00:00:00+00:00 [queued]>
[2023-11-30 13:33:28,040] {taskinstance.py:1243} INFO - 
--------------------------------------------------------------------------------
[2023-11-30 13:33:28,041] {taskinstance.py:1244} INFO - Starting attempt 1 of 6
[2023-11-30 13:33:28,041] {taskinstance.py:1245} INFO - 
--------------------------------------------------------------------------------
[2023-11-30 13:33:28,075] {taskinstance.py:1264} INFO - Executing <Task(BashOperator): third_task> on 2023-09-27 00:00:00+00:00
[2023-11-30 13:33:28,080] {standard_task_runner.py:52} INFO - Started process 5692 to run task
[2023-11-30 13:33:28,099] {standard_task_runner.py:76} INFO - Running: ['***', 'tasks', 'run', 'our_first_dag_v3', 'third_task', 'scheduled__2023-09-27T00:00:00+00:00', '--job-id', '434', '--raw', '--subdir', 'DAGS_FOLDER/our_first_dag.py', '--cfg-path', '/tmp/tmpamtp8vmp', '--error-file', '/tmp/tmpd0is8lxi']
[2023-11-30 13:33:28,100] {standard_task_runner.py:77} INFO - Job 434: Subtask third_task
[2023-11-30 13:33:28,383] {logging_mixin.py:109} INFO - Running <TaskInstance: our_first_dag_v3.third_task scheduled__2023-09-27T00:00:00+00:00 [running]> on host 08735726aeda
[2023-11-30 13:33:28,569] {taskinstance.py:1431} INFO - Exporting the following env vars:
AIRFLOW_CTX_DAG_OWNER=Ali
AIRFLOW_CTX_DAG_ID=our_first_dag_v3
AIRFLOW_CTX_TASK_ID=third_task
AIRFLOW_CTX_EXECUTION_DATE=2023-09-27T00:00:00+00:00
AIRFLOW_CTX_DAG_RUN_ID=scheduled__2023-09-27T00:00:00+00:00
[2023-11-30 13:33:28,570] {subprocess.py:62} INFO - Tmp dir root location: 
 /tmp
[2023-11-30 13:33:28,571] {subprocess.py:74} INFO - Running command: ['bash', '-c', 'echo hello world, this is the third task!']
[2023-11-30 13:33:28,593] {subprocess.py:85} INFO - Output:
[2023-11-30 13:33:28,598] {subprocess.py:89} INFO - hello world, this is the third task!
[2023-11-30 13:33:28,599] {subprocess.py:93} INFO - Command exited with return code 0
[2023-11-30 13:33:28,715] {taskinstance.py:1282} INFO - Marking task as SUCCESS. dag_id=our_first_dag_v3, task_id=third_task, execution_date=20230927T000000, start_date=20231130T133328, end_date=20231130T133328
[2023-11-30 13:33:28,806] {local_task_job.py:154} INFO - Task exited with return code 0
[2023-11-30 13:33:28,909] {local_task_job.py:264} INFO - 0 downstream tasks scheduled from follow-on schedule check
